[2024-05-15T10:12:31.952+0000] {processor.py:161} INFO - Started process (PID=30) to work on /opt/airflow/dags/dag_aribyte_ex.py
[2024-05-15T10:12:31.953+0000] {processor.py:830} INFO - Processing file /opt/airflow/dags/dag_aribyte_ex.py for tasks to queue
[2024-05-15T10:12:31.956+0000] {logging_mixin.py:188} INFO - [2024-05-15T10:12:31.955+0000] {dagbag.py:540} INFO - Filling up the DagBag from /opt/airflow/dags/dag_aribyte_ex.py
[2024-05-15T10:12:31.977+0000] {processor.py:840} INFO - DAG(s) 'trigger_airbyte_job_example' retrieved from /opt/airflow/dags/dag_aribyte_ex.py
[2024-05-15T10:12:32.227+0000] {logging_mixin.py:188} INFO - [2024-05-15T10:12:32.227+0000] {dag.py:3096} INFO - Sync 1 DAGs
[2024-05-15T10:12:32.268+0000] {logging_mixin.py:188} INFO - [2024-05-15T10:12:32.267+0000] {dag.py:3954} INFO - Setting next_dagrun for trigger_airbyte_job_example to 2024-05-14 00:00:00+00:00, run_after=2024-05-15 00:00:00+00:00
[2024-05-15T10:12:32.299+0000] {processor.py:183} INFO - Processing /opt/airflow/dags/dag_aribyte_ex.py took 0.358 seconds
[2024-05-15T10:13:02.496+0000] {processor.py:161} INFO - Started process (PID=101) to work on /opt/airflow/dags/dag_aribyte_ex.py
[2024-05-15T10:13:02.498+0000] {processor.py:830} INFO - Processing file /opt/airflow/dags/dag_aribyte_ex.py for tasks to queue
[2024-05-15T10:13:02.500+0000] {logging_mixin.py:188} INFO - [2024-05-15T10:13:02.500+0000] {dagbag.py:540} INFO - Filling up the DagBag from /opt/airflow/dags/dag_aribyte_ex.py
[2024-05-15T10:13:02.509+0000] {processor.py:840} INFO - DAG(s) 'trigger_airbyte_job_example' retrieved from /opt/airflow/dags/dag_aribyte_ex.py
[2024-05-15T10:13:02.539+0000] {logging_mixin.py:188} INFO - [2024-05-15T10:13:02.539+0000] {dag.py:3096} INFO - Sync 1 DAGs
[2024-05-15T10:13:02.573+0000] {logging_mixin.py:188} INFO - [2024-05-15T10:13:02.572+0000] {dag.py:3954} INFO - Setting next_dagrun for trigger_airbyte_job_example to 2024-05-15 00:00:00+00:00, run_after=2024-05-16 00:00:00+00:00
[2024-05-15T10:13:02.597+0000] {processor.py:183} INFO - Processing /opt/airflow/dags/dag_aribyte_ex.py took 0.108 seconds
[2024-05-15T10:13:32.768+0000] {processor.py:161} INFO - Started process (PID=160) to work on /opt/airflow/dags/dag_aribyte_ex.py
[2024-05-15T10:13:32.771+0000] {processor.py:830} INFO - Processing file /opt/airflow/dags/dag_aribyte_ex.py for tasks to queue
[2024-05-15T10:13:32.773+0000] {logging_mixin.py:188} INFO - [2024-05-15T10:13:32.772+0000] {dagbag.py:540} INFO - Filling up the DagBag from /opt/airflow/dags/dag_aribyte_ex.py
[2024-05-15T10:13:32.781+0000] {processor.py:840} INFO - DAG(s) 'trigger_airbyte_job_example' retrieved from /opt/airflow/dags/dag_aribyte_ex.py
[2024-05-15T10:13:32.805+0000] {logging_mixin.py:188} INFO - [2024-05-15T10:13:32.805+0000] {dag.py:3096} INFO - Sync 1 DAGs
[2024-05-15T10:13:32.830+0000] {logging_mixin.py:188} INFO - [2024-05-15T10:13:32.830+0000] {dag.py:3954} INFO - Setting next_dagrun for trigger_airbyte_job_example to 2024-05-15 00:00:00+00:00, run_after=2024-05-16 00:00:00+00:00
[2024-05-15T10:13:32.851+0000] {processor.py:183} INFO - Processing /opt/airflow/dags/dag_aribyte_ex.py took 0.089 seconds
[2024-05-15T10:14:02.997+0000] {processor.py:161} INFO - Started process (PID=219) to work on /opt/airflow/dags/dag_aribyte_ex.py
[2024-05-15T10:14:02.997+0000] {processor.py:830} INFO - Processing file /opt/airflow/dags/dag_aribyte_ex.py for tasks to queue
[2024-05-15T10:14:02.999+0000] {logging_mixin.py:188} INFO - [2024-05-15T10:14:02.998+0000] {dagbag.py:540} INFO - Filling up the DagBag from /opt/airflow/dags/dag_aribyte_ex.py
[2024-05-15T10:14:03.007+0000] {processor.py:840} INFO - DAG(s) 'trigger_airbyte_job_example' retrieved from /opt/airflow/dags/dag_aribyte_ex.py
[2024-05-15T10:14:03.031+0000] {logging_mixin.py:188} INFO - [2024-05-15T10:14:03.031+0000] {dag.py:3096} INFO - Sync 1 DAGs
[2024-05-15T10:14:03.054+0000] {logging_mixin.py:188} INFO - [2024-05-15T10:14:03.053+0000] {dag.py:3954} INFO - Setting next_dagrun for trigger_airbyte_job_example to 2024-05-15 00:00:00+00:00, run_after=2024-05-16 00:00:00+00:00
[2024-05-15T10:14:03.074+0000] {processor.py:183} INFO - Processing /opt/airflow/dags/dag_aribyte_ex.py took 0.083 seconds
[2024-05-15T10:14:33.299+0000] {processor.py:161} INFO - Started process (PID=279) to work on /opt/airflow/dags/dag_aribyte_ex.py
[2024-05-15T10:14:33.300+0000] {processor.py:830} INFO - Processing file /opt/airflow/dags/dag_aribyte_ex.py for tasks to queue
[2024-05-15T10:14:33.302+0000] {logging_mixin.py:188} INFO - [2024-05-15T10:14:33.302+0000] {dagbag.py:540} INFO - Filling up the DagBag from /opt/airflow/dags/dag_aribyte_ex.py
[2024-05-15T10:14:33.311+0000] {processor.py:840} INFO - DAG(s) 'trigger_airbyte_job_example' retrieved from /opt/airflow/dags/dag_aribyte_ex.py
[2024-05-15T10:14:33.334+0000] {logging_mixin.py:188} INFO - [2024-05-15T10:14:33.334+0000] {dag.py:3096} INFO - Sync 1 DAGs
[2024-05-15T10:14:33.356+0000] {logging_mixin.py:188} INFO - [2024-05-15T10:14:33.356+0000] {dag.py:3954} INFO - Setting next_dagrun for trigger_airbyte_job_example to 2024-05-15 00:00:00+00:00, run_after=2024-05-16 00:00:00+00:00
[2024-05-15T10:14:33.376+0000] {processor.py:183} INFO - Processing /opt/airflow/dags/dag_aribyte_ex.py took 0.082 seconds
[2024-05-15T10:15:03.607+0000] {processor.py:161} INFO - Started process (PID=338) to work on /opt/airflow/dags/dag_aribyte_ex.py
[2024-05-15T10:15:03.609+0000] {processor.py:830} INFO - Processing file /opt/airflow/dags/dag_aribyte_ex.py for tasks to queue
[2024-05-15T10:15:03.611+0000] {logging_mixin.py:188} INFO - [2024-05-15T10:15:03.611+0000] {dagbag.py:540} INFO - Filling up the DagBag from /opt/airflow/dags/dag_aribyte_ex.py
[2024-05-15T10:15:03.621+0000] {processor.py:840} INFO - DAG(s) 'trigger_airbyte_job_example' retrieved from /opt/airflow/dags/dag_aribyte_ex.py
[2024-05-15T10:15:03.644+0000] {logging_mixin.py:188} INFO - [2024-05-15T10:15:03.644+0000] {dag.py:3096} INFO - Sync 1 DAGs
[2024-05-15T10:15:03.661+0000] {logging_mixin.py:188} INFO - [2024-05-15T10:15:03.661+0000] {dag.py:3954} INFO - Setting next_dagrun for trigger_airbyte_job_example to 2024-05-15 00:00:00+00:00, run_after=2024-05-16 00:00:00+00:00
[2024-05-15T10:15:03.681+0000] {processor.py:183} INFO - Processing /opt/airflow/dags/dag_aribyte_ex.py took 0.078 seconds
[2024-05-15T10:15:34.315+0000] {processor.py:161} INFO - Started process (PID=397) to work on /opt/airflow/dags/dag_aribyte_ex.py
[2024-05-15T10:15:34.316+0000] {processor.py:830} INFO - Processing file /opt/airflow/dags/dag_aribyte_ex.py for tasks to queue
[2024-05-15T10:15:34.318+0000] {logging_mixin.py:188} INFO - [2024-05-15T10:15:34.318+0000] {dagbag.py:540} INFO - Filling up the DagBag from /opt/airflow/dags/dag_aribyte_ex.py
[2024-05-15T10:15:34.327+0000] {processor.py:840} INFO - DAG(s) 'trigger_airbyte_job_example' retrieved from /opt/airflow/dags/dag_aribyte_ex.py
[2024-05-15T10:15:34.353+0000] {logging_mixin.py:188} INFO - [2024-05-15T10:15:34.353+0000] {dag.py:3096} INFO - Sync 1 DAGs
[2024-05-15T10:15:34.376+0000] {logging_mixin.py:188} INFO - [2024-05-15T10:15:34.376+0000] {dag.py:3954} INFO - Setting next_dagrun for trigger_airbyte_job_example to 2024-05-15 00:00:00+00:00, run_after=2024-05-16 00:00:00+00:00
[2024-05-15T10:15:34.399+0000] {processor.py:183} INFO - Processing /opt/airflow/dags/dag_aribyte_ex.py took 0.089 seconds
[2024-05-15T10:16:04.854+0000] {processor.py:161} INFO - Started process (PID=456) to work on /opt/airflow/dags/dag_aribyte_ex.py
[2024-05-15T10:16:04.861+0000] {processor.py:830} INFO - Processing file /opt/airflow/dags/dag_aribyte_ex.py for tasks to queue
[2024-05-15T10:16:04.864+0000] {logging_mixin.py:188} INFO - [2024-05-15T10:16:04.863+0000] {dagbag.py:540} INFO - Filling up the DagBag from /opt/airflow/dags/dag_aribyte_ex.py
[2024-05-15T10:16:04.874+0000] {processor.py:840} INFO - DAG(s) 'trigger_airbyte_job_example' retrieved from /opt/airflow/dags/dag_aribyte_ex.py
[2024-05-15T10:16:04.894+0000] {logging_mixin.py:188} INFO - [2024-05-15T10:16:04.894+0000] {dag.py:3096} INFO - Sync 1 DAGs
[2024-05-15T10:16:04.915+0000] {logging_mixin.py:188} INFO - [2024-05-15T10:16:04.915+0000] {dag.py:3954} INFO - Setting next_dagrun for trigger_airbyte_job_example to 2024-05-15 00:00:00+00:00, run_after=2024-05-16 00:00:00+00:00
[2024-05-15T10:16:04.933+0000] {processor.py:183} INFO - Processing /opt/airflow/dags/dag_aribyte_ex.py took 0.086 seconds
[2024-05-15T10:16:35.018+0000] {processor.py:161} INFO - Started process (PID=515) to work on /opt/airflow/dags/dag_aribyte_ex.py
[2024-05-15T10:16:35.020+0000] {processor.py:830} INFO - Processing file /opt/airflow/dags/dag_aribyte_ex.py for tasks to queue
[2024-05-15T10:16:35.022+0000] {logging_mixin.py:188} INFO - [2024-05-15T10:16:35.022+0000] {dagbag.py:540} INFO - Filling up the DagBag from /opt/airflow/dags/dag_aribyte_ex.py
[2024-05-15T10:16:35.031+0000] {processor.py:840} INFO - DAG(s) 'trigger_airbyte_job_example' retrieved from /opt/airflow/dags/dag_aribyte_ex.py
[2024-05-15T10:16:35.052+0000] {logging_mixin.py:188} INFO - [2024-05-15T10:16:35.052+0000] {dag.py:3096} INFO - Sync 1 DAGs
[2024-05-15T10:16:35.075+0000] {logging_mixin.py:188} INFO - [2024-05-15T10:16:35.074+0000] {dag.py:3954} INFO - Setting next_dagrun for trigger_airbyte_job_example to 2024-05-15 00:00:00+00:00, run_after=2024-05-16 00:00:00+00:00
[2024-05-15T10:16:35.094+0000] {processor.py:183} INFO - Processing /opt/airflow/dags/dag_aribyte_ex.py took 0.082 seconds
[2024-05-15T10:17:05.282+0000] {processor.py:161} INFO - Started process (PID=574) to work on /opt/airflow/dags/dag_aribyte_ex.py
[2024-05-15T10:17:05.290+0000] {processor.py:830} INFO - Processing file /opt/airflow/dags/dag_aribyte_ex.py for tasks to queue
[2024-05-15T10:17:05.292+0000] {logging_mixin.py:188} INFO - [2024-05-15T10:17:05.292+0000] {dagbag.py:540} INFO - Filling up the DagBag from /opt/airflow/dags/dag_aribyte_ex.py
[2024-05-15T10:17:05.302+0000] {processor.py:840} INFO - DAG(s) 'trigger_airbyte_job_example' retrieved from /opt/airflow/dags/dag_aribyte_ex.py
[2024-05-15T10:17:05.324+0000] {logging_mixin.py:188} INFO - [2024-05-15T10:17:05.323+0000] {dag.py:3096} INFO - Sync 1 DAGs
[2024-05-15T10:17:05.350+0000] {logging_mixin.py:188} INFO - [2024-05-15T10:17:05.350+0000] {dag.py:3954} INFO - Setting next_dagrun for trigger_airbyte_job_example to 2024-05-15 00:00:00+00:00, run_after=2024-05-16 00:00:00+00:00
[2024-05-15T10:17:05.370+0000] {processor.py:183} INFO - Processing /opt/airflow/dags/dag_aribyte_ex.py took 0.095 seconds
[2024-05-15T10:17:35.481+0000] {processor.py:161} INFO - Started process (PID=633) to work on /opt/airflow/dags/dag_aribyte_ex.py
[2024-05-15T10:17:35.482+0000] {processor.py:830} INFO - Processing file /opt/airflow/dags/dag_aribyte_ex.py for tasks to queue
[2024-05-15T10:17:35.484+0000] {logging_mixin.py:188} INFO - [2024-05-15T10:17:35.483+0000] {dagbag.py:540} INFO - Filling up the DagBag from /opt/airflow/dags/dag_aribyte_ex.py
[2024-05-15T10:17:35.492+0000] {processor.py:840} INFO - DAG(s) 'trigger_airbyte_job_example' retrieved from /opt/airflow/dags/dag_aribyte_ex.py
[2024-05-15T10:17:35.514+0000] {logging_mixin.py:188} INFO - [2024-05-15T10:17:35.513+0000] {dag.py:3096} INFO - Sync 1 DAGs
[2024-05-15T10:17:35.534+0000] {logging_mixin.py:188} INFO - [2024-05-15T10:17:35.534+0000] {dag.py:3954} INFO - Setting next_dagrun for trigger_airbyte_job_example to 2024-05-15 00:00:00+00:00, run_after=2024-05-16 00:00:00+00:00
[2024-05-15T10:17:35.550+0000] {processor.py:183} INFO - Processing /opt/airflow/dags/dag_aribyte_ex.py took 0.075 seconds
[2024-05-15T10:18:05.844+0000] {processor.py:161} INFO - Started process (PID=692) to work on /opt/airflow/dags/dag_aribyte_ex.py
[2024-05-15T10:18:05.845+0000] {processor.py:830} INFO - Processing file /opt/airflow/dags/dag_aribyte_ex.py for tasks to queue
[2024-05-15T10:18:05.847+0000] {logging_mixin.py:188} INFO - [2024-05-15T10:18:05.847+0000] {dagbag.py:540} INFO - Filling up the DagBag from /opt/airflow/dags/dag_aribyte_ex.py
[2024-05-15T10:18:05.857+0000] {processor.py:840} INFO - DAG(s) 'trigger_airbyte_job_example' retrieved from /opt/airflow/dags/dag_aribyte_ex.py
[2024-05-15T10:18:05.876+0000] {logging_mixin.py:188} INFO - [2024-05-15T10:18:05.875+0000] {dag.py:3096} INFO - Sync 1 DAGs
[2024-05-15T10:18:05.893+0000] {logging_mixin.py:188} INFO - [2024-05-15T10:18:05.893+0000] {dag.py:3954} INFO - Setting next_dagrun for trigger_airbyte_job_example to 2024-05-15 00:00:00+00:00, run_after=2024-05-16 00:00:00+00:00
[2024-05-15T10:18:05.910+0000] {processor.py:183} INFO - Processing /opt/airflow/dags/dag_aribyte_ex.py took 0.074 seconds
[2024-05-15T10:18:36.721+0000] {processor.py:161} INFO - Started process (PID=751) to work on /opt/airflow/dags/dag_aribyte_ex.py
[2024-05-15T10:18:36.725+0000] {processor.py:830} INFO - Processing file /opt/airflow/dags/dag_aribyte_ex.py for tasks to queue
[2024-05-15T10:18:36.727+0000] {logging_mixin.py:188} INFO - [2024-05-15T10:18:36.727+0000] {dagbag.py:540} INFO - Filling up the DagBag from /opt/airflow/dags/dag_aribyte_ex.py
[2024-05-15T10:18:36.738+0000] {processor.py:840} INFO - DAG(s) 'trigger_airbyte_job_example' retrieved from /opt/airflow/dags/dag_aribyte_ex.py
[2024-05-15T10:18:36.760+0000] {logging_mixin.py:188} INFO - [2024-05-15T10:18:36.760+0000] {dag.py:3096} INFO - Sync 1 DAGs
[2024-05-15T10:18:36.779+0000] {logging_mixin.py:188} INFO - [2024-05-15T10:18:36.779+0000] {dag.py:3954} INFO - Setting next_dagrun for trigger_airbyte_job_example to 2024-05-15 00:00:00+00:00, run_after=2024-05-16 00:00:00+00:00
[2024-05-15T10:18:36.797+0000] {processor.py:183} INFO - Processing /opt/airflow/dags/dag_aribyte_ex.py took 0.089 seconds
[2024-05-15T10:19:06.864+0000] {processor.py:161} INFO - Started process (PID=810) to work on /opt/airflow/dags/dag_aribyte_ex.py
[2024-05-15T10:19:06.866+0000] {processor.py:830} INFO - Processing file /opt/airflow/dags/dag_aribyte_ex.py for tasks to queue
[2024-05-15T10:19:06.868+0000] {logging_mixin.py:188} INFO - [2024-05-15T10:19:06.867+0000] {dagbag.py:540} INFO - Filling up the DagBag from /opt/airflow/dags/dag_aribyte_ex.py
[2024-05-15T10:19:06.877+0000] {processor.py:840} INFO - DAG(s) 'trigger_airbyte_job_example' retrieved from /opt/airflow/dags/dag_aribyte_ex.py
[2024-05-15T10:19:06.901+0000] {logging_mixin.py:188} INFO - [2024-05-15T10:19:06.900+0000] {dag.py:3096} INFO - Sync 1 DAGs
[2024-05-15T10:19:06.920+0000] {logging_mixin.py:188} INFO - [2024-05-15T10:19:06.920+0000] {dag.py:3954} INFO - Setting next_dagrun for trigger_airbyte_job_example to 2024-05-15 00:00:00+00:00, run_after=2024-05-16 00:00:00+00:00
[2024-05-15T10:19:07.075+0000] {processor.py:183} INFO - Processing /opt/airflow/dags/dag_aribyte_ex.py took 0.219 seconds
[2024-05-15T10:19:37.457+0000] {processor.py:161} INFO - Started process (PID=869) to work on /opt/airflow/dags/dag_aribyte_ex.py
[2024-05-15T10:19:37.459+0000] {processor.py:830} INFO - Processing file /opt/airflow/dags/dag_aribyte_ex.py for tasks to queue
[2024-05-15T10:19:37.461+0000] {logging_mixin.py:188} INFO - [2024-05-15T10:19:37.461+0000] {dagbag.py:540} INFO - Filling up the DagBag from /opt/airflow/dags/dag_aribyte_ex.py
[2024-05-15T10:19:37.471+0000] {processor.py:840} INFO - DAG(s) 'trigger_airbyte_job_example' retrieved from /opt/airflow/dags/dag_aribyte_ex.py
[2024-05-15T10:19:37.494+0000] {logging_mixin.py:188} INFO - [2024-05-15T10:19:37.494+0000] {dag.py:3096} INFO - Sync 1 DAGs
[2024-05-15T10:19:37.513+0000] {logging_mixin.py:188} INFO - [2024-05-15T10:19:37.513+0000] {dag.py:3954} INFO - Setting next_dagrun for trigger_airbyte_job_example to 2024-05-15 00:00:00+00:00, run_after=2024-05-16 00:00:00+00:00
[2024-05-15T10:19:37.529+0000] {processor.py:183} INFO - Processing /opt/airflow/dags/dag_aribyte_ex.py took 0.078 seconds
[2024-05-15T10:20:07.985+0000] {processor.py:161} INFO - Started process (PID=928) to work on /opt/airflow/dags/dag_aribyte_ex.py
[2024-05-15T10:20:07.994+0000] {processor.py:830} INFO - Processing file /opt/airflow/dags/dag_aribyte_ex.py for tasks to queue
[2024-05-15T10:20:07.995+0000] {logging_mixin.py:188} INFO - [2024-05-15T10:20:07.995+0000] {dagbag.py:540} INFO - Filling up the DagBag from /opt/airflow/dags/dag_aribyte_ex.py
[2024-05-15T10:20:08.006+0000] {processor.py:840} INFO - DAG(s) 'trigger_airbyte_job_example' retrieved from /opt/airflow/dags/dag_aribyte_ex.py
[2024-05-15T10:20:08.027+0000] {logging_mixin.py:188} INFO - [2024-05-15T10:20:08.027+0000] {dag.py:3096} INFO - Sync 1 DAGs
[2024-05-15T10:20:08.047+0000] {logging_mixin.py:188} INFO - [2024-05-15T10:20:08.046+0000] {dag.py:3954} INFO - Setting next_dagrun for trigger_airbyte_job_example to 2024-05-15 00:00:00+00:00, run_after=2024-05-16 00:00:00+00:00
[2024-05-15T10:20:08.065+0000] {processor.py:183} INFO - Processing /opt/airflow/dags/dag_aribyte_ex.py took 0.089 seconds
[2024-05-15T10:20:38.872+0000] {processor.py:161} INFO - Started process (PID=987) to work on /opt/airflow/dags/dag_aribyte_ex.py
[2024-05-15T10:20:38.873+0000] {processor.py:830} INFO - Processing file /opt/airflow/dags/dag_aribyte_ex.py for tasks to queue
[2024-05-15T10:20:38.875+0000] {logging_mixin.py:188} INFO - [2024-05-15T10:20:38.875+0000] {dagbag.py:540} INFO - Filling up the DagBag from /opt/airflow/dags/dag_aribyte_ex.py
[2024-05-15T10:20:38.886+0000] {processor.py:840} INFO - DAG(s) 'trigger_airbyte_job_example' retrieved from /opt/airflow/dags/dag_aribyte_ex.py
[2024-05-15T10:20:38.911+0000] {logging_mixin.py:188} INFO - [2024-05-15T10:20:38.910+0000] {dag.py:3096} INFO - Sync 1 DAGs
[2024-05-15T10:20:38.928+0000] {logging_mixin.py:188} INFO - [2024-05-15T10:20:38.928+0000] {dag.py:3954} INFO - Setting next_dagrun for trigger_airbyte_job_example to 2024-05-15 00:00:00+00:00, run_after=2024-05-16 00:00:00+00:00
[2024-05-15T10:20:38.944+0000] {processor.py:183} INFO - Processing /opt/airflow/dags/dag_aribyte_ex.py took 0.079 seconds
[2024-05-15T10:21:09.151+0000] {processor.py:161} INFO - Started process (PID=1046) to work on /opt/airflow/dags/dag_aribyte_ex.py
[2024-05-15T10:21:09.169+0000] {processor.py:830} INFO - Processing file /opt/airflow/dags/dag_aribyte_ex.py for tasks to queue
[2024-05-15T10:21:09.171+0000] {logging_mixin.py:188} INFO - [2024-05-15T10:21:09.170+0000] {dagbag.py:540} INFO - Filling up the DagBag from /opt/airflow/dags/dag_aribyte_ex.py
[2024-05-15T10:21:09.178+0000] {processor.py:840} INFO - DAG(s) 'trigger_airbyte_job_example' retrieved from /opt/airflow/dags/dag_aribyte_ex.py
[2024-05-15T10:21:09.199+0000] {logging_mixin.py:188} INFO - [2024-05-15T10:21:09.199+0000] {dag.py:3096} INFO - Sync 1 DAGs
[2024-05-15T10:21:09.218+0000] {logging_mixin.py:188} INFO - [2024-05-15T10:21:09.218+0000] {dag.py:3954} INFO - Setting next_dagrun for trigger_airbyte_job_example to 2024-05-15 00:00:00+00:00, run_after=2024-05-16 00:00:00+00:00
[2024-05-15T10:21:09.237+0000] {processor.py:183} INFO - Processing /opt/airflow/dags/dag_aribyte_ex.py took 0.092 seconds
[2024-05-15T10:21:39.286+0000] {processor.py:161} INFO - Started process (PID=1105) to work on /opt/airflow/dags/dag_aribyte_ex.py
[2024-05-15T10:21:39.289+0000] {processor.py:830} INFO - Processing file /opt/airflow/dags/dag_aribyte_ex.py for tasks to queue
[2024-05-15T10:21:39.291+0000] {logging_mixin.py:188} INFO - [2024-05-15T10:21:39.291+0000] {dagbag.py:540} INFO - Filling up the DagBag from /opt/airflow/dags/dag_aribyte_ex.py
[2024-05-15T10:21:39.298+0000] {processor.py:840} INFO - DAG(s) 'trigger_airbyte_job_example' retrieved from /opt/airflow/dags/dag_aribyte_ex.py
[2024-05-15T10:21:39.316+0000] {logging_mixin.py:188} INFO - [2024-05-15T10:21:39.315+0000] {dag.py:3096} INFO - Sync 1 DAGs
[2024-05-15T10:21:39.335+0000] {logging_mixin.py:188} INFO - [2024-05-15T10:21:39.335+0000] {dag.py:3954} INFO - Setting next_dagrun for trigger_airbyte_job_example to 2024-05-15 00:00:00+00:00, run_after=2024-05-16 00:00:00+00:00
[2024-05-15T10:21:39.363+0000] {processor.py:183} INFO - Processing /opt/airflow/dags/dag_aribyte_ex.py took 0.084 seconds
[2024-05-15T10:22:09.640+0000] {processor.py:161} INFO - Started process (PID=1164) to work on /opt/airflow/dags/dag_aribyte_ex.py
[2024-05-15T10:22:09.649+0000] {processor.py:830} INFO - Processing file /opt/airflow/dags/dag_aribyte_ex.py for tasks to queue
[2024-05-15T10:22:09.651+0000] {logging_mixin.py:188} INFO - [2024-05-15T10:22:09.651+0000] {dagbag.py:540} INFO - Filling up the DagBag from /opt/airflow/dags/dag_aribyte_ex.py
[2024-05-15T10:22:09.658+0000] {processor.py:840} INFO - DAG(s) 'trigger_airbyte_job_example' retrieved from /opt/airflow/dags/dag_aribyte_ex.py
[2024-05-15T10:22:09.677+0000] {logging_mixin.py:188} INFO - [2024-05-15T10:22:09.676+0000] {dag.py:3096} INFO - Sync 1 DAGs
[2024-05-15T10:22:09.697+0000] {logging_mixin.py:188} INFO - [2024-05-15T10:22:09.697+0000] {dag.py:3954} INFO - Setting next_dagrun for trigger_airbyte_job_example to 2024-05-15 00:00:00+00:00, run_after=2024-05-16 00:00:00+00:00
[2024-05-15T10:22:09.717+0000] {processor.py:183} INFO - Processing /opt/airflow/dags/dag_aribyte_ex.py took 0.084 seconds
[2024-05-15T10:22:40.608+0000] {processor.py:161} INFO - Started process (PID=1223) to work on /opt/airflow/dags/dag_aribyte_ex.py
[2024-05-15T10:22:40.617+0000] {processor.py:830} INFO - Processing file /opt/airflow/dags/dag_aribyte_ex.py for tasks to queue
[2024-05-15T10:22:40.619+0000] {logging_mixin.py:188} INFO - [2024-05-15T10:22:40.619+0000] {dagbag.py:540} INFO - Filling up the DagBag from /opt/airflow/dags/dag_aribyte_ex.py
[2024-05-15T10:22:40.626+0000] {processor.py:840} INFO - DAG(s) 'trigger_airbyte_job_example' retrieved from /opt/airflow/dags/dag_aribyte_ex.py
[2024-05-15T10:22:40.646+0000] {logging_mixin.py:188} INFO - [2024-05-15T10:22:40.646+0000] {dag.py:3096} INFO - Sync 1 DAGs
[2024-05-15T10:22:40.665+0000] {logging_mixin.py:188} INFO - [2024-05-15T10:22:40.665+0000] {dag.py:3954} INFO - Setting next_dagrun for trigger_airbyte_job_example to 2024-05-15 00:00:00+00:00, run_after=2024-05-16 00:00:00+00:00
[2024-05-15T10:22:40.683+0000] {processor.py:183} INFO - Processing /opt/airflow/dags/dag_aribyte_ex.py took 0.084 seconds
[2024-05-15T10:23:11.308+0000] {processor.py:161} INFO - Started process (PID=1282) to work on /opt/airflow/dags/dag_aribyte_ex.py
[2024-05-15T10:23:11.316+0000] {processor.py:830} INFO - Processing file /opt/airflow/dags/dag_aribyte_ex.py for tasks to queue
[2024-05-15T10:23:11.318+0000] {logging_mixin.py:188} INFO - [2024-05-15T10:23:11.318+0000] {dagbag.py:540} INFO - Filling up the DagBag from /opt/airflow/dags/dag_aribyte_ex.py
[2024-05-15T10:23:11.325+0000] {processor.py:840} INFO - DAG(s) 'trigger_airbyte_job_example' retrieved from /opt/airflow/dags/dag_aribyte_ex.py
[2024-05-15T10:23:11.344+0000] {logging_mixin.py:188} INFO - [2024-05-15T10:23:11.344+0000] {dag.py:3096} INFO - Sync 1 DAGs
[2024-05-15T10:23:11.363+0000] {logging_mixin.py:188} INFO - [2024-05-15T10:23:11.363+0000] {dag.py:3954} INFO - Setting next_dagrun for trigger_airbyte_job_example to 2024-05-15 00:00:00+00:00, run_after=2024-05-16 00:00:00+00:00
[2024-05-15T10:23:11.381+0000] {processor.py:183} INFO - Processing /opt/airflow/dags/dag_aribyte_ex.py took 0.078 seconds
[2024-05-15T10:23:42.260+0000] {processor.py:161} INFO - Started process (PID=1341) to work on /opt/airflow/dags/dag_aribyte_ex.py
[2024-05-15T10:23:42.269+0000] {processor.py:830} INFO - Processing file /opt/airflow/dags/dag_aribyte_ex.py for tasks to queue
[2024-05-15T10:23:42.271+0000] {logging_mixin.py:188} INFO - [2024-05-15T10:23:42.271+0000] {dagbag.py:540} INFO - Filling up the DagBag from /opt/airflow/dags/dag_aribyte_ex.py
[2024-05-15T10:23:42.281+0000] {processor.py:840} INFO - DAG(s) 'trigger_airbyte_job_example' retrieved from /opt/airflow/dags/dag_aribyte_ex.py
[2024-05-15T10:23:42.303+0000] {logging_mixin.py:188} INFO - [2024-05-15T10:23:42.303+0000] {dag.py:3096} INFO - Sync 1 DAGs
[2024-05-15T10:23:42.329+0000] {logging_mixin.py:188} INFO - [2024-05-15T10:23:42.328+0000] {dag.py:3954} INFO - Setting next_dagrun for trigger_airbyte_job_example to 2024-05-15 00:00:00+00:00, run_after=2024-05-16 00:00:00+00:00
[2024-05-15T10:23:42.349+0000] {processor.py:183} INFO - Processing /opt/airflow/dags/dag_aribyte_ex.py took 0.095 seconds
[2024-05-15T10:24:13.151+0000] {processor.py:161} INFO - Started process (PID=1400) to work on /opt/airflow/dags/dag_aribyte_ex.py
[2024-05-15T10:24:13.152+0000] {processor.py:830} INFO - Processing file /opt/airflow/dags/dag_aribyte_ex.py for tasks to queue
[2024-05-15T10:24:13.154+0000] {logging_mixin.py:188} INFO - [2024-05-15T10:24:13.153+0000] {dagbag.py:540} INFO - Filling up the DagBag from /opt/airflow/dags/dag_aribyte_ex.py
[2024-05-15T10:24:13.163+0000] {processor.py:840} INFO - DAG(s) 'trigger_airbyte_job_example' retrieved from /opt/airflow/dags/dag_aribyte_ex.py
[2024-05-15T10:24:13.181+0000] {logging_mixin.py:188} INFO - [2024-05-15T10:24:13.181+0000] {dag.py:3096} INFO - Sync 1 DAGs
[2024-05-15T10:24:13.200+0000] {logging_mixin.py:188} INFO - [2024-05-15T10:24:13.199+0000] {dag.py:3954} INFO - Setting next_dagrun for trigger_airbyte_job_example to 2024-05-15 00:00:00+00:00, run_after=2024-05-16 00:00:00+00:00
[2024-05-15T10:24:13.214+0000] {processor.py:183} INFO - Processing /opt/airflow/dags/dag_aribyte_ex.py took 0.072 seconds
[2024-05-15T10:24:43.504+0000] {processor.py:161} INFO - Started process (PID=1459) to work on /opt/airflow/dags/dag_aribyte_ex.py
[2024-05-15T10:24:43.506+0000] {processor.py:830} INFO - Processing file /opt/airflow/dags/dag_aribyte_ex.py for tasks to queue
[2024-05-15T10:24:43.508+0000] {logging_mixin.py:188} INFO - [2024-05-15T10:24:43.507+0000] {dagbag.py:540} INFO - Filling up the DagBag from /opt/airflow/dags/dag_aribyte_ex.py
[2024-05-15T10:24:43.515+0000] {processor.py:840} INFO - DAG(s) 'trigger_airbyte_job_example' retrieved from /opt/airflow/dags/dag_aribyte_ex.py
[2024-05-15T10:24:43.535+0000] {logging_mixin.py:188} INFO - [2024-05-15T10:24:43.535+0000] {dag.py:3096} INFO - Sync 1 DAGs
[2024-05-15T10:24:43.555+0000] {logging_mixin.py:188} INFO - [2024-05-15T10:24:43.555+0000] {dag.py:3954} INFO - Setting next_dagrun for trigger_airbyte_job_example to 2024-05-15 00:00:00+00:00, run_after=2024-05-16 00:00:00+00:00
[2024-05-15T10:24:43.573+0000] {processor.py:183} INFO - Processing /opt/airflow/dags/dag_aribyte_ex.py took 0.075 seconds
[2024-05-15T10:25:13.809+0000] {processor.py:161} INFO - Started process (PID=1524) to work on /opt/airflow/dags/dag_aribyte_ex.py
[2024-05-15T10:25:13.817+0000] {processor.py:830} INFO - Processing file /opt/airflow/dags/dag_aribyte_ex.py for tasks to queue
[2024-05-15T10:25:13.819+0000] {logging_mixin.py:188} INFO - [2024-05-15T10:25:13.818+0000] {dagbag.py:540} INFO - Filling up the DagBag from /opt/airflow/dags/dag_aribyte_ex.py
[2024-05-15T10:25:13.826+0000] {processor.py:840} INFO - DAG(s) 'trigger_airbyte_job_example' retrieved from /opt/airflow/dags/dag_aribyte_ex.py
[2024-05-15T10:25:13.845+0000] {logging_mixin.py:188} INFO - [2024-05-15T10:25:13.844+0000] {dag.py:3096} INFO - Sync 1 DAGs
[2024-05-15T10:25:13.864+0000] {logging_mixin.py:188} INFO - [2024-05-15T10:25:13.864+0000] {dag.py:3954} INFO - Setting next_dagrun for trigger_airbyte_job_example to 2024-05-15 00:00:00+00:00, run_after=2024-05-16 00:00:00+00:00
[2024-05-15T10:25:13.882+0000] {processor.py:183} INFO - Processing /opt/airflow/dags/dag_aribyte_ex.py took 0.079 seconds
[2024-05-15T10:25:44.213+0000] {processor.py:161} INFO - Started process (PID=1583) to work on /opt/airflow/dags/dag_aribyte_ex.py
[2024-05-15T10:25:44.215+0000] {processor.py:830} INFO - Processing file /opt/airflow/dags/dag_aribyte_ex.py for tasks to queue
[2024-05-15T10:25:44.216+0000] {logging_mixin.py:188} INFO - [2024-05-15T10:25:44.216+0000] {dagbag.py:540} INFO - Filling up the DagBag from /opt/airflow/dags/dag_aribyte_ex.py
[2024-05-15T10:25:44.226+0000] {processor.py:840} INFO - DAG(s) 'trigger_airbyte_job_example' retrieved from /opt/airflow/dags/dag_aribyte_ex.py
[2024-05-15T10:25:44.247+0000] {logging_mixin.py:188} INFO - [2024-05-15T10:25:44.246+0000] {dag.py:3096} INFO - Sync 1 DAGs
[2024-05-15T10:25:44.265+0000] {logging_mixin.py:188} INFO - [2024-05-15T10:25:44.265+0000] {dag.py:3954} INFO - Setting next_dagrun for trigger_airbyte_job_example to 2024-05-15 00:00:00+00:00, run_after=2024-05-16 00:00:00+00:00
[2024-05-15T10:25:44.280+0000] {processor.py:183} INFO - Processing /opt/airflow/dags/dag_aribyte_ex.py took 0.074 seconds
[2024-05-15T10:26:15.251+0000] {processor.py:161} INFO - Started process (PID=1642) to work on /opt/airflow/dags/dag_aribyte_ex.py
[2024-05-15T10:26:15.259+0000] {processor.py:830} INFO - Processing file /opt/airflow/dags/dag_aribyte_ex.py for tasks to queue
[2024-05-15T10:26:15.262+0000] {logging_mixin.py:188} INFO - [2024-05-15T10:26:15.261+0000] {dagbag.py:540} INFO - Filling up the DagBag from /opt/airflow/dags/dag_aribyte_ex.py
[2024-05-15T10:26:15.274+0000] {processor.py:840} INFO - DAG(s) 'trigger_airbyte_job_example' retrieved from /opt/airflow/dags/dag_aribyte_ex.py
[2024-05-15T10:26:15.297+0000] {logging_mixin.py:188} INFO - [2024-05-15T10:26:15.297+0000] {dag.py:3096} INFO - Sync 1 DAGs
[2024-05-15T10:26:15.322+0000] {logging_mixin.py:188} INFO - [2024-05-15T10:26:15.322+0000] {dag.py:3954} INFO - Setting next_dagrun for trigger_airbyte_job_example to 2024-05-15 00:00:00+00:00, run_after=2024-05-16 00:00:00+00:00
[2024-05-15T10:26:15.346+0000] {processor.py:183} INFO - Processing /opt/airflow/dags/dag_aribyte_ex.py took 0.104 seconds
[2024-05-15T10:26:46.258+0000] {processor.py:161} INFO - Started process (PID=1701) to work on /opt/airflow/dags/dag_aribyte_ex.py
[2024-05-15T10:26:46.267+0000] {processor.py:830} INFO - Processing file /opt/airflow/dags/dag_aribyte_ex.py for tasks to queue
[2024-05-15T10:26:46.269+0000] {logging_mixin.py:188} INFO - [2024-05-15T10:26:46.268+0000] {dagbag.py:540} INFO - Filling up the DagBag from /opt/airflow/dags/dag_aribyte_ex.py
[2024-05-15T10:26:46.276+0000] {processor.py:840} INFO - DAG(s) 'trigger_airbyte_job_example' retrieved from /opt/airflow/dags/dag_aribyte_ex.py
[2024-05-15T10:26:46.299+0000] {logging_mixin.py:188} INFO - [2024-05-15T10:26:46.298+0000] {dag.py:3096} INFO - Sync 1 DAGs
[2024-05-15T10:26:46.317+0000] {logging_mixin.py:188} INFO - [2024-05-15T10:26:46.317+0000] {dag.py:3954} INFO - Setting next_dagrun for trigger_airbyte_job_example to 2024-05-15 00:00:00+00:00, run_after=2024-05-16 00:00:00+00:00
[2024-05-15T10:26:46.337+0000] {processor.py:183} INFO - Processing /opt/airflow/dags/dag_aribyte_ex.py took 0.087 seconds
[2024-05-15T10:27:16.524+0000] {processor.py:161} INFO - Started process (PID=1760) to work on /opt/airflow/dags/dag_aribyte_ex.py
[2024-05-15T10:27:16.529+0000] {processor.py:830} INFO - Processing file /opt/airflow/dags/dag_aribyte_ex.py for tasks to queue
[2024-05-15T10:27:16.531+0000] {logging_mixin.py:188} INFO - [2024-05-15T10:27:16.530+0000] {dagbag.py:540} INFO - Filling up the DagBag from /opt/airflow/dags/dag_aribyte_ex.py
[2024-05-15T10:27:16.540+0000] {processor.py:840} INFO - DAG(s) 'trigger_airbyte_job_example' retrieved from /opt/airflow/dags/dag_aribyte_ex.py
[2024-05-15T10:27:16.560+0000] {logging_mixin.py:188} INFO - [2024-05-15T10:27:16.559+0000] {dag.py:3096} INFO - Sync 1 DAGs
[2024-05-15T10:27:16.579+0000] {logging_mixin.py:188} INFO - [2024-05-15T10:27:16.579+0000] {dag.py:3954} INFO - Setting next_dagrun for trigger_airbyte_job_example to 2024-05-15 00:00:00+00:00, run_after=2024-05-16 00:00:00+00:00
[2024-05-15T10:27:16.598+0000] {processor.py:183} INFO - Processing /opt/airflow/dags/dag_aribyte_ex.py took 0.083 seconds
[2024-05-15T10:27:46.695+0000] {processor.py:161} INFO - Started process (PID=1819) to work on /opt/airflow/dags/dag_aribyte_ex.py
[2024-05-15T10:27:46.704+0000] {processor.py:830} INFO - Processing file /opt/airflow/dags/dag_aribyte_ex.py for tasks to queue
[2024-05-15T10:27:46.706+0000] {logging_mixin.py:188} INFO - [2024-05-15T10:27:46.705+0000] {dagbag.py:540} INFO - Filling up the DagBag from /opt/airflow/dags/dag_aribyte_ex.py
[2024-05-15T10:27:46.714+0000] {processor.py:840} INFO - DAG(s) 'trigger_airbyte_job_example' retrieved from /opt/airflow/dags/dag_aribyte_ex.py
[2024-05-15T10:27:46.735+0000] {logging_mixin.py:188} INFO - [2024-05-15T10:27:46.735+0000] {dag.py:3096} INFO - Sync 1 DAGs
[2024-05-15T10:27:46.754+0000] {logging_mixin.py:188} INFO - [2024-05-15T10:27:46.754+0000] {dag.py:3954} INFO - Setting next_dagrun for trigger_airbyte_job_example to 2024-05-15 00:00:00+00:00, run_after=2024-05-16 00:00:00+00:00
[2024-05-15T10:27:46.769+0000] {processor.py:183} INFO - Processing /opt/airflow/dags/dag_aribyte_ex.py took 0.082 seconds
[2024-05-15T10:28:16.833+0000] {processor.py:161} INFO - Started process (PID=1879) to work on /opt/airflow/dags/dag_aribyte_ex.py
[2024-05-15T10:28:16.838+0000] {processor.py:830} INFO - Processing file /opt/airflow/dags/dag_aribyte_ex.py for tasks to queue
[2024-05-15T10:28:16.839+0000] {logging_mixin.py:188} INFO - [2024-05-15T10:28:16.839+0000] {dagbag.py:540} INFO - Filling up the DagBag from /opt/airflow/dags/dag_aribyte_ex.py
[2024-05-15T10:28:16.850+0000] {processor.py:840} INFO - DAG(s) 'trigger_airbyte_job_example' retrieved from /opt/airflow/dags/dag_aribyte_ex.py
[2024-05-15T10:28:16.879+0000] {logging_mixin.py:188} INFO - [2024-05-15T10:28:16.879+0000] {dag.py:3096} INFO - Sync 1 DAGs
[2024-05-15T10:28:16.899+0000] {logging_mixin.py:188} INFO - [2024-05-15T10:28:16.899+0000] {dag.py:3954} INFO - Setting next_dagrun for trigger_airbyte_job_example to 2024-05-15 00:00:00+00:00, run_after=2024-05-16 00:00:00+00:00
[2024-05-15T10:28:16.921+0000] {processor.py:183} INFO - Processing /opt/airflow/dags/dag_aribyte_ex.py took 0.094 seconds
[2024-05-15T10:29:29.047+0000] {processor.py:161} INFO - Started process (PID=1929) to work on /opt/airflow/dags/dag_aribyte_ex.py
[2024-05-15T10:29:29.049+0000] {processor.py:830} INFO - Processing file /opt/airflow/dags/dag_aribyte_ex.py for tasks to queue
[2024-05-15T10:29:29.076+0000] {logging_mixin.py:188} INFO - [2024-05-15T10:29:29.065+0000] {dagbag.py:540} INFO - Filling up the DagBag from /opt/airflow/dags/dag_aribyte_ex.py
[2024-05-15T10:29:29.115+0000] {processor.py:840} INFO - DAG(s) 'trigger_airbyte_job_example' retrieved from /opt/airflow/dags/dag_aribyte_ex.py
[2024-05-15T10:29:29.185+0000] {logging_mixin.py:188} INFO - [2024-05-15T10:29:29.185+0000] {dag.py:3096} INFO - Sync 1 DAGs
[2024-05-15T10:29:29.360+0000] {logging_mixin.py:188} INFO - [2024-05-15T10:29:29.360+0000] {dag.py:3954} INFO - Setting next_dagrun for trigger_airbyte_job_example to 2024-05-15 00:00:00+00:00, run_after=2024-05-16 00:00:00+00:00
[2024-05-15T10:29:29.477+0000] {processor.py:183} INFO - Processing /opt/airflow/dags/dag_aribyte_ex.py took 0.467 seconds
[2024-05-15T10:29:59.576+0000] {processor.py:161} INFO - Started process (PID=1988) to work on /opt/airflow/dags/dag_aribyte_ex.py
[2024-05-15T10:29:59.577+0000] {processor.py:830} INFO - Processing file /opt/airflow/dags/dag_aribyte_ex.py for tasks to queue
[2024-05-15T10:29:59.579+0000] {logging_mixin.py:188} INFO - [2024-05-15T10:29:59.579+0000] {dagbag.py:540} INFO - Filling up the DagBag from /opt/airflow/dags/dag_aribyte_ex.py
[2024-05-15T10:29:59.589+0000] {processor.py:840} INFO - DAG(s) 'trigger_airbyte_job_example' retrieved from /opt/airflow/dags/dag_aribyte_ex.py
[2024-05-15T10:29:59.619+0000] {logging_mixin.py:188} INFO - [2024-05-15T10:29:59.619+0000] {dag.py:3096} INFO - Sync 1 DAGs
[2024-05-15T10:29:59.653+0000] {logging_mixin.py:188} INFO - [2024-05-15T10:29:59.653+0000] {dag.py:3954} INFO - Setting next_dagrun for trigger_airbyte_job_example to 2024-05-15 00:00:00+00:00, run_after=2024-05-16 00:00:00+00:00
[2024-05-15T10:29:59.678+0000] {processor.py:183} INFO - Processing /opt/airflow/dags/dag_aribyte_ex.py took 0.109 seconds
[2024-05-15T10:30:29.807+0000] {processor.py:161} INFO - Started process (PID=2047) to work on /opt/airflow/dags/dag_aribyte_ex.py
[2024-05-15T10:30:29.816+0000] {processor.py:830} INFO - Processing file /opt/airflow/dags/dag_aribyte_ex.py for tasks to queue
[2024-05-15T10:30:29.819+0000] {logging_mixin.py:188} INFO - [2024-05-15T10:30:29.818+0000] {dagbag.py:540} INFO - Filling up the DagBag from /opt/airflow/dags/dag_aribyte_ex.py
[2024-05-15T10:30:29.830+0000] {processor.py:840} INFO - DAG(s) 'trigger_airbyte_job_example' retrieved from /opt/airflow/dags/dag_aribyte_ex.py
[2024-05-15T10:30:29.856+0000] {logging_mixin.py:188} INFO - [2024-05-15T10:30:29.856+0000] {dag.py:3096} INFO - Sync 1 DAGs
[2024-05-15T10:30:29.883+0000] {logging_mixin.py:188} INFO - [2024-05-15T10:30:29.882+0000] {dag.py:3954} INFO - Setting next_dagrun for trigger_airbyte_job_example to 2024-05-15 00:00:00+00:00, run_after=2024-05-16 00:00:00+00:00
[2024-05-15T10:30:29.911+0000] {processor.py:183} INFO - Processing /opt/airflow/dags/dag_aribyte_ex.py took 0.111 seconds
[2024-05-15T10:31:00.483+0000] {processor.py:161} INFO - Started process (PID=2106) to work on /opt/airflow/dags/dag_aribyte_ex.py
[2024-05-15T10:31:00.492+0000] {processor.py:830} INFO - Processing file /opt/airflow/dags/dag_aribyte_ex.py for tasks to queue
[2024-05-15T10:31:00.495+0000] {logging_mixin.py:188} INFO - [2024-05-15T10:31:00.494+0000] {dagbag.py:540} INFO - Filling up the DagBag from /opt/airflow/dags/dag_aribyte_ex.py
[2024-05-15T10:31:00.510+0000] {processor.py:840} INFO - DAG(s) 'trigger_airbyte_job_example' retrieved from /opt/airflow/dags/dag_aribyte_ex.py
[2024-05-15T10:31:00.539+0000] {logging_mixin.py:188} INFO - [2024-05-15T10:31:00.538+0000] {dag.py:3096} INFO - Sync 1 DAGs
[2024-05-15T10:31:00.565+0000] {logging_mixin.py:188} INFO - [2024-05-15T10:31:00.565+0000] {dag.py:3954} INFO - Setting next_dagrun for trigger_airbyte_job_example to 2024-05-15 00:00:00+00:00, run_after=2024-05-16 00:00:00+00:00
[2024-05-15T10:31:00.587+0000] {processor.py:183} INFO - Processing /opt/airflow/dags/dag_aribyte_ex.py took 0.112 seconds
[2024-05-15T10:31:30.885+0000] {processor.py:161} INFO - Started process (PID=2165) to work on /opt/airflow/dags/dag_aribyte_ex.py
[2024-05-15T10:31:30.894+0000] {processor.py:830} INFO - Processing file /opt/airflow/dags/dag_aribyte_ex.py for tasks to queue
[2024-05-15T10:31:30.896+0000] {logging_mixin.py:188} INFO - [2024-05-15T10:31:30.896+0000] {dagbag.py:540} INFO - Filling up the DagBag from /opt/airflow/dags/dag_aribyte_ex.py
[2024-05-15T10:31:30.904+0000] {processor.py:840} INFO - DAG(s) 'trigger_airbyte_job_example' retrieved from /opt/airflow/dags/dag_aribyte_ex.py
[2024-05-15T10:31:30.927+0000] {logging_mixin.py:188} INFO - [2024-05-15T10:31:30.927+0000] {dag.py:3096} INFO - Sync 1 DAGs
[2024-05-15T10:31:30.948+0000] {logging_mixin.py:188} INFO - [2024-05-15T10:31:30.948+0000] {dag.py:3954} INFO - Setting next_dagrun for trigger_airbyte_job_example to 2024-05-15 00:00:00+00:00, run_after=2024-05-16 00:00:00+00:00
[2024-05-15T10:31:30.965+0000] {processor.py:183} INFO - Processing /opt/airflow/dags/dag_aribyte_ex.py took 0.086 seconds
[2024-05-15T10:32:01.354+0000] {processor.py:161} INFO - Started process (PID=2224) to work on /opt/airflow/dags/dag_aribyte_ex.py
[2024-05-15T10:32:01.356+0000] {processor.py:830} INFO - Processing file /opt/airflow/dags/dag_aribyte_ex.py for tasks to queue
[2024-05-15T10:32:01.358+0000] {logging_mixin.py:188} INFO - [2024-05-15T10:32:01.358+0000] {dagbag.py:540} INFO - Filling up the DagBag from /opt/airflow/dags/dag_aribyte_ex.py
[2024-05-15T10:32:01.368+0000] {processor.py:840} INFO - DAG(s) 'trigger_airbyte_job_example' retrieved from /opt/airflow/dags/dag_aribyte_ex.py
[2024-05-15T10:32:01.393+0000] {logging_mixin.py:188} INFO - [2024-05-15T10:32:01.393+0000] {dag.py:3096} INFO - Sync 1 DAGs
[2024-05-15T10:32:01.415+0000] {logging_mixin.py:188} INFO - [2024-05-15T10:32:01.415+0000] {dag.py:3954} INFO - Setting next_dagrun for trigger_airbyte_job_example to 2024-05-15 00:00:00+00:00, run_after=2024-05-16 00:00:00+00:00
[2024-05-15T10:32:01.437+0000] {processor.py:183} INFO - Processing /opt/airflow/dags/dag_aribyte_ex.py took 0.089 seconds
[2024-05-15T10:32:31.774+0000] {processor.py:161} INFO - Started process (PID=2283) to work on /opt/airflow/dags/dag_aribyte_ex.py
[2024-05-15T10:32:31.775+0000] {processor.py:830} INFO - Processing file /opt/airflow/dags/dag_aribyte_ex.py for tasks to queue
[2024-05-15T10:32:31.777+0000] {logging_mixin.py:188} INFO - [2024-05-15T10:32:31.777+0000] {dagbag.py:540} INFO - Filling up the DagBag from /opt/airflow/dags/dag_aribyte_ex.py
[2024-05-15T10:32:31.788+0000] {processor.py:840} INFO - DAG(s) 'trigger_airbyte_job_example' retrieved from /opt/airflow/dags/dag_aribyte_ex.py
[2024-05-15T10:32:31.812+0000] {logging_mixin.py:188} INFO - [2024-05-15T10:32:31.812+0000] {dag.py:3096} INFO - Sync 1 DAGs
[2024-05-15T10:32:31.838+0000] {logging_mixin.py:188} INFO - [2024-05-15T10:32:31.838+0000] {dag.py:3954} INFO - Setting next_dagrun for trigger_airbyte_job_example to 2024-05-15 00:00:00+00:00, run_after=2024-05-16 00:00:00+00:00
[2024-05-15T10:32:31.856+0000] {processor.py:183} INFO - Processing /opt/airflow/dags/dag_aribyte_ex.py took 0.089 seconds
[2024-05-15T10:33:02.227+0000] {processor.py:161} INFO - Started process (PID=2342) to work on /opt/airflow/dags/dag_aribyte_ex.py
[2024-05-15T10:33:02.228+0000] {processor.py:830} INFO - Processing file /opt/airflow/dags/dag_aribyte_ex.py for tasks to queue
[2024-05-15T10:33:02.230+0000] {logging_mixin.py:188} INFO - [2024-05-15T10:33:02.230+0000] {dagbag.py:540} INFO - Filling up the DagBag from /opt/airflow/dags/dag_aribyte_ex.py
[2024-05-15T10:33:02.238+0000] {processor.py:840} INFO - DAG(s) 'trigger_airbyte_job_example' retrieved from /opt/airflow/dags/dag_aribyte_ex.py
[2024-05-15T10:33:02.259+0000] {logging_mixin.py:188} INFO - [2024-05-15T10:33:02.259+0000] {dag.py:3096} INFO - Sync 1 DAGs
[2024-05-15T10:33:02.281+0000] {logging_mixin.py:188} INFO - [2024-05-15T10:33:02.281+0000] {dag.py:3954} INFO - Setting next_dagrun for trigger_airbyte_job_example to 2024-05-15 00:00:00+00:00, run_after=2024-05-16 00:00:00+00:00
[2024-05-15T10:33:02.298+0000] {processor.py:183} INFO - Processing /opt/airflow/dags/dag_aribyte_ex.py took 0.078 seconds
[2024-05-15T10:33:32.485+0000] {processor.py:161} INFO - Started process (PID=2401) to work on /opt/airflow/dags/dag_aribyte_ex.py
[2024-05-15T10:33:32.487+0000] {processor.py:830} INFO - Processing file /opt/airflow/dags/dag_aribyte_ex.py for tasks to queue
[2024-05-15T10:33:32.498+0000] {logging_mixin.py:188} INFO - [2024-05-15T10:33:32.488+0000] {dagbag.py:540} INFO - Filling up the DagBag from /opt/airflow/dags/dag_aribyte_ex.py
[2024-05-15T10:33:32.533+0000] {processor.py:840} INFO - DAG(s) 'trigger_airbyte_job_example' retrieved from /opt/airflow/dags/dag_aribyte_ex.py
[2024-05-15T10:33:32.610+0000] {logging_mixin.py:188} INFO - [2024-05-15T10:33:32.610+0000] {dag.py:3096} INFO - Sync 1 DAGs
[2024-05-15T10:33:32.681+0000] {logging_mixin.py:188} INFO - [2024-05-15T10:33:32.680+0000] {dag.py:3954} INFO - Setting next_dagrun for trigger_airbyte_job_example to 2024-05-15 00:00:00+00:00, run_after=2024-05-16 00:00:00+00:00
[2024-05-15T10:33:32.732+0000] {processor.py:183} INFO - Processing /opt/airflow/dags/dag_aribyte_ex.py took 0.264 seconds
[2024-05-15T10:34:03.322+0000] {processor.py:161} INFO - Started process (PID=2460) to work on /opt/airflow/dags/dag_aribyte_ex.py
[2024-05-15T10:34:03.331+0000] {processor.py:830} INFO - Processing file /opt/airflow/dags/dag_aribyte_ex.py for tasks to queue
[2024-05-15T10:34:03.333+0000] {logging_mixin.py:188} INFO - [2024-05-15T10:34:03.332+0000] {dagbag.py:540} INFO - Filling up the DagBag from /opt/airflow/dags/dag_aribyte_ex.py
[2024-05-15T10:34:03.344+0000] {processor.py:840} INFO - DAG(s) 'trigger_airbyte_job_example' retrieved from /opt/airflow/dags/dag_aribyte_ex.py
[2024-05-15T10:34:03.373+0000] {logging_mixin.py:188} INFO - [2024-05-15T10:34:03.373+0000] {dag.py:3096} INFO - Sync 1 DAGs
[2024-05-15T10:34:03.422+0000] {logging_mixin.py:188} INFO - [2024-05-15T10:34:03.422+0000] {dag.py:3954} INFO - Setting next_dagrun for trigger_airbyte_job_example to 2024-05-15 00:00:00+00:00, run_after=2024-05-16 00:00:00+00:00
[2024-05-15T10:34:03.455+0000] {processor.py:183} INFO - Processing /opt/airflow/dags/dag_aribyte_ex.py took 0.141 seconds
[2024-05-15T10:34:34.104+0000] {processor.py:161} INFO - Started process (PID=2518) to work on /opt/airflow/dags/dag_aribyte_ex.py
[2024-05-15T10:34:34.107+0000] {processor.py:830} INFO - Processing file /opt/airflow/dags/dag_aribyte_ex.py for tasks to queue
[2024-05-15T10:34:34.109+0000] {logging_mixin.py:188} INFO - [2024-05-15T10:34:34.109+0000] {dagbag.py:540} INFO - Filling up the DagBag from /opt/airflow/dags/dag_aribyte_ex.py
[2024-05-15T10:34:34.119+0000] {processor.py:840} INFO - DAG(s) 'trigger_airbyte_job_example' retrieved from /opt/airflow/dags/dag_aribyte_ex.py
[2024-05-15T10:34:34.144+0000] {logging_mixin.py:188} INFO - [2024-05-15T10:34:34.143+0000] {dag.py:3096} INFO - Sync 1 DAGs
[2024-05-15T10:34:34.164+0000] {logging_mixin.py:188} INFO - [2024-05-15T10:34:34.163+0000] {dag.py:3954} INFO - Setting next_dagrun for trigger_airbyte_job_example to 2024-05-15 00:00:00+00:00, run_after=2024-05-16 00:00:00+00:00
[2024-05-15T10:34:34.181+0000] {processor.py:183} INFO - Processing /opt/airflow/dags/dag_aribyte_ex.py took 0.084 seconds
[2024-05-15T10:35:04.783+0000] {processor.py:161} INFO - Started process (PID=2577) to work on /opt/airflow/dags/dag_aribyte_ex.py
[2024-05-15T10:35:04.791+0000] {processor.py:830} INFO - Processing file /opt/airflow/dags/dag_aribyte_ex.py for tasks to queue
[2024-05-15T10:35:04.792+0000] {logging_mixin.py:188} INFO - [2024-05-15T10:35:04.792+0000] {dagbag.py:540} INFO - Filling up the DagBag from /opt/airflow/dags/dag_aribyte_ex.py
[2024-05-15T10:35:04.802+0000] {processor.py:840} INFO - DAG(s) 'trigger_airbyte_job_example' retrieved from /opt/airflow/dags/dag_aribyte_ex.py
[2024-05-15T10:35:04.822+0000] {logging_mixin.py:188} INFO - [2024-05-15T10:35:04.822+0000] {dag.py:3096} INFO - Sync 1 DAGs
[2024-05-15T10:35:04.840+0000] {logging_mixin.py:188} INFO - [2024-05-15T10:35:04.840+0000] {dag.py:3954} INFO - Setting next_dagrun for trigger_airbyte_job_example to 2024-05-15 00:00:00+00:00, run_after=2024-05-16 00:00:00+00:00
[2024-05-15T10:35:04.859+0000] {processor.py:183} INFO - Processing /opt/airflow/dags/dag_aribyte_ex.py took 0.087 seconds
[2024-05-15T10:35:35.551+0000] {processor.py:161} INFO - Started process (PID=2636) to work on /opt/airflow/dags/dag_aribyte_ex.py
[2024-05-15T10:35:35.554+0000] {processor.py:830} INFO - Processing file /opt/airflow/dags/dag_aribyte_ex.py for tasks to queue
[2024-05-15T10:35:35.556+0000] {logging_mixin.py:188} INFO - [2024-05-15T10:35:35.556+0000] {dagbag.py:540} INFO - Filling up the DagBag from /opt/airflow/dags/dag_aribyte_ex.py
[2024-05-15T10:35:35.564+0000] {processor.py:840} INFO - DAG(s) 'trigger_airbyte_job_example' retrieved from /opt/airflow/dags/dag_aribyte_ex.py
[2024-05-15T10:35:35.593+0000] {logging_mixin.py:188} INFO - [2024-05-15T10:35:35.593+0000] {dag.py:3096} INFO - Sync 1 DAGs
[2024-05-15T10:35:35.619+0000] {logging_mixin.py:188} INFO - [2024-05-15T10:35:35.619+0000] {dag.py:3954} INFO - Setting next_dagrun for trigger_airbyte_job_example to 2024-05-15 00:00:00+00:00, run_after=2024-05-16 00:00:00+00:00
[2024-05-15T10:35:35.645+0000] {processor.py:183} INFO - Processing /opt/airflow/dags/dag_aribyte_ex.py took 0.101 seconds
[2024-05-15T10:36:05.790+0000] {processor.py:161} INFO - Started process (PID=2695) to work on /opt/airflow/dags/dag_aribyte_ex.py
[2024-05-15T10:36:05.791+0000] {processor.py:830} INFO - Processing file /opt/airflow/dags/dag_aribyte_ex.py for tasks to queue
[2024-05-15T10:36:05.793+0000] {logging_mixin.py:188} INFO - [2024-05-15T10:36:05.792+0000] {dagbag.py:540} INFO - Filling up the DagBag from /opt/airflow/dags/dag_aribyte_ex.py
[2024-05-15T10:36:05.802+0000] {processor.py:840} INFO - DAG(s) 'trigger_airbyte_job_example' retrieved from /opt/airflow/dags/dag_aribyte_ex.py
[2024-05-15T10:36:05.823+0000] {logging_mixin.py:188} INFO - [2024-05-15T10:36:05.822+0000] {dag.py:3096} INFO - Sync 1 DAGs
[2024-05-15T10:36:05.842+0000] {logging_mixin.py:188} INFO - [2024-05-15T10:36:05.841+0000] {dag.py:3954} INFO - Setting next_dagrun for trigger_airbyte_job_example to 2024-05-15 00:00:00+00:00, run_after=2024-05-16 00:00:00+00:00
[2024-05-15T10:36:05.860+0000] {processor.py:183} INFO - Processing /opt/airflow/dags/dag_aribyte_ex.py took 0.078 seconds
[2024-05-15T10:36:36.138+0000] {processor.py:161} INFO - Started process (PID=2754) to work on /opt/airflow/dags/dag_aribyte_ex.py
[2024-05-15T10:36:36.146+0000] {processor.py:830} INFO - Processing file /opt/airflow/dags/dag_aribyte_ex.py for tasks to queue
[2024-05-15T10:36:36.148+0000] {logging_mixin.py:188} INFO - [2024-05-15T10:36:36.148+0000] {dagbag.py:540} INFO - Filling up the DagBag from /opt/airflow/dags/dag_aribyte_ex.py
[2024-05-15T10:36:36.155+0000] {processor.py:840} INFO - DAG(s) 'trigger_airbyte_job_example' retrieved from /opt/airflow/dags/dag_aribyte_ex.py
[2024-05-15T10:36:36.177+0000] {logging_mixin.py:188} INFO - [2024-05-15T10:36:36.177+0000] {dag.py:3096} INFO - Sync 1 DAGs
[2024-05-15T10:36:36.201+0000] {logging_mixin.py:188} INFO - [2024-05-15T10:36:36.201+0000] {dag.py:3954} INFO - Setting next_dagrun for trigger_airbyte_job_example to 2024-05-15 00:00:00+00:00, run_after=2024-05-16 00:00:00+00:00
[2024-05-15T10:36:36.223+0000] {processor.py:183} INFO - Processing /opt/airflow/dags/dag_aribyte_ex.py took 0.090 seconds
[2024-05-15T10:37:06.671+0000] {processor.py:161} INFO - Started process (PID=2813) to work on /opt/airflow/dags/dag_aribyte_ex.py
[2024-05-15T10:37:06.679+0000] {processor.py:830} INFO - Processing file /opt/airflow/dags/dag_aribyte_ex.py for tasks to queue
[2024-05-15T10:37:06.681+0000] {logging_mixin.py:188} INFO - [2024-05-15T10:37:06.681+0000] {dagbag.py:540} INFO - Filling up the DagBag from /opt/airflow/dags/dag_aribyte_ex.py
[2024-05-15T10:37:06.690+0000] {processor.py:840} INFO - DAG(s) 'trigger_airbyte_job_example' retrieved from /opt/airflow/dags/dag_aribyte_ex.py
[2024-05-15T10:37:06.715+0000] {logging_mixin.py:188} INFO - [2024-05-15T10:37:06.715+0000] {dag.py:3096} INFO - Sync 1 DAGs
[2024-05-15T10:37:06.740+0000] {logging_mixin.py:188} INFO - [2024-05-15T10:37:06.740+0000] {dag.py:3954} INFO - Setting next_dagrun for trigger_airbyte_job_example to 2024-05-15 00:00:00+00:00, run_after=2024-05-16 00:00:00+00:00
[2024-05-15T10:37:06.766+0000] {processor.py:183} INFO - Processing /opt/airflow/dags/dag_aribyte_ex.py took 0.103 seconds
[2024-05-15T10:37:37.387+0000] {processor.py:161} INFO - Started process (PID=2872) to work on /opt/airflow/dags/dag_aribyte_ex.py
[2024-05-15T10:37:37.396+0000] {processor.py:830} INFO - Processing file /opt/airflow/dags/dag_aribyte_ex.py for tasks to queue
[2024-05-15T10:37:37.397+0000] {logging_mixin.py:188} INFO - [2024-05-15T10:37:37.397+0000] {dagbag.py:540} INFO - Filling up the DagBag from /opt/airflow/dags/dag_aribyte_ex.py
[2024-05-15T10:37:37.404+0000] {processor.py:840} INFO - DAG(s) 'trigger_airbyte_job_example' retrieved from /opt/airflow/dags/dag_aribyte_ex.py
[2024-05-15T10:37:37.425+0000] {logging_mixin.py:188} INFO - [2024-05-15T10:37:37.425+0000] {dag.py:3096} INFO - Sync 1 DAGs
[2024-05-15T10:37:37.443+0000] {logging_mixin.py:188} INFO - [2024-05-15T10:37:37.443+0000] {dag.py:3954} INFO - Setting next_dagrun for trigger_airbyte_job_example to 2024-05-15 00:00:00+00:00, run_after=2024-05-16 00:00:00+00:00
[2024-05-15T10:37:37.459+0000] {processor.py:183} INFO - Processing /opt/airflow/dags/dag_aribyte_ex.py took 0.083 seconds
[2024-05-15T10:38:08.006+0000] {processor.py:161} INFO - Started process (PID=2931) to work on /opt/airflow/dags/dag_aribyte_ex.py
[2024-05-15T10:38:08.010+0000] {processor.py:830} INFO - Processing file /opt/airflow/dags/dag_aribyte_ex.py for tasks to queue
[2024-05-15T10:38:08.013+0000] {logging_mixin.py:188} INFO - [2024-05-15T10:38:08.012+0000] {dagbag.py:540} INFO - Filling up the DagBag from /opt/airflow/dags/dag_aribyte_ex.py
[2024-05-15T10:38:08.026+0000] {processor.py:840} INFO - DAG(s) 'trigger_airbyte_job_example' retrieved from /opt/airflow/dags/dag_aribyte_ex.py
[2024-05-15T10:38:08.065+0000] {logging_mixin.py:188} INFO - [2024-05-15T10:38:08.065+0000] {dag.py:3096} INFO - Sync 1 DAGs
[2024-05-15T10:38:08.097+0000] {logging_mixin.py:188} INFO - [2024-05-15T10:38:08.097+0000] {dag.py:3954} INFO - Setting next_dagrun for trigger_airbyte_job_example to 2024-05-15 00:00:00+00:00, run_after=2024-05-16 00:00:00+00:00
[2024-05-15T10:38:08.123+0000] {processor.py:183} INFO - Processing /opt/airflow/dags/dag_aribyte_ex.py took 0.126 seconds
[2024-05-15T10:38:38.531+0000] {processor.py:161} INFO - Started process (PID=2990) to work on /opt/airflow/dags/dag_aribyte_ex.py
[2024-05-15T10:38:38.535+0000] {processor.py:830} INFO - Processing file /opt/airflow/dags/dag_aribyte_ex.py for tasks to queue
[2024-05-15T10:38:38.537+0000] {logging_mixin.py:188} INFO - [2024-05-15T10:38:38.537+0000] {dagbag.py:540} INFO - Filling up the DagBag from /opt/airflow/dags/dag_aribyte_ex.py
[2024-05-15T10:38:38.546+0000] {processor.py:840} INFO - DAG(s) 'trigger_airbyte_job_example' retrieved from /opt/airflow/dags/dag_aribyte_ex.py
[2024-05-15T10:38:38.565+0000] {logging_mixin.py:188} INFO - [2024-05-15T10:38:38.565+0000] {dag.py:3096} INFO - Sync 1 DAGs
[2024-05-15T10:38:38.587+0000] {logging_mixin.py:188} INFO - [2024-05-15T10:38:38.586+0000] {dag.py:3954} INFO - Setting next_dagrun for trigger_airbyte_job_example to 2024-05-15 00:00:00+00:00, run_after=2024-05-16 00:00:00+00:00
[2024-05-15T10:38:38.605+0000] {processor.py:183} INFO - Processing /opt/airflow/dags/dag_aribyte_ex.py took 0.083 seconds
[2024-05-15T10:39:08.935+0000] {processor.py:161} INFO - Started process (PID=3049) to work on /opt/airflow/dags/dag_aribyte_ex.py
[2024-05-15T10:39:08.944+0000] {processor.py:830} INFO - Processing file /opt/airflow/dags/dag_aribyte_ex.py for tasks to queue
[2024-05-15T10:39:08.946+0000] {logging_mixin.py:188} INFO - [2024-05-15T10:39:08.945+0000] {dagbag.py:540} INFO - Filling up the DagBag from /opt/airflow/dags/dag_aribyte_ex.py
[2024-05-15T10:39:08.956+0000] {processor.py:840} INFO - DAG(s) 'trigger_airbyte_job_example' retrieved from /opt/airflow/dags/dag_aribyte_ex.py
[2024-05-15T10:39:08.977+0000] {logging_mixin.py:188} INFO - [2024-05-15T10:39:08.977+0000] {dag.py:3096} INFO - Sync 1 DAGs
[2024-05-15T10:39:08.999+0000] {logging_mixin.py:188} INFO - [2024-05-15T10:39:08.998+0000] {dag.py:3954} INFO - Setting next_dagrun for trigger_airbyte_job_example to 2024-05-15 00:00:00+00:00, run_after=2024-05-16 00:00:00+00:00
[2024-05-15T10:39:09.023+0000] {processor.py:183} INFO - Processing /opt/airflow/dags/dag_aribyte_ex.py took 0.095 seconds
[2024-05-15T10:39:39.373+0000] {processor.py:161} INFO - Started process (PID=3108) to work on /opt/airflow/dags/dag_aribyte_ex.py
[2024-05-15T10:39:39.381+0000] {processor.py:830} INFO - Processing file /opt/airflow/dags/dag_aribyte_ex.py for tasks to queue
[2024-05-15T10:39:39.384+0000] {logging_mixin.py:188} INFO - [2024-05-15T10:39:39.384+0000] {dagbag.py:540} INFO - Filling up the DagBag from /opt/airflow/dags/dag_aribyte_ex.py
[2024-05-15T10:39:39.396+0000] {processor.py:840} INFO - DAG(s) 'trigger_airbyte_job_example' retrieved from /opt/airflow/dags/dag_aribyte_ex.py
[2024-05-15T10:39:39.421+0000] {logging_mixin.py:188} INFO - [2024-05-15T10:39:39.421+0000] {dag.py:3096} INFO - Sync 1 DAGs
[2024-05-15T10:39:39.446+0000] {logging_mixin.py:188} INFO - [2024-05-15T10:39:39.446+0000] {dag.py:3954} INFO - Setting next_dagrun for trigger_airbyte_job_example to 2024-05-15 00:00:00+00:00, run_after=2024-05-16 00:00:00+00:00
[2024-05-15T10:39:39.474+0000] {processor.py:183} INFO - Processing /opt/airflow/dags/dag_aribyte_ex.py took 0.108 seconds
[2024-05-15T10:40:09.766+0000] {processor.py:161} INFO - Started process (PID=3167) to work on /opt/airflow/dags/dag_aribyte_ex.py
[2024-05-15T10:40:09.768+0000] {processor.py:830} INFO - Processing file /opt/airflow/dags/dag_aribyte_ex.py for tasks to queue
[2024-05-15T10:40:09.770+0000] {logging_mixin.py:188} INFO - [2024-05-15T10:40:09.769+0000] {dagbag.py:540} INFO - Filling up the DagBag from /opt/airflow/dags/dag_aribyte_ex.py
[2024-05-15T10:40:09.780+0000] {processor.py:840} INFO - DAG(s) 'trigger_airbyte_job_example' retrieved from /opt/airflow/dags/dag_aribyte_ex.py
[2024-05-15T10:40:09.805+0000] {logging_mixin.py:188} INFO - [2024-05-15T10:40:09.805+0000] {dag.py:3096} INFO - Sync 1 DAGs
[2024-05-15T10:40:09.823+0000] {logging_mixin.py:188} INFO - [2024-05-15T10:40:09.822+0000] {dag.py:3954} INFO - Setting next_dagrun for trigger_airbyte_job_example to 2024-05-15 00:00:00+00:00, run_after=2024-05-16 00:00:00+00:00
[2024-05-15T10:40:09.841+0000] {processor.py:183} INFO - Processing /opt/airflow/dags/dag_aribyte_ex.py took 0.083 seconds
[2024-05-15T10:40:40.149+0000] {processor.py:161} INFO - Started process (PID=3226) to work on /opt/airflow/dags/dag_aribyte_ex.py
[2024-05-15T10:40:40.150+0000] {processor.py:830} INFO - Processing file /opt/airflow/dags/dag_aribyte_ex.py for tasks to queue
[2024-05-15T10:40:40.152+0000] {logging_mixin.py:188} INFO - [2024-05-15T10:40:40.152+0000] {dagbag.py:540} INFO - Filling up the DagBag from /opt/airflow/dags/dag_aribyte_ex.py
[2024-05-15T10:40:40.160+0000] {processor.py:840} INFO - DAG(s) 'trigger_airbyte_job_example' retrieved from /opt/airflow/dags/dag_aribyte_ex.py
[2024-05-15T10:40:40.184+0000] {logging_mixin.py:188} INFO - [2024-05-15T10:40:40.184+0000] {dag.py:3096} INFO - Sync 1 DAGs
[2024-05-15T10:40:40.214+0000] {logging_mixin.py:188} INFO - [2024-05-15T10:40:40.214+0000] {dag.py:3954} INFO - Setting next_dagrun for trigger_airbyte_job_example to 2024-05-15 00:00:00+00:00, run_after=2024-05-16 00:00:00+00:00
[2024-05-15T10:40:40.237+0000] {processor.py:183} INFO - Processing /opt/airflow/dags/dag_aribyte_ex.py took 0.094 seconds
[2024-05-15T10:41:10.478+0000] {processor.py:161} INFO - Started process (PID=3285) to work on /opt/airflow/dags/dag_aribyte_ex.py
[2024-05-15T10:41:10.479+0000] {processor.py:830} INFO - Processing file /opt/airflow/dags/dag_aribyte_ex.py for tasks to queue
[2024-05-15T10:41:10.482+0000] {logging_mixin.py:188} INFO - [2024-05-15T10:41:10.481+0000] {dagbag.py:540} INFO - Filling up the DagBag from /opt/airflow/dags/dag_aribyte_ex.py
[2024-05-15T10:41:10.491+0000] {processor.py:840} INFO - DAG(s) 'trigger_airbyte_job_example' retrieved from /opt/airflow/dags/dag_aribyte_ex.py
[2024-05-15T10:41:10.516+0000] {logging_mixin.py:188} INFO - [2024-05-15T10:41:10.515+0000] {dag.py:3096} INFO - Sync 1 DAGs
[2024-05-15T10:41:10.540+0000] {logging_mixin.py:188} INFO - [2024-05-15T10:41:10.540+0000] {dag.py:3954} INFO - Setting next_dagrun for trigger_airbyte_job_example to 2024-05-15 00:00:00+00:00, run_after=2024-05-16 00:00:00+00:00
[2024-05-15T10:41:10.560+0000] {processor.py:183} INFO - Processing /opt/airflow/dags/dag_aribyte_ex.py took 0.087 seconds
[2024-05-15T10:41:41.082+0000] {processor.py:161} INFO - Started process (PID=3344) to work on /opt/airflow/dags/dag_aribyte_ex.py
[2024-05-15T10:41:41.082+0000] {processor.py:830} INFO - Processing file /opt/airflow/dags/dag_aribyte_ex.py for tasks to queue
[2024-05-15T10:41:41.084+0000] {logging_mixin.py:188} INFO - [2024-05-15T10:41:41.084+0000] {dagbag.py:540} INFO - Filling up the DagBag from /opt/airflow/dags/dag_aribyte_ex.py
[2024-05-15T10:41:41.091+0000] {processor.py:840} INFO - DAG(s) 'trigger_airbyte_job_example' retrieved from /opt/airflow/dags/dag_aribyte_ex.py
[2024-05-15T10:41:41.115+0000] {logging_mixin.py:188} INFO - [2024-05-15T10:41:41.114+0000] {dag.py:3096} INFO - Sync 1 DAGs
[2024-05-15T10:41:41.136+0000] {logging_mixin.py:188} INFO - [2024-05-15T10:41:41.136+0000] {dag.py:3954} INFO - Setting next_dagrun for trigger_airbyte_job_example to 2024-05-15 00:00:00+00:00, run_after=2024-05-16 00:00:00+00:00
[2024-05-15T10:41:41.155+0000] {processor.py:183} INFO - Processing /opt/airflow/dags/dag_aribyte_ex.py took 0.080 seconds
[2024-05-15T10:42:11.445+0000] {processor.py:161} INFO - Started process (PID=3403) to work on /opt/airflow/dags/dag_aribyte_ex.py
[2024-05-15T10:42:11.454+0000] {processor.py:830} INFO - Processing file /opt/airflow/dags/dag_aribyte_ex.py for tasks to queue
[2024-05-15T10:42:11.456+0000] {logging_mixin.py:188} INFO - [2024-05-15T10:42:11.455+0000] {dagbag.py:540} INFO - Filling up the DagBag from /opt/airflow/dags/dag_aribyte_ex.py
[2024-05-15T10:42:11.463+0000] {processor.py:840} INFO - DAG(s) 'trigger_airbyte_job_example' retrieved from /opt/airflow/dags/dag_aribyte_ex.py
[2024-05-15T10:42:11.485+0000] {logging_mixin.py:188} INFO - [2024-05-15T10:42:11.484+0000] {dag.py:3096} INFO - Sync 1 DAGs
[2024-05-15T10:42:11.506+0000] {logging_mixin.py:188} INFO - [2024-05-15T10:42:11.505+0000] {dag.py:3954} INFO - Setting next_dagrun for trigger_airbyte_job_example to 2024-05-15 00:00:00+00:00, run_after=2024-05-16 00:00:00+00:00
[2024-05-15T10:42:11.522+0000] {processor.py:183} INFO - Processing /opt/airflow/dags/dag_aribyte_ex.py took 0.086 seconds
[2024-05-15T10:42:42.019+0000] {processor.py:161} INFO - Started process (PID=3462) to work on /opt/airflow/dags/dag_aribyte_ex.py
[2024-05-15T10:42:42.028+0000] {processor.py:830} INFO - Processing file /opt/airflow/dags/dag_aribyte_ex.py for tasks to queue
[2024-05-15T10:42:42.030+0000] {logging_mixin.py:188} INFO - [2024-05-15T10:42:42.030+0000] {dagbag.py:540} INFO - Filling up the DagBag from /opt/airflow/dags/dag_aribyte_ex.py
[2024-05-15T10:42:42.038+0000] {processor.py:840} INFO - DAG(s) 'trigger_airbyte_job_example' retrieved from /opt/airflow/dags/dag_aribyte_ex.py
[2024-05-15T10:42:42.059+0000] {logging_mixin.py:188} INFO - [2024-05-15T10:42:42.059+0000] {dag.py:3096} INFO - Sync 1 DAGs
[2024-05-15T10:42:42.079+0000] {logging_mixin.py:188} INFO - [2024-05-15T10:42:42.079+0000] {dag.py:3954} INFO - Setting next_dagrun for trigger_airbyte_job_example to 2024-05-15 00:00:00+00:00, run_after=2024-05-16 00:00:00+00:00
[2024-05-15T10:42:42.098+0000] {processor.py:183} INFO - Processing /opt/airflow/dags/dag_aribyte_ex.py took 0.084 seconds
[2024-05-15T10:43:12.502+0000] {processor.py:161} INFO - Started process (PID=3522) to work on /opt/airflow/dags/dag_aribyte_ex.py
[2024-05-15T10:43:12.504+0000] {processor.py:830} INFO - Processing file /opt/airflow/dags/dag_aribyte_ex.py for tasks to queue
[2024-05-15T10:43:12.506+0000] {logging_mixin.py:188} INFO - [2024-05-15T10:43:12.506+0000] {dagbag.py:540} INFO - Filling up the DagBag from /opt/airflow/dags/dag_aribyte_ex.py
[2024-05-15T10:43:12.515+0000] {processor.py:840} INFO - DAG(s) 'trigger_airbyte_job_example' retrieved from /opt/airflow/dags/dag_aribyte_ex.py
[2024-05-15T10:43:12.538+0000] {logging_mixin.py:188} INFO - [2024-05-15T10:43:12.538+0000] {dag.py:3096} INFO - Sync 1 DAGs
[2024-05-15T10:43:12.558+0000] {logging_mixin.py:188} INFO - [2024-05-15T10:43:12.558+0000] {dag.py:3954} INFO - Setting next_dagrun for trigger_airbyte_job_example to 2024-05-15 00:00:00+00:00, run_after=2024-05-16 00:00:00+00:00
[2024-05-15T10:43:12.575+0000] {processor.py:183} INFO - Processing /opt/airflow/dags/dag_aribyte_ex.py took 0.080 seconds
[2024-05-15T10:43:42.957+0000] {processor.py:161} INFO - Started process (PID=3581) to work on /opt/airflow/dags/dag_aribyte_ex.py
[2024-05-15T10:43:42.966+0000] {processor.py:830} INFO - Processing file /opt/airflow/dags/dag_aribyte_ex.py for tasks to queue
[2024-05-15T10:43:42.968+0000] {logging_mixin.py:188} INFO - [2024-05-15T10:43:42.967+0000] {dagbag.py:540} INFO - Filling up the DagBag from /opt/airflow/dags/dag_aribyte_ex.py
[2024-05-15T10:43:42.975+0000] {processor.py:840} INFO - DAG(s) 'trigger_airbyte_job_example' retrieved from /opt/airflow/dags/dag_aribyte_ex.py
[2024-05-15T10:43:42.994+0000] {logging_mixin.py:188} INFO - [2024-05-15T10:43:42.994+0000] {dag.py:3096} INFO - Sync 1 DAGs
[2024-05-15T10:43:43.018+0000] {logging_mixin.py:188} INFO - [2024-05-15T10:43:43.018+0000] {dag.py:3954} INFO - Setting next_dagrun for trigger_airbyte_job_example to 2024-05-15 00:00:00+00:00, run_after=2024-05-16 00:00:00+00:00
[2024-05-15T10:43:43.036+0000] {processor.py:183} INFO - Processing /opt/airflow/dags/dag_aribyte_ex.py took 0.085 seconds
[2024-05-15T10:44:13.504+0000] {processor.py:161} INFO - Started process (PID=3640) to work on /opt/airflow/dags/dag_aribyte_ex.py
[2024-05-15T10:44:13.509+0000] {processor.py:830} INFO - Processing file /opt/airflow/dags/dag_aribyte_ex.py for tasks to queue
[2024-05-15T10:44:13.511+0000] {logging_mixin.py:188} INFO - [2024-05-15T10:44:13.510+0000] {dagbag.py:540} INFO - Filling up the DagBag from /opt/airflow/dags/dag_aribyte_ex.py
[2024-05-15T10:44:13.521+0000] {processor.py:840} INFO - DAG(s) 'trigger_airbyte_job_example' retrieved from /opt/airflow/dags/dag_aribyte_ex.py
[2024-05-15T10:44:13.540+0000] {logging_mixin.py:188} INFO - [2024-05-15T10:44:13.540+0000] {dag.py:3096} INFO - Sync 1 DAGs
[2024-05-15T10:44:13.564+0000] {logging_mixin.py:188} INFO - [2024-05-15T10:44:13.563+0000] {dag.py:3954} INFO - Setting next_dagrun for trigger_airbyte_job_example to 2024-05-15 00:00:00+00:00, run_after=2024-05-16 00:00:00+00:00
[2024-05-15T10:44:13.583+0000] {processor.py:183} INFO - Processing /opt/airflow/dags/dag_aribyte_ex.py took 0.086 seconds
[2024-05-15T10:44:44.025+0000] {processor.py:161} INFO - Started process (PID=3699) to work on /opt/airflow/dags/dag_aribyte_ex.py
[2024-05-15T10:44:44.034+0000] {processor.py:830} INFO - Processing file /opt/airflow/dags/dag_aribyte_ex.py for tasks to queue
[2024-05-15T10:44:44.035+0000] {logging_mixin.py:188} INFO - [2024-05-15T10:44:44.035+0000] {dagbag.py:540} INFO - Filling up the DagBag from /opt/airflow/dags/dag_aribyte_ex.py
[2024-05-15T10:44:44.042+0000] {processor.py:840} INFO - DAG(s) 'trigger_airbyte_job_example' retrieved from /opt/airflow/dags/dag_aribyte_ex.py
[2024-05-15T10:44:44.062+0000] {logging_mixin.py:188} INFO - [2024-05-15T10:44:44.062+0000] {dag.py:3096} INFO - Sync 1 DAGs
[2024-05-15T10:44:44.083+0000] {logging_mixin.py:188} INFO - [2024-05-15T10:44:44.083+0000] {dag.py:3954} INFO - Setting next_dagrun for trigger_airbyte_job_example to 2024-05-15 00:00:00+00:00, run_after=2024-05-16 00:00:00+00:00
[2024-05-15T10:44:44.100+0000] {processor.py:183} INFO - Processing /opt/airflow/dags/dag_aribyte_ex.py took 0.082 seconds
[2024-05-15T10:45:14.699+0000] {processor.py:161} INFO - Started process (PID=3758) to work on /opt/airflow/dags/dag_aribyte_ex.py
[2024-05-15T10:45:14.708+0000] {processor.py:830} INFO - Processing file /opt/airflow/dags/dag_aribyte_ex.py for tasks to queue
[2024-05-15T10:45:14.711+0000] {logging_mixin.py:188} INFO - [2024-05-15T10:45:14.710+0000] {dagbag.py:540} INFO - Filling up the DagBag from /opt/airflow/dags/dag_aribyte_ex.py
[2024-05-15T10:45:14.720+0000] {processor.py:840} INFO - DAG(s) 'trigger_airbyte_job_example' retrieved from /opt/airflow/dags/dag_aribyte_ex.py
[2024-05-15T10:45:14.744+0000] {logging_mixin.py:188} INFO - [2024-05-15T10:45:14.744+0000] {dag.py:3096} INFO - Sync 1 DAGs
[2024-05-15T10:45:14.766+0000] {logging_mixin.py:188} INFO - [2024-05-15T10:45:14.766+0000] {dag.py:3954} INFO - Setting next_dagrun for trigger_airbyte_job_example to 2024-05-15 00:00:00+00:00, run_after=2024-05-16 00:00:00+00:00
[2024-05-15T10:45:14.785+0000] {processor.py:183} INFO - Processing /opt/airflow/dags/dag_aribyte_ex.py took 0.093 seconds
[2024-05-15T10:45:45.088+0000] {processor.py:161} INFO - Started process (PID=3817) to work on /opt/airflow/dags/dag_aribyte_ex.py
[2024-05-15T10:45:45.089+0000] {processor.py:830} INFO - Processing file /opt/airflow/dags/dag_aribyte_ex.py for tasks to queue
[2024-05-15T10:45:45.091+0000] {logging_mixin.py:188} INFO - [2024-05-15T10:45:45.091+0000] {dagbag.py:540} INFO - Filling up the DagBag from /opt/airflow/dags/dag_aribyte_ex.py
[2024-05-15T10:45:45.101+0000] {processor.py:840} INFO - DAG(s) 'trigger_airbyte_job_example' retrieved from /opt/airflow/dags/dag_aribyte_ex.py
[2024-05-15T10:45:45.120+0000] {logging_mixin.py:188} INFO - [2024-05-15T10:45:45.120+0000] {dag.py:3096} INFO - Sync 1 DAGs
[2024-05-15T10:45:45.141+0000] {logging_mixin.py:188} INFO - [2024-05-15T10:45:45.141+0000] {dag.py:3954} INFO - Setting next_dagrun for trigger_airbyte_job_example to 2024-05-15 00:00:00+00:00, run_after=2024-05-16 00:00:00+00:00
[2024-05-15T10:45:45.157+0000] {processor.py:183} INFO - Processing /opt/airflow/dags/dag_aribyte_ex.py took 0.076 seconds
[2024-05-15T10:46:15.725+0000] {processor.py:161} INFO - Started process (PID=3882) to work on /opt/airflow/dags/dag_aribyte_ex.py
[2024-05-15T10:46:15.730+0000] {processor.py:830} INFO - Processing file /opt/airflow/dags/dag_aribyte_ex.py for tasks to queue
[2024-05-15T10:46:15.732+0000] {logging_mixin.py:188} INFO - [2024-05-15T10:46:15.732+0000] {dagbag.py:540} INFO - Filling up the DagBag from /opt/airflow/dags/dag_aribyte_ex.py
[2024-05-15T10:46:15.741+0000] {processor.py:840} INFO - DAG(s) 'trigger_airbyte_job_example' retrieved from /opt/airflow/dags/dag_aribyte_ex.py
[2024-05-15T10:46:15.771+0000] {logging_mixin.py:188} INFO - [2024-05-15T10:46:15.771+0000] {dag.py:3096} INFO - Sync 1 DAGs
[2024-05-15T10:46:15.795+0000] {logging_mixin.py:188} INFO - [2024-05-15T10:46:15.795+0000] {dag.py:3954} INFO - Setting next_dagrun for trigger_airbyte_job_example to 2024-05-15 00:00:00+00:00, run_after=2024-05-16 00:00:00+00:00
[2024-05-15T10:46:15.819+0000] {processor.py:183} INFO - Processing /opt/airflow/dags/dag_aribyte_ex.py took 0.100 seconds
[2024-05-15T10:46:46.067+0000] {processor.py:161} INFO - Started process (PID=3941) to work on /opt/airflow/dags/dag_aribyte_ex.py
[2024-05-15T10:46:46.075+0000] {processor.py:830} INFO - Processing file /opt/airflow/dags/dag_aribyte_ex.py for tasks to queue
[2024-05-15T10:46:46.078+0000] {logging_mixin.py:188} INFO - [2024-05-15T10:46:46.077+0000] {dagbag.py:540} INFO - Filling up the DagBag from /opt/airflow/dags/dag_aribyte_ex.py
[2024-05-15T10:46:46.085+0000] {processor.py:840} INFO - DAG(s) 'trigger_airbyte_job_example' retrieved from /opt/airflow/dags/dag_aribyte_ex.py
[2024-05-15T10:46:46.107+0000] {logging_mixin.py:188} INFO - [2024-05-15T10:46:46.106+0000] {dag.py:3096} INFO - Sync 1 DAGs
[2024-05-15T10:46:46.128+0000] {logging_mixin.py:188} INFO - [2024-05-15T10:46:46.128+0000] {dag.py:3954} INFO - Setting next_dagrun for trigger_airbyte_job_example to 2024-05-15 00:00:00+00:00, run_after=2024-05-16 00:00:00+00:00
[2024-05-15T10:46:46.148+0000] {processor.py:183} INFO - Processing /opt/airflow/dags/dag_aribyte_ex.py took 0.088 seconds
[2024-05-15T10:47:16.353+0000] {processor.py:161} INFO - Started process (PID=4000) to work on /opt/airflow/dags/dag_aribyte_ex.py
[2024-05-15T10:47:16.362+0000] {processor.py:830} INFO - Processing file /opt/airflow/dags/dag_aribyte_ex.py for tasks to queue
[2024-05-15T10:47:16.364+0000] {logging_mixin.py:188} INFO - [2024-05-15T10:47:16.364+0000] {dagbag.py:540} INFO - Filling up the DagBag from /opt/airflow/dags/dag_aribyte_ex.py
[2024-05-15T10:47:16.375+0000] {processor.py:840} INFO - DAG(s) 'trigger_airbyte_job_example' retrieved from /opt/airflow/dags/dag_aribyte_ex.py
[2024-05-15T10:47:16.395+0000] {logging_mixin.py:188} INFO - [2024-05-15T10:47:16.395+0000] {dag.py:3096} INFO - Sync 1 DAGs
[2024-05-15T10:47:16.418+0000] {logging_mixin.py:188} INFO - [2024-05-15T10:47:16.418+0000] {dag.py:3954} INFO - Setting next_dagrun for trigger_airbyte_job_example to 2024-05-15 00:00:00+00:00, run_after=2024-05-16 00:00:00+00:00
[2024-05-15T10:47:16.434+0000] {processor.py:183} INFO - Processing /opt/airflow/dags/dag_aribyte_ex.py took 0.086 seconds
[2024-05-15T10:47:46.799+0000] {processor.py:161} INFO - Started process (PID=4059) to work on /opt/airflow/dags/dag_aribyte_ex.py
[2024-05-15T10:47:46.808+0000] {processor.py:830} INFO - Processing file /opt/airflow/dags/dag_aribyte_ex.py for tasks to queue
[2024-05-15T10:47:46.810+0000] {logging_mixin.py:188} INFO - [2024-05-15T10:47:46.810+0000] {dagbag.py:540} INFO - Filling up the DagBag from /opt/airflow/dags/dag_aribyte_ex.py
[2024-05-15T10:47:46.819+0000] {processor.py:840} INFO - DAG(s) 'trigger_airbyte_job_example' retrieved from /opt/airflow/dags/dag_aribyte_ex.py
[2024-05-15T10:47:46.836+0000] {logging_mixin.py:188} INFO - [2024-05-15T10:47:46.835+0000] {dag.py:3096} INFO - Sync 1 DAGs
[2024-05-15T10:47:46.869+0000] {logging_mixin.py:188} INFO - [2024-05-15T10:47:46.869+0000] {dag.py:3954} INFO - Setting next_dagrun for trigger_airbyte_job_example to 2024-05-15 00:00:00+00:00, run_after=2024-05-16 00:00:00+00:00
[2024-05-15T10:47:46.895+0000] {processor.py:183} INFO - Processing /opt/airflow/dags/dag_aribyte_ex.py took 0.102 seconds
