[2024-04-16T07:49:08.359+0000] {local_task_job_runner.py:120} INFO - ::group::Pre task execution logs
[2024-04-16T07:49:08.391+0000] {taskinstance.py:2073} INFO - Dependencies all met for dep_context=non-requeueable deps ti=<TaskInstance: trigger_airbyte_job_example.airbyte_trigger_sync manual__2024-04-16T07:49:04.006077+00:00 [queued]>
[2024-04-16T07:49:08.409+0000] {taskinstance.py:2073} INFO - Dependencies all met for dep_context=requeueable deps ti=<TaskInstance: trigger_airbyte_job_example.airbyte_trigger_sync manual__2024-04-16T07:49:04.006077+00:00 [queued]>
[2024-04-16T07:49:08.409+0000] {taskinstance.py:2303} INFO - Starting attempt 1 of 1
[2024-04-16T07:49:08.440+0000] {taskinstance.py:2327} INFO - Executing <Task(AirbyteTriggerSyncOperator): airbyte_trigger_sync> on 2024-04-16 07:49:04.006077+00:00
[2024-04-16T07:49:08.454+0000] {warnings.py:110} WARNING - /home/***/.local/lib/python3.12/site-packages/***/task/task_runner/standard_task_runner.py:61: DeprecationWarning: This process (pid=643) is multi-threaded, use of fork() may lead to deadlocks in the child.
  pid = os.fork()

[2024-04-16T07:49:08.457+0000] {standard_task_runner.py:63} INFO - Started process 650 to run task
[2024-04-16T07:49:08.459+0000] {standard_task_runner.py:90} INFO - Running: ['***', 'tasks', 'run', 'trigger_airbyte_job_example', 'airbyte_trigger_sync', 'manual__2024-04-16T07:49:04.006077+00:00', '--job-id', '49', '--raw', '--subdir', 'DAGS_FOLDER/dag_aribyte_ex.py', '--cfg-path', '/tmp/tmpdta9kjrh']
[2024-04-16T07:49:08.464+0000] {standard_task_runner.py:91} INFO - Job 49: Subtask airbyte_trigger_sync
[2024-04-16T07:49:08.566+0000] {task_command.py:426} INFO - Running <TaskInstance: trigger_airbyte_job_example.airbyte_trigger_sync manual__2024-04-16T07:49:04.006077+00:00 [running]> on host ff62e46d2b31
[2024-04-16T07:49:08.762+0000] {taskinstance.py:2644} INFO - Exporting env vars: AIRFLOW_CTX_DAG_OWNER='***' AIRFLOW_CTX_DAG_ID='trigger_airbyte_job_example' AIRFLOW_CTX_TASK_ID='airbyte_trigger_sync' AIRFLOW_CTX_EXECUTION_DATE='2024-04-16T07:49:04.006077+00:00' AIRFLOW_CTX_TRY_NUMBER='1' AIRFLOW_CTX_DAG_RUN_ID='manual__2024-04-16T07:49:04.006077+00:00'
[2024-04-16T07:49:08.765+0000] {taskinstance.py:430} INFO - ::endgroup::
[2024-04-16T07:49:08.783+0000] {base.py:84} INFO - Using connection ID '***_call_airbyte' for task execution.
[2024-04-16T07:49:10.041+0000] {airbyte.py:86} INFO - Job 170 was submitted to Airbyte Server
[2024-04-16T07:49:10.042+0000] {taskinstance.py:441} INFO - ::group::Post task execution logs
[2024-04-16T07:49:10.103+0000] {taskinstance.py:1205} INFO - Marking task as SUCCESS. dag_id=trigger_airbyte_job_example, task_id=airbyte_trigger_sync, execution_date=20240416T074904, start_date=20240416T074908, end_date=20240416T074910
[2024-04-16T07:49:10.177+0000] {local_task_job_runner.py:240} INFO - Task exited with return code 0
[2024-04-16T07:49:10.284+0000] {taskinstance.py:3482} INFO - 0 downstream tasks scheduled from follow-on schedule check
[2024-04-16T07:49:10.293+0000] {local_task_job_runner.py:222} INFO - ::endgroup::
