[2024-05-07T09:30:05.782+0000] {local_task_job_runner.py:120} INFO - ::group::Pre task execution logs
[2024-05-07T09:30:05.801+0000] {taskinstance.py:2073} INFO - Dependencies all met for dep_context=non-requeueable deps ti=<TaskInstance: trigger_airbyte_job_example.airbyte_trigger_pokeapi_sync manual__2024-05-07T09:30:02.410713+00:00 [queued]>
[2024-05-07T09:30:05.811+0000] {taskinstance.py:2073} INFO - Dependencies all met for dep_context=requeueable deps ti=<TaskInstance: trigger_airbyte_job_example.airbyte_trigger_pokeapi_sync manual__2024-05-07T09:30:02.410713+00:00 [queued]>
[2024-05-07T09:30:05.811+0000] {taskinstance.py:2303} INFO - Starting attempt 1 of 1
[2024-05-07T09:30:05.825+0000] {taskinstance.py:2327} INFO - Executing <Task(AirbyteTriggerSyncOperator): airbyte_trigger_pokeapi_sync> on 2024-05-07 09:30:02.410713+00:00
[2024-05-07T09:30:05.832+0000] {warnings.py:110} WARNING - /home/***/.local/lib/python3.12/site-packages/***/task/task_runner/standard_task_runner.py:61: DeprecationWarning: This process (pid=848) is multi-threaded, use of fork() may lead to deadlocks in the child.
  pid = os.fork()

[2024-05-07T09:30:05.834+0000] {standard_task_runner.py:63} INFO - Started process 855 to run task
[2024-05-07T09:30:05.834+0000] {standard_task_runner.py:90} INFO - Running: ['***', 'tasks', 'run', 'trigger_airbyte_job_example', 'airbyte_trigger_pokeapi_sync', 'manual__2024-05-07T09:30:02.410713+00:00', '--job-id', '169', '--raw', '--subdir', 'DAGS_FOLDER/dag_aribyte_ex.py', '--cfg-path', '/tmp/tmpuuizr99d']
[2024-05-07T09:30:05.836+0000] {standard_task_runner.py:91} INFO - Job 169: Subtask airbyte_trigger_pokeapi_sync
[2024-05-07T09:30:05.880+0000] {task_command.py:426} INFO - Running <TaskInstance: trigger_airbyte_job_example.airbyte_trigger_pokeapi_sync manual__2024-05-07T09:30:02.410713+00:00 [running]> on host c811ecd915dc
[2024-05-07T09:30:05.971+0000] {taskinstance.py:2644} INFO - Exporting env vars: AIRFLOW_CTX_DAG_OWNER='***' AIRFLOW_CTX_DAG_ID='trigger_airbyte_job_example' AIRFLOW_CTX_TASK_ID='airbyte_trigger_pokeapi_sync' AIRFLOW_CTX_EXECUTION_DATE='2024-05-07T09:30:02.410713+00:00' AIRFLOW_CTX_TRY_NUMBER='1' AIRFLOW_CTX_DAG_RUN_ID='manual__2024-05-07T09:30:02.410713+00:00'
[2024-05-07T09:30:05.973+0000] {taskinstance.py:430} INFO - ::endgroup::
[2024-05-07T09:30:05.983+0000] {base.py:84} INFO - Using connection ID '***_call_airbyte' for task execution.
[2024-05-07T09:30:07.205+0000] {airbyte.py:86} INFO - Job 269 was submitted to Airbyte Server
[2024-05-07T09:30:07.207+0000] {taskinstance.py:441} INFO - ::group::Post task execution logs
[2024-05-07T09:30:07.275+0000] {taskinstance.py:1205} INFO - Marking task as SUCCESS. dag_id=trigger_airbyte_job_example, task_id=airbyte_trigger_pokeapi_sync, execution_date=20240507T093002, start_date=20240507T093005, end_date=20240507T093007
[2024-05-07T09:30:07.335+0000] {local_task_job_runner.py:240} INFO - Task exited with return code 0
[2024-05-07T09:30:07.376+0000] {taskinstance.py:3482} INFO - 1 downstream tasks scheduled from follow-on schedule check
[2024-05-07T09:30:07.379+0000] {local_task_job_runner.py:222} INFO - ::endgroup::
