[2024-04-16T07:49:08.404+0000] {local_task_job_runner.py:120} INFO - ::group::Pre task execution logs
[2024-04-16T07:49:08.432+0000] {taskinstance.py:2073} INFO - Dependencies all met for dep_context=non-requeueable deps ti=<TaskInstance: trigger_airbyte_job_example.airbyte_trigger_sync2 manual__2024-04-16T07:49:04.006077+00:00 [queued]>
[2024-04-16T07:49:08.450+0000] {taskinstance.py:2073} INFO - Dependencies all met for dep_context=requeueable deps ti=<TaskInstance: trigger_airbyte_job_example.airbyte_trigger_sync2 manual__2024-04-16T07:49:04.006077+00:00 [queued]>
[2024-04-16T07:49:08.451+0000] {taskinstance.py:2303} INFO - Starting attempt 1 of 1
[2024-04-16T07:49:08.481+0000] {taskinstance.py:2327} INFO - Executing <Task(AirbyteTriggerSyncOperator): airbyte_trigger_sync2> on 2024-04-16 07:49:04.006077+00:00
[2024-04-16T07:49:08.497+0000] {warnings.py:110} WARNING - /home/***/.local/lib/python3.12/site-packages/***/task/task_runner/standard_task_runner.py:61: DeprecationWarning: This process (pid=644) is multi-threaded, use of fork() may lead to deadlocks in the child.
  pid = os.fork()

[2024-04-16T07:49:08.501+0000] {standard_task_runner.py:63} INFO - Started process 651 to run task
[2024-04-16T07:49:08.505+0000] {standard_task_runner.py:90} INFO - Running: ['***', 'tasks', 'run', 'trigger_airbyte_job_example', 'airbyte_trigger_sync2', 'manual__2024-04-16T07:49:04.006077+00:00', '--job-id', '50', '--raw', '--subdir', 'DAGS_FOLDER/dag_aribyte_ex.py', '--cfg-path', '/tmp/tmp3_04cdv2']
[2024-04-16T07:49:08.510+0000] {standard_task_runner.py:91} INFO - Job 50: Subtask airbyte_trigger_sync2
[2024-04-16T07:49:08.620+0000] {task_command.py:426} INFO - Running <TaskInstance: trigger_airbyte_job_example.airbyte_trigger_sync2 manual__2024-04-16T07:49:04.006077+00:00 [running]> on host ff62e46d2b31
[2024-04-16T07:49:08.803+0000] {taskinstance.py:2644} INFO - Exporting env vars: AIRFLOW_CTX_DAG_OWNER='***' AIRFLOW_CTX_DAG_ID='trigger_airbyte_job_example' AIRFLOW_CTX_TASK_ID='airbyte_trigger_sync2' AIRFLOW_CTX_EXECUTION_DATE='2024-04-16T07:49:04.006077+00:00' AIRFLOW_CTX_TRY_NUMBER='1' AIRFLOW_CTX_DAG_RUN_ID='manual__2024-04-16T07:49:04.006077+00:00'
[2024-04-16T07:49:08.807+0000] {taskinstance.py:430} INFO - ::endgroup::
[2024-04-16T07:49:08.824+0000] {base.py:84} INFO - Using connection ID '***_call_airbyte' for task execution.
[2024-04-16T07:49:10.408+0000] {airbyte.py:86} INFO - Job 171 was submitted to Airbyte Server
[2024-04-16T07:49:10.409+0000] {taskinstance.py:441} INFO - ::group::Post task execution logs
[2024-04-16T07:49:10.566+0000] {taskinstance.py:1205} INFO - Marking task as SUCCESS. dag_id=trigger_airbyte_job_example, task_id=airbyte_trigger_sync2, execution_date=20240416T074904, start_date=20240416T074908, end_date=20240416T074910
[2024-04-16T07:49:10.679+0000] {local_task_job_runner.py:240} INFO - Task exited with return code 0
[2024-04-16T07:49:10.753+0000] {taskinstance.py:3482} INFO - 1 downstream tasks scheduled from follow-on schedule check
[2024-04-16T07:49:10.759+0000] {local_task_job_runner.py:222} INFO - ::endgroup::
