[2024-04-10T09:43:18.677+0000] {local_task_job_runner.py:120} INFO - ::group::Pre task execution logs
[2024-04-10T09:43:18.722+0000] {taskinstance.py:2073} INFO - Dependencies all met for dep_context=non-requeueable deps ti=<TaskInstance: trigger_airbyte_job_example.airbyte_trigger_sync manual__2024-04-10T09:43:10.396564+00:00 [queued]>
[2024-04-10T09:43:18.742+0000] {taskinstance.py:2073} INFO - Dependencies all met for dep_context=requeueable deps ti=<TaskInstance: trigger_airbyte_job_example.airbyte_trigger_sync manual__2024-04-10T09:43:10.396564+00:00 [queued]>
[2024-04-10T09:43:18.743+0000] {taskinstance.py:2303} INFO - Starting attempt 1 of 1
[2024-04-10T09:43:18.772+0000] {taskinstance.py:2327} INFO - Executing <Task(AirbyteTriggerSyncOperator): airbyte_trigger_sync> on 2024-04-10 09:43:10.396564+00:00
[2024-04-10T09:43:18.798+0000] {warnings.py:110} WARNING - /home/***/.local/lib/python3.12/site-packages/***/task/task_runner/standard_task_runner.py:61: DeprecationWarning: This process (pid=844) is multi-threaded, use of fork() may lead to deadlocks in the child.
  pid = os.fork()

[2024-04-10T09:43:18.801+0000] {standard_task_runner.py:63} INFO - Started process 846 to run task
[2024-04-10T09:43:18.802+0000] {standard_task_runner.py:90} INFO - Running: ['***', 'tasks', 'run', 'trigger_airbyte_job_example', 'airbyte_trigger_sync', 'manual__2024-04-10T09:43:10.396564+00:00', '--job-id', '19', '--raw', '--subdir', 'DAGS_FOLDER/dag_aribyte_ex.py', '--cfg-path', '/tmp/tmpb9fz84vk']
[2024-04-10T09:43:18.810+0000] {standard_task_runner.py:91} INFO - Job 19: Subtask airbyte_trigger_sync
[2024-04-10T09:43:18.920+0000] {task_command.py:426} INFO - Running <TaskInstance: trigger_airbyte_job_example.airbyte_trigger_sync manual__2024-04-10T09:43:10.396564+00:00 [running]> on host ff62e46d2b31
[2024-04-10T09:43:19.097+0000] {taskinstance.py:2644} INFO - Exporting env vars: AIRFLOW_CTX_DAG_OWNER='***' AIRFLOW_CTX_DAG_ID='trigger_airbyte_job_example' AIRFLOW_CTX_TASK_ID='airbyte_trigger_sync' AIRFLOW_CTX_EXECUTION_DATE='2024-04-10T09:43:10.396564+00:00' AIRFLOW_CTX_TRY_NUMBER='1' AIRFLOW_CTX_DAG_RUN_ID='manual__2024-04-10T09:43:10.396564+00:00'
[2024-04-10T09:43:19.100+0000] {taskinstance.py:430} INFO - ::endgroup::
[2024-04-10T09:43:19.118+0000] {base.py:84} INFO - Using connection ID '***_call_airbyte' for task execution.
[2024-04-10T09:43:20.373+0000] {airbyte.py:86} INFO - Job 139 was submitted to Airbyte Server
[2024-04-10T09:43:20.374+0000] {taskinstance.py:441} INFO - ::group::Post task execution logs
[2024-04-10T09:43:20.416+0000] {taskinstance.py:1205} INFO - Marking task as SUCCESS. dag_id=trigger_airbyte_job_example, task_id=airbyte_trigger_sync, execution_date=20240410T094310, start_date=20240410T094318, end_date=20240410T094320
[2024-04-10T09:43:20.475+0000] {local_task_job_runner.py:240} INFO - Task exited with return code 0
[2024-04-10T09:43:20.517+0000] {taskinstance.py:3482} INFO - 1 downstream tasks scheduled from follow-on schedule check
[2024-04-10T09:43:20.523+0000] {local_task_job_runner.py:222} INFO - ::endgroup::
