[2024-04-17T08:59:14.568+0000] {local_task_job_runner.py:120} INFO - ::group::Pre task execution logs
[2024-04-17T08:59:14.694+0000] {taskinstance.py:2073} INFO - Dependencies all met for dep_context=non-requeueable deps ti=<TaskInstance: trigger_airbyte_job_example.airbyte_check_sync manual__2024-04-17T07:54:29.697693+00:00 [queued]>
[2024-04-17T08:59:14.736+0000] {taskinstance.py:2073} INFO - Dependencies all met for dep_context=requeueable deps ti=<TaskInstance: trigger_airbyte_job_example.airbyte_check_sync manual__2024-04-17T07:54:29.697693+00:00 [queued]>
[2024-04-17T08:59:14.737+0000] {taskinstance.py:2303} INFO - Starting attempt 1 of 1
[2024-04-17T08:59:14.815+0000] {taskinstance.py:2327} INFO - Executing <Task(AirbyteJobSensor): airbyte_check_sync> on 2024-04-17 07:54:29.697693+00:00
[2024-04-17T08:59:14.844+0000] {warnings.py:110} WARNING - /home/***/.local/lib/python3.12/site-packages/***/task/task_runner/standard_task_runner.py:61: DeprecationWarning: This process (pid=70) is multi-threaded, use of fork() may lead to deadlocks in the child.
  pid = os.fork()

[2024-04-17T08:59:14.875+0000] {standard_task_runner.py:63} INFO - Started process 72 to run task
[2024-04-17T08:59:14.891+0000] {standard_task_runner.py:90} INFO - Running: ['***', 'tasks', 'run', 'trigger_airbyte_job_example', 'airbyte_check_sync', 'manual__2024-04-17T07:54:29.697693+00:00', '--job-id', '72', '--raw', '--subdir', 'DAGS_FOLDER/dag_aribyte_ex.py', '--cfg-path', '/tmp/tmpny8edy37']
[2024-04-17T08:59:14.926+0000] {standard_task_runner.py:91} INFO - Job 72: Subtask airbyte_check_sync
[2024-04-17T08:59:15.419+0000] {task_command.py:426} INFO - Running <TaskInstance: trigger_airbyte_job_example.airbyte_check_sync manual__2024-04-17T07:54:29.697693+00:00 [running]> on host ff62e46d2b31
[2024-04-17T08:59:16.434+0000] {taskinstance.py:2644} INFO - Exporting env vars: AIRFLOW_CTX_DAG_OWNER='***' AIRFLOW_CTX_DAG_ID='trigger_airbyte_job_example' AIRFLOW_CTX_TASK_ID='airbyte_check_sync' AIRFLOW_CTX_EXECUTION_DATE='2024-04-17T07:54:29.697693+00:00' AIRFLOW_CTX_TRY_NUMBER='1' AIRFLOW_CTX_DAG_RUN_ID='manual__2024-04-17T07:54:29.697693+00:00'
[2024-04-17T08:59:16.440+0000] {taskinstance.py:430} INFO - ::endgroup::
[2024-04-17T08:59:16.447+0000] {baseoperator.py:399} WARNING - AirbyteJobSensor.execute cannot be called outside TaskInstance!
[2024-04-17T08:59:16.592+0000] {base.py:84} INFO - Using connection ID '***_call_airbyte' for task execution.
[2024-04-17T08:59:16.794+0000] {airbyte.py:104} INFO - Waiting for job 191 to complete.
[2024-04-17T09:00:16.812+0000] {base.py:84} INFO - Using connection ID '***_call_airbyte' for task execution.
[2024-04-17T09:00:16.840+0000] {airbyte.py:99} INFO - Job 191 completed successfully.
[2024-04-17T09:00:16.841+0000] {base.py:294} INFO - Success criteria met. Exiting.
[2024-04-17T09:00:16.841+0000] {taskinstance.py:441} INFO - ::group::Post task execution logs
[2024-04-17T09:00:16.852+0000] {taskinstance.py:1205} INFO - Marking task as SUCCESS. dag_id=trigger_airbyte_job_example, task_id=airbyte_check_sync, execution_date=20240417T075429, start_date=20240417T085914, end_date=20240417T090016
[2024-04-17T09:00:16.911+0000] {local_task_job_runner.py:240} INFO - Task exited with return code 0
[2024-04-17T09:00:16.923+0000] {taskinstance.py:3482} INFO - 0 downstream tasks scheduled from follow-on schedule check
[2024-04-17T09:00:16.926+0000] {local_task_job_runner.py:222} INFO - ::endgroup::
