[2024-05-15T10:12:36.362+0000] {processor.py:161} INFO - Started process (PID=86) to work on /home/airflow/.local/lib/python3.12/site-packages/airflow/example_dags/example_branch_python_dop_operator_3.py
[2024-05-15T10:12:36.364+0000] {processor.py:830} INFO - Processing file /home/airflow/.local/lib/python3.12/site-packages/airflow/example_dags/example_branch_python_dop_operator_3.py for tasks to queue
[2024-05-15T10:12:36.367+0000] {logging_mixin.py:188} INFO - [2024-05-15T10:12:36.366+0000] {dagbag.py:540} INFO - Filling up the DagBag from /home/airflow/.local/lib/python3.12/site-packages/airflow/example_dags/example_branch_python_dop_operator_3.py
[2024-05-15T10:12:36.380+0000] {processor.py:840} INFO - DAG(s) 'example_branch_dop_operator_v3' retrieved from /home/airflow/.local/lib/python3.12/site-packages/airflow/example_dags/example_branch_python_dop_operator_3.py
[2024-05-15T10:12:36.408+0000] {logging_mixin.py:188} INFO - [2024-05-15T10:12:36.407+0000] {dag.py:3096} INFO - Sync 1 DAGs
[2024-05-15T10:12:36.442+0000] {logging_mixin.py:188} INFO - [2024-05-15T10:12:36.442+0000] {dag.py:3954} INFO - Setting next_dagrun for example_branch_dop_operator_v3 to 2024-05-15 10:11:00+00:00, run_after=2024-05-15 10:12:00+00:00
[2024-05-15T10:12:36.468+0000] {processor.py:183} INFO - Processing /home/airflow/.local/lib/python3.12/site-packages/airflow/example_dags/example_branch_python_dop_operator_3.py took 0.115 seconds
[2024-05-15T10:13:07.012+0000] {processor.py:161} INFO - Started process (PID=145) to work on /home/airflow/.local/lib/python3.12/site-packages/airflow/example_dags/example_branch_python_dop_operator_3.py
[2024-05-15T10:13:07.013+0000] {processor.py:830} INFO - Processing file /home/airflow/.local/lib/python3.12/site-packages/airflow/example_dags/example_branch_python_dop_operator_3.py for tasks to queue
[2024-05-15T10:13:07.014+0000] {logging_mixin.py:188} INFO - [2024-05-15T10:13:07.014+0000] {dagbag.py:540} INFO - Filling up the DagBag from /home/airflow/.local/lib/python3.12/site-packages/airflow/example_dags/example_branch_python_dop_operator_3.py
[2024-05-15T10:13:07.022+0000] {processor.py:840} INFO - DAG(s) 'example_branch_dop_operator_v3' retrieved from /home/airflow/.local/lib/python3.12/site-packages/airflow/example_dags/example_branch_python_dop_operator_3.py
[2024-05-15T10:13:07.041+0000] {logging_mixin.py:188} INFO - [2024-05-15T10:13:07.041+0000] {dag.py:3096} INFO - Sync 1 DAGs
[2024-05-15T10:13:07.064+0000] {logging_mixin.py:188} INFO - [2024-05-15T10:13:07.064+0000] {dag.py:3954} INFO - Setting next_dagrun for example_branch_dop_operator_v3 to 2024-05-15 10:12:00+00:00, run_after=2024-05-15 10:13:00+00:00
[2024-05-15T10:13:07.087+0000] {processor.py:183} INFO - Processing /home/airflow/.local/lib/python3.12/site-packages/airflow/example_dags/example_branch_python_dop_operator_3.py took 0.081 seconds
[2024-05-15T10:13:37.272+0000] {processor.py:161} INFO - Started process (PID=204) to work on /home/airflow/.local/lib/python3.12/site-packages/airflow/example_dags/example_branch_python_dop_operator_3.py
[2024-05-15T10:13:37.273+0000] {processor.py:830} INFO - Processing file /home/airflow/.local/lib/python3.12/site-packages/airflow/example_dags/example_branch_python_dop_operator_3.py for tasks to queue
[2024-05-15T10:13:37.275+0000] {logging_mixin.py:188} INFO - [2024-05-15T10:13:37.275+0000] {dagbag.py:540} INFO - Filling up the DagBag from /home/airflow/.local/lib/python3.12/site-packages/airflow/example_dags/example_branch_python_dop_operator_3.py
[2024-05-15T10:13:37.284+0000] {processor.py:840} INFO - DAG(s) 'example_branch_dop_operator_v3' retrieved from /home/airflow/.local/lib/python3.12/site-packages/airflow/example_dags/example_branch_python_dop_operator_3.py
[2024-05-15T10:13:37.304+0000] {logging_mixin.py:188} INFO - [2024-05-15T10:13:37.304+0000] {dag.py:3096} INFO - Sync 1 DAGs
[2024-05-15T10:13:37.327+0000] {logging_mixin.py:188} INFO - [2024-05-15T10:13:37.327+0000] {dag.py:3954} INFO - Setting next_dagrun for example_branch_dop_operator_v3 to 2024-05-15 10:12:00+00:00, run_after=2024-05-15 10:13:00+00:00
[2024-05-15T10:13:37.349+0000] {processor.py:183} INFO - Processing /home/airflow/.local/lib/python3.12/site-packages/airflow/example_dags/example_branch_python_dop_operator_3.py took 0.081 seconds
[2024-05-15T10:14:07.380+0000] {processor.py:161} INFO - Started process (PID=263) to work on /home/airflow/.local/lib/python3.12/site-packages/airflow/example_dags/example_branch_python_dop_operator_3.py
[2024-05-15T10:14:07.381+0000] {processor.py:830} INFO - Processing file /home/airflow/.local/lib/python3.12/site-packages/airflow/example_dags/example_branch_python_dop_operator_3.py for tasks to queue
[2024-05-15T10:14:07.383+0000] {logging_mixin.py:188} INFO - [2024-05-15T10:14:07.383+0000] {dagbag.py:540} INFO - Filling up the DagBag from /home/airflow/.local/lib/python3.12/site-packages/airflow/example_dags/example_branch_python_dop_operator_3.py
[2024-05-15T10:14:07.392+0000] {processor.py:840} INFO - DAG(s) 'example_branch_dop_operator_v3' retrieved from /home/airflow/.local/lib/python3.12/site-packages/airflow/example_dags/example_branch_python_dop_operator_3.py
[2024-05-15T10:14:07.417+0000] {logging_mixin.py:188} INFO - [2024-05-15T10:14:07.416+0000] {dag.py:3096} INFO - Sync 1 DAGs
[2024-05-15T10:14:07.443+0000] {logging_mixin.py:188} INFO - [2024-05-15T10:14:07.443+0000] {dag.py:3954} INFO - Setting next_dagrun for example_branch_dop_operator_v3 to 2024-05-15 10:13:00+00:00, run_after=2024-05-15 10:14:00+00:00
[2024-05-15T10:14:07.464+0000] {processor.py:183} INFO - Processing /home/airflow/.local/lib/python3.12/site-packages/airflow/example_dags/example_branch_python_dop_operator_3.py took 0.091 seconds
[2024-05-15T10:14:37.653+0000] {processor.py:161} INFO - Started process (PID=322) to work on /home/airflow/.local/lib/python3.12/site-packages/airflow/example_dags/example_branch_python_dop_operator_3.py
[2024-05-15T10:14:37.654+0000] {processor.py:830} INFO - Processing file /home/airflow/.local/lib/python3.12/site-packages/airflow/example_dags/example_branch_python_dop_operator_3.py for tasks to queue
[2024-05-15T10:14:37.655+0000] {logging_mixin.py:188} INFO - [2024-05-15T10:14:37.655+0000] {dagbag.py:540} INFO - Filling up the DagBag from /home/airflow/.local/lib/python3.12/site-packages/airflow/example_dags/example_branch_python_dop_operator_3.py
[2024-05-15T10:14:37.663+0000] {processor.py:840} INFO - DAG(s) 'example_branch_dop_operator_v3' retrieved from /home/airflow/.local/lib/python3.12/site-packages/airflow/example_dags/example_branch_python_dop_operator_3.py
[2024-05-15T10:14:37.681+0000] {logging_mixin.py:188} INFO - [2024-05-15T10:14:37.681+0000] {dag.py:3096} INFO - Sync 1 DAGs
[2024-05-15T10:14:37.706+0000] {logging_mixin.py:188} INFO - [2024-05-15T10:14:37.706+0000] {dag.py:3954} INFO - Setting next_dagrun for example_branch_dop_operator_v3 to 2024-05-15 10:13:00+00:00, run_after=2024-05-15 10:14:00+00:00
[2024-05-15T10:14:37.725+0000] {processor.py:183} INFO - Processing /home/airflow/.local/lib/python3.12/site-packages/airflow/example_dags/example_branch_python_dop_operator_3.py took 0.077 seconds
[2024-05-15T10:15:07.776+0000] {processor.py:161} INFO - Started process (PID=381) to work on /home/airflow/.local/lib/python3.12/site-packages/airflow/example_dags/example_branch_python_dop_operator_3.py
[2024-05-15T10:15:07.777+0000] {processor.py:830} INFO - Processing file /home/airflow/.local/lib/python3.12/site-packages/airflow/example_dags/example_branch_python_dop_operator_3.py for tasks to queue
[2024-05-15T10:15:07.778+0000] {logging_mixin.py:188} INFO - [2024-05-15T10:15:07.778+0000] {dagbag.py:540} INFO - Filling up the DagBag from /home/airflow/.local/lib/python3.12/site-packages/airflow/example_dags/example_branch_python_dop_operator_3.py
[2024-05-15T10:15:07.785+0000] {processor.py:840} INFO - DAG(s) 'example_branch_dop_operator_v3' retrieved from /home/airflow/.local/lib/python3.12/site-packages/airflow/example_dags/example_branch_python_dop_operator_3.py
[2024-05-15T10:15:07.804+0000] {logging_mixin.py:188} INFO - [2024-05-15T10:15:07.804+0000] {dag.py:3096} INFO - Sync 1 DAGs
[2024-05-15T10:15:07.824+0000] {logging_mixin.py:188} INFO - [2024-05-15T10:15:07.824+0000] {dag.py:3954} INFO - Setting next_dagrun for example_branch_dop_operator_v3 to 2024-05-15 10:14:00+00:00, run_after=2024-05-15 10:15:00+00:00
[2024-05-15T10:15:07.844+0000] {processor.py:183} INFO - Processing /home/airflow/.local/lib/python3.12/site-packages/airflow/example_dags/example_branch_python_dop_operator_3.py took 0.073 seconds
[2024-05-15T10:15:38.297+0000] {processor.py:161} INFO - Started process (PID=440) to work on /home/airflow/.local/lib/python3.12/site-packages/airflow/example_dags/example_branch_python_dop_operator_3.py
[2024-05-15T10:15:38.298+0000] {processor.py:830} INFO - Processing file /home/airflow/.local/lib/python3.12/site-packages/airflow/example_dags/example_branch_python_dop_operator_3.py for tasks to queue
[2024-05-15T10:15:38.299+0000] {logging_mixin.py:188} INFO - [2024-05-15T10:15:38.299+0000] {dagbag.py:540} INFO - Filling up the DagBag from /home/airflow/.local/lib/python3.12/site-packages/airflow/example_dags/example_branch_python_dop_operator_3.py
[2024-05-15T10:15:38.306+0000] {processor.py:840} INFO - DAG(s) 'example_branch_dop_operator_v3' retrieved from /home/airflow/.local/lib/python3.12/site-packages/airflow/example_dags/example_branch_python_dop_operator_3.py
[2024-05-15T10:15:38.325+0000] {logging_mixin.py:188} INFO - [2024-05-15T10:15:38.325+0000] {dag.py:3096} INFO - Sync 1 DAGs
[2024-05-15T10:15:38.347+0000] {logging_mixin.py:188} INFO - [2024-05-15T10:15:38.346+0000] {dag.py:3954} INFO - Setting next_dagrun for example_branch_dop_operator_v3 to 2024-05-15 10:14:00+00:00, run_after=2024-05-15 10:15:00+00:00
[2024-05-15T10:15:38.365+0000] {processor.py:183} INFO - Processing /home/airflow/.local/lib/python3.12/site-packages/airflow/example_dags/example_branch_python_dop_operator_3.py took 0.073 seconds
[2024-05-15T10:16:09.241+0000] {processor.py:161} INFO - Started process (PID=499) to work on /home/airflow/.local/lib/python3.12/site-packages/airflow/example_dags/example_branch_python_dop_operator_3.py
[2024-05-15T10:16:09.243+0000] {processor.py:830} INFO - Processing file /home/airflow/.local/lib/python3.12/site-packages/airflow/example_dags/example_branch_python_dop_operator_3.py for tasks to queue
[2024-05-15T10:16:09.245+0000] {logging_mixin.py:188} INFO - [2024-05-15T10:16:09.245+0000] {dagbag.py:540} INFO - Filling up the DagBag from /home/airflow/.local/lib/python3.12/site-packages/airflow/example_dags/example_branch_python_dop_operator_3.py
[2024-05-15T10:16:09.260+0000] {processor.py:840} INFO - DAG(s) 'example_branch_dop_operator_v3' retrieved from /home/airflow/.local/lib/python3.12/site-packages/airflow/example_dags/example_branch_python_dop_operator_3.py
[2024-05-15T10:16:09.282+0000] {logging_mixin.py:188} INFO - [2024-05-15T10:16:09.281+0000] {dag.py:3096} INFO - Sync 1 DAGs
[2024-05-15T10:16:09.326+0000] {logging_mixin.py:188} INFO - [2024-05-15T10:16:09.325+0000] {dag.py:3954} INFO - Setting next_dagrun for example_branch_dop_operator_v3 to 2024-05-15 10:15:00+00:00, run_after=2024-05-15 10:16:00+00:00
[2024-05-15T10:16:09.365+0000] {processor.py:183} INFO - Processing /home/airflow/.local/lib/python3.12/site-packages/airflow/example_dags/example_branch_python_dop_operator_3.py took 0.139 seconds
[2024-05-15T10:16:39.417+0000] {processor.py:161} INFO - Started process (PID=558) to work on /home/airflow/.local/lib/python3.12/site-packages/airflow/example_dags/example_branch_python_dop_operator_3.py
[2024-05-15T10:16:39.419+0000] {processor.py:830} INFO - Processing file /home/airflow/.local/lib/python3.12/site-packages/airflow/example_dags/example_branch_python_dop_operator_3.py for tasks to queue
[2024-05-15T10:16:39.421+0000] {logging_mixin.py:188} INFO - [2024-05-15T10:16:39.421+0000] {dagbag.py:540} INFO - Filling up the DagBag from /home/airflow/.local/lib/python3.12/site-packages/airflow/example_dags/example_branch_python_dop_operator_3.py
[2024-05-15T10:16:39.432+0000] {processor.py:840} INFO - DAG(s) 'example_branch_dop_operator_v3' retrieved from /home/airflow/.local/lib/python3.12/site-packages/airflow/example_dags/example_branch_python_dop_operator_3.py
[2024-05-15T10:16:39.457+0000] {logging_mixin.py:188} INFO - [2024-05-15T10:16:39.457+0000] {dag.py:3096} INFO - Sync 1 DAGs
[2024-05-15T10:16:39.487+0000] {logging_mixin.py:188} INFO - [2024-05-15T10:16:39.487+0000] {dag.py:3954} INFO - Setting next_dagrun for example_branch_dop_operator_v3 to 2024-05-15 10:15:00+00:00, run_after=2024-05-15 10:16:00+00:00
[2024-05-15T10:16:39.509+0000] {processor.py:183} INFO - Processing /home/airflow/.local/lib/python3.12/site-packages/airflow/example_dags/example_branch_python_dop_operator_3.py took 0.098 seconds
[2024-05-15T10:17:09.645+0000] {processor.py:161} INFO - Started process (PID=617) to work on /home/airflow/.local/lib/python3.12/site-packages/airflow/example_dags/example_branch_python_dop_operator_3.py
[2024-05-15T10:17:09.646+0000] {processor.py:830} INFO - Processing file /home/airflow/.local/lib/python3.12/site-packages/airflow/example_dags/example_branch_python_dop_operator_3.py for tasks to queue
[2024-05-15T10:17:09.648+0000] {logging_mixin.py:188} INFO - [2024-05-15T10:17:09.647+0000] {dagbag.py:540} INFO - Filling up the DagBag from /home/airflow/.local/lib/python3.12/site-packages/airflow/example_dags/example_branch_python_dop_operator_3.py
[2024-05-15T10:17:09.657+0000] {processor.py:840} INFO - DAG(s) 'example_branch_dop_operator_v3' retrieved from /home/airflow/.local/lib/python3.12/site-packages/airflow/example_dags/example_branch_python_dop_operator_3.py
[2024-05-15T10:17:09.675+0000] {logging_mixin.py:188} INFO - [2024-05-15T10:17:09.675+0000] {dag.py:3096} INFO - Sync 1 DAGs
[2024-05-15T10:17:09.698+0000] {logging_mixin.py:188} INFO - [2024-05-15T10:17:09.698+0000] {dag.py:3954} INFO - Setting next_dagrun for example_branch_dop_operator_v3 to 2024-05-15 10:16:00+00:00, run_after=2024-05-15 10:17:00+00:00
[2024-05-15T10:17:09.713+0000] {processor.py:183} INFO - Processing /home/airflow/.local/lib/python3.12/site-packages/airflow/example_dags/example_branch_python_dop_operator_3.py took 0.074 seconds
[2024-05-15T10:17:40.011+0000] {processor.py:161} INFO - Started process (PID=676) to work on /home/airflow/.local/lib/python3.12/site-packages/airflow/example_dags/example_branch_python_dop_operator_3.py
[2024-05-15T10:17:40.012+0000] {processor.py:830} INFO - Processing file /home/airflow/.local/lib/python3.12/site-packages/airflow/example_dags/example_branch_python_dop_operator_3.py for tasks to queue
[2024-05-15T10:17:40.014+0000] {logging_mixin.py:188} INFO - [2024-05-15T10:17:40.013+0000] {dagbag.py:540} INFO - Filling up the DagBag from /home/airflow/.local/lib/python3.12/site-packages/airflow/example_dags/example_branch_python_dop_operator_3.py
[2024-05-15T10:17:40.022+0000] {processor.py:840} INFO - DAG(s) 'example_branch_dop_operator_v3' retrieved from /home/airflow/.local/lib/python3.12/site-packages/airflow/example_dags/example_branch_python_dop_operator_3.py
[2024-05-15T10:17:40.043+0000] {logging_mixin.py:188} INFO - [2024-05-15T10:17:40.042+0000] {dag.py:3096} INFO - Sync 1 DAGs
[2024-05-15T10:17:40.067+0000] {logging_mixin.py:188} INFO - [2024-05-15T10:17:40.067+0000] {dag.py:3954} INFO - Setting next_dagrun for example_branch_dop_operator_v3 to 2024-05-15 10:16:00+00:00, run_after=2024-05-15 10:17:00+00:00
[2024-05-15T10:17:40.086+0000] {processor.py:183} INFO - Processing /home/airflow/.local/lib/python3.12/site-packages/airflow/example_dags/example_branch_python_dop_operator_3.py took 0.081 seconds
[2024-05-15T10:18:10.916+0000] {processor.py:161} INFO - Started process (PID=735) to work on /home/airflow/.local/lib/python3.12/site-packages/airflow/example_dags/example_branch_python_dop_operator_3.py
[2024-05-15T10:18:10.917+0000] {processor.py:830} INFO - Processing file /home/airflow/.local/lib/python3.12/site-packages/airflow/example_dags/example_branch_python_dop_operator_3.py for tasks to queue
[2024-05-15T10:18:10.918+0000] {logging_mixin.py:188} INFO - [2024-05-15T10:18:10.918+0000] {dagbag.py:540} INFO - Filling up the DagBag from /home/airflow/.local/lib/python3.12/site-packages/airflow/example_dags/example_branch_python_dop_operator_3.py
[2024-05-15T10:18:10.925+0000] {processor.py:840} INFO - DAG(s) 'example_branch_dop_operator_v3' retrieved from /home/airflow/.local/lib/python3.12/site-packages/airflow/example_dags/example_branch_python_dop_operator_3.py
[2024-05-15T10:18:10.942+0000] {logging_mixin.py:188} INFO - [2024-05-15T10:18:10.942+0000] {dag.py:3096} INFO - Sync 1 DAGs
[2024-05-15T10:18:10.964+0000] {logging_mixin.py:188} INFO - [2024-05-15T10:18:10.964+0000] {dag.py:3954} INFO - Setting next_dagrun for example_branch_dop_operator_v3 to 2024-05-15 10:17:00+00:00, run_after=2024-05-15 10:18:00+00:00
[2024-05-15T10:18:10.979+0000] {processor.py:183} INFO - Processing /home/airflow/.local/lib/python3.12/site-packages/airflow/example_dags/example_branch_python_dop_operator_3.py took 0.068 seconds
[2024-05-15T10:18:41.950+0000] {processor.py:161} INFO - Started process (PID=794) to work on /home/airflow/.local/lib/python3.12/site-packages/airflow/example_dags/example_branch_python_dop_operator_3.py
[2024-05-15T10:18:41.951+0000] {processor.py:830} INFO - Processing file /home/airflow/.local/lib/python3.12/site-packages/airflow/example_dags/example_branch_python_dop_operator_3.py for tasks to queue
[2024-05-15T10:18:41.953+0000] {logging_mixin.py:188} INFO - [2024-05-15T10:18:41.953+0000] {dagbag.py:540} INFO - Filling up the DagBag from /home/airflow/.local/lib/python3.12/site-packages/airflow/example_dags/example_branch_python_dop_operator_3.py
[2024-05-15T10:18:41.962+0000] {processor.py:840} INFO - DAG(s) 'example_branch_dop_operator_v3' retrieved from /home/airflow/.local/lib/python3.12/site-packages/airflow/example_dags/example_branch_python_dop_operator_3.py
[2024-05-15T10:18:41.983+0000] {logging_mixin.py:188} INFO - [2024-05-15T10:18:41.983+0000] {dag.py:3096} INFO - Sync 1 DAGs
[2024-05-15T10:18:42.007+0000] {logging_mixin.py:188} INFO - [2024-05-15T10:18:42.006+0000] {dag.py:3954} INFO - Setting next_dagrun for example_branch_dop_operator_v3 to 2024-05-15 10:17:00+00:00, run_after=2024-05-15 10:18:00+00:00
[2024-05-15T10:18:42.026+0000] {processor.py:183} INFO - Processing /home/airflow/.local/lib/python3.12/site-packages/airflow/example_dags/example_branch_python_dop_operator_3.py took 0.083 seconds
[2024-05-15T10:19:12.369+0000] {processor.py:161} INFO - Started process (PID=853) to work on /home/airflow/.local/lib/python3.12/site-packages/airflow/example_dags/example_branch_python_dop_operator_3.py
[2024-05-15T10:19:12.370+0000] {processor.py:830} INFO - Processing file /home/airflow/.local/lib/python3.12/site-packages/airflow/example_dags/example_branch_python_dop_operator_3.py for tasks to queue
[2024-05-15T10:19:12.371+0000] {logging_mixin.py:188} INFO - [2024-05-15T10:19:12.371+0000] {dagbag.py:540} INFO - Filling up the DagBag from /home/airflow/.local/lib/python3.12/site-packages/airflow/example_dags/example_branch_python_dop_operator_3.py
[2024-05-15T10:19:12.379+0000] {processor.py:840} INFO - DAG(s) 'example_branch_dop_operator_v3' retrieved from /home/airflow/.local/lib/python3.12/site-packages/airflow/example_dags/example_branch_python_dop_operator_3.py
[2024-05-15T10:19:12.396+0000] {logging_mixin.py:188} INFO - [2024-05-15T10:19:12.396+0000] {dag.py:3096} INFO - Sync 1 DAGs
[2024-05-15T10:19:12.421+0000] {logging_mixin.py:188} INFO - [2024-05-15T10:19:12.420+0000] {dag.py:3954} INFO - Setting next_dagrun for example_branch_dop_operator_v3 to 2024-05-15 10:18:00+00:00, run_after=2024-05-15 10:19:00+00:00
[2024-05-15T10:19:12.438+0000] {processor.py:183} INFO - Processing /home/airflow/.local/lib/python3.12/site-packages/airflow/example_dags/example_branch_python_dop_operator_3.py took 0.074 seconds
[2024-05-15T10:19:43.231+0000] {processor.py:161} INFO - Started process (PID=912) to work on /home/airflow/.local/lib/python3.12/site-packages/airflow/example_dags/example_branch_python_dop_operator_3.py
[2024-05-15T10:19:43.232+0000] {processor.py:830} INFO - Processing file /home/airflow/.local/lib/python3.12/site-packages/airflow/example_dags/example_branch_python_dop_operator_3.py for tasks to queue
[2024-05-15T10:19:43.234+0000] {logging_mixin.py:188} INFO - [2024-05-15T10:19:43.234+0000] {dagbag.py:540} INFO - Filling up the DagBag from /home/airflow/.local/lib/python3.12/site-packages/airflow/example_dags/example_branch_python_dop_operator_3.py
[2024-05-15T10:19:43.243+0000] {processor.py:840} INFO - DAG(s) 'example_branch_dop_operator_v3' retrieved from /home/airflow/.local/lib/python3.12/site-packages/airflow/example_dags/example_branch_python_dop_operator_3.py
[2024-05-15T10:19:43.261+0000] {logging_mixin.py:188} INFO - [2024-05-15T10:19:43.261+0000] {dag.py:3096} INFO - Sync 1 DAGs
[2024-05-15T10:19:43.285+0000] {logging_mixin.py:188} INFO - [2024-05-15T10:19:43.284+0000] {dag.py:3954} INFO - Setting next_dagrun for example_branch_dop_operator_v3 to 2024-05-15 10:18:00+00:00, run_after=2024-05-15 10:19:00+00:00
[2024-05-15T10:19:43.300+0000] {processor.py:183} INFO - Processing /home/airflow/.local/lib/python3.12/site-packages/airflow/example_dags/example_branch_python_dop_operator_3.py took 0.074 seconds
[2024-05-15T10:20:14.113+0000] {processor.py:161} INFO - Started process (PID=977) to work on /home/airflow/.local/lib/python3.12/site-packages/airflow/example_dags/example_branch_python_dop_operator_3.py
[2024-05-15T10:20:14.115+0000] {processor.py:830} INFO - Processing file /home/airflow/.local/lib/python3.12/site-packages/airflow/example_dags/example_branch_python_dop_operator_3.py for tasks to queue
[2024-05-15T10:20:14.116+0000] {logging_mixin.py:188} INFO - [2024-05-15T10:20:14.116+0000] {dagbag.py:540} INFO - Filling up the DagBag from /home/airflow/.local/lib/python3.12/site-packages/airflow/example_dags/example_branch_python_dop_operator_3.py
[2024-05-15T10:20:14.124+0000] {processor.py:840} INFO - DAG(s) 'example_branch_dop_operator_v3' retrieved from /home/airflow/.local/lib/python3.12/site-packages/airflow/example_dags/example_branch_python_dop_operator_3.py
[2024-05-15T10:20:14.141+0000] {logging_mixin.py:188} INFO - [2024-05-15T10:20:14.141+0000] {dag.py:3096} INFO - Sync 1 DAGs
[2024-05-15T10:20:14.164+0000] {logging_mixin.py:188} INFO - [2024-05-15T10:20:14.164+0000] {dag.py:3954} INFO - Setting next_dagrun for example_branch_dop_operator_v3 to 2024-05-15 10:19:00+00:00, run_after=2024-05-15 10:20:00+00:00
[2024-05-15T10:20:14.179+0000] {processor.py:183} INFO - Processing /home/airflow/.local/lib/python3.12/site-packages/airflow/example_dags/example_branch_python_dop_operator_3.py took 0.071 seconds
[2024-05-15T10:20:45.175+0000] {processor.py:161} INFO - Started process (PID=1036) to work on /home/airflow/.local/lib/python3.12/site-packages/airflow/example_dags/example_branch_python_dop_operator_3.py
[2024-05-15T10:20:45.176+0000] {processor.py:830} INFO - Processing file /home/airflow/.local/lib/python3.12/site-packages/airflow/example_dags/example_branch_python_dop_operator_3.py for tasks to queue
[2024-05-15T10:20:45.178+0000] {logging_mixin.py:188} INFO - [2024-05-15T10:20:45.178+0000] {dagbag.py:540} INFO - Filling up the DagBag from /home/airflow/.local/lib/python3.12/site-packages/airflow/example_dags/example_branch_python_dop_operator_3.py
[2024-05-15T10:20:45.191+0000] {processor.py:840} INFO - DAG(s) 'example_branch_dop_operator_v3' retrieved from /home/airflow/.local/lib/python3.12/site-packages/airflow/example_dags/example_branch_python_dop_operator_3.py
[2024-05-15T10:20:45.215+0000] {logging_mixin.py:188} INFO - [2024-05-15T10:20:45.215+0000] {dag.py:3096} INFO - Sync 1 DAGs
[2024-05-15T10:20:45.360+0000] {logging_mixin.py:188} INFO - [2024-05-15T10:20:45.360+0000] {dag.py:3954} INFO - Setting next_dagrun for example_branch_dop_operator_v3 to 2024-05-15 10:19:00+00:00, run_after=2024-05-15 10:20:00+00:00
[2024-05-15T10:20:45.376+0000] {processor.py:183} INFO - Processing /home/airflow/.local/lib/python3.12/site-packages/airflow/example_dags/example_branch_python_dop_operator_3.py took 0.206 seconds
[2024-05-15T10:21:15.561+0000] {processor.py:161} INFO - Started process (PID=1095) to work on /home/airflow/.local/lib/python3.12/site-packages/airflow/example_dags/example_branch_python_dop_operator_3.py
[2024-05-15T10:21:15.562+0000] {processor.py:830} INFO - Processing file /home/airflow/.local/lib/python3.12/site-packages/airflow/example_dags/example_branch_python_dop_operator_3.py for tasks to queue
[2024-05-15T10:21:15.564+0000] {logging_mixin.py:188} INFO - [2024-05-15T10:21:15.563+0000] {dagbag.py:540} INFO - Filling up the DagBag from /home/airflow/.local/lib/python3.12/site-packages/airflow/example_dags/example_branch_python_dop_operator_3.py
[2024-05-15T10:21:15.570+0000] {processor.py:840} INFO - DAG(s) 'example_branch_dop_operator_v3' retrieved from /home/airflow/.local/lib/python3.12/site-packages/airflow/example_dags/example_branch_python_dop_operator_3.py
[2024-05-15T10:21:15.587+0000] {logging_mixin.py:188} INFO - [2024-05-15T10:21:15.586+0000] {dag.py:3096} INFO - Sync 1 DAGs
[2024-05-15T10:21:15.611+0000] {logging_mixin.py:188} INFO - [2024-05-15T10:21:15.611+0000] {dag.py:3954} INFO - Setting next_dagrun for example_branch_dop_operator_v3 to 2024-05-15 10:20:00+00:00, run_after=2024-05-15 10:21:00+00:00
[2024-05-15T10:21:15.632+0000] {processor.py:183} INFO - Processing /home/airflow/.local/lib/python3.12/site-packages/airflow/example_dags/example_branch_python_dop_operator_3.py took 0.076 seconds
[2024-05-15T10:21:45.723+0000] {processor.py:161} INFO - Started process (PID=1154) to work on /home/airflow/.local/lib/python3.12/site-packages/airflow/example_dags/example_branch_python_dop_operator_3.py
[2024-05-15T10:21:45.724+0000] {processor.py:830} INFO - Processing file /home/airflow/.local/lib/python3.12/site-packages/airflow/example_dags/example_branch_python_dop_operator_3.py for tasks to queue
[2024-05-15T10:21:45.726+0000] {logging_mixin.py:188} INFO - [2024-05-15T10:21:45.726+0000] {dagbag.py:540} INFO - Filling up the DagBag from /home/airflow/.local/lib/python3.12/site-packages/airflow/example_dags/example_branch_python_dop_operator_3.py
[2024-05-15T10:21:45.736+0000] {processor.py:840} INFO - DAG(s) 'example_branch_dop_operator_v3' retrieved from /home/airflow/.local/lib/python3.12/site-packages/airflow/example_dags/example_branch_python_dop_operator_3.py
[2024-05-15T10:21:45.754+0000] {logging_mixin.py:188} INFO - [2024-05-15T10:21:45.754+0000] {dag.py:3096} INFO - Sync 1 DAGs
[2024-05-15T10:21:45.773+0000] {logging_mixin.py:188} INFO - [2024-05-15T10:21:45.773+0000] {dag.py:3954} INFO - Setting next_dagrun for example_branch_dop_operator_v3 to 2024-05-15 10:20:00+00:00, run_after=2024-05-15 10:21:00+00:00
[2024-05-15T10:21:45.787+0000] {processor.py:183} INFO - Processing /home/airflow/.local/lib/python3.12/site-packages/airflow/example_dags/example_branch_python_dop_operator_3.py took 0.070 seconds
[2024-05-15T10:22:15.893+0000] {processor.py:161} INFO - Started process (PID=1213) to work on /home/airflow/.local/lib/python3.12/site-packages/airflow/example_dags/example_branch_python_dop_operator_3.py
[2024-05-15T10:22:15.894+0000] {processor.py:830} INFO - Processing file /home/airflow/.local/lib/python3.12/site-packages/airflow/example_dags/example_branch_python_dop_operator_3.py for tasks to queue
[2024-05-15T10:22:15.896+0000] {logging_mixin.py:188} INFO - [2024-05-15T10:22:15.895+0000] {dagbag.py:540} INFO - Filling up the DagBag from /home/airflow/.local/lib/python3.12/site-packages/airflow/example_dags/example_branch_python_dop_operator_3.py
[2024-05-15T10:22:15.905+0000] {processor.py:840} INFO - DAG(s) 'example_branch_dop_operator_v3' retrieved from /home/airflow/.local/lib/python3.12/site-packages/airflow/example_dags/example_branch_python_dop_operator_3.py
[2024-05-15T10:22:15.923+0000] {logging_mixin.py:188} INFO - [2024-05-15T10:22:15.923+0000] {dag.py:3096} INFO - Sync 1 DAGs
[2024-05-15T10:22:15.950+0000] {logging_mixin.py:188} INFO - [2024-05-15T10:22:15.950+0000] {dag.py:3954} INFO - Setting next_dagrun for example_branch_dop_operator_v3 to 2024-05-15 10:21:00+00:00, run_after=2024-05-15 10:22:00+00:00
[2024-05-15T10:22:15.966+0000] {processor.py:183} INFO - Processing /home/airflow/.local/lib/python3.12/site-packages/airflow/example_dags/example_branch_python_dop_operator_3.py took 0.078 seconds
[2024-05-15T10:22:46.659+0000] {processor.py:161} INFO - Started process (PID=1272) to work on /home/airflow/.local/lib/python3.12/site-packages/airflow/example_dags/example_branch_python_dop_operator_3.py
[2024-05-15T10:22:46.660+0000] {processor.py:830} INFO - Processing file /home/airflow/.local/lib/python3.12/site-packages/airflow/example_dags/example_branch_python_dop_operator_3.py for tasks to queue
[2024-05-15T10:22:46.662+0000] {logging_mixin.py:188} INFO - [2024-05-15T10:22:46.662+0000] {dagbag.py:540} INFO - Filling up the DagBag from /home/airflow/.local/lib/python3.12/site-packages/airflow/example_dags/example_branch_python_dop_operator_3.py
[2024-05-15T10:22:46.672+0000] {processor.py:840} INFO - DAG(s) 'example_branch_dop_operator_v3' retrieved from /home/airflow/.local/lib/python3.12/site-packages/airflow/example_dags/example_branch_python_dop_operator_3.py
[2024-05-15T10:22:46.691+0000] {logging_mixin.py:188} INFO - [2024-05-15T10:22:46.691+0000] {dag.py:3096} INFO - Sync 1 DAGs
[2024-05-15T10:22:46.725+0000] {logging_mixin.py:188} INFO - [2024-05-15T10:22:46.725+0000] {dag.py:3954} INFO - Setting next_dagrun for example_branch_dop_operator_v3 to 2024-05-15 10:21:00+00:00, run_after=2024-05-15 10:22:00+00:00
[2024-05-15T10:22:46.746+0000] {processor.py:183} INFO - Processing /home/airflow/.local/lib/python3.12/site-packages/airflow/example_dags/example_branch_python_dop_operator_3.py took 0.092 seconds
[2024-05-15T10:23:17.602+0000] {processor.py:161} INFO - Started process (PID=1331) to work on /home/airflow/.local/lib/python3.12/site-packages/airflow/example_dags/example_branch_python_dop_operator_3.py
[2024-05-15T10:23:17.604+0000] {processor.py:830} INFO - Processing file /home/airflow/.local/lib/python3.12/site-packages/airflow/example_dags/example_branch_python_dop_operator_3.py for tasks to queue
[2024-05-15T10:23:17.606+0000] {logging_mixin.py:188} INFO - [2024-05-15T10:23:17.606+0000] {dagbag.py:540} INFO - Filling up the DagBag from /home/airflow/.local/lib/python3.12/site-packages/airflow/example_dags/example_branch_python_dop_operator_3.py
[2024-05-15T10:23:17.619+0000] {processor.py:840} INFO - DAG(s) 'example_branch_dop_operator_v3' retrieved from /home/airflow/.local/lib/python3.12/site-packages/airflow/example_dags/example_branch_python_dop_operator_3.py
[2024-05-15T10:23:17.641+0000] {logging_mixin.py:188} INFO - [2024-05-15T10:23:17.641+0000] {dag.py:3096} INFO - Sync 1 DAGs
[2024-05-15T10:23:17.671+0000] {logging_mixin.py:188} INFO - [2024-05-15T10:23:17.671+0000] {dag.py:3954} INFO - Setting next_dagrun for example_branch_dop_operator_v3 to 2024-05-15 10:22:00+00:00, run_after=2024-05-15 10:23:00+00:00
[2024-05-15T10:23:17.693+0000] {processor.py:183} INFO - Processing /home/airflow/.local/lib/python3.12/site-packages/airflow/example_dags/example_branch_python_dop_operator_3.py took 0.101 seconds
[2024-05-15T10:23:48.548+0000] {processor.py:161} INFO - Started process (PID=1390) to work on /home/airflow/.local/lib/python3.12/site-packages/airflow/example_dags/example_branch_python_dop_operator_3.py
[2024-05-15T10:23:48.549+0000] {processor.py:830} INFO - Processing file /home/airflow/.local/lib/python3.12/site-packages/airflow/example_dags/example_branch_python_dop_operator_3.py for tasks to queue
[2024-05-15T10:23:48.550+0000] {logging_mixin.py:188} INFO - [2024-05-15T10:23:48.550+0000] {dagbag.py:540} INFO - Filling up the DagBag from /home/airflow/.local/lib/python3.12/site-packages/airflow/example_dags/example_branch_python_dop_operator_3.py
[2024-05-15T10:23:48.558+0000] {processor.py:840} INFO - DAG(s) 'example_branch_dop_operator_v3' retrieved from /home/airflow/.local/lib/python3.12/site-packages/airflow/example_dags/example_branch_python_dop_operator_3.py
[2024-05-15T10:23:48.573+0000] {logging_mixin.py:188} INFO - [2024-05-15T10:23:48.573+0000] {dag.py:3096} INFO - Sync 1 DAGs
[2024-05-15T10:23:48.594+0000] {logging_mixin.py:188} INFO - [2024-05-15T10:23:48.594+0000] {dag.py:3954} INFO - Setting next_dagrun for example_branch_dop_operator_v3 to 2024-05-15 10:22:00+00:00, run_after=2024-05-15 10:23:00+00:00
[2024-05-15T10:23:48.612+0000] {processor.py:183} INFO - Processing /home/airflow/.local/lib/python3.12/site-packages/airflow/example_dags/example_branch_python_dop_operator_3.py took 0.071 seconds
[2024-05-15T10:24:18.798+0000] {processor.py:161} INFO - Started process (PID=1449) to work on /home/airflow/.local/lib/python3.12/site-packages/airflow/example_dags/example_branch_python_dop_operator_3.py
[2024-05-15T10:24:18.799+0000] {processor.py:830} INFO - Processing file /home/airflow/.local/lib/python3.12/site-packages/airflow/example_dags/example_branch_python_dop_operator_3.py for tasks to queue
[2024-05-15T10:24:18.801+0000] {logging_mixin.py:188} INFO - [2024-05-15T10:24:18.801+0000] {dagbag.py:540} INFO - Filling up the DagBag from /home/airflow/.local/lib/python3.12/site-packages/airflow/example_dags/example_branch_python_dop_operator_3.py
[2024-05-15T10:24:18.809+0000] {processor.py:840} INFO - DAG(s) 'example_branch_dop_operator_v3' retrieved from /home/airflow/.local/lib/python3.12/site-packages/airflow/example_dags/example_branch_python_dop_operator_3.py
[2024-05-15T10:24:18.826+0000] {logging_mixin.py:188} INFO - [2024-05-15T10:24:18.825+0000] {dag.py:3096} INFO - Sync 1 DAGs
[2024-05-15T10:24:18.851+0000] {logging_mixin.py:188} INFO - [2024-05-15T10:24:18.851+0000] {dag.py:3954} INFO - Setting next_dagrun for example_branch_dop_operator_v3 to 2024-05-15 10:23:00+00:00, run_after=2024-05-15 10:24:00+00:00
[2024-05-15T10:24:18.875+0000] {processor.py:183} INFO - Processing /home/airflow/.local/lib/python3.12/site-packages/airflow/example_dags/example_branch_python_dop_operator_3.py took 0.082 seconds
[2024-05-15T10:24:49.121+0000] {processor.py:161} INFO - Started process (PID=1508) to work on /home/airflow/.local/lib/python3.12/site-packages/airflow/example_dags/example_branch_python_dop_operator_3.py
[2024-05-15T10:24:49.122+0000] {processor.py:830} INFO - Processing file /home/airflow/.local/lib/python3.12/site-packages/airflow/example_dags/example_branch_python_dop_operator_3.py for tasks to queue
[2024-05-15T10:24:49.123+0000] {logging_mixin.py:188} INFO - [2024-05-15T10:24:49.123+0000] {dagbag.py:540} INFO - Filling up the DagBag from /home/airflow/.local/lib/python3.12/site-packages/airflow/example_dags/example_branch_python_dop_operator_3.py
[2024-05-15T10:24:49.132+0000] {processor.py:840} INFO - DAG(s) 'example_branch_dop_operator_v3' retrieved from /home/airflow/.local/lib/python3.12/site-packages/airflow/example_dags/example_branch_python_dop_operator_3.py
[2024-05-15T10:24:49.151+0000] {logging_mixin.py:188} INFO - [2024-05-15T10:24:49.151+0000] {dag.py:3096} INFO - Sync 1 DAGs
[2024-05-15T10:24:49.175+0000] {logging_mixin.py:188} INFO - [2024-05-15T10:24:49.174+0000] {dag.py:3954} INFO - Setting next_dagrun for example_branch_dop_operator_v3 to 2024-05-15 10:23:00+00:00, run_after=2024-05-15 10:24:00+00:00
[2024-05-15T10:24:49.191+0000] {processor.py:183} INFO - Processing /home/airflow/.local/lib/python3.12/site-packages/airflow/example_dags/example_branch_python_dop_operator_3.py took 0.075 seconds
[2024-05-15T10:25:19.363+0000] {processor.py:161} INFO - Started process (PID=1567) to work on /home/airflow/.local/lib/python3.12/site-packages/airflow/example_dags/example_branch_python_dop_operator_3.py
[2024-05-15T10:25:19.364+0000] {processor.py:830} INFO - Processing file /home/airflow/.local/lib/python3.12/site-packages/airflow/example_dags/example_branch_python_dop_operator_3.py for tasks to queue
[2024-05-15T10:25:19.365+0000] {logging_mixin.py:188} INFO - [2024-05-15T10:25:19.365+0000] {dagbag.py:540} INFO - Filling up the DagBag from /home/airflow/.local/lib/python3.12/site-packages/airflow/example_dags/example_branch_python_dop_operator_3.py
[2024-05-15T10:25:19.375+0000] {processor.py:840} INFO - DAG(s) 'example_branch_dop_operator_v3' retrieved from /home/airflow/.local/lib/python3.12/site-packages/airflow/example_dags/example_branch_python_dop_operator_3.py
[2024-05-15T10:25:19.396+0000] {logging_mixin.py:188} INFO - [2024-05-15T10:25:19.396+0000] {dag.py:3096} INFO - Sync 1 DAGs
[2024-05-15T10:25:19.415+0000] {logging_mixin.py:188} INFO - [2024-05-15T10:25:19.415+0000] {dag.py:3954} INFO - Setting next_dagrun for example_branch_dop_operator_v3 to 2024-05-15 10:24:00+00:00, run_after=2024-05-15 10:25:00+00:00
[2024-05-15T10:25:19.431+0000] {processor.py:183} INFO - Processing /home/airflow/.local/lib/python3.12/site-packages/airflow/example_dags/example_branch_python_dop_operator_3.py took 0.074 seconds
[2024-05-15T10:25:49.527+0000] {processor.py:161} INFO - Started process (PID=1626) to work on /home/airflow/.local/lib/python3.12/site-packages/airflow/example_dags/example_branch_python_dop_operator_3.py
[2024-05-15T10:25:49.529+0000] {processor.py:830} INFO - Processing file /home/airflow/.local/lib/python3.12/site-packages/airflow/example_dags/example_branch_python_dop_operator_3.py for tasks to queue
[2024-05-15T10:25:49.531+0000] {logging_mixin.py:188} INFO - [2024-05-15T10:25:49.530+0000] {dagbag.py:540} INFO - Filling up the DagBag from /home/airflow/.local/lib/python3.12/site-packages/airflow/example_dags/example_branch_python_dop_operator_3.py
[2024-05-15T10:25:49.540+0000] {processor.py:840} INFO - DAG(s) 'example_branch_dop_operator_v3' retrieved from /home/airflow/.local/lib/python3.12/site-packages/airflow/example_dags/example_branch_python_dop_operator_3.py
[2024-05-15T10:25:49.559+0000] {logging_mixin.py:188} INFO - [2024-05-15T10:25:49.559+0000] {dag.py:3096} INFO - Sync 1 DAGs
[2024-05-15T10:25:49.578+0000] {logging_mixin.py:188} INFO - [2024-05-15T10:25:49.578+0000] {dag.py:3954} INFO - Setting next_dagrun for example_branch_dop_operator_v3 to 2024-05-15 10:24:00+00:00, run_after=2024-05-15 10:25:00+00:00
[2024-05-15T10:25:49.593+0000] {processor.py:183} INFO - Processing /home/airflow/.local/lib/python3.12/site-packages/airflow/example_dags/example_branch_python_dop_operator_3.py took 0.074 seconds
[2024-05-15T10:26:19.619+0000] {processor.py:161} INFO - Started process (PID=1685) to work on /home/airflow/.local/lib/python3.12/site-packages/airflow/example_dags/example_branch_python_dop_operator_3.py
[2024-05-15T10:26:19.620+0000] {processor.py:830} INFO - Processing file /home/airflow/.local/lib/python3.12/site-packages/airflow/example_dags/example_branch_python_dop_operator_3.py for tasks to queue
[2024-05-15T10:26:19.622+0000] {logging_mixin.py:188} INFO - [2024-05-15T10:26:19.621+0000] {dagbag.py:540} INFO - Filling up the DagBag from /home/airflow/.local/lib/python3.12/site-packages/airflow/example_dags/example_branch_python_dop_operator_3.py
[2024-05-15T10:26:19.628+0000] {processor.py:840} INFO - DAG(s) 'example_branch_dop_operator_v3' retrieved from /home/airflow/.local/lib/python3.12/site-packages/airflow/example_dags/example_branch_python_dop_operator_3.py
[2024-05-15T10:26:19.645+0000] {logging_mixin.py:188} INFO - [2024-05-15T10:26:19.645+0000] {dag.py:3096} INFO - Sync 1 DAGs
[2024-05-15T10:26:19.665+0000] {logging_mixin.py:188} INFO - [2024-05-15T10:26:19.665+0000] {dag.py:3954} INFO - Setting next_dagrun for example_branch_dop_operator_v3 to 2024-05-15 10:25:00+00:00, run_after=2024-05-15 10:26:00+00:00
[2024-05-15T10:26:19.684+0000] {processor.py:183} INFO - Processing /home/airflow/.local/lib/python3.12/site-packages/airflow/example_dags/example_branch_python_dop_operator_3.py took 0.070 seconds
[2024-05-15T10:26:49.859+0000] {processor.py:161} INFO - Started process (PID=1744) to work on /home/airflow/.local/lib/python3.12/site-packages/airflow/example_dags/example_branch_python_dop_operator_3.py
[2024-05-15T10:26:49.860+0000] {processor.py:830} INFO - Processing file /home/airflow/.local/lib/python3.12/site-packages/airflow/example_dags/example_branch_python_dop_operator_3.py for tasks to queue
[2024-05-15T10:26:49.862+0000] {logging_mixin.py:188} INFO - [2024-05-15T10:26:49.862+0000] {dagbag.py:540} INFO - Filling up the DagBag from /home/airflow/.local/lib/python3.12/site-packages/airflow/example_dags/example_branch_python_dop_operator_3.py
[2024-05-15T10:26:49.869+0000] {processor.py:840} INFO - DAG(s) 'example_branch_dop_operator_v3' retrieved from /home/airflow/.local/lib/python3.12/site-packages/airflow/example_dags/example_branch_python_dop_operator_3.py
[2024-05-15T10:26:49.888+0000] {logging_mixin.py:188} INFO - [2024-05-15T10:26:49.887+0000] {dag.py:3096} INFO - Sync 1 DAGs
[2024-05-15T10:26:49.912+0000] {logging_mixin.py:188} INFO - [2024-05-15T10:26:49.911+0000] {dag.py:3954} INFO - Setting next_dagrun for example_branch_dop_operator_v3 to 2024-05-15 10:25:00+00:00, run_after=2024-05-15 10:26:00+00:00
[2024-05-15T10:26:49.928+0000] {processor.py:183} INFO - Processing /home/airflow/.local/lib/python3.12/site-packages/airflow/example_dags/example_branch_python_dop_operator_3.py took 0.074 seconds
[2024-05-15T10:27:20.022+0000] {processor.py:161} INFO - Started process (PID=1803) to work on /home/airflow/.local/lib/python3.12/site-packages/airflow/example_dags/example_branch_python_dop_operator_3.py
[2024-05-15T10:27:20.023+0000] {processor.py:830} INFO - Processing file /home/airflow/.local/lib/python3.12/site-packages/airflow/example_dags/example_branch_python_dop_operator_3.py for tasks to queue
[2024-05-15T10:27:20.025+0000] {logging_mixin.py:188} INFO - [2024-05-15T10:27:20.024+0000] {dagbag.py:540} INFO - Filling up the DagBag from /home/airflow/.local/lib/python3.12/site-packages/airflow/example_dags/example_branch_python_dop_operator_3.py
[2024-05-15T10:27:20.034+0000] {processor.py:840} INFO - DAG(s) 'example_branch_dop_operator_v3' retrieved from /home/airflow/.local/lib/python3.12/site-packages/airflow/example_dags/example_branch_python_dop_operator_3.py
[2024-05-15T10:27:20.052+0000] {logging_mixin.py:188} INFO - [2024-05-15T10:27:20.052+0000] {dag.py:3096} INFO - Sync 1 DAGs
[2024-05-15T10:27:20.072+0000] {logging_mixin.py:188} INFO - [2024-05-15T10:27:20.072+0000] {dag.py:3954} INFO - Setting next_dagrun for example_branch_dop_operator_v3 to 2024-05-15 10:26:00+00:00, run_after=2024-05-15 10:27:00+00:00
[2024-05-15T10:27:20.089+0000] {processor.py:183} INFO - Processing /home/airflow/.local/lib/python3.12/site-packages/airflow/example_dags/example_branch_python_dop_operator_3.py took 0.072 seconds
[2024-05-15T10:27:50.233+0000] {processor.py:161} INFO - Started process (PID=1862) to work on /home/airflow/.local/lib/python3.12/site-packages/airflow/example_dags/example_branch_python_dop_operator_3.py
[2024-05-15T10:27:50.234+0000] {processor.py:830} INFO - Processing file /home/airflow/.local/lib/python3.12/site-packages/airflow/example_dags/example_branch_python_dop_operator_3.py for tasks to queue
[2024-05-15T10:27:50.235+0000] {logging_mixin.py:188} INFO - [2024-05-15T10:27:50.235+0000] {dagbag.py:540} INFO - Filling up the DagBag from /home/airflow/.local/lib/python3.12/site-packages/airflow/example_dags/example_branch_python_dop_operator_3.py
[2024-05-15T10:27:50.242+0000] {processor.py:840} INFO - DAG(s) 'example_branch_dop_operator_v3' retrieved from /home/airflow/.local/lib/python3.12/site-packages/airflow/example_dags/example_branch_python_dop_operator_3.py
[2024-05-15T10:27:50.259+0000] {logging_mixin.py:188} INFO - [2024-05-15T10:27:50.259+0000] {dag.py:3096} INFO - Sync 1 DAGs
[2024-05-15T10:27:50.281+0000] {logging_mixin.py:188} INFO - [2024-05-15T10:27:50.281+0000] {dag.py:3954} INFO - Setting next_dagrun for example_branch_dop_operator_v3 to 2024-05-15 10:26:00+00:00, run_after=2024-05-15 10:27:00+00:00
[2024-05-15T10:27:50.300+0000] {processor.py:183} INFO - Processing /home/airflow/.local/lib/python3.12/site-packages/airflow/example_dags/example_branch_python_dop_operator_3.py took 0.072 seconds
[2024-05-15T10:28:20.395+0000] {processor.py:161} INFO - Started process (PID=1922) to work on /home/airflow/.local/lib/python3.12/site-packages/airflow/example_dags/example_branch_python_dop_operator_3.py
[2024-05-15T10:28:20.396+0000] {processor.py:830} INFO - Processing file /home/airflow/.local/lib/python3.12/site-packages/airflow/example_dags/example_branch_python_dop_operator_3.py for tasks to queue
[2024-05-15T10:28:20.398+0000] {logging_mixin.py:188} INFO - [2024-05-15T10:28:20.397+0000] {dagbag.py:540} INFO - Filling up the DagBag from /home/airflow/.local/lib/python3.12/site-packages/airflow/example_dags/example_branch_python_dop_operator_3.py
[2024-05-15T10:28:20.408+0000] {processor.py:840} INFO - DAG(s) 'example_branch_dop_operator_v3' retrieved from /home/airflow/.local/lib/python3.12/site-packages/airflow/example_dags/example_branch_python_dop_operator_3.py
[2024-05-15T10:28:20.430+0000] {logging_mixin.py:188} INFO - [2024-05-15T10:28:20.430+0000] {dag.py:3096} INFO - Sync 1 DAGs
[2024-05-15T10:28:20.457+0000] {logging_mixin.py:188} INFO - [2024-05-15T10:28:20.457+0000] {dag.py:3954} INFO - Setting next_dagrun for example_branch_dop_operator_v3 to 2024-05-15 10:27:00+00:00, run_after=2024-05-15 10:28:00+00:00
[2024-05-15T10:28:20.477+0000] {processor.py:183} INFO - Processing /home/airflow/.local/lib/python3.12/site-packages/airflow/example_dags/example_branch_python_dop_operator_3.py took 0.088 seconds
[2024-05-15T10:29:42.831+0000] {processor.py:161} INFO - Started process (PID=1973) to work on /home/airflow/.local/lib/python3.12/site-packages/airflow/example_dags/example_branch_python_dop_operator_3.py
[2024-05-15T10:29:42.834+0000] {processor.py:830} INFO - Processing file /home/airflow/.local/lib/python3.12/site-packages/airflow/example_dags/example_branch_python_dop_operator_3.py for tasks to queue
[2024-05-15T10:29:42.837+0000] {logging_mixin.py:188} INFO - [2024-05-15T10:29:42.836+0000] {dagbag.py:540} INFO - Filling up the DagBag from /home/airflow/.local/lib/python3.12/site-packages/airflow/example_dags/example_branch_python_dop_operator_3.py
[2024-05-15T10:29:42.853+0000] {processor.py:840} INFO - DAG(s) 'example_branch_dop_operator_v3' retrieved from /home/airflow/.local/lib/python3.12/site-packages/airflow/example_dags/example_branch_python_dop_operator_3.py
[2024-05-15T10:29:42.889+0000] {logging_mixin.py:188} INFO - [2024-05-15T10:29:42.889+0000] {dag.py:3096} INFO - Sync 1 DAGs
[2024-05-15T10:29:42.954+0000] {logging_mixin.py:188} INFO - [2024-05-15T10:29:42.953+0000] {dag.py:3954} INFO - Setting next_dagrun for example_branch_dop_operator_v3 to 2024-05-15 10:28:00+00:00, run_after=2024-05-15 10:29:00+00:00
[2024-05-15T10:29:43.005+0000] {processor.py:183} INFO - Processing /home/airflow/.local/lib/python3.12/site-packages/airflow/example_dags/example_branch_python_dop_operator_3.py took 0.187 seconds
[2024-05-15T10:30:13.096+0000] {processor.py:161} INFO - Started process (PID=2032) to work on /home/airflow/.local/lib/python3.12/site-packages/airflow/example_dags/example_branch_python_dop_operator_3.py
[2024-05-15T10:30:13.097+0000] {processor.py:830} INFO - Processing file /home/airflow/.local/lib/python3.12/site-packages/airflow/example_dags/example_branch_python_dop_operator_3.py for tasks to queue
[2024-05-15T10:30:13.099+0000] {logging_mixin.py:188} INFO - [2024-05-15T10:30:13.098+0000] {dagbag.py:540} INFO - Filling up the DagBag from /home/airflow/.local/lib/python3.12/site-packages/airflow/example_dags/example_branch_python_dop_operator_3.py
[2024-05-15T10:30:13.109+0000] {processor.py:840} INFO - DAG(s) 'example_branch_dop_operator_v3' retrieved from /home/airflow/.local/lib/python3.12/site-packages/airflow/example_dags/example_branch_python_dop_operator_3.py
[2024-05-15T10:30:13.125+0000] {logging_mixin.py:188} INFO - [2024-05-15T10:30:13.125+0000] {dag.py:3096} INFO - Sync 1 DAGs
[2024-05-15T10:30:13.150+0000] {logging_mixin.py:188} INFO - [2024-05-15T10:30:13.150+0000] {dag.py:3954} INFO - Setting next_dagrun for example_branch_dop_operator_v3 to 2024-05-15 10:29:00+00:00, run_after=2024-05-15 10:30:00+00:00
[2024-05-15T10:30:13.168+0000] {processor.py:183} INFO - Processing /home/airflow/.local/lib/python3.12/site-packages/airflow/example_dags/example_branch_python_dop_operator_3.py took 0.077 seconds
[2024-05-15T10:30:44.061+0000] {processor.py:161} INFO - Started process (PID=2091) to work on /home/airflow/.local/lib/python3.12/site-packages/airflow/example_dags/example_branch_python_dop_operator_3.py
[2024-05-15T10:30:44.062+0000] {processor.py:830} INFO - Processing file /home/airflow/.local/lib/python3.12/site-packages/airflow/example_dags/example_branch_python_dop_operator_3.py for tasks to queue
[2024-05-15T10:30:44.065+0000] {logging_mixin.py:188} INFO - [2024-05-15T10:30:44.065+0000] {dagbag.py:540} INFO - Filling up the DagBag from /home/airflow/.local/lib/python3.12/site-packages/airflow/example_dags/example_branch_python_dop_operator_3.py
[2024-05-15T10:30:44.073+0000] {processor.py:840} INFO - DAG(s) 'example_branch_dop_operator_v3' retrieved from /home/airflow/.local/lib/python3.12/site-packages/airflow/example_dags/example_branch_python_dop_operator_3.py
[2024-05-15T10:30:44.092+0000] {logging_mixin.py:188} INFO - [2024-05-15T10:30:44.092+0000] {dag.py:3096} INFO - Sync 1 DAGs
[2024-05-15T10:30:44.117+0000] {logging_mixin.py:188} INFO - [2024-05-15T10:30:44.117+0000] {dag.py:3954} INFO - Setting next_dagrun for example_branch_dop_operator_v3 to 2024-05-15 10:29:00+00:00, run_after=2024-05-15 10:30:00+00:00
[2024-05-15T10:30:44.137+0000] {processor.py:183} INFO - Processing /home/airflow/.local/lib/python3.12/site-packages/airflow/example_dags/example_branch_python_dop_operator_3.py took 0.084 seconds
[2024-05-15T10:31:14.512+0000] {processor.py:161} INFO - Started process (PID=2156) to work on /home/airflow/.local/lib/python3.12/site-packages/airflow/example_dags/example_branch_python_dop_operator_3.py
[2024-05-15T10:31:14.514+0000] {processor.py:830} INFO - Processing file /home/airflow/.local/lib/python3.12/site-packages/airflow/example_dags/example_branch_python_dop_operator_3.py for tasks to queue
[2024-05-15T10:31:14.517+0000] {logging_mixin.py:188} INFO - [2024-05-15T10:31:14.516+0000] {dagbag.py:540} INFO - Filling up the DagBag from /home/airflow/.local/lib/python3.12/site-packages/airflow/example_dags/example_branch_python_dop_operator_3.py
[2024-05-15T10:31:14.527+0000] {processor.py:840} INFO - DAG(s) 'example_branch_dop_operator_v3' retrieved from /home/airflow/.local/lib/python3.12/site-packages/airflow/example_dags/example_branch_python_dop_operator_3.py
[2024-05-15T10:31:14.543+0000] {logging_mixin.py:188} INFO - [2024-05-15T10:31:14.543+0000] {dag.py:3096} INFO - Sync 1 DAGs
[2024-05-15T10:31:14.570+0000] {logging_mixin.py:188} INFO - [2024-05-15T10:31:14.569+0000] {dag.py:3954} INFO - Setting next_dagrun for example_branch_dop_operator_v3 to 2024-05-15 10:30:00+00:00, run_after=2024-05-15 10:31:00+00:00
[2024-05-15T10:31:14.586+0000] {processor.py:183} INFO - Processing /home/airflow/.local/lib/python3.12/site-packages/airflow/example_dags/example_branch_python_dop_operator_3.py took 0.083 seconds
[2024-05-15T10:31:44.965+0000] {processor.py:161} INFO - Started process (PID=2215) to work on /home/airflow/.local/lib/python3.12/site-packages/airflow/example_dags/example_branch_python_dop_operator_3.py
[2024-05-15T10:31:44.966+0000] {processor.py:830} INFO - Processing file /home/airflow/.local/lib/python3.12/site-packages/airflow/example_dags/example_branch_python_dop_operator_3.py for tasks to queue
[2024-05-15T10:31:44.967+0000] {logging_mixin.py:188} INFO - [2024-05-15T10:31:44.967+0000] {dagbag.py:540} INFO - Filling up the DagBag from /home/airflow/.local/lib/python3.12/site-packages/airflow/example_dags/example_branch_python_dop_operator_3.py
[2024-05-15T10:31:44.975+0000] {processor.py:840} INFO - DAG(s) 'example_branch_dop_operator_v3' retrieved from /home/airflow/.local/lib/python3.12/site-packages/airflow/example_dags/example_branch_python_dop_operator_3.py
[2024-05-15T10:31:44.993+0000] {logging_mixin.py:188} INFO - [2024-05-15T10:31:44.993+0000] {dag.py:3096} INFO - Sync 1 DAGs
[2024-05-15T10:31:45.015+0000] {logging_mixin.py:188} INFO - [2024-05-15T10:31:45.015+0000] {dag.py:3954} INFO - Setting next_dagrun for example_branch_dop_operator_v3 to 2024-05-15 10:30:00+00:00, run_after=2024-05-15 10:31:00+00:00
[2024-05-15T10:31:45.031+0000] {processor.py:183} INFO - Processing /home/airflow/.local/lib/python3.12/site-packages/airflow/example_dags/example_branch_python_dop_operator_3.py took 0.072 seconds
[2024-05-15T10:32:15.363+0000] {processor.py:161} INFO - Started process (PID=2274) to work on /home/airflow/.local/lib/python3.12/site-packages/airflow/example_dags/example_branch_python_dop_operator_3.py
[2024-05-15T10:32:15.364+0000] {processor.py:830} INFO - Processing file /home/airflow/.local/lib/python3.12/site-packages/airflow/example_dags/example_branch_python_dop_operator_3.py for tasks to queue
[2024-05-15T10:32:15.366+0000] {logging_mixin.py:188} INFO - [2024-05-15T10:32:15.365+0000] {dagbag.py:540} INFO - Filling up the DagBag from /home/airflow/.local/lib/python3.12/site-packages/airflow/example_dags/example_branch_python_dop_operator_3.py
[2024-05-15T10:32:15.374+0000] {processor.py:840} INFO - DAG(s) 'example_branch_dop_operator_v3' retrieved from /home/airflow/.local/lib/python3.12/site-packages/airflow/example_dags/example_branch_python_dop_operator_3.py
[2024-05-15T10:32:15.392+0000] {logging_mixin.py:188} INFO - [2024-05-15T10:32:15.392+0000] {dag.py:3096} INFO - Sync 1 DAGs
[2024-05-15T10:32:15.418+0000] {logging_mixin.py:188} INFO - [2024-05-15T10:32:15.418+0000] {dag.py:3954} INFO - Setting next_dagrun for example_branch_dop_operator_v3 to 2024-05-15 10:31:00+00:00, run_after=2024-05-15 10:32:00+00:00
[2024-05-15T10:32:15.437+0000] {processor.py:183} INFO - Processing /home/airflow/.local/lib/python3.12/site-packages/airflow/example_dags/example_branch_python_dop_operator_3.py took 0.079 seconds
[2024-05-15T10:32:45.843+0000] {processor.py:161} INFO - Started process (PID=2333) to work on /home/airflow/.local/lib/python3.12/site-packages/airflow/example_dags/example_branch_python_dop_operator_3.py
[2024-05-15T10:32:45.844+0000] {processor.py:830} INFO - Processing file /home/airflow/.local/lib/python3.12/site-packages/airflow/example_dags/example_branch_python_dop_operator_3.py for tasks to queue
[2024-05-15T10:32:45.846+0000] {logging_mixin.py:188} INFO - [2024-05-15T10:32:45.846+0000] {dagbag.py:540} INFO - Filling up the DagBag from /home/airflow/.local/lib/python3.12/site-packages/airflow/example_dags/example_branch_python_dop_operator_3.py
[2024-05-15T10:32:45.853+0000] {processor.py:840} INFO - DAG(s) 'example_branch_dop_operator_v3' retrieved from /home/airflow/.local/lib/python3.12/site-packages/airflow/example_dags/example_branch_python_dop_operator_3.py
[2024-05-15T10:32:45.871+0000] {logging_mixin.py:188} INFO - [2024-05-15T10:32:45.871+0000] {dag.py:3096} INFO - Sync 1 DAGs
[2024-05-15T10:32:45.893+0000] {logging_mixin.py:188} INFO - [2024-05-15T10:32:45.893+0000] {dag.py:3954} INFO - Setting next_dagrun for example_branch_dop_operator_v3 to 2024-05-15 10:31:00+00:00, run_after=2024-05-15 10:32:00+00:00
[2024-05-15T10:32:45.910+0000] {processor.py:183} INFO - Processing /home/airflow/.local/lib/python3.12/site-packages/airflow/example_dags/example_branch_python_dop_operator_3.py took 0.072 seconds
[2024-05-15T10:33:16.911+0000] {processor.py:161} INFO - Started process (PID=2392) to work on /home/airflow/.local/lib/python3.12/site-packages/airflow/example_dags/example_branch_python_dop_operator_3.py
[2024-05-15T10:33:16.914+0000] {processor.py:830} INFO - Processing file /home/airflow/.local/lib/python3.12/site-packages/airflow/example_dags/example_branch_python_dop_operator_3.py for tasks to queue
[2024-05-15T10:33:16.920+0000] {logging_mixin.py:188} INFO - [2024-05-15T10:33:16.919+0000] {dagbag.py:540} INFO - Filling up the DagBag from /home/airflow/.local/lib/python3.12/site-packages/airflow/example_dags/example_branch_python_dop_operator_3.py
[2024-05-15T10:33:16.947+0000] {processor.py:840} INFO - DAG(s) 'example_branch_dop_operator_v3' retrieved from /home/airflow/.local/lib/python3.12/site-packages/airflow/example_dags/example_branch_python_dop_operator_3.py
[2024-05-15T10:33:16.999+0000] {logging_mixin.py:188} INFO - [2024-05-15T10:33:16.998+0000] {dag.py:3096} INFO - Sync 1 DAGs
[2024-05-15T10:33:17.095+0000] {logging_mixin.py:188} INFO - [2024-05-15T10:33:17.094+0000] {dag.py:3954} INFO - Setting next_dagrun for example_branch_dop_operator_v3 to 2024-05-15 10:32:00+00:00, run_after=2024-05-15 10:33:00+00:00
[2024-05-15T10:33:17.143+0000] {processor.py:183} INFO - Processing /home/airflow/.local/lib/python3.12/site-packages/airflow/example_dags/example_branch_python_dop_operator_3.py took 0.251 seconds
[2024-05-15T10:33:47.774+0000] {processor.py:161} INFO - Started process (PID=2451) to work on /home/airflow/.local/lib/python3.12/site-packages/airflow/example_dags/example_branch_python_dop_operator_3.py
[2024-05-15T10:33:47.775+0000] {processor.py:830} INFO - Processing file /home/airflow/.local/lib/python3.12/site-packages/airflow/example_dags/example_branch_python_dop_operator_3.py for tasks to queue
[2024-05-15T10:33:47.777+0000] {logging_mixin.py:188} INFO - [2024-05-15T10:33:47.777+0000] {dagbag.py:540} INFO - Filling up the DagBag from /home/airflow/.local/lib/python3.12/site-packages/airflow/example_dags/example_branch_python_dop_operator_3.py
[2024-05-15T10:33:47.788+0000] {processor.py:840} INFO - DAG(s) 'example_branch_dop_operator_v3' retrieved from /home/airflow/.local/lib/python3.12/site-packages/airflow/example_dags/example_branch_python_dop_operator_3.py
[2024-05-15T10:33:47.811+0000] {logging_mixin.py:188} INFO - [2024-05-15T10:33:47.811+0000] {dag.py:3096} INFO - Sync 1 DAGs
[2024-05-15T10:33:47.839+0000] {logging_mixin.py:188} INFO - [2024-05-15T10:33:47.839+0000] {dag.py:3954} INFO - Setting next_dagrun for example_branch_dop_operator_v3 to 2024-05-15 10:32:00+00:00, run_after=2024-05-15 10:33:00+00:00
[2024-05-15T10:33:47.864+0000] {processor.py:183} INFO - Processing /home/airflow/.local/lib/python3.12/site-packages/airflow/example_dags/example_branch_python_dop_operator_3.py took 0.098 seconds
[2024-05-15T10:34:18.672+0000] {processor.py:161} INFO - Started process (PID=2509) to work on /home/airflow/.local/lib/python3.12/site-packages/airflow/example_dags/example_branch_python_dop_operator_3.py
[2024-05-15T10:34:18.673+0000] {processor.py:830} INFO - Processing file /home/airflow/.local/lib/python3.12/site-packages/airflow/example_dags/example_branch_python_dop_operator_3.py for tasks to queue
[2024-05-15T10:34:18.676+0000] {logging_mixin.py:188} INFO - [2024-05-15T10:34:18.675+0000] {dagbag.py:540} INFO - Filling up the DagBag from /home/airflow/.local/lib/python3.12/site-packages/airflow/example_dags/example_branch_python_dop_operator_3.py
[2024-05-15T10:34:18.684+0000] {processor.py:840} INFO - DAG(s) 'example_branch_dop_operator_v3' retrieved from /home/airflow/.local/lib/python3.12/site-packages/airflow/example_dags/example_branch_python_dop_operator_3.py
[2024-05-15T10:34:18.702+0000] {logging_mixin.py:188} INFO - [2024-05-15T10:34:18.702+0000] {dag.py:3096} INFO - Sync 1 DAGs
[2024-05-15T10:34:18.726+0000] {logging_mixin.py:188} INFO - [2024-05-15T10:34:18.726+0000] {dag.py:3954} INFO - Setting next_dagrun for example_branch_dop_operator_v3 to 2024-05-15 10:33:00+00:00, run_after=2024-05-15 10:34:00+00:00
[2024-05-15T10:34:18.747+0000] {processor.py:183} INFO - Processing /home/airflow/.local/lib/python3.12/site-packages/airflow/example_dags/example_branch_python_dop_operator_3.py took 0.080 seconds
[2024-05-15T10:34:49.392+0000] {processor.py:161} INFO - Started process (PID=2568) to work on /home/airflow/.local/lib/python3.12/site-packages/airflow/example_dags/example_branch_python_dop_operator_3.py
[2024-05-15T10:34:49.393+0000] {processor.py:830} INFO - Processing file /home/airflow/.local/lib/python3.12/site-packages/airflow/example_dags/example_branch_python_dop_operator_3.py for tasks to queue
[2024-05-15T10:34:49.394+0000] {logging_mixin.py:188} INFO - [2024-05-15T10:34:49.394+0000] {dagbag.py:540} INFO - Filling up the DagBag from /home/airflow/.local/lib/python3.12/site-packages/airflow/example_dags/example_branch_python_dop_operator_3.py
[2024-05-15T10:34:49.402+0000] {processor.py:840} INFO - DAG(s) 'example_branch_dop_operator_v3' retrieved from /home/airflow/.local/lib/python3.12/site-packages/airflow/example_dags/example_branch_python_dop_operator_3.py
[2024-05-15T10:34:49.422+0000] {logging_mixin.py:188} INFO - [2024-05-15T10:34:49.422+0000] {dag.py:3096} INFO - Sync 1 DAGs
[2024-05-15T10:34:49.449+0000] {logging_mixin.py:188} INFO - [2024-05-15T10:34:49.449+0000] {dag.py:3954} INFO - Setting next_dagrun for example_branch_dop_operator_v3 to 2024-05-15 10:33:00+00:00, run_after=2024-05-15 10:34:00+00:00
[2024-05-15T10:34:49.472+0000] {processor.py:183} INFO - Processing /home/airflow/.local/lib/python3.12/site-packages/airflow/example_dags/example_branch_python_dop_operator_3.py took 0.085 seconds
[2024-05-15T10:35:20.149+0000] {processor.py:161} INFO - Started process (PID=2627) to work on /home/airflow/.local/lib/python3.12/site-packages/airflow/example_dags/example_branch_python_dop_operator_3.py
[2024-05-15T10:35:20.150+0000] {processor.py:830} INFO - Processing file /home/airflow/.local/lib/python3.12/site-packages/airflow/example_dags/example_branch_python_dop_operator_3.py for tasks to queue
[2024-05-15T10:35:20.152+0000] {logging_mixin.py:188} INFO - [2024-05-15T10:35:20.152+0000] {dagbag.py:540} INFO - Filling up the DagBag from /home/airflow/.local/lib/python3.12/site-packages/airflow/example_dags/example_branch_python_dop_operator_3.py
[2024-05-15T10:35:20.162+0000] {processor.py:840} INFO - DAG(s) 'example_branch_dop_operator_v3' retrieved from /home/airflow/.local/lib/python3.12/site-packages/airflow/example_dags/example_branch_python_dop_operator_3.py
[2024-05-15T10:35:20.185+0000] {logging_mixin.py:188} INFO - [2024-05-15T10:35:20.185+0000] {dag.py:3096} INFO - Sync 1 DAGs
[2024-05-15T10:35:20.213+0000] {logging_mixin.py:188} INFO - [2024-05-15T10:35:20.213+0000] {dag.py:3954} INFO - Setting next_dagrun for example_branch_dop_operator_v3 to 2024-05-15 10:34:00+00:00, run_after=2024-05-15 10:35:00+00:00
[2024-05-15T10:35:20.239+0000] {processor.py:183} INFO - Processing /home/airflow/.local/lib/python3.12/site-packages/airflow/example_dags/example_branch_python_dop_operator_3.py took 0.097 seconds
[2024-05-15T10:35:51.125+0000] {processor.py:161} INFO - Started process (PID=2686) to work on /home/airflow/.local/lib/python3.12/site-packages/airflow/example_dags/example_branch_python_dop_operator_3.py
[2024-05-15T10:35:51.126+0000] {processor.py:830} INFO - Processing file /home/airflow/.local/lib/python3.12/site-packages/airflow/example_dags/example_branch_python_dop_operator_3.py for tasks to queue
[2024-05-15T10:35:51.128+0000] {logging_mixin.py:188} INFO - [2024-05-15T10:35:51.128+0000] {dagbag.py:540} INFO - Filling up the DagBag from /home/airflow/.local/lib/python3.12/site-packages/airflow/example_dags/example_branch_python_dop_operator_3.py
[2024-05-15T10:35:51.139+0000] {processor.py:840} INFO - DAG(s) 'example_branch_dop_operator_v3' retrieved from /home/airflow/.local/lib/python3.12/site-packages/airflow/example_dags/example_branch_python_dop_operator_3.py
[2024-05-15T10:35:51.184+0000] {logging_mixin.py:188} INFO - [2024-05-15T10:35:51.184+0000] {dag.py:3096} INFO - Sync 1 DAGs
[2024-05-15T10:35:51.247+0000] {logging_mixin.py:188} INFO - [2024-05-15T10:35:51.247+0000] {dag.py:3954} INFO - Setting next_dagrun for example_branch_dop_operator_v3 to 2024-05-15 10:34:00+00:00, run_after=2024-05-15 10:35:00+00:00
[2024-05-15T10:35:51.287+0000] {processor.py:183} INFO - Processing /home/airflow/.local/lib/python3.12/site-packages/airflow/example_dags/example_branch_python_dop_operator_3.py took 0.171 seconds
[2024-05-15T10:36:21.759+0000] {processor.py:161} INFO - Started process (PID=2745) to work on /home/airflow/.local/lib/python3.12/site-packages/airflow/example_dags/example_branch_python_dop_operator_3.py
[2024-05-15T10:36:21.760+0000] {processor.py:830} INFO - Processing file /home/airflow/.local/lib/python3.12/site-packages/airflow/example_dags/example_branch_python_dop_operator_3.py for tasks to queue
[2024-05-15T10:36:21.762+0000] {logging_mixin.py:188} INFO - [2024-05-15T10:36:21.762+0000] {dagbag.py:540} INFO - Filling up the DagBag from /home/airflow/.local/lib/python3.12/site-packages/airflow/example_dags/example_branch_python_dop_operator_3.py
[2024-05-15T10:36:21.769+0000] {processor.py:840} INFO - DAG(s) 'example_branch_dop_operator_v3' retrieved from /home/airflow/.local/lib/python3.12/site-packages/airflow/example_dags/example_branch_python_dop_operator_3.py
[2024-05-15T10:36:21.788+0000] {logging_mixin.py:188} INFO - [2024-05-15T10:36:21.788+0000] {dag.py:3096} INFO - Sync 1 DAGs
[2024-05-15T10:36:21.817+0000] {logging_mixin.py:188} INFO - [2024-05-15T10:36:21.817+0000] {dag.py:3954} INFO - Setting next_dagrun for example_branch_dop_operator_v3 to 2024-05-15 10:35:00+00:00, run_after=2024-05-15 10:36:00+00:00
[2024-05-15T10:36:21.837+0000] {processor.py:183} INFO - Processing /home/airflow/.local/lib/python3.12/site-packages/airflow/example_dags/example_branch_python_dop_operator_3.py took 0.083 seconds
[2024-05-15T10:36:52.306+0000] {processor.py:161} INFO - Started process (PID=2804) to work on /home/airflow/.local/lib/python3.12/site-packages/airflow/example_dags/example_branch_python_dop_operator_3.py
[2024-05-15T10:36:52.307+0000] {processor.py:830} INFO - Processing file /home/airflow/.local/lib/python3.12/site-packages/airflow/example_dags/example_branch_python_dop_operator_3.py for tasks to queue
[2024-05-15T10:36:52.309+0000] {logging_mixin.py:188} INFO - [2024-05-15T10:36:52.309+0000] {dagbag.py:540} INFO - Filling up the DagBag from /home/airflow/.local/lib/python3.12/site-packages/airflow/example_dags/example_branch_python_dop_operator_3.py
[2024-05-15T10:36:52.317+0000] {processor.py:840} INFO - DAG(s) 'example_branch_dop_operator_v3' retrieved from /home/airflow/.local/lib/python3.12/site-packages/airflow/example_dags/example_branch_python_dop_operator_3.py
[2024-05-15T10:36:52.335+0000] {logging_mixin.py:188} INFO - [2024-05-15T10:36:52.334+0000] {dag.py:3096} INFO - Sync 1 DAGs
[2024-05-15T10:36:52.359+0000] {logging_mixin.py:188} INFO - [2024-05-15T10:36:52.359+0000] {dag.py:3954} INFO - Setting next_dagrun for example_branch_dop_operator_v3 to 2024-05-15 10:35:00+00:00, run_after=2024-05-15 10:36:00+00:00
[2024-05-15T10:36:52.376+0000] {processor.py:183} INFO - Processing /home/airflow/.local/lib/python3.12/site-packages/airflow/example_dags/example_branch_python_dop_operator_3.py took 0.075 seconds
[2024-05-15T10:37:22.964+0000] {processor.py:161} INFO - Started process (PID=2863) to work on /home/airflow/.local/lib/python3.12/site-packages/airflow/example_dags/example_branch_python_dop_operator_3.py
[2024-05-15T10:37:22.965+0000] {processor.py:830} INFO - Processing file /home/airflow/.local/lib/python3.12/site-packages/airflow/example_dags/example_branch_python_dop_operator_3.py for tasks to queue
[2024-05-15T10:37:22.967+0000] {logging_mixin.py:188} INFO - [2024-05-15T10:37:22.966+0000] {dagbag.py:540} INFO - Filling up the DagBag from /home/airflow/.local/lib/python3.12/site-packages/airflow/example_dags/example_branch_python_dop_operator_3.py
[2024-05-15T10:37:22.977+0000] {processor.py:840} INFO - DAG(s) 'example_branch_dop_operator_v3' retrieved from /home/airflow/.local/lib/python3.12/site-packages/airflow/example_dags/example_branch_python_dop_operator_3.py
[2024-05-15T10:37:22.998+0000] {logging_mixin.py:188} INFO - [2024-05-15T10:37:22.998+0000] {dag.py:3096} INFO - Sync 1 DAGs
[2024-05-15T10:37:23.024+0000] {logging_mixin.py:188} INFO - [2024-05-15T10:37:23.024+0000] {dag.py:3954} INFO - Setting next_dagrun for example_branch_dop_operator_v3 to 2024-05-15 10:36:00+00:00, run_after=2024-05-15 10:37:00+00:00
[2024-05-15T10:37:23.048+0000] {processor.py:183} INFO - Processing /home/airflow/.local/lib/python3.12/site-packages/airflow/example_dags/example_branch_python_dop_operator_3.py took 0.090 seconds
[2024-05-15T10:37:53.632+0000] {processor.py:161} INFO - Started process (PID=2922) to work on /home/airflow/.local/lib/python3.12/site-packages/airflow/example_dags/example_branch_python_dop_operator_3.py
[2024-05-15T10:37:53.633+0000] {processor.py:830} INFO - Processing file /home/airflow/.local/lib/python3.12/site-packages/airflow/example_dags/example_branch_python_dop_operator_3.py for tasks to queue
[2024-05-15T10:37:53.634+0000] {logging_mixin.py:188} INFO - [2024-05-15T10:37:53.634+0000] {dagbag.py:540} INFO - Filling up the DagBag from /home/airflow/.local/lib/python3.12/site-packages/airflow/example_dags/example_branch_python_dop_operator_3.py
[2024-05-15T10:37:53.641+0000] {processor.py:840} INFO - DAG(s) 'example_branch_dop_operator_v3' retrieved from /home/airflow/.local/lib/python3.12/site-packages/airflow/example_dags/example_branch_python_dop_operator_3.py
[2024-05-15T10:37:53.658+0000] {logging_mixin.py:188} INFO - [2024-05-15T10:37:53.658+0000] {dag.py:3096} INFO - Sync 1 DAGs
[2024-05-15T10:37:53.680+0000] {logging_mixin.py:188} INFO - [2024-05-15T10:37:53.680+0000] {dag.py:3954} INFO - Setting next_dagrun for example_branch_dop_operator_v3 to 2024-05-15 10:36:00+00:00, run_after=2024-05-15 10:37:00+00:00
[2024-05-15T10:37:53.698+0000] {processor.py:183} INFO - Processing /home/airflow/.local/lib/python3.12/site-packages/airflow/example_dags/example_branch_python_dop_operator_3.py took 0.072 seconds
[2024-05-15T10:38:24.156+0000] {processor.py:161} INFO - Started process (PID=2981) to work on /home/airflow/.local/lib/python3.12/site-packages/airflow/example_dags/example_branch_python_dop_operator_3.py
[2024-05-15T10:38:24.157+0000] {processor.py:830} INFO - Processing file /home/airflow/.local/lib/python3.12/site-packages/airflow/example_dags/example_branch_python_dop_operator_3.py for tasks to queue
[2024-05-15T10:38:24.158+0000] {logging_mixin.py:188} INFO - [2024-05-15T10:38:24.158+0000] {dagbag.py:540} INFO - Filling up the DagBag from /home/airflow/.local/lib/python3.12/site-packages/airflow/example_dags/example_branch_python_dop_operator_3.py
[2024-05-15T10:38:24.167+0000] {processor.py:840} INFO - DAG(s) 'example_branch_dop_operator_v3' retrieved from /home/airflow/.local/lib/python3.12/site-packages/airflow/example_dags/example_branch_python_dop_operator_3.py
[2024-05-15T10:38:24.184+0000] {logging_mixin.py:188} INFO - [2024-05-15T10:38:24.184+0000] {dag.py:3096} INFO - Sync 1 DAGs
[2024-05-15T10:38:24.204+0000] {logging_mixin.py:188} INFO - [2024-05-15T10:38:24.203+0000] {dag.py:3954} INFO - Setting next_dagrun for example_branch_dop_operator_v3 to 2024-05-15 10:37:00+00:00, run_after=2024-05-15 10:38:00+00:00
[2024-05-15T10:38:24.220+0000] {processor.py:183} INFO - Processing /home/airflow/.local/lib/python3.12/site-packages/airflow/example_dags/example_branch_python_dop_operator_3.py took 0.071 seconds
[2024-05-15T10:38:54.597+0000] {processor.py:161} INFO - Started process (PID=3040) to work on /home/airflow/.local/lib/python3.12/site-packages/airflow/example_dags/example_branch_python_dop_operator_3.py
[2024-05-15T10:38:54.598+0000] {processor.py:830} INFO - Processing file /home/airflow/.local/lib/python3.12/site-packages/airflow/example_dags/example_branch_python_dop_operator_3.py for tasks to queue
[2024-05-15T10:38:54.600+0000] {logging_mixin.py:188} INFO - [2024-05-15T10:38:54.599+0000] {dagbag.py:540} INFO - Filling up the DagBag from /home/airflow/.local/lib/python3.12/site-packages/airflow/example_dags/example_branch_python_dop_operator_3.py
[2024-05-15T10:38:54.607+0000] {processor.py:840} INFO - DAG(s) 'example_branch_dop_operator_v3' retrieved from /home/airflow/.local/lib/python3.12/site-packages/airflow/example_dags/example_branch_python_dop_operator_3.py
[2024-05-15T10:38:54.624+0000] {logging_mixin.py:188} INFO - [2024-05-15T10:38:54.624+0000] {dag.py:3096} INFO - Sync 1 DAGs
[2024-05-15T10:38:54.649+0000] {logging_mixin.py:188} INFO - [2024-05-15T10:38:54.649+0000] {dag.py:3954} INFO - Setting next_dagrun for example_branch_dop_operator_v3 to 2024-05-15 10:37:00+00:00, run_after=2024-05-15 10:38:00+00:00
[2024-05-15T10:38:54.665+0000] {processor.py:183} INFO - Processing /home/airflow/.local/lib/python3.12/site-packages/airflow/example_dags/example_branch_python_dop_operator_3.py took 0.073 seconds
[2024-05-15T10:39:25.022+0000] {processor.py:161} INFO - Started process (PID=3099) to work on /home/airflow/.local/lib/python3.12/site-packages/airflow/example_dags/example_branch_python_dop_operator_3.py
[2024-05-15T10:39:25.023+0000] {processor.py:830} INFO - Processing file /home/airflow/.local/lib/python3.12/site-packages/airflow/example_dags/example_branch_python_dop_operator_3.py for tasks to queue
[2024-05-15T10:39:25.024+0000] {logging_mixin.py:188} INFO - [2024-05-15T10:39:25.024+0000] {dagbag.py:540} INFO - Filling up the DagBag from /home/airflow/.local/lib/python3.12/site-packages/airflow/example_dags/example_branch_python_dop_operator_3.py
[2024-05-15T10:39:25.033+0000] {processor.py:840} INFO - DAG(s) 'example_branch_dop_operator_v3' retrieved from /home/airflow/.local/lib/python3.12/site-packages/airflow/example_dags/example_branch_python_dop_operator_3.py
[2024-05-15T10:39:25.050+0000] {logging_mixin.py:188} INFO - [2024-05-15T10:39:25.050+0000] {dag.py:3096} INFO - Sync 1 DAGs
[2024-05-15T10:39:25.076+0000] {logging_mixin.py:188} INFO - [2024-05-15T10:39:25.076+0000] {dag.py:3954} INFO - Setting next_dagrun for example_branch_dop_operator_v3 to 2024-05-15 10:38:00+00:00, run_after=2024-05-15 10:39:00+00:00
[2024-05-15T10:39:25.095+0000] {processor.py:183} INFO - Processing /home/airflow/.local/lib/python3.12/site-packages/airflow/example_dags/example_branch_python_dop_operator_3.py took 0.079 seconds
[2024-05-15T10:39:55.417+0000] {processor.py:161} INFO - Started process (PID=3158) to work on /home/airflow/.local/lib/python3.12/site-packages/airflow/example_dags/example_branch_python_dop_operator_3.py
[2024-05-15T10:39:55.418+0000] {processor.py:830} INFO - Processing file /home/airflow/.local/lib/python3.12/site-packages/airflow/example_dags/example_branch_python_dop_operator_3.py for tasks to queue
[2024-05-15T10:39:55.420+0000] {logging_mixin.py:188} INFO - [2024-05-15T10:39:55.420+0000] {dagbag.py:540} INFO - Filling up the DagBag from /home/airflow/.local/lib/python3.12/site-packages/airflow/example_dags/example_branch_python_dop_operator_3.py
[2024-05-15T10:39:55.428+0000] {processor.py:840} INFO - DAG(s) 'example_branch_dop_operator_v3' retrieved from /home/airflow/.local/lib/python3.12/site-packages/airflow/example_dags/example_branch_python_dop_operator_3.py
[2024-05-15T10:39:55.446+0000] {logging_mixin.py:188} INFO - [2024-05-15T10:39:55.446+0000] {dag.py:3096} INFO - Sync 1 DAGs
[2024-05-15T10:39:55.470+0000] {logging_mixin.py:188} INFO - [2024-05-15T10:39:55.470+0000] {dag.py:3954} INFO - Setting next_dagrun for example_branch_dop_operator_v3 to 2024-05-15 10:38:00+00:00, run_after=2024-05-15 10:39:00+00:00
[2024-05-15T10:39:55.486+0000] {processor.py:183} INFO - Processing /home/airflow/.local/lib/python3.12/site-packages/airflow/example_dags/example_branch_python_dop_operator_3.py took 0.074 seconds
[2024-05-15T10:40:25.761+0000] {processor.py:161} INFO - Started process (PID=3217) to work on /home/airflow/.local/lib/python3.12/site-packages/airflow/example_dags/example_branch_python_dop_operator_3.py
[2024-05-15T10:40:25.762+0000] {processor.py:830} INFO - Processing file /home/airflow/.local/lib/python3.12/site-packages/airflow/example_dags/example_branch_python_dop_operator_3.py for tasks to queue
[2024-05-15T10:40:25.763+0000] {logging_mixin.py:188} INFO - [2024-05-15T10:40:25.763+0000] {dagbag.py:540} INFO - Filling up the DagBag from /home/airflow/.local/lib/python3.12/site-packages/airflow/example_dags/example_branch_python_dop_operator_3.py
[2024-05-15T10:40:25.771+0000] {processor.py:840} INFO - DAG(s) 'example_branch_dop_operator_v3' retrieved from /home/airflow/.local/lib/python3.12/site-packages/airflow/example_dags/example_branch_python_dop_operator_3.py
[2024-05-15T10:40:25.791+0000] {logging_mixin.py:188} INFO - [2024-05-15T10:40:25.791+0000] {dag.py:3096} INFO - Sync 1 DAGs
[2024-05-15T10:40:25.819+0000] {logging_mixin.py:188} INFO - [2024-05-15T10:40:25.819+0000] {dag.py:3954} INFO - Setting next_dagrun for example_branch_dop_operator_v3 to 2024-05-15 10:39:00+00:00, run_after=2024-05-15 10:40:00+00:00
[2024-05-15T10:40:25.840+0000] {processor.py:183} INFO - Processing /home/airflow/.local/lib/python3.12/site-packages/airflow/example_dags/example_branch_python_dop_operator_3.py took 0.086 seconds
[2024-05-15T10:40:56.115+0000] {processor.py:161} INFO - Started process (PID=3276) to work on /home/airflow/.local/lib/python3.12/site-packages/airflow/example_dags/example_branch_python_dop_operator_3.py
[2024-05-15T10:40:56.116+0000] {processor.py:830} INFO - Processing file /home/airflow/.local/lib/python3.12/site-packages/airflow/example_dags/example_branch_python_dop_operator_3.py for tasks to queue
[2024-05-15T10:40:56.118+0000] {logging_mixin.py:188} INFO - [2024-05-15T10:40:56.118+0000] {dagbag.py:540} INFO - Filling up the DagBag from /home/airflow/.local/lib/python3.12/site-packages/airflow/example_dags/example_branch_python_dop_operator_3.py
[2024-05-15T10:40:56.126+0000] {processor.py:840} INFO - DAG(s) 'example_branch_dop_operator_v3' retrieved from /home/airflow/.local/lib/python3.12/site-packages/airflow/example_dags/example_branch_python_dop_operator_3.py
[2024-05-15T10:40:56.144+0000] {logging_mixin.py:188} INFO - [2024-05-15T10:40:56.144+0000] {dag.py:3096} INFO - Sync 1 DAGs
[2024-05-15T10:40:56.172+0000] {logging_mixin.py:188} INFO - [2024-05-15T10:40:56.172+0000] {dag.py:3954} INFO - Setting next_dagrun for example_branch_dop_operator_v3 to 2024-05-15 10:39:00+00:00, run_after=2024-05-15 10:40:00+00:00
[2024-05-15T10:40:56.192+0000] {processor.py:183} INFO - Processing /home/airflow/.local/lib/python3.12/site-packages/airflow/example_dags/example_branch_python_dop_operator_3.py took 0.083 seconds
[2024-05-15T10:41:26.666+0000] {processor.py:161} INFO - Started process (PID=3335) to work on /home/airflow/.local/lib/python3.12/site-packages/airflow/example_dags/example_branch_python_dop_operator_3.py
[2024-05-15T10:41:26.667+0000] {processor.py:830} INFO - Processing file /home/airflow/.local/lib/python3.12/site-packages/airflow/example_dags/example_branch_python_dop_operator_3.py for tasks to queue
[2024-05-15T10:41:26.669+0000] {logging_mixin.py:188} INFO - [2024-05-15T10:41:26.668+0000] {dagbag.py:540} INFO - Filling up the DagBag from /home/airflow/.local/lib/python3.12/site-packages/airflow/example_dags/example_branch_python_dop_operator_3.py
[2024-05-15T10:41:26.681+0000] {processor.py:840} INFO - DAG(s) 'example_branch_dop_operator_v3' retrieved from /home/airflow/.local/lib/python3.12/site-packages/airflow/example_dags/example_branch_python_dop_operator_3.py
[2024-05-15T10:41:26.703+0000] {logging_mixin.py:188} INFO - [2024-05-15T10:41:26.702+0000] {dag.py:3096} INFO - Sync 1 DAGs
[2024-05-15T10:41:26.727+0000] {logging_mixin.py:188} INFO - [2024-05-15T10:41:26.726+0000] {dag.py:3954} INFO - Setting next_dagrun for example_branch_dop_operator_v3 to 2024-05-15 10:40:00+00:00, run_after=2024-05-15 10:41:00+00:00
[2024-05-15T10:41:26.748+0000] {processor.py:183} INFO - Processing /home/airflow/.local/lib/python3.12/site-packages/airflow/example_dags/example_branch_python_dop_operator_3.py took 0.091 seconds
[2024-05-15T10:41:57.094+0000] {processor.py:161} INFO - Started process (PID=3394) to work on /home/airflow/.local/lib/python3.12/site-packages/airflow/example_dags/example_branch_python_dop_operator_3.py
[2024-05-15T10:41:57.095+0000] {processor.py:830} INFO - Processing file /home/airflow/.local/lib/python3.12/site-packages/airflow/example_dags/example_branch_python_dop_operator_3.py for tasks to queue
[2024-05-15T10:41:57.097+0000] {logging_mixin.py:188} INFO - [2024-05-15T10:41:57.096+0000] {dagbag.py:540} INFO - Filling up the DagBag from /home/airflow/.local/lib/python3.12/site-packages/airflow/example_dags/example_branch_python_dop_operator_3.py
[2024-05-15T10:41:57.105+0000] {processor.py:840} INFO - DAG(s) 'example_branch_dop_operator_v3' retrieved from /home/airflow/.local/lib/python3.12/site-packages/airflow/example_dags/example_branch_python_dop_operator_3.py
[2024-05-15T10:41:57.124+0000] {logging_mixin.py:188} INFO - [2024-05-15T10:41:57.124+0000] {dag.py:3096} INFO - Sync 1 DAGs
[2024-05-15T10:41:57.146+0000] {logging_mixin.py:188} INFO - [2024-05-15T10:41:57.146+0000] {dag.py:3954} INFO - Setting next_dagrun for example_branch_dop_operator_v3 to 2024-05-15 10:40:00+00:00, run_after=2024-05-15 10:41:00+00:00
[2024-05-15T10:41:57.164+0000] {processor.py:183} INFO - Processing /home/airflow/.local/lib/python3.12/site-packages/airflow/example_dags/example_branch_python_dop_operator_3.py took 0.076 seconds
[2024-05-15T10:42:27.607+0000] {processor.py:161} INFO - Started process (PID=3453) to work on /home/airflow/.local/lib/python3.12/site-packages/airflow/example_dags/example_branch_python_dop_operator_3.py
[2024-05-15T10:42:27.608+0000] {processor.py:830} INFO - Processing file /home/airflow/.local/lib/python3.12/site-packages/airflow/example_dags/example_branch_python_dop_operator_3.py for tasks to queue
[2024-05-15T10:42:27.609+0000] {logging_mixin.py:188} INFO - [2024-05-15T10:42:27.609+0000] {dagbag.py:540} INFO - Filling up the DagBag from /home/airflow/.local/lib/python3.12/site-packages/airflow/example_dags/example_branch_python_dop_operator_3.py
[2024-05-15T10:42:27.617+0000] {processor.py:840} INFO - DAG(s) 'example_branch_dop_operator_v3' retrieved from /home/airflow/.local/lib/python3.12/site-packages/airflow/example_dags/example_branch_python_dop_operator_3.py
[2024-05-15T10:42:27.635+0000] {logging_mixin.py:188} INFO - [2024-05-15T10:42:27.634+0000] {dag.py:3096} INFO - Sync 1 DAGs
[2024-05-15T10:42:27.655+0000] {logging_mixin.py:188} INFO - [2024-05-15T10:42:27.654+0000] {dag.py:3954} INFO - Setting next_dagrun for example_branch_dop_operator_v3 to 2024-05-15 10:41:00+00:00, run_after=2024-05-15 10:42:00+00:00
[2024-05-15T10:42:27.672+0000] {processor.py:183} INFO - Processing /home/airflow/.local/lib/python3.12/site-packages/airflow/example_dags/example_branch_python_dop_operator_3.py took 0.071 seconds
[2024-05-15T10:42:58.074+0000] {processor.py:161} INFO - Started process (PID=3513) to work on /home/airflow/.local/lib/python3.12/site-packages/airflow/example_dags/example_branch_python_dop_operator_3.py
[2024-05-15T10:42:58.075+0000] {processor.py:830} INFO - Processing file /home/airflow/.local/lib/python3.12/site-packages/airflow/example_dags/example_branch_python_dop_operator_3.py for tasks to queue
[2024-05-15T10:42:58.077+0000] {logging_mixin.py:188} INFO - [2024-05-15T10:42:58.077+0000] {dagbag.py:540} INFO - Filling up the DagBag from /home/airflow/.local/lib/python3.12/site-packages/airflow/example_dags/example_branch_python_dop_operator_3.py
[2024-05-15T10:42:58.087+0000] {processor.py:840} INFO - DAG(s) 'example_branch_dop_operator_v3' retrieved from /home/airflow/.local/lib/python3.12/site-packages/airflow/example_dags/example_branch_python_dop_operator_3.py
[2024-05-15T10:42:58.111+0000] {logging_mixin.py:188} INFO - [2024-05-15T10:42:58.110+0000] {dag.py:3096} INFO - Sync 1 DAGs
[2024-05-15T10:42:58.146+0000] {logging_mixin.py:188} INFO - [2024-05-15T10:42:58.146+0000] {dag.py:3954} INFO - Setting next_dagrun for example_branch_dop_operator_v3 to 2024-05-15 10:41:00+00:00, run_after=2024-05-15 10:42:00+00:00
[2024-05-15T10:42:58.170+0000] {processor.py:183} INFO - Processing /home/airflow/.local/lib/python3.12/site-packages/airflow/example_dags/example_branch_python_dop_operator_3.py took 0.101 seconds
[2024-05-15T10:43:28.574+0000] {processor.py:161} INFO - Started process (PID=3572) to work on /home/airflow/.local/lib/python3.12/site-packages/airflow/example_dags/example_branch_python_dop_operator_3.py
[2024-05-15T10:43:28.575+0000] {processor.py:830} INFO - Processing file /home/airflow/.local/lib/python3.12/site-packages/airflow/example_dags/example_branch_python_dop_operator_3.py for tasks to queue
[2024-05-15T10:43:28.577+0000] {logging_mixin.py:188} INFO - [2024-05-15T10:43:28.577+0000] {dagbag.py:540} INFO - Filling up the DagBag from /home/airflow/.local/lib/python3.12/site-packages/airflow/example_dags/example_branch_python_dop_operator_3.py
[2024-05-15T10:43:28.584+0000] {processor.py:840} INFO - DAG(s) 'example_branch_dop_operator_v3' retrieved from /home/airflow/.local/lib/python3.12/site-packages/airflow/example_dags/example_branch_python_dop_operator_3.py
[2024-05-15T10:43:28.604+0000] {logging_mixin.py:188} INFO - [2024-05-15T10:43:28.604+0000] {dag.py:3096} INFO - Sync 1 DAGs
[2024-05-15T10:43:28.636+0000] {logging_mixin.py:188} INFO - [2024-05-15T10:43:28.636+0000] {dag.py:3954} INFO - Setting next_dagrun for example_branch_dop_operator_v3 to 2024-05-15 10:42:00+00:00, run_after=2024-05-15 10:43:00+00:00
[2024-05-15T10:43:28.656+0000] {processor.py:183} INFO - Processing /home/airflow/.local/lib/python3.12/site-packages/airflow/example_dags/example_branch_python_dop_operator_3.py took 0.089 seconds
[2024-05-15T10:43:59.095+0000] {processor.py:161} INFO - Started process (PID=3631) to work on /home/airflow/.local/lib/python3.12/site-packages/airflow/example_dags/example_branch_python_dop_operator_3.py
[2024-05-15T10:43:59.096+0000] {processor.py:830} INFO - Processing file /home/airflow/.local/lib/python3.12/site-packages/airflow/example_dags/example_branch_python_dop_operator_3.py for tasks to queue
[2024-05-15T10:43:59.098+0000] {logging_mixin.py:188} INFO - [2024-05-15T10:43:59.098+0000] {dagbag.py:540} INFO - Filling up the DagBag from /home/airflow/.local/lib/python3.12/site-packages/airflow/example_dags/example_branch_python_dop_operator_3.py
[2024-05-15T10:43:59.106+0000] {processor.py:840} INFO - DAG(s) 'example_branch_dop_operator_v3' retrieved from /home/airflow/.local/lib/python3.12/site-packages/airflow/example_dags/example_branch_python_dop_operator_3.py
[2024-05-15T10:43:59.129+0000] {logging_mixin.py:188} INFO - [2024-05-15T10:43:59.129+0000] {dag.py:3096} INFO - Sync 1 DAGs
[2024-05-15T10:43:59.157+0000] {logging_mixin.py:188} INFO - [2024-05-15T10:43:59.157+0000] {dag.py:3954} INFO - Setting next_dagrun for example_branch_dop_operator_v3 to 2024-05-15 10:42:00+00:00, run_after=2024-05-15 10:43:00+00:00
[2024-05-15T10:43:59.179+0000] {processor.py:183} INFO - Processing /home/airflow/.local/lib/python3.12/site-packages/airflow/example_dags/example_branch_python_dop_operator_3.py took 0.091 seconds
[2024-05-15T10:44:29.660+0000] {processor.py:161} INFO - Started process (PID=3690) to work on /home/airflow/.local/lib/python3.12/site-packages/airflow/example_dags/example_branch_python_dop_operator_3.py
[2024-05-15T10:44:29.661+0000] {processor.py:830} INFO - Processing file /home/airflow/.local/lib/python3.12/site-packages/airflow/example_dags/example_branch_python_dop_operator_3.py for tasks to queue
[2024-05-15T10:44:29.663+0000] {logging_mixin.py:188} INFO - [2024-05-15T10:44:29.662+0000] {dagbag.py:540} INFO - Filling up the DagBag from /home/airflow/.local/lib/python3.12/site-packages/airflow/example_dags/example_branch_python_dop_operator_3.py
[2024-05-15T10:44:29.670+0000] {processor.py:840} INFO - DAG(s) 'example_branch_dop_operator_v3' retrieved from /home/airflow/.local/lib/python3.12/site-packages/airflow/example_dags/example_branch_python_dop_operator_3.py
[2024-05-15T10:44:29.688+0000] {logging_mixin.py:188} INFO - [2024-05-15T10:44:29.688+0000] {dag.py:3096} INFO - Sync 1 DAGs
[2024-05-15T10:44:29.718+0000] {logging_mixin.py:188} INFO - [2024-05-15T10:44:29.718+0000] {dag.py:3954} INFO - Setting next_dagrun for example_branch_dop_operator_v3 to 2024-05-15 10:43:00+00:00, run_after=2024-05-15 10:44:00+00:00
[2024-05-15T10:44:29.738+0000] {processor.py:183} INFO - Processing /home/airflow/.local/lib/python3.12/site-packages/airflow/example_dags/example_branch_python_dop_operator_3.py took 0.084 seconds
[2024-05-15T10:45:00.331+0000] {processor.py:161} INFO - Started process (PID=3749) to work on /home/airflow/.local/lib/python3.12/site-packages/airflow/example_dags/example_branch_python_dop_operator_3.py
[2024-05-15T10:45:00.332+0000] {processor.py:830} INFO - Processing file /home/airflow/.local/lib/python3.12/site-packages/airflow/example_dags/example_branch_python_dop_operator_3.py for tasks to queue
[2024-05-15T10:45:00.334+0000] {logging_mixin.py:188} INFO - [2024-05-15T10:45:00.334+0000] {dagbag.py:540} INFO - Filling up the DagBag from /home/airflow/.local/lib/python3.12/site-packages/airflow/example_dags/example_branch_python_dop_operator_3.py
[2024-05-15T10:45:00.346+0000] {processor.py:840} INFO - DAG(s) 'example_branch_dop_operator_v3' retrieved from /home/airflow/.local/lib/python3.12/site-packages/airflow/example_dags/example_branch_python_dop_operator_3.py
[2024-05-15T10:45:00.366+0000] {logging_mixin.py:188} INFO - [2024-05-15T10:45:00.366+0000] {dag.py:3096} INFO - Sync 1 DAGs
[2024-05-15T10:45:00.390+0000] {logging_mixin.py:188} INFO - [2024-05-15T10:45:00.390+0000] {dag.py:3954} INFO - Setting next_dagrun for example_branch_dop_operator_v3 to 2024-05-15 10:44:00+00:00, run_after=2024-05-15 10:45:00+00:00
[2024-05-15T10:45:00.407+0000] {processor.py:183} INFO - Processing /home/airflow/.local/lib/python3.12/site-packages/airflow/example_dags/example_branch_python_dop_operator_3.py took 0.083 seconds
[2024-05-15T10:45:30.717+0000] {processor.py:161} INFO - Started process (PID=3808) to work on /home/airflow/.local/lib/python3.12/site-packages/airflow/example_dags/example_branch_python_dop_operator_3.py
[2024-05-15T10:45:30.719+0000] {processor.py:830} INFO - Processing file /home/airflow/.local/lib/python3.12/site-packages/airflow/example_dags/example_branch_python_dop_operator_3.py for tasks to queue
[2024-05-15T10:45:30.720+0000] {logging_mixin.py:188} INFO - [2024-05-15T10:45:30.720+0000] {dagbag.py:540} INFO - Filling up the DagBag from /home/airflow/.local/lib/python3.12/site-packages/airflow/example_dags/example_branch_python_dop_operator_3.py
[2024-05-15T10:45:30.729+0000] {processor.py:840} INFO - DAG(s) 'example_branch_dop_operator_v3' retrieved from /home/airflow/.local/lib/python3.12/site-packages/airflow/example_dags/example_branch_python_dop_operator_3.py
[2024-05-15T10:45:30.747+0000] {logging_mixin.py:188} INFO - [2024-05-15T10:45:30.747+0000] {dag.py:3096} INFO - Sync 1 DAGs
[2024-05-15T10:45:30.769+0000] {logging_mixin.py:188} INFO - [2024-05-15T10:45:30.769+0000] {dag.py:3954} INFO - Setting next_dagrun for example_branch_dop_operator_v3 to 2024-05-15 10:44:00+00:00, run_after=2024-05-15 10:45:00+00:00
[2024-05-15T10:45:30.786+0000] {processor.py:183} INFO - Processing /home/airflow/.local/lib/python3.12/site-packages/airflow/example_dags/example_branch_python_dop_operator_3.py took 0.076 seconds
[2024-05-15T10:46:01.283+0000] {processor.py:161} INFO - Started process (PID=3867) to work on /home/airflow/.local/lib/python3.12/site-packages/airflow/example_dags/example_branch_python_dop_operator_3.py
[2024-05-15T10:46:01.284+0000] {processor.py:830} INFO - Processing file /home/airflow/.local/lib/python3.12/site-packages/airflow/example_dags/example_branch_python_dop_operator_3.py for tasks to queue
[2024-05-15T10:46:01.285+0000] {logging_mixin.py:188} INFO - [2024-05-15T10:46:01.285+0000] {dagbag.py:540} INFO - Filling up the DagBag from /home/airflow/.local/lib/python3.12/site-packages/airflow/example_dags/example_branch_python_dop_operator_3.py
[2024-05-15T10:46:01.293+0000] {processor.py:840} INFO - DAG(s) 'example_branch_dop_operator_v3' retrieved from /home/airflow/.local/lib/python3.12/site-packages/airflow/example_dags/example_branch_python_dop_operator_3.py
[2024-05-15T10:46:01.326+0000] {logging_mixin.py:188} INFO - [2024-05-15T10:46:01.326+0000] {dag.py:3096} INFO - Sync 1 DAGs
[2024-05-15T10:46:01.368+0000] {logging_mixin.py:188} INFO - [2024-05-15T10:46:01.368+0000] {dag.py:3954} INFO - Setting next_dagrun for example_branch_dop_operator_v3 to 2024-05-15 10:45:00+00:00, run_after=2024-05-15 10:46:00+00:00
[2024-05-15T10:46:01.389+0000] {processor.py:183} INFO - Processing /home/airflow/.local/lib/python3.12/site-packages/airflow/example_dags/example_branch_python_dop_operator_3.py took 0.111 seconds
[2024-05-15T10:46:31.705+0000] {processor.py:161} INFO - Started process (PID=3926) to work on /home/airflow/.local/lib/python3.12/site-packages/airflow/example_dags/example_branch_python_dop_operator_3.py
[2024-05-15T10:46:31.706+0000] {processor.py:830} INFO - Processing file /home/airflow/.local/lib/python3.12/site-packages/airflow/example_dags/example_branch_python_dop_operator_3.py for tasks to queue
[2024-05-15T10:46:31.708+0000] {logging_mixin.py:188} INFO - [2024-05-15T10:46:31.708+0000] {dagbag.py:540} INFO - Filling up the DagBag from /home/airflow/.local/lib/python3.12/site-packages/airflow/example_dags/example_branch_python_dop_operator_3.py
[2024-05-15T10:46:31.716+0000] {processor.py:840} INFO - DAG(s) 'example_branch_dop_operator_v3' retrieved from /home/airflow/.local/lib/python3.12/site-packages/airflow/example_dags/example_branch_python_dop_operator_3.py
[2024-05-15T10:46:31.733+0000] {logging_mixin.py:188} INFO - [2024-05-15T10:46:31.733+0000] {dag.py:3096} INFO - Sync 1 DAGs
[2024-05-15T10:46:31.757+0000] {logging_mixin.py:188} INFO - [2024-05-15T10:46:31.757+0000] {dag.py:3954} INFO - Setting next_dagrun for example_branch_dop_operator_v3 to 2024-05-15 10:45:00+00:00, run_after=2024-05-15 10:46:00+00:00
[2024-05-15T10:46:31.773+0000] {processor.py:183} INFO - Processing /home/airflow/.local/lib/python3.12/site-packages/airflow/example_dags/example_branch_python_dop_operator_3.py took 0.074 seconds
[2024-05-15T10:47:02.014+0000] {processor.py:161} INFO - Started process (PID=3985) to work on /home/airflow/.local/lib/python3.12/site-packages/airflow/example_dags/example_branch_python_dop_operator_3.py
[2024-05-15T10:47:02.015+0000] {processor.py:830} INFO - Processing file /home/airflow/.local/lib/python3.12/site-packages/airflow/example_dags/example_branch_python_dop_operator_3.py for tasks to queue
[2024-05-15T10:47:02.017+0000] {logging_mixin.py:188} INFO - [2024-05-15T10:47:02.017+0000] {dagbag.py:540} INFO - Filling up the DagBag from /home/airflow/.local/lib/python3.12/site-packages/airflow/example_dags/example_branch_python_dop_operator_3.py
[2024-05-15T10:47:02.025+0000] {processor.py:840} INFO - DAG(s) 'example_branch_dop_operator_v3' retrieved from /home/airflow/.local/lib/python3.12/site-packages/airflow/example_dags/example_branch_python_dop_operator_3.py
[2024-05-15T10:47:02.045+0000] {logging_mixin.py:188} INFO - [2024-05-15T10:47:02.045+0000] {dag.py:3096} INFO - Sync 1 DAGs
[2024-05-15T10:47:02.067+0000] {logging_mixin.py:188} INFO - [2024-05-15T10:47:02.067+0000] {dag.py:3954} INFO - Setting next_dagrun for example_branch_dop_operator_v3 to 2024-05-15 10:46:00+00:00, run_after=2024-05-15 10:47:00+00:00
[2024-05-15T10:47:02.085+0000] {processor.py:183} INFO - Processing /home/airflow/.local/lib/python3.12/site-packages/airflow/example_dags/example_branch_python_dop_operator_3.py took 0.076 seconds
[2024-05-15T10:47:32.368+0000] {processor.py:161} INFO - Started process (PID=4044) to work on /home/airflow/.local/lib/python3.12/site-packages/airflow/example_dags/example_branch_python_dop_operator_3.py
[2024-05-15T10:47:32.369+0000] {processor.py:830} INFO - Processing file /home/airflow/.local/lib/python3.12/site-packages/airflow/example_dags/example_branch_python_dop_operator_3.py for tasks to queue
[2024-05-15T10:47:32.373+0000] {logging_mixin.py:188} INFO - [2024-05-15T10:47:32.372+0000] {dagbag.py:540} INFO - Filling up the DagBag from /home/airflow/.local/lib/python3.12/site-packages/airflow/example_dags/example_branch_python_dop_operator_3.py
[2024-05-15T10:47:32.387+0000] {processor.py:840} INFO - DAG(s) 'example_branch_dop_operator_v3' retrieved from /home/airflow/.local/lib/python3.12/site-packages/airflow/example_dags/example_branch_python_dop_operator_3.py
[2024-05-15T10:47:32.408+0000] {logging_mixin.py:188} INFO - [2024-05-15T10:47:32.408+0000] {dag.py:3096} INFO - Sync 1 DAGs
[2024-05-15T10:47:32.432+0000] {logging_mixin.py:188} INFO - [2024-05-15T10:47:32.432+0000] {dag.py:3954} INFO - Setting next_dagrun for example_branch_dop_operator_v3 to 2024-05-15 10:46:00+00:00, run_after=2024-05-15 10:47:00+00:00
[2024-05-15T10:47:32.452+0000] {processor.py:183} INFO - Processing /home/airflow/.local/lib/python3.12/site-packages/airflow/example_dags/example_branch_python_dop_operator_3.py took 0.097 seconds
[2024-05-15T10:48:02.830+0000] {processor.py:161} INFO - Started process (PID=4103) to work on /home/airflow/.local/lib/python3.12/site-packages/airflow/example_dags/example_branch_python_dop_operator_3.py
[2024-05-15T10:48:02.831+0000] {processor.py:830} INFO - Processing file /home/airflow/.local/lib/python3.12/site-packages/airflow/example_dags/example_branch_python_dop_operator_3.py for tasks to queue
[2024-05-15T10:48:02.833+0000] {logging_mixin.py:188} INFO - [2024-05-15T10:48:02.833+0000] {dagbag.py:540} INFO - Filling up the DagBag from /home/airflow/.local/lib/python3.12/site-packages/airflow/example_dags/example_branch_python_dop_operator_3.py
[2024-05-15T10:48:02.842+0000] {processor.py:840} INFO - DAG(s) 'example_branch_dop_operator_v3' retrieved from /home/airflow/.local/lib/python3.12/site-packages/airflow/example_dags/example_branch_python_dop_operator_3.py
[2024-05-15T10:48:02.859+0000] {logging_mixin.py:188} INFO - [2024-05-15T10:48:02.859+0000] {dag.py:3096} INFO - Sync 1 DAGs
[2024-05-15T10:48:02.880+0000] {logging_mixin.py:188} INFO - [2024-05-15T10:48:02.879+0000] {dag.py:3954} INFO - Setting next_dagrun for example_branch_dop_operator_v3 to 2024-05-15 10:47:00+00:00, run_after=2024-05-15 10:48:00+00:00
[2024-05-15T10:48:02.894+0000] {processor.py:183} INFO - Processing /home/airflow/.local/lib/python3.12/site-packages/airflow/example_dags/example_branch_python_dop_operator_3.py took 0.069 seconds
