[2024-05-15T10:12:33.137+0000] {processor.py:161} INFO - Started process (PID=48) to work on /home/airflow/.local/lib/python3.12/site-packages/airflow/example_dags/example_local_kubernetes_executor.py
[2024-05-15T10:12:33.138+0000] {processor.py:830} INFO - Processing file /home/airflow/.local/lib/python3.12/site-packages/airflow/example_dags/example_local_kubernetes_executor.py for tasks to queue
[2024-05-15T10:12:33.139+0000] {logging_mixin.py:188} INFO - [2024-05-15T10:12:33.139+0000] {dagbag.py:540} INFO - Filling up the DagBag from /home/airflow/.local/lib/python3.12/site-packages/airflow/example_dags/example_local_kubernetes_executor.py
[2024-05-15T10:12:33.150+0000] {processor.py:840} INFO - DAG(s) 'example_local_kubernetes_executor' retrieved from /home/airflow/.local/lib/python3.12/site-packages/airflow/example_dags/example_local_kubernetes_executor.py
[2024-05-15T10:12:33.201+0000] {logging_mixin.py:188} INFO - [2024-05-15T10:12:33.201+0000] {dag.py:3096} INFO - Sync 1 DAGs
[2024-05-15T10:12:33.219+0000] {logging_mixin.py:188} INFO - [2024-05-15T10:12:33.219+0000] {dag.py:3954} INFO - Setting next_dagrun for example_local_kubernetes_executor to None, run_after=None
[2024-05-15T10:12:33.242+0000] {processor.py:183} INFO - Processing /home/airflow/.local/lib/python3.12/site-packages/airflow/example_dags/example_local_kubernetes_executor.py took 0.114 seconds
[2024-05-15T10:13:04.215+0000] {processor.py:161} INFO - Started process (PID=113) to work on /home/airflow/.local/lib/python3.12/site-packages/airflow/example_dags/example_local_kubernetes_executor.py
[2024-05-15T10:13:04.216+0000] {processor.py:830} INFO - Processing file /home/airflow/.local/lib/python3.12/site-packages/airflow/example_dags/example_local_kubernetes_executor.py for tasks to queue
[2024-05-15T10:13:04.218+0000] {logging_mixin.py:188} INFO - [2024-05-15T10:13:04.218+0000] {dagbag.py:540} INFO - Filling up the DagBag from /home/airflow/.local/lib/python3.12/site-packages/airflow/example_dags/example_local_kubernetes_executor.py
[2024-05-15T10:13:04.227+0000] {processor.py:840} INFO - DAG(s) 'example_local_kubernetes_executor' retrieved from /home/airflow/.local/lib/python3.12/site-packages/airflow/example_dags/example_local_kubernetes_executor.py
[2024-05-15T10:13:04.264+0000] {logging_mixin.py:188} INFO - [2024-05-15T10:13:04.264+0000] {dag.py:3096} INFO - Sync 1 DAGs
[2024-05-15T10:13:04.280+0000] {logging_mixin.py:188} INFO - [2024-05-15T10:13:04.279+0000] {dag.py:3954} INFO - Setting next_dagrun for example_local_kubernetes_executor to None, run_after=None
[2024-05-15T10:13:04.303+0000] {processor.py:183} INFO - Processing /home/airflow/.local/lib/python3.12/site-packages/airflow/example_dags/example_local_kubernetes_executor.py took 0.093 seconds
[2024-05-15T10:13:34.465+0000] {processor.py:161} INFO - Started process (PID=172) to work on /home/airflow/.local/lib/python3.12/site-packages/airflow/example_dags/example_local_kubernetes_executor.py
[2024-05-15T10:13:34.466+0000] {processor.py:830} INFO - Processing file /home/airflow/.local/lib/python3.12/site-packages/airflow/example_dags/example_local_kubernetes_executor.py for tasks to queue
[2024-05-15T10:13:34.469+0000] {logging_mixin.py:188} INFO - [2024-05-15T10:13:34.468+0000] {dagbag.py:540} INFO - Filling up the DagBag from /home/airflow/.local/lib/python3.12/site-packages/airflow/example_dags/example_local_kubernetes_executor.py
[2024-05-15T10:13:34.478+0000] {processor.py:840} INFO - DAG(s) 'example_local_kubernetes_executor' retrieved from /home/airflow/.local/lib/python3.12/site-packages/airflow/example_dags/example_local_kubernetes_executor.py
[2024-05-15T10:13:34.508+0000] {logging_mixin.py:188} INFO - [2024-05-15T10:13:34.508+0000] {dag.py:3096} INFO - Sync 1 DAGs
[2024-05-15T10:13:34.523+0000] {logging_mixin.py:188} INFO - [2024-05-15T10:13:34.522+0000] {dag.py:3954} INFO - Setting next_dagrun for example_local_kubernetes_executor to None, run_after=None
[2024-05-15T10:13:34.541+0000] {processor.py:183} INFO - Processing /home/airflow/.local/lib/python3.12/site-packages/airflow/example_dags/example_local_kubernetes_executor.py took 0.081 seconds
[2024-05-15T10:14:04.638+0000] {processor.py:161} INFO - Started process (PID=231) to work on /home/airflow/.local/lib/python3.12/site-packages/airflow/example_dags/example_local_kubernetes_executor.py
[2024-05-15T10:14:04.638+0000] {processor.py:830} INFO - Processing file /home/airflow/.local/lib/python3.12/site-packages/airflow/example_dags/example_local_kubernetes_executor.py for tasks to queue
[2024-05-15T10:14:04.640+0000] {logging_mixin.py:188} INFO - [2024-05-15T10:14:04.640+0000] {dagbag.py:540} INFO - Filling up the DagBag from /home/airflow/.local/lib/python3.12/site-packages/airflow/example_dags/example_local_kubernetes_executor.py
[2024-05-15T10:14:04.647+0000] {processor.py:840} INFO - DAG(s) 'example_local_kubernetes_executor' retrieved from /home/airflow/.local/lib/python3.12/site-packages/airflow/example_dags/example_local_kubernetes_executor.py
[2024-05-15T10:14:04.677+0000] {logging_mixin.py:188} INFO - [2024-05-15T10:14:04.676+0000] {dag.py:3096} INFO - Sync 1 DAGs
[2024-05-15T10:14:04.688+0000] {logging_mixin.py:188} INFO - [2024-05-15T10:14:04.688+0000] {dag.py:3954} INFO - Setting next_dagrun for example_local_kubernetes_executor to None, run_after=None
[2024-05-15T10:14:04.711+0000] {processor.py:183} INFO - Processing /home/airflow/.local/lib/python3.12/site-packages/airflow/example_dags/example_local_kubernetes_executor.py took 0.079 seconds
[2024-05-15T10:14:34.985+0000] {processor.py:161} INFO - Started process (PID=291) to work on /home/airflow/.local/lib/python3.12/site-packages/airflow/example_dags/example_local_kubernetes_executor.py
[2024-05-15T10:14:34.986+0000] {processor.py:830} INFO - Processing file /home/airflow/.local/lib/python3.12/site-packages/airflow/example_dags/example_local_kubernetes_executor.py for tasks to queue
[2024-05-15T10:14:34.987+0000] {logging_mixin.py:188} INFO - [2024-05-15T10:14:34.987+0000] {dagbag.py:540} INFO - Filling up the DagBag from /home/airflow/.local/lib/python3.12/site-packages/airflow/example_dags/example_local_kubernetes_executor.py
[2024-05-15T10:14:34.993+0000] {processor.py:840} INFO - DAG(s) 'example_local_kubernetes_executor' retrieved from /home/airflow/.local/lib/python3.12/site-packages/airflow/example_dags/example_local_kubernetes_executor.py
[2024-05-15T10:14:35.022+0000] {logging_mixin.py:188} INFO - [2024-05-15T10:14:35.021+0000] {dag.py:3096} INFO - Sync 1 DAGs
[2024-05-15T10:14:35.032+0000] {logging_mixin.py:188} INFO - [2024-05-15T10:14:35.032+0000] {dag.py:3954} INFO - Setting next_dagrun for example_local_kubernetes_executor to None, run_after=None
[2024-05-15T10:14:35.054+0000] {processor.py:183} INFO - Processing /home/airflow/.local/lib/python3.12/site-packages/airflow/example_dags/example_local_kubernetes_executor.py took 0.074 seconds
[2024-05-15T10:15:05.299+0000] {processor.py:161} INFO - Started process (PID=350) to work on /home/airflow/.local/lib/python3.12/site-packages/airflow/example_dags/example_local_kubernetes_executor.py
[2024-05-15T10:15:05.301+0000] {processor.py:830} INFO - Processing file /home/airflow/.local/lib/python3.12/site-packages/airflow/example_dags/example_local_kubernetes_executor.py for tasks to queue
[2024-05-15T10:15:05.302+0000] {logging_mixin.py:188} INFO - [2024-05-15T10:15:05.302+0000] {dagbag.py:540} INFO - Filling up the DagBag from /home/airflow/.local/lib/python3.12/site-packages/airflow/example_dags/example_local_kubernetes_executor.py
[2024-05-15T10:15:05.307+0000] {processor.py:840} INFO - DAG(s) 'example_local_kubernetes_executor' retrieved from /home/airflow/.local/lib/python3.12/site-packages/airflow/example_dags/example_local_kubernetes_executor.py
[2024-05-15T10:15:05.336+0000] {logging_mixin.py:188} INFO - [2024-05-15T10:15:05.336+0000] {dag.py:3096} INFO - Sync 1 DAGs
[2024-05-15T10:15:05.346+0000] {logging_mixin.py:188} INFO - [2024-05-15T10:15:05.346+0000] {dag.py:3954} INFO - Setting next_dagrun for example_local_kubernetes_executor to None, run_after=None
[2024-05-15T10:15:05.365+0000] {processor.py:183} INFO - Processing /home/airflow/.local/lib/python3.12/site-packages/airflow/example_dags/example_local_kubernetes_executor.py took 0.070 seconds
[2024-05-15T10:15:35.839+0000] {processor.py:161} INFO - Started process (PID=409) to work on /home/airflow/.local/lib/python3.12/site-packages/airflow/example_dags/example_local_kubernetes_executor.py
[2024-05-15T10:15:35.840+0000] {processor.py:830} INFO - Processing file /home/airflow/.local/lib/python3.12/site-packages/airflow/example_dags/example_local_kubernetes_executor.py for tasks to queue
[2024-05-15T10:15:35.842+0000] {logging_mixin.py:188} INFO - [2024-05-15T10:15:35.841+0000] {dagbag.py:540} INFO - Filling up the DagBag from /home/airflow/.local/lib/python3.12/site-packages/airflow/example_dags/example_local_kubernetes_executor.py
[2024-05-15T10:15:35.848+0000] {processor.py:840} INFO - DAG(s) 'example_local_kubernetes_executor' retrieved from /home/airflow/.local/lib/python3.12/site-packages/airflow/example_dags/example_local_kubernetes_executor.py
[2024-05-15T10:15:35.874+0000] {logging_mixin.py:188} INFO - [2024-05-15T10:15:35.874+0000] {dag.py:3096} INFO - Sync 1 DAGs
[2024-05-15T10:15:35.885+0000] {logging_mixin.py:188} INFO - [2024-05-15T10:15:35.884+0000] {dag.py:3954} INFO - Setting next_dagrun for example_local_kubernetes_executor to None, run_after=None
[2024-05-15T10:15:35.903+0000] {processor.py:183} INFO - Processing /home/airflow/.local/lib/python3.12/site-packages/airflow/example_dags/example_local_kubernetes_executor.py took 0.069 seconds
[2024-05-15T10:16:06.473+0000] {processor.py:161} INFO - Started process (PID=468) to work on /home/airflow/.local/lib/python3.12/site-packages/airflow/example_dags/example_local_kubernetes_executor.py
[2024-05-15T10:16:06.474+0000] {processor.py:830} INFO - Processing file /home/airflow/.local/lib/python3.12/site-packages/airflow/example_dags/example_local_kubernetes_executor.py for tasks to queue
[2024-05-15T10:16:06.476+0000] {logging_mixin.py:188} INFO - [2024-05-15T10:16:06.475+0000] {dagbag.py:540} INFO - Filling up the DagBag from /home/airflow/.local/lib/python3.12/site-packages/airflow/example_dags/example_local_kubernetes_executor.py
[2024-05-15T10:16:06.482+0000] {processor.py:840} INFO - DAG(s) 'example_local_kubernetes_executor' retrieved from /home/airflow/.local/lib/python3.12/site-packages/airflow/example_dags/example_local_kubernetes_executor.py
[2024-05-15T10:16:06.513+0000] {logging_mixin.py:188} INFO - [2024-05-15T10:16:06.512+0000] {dag.py:3096} INFO - Sync 1 DAGs
[2024-05-15T10:16:06.523+0000] {logging_mixin.py:188} INFO - [2024-05-15T10:16:06.523+0000] {dag.py:3954} INFO - Setting next_dagrun for example_local_kubernetes_executor to None, run_after=None
[2024-05-15T10:16:06.542+0000] {processor.py:183} INFO - Processing /home/airflow/.local/lib/python3.12/site-packages/airflow/example_dags/example_local_kubernetes_executor.py took 0.075 seconds
[2024-05-15T10:16:36.709+0000] {processor.py:161} INFO - Started process (PID=527) to work on /home/airflow/.local/lib/python3.12/site-packages/airflow/example_dags/example_local_kubernetes_executor.py
[2024-05-15T10:16:36.711+0000] {processor.py:830} INFO - Processing file /home/airflow/.local/lib/python3.12/site-packages/airflow/example_dags/example_local_kubernetes_executor.py for tasks to queue
[2024-05-15T10:16:36.712+0000] {logging_mixin.py:188} INFO - [2024-05-15T10:16:36.712+0000] {dagbag.py:540} INFO - Filling up the DagBag from /home/airflow/.local/lib/python3.12/site-packages/airflow/example_dags/example_local_kubernetes_executor.py
[2024-05-15T10:16:36.720+0000] {processor.py:840} INFO - DAG(s) 'example_local_kubernetes_executor' retrieved from /home/airflow/.local/lib/python3.12/site-packages/airflow/example_dags/example_local_kubernetes_executor.py
[2024-05-15T10:16:36.747+0000] {logging_mixin.py:188} INFO - [2024-05-15T10:16:36.746+0000] {dag.py:3096} INFO - Sync 1 DAGs
[2024-05-15T10:16:36.757+0000] {logging_mixin.py:188} INFO - [2024-05-15T10:16:36.757+0000] {dag.py:3954} INFO - Setting next_dagrun for example_local_kubernetes_executor to None, run_after=None
[2024-05-15T10:16:36.773+0000] {processor.py:183} INFO - Processing /home/airflow/.local/lib/python3.12/site-packages/airflow/example_dags/example_local_kubernetes_executor.py took 0.071 seconds
[2024-05-15T10:17:06.966+0000] {processor.py:161} INFO - Started process (PID=586) to work on /home/airflow/.local/lib/python3.12/site-packages/airflow/example_dags/example_local_kubernetes_executor.py
[2024-05-15T10:17:06.967+0000] {processor.py:830} INFO - Processing file /home/airflow/.local/lib/python3.12/site-packages/airflow/example_dags/example_local_kubernetes_executor.py for tasks to queue
[2024-05-15T10:17:06.969+0000] {logging_mixin.py:188} INFO - [2024-05-15T10:17:06.969+0000] {dagbag.py:540} INFO - Filling up the DagBag from /home/airflow/.local/lib/python3.12/site-packages/airflow/example_dags/example_local_kubernetes_executor.py
[2024-05-15T10:17:06.977+0000] {processor.py:840} INFO - DAG(s) 'example_local_kubernetes_executor' retrieved from /home/airflow/.local/lib/python3.12/site-packages/airflow/example_dags/example_local_kubernetes_executor.py
[2024-05-15T10:17:07.012+0000] {logging_mixin.py:188} INFO - [2024-05-15T10:17:07.011+0000] {dag.py:3096} INFO - Sync 1 DAGs
[2024-05-15T10:17:07.029+0000] {logging_mixin.py:188} INFO - [2024-05-15T10:17:07.029+0000] {dag.py:3954} INFO - Setting next_dagrun for example_local_kubernetes_executor to None, run_after=None
[2024-05-15T10:17:07.065+0000] {processor.py:183} INFO - Processing /home/airflow/.local/lib/python3.12/site-packages/airflow/example_dags/example_local_kubernetes_executor.py took 0.103 seconds
[2024-05-15T10:17:37.223+0000] {processor.py:161} INFO - Started process (PID=645) to work on /home/airflow/.local/lib/python3.12/site-packages/airflow/example_dags/example_local_kubernetes_executor.py
[2024-05-15T10:17:37.224+0000] {processor.py:830} INFO - Processing file /home/airflow/.local/lib/python3.12/site-packages/airflow/example_dags/example_local_kubernetes_executor.py for tasks to queue
[2024-05-15T10:17:37.226+0000] {logging_mixin.py:188} INFO - [2024-05-15T10:17:37.226+0000] {dagbag.py:540} INFO - Filling up the DagBag from /home/airflow/.local/lib/python3.12/site-packages/airflow/example_dags/example_local_kubernetes_executor.py
[2024-05-15T10:17:37.234+0000] {processor.py:840} INFO - DAG(s) 'example_local_kubernetes_executor' retrieved from /home/airflow/.local/lib/python3.12/site-packages/airflow/example_dags/example_local_kubernetes_executor.py
[2024-05-15T10:17:37.263+0000] {logging_mixin.py:188} INFO - [2024-05-15T10:17:37.263+0000] {dag.py:3096} INFO - Sync 1 DAGs
[2024-05-15T10:17:37.277+0000] {logging_mixin.py:188} INFO - [2024-05-15T10:17:37.277+0000] {dag.py:3954} INFO - Setting next_dagrun for example_local_kubernetes_executor to None, run_after=None
[2024-05-15T10:17:37.295+0000] {processor.py:183} INFO - Processing /home/airflow/.local/lib/python3.12/site-packages/airflow/example_dags/example_local_kubernetes_executor.py took 0.077 seconds
[2024-05-15T10:18:07.441+0000] {processor.py:161} INFO - Started process (PID=704) to work on /home/airflow/.local/lib/python3.12/site-packages/airflow/example_dags/example_local_kubernetes_executor.py
[2024-05-15T10:18:07.442+0000] {processor.py:830} INFO - Processing file /home/airflow/.local/lib/python3.12/site-packages/airflow/example_dags/example_local_kubernetes_executor.py for tasks to queue
[2024-05-15T10:18:07.444+0000] {logging_mixin.py:188} INFO - [2024-05-15T10:18:07.443+0000] {dagbag.py:540} INFO - Filling up the DagBag from /home/airflow/.local/lib/python3.12/site-packages/airflow/example_dags/example_local_kubernetes_executor.py
[2024-05-15T10:18:07.451+0000] {processor.py:840} INFO - DAG(s) 'example_local_kubernetes_executor' retrieved from /home/airflow/.local/lib/python3.12/site-packages/airflow/example_dags/example_local_kubernetes_executor.py
[2024-05-15T10:18:07.478+0000] {logging_mixin.py:188} INFO - [2024-05-15T10:18:07.478+0000] {dag.py:3096} INFO - Sync 1 DAGs
[2024-05-15T10:18:07.489+0000] {logging_mixin.py:188} INFO - [2024-05-15T10:18:07.489+0000] {dag.py:3954} INFO - Setting next_dagrun for example_local_kubernetes_executor to None, run_after=None
[2024-05-15T10:18:07.505+0000] {processor.py:183} INFO - Processing /home/airflow/.local/lib/python3.12/site-packages/airflow/example_dags/example_local_kubernetes_executor.py took 0.069 seconds
[2024-05-15T10:18:38.369+0000] {processor.py:161} INFO - Started process (PID=763) to work on /home/airflow/.local/lib/python3.12/site-packages/airflow/example_dags/example_local_kubernetes_executor.py
[2024-05-15T10:18:38.370+0000] {processor.py:830} INFO - Processing file /home/airflow/.local/lib/python3.12/site-packages/airflow/example_dags/example_local_kubernetes_executor.py for tasks to queue
[2024-05-15T10:18:38.372+0000] {logging_mixin.py:188} INFO - [2024-05-15T10:18:38.372+0000] {dagbag.py:540} INFO - Filling up the DagBag from /home/airflow/.local/lib/python3.12/site-packages/airflow/example_dags/example_local_kubernetes_executor.py
[2024-05-15T10:18:38.378+0000] {processor.py:840} INFO - DAG(s) 'example_local_kubernetes_executor' retrieved from /home/airflow/.local/lib/python3.12/site-packages/airflow/example_dags/example_local_kubernetes_executor.py
[2024-05-15T10:18:38.408+0000] {logging_mixin.py:188} INFO - [2024-05-15T10:18:38.408+0000] {dag.py:3096} INFO - Sync 1 DAGs
[2024-05-15T10:18:38.418+0000] {logging_mixin.py:188} INFO - [2024-05-15T10:18:38.418+0000] {dag.py:3954} INFO - Setting next_dagrun for example_local_kubernetes_executor to None, run_after=None
[2024-05-15T10:18:38.436+0000] {processor.py:183} INFO - Processing /home/airflow/.local/lib/python3.12/site-packages/airflow/example_dags/example_local_kubernetes_executor.py took 0.072 seconds
[2024-05-15T10:19:08.933+0000] {processor.py:161} INFO - Started process (PID=822) to work on /home/airflow/.local/lib/python3.12/site-packages/airflow/example_dags/example_local_kubernetes_executor.py
[2024-05-15T10:19:08.934+0000] {processor.py:830} INFO - Processing file /home/airflow/.local/lib/python3.12/site-packages/airflow/example_dags/example_local_kubernetes_executor.py for tasks to queue
[2024-05-15T10:19:08.936+0000] {logging_mixin.py:188} INFO - [2024-05-15T10:19:08.936+0000] {dagbag.py:540} INFO - Filling up the DagBag from /home/airflow/.local/lib/python3.12/site-packages/airflow/example_dags/example_local_kubernetes_executor.py
[2024-05-15T10:19:08.942+0000] {processor.py:840} INFO - DAG(s) 'example_local_kubernetes_executor' retrieved from /home/airflow/.local/lib/python3.12/site-packages/airflow/example_dags/example_local_kubernetes_executor.py
[2024-05-15T10:19:08.969+0000] {logging_mixin.py:188} INFO - [2024-05-15T10:19:08.968+0000] {dag.py:3096} INFO - Sync 1 DAGs
[2024-05-15T10:19:09.086+0000] {logging_mixin.py:188} INFO - [2024-05-15T10:19:09.086+0000] {dag.py:3954} INFO - Setting next_dagrun for example_local_kubernetes_executor to None, run_after=None
[2024-05-15T10:19:09.101+0000] {processor.py:183} INFO - Processing /home/airflow/.local/lib/python3.12/site-packages/airflow/example_dags/example_local_kubernetes_executor.py took 0.172 seconds
[2024-05-15T10:19:39.313+0000] {processor.py:161} INFO - Started process (PID=881) to work on /home/airflow/.local/lib/python3.12/site-packages/airflow/example_dags/example_local_kubernetes_executor.py
[2024-05-15T10:19:39.314+0000] {processor.py:830} INFO - Processing file /home/airflow/.local/lib/python3.12/site-packages/airflow/example_dags/example_local_kubernetes_executor.py for tasks to queue
[2024-05-15T10:19:39.316+0000] {logging_mixin.py:188} INFO - [2024-05-15T10:19:39.315+0000] {dagbag.py:540} INFO - Filling up the DagBag from /home/airflow/.local/lib/python3.12/site-packages/airflow/example_dags/example_local_kubernetes_executor.py
[2024-05-15T10:19:39.321+0000] {processor.py:840} INFO - DAG(s) 'example_local_kubernetes_executor' retrieved from /home/airflow/.local/lib/python3.12/site-packages/airflow/example_dags/example_local_kubernetes_executor.py
[2024-05-15T10:19:39.350+0000] {logging_mixin.py:188} INFO - [2024-05-15T10:19:39.350+0000] {dag.py:3096} INFO - Sync 1 DAGs
[2024-05-15T10:19:39.466+0000] {logging_mixin.py:188} INFO - [2024-05-15T10:19:39.465+0000] {dag.py:3954} INFO - Setting next_dagrun for example_local_kubernetes_executor to None, run_after=None
[2024-05-15T10:19:39.494+0000] {processor.py:183} INFO - Processing /home/airflow/.local/lib/python3.12/site-packages/airflow/example_dags/example_local_kubernetes_executor.py took 0.185 seconds
[2024-05-15T10:20:09.743+0000] {processor.py:161} INFO - Started process (PID=940) to work on /home/airflow/.local/lib/python3.12/site-packages/airflow/example_dags/example_local_kubernetes_executor.py
[2024-05-15T10:20:09.744+0000] {processor.py:830} INFO - Processing file /home/airflow/.local/lib/python3.12/site-packages/airflow/example_dags/example_local_kubernetes_executor.py for tasks to queue
[2024-05-15T10:20:09.745+0000] {logging_mixin.py:188} INFO - [2024-05-15T10:20:09.745+0000] {dagbag.py:540} INFO - Filling up the DagBag from /home/airflow/.local/lib/python3.12/site-packages/airflow/example_dags/example_local_kubernetes_executor.py
[2024-05-15T10:20:09.751+0000] {processor.py:840} INFO - DAG(s) 'example_local_kubernetes_executor' retrieved from /home/airflow/.local/lib/python3.12/site-packages/airflow/example_dags/example_local_kubernetes_executor.py
[2024-05-15T10:20:09.784+0000] {logging_mixin.py:188} INFO - [2024-05-15T10:20:09.784+0000] {dag.py:3096} INFO - Sync 1 DAGs
[2024-05-15T10:20:09.797+0000] {logging_mixin.py:188} INFO - [2024-05-15T10:20:09.797+0000] {dag.py:3954} INFO - Setting next_dagrun for example_local_kubernetes_executor to None, run_after=None
[2024-05-15T10:20:09.928+0000] {processor.py:183} INFO - Processing /home/airflow/.local/lib/python3.12/site-packages/airflow/example_dags/example_local_kubernetes_executor.py took 0.190 seconds
[2024-05-15T10:20:40.409+0000] {processor.py:161} INFO - Started process (PID=999) to work on /home/airflow/.local/lib/python3.12/site-packages/airflow/example_dags/example_local_kubernetes_executor.py
[2024-05-15T10:20:40.410+0000] {processor.py:830} INFO - Processing file /home/airflow/.local/lib/python3.12/site-packages/airflow/example_dags/example_local_kubernetes_executor.py for tasks to queue
[2024-05-15T10:20:40.412+0000] {logging_mixin.py:188} INFO - [2024-05-15T10:20:40.412+0000] {dagbag.py:540} INFO - Filling up the DagBag from /home/airflow/.local/lib/python3.12/site-packages/airflow/example_dags/example_local_kubernetes_executor.py
[2024-05-15T10:20:40.420+0000] {processor.py:840} INFO - DAG(s) 'example_local_kubernetes_executor' retrieved from /home/airflow/.local/lib/python3.12/site-packages/airflow/example_dags/example_local_kubernetes_executor.py
[2024-05-15T10:20:40.450+0000] {logging_mixin.py:188} INFO - [2024-05-15T10:20:40.450+0000] {dag.py:3096} INFO - Sync 1 DAGs
[2024-05-15T10:20:40.459+0000] {logging_mixin.py:188} INFO - [2024-05-15T10:20:40.459+0000] {dag.py:3954} INFO - Setting next_dagrun for example_local_kubernetes_executor to None, run_after=None
[2024-05-15T10:20:40.475+0000] {processor.py:183} INFO - Processing /home/airflow/.local/lib/python3.12/site-packages/airflow/example_dags/example_local_kubernetes_executor.py took 0.072 seconds
[2024-05-15T10:21:10.774+0000] {processor.py:161} INFO - Started process (PID=1058) to work on /home/airflow/.local/lib/python3.12/site-packages/airflow/example_dags/example_local_kubernetes_executor.py
[2024-05-15T10:21:10.775+0000] {processor.py:830} INFO - Processing file /home/airflow/.local/lib/python3.12/site-packages/airflow/example_dags/example_local_kubernetes_executor.py for tasks to queue
[2024-05-15T10:21:10.777+0000] {logging_mixin.py:188} INFO - [2024-05-15T10:21:10.777+0000] {dagbag.py:540} INFO - Filling up the DagBag from /home/airflow/.local/lib/python3.12/site-packages/airflow/example_dags/example_local_kubernetes_executor.py
[2024-05-15T10:21:10.782+0000] {processor.py:840} INFO - DAG(s) 'example_local_kubernetes_executor' retrieved from /home/airflow/.local/lib/python3.12/site-packages/airflow/example_dags/example_local_kubernetes_executor.py
[2024-05-15T10:21:10.811+0000] {logging_mixin.py:188} INFO - [2024-05-15T10:21:10.810+0000] {dag.py:3096} INFO - Sync 1 DAGs
[2024-05-15T10:21:10.823+0000] {logging_mixin.py:188} INFO - [2024-05-15T10:21:10.823+0000] {dag.py:3954} INFO - Setting next_dagrun for example_local_kubernetes_executor to None, run_after=None
[2024-05-15T10:21:10.842+0000] {processor.py:183} INFO - Processing /home/airflow/.local/lib/python3.12/site-packages/airflow/example_dags/example_local_kubernetes_executor.py took 0.072 seconds
[2024-05-15T10:21:40.896+0000] {processor.py:161} INFO - Started process (PID=1117) to work on /home/airflow/.local/lib/python3.12/site-packages/airflow/example_dags/example_local_kubernetes_executor.py
[2024-05-15T10:21:40.897+0000] {processor.py:830} INFO - Processing file /home/airflow/.local/lib/python3.12/site-packages/airflow/example_dags/example_local_kubernetes_executor.py for tasks to queue
[2024-05-15T10:21:40.898+0000] {logging_mixin.py:188} INFO - [2024-05-15T10:21:40.898+0000] {dagbag.py:540} INFO - Filling up the DagBag from /home/airflow/.local/lib/python3.12/site-packages/airflow/example_dags/example_local_kubernetes_executor.py
[2024-05-15T10:21:40.906+0000] {processor.py:840} INFO - DAG(s) 'example_local_kubernetes_executor' retrieved from /home/airflow/.local/lib/python3.12/site-packages/airflow/example_dags/example_local_kubernetes_executor.py
[2024-05-15T10:21:40.935+0000] {logging_mixin.py:188} INFO - [2024-05-15T10:21:40.935+0000] {dag.py:3096} INFO - Sync 1 DAGs
[2024-05-15T10:21:40.945+0000] {logging_mixin.py:188} INFO - [2024-05-15T10:21:40.945+0000] {dag.py:3954} INFO - Setting next_dagrun for example_local_kubernetes_executor to None, run_after=None
[2024-05-15T10:21:40.962+0000] {processor.py:183} INFO - Processing /home/airflow/.local/lib/python3.12/site-packages/airflow/example_dags/example_local_kubernetes_executor.py took 0.071 seconds
[2024-05-15T10:22:11.268+0000] {processor.py:161} INFO - Started process (PID=1176) to work on /home/airflow/.local/lib/python3.12/site-packages/airflow/example_dags/example_local_kubernetes_executor.py
[2024-05-15T10:22:11.269+0000] {processor.py:830} INFO - Processing file /home/airflow/.local/lib/python3.12/site-packages/airflow/example_dags/example_local_kubernetes_executor.py for tasks to queue
[2024-05-15T10:22:11.271+0000] {logging_mixin.py:188} INFO - [2024-05-15T10:22:11.271+0000] {dagbag.py:540} INFO - Filling up the DagBag from /home/airflow/.local/lib/python3.12/site-packages/airflow/example_dags/example_local_kubernetes_executor.py
[2024-05-15T10:22:11.278+0000] {processor.py:840} INFO - DAG(s) 'example_local_kubernetes_executor' retrieved from /home/airflow/.local/lib/python3.12/site-packages/airflow/example_dags/example_local_kubernetes_executor.py
[2024-05-15T10:22:11.306+0000] {logging_mixin.py:188} INFO - [2024-05-15T10:22:11.305+0000] {dag.py:3096} INFO - Sync 1 DAGs
[2024-05-15T10:22:11.317+0000] {logging_mixin.py:188} INFO - [2024-05-15T10:22:11.317+0000] {dag.py:3954} INFO - Setting next_dagrun for example_local_kubernetes_executor to None, run_after=None
[2024-05-15T10:22:11.332+0000] {processor.py:183} INFO - Processing /home/airflow/.local/lib/python3.12/site-packages/airflow/example_dags/example_local_kubernetes_executor.py took 0.070 seconds
[2024-05-15T10:22:42.167+0000] {processor.py:161} INFO - Started process (PID=1235) to work on /home/airflow/.local/lib/python3.12/site-packages/airflow/example_dags/example_local_kubernetes_executor.py
[2024-05-15T10:22:42.169+0000] {processor.py:830} INFO - Processing file /home/airflow/.local/lib/python3.12/site-packages/airflow/example_dags/example_local_kubernetes_executor.py for tasks to queue
[2024-05-15T10:22:42.171+0000] {logging_mixin.py:188} INFO - [2024-05-15T10:22:42.170+0000] {dagbag.py:540} INFO - Filling up the DagBag from /home/airflow/.local/lib/python3.12/site-packages/airflow/example_dags/example_local_kubernetes_executor.py
[2024-05-15T10:22:42.177+0000] {processor.py:840} INFO - DAG(s) 'example_local_kubernetes_executor' retrieved from /home/airflow/.local/lib/python3.12/site-packages/airflow/example_dags/example_local_kubernetes_executor.py
[2024-05-15T10:22:42.207+0000] {logging_mixin.py:188} INFO - [2024-05-15T10:22:42.207+0000] {dag.py:3096} INFO - Sync 1 DAGs
[2024-05-15T10:22:42.220+0000] {logging_mixin.py:188} INFO - [2024-05-15T10:22:42.220+0000] {dag.py:3954} INFO - Setting next_dagrun for example_local_kubernetes_executor to None, run_after=None
[2024-05-15T10:22:42.237+0000] {processor.py:183} INFO - Processing /home/airflow/.local/lib/python3.12/site-packages/airflow/example_dags/example_local_kubernetes_executor.py took 0.075 seconds
[2024-05-15T10:23:12.924+0000] {processor.py:161} INFO - Started process (PID=1294) to work on /home/airflow/.local/lib/python3.12/site-packages/airflow/example_dags/example_local_kubernetes_executor.py
[2024-05-15T10:23:12.925+0000] {processor.py:830} INFO - Processing file /home/airflow/.local/lib/python3.12/site-packages/airflow/example_dags/example_local_kubernetes_executor.py for tasks to queue
[2024-05-15T10:23:12.926+0000] {logging_mixin.py:188} INFO - [2024-05-15T10:23:12.926+0000] {dagbag.py:540} INFO - Filling up the DagBag from /home/airflow/.local/lib/python3.12/site-packages/airflow/example_dags/example_local_kubernetes_executor.py
[2024-05-15T10:23:12.935+0000] {processor.py:840} INFO - DAG(s) 'example_local_kubernetes_executor' retrieved from /home/airflow/.local/lib/python3.12/site-packages/airflow/example_dags/example_local_kubernetes_executor.py
[2024-05-15T10:23:12.964+0000] {logging_mixin.py:188} INFO - [2024-05-15T10:23:12.964+0000] {dag.py:3096} INFO - Sync 1 DAGs
[2024-05-15T10:23:12.973+0000] {logging_mixin.py:188} INFO - [2024-05-15T10:23:12.973+0000] {dag.py:3954} INFO - Setting next_dagrun for example_local_kubernetes_executor to None, run_after=None
[2024-05-15T10:23:12.989+0000] {processor.py:183} INFO - Processing /home/airflow/.local/lib/python3.12/site-packages/airflow/example_dags/example_local_kubernetes_executor.py took 0.070 seconds
[2024-05-15T10:23:43.905+0000] {processor.py:161} INFO - Started process (PID=1359) to work on /home/airflow/.local/lib/python3.12/site-packages/airflow/example_dags/example_local_kubernetes_executor.py
[2024-05-15T10:23:43.906+0000] {processor.py:830} INFO - Processing file /home/airflow/.local/lib/python3.12/site-packages/airflow/example_dags/example_local_kubernetes_executor.py for tasks to queue
[2024-05-15T10:23:43.907+0000] {logging_mixin.py:188} INFO - [2024-05-15T10:23:43.907+0000] {dagbag.py:540} INFO - Filling up the DagBag from /home/airflow/.local/lib/python3.12/site-packages/airflow/example_dags/example_local_kubernetes_executor.py
[2024-05-15T10:23:43.913+0000] {processor.py:840} INFO - DAG(s) 'example_local_kubernetes_executor' retrieved from /home/airflow/.local/lib/python3.12/site-packages/airflow/example_dags/example_local_kubernetes_executor.py
[2024-05-15T10:23:43.942+0000] {logging_mixin.py:188} INFO - [2024-05-15T10:23:43.942+0000] {dag.py:3096} INFO - Sync 1 DAGs
[2024-05-15T10:23:43.953+0000] {logging_mixin.py:188} INFO - [2024-05-15T10:23:43.952+0000] {dag.py:3954} INFO - Setting next_dagrun for example_local_kubernetes_executor to None, run_after=None
[2024-05-15T10:23:43.972+0000] {processor.py:183} INFO - Processing /home/airflow/.local/lib/python3.12/site-packages/airflow/example_dags/example_local_kubernetes_executor.py took 0.072 seconds
[2024-05-15T10:24:14.794+0000] {processor.py:161} INFO - Started process (PID=1418) to work on /home/airflow/.local/lib/python3.12/site-packages/airflow/example_dags/example_local_kubernetes_executor.py
[2024-05-15T10:24:14.795+0000] {processor.py:830} INFO - Processing file /home/airflow/.local/lib/python3.12/site-packages/airflow/example_dags/example_local_kubernetes_executor.py for tasks to queue
[2024-05-15T10:24:14.797+0000] {logging_mixin.py:188} INFO - [2024-05-15T10:24:14.796+0000] {dagbag.py:540} INFO - Filling up the DagBag from /home/airflow/.local/lib/python3.12/site-packages/airflow/example_dags/example_local_kubernetes_executor.py
[2024-05-15T10:24:14.804+0000] {processor.py:840} INFO - DAG(s) 'example_local_kubernetes_executor' retrieved from /home/airflow/.local/lib/python3.12/site-packages/airflow/example_dags/example_local_kubernetes_executor.py
[2024-05-15T10:24:14.834+0000] {logging_mixin.py:188} INFO - [2024-05-15T10:24:14.834+0000] {dag.py:3096} INFO - Sync 1 DAGs
[2024-05-15T10:24:14.848+0000] {logging_mixin.py:188} INFO - [2024-05-15T10:24:14.848+0000] {dag.py:3954} INFO - Setting next_dagrun for example_local_kubernetes_executor to None, run_after=None
[2024-05-15T10:24:14.883+0000] {processor.py:183} INFO - Processing /home/airflow/.local/lib/python3.12/site-packages/airflow/example_dags/example_local_kubernetes_executor.py took 0.094 seconds
[2024-05-15T10:24:45.141+0000] {processor.py:161} INFO - Started process (PID=1477) to work on /home/airflow/.local/lib/python3.12/site-packages/airflow/example_dags/example_local_kubernetes_executor.py
[2024-05-15T10:24:45.142+0000] {processor.py:830} INFO - Processing file /home/airflow/.local/lib/python3.12/site-packages/airflow/example_dags/example_local_kubernetes_executor.py for tasks to queue
[2024-05-15T10:24:45.144+0000] {logging_mixin.py:188} INFO - [2024-05-15T10:24:45.143+0000] {dagbag.py:540} INFO - Filling up the DagBag from /home/airflow/.local/lib/python3.12/site-packages/airflow/example_dags/example_local_kubernetes_executor.py
[2024-05-15T10:24:45.153+0000] {processor.py:840} INFO - DAG(s) 'example_local_kubernetes_executor' retrieved from /home/airflow/.local/lib/python3.12/site-packages/airflow/example_dags/example_local_kubernetes_executor.py
[2024-05-15T10:24:45.185+0000] {logging_mixin.py:188} INFO - [2024-05-15T10:24:45.184+0000] {dag.py:3096} INFO - Sync 1 DAGs
[2024-05-15T10:24:45.196+0000] {logging_mixin.py:188} INFO - [2024-05-15T10:24:45.196+0000] {dag.py:3954} INFO - Setting next_dagrun for example_local_kubernetes_executor to None, run_after=None
[2024-05-15T10:24:45.217+0000] {processor.py:183} INFO - Processing /home/airflow/.local/lib/python3.12/site-packages/airflow/example_dags/example_local_kubernetes_executor.py took 0.080 seconds
[2024-05-15T10:25:15.435+0000] {processor.py:161} INFO - Started process (PID=1536) to work on /home/airflow/.local/lib/python3.12/site-packages/airflow/example_dags/example_local_kubernetes_executor.py
[2024-05-15T10:25:15.436+0000] {processor.py:830} INFO - Processing file /home/airflow/.local/lib/python3.12/site-packages/airflow/example_dags/example_local_kubernetes_executor.py for tasks to queue
[2024-05-15T10:25:15.438+0000] {logging_mixin.py:188} INFO - [2024-05-15T10:25:15.437+0000] {dagbag.py:540} INFO - Filling up the DagBag from /home/airflow/.local/lib/python3.12/site-packages/airflow/example_dags/example_local_kubernetes_executor.py
[2024-05-15T10:25:15.451+0000] {processor.py:840} INFO - DAG(s) 'example_local_kubernetes_executor' retrieved from /home/airflow/.local/lib/python3.12/site-packages/airflow/example_dags/example_local_kubernetes_executor.py
[2024-05-15T10:25:15.488+0000] {logging_mixin.py:188} INFO - [2024-05-15T10:25:15.487+0000] {dag.py:3096} INFO - Sync 1 DAGs
[2024-05-15T10:25:15.514+0000] {logging_mixin.py:188} INFO - [2024-05-15T10:25:15.513+0000] {dag.py:3954} INFO - Setting next_dagrun for example_local_kubernetes_executor to None, run_after=None
[2024-05-15T10:25:15.542+0000] {processor.py:183} INFO - Processing /home/airflow/.local/lib/python3.12/site-packages/airflow/example_dags/example_local_kubernetes_executor.py took 0.114 seconds
[2024-05-15T10:25:45.830+0000] {processor.py:161} INFO - Started process (PID=1595) to work on /home/airflow/.local/lib/python3.12/site-packages/airflow/example_dags/example_local_kubernetes_executor.py
[2024-05-15T10:25:45.832+0000] {processor.py:830} INFO - Processing file /home/airflow/.local/lib/python3.12/site-packages/airflow/example_dags/example_local_kubernetes_executor.py for tasks to queue
[2024-05-15T10:25:45.833+0000] {logging_mixin.py:188} INFO - [2024-05-15T10:25:45.833+0000] {dagbag.py:540} INFO - Filling up the DagBag from /home/airflow/.local/lib/python3.12/site-packages/airflow/example_dags/example_local_kubernetes_executor.py
[2024-05-15T10:25:45.839+0000] {processor.py:840} INFO - DAG(s) 'example_local_kubernetes_executor' retrieved from /home/airflow/.local/lib/python3.12/site-packages/airflow/example_dags/example_local_kubernetes_executor.py
[2024-05-15T10:25:45.869+0000] {logging_mixin.py:188} INFO - [2024-05-15T10:25:45.869+0000] {dag.py:3096} INFO - Sync 1 DAGs
[2024-05-15T10:25:45.880+0000] {logging_mixin.py:188} INFO - [2024-05-15T10:25:45.880+0000] {dag.py:3954} INFO - Setting next_dagrun for example_local_kubernetes_executor to None, run_after=None
[2024-05-15T10:25:45.900+0000] {processor.py:183} INFO - Processing /home/airflow/.local/lib/python3.12/site-packages/airflow/example_dags/example_local_kubernetes_executor.py took 0.075 seconds
[2024-05-15T10:26:15.951+0000] {processor.py:161} INFO - Started process (PID=1654) to work on /home/airflow/.local/lib/python3.12/site-packages/airflow/example_dags/example_local_kubernetes_executor.py
[2024-05-15T10:26:15.952+0000] {processor.py:830} INFO - Processing file /home/airflow/.local/lib/python3.12/site-packages/airflow/example_dags/example_local_kubernetes_executor.py for tasks to queue
[2024-05-15T10:26:15.953+0000] {logging_mixin.py:188} INFO - [2024-05-15T10:26:15.953+0000] {dagbag.py:540} INFO - Filling up the DagBag from /home/airflow/.local/lib/python3.12/site-packages/airflow/example_dags/example_local_kubernetes_executor.py
[2024-05-15T10:26:15.959+0000] {processor.py:840} INFO - DAG(s) 'example_local_kubernetes_executor' retrieved from /home/airflow/.local/lib/python3.12/site-packages/airflow/example_dags/example_local_kubernetes_executor.py
[2024-05-15T10:26:15.989+0000] {logging_mixin.py:188} INFO - [2024-05-15T10:26:15.989+0000] {dag.py:3096} INFO - Sync 1 DAGs
[2024-05-15T10:26:16.000+0000] {logging_mixin.py:188} INFO - [2024-05-15T10:26:16.000+0000] {dag.py:3954} INFO - Setting next_dagrun for example_local_kubernetes_executor to None, run_after=None
[2024-05-15T10:26:16.019+0000] {processor.py:183} INFO - Processing /home/airflow/.local/lib/python3.12/site-packages/airflow/example_dags/example_local_kubernetes_executor.py took 0.074 seconds
[2024-05-15T10:26:46.884+0000] {processor.py:161} INFO - Started process (PID=1713) to work on /home/airflow/.local/lib/python3.12/site-packages/airflow/example_dags/example_local_kubernetes_executor.py
[2024-05-15T10:26:46.886+0000] {processor.py:830} INFO - Processing file /home/airflow/.local/lib/python3.12/site-packages/airflow/example_dags/example_local_kubernetes_executor.py for tasks to queue
[2024-05-15T10:26:46.889+0000] {logging_mixin.py:188} INFO - [2024-05-15T10:26:46.888+0000] {dagbag.py:540} INFO - Filling up the DagBag from /home/airflow/.local/lib/python3.12/site-packages/airflow/example_dags/example_local_kubernetes_executor.py
[2024-05-15T10:26:46.896+0000] {processor.py:840} INFO - DAG(s) 'example_local_kubernetes_executor' retrieved from /home/airflow/.local/lib/python3.12/site-packages/airflow/example_dags/example_local_kubernetes_executor.py
[2024-05-15T10:26:46.927+0000] {logging_mixin.py:188} INFO - [2024-05-15T10:26:46.926+0000] {dag.py:3096} INFO - Sync 1 DAGs
[2024-05-15T10:26:46.937+0000] {logging_mixin.py:188} INFO - [2024-05-15T10:26:46.937+0000] {dag.py:3954} INFO - Setting next_dagrun for example_local_kubernetes_executor to None, run_after=None
[2024-05-15T10:26:46.957+0000] {processor.py:183} INFO - Processing /home/airflow/.local/lib/python3.12/site-packages/airflow/example_dags/example_local_kubernetes_executor.py took 0.084 seconds
[2024-05-15T10:27:17.220+0000] {processor.py:161} INFO - Started process (PID=1772) to work on /home/airflow/.local/lib/python3.12/site-packages/airflow/example_dags/example_local_kubernetes_executor.py
[2024-05-15T10:27:17.221+0000] {processor.py:830} INFO - Processing file /home/airflow/.local/lib/python3.12/site-packages/airflow/example_dags/example_local_kubernetes_executor.py for tasks to queue
[2024-05-15T10:27:17.223+0000] {logging_mixin.py:188} INFO - [2024-05-15T10:27:17.222+0000] {dagbag.py:540} INFO - Filling up the DagBag from /home/airflow/.local/lib/python3.12/site-packages/airflow/example_dags/example_local_kubernetes_executor.py
[2024-05-15T10:27:17.229+0000] {processor.py:840} INFO - DAG(s) 'example_local_kubernetes_executor' retrieved from /home/airflow/.local/lib/python3.12/site-packages/airflow/example_dags/example_local_kubernetes_executor.py
[2024-05-15T10:27:17.262+0000] {logging_mixin.py:188} INFO - [2024-05-15T10:27:17.262+0000] {dag.py:3096} INFO - Sync 1 DAGs
[2024-05-15T10:27:17.273+0000] {logging_mixin.py:188} INFO - [2024-05-15T10:27:17.273+0000] {dag.py:3954} INFO - Setting next_dagrun for example_local_kubernetes_executor to None, run_after=None
[2024-05-15T10:27:17.295+0000] {processor.py:183} INFO - Processing /home/airflow/.local/lib/python3.12/site-packages/airflow/example_dags/example_local_kubernetes_executor.py took 0.081 seconds
[2024-05-15T10:27:47.392+0000] {processor.py:161} INFO - Started process (PID=1831) to work on /home/airflow/.local/lib/python3.12/site-packages/airflow/example_dags/example_local_kubernetes_executor.py
[2024-05-15T10:27:47.393+0000] {processor.py:830} INFO - Processing file /home/airflow/.local/lib/python3.12/site-packages/airflow/example_dags/example_local_kubernetes_executor.py for tasks to queue
[2024-05-15T10:27:47.395+0000] {logging_mixin.py:188} INFO - [2024-05-15T10:27:47.395+0000] {dagbag.py:540} INFO - Filling up the DagBag from /home/airflow/.local/lib/python3.12/site-packages/airflow/example_dags/example_local_kubernetes_executor.py
[2024-05-15T10:27:47.404+0000] {processor.py:840} INFO - DAG(s) 'example_local_kubernetes_executor' retrieved from /home/airflow/.local/lib/python3.12/site-packages/airflow/example_dags/example_local_kubernetes_executor.py
[2024-05-15T10:27:47.437+0000] {logging_mixin.py:188} INFO - [2024-05-15T10:27:47.437+0000] {dag.py:3096} INFO - Sync 1 DAGs
[2024-05-15T10:27:47.450+0000] {logging_mixin.py:188} INFO - [2024-05-15T10:27:47.450+0000] {dag.py:3954} INFO - Setting next_dagrun for example_local_kubernetes_executor to None, run_after=None
[2024-05-15T10:27:47.468+0000] {processor.py:183} INFO - Processing /home/airflow/.local/lib/python3.12/site-packages/airflow/example_dags/example_local_kubernetes_executor.py took 0.086 seconds
[2024-05-15T10:28:17.543+0000] {processor.py:161} INFO - Started process (PID=1891) to work on /home/airflow/.local/lib/python3.12/site-packages/airflow/example_dags/example_local_kubernetes_executor.py
[2024-05-15T10:28:17.544+0000] {processor.py:830} INFO - Processing file /home/airflow/.local/lib/python3.12/site-packages/airflow/example_dags/example_local_kubernetes_executor.py for tasks to queue
[2024-05-15T10:28:17.547+0000] {logging_mixin.py:188} INFO - [2024-05-15T10:28:17.546+0000] {dagbag.py:540} INFO - Filling up the DagBag from /home/airflow/.local/lib/python3.12/site-packages/airflow/example_dags/example_local_kubernetes_executor.py
[2024-05-15T10:28:17.555+0000] {processor.py:840} INFO - DAG(s) 'example_local_kubernetes_executor' retrieved from /home/airflow/.local/lib/python3.12/site-packages/airflow/example_dags/example_local_kubernetes_executor.py
[2024-05-15T10:28:17.609+0000] {logging_mixin.py:188} INFO - [2024-05-15T10:28:17.609+0000] {dag.py:3096} INFO - Sync 1 DAGs
[2024-05-15T10:28:17.625+0000] {logging_mixin.py:188} INFO - [2024-05-15T10:28:17.624+0000] {dag.py:3954} INFO - Setting next_dagrun for example_local_kubernetes_executor to None, run_after=None
[2024-05-15T10:28:17.646+0000] {processor.py:183} INFO - Processing /home/airflow/.local/lib/python3.12/site-packages/airflow/example_dags/example_local_kubernetes_executor.py took 0.111 seconds
[2024-05-15T10:29:34.042+0000] {processor.py:161} INFO - Started process (PID=1941) to work on /home/airflow/.local/lib/python3.12/site-packages/airflow/example_dags/example_local_kubernetes_executor.py
[2024-05-15T10:29:34.046+0000] {processor.py:830} INFO - Processing file /home/airflow/.local/lib/python3.12/site-packages/airflow/example_dags/example_local_kubernetes_executor.py for tasks to queue
[2024-05-15T10:29:34.075+0000] {logging_mixin.py:188} INFO - [2024-05-15T10:29:34.074+0000] {dagbag.py:540} INFO - Filling up the DagBag from /home/airflow/.local/lib/python3.12/site-packages/airflow/example_dags/example_local_kubernetes_executor.py
[2024-05-15T10:29:34.138+0000] {processor.py:840} INFO - DAG(s) 'example_local_kubernetes_executor' retrieved from /home/airflow/.local/lib/python3.12/site-packages/airflow/example_dags/example_local_kubernetes_executor.py
[2024-05-15T10:29:34.351+0000] {logging_mixin.py:188} INFO - [2024-05-15T10:29:34.350+0000] {dag.py:3096} INFO - Sync 1 DAGs
[2024-05-15T10:29:34.445+0000] {logging_mixin.py:188} INFO - [2024-05-15T10:29:34.438+0000] {dag.py:3954} INFO - Setting next_dagrun for example_local_kubernetes_executor to None, run_after=None
[2024-05-15T10:29:34.653+0000] {processor.py:183} INFO - Processing /home/airflow/.local/lib/python3.12/site-packages/airflow/example_dags/example_local_kubernetes_executor.py took 0.673 seconds
[2024-05-15T10:30:05.121+0000] {processor.py:161} INFO - Started process (PID=2000) to work on /home/airflow/.local/lib/python3.12/site-packages/airflow/example_dags/example_local_kubernetes_executor.py
[2024-05-15T10:30:05.122+0000] {processor.py:830} INFO - Processing file /home/airflow/.local/lib/python3.12/site-packages/airflow/example_dags/example_local_kubernetes_executor.py for tasks to queue
[2024-05-15T10:30:05.124+0000] {logging_mixin.py:188} INFO - [2024-05-15T10:30:05.123+0000] {dagbag.py:540} INFO - Filling up the DagBag from /home/airflow/.local/lib/python3.12/site-packages/airflow/example_dags/example_local_kubernetes_executor.py
[2024-05-15T10:30:05.131+0000] {processor.py:840} INFO - DAG(s) 'example_local_kubernetes_executor' retrieved from /home/airflow/.local/lib/python3.12/site-packages/airflow/example_dags/example_local_kubernetes_executor.py
[2024-05-15T10:30:05.159+0000] {logging_mixin.py:188} INFO - [2024-05-15T10:30:05.159+0000] {dag.py:3096} INFO - Sync 1 DAGs
[2024-05-15T10:30:05.171+0000] {logging_mixin.py:188} INFO - [2024-05-15T10:30:05.170+0000] {dag.py:3954} INFO - Setting next_dagrun for example_local_kubernetes_executor to None, run_after=None
[2024-05-15T10:30:05.188+0000] {processor.py:183} INFO - Processing /home/airflow/.local/lib/python3.12/site-packages/airflow/example_dags/example_local_kubernetes_executor.py took 0.074 seconds
[2024-05-15T10:30:35.226+0000] {processor.py:161} INFO - Started process (PID=2058) to work on /home/airflow/.local/lib/python3.12/site-packages/airflow/example_dags/example_local_kubernetes_executor.py
[2024-05-15T10:30:35.227+0000] {processor.py:830} INFO - Processing file /home/airflow/.local/lib/python3.12/site-packages/airflow/example_dags/example_local_kubernetes_executor.py for tasks to queue
[2024-05-15T10:30:35.230+0000] {logging_mixin.py:188} INFO - [2024-05-15T10:30:35.230+0000] {dagbag.py:540} INFO - Filling up the DagBag from /home/airflow/.local/lib/python3.12/site-packages/airflow/example_dags/example_local_kubernetes_executor.py
[2024-05-15T10:30:35.240+0000] {processor.py:840} INFO - DAG(s) 'example_local_kubernetes_executor' retrieved from /home/airflow/.local/lib/python3.12/site-packages/airflow/example_dags/example_local_kubernetes_executor.py
[2024-05-15T10:30:35.281+0000] {logging_mixin.py:188} INFO - [2024-05-15T10:30:35.281+0000] {dag.py:3096} INFO - Sync 1 DAGs
[2024-05-15T10:30:35.293+0000] {logging_mixin.py:188} INFO - [2024-05-15T10:30:35.293+0000] {dag.py:3954} INFO - Setting next_dagrun for example_local_kubernetes_executor to None, run_after=None
[2024-05-15T10:30:35.319+0000] {processor.py:183} INFO - Processing /home/airflow/.local/lib/python3.12/site-packages/airflow/example_dags/example_local_kubernetes_executor.py took 0.102 seconds
[2024-05-15T10:31:05.889+0000] {processor.py:161} INFO - Started process (PID=2118) to work on /home/airflow/.local/lib/python3.12/site-packages/airflow/example_dags/example_local_kubernetes_executor.py
[2024-05-15T10:31:05.891+0000] {processor.py:830} INFO - Processing file /home/airflow/.local/lib/python3.12/site-packages/airflow/example_dags/example_local_kubernetes_executor.py for tasks to queue
[2024-05-15T10:31:05.893+0000] {logging_mixin.py:188} INFO - [2024-05-15T10:31:05.892+0000] {dagbag.py:540} INFO - Filling up the DagBag from /home/airflow/.local/lib/python3.12/site-packages/airflow/example_dags/example_local_kubernetes_executor.py
[2024-05-15T10:31:05.901+0000] {processor.py:840} INFO - DAG(s) 'example_local_kubernetes_executor' retrieved from /home/airflow/.local/lib/python3.12/site-packages/airflow/example_dags/example_local_kubernetes_executor.py
[2024-05-15T10:31:05.933+0000] {logging_mixin.py:188} INFO - [2024-05-15T10:31:05.933+0000] {dag.py:3096} INFO - Sync 1 DAGs
[2024-05-15T10:31:05.949+0000] {logging_mixin.py:188} INFO - [2024-05-15T10:31:05.949+0000] {dag.py:3954} INFO - Setting next_dagrun for example_local_kubernetes_executor to None, run_after=None
[2024-05-15T10:31:05.974+0000] {processor.py:183} INFO - Processing /home/airflow/.local/lib/python3.12/site-packages/airflow/example_dags/example_local_kubernetes_executor.py took 0.093 seconds
[2024-05-15T10:31:36.379+0000] {processor.py:161} INFO - Started process (PID=2177) to work on /home/airflow/.local/lib/python3.12/site-packages/airflow/example_dags/example_local_kubernetes_executor.py
[2024-05-15T10:31:36.380+0000] {processor.py:830} INFO - Processing file /home/airflow/.local/lib/python3.12/site-packages/airflow/example_dags/example_local_kubernetes_executor.py for tasks to queue
[2024-05-15T10:31:36.382+0000] {logging_mixin.py:188} INFO - [2024-05-15T10:31:36.381+0000] {dagbag.py:540} INFO - Filling up the DagBag from /home/airflow/.local/lib/python3.12/site-packages/airflow/example_dags/example_local_kubernetes_executor.py
[2024-05-15T10:31:36.389+0000] {processor.py:840} INFO - DAG(s) 'example_local_kubernetes_executor' retrieved from /home/airflow/.local/lib/python3.12/site-packages/airflow/example_dags/example_local_kubernetes_executor.py
[2024-05-15T10:31:36.422+0000] {logging_mixin.py:188} INFO - [2024-05-15T10:31:36.422+0000] {dag.py:3096} INFO - Sync 1 DAGs
[2024-05-15T10:31:36.434+0000] {logging_mixin.py:188} INFO - [2024-05-15T10:31:36.434+0000] {dag.py:3954} INFO - Setting next_dagrun for example_local_kubernetes_executor to None, run_after=None
[2024-05-15T10:31:36.455+0000] {processor.py:183} INFO - Processing /home/airflow/.local/lib/python3.12/site-packages/airflow/example_dags/example_local_kubernetes_executor.py took 0.086 seconds
[2024-05-15T10:32:06.742+0000] {processor.py:161} INFO - Started process (PID=2236) to work on /home/airflow/.local/lib/python3.12/site-packages/airflow/example_dags/example_local_kubernetes_executor.py
[2024-05-15T10:32:06.745+0000] {processor.py:830} INFO - Processing file /home/airflow/.local/lib/python3.12/site-packages/airflow/example_dags/example_local_kubernetes_executor.py for tasks to queue
[2024-05-15T10:32:06.747+0000] {logging_mixin.py:188} INFO - [2024-05-15T10:32:06.747+0000] {dagbag.py:540} INFO - Filling up the DagBag from /home/airflow/.local/lib/python3.12/site-packages/airflow/example_dags/example_local_kubernetes_executor.py
[2024-05-15T10:32:06.756+0000] {processor.py:840} INFO - DAG(s) 'example_local_kubernetes_executor' retrieved from /home/airflow/.local/lib/python3.12/site-packages/airflow/example_dags/example_local_kubernetes_executor.py
[2024-05-15T10:32:06.784+0000] {logging_mixin.py:188} INFO - [2024-05-15T10:32:06.784+0000] {dag.py:3096} INFO - Sync 1 DAGs
[2024-05-15T10:32:06.796+0000] {logging_mixin.py:188} INFO - [2024-05-15T10:32:06.796+0000] {dag.py:3954} INFO - Setting next_dagrun for example_local_kubernetes_executor to None, run_after=None
[2024-05-15T10:32:06.815+0000] {processor.py:183} INFO - Processing /home/airflow/.local/lib/python3.12/site-packages/airflow/example_dags/example_local_kubernetes_executor.py took 0.080 seconds
[2024-05-15T10:32:37.242+0000] {processor.py:161} INFO - Started process (PID=2295) to work on /home/airflow/.local/lib/python3.12/site-packages/airflow/example_dags/example_local_kubernetes_executor.py
[2024-05-15T10:32:37.243+0000] {processor.py:830} INFO - Processing file /home/airflow/.local/lib/python3.12/site-packages/airflow/example_dags/example_local_kubernetes_executor.py for tasks to queue
[2024-05-15T10:32:37.245+0000] {logging_mixin.py:188} INFO - [2024-05-15T10:32:37.245+0000] {dagbag.py:540} INFO - Filling up the DagBag from /home/airflow/.local/lib/python3.12/site-packages/airflow/example_dags/example_local_kubernetes_executor.py
[2024-05-15T10:32:37.253+0000] {processor.py:840} INFO - DAG(s) 'example_local_kubernetes_executor' retrieved from /home/airflow/.local/lib/python3.12/site-packages/airflow/example_dags/example_local_kubernetes_executor.py
[2024-05-15T10:32:37.283+0000] {logging_mixin.py:188} INFO - [2024-05-15T10:32:37.283+0000] {dag.py:3096} INFO - Sync 1 DAGs
[2024-05-15T10:32:37.296+0000] {logging_mixin.py:188} INFO - [2024-05-15T10:32:37.295+0000] {dag.py:3954} INFO - Setting next_dagrun for example_local_kubernetes_executor to None, run_after=None
[2024-05-15T10:32:37.313+0000] {processor.py:183} INFO - Processing /home/airflow/.local/lib/python3.12/site-packages/airflow/example_dags/example_local_kubernetes_executor.py took 0.076 seconds
[2024-05-15T10:33:07.617+0000] {processor.py:161} INFO - Started process (PID=2354) to work on /home/airflow/.local/lib/python3.12/site-packages/airflow/example_dags/example_local_kubernetes_executor.py
[2024-05-15T10:33:07.624+0000] {processor.py:830} INFO - Processing file /home/airflow/.local/lib/python3.12/site-packages/airflow/example_dags/example_local_kubernetes_executor.py for tasks to queue
[2024-05-15T10:33:07.627+0000] {logging_mixin.py:188} INFO - [2024-05-15T10:33:07.626+0000] {dagbag.py:540} INFO - Filling up the DagBag from /home/airflow/.local/lib/python3.12/site-packages/airflow/example_dags/example_local_kubernetes_executor.py
[2024-05-15T10:33:07.637+0000] {processor.py:840} INFO - DAG(s) 'example_local_kubernetes_executor' retrieved from /home/airflow/.local/lib/python3.12/site-packages/airflow/example_dags/example_local_kubernetes_executor.py
[2024-05-15T10:33:07.680+0000] {logging_mixin.py:188} INFO - [2024-05-15T10:33:07.680+0000] {dag.py:3096} INFO - Sync 1 DAGs
[2024-05-15T10:33:07.695+0000] {logging_mixin.py:188} INFO - [2024-05-15T10:33:07.695+0000] {dag.py:3954} INFO - Setting next_dagrun for example_local_kubernetes_executor to None, run_after=None
[2024-05-15T10:33:07.720+0000] {processor.py:183} INFO - Processing /home/airflow/.local/lib/python3.12/site-packages/airflow/example_dags/example_local_kubernetes_executor.py took 0.113 seconds
[2024-05-15T10:33:37.842+0000] {processor.py:161} INFO - Started process (PID=2413) to work on /home/airflow/.local/lib/python3.12/site-packages/airflow/example_dags/example_local_kubernetes_executor.py
[2024-05-15T10:33:37.843+0000] {processor.py:830} INFO - Processing file /home/airflow/.local/lib/python3.12/site-packages/airflow/example_dags/example_local_kubernetes_executor.py for tasks to queue
[2024-05-15T10:33:37.845+0000] {logging_mixin.py:188} INFO - [2024-05-15T10:33:37.845+0000] {dagbag.py:540} INFO - Filling up the DagBag from /home/airflow/.local/lib/python3.12/site-packages/airflow/example_dags/example_local_kubernetes_executor.py
[2024-05-15T10:33:37.860+0000] {processor.py:840} INFO - DAG(s) 'example_local_kubernetes_executor' retrieved from /home/airflow/.local/lib/python3.12/site-packages/airflow/example_dags/example_local_kubernetes_executor.py
[2024-05-15T10:33:37.909+0000] {logging_mixin.py:188} INFO - [2024-05-15T10:33:37.908+0000] {dag.py:3096} INFO - Sync 1 DAGs
[2024-05-15T10:33:37.923+0000] {logging_mixin.py:188} INFO - [2024-05-15T10:33:37.923+0000] {dag.py:3954} INFO - Setting next_dagrun for example_local_kubernetes_executor to None, run_after=None
[2024-05-15T10:33:37.947+0000] {processor.py:183} INFO - Processing /home/airflow/.local/lib/python3.12/site-packages/airflow/example_dags/example_local_kubernetes_executor.py took 0.111 seconds
[2024-05-15T10:34:07.979+0000] {processor.py:161} INFO - Started process (PID=2471) to work on /home/airflow/.local/lib/python3.12/site-packages/airflow/example_dags/example_local_kubernetes_executor.py
[2024-05-15T10:34:07.980+0000] {processor.py:830} INFO - Processing file /home/airflow/.local/lib/python3.12/site-packages/airflow/example_dags/example_local_kubernetes_executor.py for tasks to queue
[2024-05-15T10:34:07.982+0000] {logging_mixin.py:188} INFO - [2024-05-15T10:34:07.981+0000] {dagbag.py:540} INFO - Filling up the DagBag from /home/airflow/.local/lib/python3.12/site-packages/airflow/example_dags/example_local_kubernetes_executor.py
[2024-05-15T10:34:07.992+0000] {processor.py:840} INFO - DAG(s) 'example_local_kubernetes_executor' retrieved from /home/airflow/.local/lib/python3.12/site-packages/airflow/example_dags/example_local_kubernetes_executor.py
[2024-05-15T10:34:08.028+0000] {logging_mixin.py:188} INFO - [2024-05-15T10:34:08.028+0000] {dag.py:3096} INFO - Sync 1 DAGs
[2024-05-15T10:34:08.041+0000] {logging_mixin.py:188} INFO - [2024-05-15T10:34:08.040+0000] {dag.py:3954} INFO - Setting next_dagrun for example_local_kubernetes_executor to None, run_after=None
[2024-05-15T10:34:08.063+0000] {processor.py:183} INFO - Processing /home/airflow/.local/lib/python3.12/site-packages/airflow/example_dags/example_local_kubernetes_executor.py took 0.093 seconds
[2024-05-15T10:34:38.614+0000] {processor.py:161} INFO - Started process (PID=2530) to work on /home/airflow/.local/lib/python3.12/site-packages/airflow/example_dags/example_local_kubernetes_executor.py
[2024-05-15T10:34:38.617+0000] {processor.py:830} INFO - Processing file /home/airflow/.local/lib/python3.12/site-packages/airflow/example_dags/example_local_kubernetes_executor.py for tasks to queue
[2024-05-15T10:34:38.620+0000] {logging_mixin.py:188} INFO - [2024-05-15T10:34:38.620+0000] {dagbag.py:540} INFO - Filling up the DagBag from /home/airflow/.local/lib/python3.12/site-packages/airflow/example_dags/example_local_kubernetes_executor.py
[2024-05-15T10:34:38.643+0000] {processor.py:840} INFO - DAG(s) 'example_local_kubernetes_executor' retrieved from /home/airflow/.local/lib/python3.12/site-packages/airflow/example_dags/example_local_kubernetes_executor.py
[2024-05-15T10:34:38.701+0000] {logging_mixin.py:188} INFO - [2024-05-15T10:34:38.701+0000] {dag.py:3096} INFO - Sync 1 DAGs
[2024-05-15T10:34:38.716+0000] {logging_mixin.py:188} INFO - [2024-05-15T10:34:38.716+0000] {dag.py:3954} INFO - Setting next_dagrun for example_local_kubernetes_executor to None, run_after=None
[2024-05-15T10:34:38.736+0000] {processor.py:183} INFO - Processing /home/airflow/.local/lib/python3.12/site-packages/airflow/example_dags/example_local_kubernetes_executor.py took 0.135 seconds
[2024-05-15T10:35:09.351+0000] {processor.py:161} INFO - Started process (PID=2589) to work on /home/airflow/.local/lib/python3.12/site-packages/airflow/example_dags/example_local_kubernetes_executor.py
[2024-05-15T10:35:09.352+0000] {processor.py:830} INFO - Processing file /home/airflow/.local/lib/python3.12/site-packages/airflow/example_dags/example_local_kubernetes_executor.py for tasks to queue
[2024-05-15T10:35:09.354+0000] {logging_mixin.py:188} INFO - [2024-05-15T10:35:09.353+0000] {dagbag.py:540} INFO - Filling up the DagBag from /home/airflow/.local/lib/python3.12/site-packages/airflow/example_dags/example_local_kubernetes_executor.py
[2024-05-15T10:35:09.361+0000] {processor.py:840} INFO - DAG(s) 'example_local_kubernetes_executor' retrieved from /home/airflow/.local/lib/python3.12/site-packages/airflow/example_dags/example_local_kubernetes_executor.py
[2024-05-15T10:35:09.394+0000] {logging_mixin.py:188} INFO - [2024-05-15T10:35:09.394+0000] {dag.py:3096} INFO - Sync 1 DAGs
[2024-05-15T10:35:09.409+0000] {logging_mixin.py:188} INFO - [2024-05-15T10:35:09.409+0000] {dag.py:3954} INFO - Setting next_dagrun for example_local_kubernetes_executor to None, run_after=None
[2024-05-15T10:35:09.430+0000] {processor.py:183} INFO - Processing /home/airflow/.local/lib/python3.12/site-packages/airflow/example_dags/example_local_kubernetes_executor.py took 0.088 seconds
[2024-05-15T10:35:40.281+0000] {processor.py:161} INFO - Started process (PID=2648) to work on /home/airflow/.local/lib/python3.12/site-packages/airflow/example_dags/example_local_kubernetes_executor.py
[2024-05-15T10:35:40.282+0000] {processor.py:830} INFO - Processing file /home/airflow/.local/lib/python3.12/site-packages/airflow/example_dags/example_local_kubernetes_executor.py for tasks to queue
[2024-05-15T10:35:40.284+0000] {logging_mixin.py:188} INFO - [2024-05-15T10:35:40.284+0000] {dagbag.py:540} INFO - Filling up the DagBag from /home/airflow/.local/lib/python3.12/site-packages/airflow/example_dags/example_local_kubernetes_executor.py
[2024-05-15T10:35:40.294+0000] {processor.py:840} INFO - DAG(s) 'example_local_kubernetes_executor' retrieved from /home/airflow/.local/lib/python3.12/site-packages/airflow/example_dags/example_local_kubernetes_executor.py
[2024-05-15T10:35:40.347+0000] {logging_mixin.py:188} INFO - [2024-05-15T10:35:40.347+0000] {dag.py:3096} INFO - Sync 1 DAGs
[2024-05-15T10:35:40.367+0000] {logging_mixin.py:188} INFO - [2024-05-15T10:35:40.367+0000] {dag.py:3954} INFO - Setting next_dagrun for example_local_kubernetes_executor to None, run_after=None
[2024-05-15T10:35:40.400+0000] {processor.py:183} INFO - Processing /home/airflow/.local/lib/python3.12/site-packages/airflow/example_dags/example_local_kubernetes_executor.py took 0.125 seconds
[2024-05-15T10:36:11.296+0000] {processor.py:161} INFO - Started process (PID=2707) to work on /home/airflow/.local/lib/python3.12/site-packages/airflow/example_dags/example_local_kubernetes_executor.py
[2024-05-15T10:36:11.297+0000] {processor.py:830} INFO - Processing file /home/airflow/.local/lib/python3.12/site-packages/airflow/example_dags/example_local_kubernetes_executor.py for tasks to queue
[2024-05-15T10:36:11.299+0000] {logging_mixin.py:188} INFO - [2024-05-15T10:36:11.299+0000] {dagbag.py:540} INFO - Filling up the DagBag from /home/airflow/.local/lib/python3.12/site-packages/airflow/example_dags/example_local_kubernetes_executor.py
[2024-05-15T10:36:11.307+0000] {processor.py:840} INFO - DAG(s) 'example_local_kubernetes_executor' retrieved from /home/airflow/.local/lib/python3.12/site-packages/airflow/example_dags/example_local_kubernetes_executor.py
[2024-05-15T10:36:11.336+0000] {logging_mixin.py:188} INFO - [2024-05-15T10:36:11.336+0000] {dag.py:3096} INFO - Sync 1 DAGs
[2024-05-15T10:36:11.347+0000] {logging_mixin.py:188} INFO - [2024-05-15T10:36:11.347+0000] {dag.py:3954} INFO - Setting next_dagrun for example_local_kubernetes_executor to None, run_after=None
[2024-05-15T10:36:11.364+0000] {processor.py:183} INFO - Processing /home/airflow/.local/lib/python3.12/site-packages/airflow/example_dags/example_local_kubernetes_executor.py took 0.073 seconds
[2024-05-15T10:36:41.699+0000] {processor.py:161} INFO - Started process (PID=2766) to work on /home/airflow/.local/lib/python3.12/site-packages/airflow/example_dags/example_local_kubernetes_executor.py
[2024-05-15T10:36:41.701+0000] {processor.py:830} INFO - Processing file /home/airflow/.local/lib/python3.12/site-packages/airflow/example_dags/example_local_kubernetes_executor.py for tasks to queue
[2024-05-15T10:36:41.703+0000] {logging_mixin.py:188} INFO - [2024-05-15T10:36:41.703+0000] {dagbag.py:540} INFO - Filling up the DagBag from /home/airflow/.local/lib/python3.12/site-packages/airflow/example_dags/example_local_kubernetes_executor.py
[2024-05-15T10:36:41.710+0000] {processor.py:840} INFO - DAG(s) 'example_local_kubernetes_executor' retrieved from /home/airflow/.local/lib/python3.12/site-packages/airflow/example_dags/example_local_kubernetes_executor.py
[2024-05-15T10:36:41.772+0000] {logging_mixin.py:188} INFO - [2024-05-15T10:36:41.772+0000] {dag.py:3096} INFO - Sync 1 DAGs
[2024-05-15T10:36:41.788+0000] {logging_mixin.py:188} INFO - [2024-05-15T10:36:41.787+0000] {dag.py:3954} INFO - Setting next_dagrun for example_local_kubernetes_executor to None, run_after=None
[2024-05-15T10:36:41.811+0000] {processor.py:183} INFO - Processing /home/airflow/.local/lib/python3.12/site-packages/airflow/example_dags/example_local_kubernetes_executor.py took 0.118 seconds
[2024-05-15T10:37:12.299+0000] {processor.py:161} INFO - Started process (PID=2825) to work on /home/airflow/.local/lib/python3.12/site-packages/airflow/example_dags/example_local_kubernetes_executor.py
[2024-05-15T10:37:12.300+0000] {processor.py:830} INFO - Processing file /home/airflow/.local/lib/python3.12/site-packages/airflow/example_dags/example_local_kubernetes_executor.py for tasks to queue
[2024-05-15T10:37:12.303+0000] {logging_mixin.py:188} INFO - [2024-05-15T10:37:12.302+0000] {dagbag.py:540} INFO - Filling up the DagBag from /home/airflow/.local/lib/python3.12/site-packages/airflow/example_dags/example_local_kubernetes_executor.py
[2024-05-15T10:37:12.309+0000] {processor.py:840} INFO - DAG(s) 'example_local_kubernetes_executor' retrieved from /home/airflow/.local/lib/python3.12/site-packages/airflow/example_dags/example_local_kubernetes_executor.py
[2024-05-15T10:37:12.341+0000] {logging_mixin.py:188} INFO - [2024-05-15T10:37:12.340+0000] {dag.py:3096} INFO - Sync 1 DAGs
[2024-05-15T10:37:12.352+0000] {logging_mixin.py:188} INFO - [2024-05-15T10:37:12.352+0000] {dag.py:3954} INFO - Setting next_dagrun for example_local_kubernetes_executor to None, run_after=None
[2024-05-15T10:37:12.375+0000] {processor.py:183} INFO - Processing /home/airflow/.local/lib/python3.12/site-packages/airflow/example_dags/example_local_kubernetes_executor.py took 0.081 seconds
[2024-05-15T10:37:42.951+0000] {processor.py:161} INFO - Started process (PID=2884) to work on /home/airflow/.local/lib/python3.12/site-packages/airflow/example_dags/example_local_kubernetes_executor.py
[2024-05-15T10:37:42.952+0000] {processor.py:830} INFO - Processing file /home/airflow/.local/lib/python3.12/site-packages/airflow/example_dags/example_local_kubernetes_executor.py for tasks to queue
[2024-05-15T10:37:42.955+0000] {logging_mixin.py:188} INFO - [2024-05-15T10:37:42.954+0000] {dagbag.py:540} INFO - Filling up the DagBag from /home/airflow/.local/lib/python3.12/site-packages/airflow/example_dags/example_local_kubernetes_executor.py
[2024-05-15T10:37:42.962+0000] {processor.py:840} INFO - DAG(s) 'example_local_kubernetes_executor' retrieved from /home/airflow/.local/lib/python3.12/site-packages/airflow/example_dags/example_local_kubernetes_executor.py
[2024-05-15T10:37:42.996+0000] {logging_mixin.py:188} INFO - [2024-05-15T10:37:42.995+0000] {dag.py:3096} INFO - Sync 1 DAGs
[2024-05-15T10:37:43.017+0000] {logging_mixin.py:188} INFO - [2024-05-15T10:37:43.016+0000] {dag.py:3954} INFO - Setting next_dagrun for example_local_kubernetes_executor to None, run_after=None
[2024-05-15T10:37:43.043+0000] {processor.py:183} INFO - Processing /home/airflow/.local/lib/python3.12/site-packages/airflow/example_dags/example_local_kubernetes_executor.py took 0.114 seconds
[2024-05-15T10:38:13.633+0000] {processor.py:161} INFO - Started process (PID=2943) to work on /home/airflow/.local/lib/python3.12/site-packages/airflow/example_dags/example_local_kubernetes_executor.py
[2024-05-15T10:38:13.634+0000] {processor.py:830} INFO - Processing file /home/airflow/.local/lib/python3.12/site-packages/airflow/example_dags/example_local_kubernetes_executor.py for tasks to queue
[2024-05-15T10:38:13.636+0000] {logging_mixin.py:188} INFO - [2024-05-15T10:38:13.635+0000] {dagbag.py:540} INFO - Filling up the DagBag from /home/airflow/.local/lib/python3.12/site-packages/airflow/example_dags/example_local_kubernetes_executor.py
[2024-05-15T10:38:13.641+0000] {processor.py:840} INFO - DAG(s) 'example_local_kubernetes_executor' retrieved from /home/airflow/.local/lib/python3.12/site-packages/airflow/example_dags/example_local_kubernetes_executor.py
[2024-05-15T10:38:13.668+0000] {logging_mixin.py:188} INFO - [2024-05-15T10:38:13.668+0000] {dag.py:3096} INFO - Sync 1 DAGs
[2024-05-15T10:38:13.681+0000] {logging_mixin.py:188} INFO - [2024-05-15T10:38:13.680+0000] {dag.py:3954} INFO - Setting next_dagrun for example_local_kubernetes_executor to None, run_after=None
[2024-05-15T10:38:13.698+0000] {processor.py:183} INFO - Processing /home/airflow/.local/lib/python3.12/site-packages/airflow/example_dags/example_local_kubernetes_executor.py took 0.069 seconds
[2024-05-15T10:38:44.077+0000] {processor.py:161} INFO - Started process (PID=3002) to work on /home/airflow/.local/lib/python3.12/site-packages/airflow/example_dags/example_local_kubernetes_executor.py
[2024-05-15T10:38:44.078+0000] {processor.py:830} INFO - Processing file /home/airflow/.local/lib/python3.12/site-packages/airflow/example_dags/example_local_kubernetes_executor.py for tasks to queue
[2024-05-15T10:38:44.079+0000] {logging_mixin.py:188} INFO - [2024-05-15T10:38:44.079+0000] {dagbag.py:540} INFO - Filling up the DagBag from /home/airflow/.local/lib/python3.12/site-packages/airflow/example_dags/example_local_kubernetes_executor.py
[2024-05-15T10:38:44.087+0000] {processor.py:840} INFO - DAG(s) 'example_local_kubernetes_executor' retrieved from /home/airflow/.local/lib/python3.12/site-packages/airflow/example_dags/example_local_kubernetes_executor.py
[2024-05-15T10:38:44.114+0000] {logging_mixin.py:188} INFO - [2024-05-15T10:38:44.114+0000] {dag.py:3096} INFO - Sync 1 DAGs
[2024-05-15T10:38:44.124+0000] {logging_mixin.py:188} INFO - [2024-05-15T10:38:44.124+0000] {dag.py:3954} INFO - Setting next_dagrun for example_local_kubernetes_executor to None, run_after=None
[2024-05-15T10:38:44.141+0000] {processor.py:183} INFO - Processing /home/airflow/.local/lib/python3.12/site-packages/airflow/example_dags/example_local_kubernetes_executor.py took 0.069 seconds
[2024-05-15T10:39:14.422+0000] {processor.py:161} INFO - Started process (PID=3061) to work on /home/airflow/.local/lib/python3.12/site-packages/airflow/example_dags/example_local_kubernetes_executor.py
[2024-05-15T10:39:14.423+0000] {processor.py:830} INFO - Processing file /home/airflow/.local/lib/python3.12/site-packages/airflow/example_dags/example_local_kubernetes_executor.py for tasks to queue
[2024-05-15T10:39:14.425+0000] {logging_mixin.py:188} INFO - [2024-05-15T10:39:14.424+0000] {dagbag.py:540} INFO - Filling up the DagBag from /home/airflow/.local/lib/python3.12/site-packages/airflow/example_dags/example_local_kubernetes_executor.py
[2024-05-15T10:39:14.433+0000] {processor.py:840} INFO - DAG(s) 'example_local_kubernetes_executor' retrieved from /home/airflow/.local/lib/python3.12/site-packages/airflow/example_dags/example_local_kubernetes_executor.py
[2024-05-15T10:39:14.463+0000] {logging_mixin.py:188} INFO - [2024-05-15T10:39:14.463+0000] {dag.py:3096} INFO - Sync 1 DAGs
[2024-05-15T10:39:14.474+0000] {logging_mixin.py:188} INFO - [2024-05-15T10:39:14.474+0000] {dag.py:3954} INFO - Setting next_dagrun for example_local_kubernetes_executor to None, run_after=None
[2024-05-15T10:39:14.488+0000] {processor.py:183} INFO - Processing /home/airflow/.local/lib/python3.12/site-packages/airflow/example_dags/example_local_kubernetes_executor.py took 0.072 seconds
[2024-05-15T10:39:44.773+0000] {processor.py:161} INFO - Started process (PID=3120) to work on /home/airflow/.local/lib/python3.12/site-packages/airflow/example_dags/example_local_kubernetes_executor.py
[2024-05-15T10:39:44.774+0000] {processor.py:830} INFO - Processing file /home/airflow/.local/lib/python3.12/site-packages/airflow/example_dags/example_local_kubernetes_executor.py for tasks to queue
[2024-05-15T10:39:44.775+0000] {logging_mixin.py:188} INFO - [2024-05-15T10:39:44.775+0000] {dagbag.py:540} INFO - Filling up the DagBag from /home/airflow/.local/lib/python3.12/site-packages/airflow/example_dags/example_local_kubernetes_executor.py
[2024-05-15T10:39:44.782+0000] {processor.py:840} INFO - DAG(s) 'example_local_kubernetes_executor' retrieved from /home/airflow/.local/lib/python3.12/site-packages/airflow/example_dags/example_local_kubernetes_executor.py
[2024-05-15T10:39:44.808+0000] {logging_mixin.py:188} INFO - [2024-05-15T10:39:44.808+0000] {dag.py:3096} INFO - Sync 1 DAGs
[2024-05-15T10:39:44.820+0000] {logging_mixin.py:188} INFO - [2024-05-15T10:39:44.820+0000] {dag.py:3954} INFO - Setting next_dagrun for example_local_kubernetes_executor to None, run_after=None
[2024-05-15T10:39:44.837+0000] {processor.py:183} INFO - Processing /home/airflow/.local/lib/python3.12/site-packages/airflow/example_dags/example_local_kubernetes_executor.py took 0.070 seconds
[2024-05-15T10:40:15.153+0000] {processor.py:161} INFO - Started process (PID=3185) to work on /home/airflow/.local/lib/python3.12/site-packages/airflow/example_dags/example_local_kubernetes_executor.py
[2024-05-15T10:40:15.154+0000] {processor.py:830} INFO - Processing file /home/airflow/.local/lib/python3.12/site-packages/airflow/example_dags/example_local_kubernetes_executor.py for tasks to queue
[2024-05-15T10:40:15.156+0000] {logging_mixin.py:188} INFO - [2024-05-15T10:40:15.155+0000] {dagbag.py:540} INFO - Filling up the DagBag from /home/airflow/.local/lib/python3.12/site-packages/airflow/example_dags/example_local_kubernetes_executor.py
[2024-05-15T10:40:15.162+0000] {processor.py:840} INFO - DAG(s) 'example_local_kubernetes_executor' retrieved from /home/airflow/.local/lib/python3.12/site-packages/airflow/example_dags/example_local_kubernetes_executor.py
[2024-05-15T10:40:15.205+0000] {logging_mixin.py:188} INFO - [2024-05-15T10:40:15.204+0000] {dag.py:3096} INFO - Sync 1 DAGs
[2024-05-15T10:40:15.221+0000] {logging_mixin.py:188} INFO - [2024-05-15T10:40:15.220+0000] {dag.py:3954} INFO - Setting next_dagrun for example_local_kubernetes_executor to None, run_after=None
[2024-05-15T10:40:15.240+0000] {processor.py:183} INFO - Processing /home/airflow/.local/lib/python3.12/site-packages/airflow/example_dags/example_local_kubernetes_executor.py took 0.092 seconds
[2024-05-15T10:40:45.529+0000] {processor.py:161} INFO - Started process (PID=3244) to work on /home/airflow/.local/lib/python3.12/site-packages/airflow/example_dags/example_local_kubernetes_executor.py
[2024-05-15T10:40:45.531+0000] {processor.py:830} INFO - Processing file /home/airflow/.local/lib/python3.12/site-packages/airflow/example_dags/example_local_kubernetes_executor.py for tasks to queue
[2024-05-15T10:40:45.533+0000] {logging_mixin.py:188} INFO - [2024-05-15T10:40:45.532+0000] {dagbag.py:540} INFO - Filling up the DagBag from /home/airflow/.local/lib/python3.12/site-packages/airflow/example_dags/example_local_kubernetes_executor.py
[2024-05-15T10:40:45.539+0000] {processor.py:840} INFO - DAG(s) 'example_local_kubernetes_executor' retrieved from /home/airflow/.local/lib/python3.12/site-packages/airflow/example_dags/example_local_kubernetes_executor.py
[2024-05-15T10:40:45.568+0000] {logging_mixin.py:188} INFO - [2024-05-15T10:40:45.568+0000] {dag.py:3096} INFO - Sync 1 DAGs
[2024-05-15T10:40:45.579+0000] {logging_mixin.py:188} INFO - [2024-05-15T10:40:45.579+0000] {dag.py:3954} INFO - Setting next_dagrun for example_local_kubernetes_executor to None, run_after=None
[2024-05-15T10:40:45.596+0000] {processor.py:183} INFO - Processing /home/airflow/.local/lib/python3.12/site-packages/airflow/example_dags/example_local_kubernetes_executor.py took 0.073 seconds
[2024-05-15T10:41:15.863+0000] {processor.py:161} INFO - Started process (PID=3303) to work on /home/airflow/.local/lib/python3.12/site-packages/airflow/example_dags/example_local_kubernetes_executor.py
[2024-05-15T10:41:15.864+0000] {processor.py:830} INFO - Processing file /home/airflow/.local/lib/python3.12/site-packages/airflow/example_dags/example_local_kubernetes_executor.py for tasks to queue
[2024-05-15T10:41:15.865+0000] {logging_mixin.py:188} INFO - [2024-05-15T10:41:15.865+0000] {dagbag.py:540} INFO - Filling up the DagBag from /home/airflow/.local/lib/python3.12/site-packages/airflow/example_dags/example_local_kubernetes_executor.py
[2024-05-15T10:41:15.872+0000] {processor.py:840} INFO - DAG(s) 'example_local_kubernetes_executor' retrieved from /home/airflow/.local/lib/python3.12/site-packages/airflow/example_dags/example_local_kubernetes_executor.py
[2024-05-15T10:41:15.905+0000] {logging_mixin.py:188} INFO - [2024-05-15T10:41:15.905+0000] {dag.py:3096} INFO - Sync 1 DAGs
[2024-05-15T10:41:15.918+0000] {logging_mixin.py:188} INFO - [2024-05-15T10:41:15.918+0000] {dag.py:3954} INFO - Setting next_dagrun for example_local_kubernetes_executor to None, run_after=None
[2024-05-15T10:41:15.938+0000] {processor.py:183} INFO - Processing /home/airflow/.local/lib/python3.12/site-packages/airflow/example_dags/example_local_kubernetes_executor.py took 0.080 seconds
[2024-05-15T10:41:46.538+0000] {processor.py:161} INFO - Started process (PID=3362) to work on /home/airflow/.local/lib/python3.12/site-packages/airflow/example_dags/example_local_kubernetes_executor.py
[2024-05-15T10:41:46.539+0000] {processor.py:830} INFO - Processing file /home/airflow/.local/lib/python3.12/site-packages/airflow/example_dags/example_local_kubernetes_executor.py for tasks to queue
[2024-05-15T10:41:46.541+0000] {logging_mixin.py:188} INFO - [2024-05-15T10:41:46.540+0000] {dagbag.py:540} INFO - Filling up the DagBag from /home/airflow/.local/lib/python3.12/site-packages/airflow/example_dags/example_local_kubernetes_executor.py
[2024-05-15T10:41:46.547+0000] {processor.py:840} INFO - DAG(s) 'example_local_kubernetes_executor' retrieved from /home/airflow/.local/lib/python3.12/site-packages/airflow/example_dags/example_local_kubernetes_executor.py
[2024-05-15T10:41:46.576+0000] {logging_mixin.py:188} INFO - [2024-05-15T10:41:46.576+0000] {dag.py:3096} INFO - Sync 1 DAGs
[2024-05-15T10:41:46.586+0000] {logging_mixin.py:188} INFO - [2024-05-15T10:41:46.586+0000] {dag.py:3954} INFO - Setting next_dagrun for example_local_kubernetes_executor to None, run_after=None
[2024-05-15T10:41:46.604+0000] {processor.py:183} INFO - Processing /home/airflow/.local/lib/python3.12/site-packages/airflow/example_dags/example_local_kubernetes_executor.py took 0.070 seconds
[2024-05-15T10:42:16.916+0000] {processor.py:161} INFO - Started process (PID=3421) to work on /home/airflow/.local/lib/python3.12/site-packages/airflow/example_dags/example_local_kubernetes_executor.py
[2024-05-15T10:42:16.917+0000] {processor.py:830} INFO - Processing file /home/airflow/.local/lib/python3.12/site-packages/airflow/example_dags/example_local_kubernetes_executor.py for tasks to queue
[2024-05-15T10:42:16.919+0000] {logging_mixin.py:188} INFO - [2024-05-15T10:42:16.919+0000] {dagbag.py:540} INFO - Filling up the DagBag from /home/airflow/.local/lib/python3.12/site-packages/airflow/example_dags/example_local_kubernetes_executor.py
[2024-05-15T10:42:16.926+0000] {processor.py:840} INFO - DAG(s) 'example_local_kubernetes_executor' retrieved from /home/airflow/.local/lib/python3.12/site-packages/airflow/example_dags/example_local_kubernetes_executor.py
[2024-05-15T10:42:16.956+0000] {logging_mixin.py:188} INFO - [2024-05-15T10:42:16.956+0000] {dag.py:3096} INFO - Sync 1 DAGs
[2024-05-15T10:42:16.969+0000] {logging_mixin.py:188} INFO - [2024-05-15T10:42:16.969+0000] {dag.py:3954} INFO - Setting next_dagrun for example_local_kubernetes_executor to None, run_after=None
[2024-05-15T10:42:16.992+0000] {processor.py:183} INFO - Processing /home/airflow/.local/lib/python3.12/site-packages/airflow/example_dags/example_local_kubernetes_executor.py took 0.083 seconds
[2024-05-15T10:42:47.512+0000] {processor.py:161} INFO - Started process (PID=3481) to work on /home/airflow/.local/lib/python3.12/site-packages/airflow/example_dags/example_local_kubernetes_executor.py
[2024-05-15T10:42:47.513+0000] {processor.py:830} INFO - Processing file /home/airflow/.local/lib/python3.12/site-packages/airflow/example_dags/example_local_kubernetes_executor.py for tasks to queue
[2024-05-15T10:42:47.515+0000] {logging_mixin.py:188} INFO - [2024-05-15T10:42:47.514+0000] {dagbag.py:540} INFO - Filling up the DagBag from /home/airflow/.local/lib/python3.12/site-packages/airflow/example_dags/example_local_kubernetes_executor.py
[2024-05-15T10:42:47.521+0000] {processor.py:840} INFO - DAG(s) 'example_local_kubernetes_executor' retrieved from /home/airflow/.local/lib/python3.12/site-packages/airflow/example_dags/example_local_kubernetes_executor.py
[2024-05-15T10:42:47.548+0000] {logging_mixin.py:188} INFO - [2024-05-15T10:42:47.548+0000] {dag.py:3096} INFO - Sync 1 DAGs
[2024-05-15T10:42:47.559+0000] {logging_mixin.py:188} INFO - [2024-05-15T10:42:47.559+0000] {dag.py:3954} INFO - Setting next_dagrun for example_local_kubernetes_executor to None, run_after=None
[2024-05-15T10:42:47.582+0000] {processor.py:183} INFO - Processing /home/airflow/.local/lib/python3.12/site-packages/airflow/example_dags/example_local_kubernetes_executor.py took 0.076 seconds
[2024-05-15T10:43:17.983+0000] {processor.py:161} INFO - Started process (PID=3540) to work on /home/airflow/.local/lib/python3.12/site-packages/airflow/example_dags/example_local_kubernetes_executor.py
[2024-05-15T10:43:17.985+0000] {processor.py:830} INFO - Processing file /home/airflow/.local/lib/python3.12/site-packages/airflow/example_dags/example_local_kubernetes_executor.py for tasks to queue
[2024-05-15T10:43:17.986+0000] {logging_mixin.py:188} INFO - [2024-05-15T10:43:17.986+0000] {dagbag.py:540} INFO - Filling up the DagBag from /home/airflow/.local/lib/python3.12/site-packages/airflow/example_dags/example_local_kubernetes_executor.py
[2024-05-15T10:43:17.992+0000] {processor.py:840} INFO - DAG(s) 'example_local_kubernetes_executor' retrieved from /home/airflow/.local/lib/python3.12/site-packages/airflow/example_dags/example_local_kubernetes_executor.py
[2024-05-15T10:43:18.023+0000] {logging_mixin.py:188} INFO - [2024-05-15T10:43:18.023+0000] {dag.py:3096} INFO - Sync 1 DAGs
[2024-05-15T10:43:18.037+0000] {logging_mixin.py:188} INFO - [2024-05-15T10:43:18.037+0000] {dag.py:3954} INFO - Setting next_dagrun for example_local_kubernetes_executor to None, run_after=None
[2024-05-15T10:43:18.056+0000] {processor.py:183} INFO - Processing /home/airflow/.local/lib/python3.12/site-packages/airflow/example_dags/example_local_kubernetes_executor.py took 0.079 seconds
[2024-05-15T10:43:48.479+0000] {processor.py:161} INFO - Started process (PID=3599) to work on /home/airflow/.local/lib/python3.12/site-packages/airflow/example_dags/example_local_kubernetes_executor.py
[2024-05-15T10:43:48.480+0000] {processor.py:830} INFO - Processing file /home/airflow/.local/lib/python3.12/site-packages/airflow/example_dags/example_local_kubernetes_executor.py for tasks to queue
[2024-05-15T10:43:48.482+0000] {logging_mixin.py:188} INFO - [2024-05-15T10:43:48.481+0000] {dagbag.py:540} INFO - Filling up the DagBag from /home/airflow/.local/lib/python3.12/site-packages/airflow/example_dags/example_local_kubernetes_executor.py
[2024-05-15T10:43:48.490+0000] {processor.py:840} INFO - DAG(s) 'example_local_kubernetes_executor' retrieved from /home/airflow/.local/lib/python3.12/site-packages/airflow/example_dags/example_local_kubernetes_executor.py
[2024-05-15T10:43:48.524+0000] {logging_mixin.py:188} INFO - [2024-05-15T10:43:48.523+0000] {dag.py:3096} INFO - Sync 1 DAGs
[2024-05-15T10:43:48.538+0000] {logging_mixin.py:188} INFO - [2024-05-15T10:43:48.538+0000] {dag.py:3954} INFO - Setting next_dagrun for example_local_kubernetes_executor to None, run_after=None
[2024-05-15T10:43:48.557+0000] {processor.py:183} INFO - Processing /home/airflow/.local/lib/python3.12/site-packages/airflow/example_dags/example_local_kubernetes_executor.py took 0.086 seconds
[2024-05-15T10:44:19.014+0000] {processor.py:161} INFO - Started process (PID=3658) to work on /home/airflow/.local/lib/python3.12/site-packages/airflow/example_dags/example_local_kubernetes_executor.py
[2024-05-15T10:44:19.015+0000] {processor.py:830} INFO - Processing file /home/airflow/.local/lib/python3.12/site-packages/airflow/example_dags/example_local_kubernetes_executor.py for tasks to queue
[2024-05-15T10:44:19.017+0000] {logging_mixin.py:188} INFO - [2024-05-15T10:44:19.017+0000] {dagbag.py:540} INFO - Filling up the DagBag from /home/airflow/.local/lib/python3.12/site-packages/airflow/example_dags/example_local_kubernetes_executor.py
[2024-05-15T10:44:19.024+0000] {processor.py:840} INFO - DAG(s) 'example_local_kubernetes_executor' retrieved from /home/airflow/.local/lib/python3.12/site-packages/airflow/example_dags/example_local_kubernetes_executor.py
[2024-05-15T10:44:19.062+0000] {logging_mixin.py:188} INFO - [2024-05-15T10:44:19.062+0000] {dag.py:3096} INFO - Sync 1 DAGs
[2024-05-15T10:44:19.079+0000] {logging_mixin.py:188} INFO - [2024-05-15T10:44:19.078+0000] {dag.py:3954} INFO - Setting next_dagrun for example_local_kubernetes_executor to None, run_after=None
[2024-05-15T10:44:19.105+0000] {processor.py:183} INFO - Processing /home/airflow/.local/lib/python3.12/site-packages/airflow/example_dags/example_local_kubernetes_executor.py took 0.098 seconds
[2024-05-15T10:44:49.657+0000] {processor.py:161} INFO - Started process (PID=3717) to work on /home/airflow/.local/lib/python3.12/site-packages/airflow/example_dags/example_local_kubernetes_executor.py
[2024-05-15T10:44:49.658+0000] {processor.py:830} INFO - Processing file /home/airflow/.local/lib/python3.12/site-packages/airflow/example_dags/example_local_kubernetes_executor.py for tasks to queue
[2024-05-15T10:44:49.660+0000] {logging_mixin.py:188} INFO - [2024-05-15T10:44:49.659+0000] {dagbag.py:540} INFO - Filling up the DagBag from /home/airflow/.local/lib/python3.12/site-packages/airflow/example_dags/example_local_kubernetes_executor.py
[2024-05-15T10:44:49.666+0000] {processor.py:840} INFO - DAG(s) 'example_local_kubernetes_executor' retrieved from /home/airflow/.local/lib/python3.12/site-packages/airflow/example_dags/example_local_kubernetes_executor.py
[2024-05-15T10:44:49.692+0000] {logging_mixin.py:188} INFO - [2024-05-15T10:44:49.692+0000] {dag.py:3096} INFO - Sync 1 DAGs
[2024-05-15T10:44:49.702+0000] {logging_mixin.py:188} INFO - [2024-05-15T10:44:49.702+0000] {dag.py:3954} INFO - Setting next_dagrun for example_local_kubernetes_executor to None, run_after=None
[2024-05-15T10:44:49.718+0000] {processor.py:183} INFO - Processing /home/airflow/.local/lib/python3.12/site-packages/airflow/example_dags/example_local_kubernetes_executor.py took 0.067 seconds
[2024-05-15T10:45:20.152+0000] {processor.py:161} INFO - Started process (PID=3776) to work on /home/airflow/.local/lib/python3.12/site-packages/airflow/example_dags/example_local_kubernetes_executor.py
[2024-05-15T10:45:20.153+0000] {processor.py:830} INFO - Processing file /home/airflow/.local/lib/python3.12/site-packages/airflow/example_dags/example_local_kubernetes_executor.py for tasks to queue
[2024-05-15T10:45:20.155+0000] {logging_mixin.py:188} INFO - [2024-05-15T10:45:20.155+0000] {dagbag.py:540} INFO - Filling up the DagBag from /home/airflow/.local/lib/python3.12/site-packages/airflow/example_dags/example_local_kubernetes_executor.py
[2024-05-15T10:45:20.161+0000] {processor.py:840} INFO - DAG(s) 'example_local_kubernetes_executor' retrieved from /home/airflow/.local/lib/python3.12/site-packages/airflow/example_dags/example_local_kubernetes_executor.py
[2024-05-15T10:45:20.197+0000] {logging_mixin.py:188} INFO - [2024-05-15T10:45:20.197+0000] {dag.py:3096} INFO - Sync 1 DAGs
[2024-05-15T10:45:20.208+0000] {logging_mixin.py:188} INFO - [2024-05-15T10:45:20.208+0000] {dag.py:3954} INFO - Setting next_dagrun for example_local_kubernetes_executor to None, run_after=None
[2024-05-15T10:45:20.224+0000] {processor.py:183} INFO - Processing /home/airflow/.local/lib/python3.12/site-packages/airflow/example_dags/example_local_kubernetes_executor.py took 0.077 seconds
[2024-05-15T10:45:50.613+0000] {processor.py:161} INFO - Started process (PID=3835) to work on /home/airflow/.local/lib/python3.12/site-packages/airflow/example_dags/example_local_kubernetes_executor.py
[2024-05-15T10:45:50.614+0000] {processor.py:830} INFO - Processing file /home/airflow/.local/lib/python3.12/site-packages/airflow/example_dags/example_local_kubernetes_executor.py for tasks to queue
[2024-05-15T10:45:50.616+0000] {logging_mixin.py:188} INFO - [2024-05-15T10:45:50.616+0000] {dagbag.py:540} INFO - Filling up the DagBag from /home/airflow/.local/lib/python3.12/site-packages/airflow/example_dags/example_local_kubernetes_executor.py
[2024-05-15T10:45:50.623+0000] {processor.py:840} INFO - DAG(s) 'example_local_kubernetes_executor' retrieved from /home/airflow/.local/lib/python3.12/site-packages/airflow/example_dags/example_local_kubernetes_executor.py
[2024-05-15T10:45:50.653+0000] {logging_mixin.py:188} INFO - [2024-05-15T10:45:50.653+0000] {dag.py:3096} INFO - Sync 1 DAGs
[2024-05-15T10:45:50.666+0000] {logging_mixin.py:188} INFO - [2024-05-15T10:45:50.665+0000] {dag.py:3954} INFO - Setting next_dagrun for example_local_kubernetes_executor to None, run_after=None
[2024-05-15T10:45:50.690+0000] {processor.py:183} INFO - Processing /home/airflow/.local/lib/python3.12/site-packages/airflow/example_dags/example_local_kubernetes_executor.py took 0.084 seconds
[2024-05-15T10:46:21.260+0000] {processor.py:161} INFO - Started process (PID=3894) to work on /home/airflow/.local/lib/python3.12/site-packages/airflow/example_dags/example_local_kubernetes_executor.py
[2024-05-15T10:46:21.261+0000] {processor.py:830} INFO - Processing file /home/airflow/.local/lib/python3.12/site-packages/airflow/example_dags/example_local_kubernetes_executor.py for tasks to queue
[2024-05-15T10:46:21.263+0000] {logging_mixin.py:188} INFO - [2024-05-15T10:46:21.263+0000] {dagbag.py:540} INFO - Filling up the DagBag from /home/airflow/.local/lib/python3.12/site-packages/airflow/example_dags/example_local_kubernetes_executor.py
[2024-05-15T10:46:21.272+0000] {processor.py:840} INFO - DAG(s) 'example_local_kubernetes_executor' retrieved from /home/airflow/.local/lib/python3.12/site-packages/airflow/example_dags/example_local_kubernetes_executor.py
[2024-05-15T10:46:21.312+0000] {logging_mixin.py:188} INFO - [2024-05-15T10:46:21.311+0000] {dag.py:3096} INFO - Sync 1 DAGs
[2024-05-15T10:46:21.332+0000] {logging_mixin.py:188} INFO - [2024-05-15T10:46:21.331+0000] {dag.py:3954} INFO - Setting next_dagrun for example_local_kubernetes_executor to None, run_after=None
[2024-05-15T10:46:21.372+0000] {processor.py:183} INFO - Processing /home/airflow/.local/lib/python3.12/site-packages/airflow/example_dags/example_local_kubernetes_executor.py took 0.117 seconds
[2024-05-15T10:46:51.504+0000] {processor.py:161} INFO - Started process (PID=3953) to work on /home/airflow/.local/lib/python3.12/site-packages/airflow/example_dags/example_local_kubernetes_executor.py
[2024-05-15T10:46:51.505+0000] {processor.py:830} INFO - Processing file /home/airflow/.local/lib/python3.12/site-packages/airflow/example_dags/example_local_kubernetes_executor.py for tasks to queue
[2024-05-15T10:46:51.506+0000] {logging_mixin.py:188} INFO - [2024-05-15T10:46:51.506+0000] {dagbag.py:540} INFO - Filling up the DagBag from /home/airflow/.local/lib/python3.12/site-packages/airflow/example_dags/example_local_kubernetes_executor.py
[2024-05-15T10:46:51.514+0000] {processor.py:840} INFO - DAG(s) 'example_local_kubernetes_executor' retrieved from /home/airflow/.local/lib/python3.12/site-packages/airflow/example_dags/example_local_kubernetes_executor.py
[2024-05-15T10:46:51.545+0000] {logging_mixin.py:188} INFO - [2024-05-15T10:46:51.544+0000] {dag.py:3096} INFO - Sync 1 DAGs
[2024-05-15T10:46:51.555+0000] {logging_mixin.py:188} INFO - [2024-05-15T10:46:51.555+0000] {dag.py:3954} INFO - Setting next_dagrun for example_local_kubernetes_executor to None, run_after=None
[2024-05-15T10:46:51.573+0000] {processor.py:183} INFO - Processing /home/airflow/.local/lib/python3.12/site-packages/airflow/example_dags/example_local_kubernetes_executor.py took 0.076 seconds
[2024-05-15T10:47:21.846+0000] {processor.py:161} INFO - Started process (PID=4012) to work on /home/airflow/.local/lib/python3.12/site-packages/airflow/example_dags/example_local_kubernetes_executor.py
[2024-05-15T10:47:21.847+0000] {processor.py:830} INFO - Processing file /home/airflow/.local/lib/python3.12/site-packages/airflow/example_dags/example_local_kubernetes_executor.py for tasks to queue
[2024-05-15T10:47:21.849+0000] {logging_mixin.py:188} INFO - [2024-05-15T10:47:21.848+0000] {dagbag.py:540} INFO - Filling up the DagBag from /home/airflow/.local/lib/python3.12/site-packages/airflow/example_dags/example_local_kubernetes_executor.py
[2024-05-15T10:47:21.855+0000] {processor.py:840} INFO - DAG(s) 'example_local_kubernetes_executor' retrieved from /home/airflow/.local/lib/python3.12/site-packages/airflow/example_dags/example_local_kubernetes_executor.py
[2024-05-15T10:47:21.882+0000] {logging_mixin.py:188} INFO - [2024-05-15T10:47:21.881+0000] {dag.py:3096} INFO - Sync 1 DAGs
[2024-05-15T10:47:21.891+0000] {logging_mixin.py:188} INFO - [2024-05-15T10:47:21.891+0000] {dag.py:3954} INFO - Setting next_dagrun for example_local_kubernetes_executor to None, run_after=None
[2024-05-15T10:47:21.920+0000] {processor.py:183} INFO - Processing /home/airflow/.local/lib/python3.12/site-packages/airflow/example_dags/example_local_kubernetes_executor.py took 0.078 seconds
[2024-05-15T10:47:52.263+0000] {processor.py:161} INFO - Started process (PID=4071) to work on /home/airflow/.local/lib/python3.12/site-packages/airflow/example_dags/example_local_kubernetes_executor.py
[2024-05-15T10:47:52.264+0000] {processor.py:830} INFO - Processing file /home/airflow/.local/lib/python3.12/site-packages/airflow/example_dags/example_local_kubernetes_executor.py for tasks to queue
[2024-05-15T10:47:52.266+0000] {logging_mixin.py:188} INFO - [2024-05-15T10:47:52.265+0000] {dagbag.py:540} INFO - Filling up the DagBag from /home/airflow/.local/lib/python3.12/site-packages/airflow/example_dags/example_local_kubernetes_executor.py
[2024-05-15T10:47:52.272+0000] {processor.py:840} INFO - DAG(s) 'example_local_kubernetes_executor' retrieved from /home/airflow/.local/lib/python3.12/site-packages/airflow/example_dags/example_local_kubernetes_executor.py
[2024-05-15T10:47:52.299+0000] {logging_mixin.py:188} INFO - [2024-05-15T10:47:52.299+0000] {dag.py:3096} INFO - Sync 1 DAGs
[2024-05-15T10:47:52.309+0000] {logging_mixin.py:188} INFO - [2024-05-15T10:47:52.309+0000] {dag.py:3954} INFO - Setting next_dagrun for example_local_kubernetes_executor to None, run_after=None
[2024-05-15T10:47:52.330+0000] {processor.py:183} INFO - Processing /home/airflow/.local/lib/python3.12/site-packages/airflow/example_dags/example_local_kubernetes_executor.py took 0.072 seconds
