[2024-05-15T10:12:35.981+0000] {processor.py:161} INFO - Started process (PID=82) to work on /home/airflow/.local/lib/python3.12/site-packages/airflow/example_dags/example_python_operator.py
[2024-05-15T10:12:35.982+0000] {processor.py:830} INFO - Processing file /home/airflow/.local/lib/python3.12/site-packages/airflow/example_dags/example_python_operator.py for tasks to queue
[2024-05-15T10:12:35.984+0000] {logging_mixin.py:188} INFO - [2024-05-15T10:12:35.983+0000] {dagbag.py:540} INFO - Filling up the DagBag from /home/airflow/.local/lib/python3.12/site-packages/airflow/example_dags/example_python_operator.py
[2024-05-15T10:12:35.997+0000] {processor.py:840} INFO - DAG(s) 'example_python_operator' retrieved from /home/airflow/.local/lib/python3.12/site-packages/airflow/example_dags/example_python_operator.py
[2024-05-15T10:12:36.146+0000] {logging_mixin.py:188} INFO - [2024-05-15T10:12:36.145+0000] {dag.py:3096} INFO - Sync 1 DAGs
[2024-05-15T10:12:36.164+0000] {logging_mixin.py:188} INFO - [2024-05-15T10:12:36.164+0000] {dag.py:3954} INFO - Setting next_dagrun for example_python_operator to None, run_after=None
[2024-05-15T10:12:36.197+0000] {processor.py:183} INFO - Processing /home/airflow/.local/lib/python3.12/site-packages/airflow/example_dags/example_python_operator.py took 0.224 seconds
[2024-05-15T10:13:06.765+0000] {processor.py:161} INFO - Started process (PID=141) to work on /home/airflow/.local/lib/python3.12/site-packages/airflow/example_dags/example_python_operator.py
[2024-05-15T10:13:06.767+0000] {processor.py:830} INFO - Processing file /home/airflow/.local/lib/python3.12/site-packages/airflow/example_dags/example_python_operator.py for tasks to queue
[2024-05-15T10:13:06.769+0000] {logging_mixin.py:188} INFO - [2024-05-15T10:13:06.768+0000] {dagbag.py:540} INFO - Filling up the DagBag from /home/airflow/.local/lib/python3.12/site-packages/airflow/example_dags/example_python_operator.py
[2024-05-15T10:13:06.780+0000] {processor.py:840} INFO - DAG(s) 'example_python_operator' retrieved from /home/airflow/.local/lib/python3.12/site-packages/airflow/example_dags/example_python_operator.py
[2024-05-15T10:13:06.805+0000] {logging_mixin.py:188} INFO - [2024-05-15T10:13:06.805+0000] {dag.py:3096} INFO - Sync 1 DAGs
[2024-05-15T10:13:06.819+0000] {logging_mixin.py:188} INFO - [2024-05-15T10:13:06.818+0000] {dag.py:3954} INFO - Setting next_dagrun for example_python_operator to None, run_after=None
[2024-05-15T10:13:06.852+0000] {processor.py:183} INFO - Processing /home/airflow/.local/lib/python3.12/site-packages/airflow/example_dags/example_python_operator.py took 0.095 seconds
[2024-05-15T10:13:36.908+0000] {processor.py:161} INFO - Started process (PID=199) to work on /home/airflow/.local/lib/python3.12/site-packages/airflow/example_dags/example_python_operator.py
[2024-05-15T10:13:36.909+0000] {processor.py:830} INFO - Processing file /home/airflow/.local/lib/python3.12/site-packages/airflow/example_dags/example_python_operator.py for tasks to queue
[2024-05-15T10:13:36.911+0000] {logging_mixin.py:188} INFO - [2024-05-15T10:13:36.911+0000] {dagbag.py:540} INFO - Filling up the DagBag from /home/airflow/.local/lib/python3.12/site-packages/airflow/example_dags/example_python_operator.py
[2024-05-15T10:13:36.921+0000] {processor.py:840} INFO - DAG(s) 'example_python_operator' retrieved from /home/airflow/.local/lib/python3.12/site-packages/airflow/example_dags/example_python_operator.py
[2024-05-15T10:13:36.940+0000] {logging_mixin.py:188} INFO - [2024-05-15T10:13:36.940+0000] {dag.py:3096} INFO - Sync 1 DAGs
[2024-05-15T10:13:36.953+0000] {logging_mixin.py:188} INFO - [2024-05-15T10:13:36.952+0000] {dag.py:3954} INFO - Setting next_dagrun for example_python_operator to None, run_after=None
[2024-05-15T10:13:36.972+0000] {processor.py:183} INFO - Processing /home/airflow/.local/lib/python3.12/site-packages/airflow/example_dags/example_python_operator.py took 0.069 seconds
[2024-05-15T10:14:07.112+0000] {processor.py:161} INFO - Started process (PID=258) to work on /home/airflow/.local/lib/python3.12/site-packages/airflow/example_dags/example_python_operator.py
[2024-05-15T10:14:07.113+0000] {processor.py:830} INFO - Processing file /home/airflow/.local/lib/python3.12/site-packages/airflow/example_dags/example_python_operator.py for tasks to queue
[2024-05-15T10:14:07.114+0000] {logging_mixin.py:188} INFO - [2024-05-15T10:14:07.114+0000] {dagbag.py:540} INFO - Filling up the DagBag from /home/airflow/.local/lib/python3.12/site-packages/airflow/example_dags/example_python_operator.py
[2024-05-15T10:14:07.123+0000] {processor.py:840} INFO - DAG(s) 'example_python_operator' retrieved from /home/airflow/.local/lib/python3.12/site-packages/airflow/example_dags/example_python_operator.py
[2024-05-15T10:14:07.145+0000] {logging_mixin.py:188} INFO - [2024-05-15T10:14:07.145+0000] {dag.py:3096} INFO - Sync 1 DAGs
[2024-05-15T10:14:07.156+0000] {logging_mixin.py:188} INFO - [2024-05-15T10:14:07.156+0000] {dag.py:3954} INFO - Setting next_dagrun for example_python_operator to None, run_after=None
[2024-05-15T10:14:07.177+0000] {processor.py:183} INFO - Processing /home/airflow/.local/lib/python3.12/site-packages/airflow/example_dags/example_python_operator.py took 0.069 seconds
[2024-05-15T10:14:37.415+0000] {processor.py:161} INFO - Started process (PID=318) to work on /home/airflow/.local/lib/python3.12/site-packages/airflow/example_dags/example_python_operator.py
[2024-05-15T10:14:37.416+0000] {processor.py:830} INFO - Processing file /home/airflow/.local/lib/python3.12/site-packages/airflow/example_dags/example_python_operator.py for tasks to queue
[2024-05-15T10:14:37.418+0000] {logging_mixin.py:188} INFO - [2024-05-15T10:14:37.418+0000] {dagbag.py:540} INFO - Filling up the DagBag from /home/airflow/.local/lib/python3.12/site-packages/airflow/example_dags/example_python_operator.py
[2024-05-15T10:14:37.436+0000] {processor.py:840} INFO - DAG(s) 'example_python_operator' retrieved from /home/airflow/.local/lib/python3.12/site-packages/airflow/example_dags/example_python_operator.py
[2024-05-15T10:14:37.477+0000] {logging_mixin.py:188} INFO - [2024-05-15T10:14:37.476+0000] {dag.py:3096} INFO - Sync 1 DAGs
[2024-05-15T10:14:37.503+0000] {logging_mixin.py:188} INFO - [2024-05-15T10:14:37.503+0000] {dag.py:3954} INFO - Setting next_dagrun for example_python_operator to None, run_after=None
[2024-05-15T10:14:37.538+0000] {processor.py:183} INFO - Processing /home/airflow/.local/lib/python3.12/site-packages/airflow/example_dags/example_python_operator.py took 0.129 seconds
[2024-05-15T10:15:07.590+0000] {processor.py:161} INFO - Started process (PID=377) to work on /home/airflow/.local/lib/python3.12/site-packages/airflow/example_dags/example_python_operator.py
[2024-05-15T10:15:07.591+0000] {processor.py:830} INFO - Processing file /home/airflow/.local/lib/python3.12/site-packages/airflow/example_dags/example_python_operator.py for tasks to queue
[2024-05-15T10:15:07.593+0000] {logging_mixin.py:188} INFO - [2024-05-15T10:15:07.592+0000] {dagbag.py:540} INFO - Filling up the DagBag from /home/airflow/.local/lib/python3.12/site-packages/airflow/example_dags/example_python_operator.py
[2024-05-15T10:15:07.601+0000] {processor.py:840} INFO - DAG(s) 'example_python_operator' retrieved from /home/airflow/.local/lib/python3.12/site-packages/airflow/example_dags/example_python_operator.py
[2024-05-15T10:15:07.624+0000] {logging_mixin.py:188} INFO - [2024-05-15T10:15:07.623+0000] {dag.py:3096} INFO - Sync 1 DAGs
[2024-05-15T10:15:07.636+0000] {logging_mixin.py:188} INFO - [2024-05-15T10:15:07.635+0000] {dag.py:3954} INFO - Setting next_dagrun for example_python_operator to None, run_after=None
[2024-05-15T10:15:07.654+0000] {processor.py:183} INFO - Processing /home/airflow/.local/lib/python3.12/site-packages/airflow/example_dags/example_python_operator.py took 0.069 seconds
[2024-05-15T10:15:38.139+0000] {processor.py:161} INFO - Started process (PID=436) to work on /home/airflow/.local/lib/python3.12/site-packages/airflow/example_dags/example_python_operator.py
[2024-05-15T10:15:38.140+0000] {processor.py:830} INFO - Processing file /home/airflow/.local/lib/python3.12/site-packages/airflow/example_dags/example_python_operator.py for tasks to queue
[2024-05-15T10:15:38.142+0000] {logging_mixin.py:188} INFO - [2024-05-15T10:15:38.142+0000] {dagbag.py:540} INFO - Filling up the DagBag from /home/airflow/.local/lib/python3.12/site-packages/airflow/example_dags/example_python_operator.py
[2024-05-15T10:15:38.150+0000] {processor.py:840} INFO - DAG(s) 'example_python_operator' retrieved from /home/airflow/.local/lib/python3.12/site-packages/airflow/example_dags/example_python_operator.py
[2024-05-15T10:15:38.169+0000] {logging_mixin.py:188} INFO - [2024-05-15T10:15:38.169+0000] {dag.py:3096} INFO - Sync 1 DAGs
[2024-05-15T10:15:38.179+0000] {logging_mixin.py:188} INFO - [2024-05-15T10:15:38.179+0000] {dag.py:3954} INFO - Setting next_dagrun for example_python_operator to None, run_after=None
[2024-05-15T10:15:38.198+0000] {processor.py:183} INFO - Processing /home/airflow/.local/lib/python3.12/site-packages/airflow/example_dags/example_python_operator.py took 0.063 seconds
[2024-05-15T10:16:08.857+0000] {processor.py:161} INFO - Started process (PID=495) to work on /home/airflow/.local/lib/python3.12/site-packages/airflow/example_dags/example_python_operator.py
[2024-05-15T10:16:08.861+0000] {processor.py:830} INFO - Processing file /home/airflow/.local/lib/python3.12/site-packages/airflow/example_dags/example_python_operator.py for tasks to queue
[2024-05-15T10:16:08.862+0000] {logging_mixin.py:188} INFO - [2024-05-15T10:16:08.862+0000] {dagbag.py:540} INFO - Filling up the DagBag from /home/airflow/.local/lib/python3.12/site-packages/airflow/example_dags/example_python_operator.py
[2024-05-15T10:16:08.872+0000] {processor.py:840} INFO - DAG(s) 'example_python_operator' retrieved from /home/airflow/.local/lib/python3.12/site-packages/airflow/example_dags/example_python_operator.py
[2024-05-15T10:16:08.896+0000] {logging_mixin.py:188} INFO - [2024-05-15T10:16:08.896+0000] {dag.py:3096} INFO - Sync 1 DAGs
[2024-05-15T10:16:08.906+0000] {logging_mixin.py:188} INFO - [2024-05-15T10:16:08.906+0000] {dag.py:3954} INFO - Setting next_dagrun for example_python_operator to None, run_after=None
[2024-05-15T10:16:08.939+0000] {processor.py:183} INFO - Processing /home/airflow/.local/lib/python3.12/site-packages/airflow/example_dags/example_python_operator.py took 0.088 seconds
[2024-05-15T10:16:39.134+0000] {processor.py:161} INFO - Started process (PID=554) to work on /home/airflow/.local/lib/python3.12/site-packages/airflow/example_dags/example_python_operator.py
[2024-05-15T10:16:39.135+0000] {processor.py:830} INFO - Processing file /home/airflow/.local/lib/python3.12/site-packages/airflow/example_dags/example_python_operator.py for tasks to queue
[2024-05-15T10:16:39.137+0000] {logging_mixin.py:188} INFO - [2024-05-15T10:16:39.137+0000] {dagbag.py:540} INFO - Filling up the DagBag from /home/airflow/.local/lib/python3.12/site-packages/airflow/example_dags/example_python_operator.py
[2024-05-15T10:16:39.148+0000] {processor.py:840} INFO - DAG(s) 'example_python_operator' retrieved from /home/airflow/.local/lib/python3.12/site-packages/airflow/example_dags/example_python_operator.py
[2024-05-15T10:16:39.172+0000] {logging_mixin.py:188} INFO - [2024-05-15T10:16:39.171+0000] {dag.py:3096} INFO - Sync 1 DAGs
[2024-05-15T10:16:39.183+0000] {logging_mixin.py:188} INFO - [2024-05-15T10:16:39.183+0000] {dag.py:3954} INFO - Setting next_dagrun for example_python_operator to None, run_after=None
[2024-05-15T10:16:39.202+0000] {processor.py:183} INFO - Processing /home/airflow/.local/lib/python3.12/site-packages/airflow/example_dags/example_python_operator.py took 0.075 seconds
[2024-05-15T10:17:09.483+0000] {processor.py:161} INFO - Started process (PID=613) to work on /home/airflow/.local/lib/python3.12/site-packages/airflow/example_dags/example_python_operator.py
[2024-05-15T10:17:09.484+0000] {processor.py:830} INFO - Processing file /home/airflow/.local/lib/python3.12/site-packages/airflow/example_dags/example_python_operator.py for tasks to queue
[2024-05-15T10:17:09.485+0000] {logging_mixin.py:188} INFO - [2024-05-15T10:17:09.485+0000] {dagbag.py:540} INFO - Filling up the DagBag from /home/airflow/.local/lib/python3.12/site-packages/airflow/example_dags/example_python_operator.py
[2024-05-15T10:17:09.494+0000] {processor.py:840} INFO - DAG(s) 'example_python_operator' retrieved from /home/airflow/.local/lib/python3.12/site-packages/airflow/example_dags/example_python_operator.py
[2024-05-15T10:17:09.513+0000] {logging_mixin.py:188} INFO - [2024-05-15T10:17:09.512+0000] {dag.py:3096} INFO - Sync 1 DAGs
[2024-05-15T10:17:09.525+0000] {logging_mixin.py:188} INFO - [2024-05-15T10:17:09.525+0000] {dag.py:3954} INFO - Setting next_dagrun for example_python_operator to None, run_after=None
[2024-05-15T10:17:09.541+0000] {processor.py:183} INFO - Processing /home/airflow/.local/lib/python3.12/site-packages/airflow/example_dags/example_python_operator.py took 0.063 seconds
[2024-05-15T10:17:39.832+0000] {processor.py:161} INFO - Started process (PID=672) to work on /home/airflow/.local/lib/python3.12/site-packages/airflow/example_dags/example_python_operator.py
[2024-05-15T10:17:39.833+0000] {processor.py:830} INFO - Processing file /home/airflow/.local/lib/python3.12/site-packages/airflow/example_dags/example_python_operator.py for tasks to queue
[2024-05-15T10:17:39.835+0000] {logging_mixin.py:188} INFO - [2024-05-15T10:17:39.835+0000] {dagbag.py:540} INFO - Filling up the DagBag from /home/airflow/.local/lib/python3.12/site-packages/airflow/example_dags/example_python_operator.py
[2024-05-15T10:17:39.845+0000] {processor.py:840} INFO - DAG(s) 'example_python_operator' retrieved from /home/airflow/.local/lib/python3.12/site-packages/airflow/example_dags/example_python_operator.py
[2024-05-15T10:17:39.863+0000] {logging_mixin.py:188} INFO - [2024-05-15T10:17:39.863+0000] {dag.py:3096} INFO - Sync 1 DAGs
[2024-05-15T10:17:39.876+0000] {logging_mixin.py:188} INFO - [2024-05-15T10:17:39.876+0000] {dag.py:3954} INFO - Setting next_dagrun for example_python_operator to None, run_after=None
[2024-05-15T10:17:39.894+0000] {processor.py:183} INFO - Processing /home/airflow/.local/lib/python3.12/site-packages/airflow/example_dags/example_python_operator.py took 0.068 seconds
[2024-05-15T10:18:10.755+0000] {processor.py:161} INFO - Started process (PID=731) to work on /home/airflow/.local/lib/python3.12/site-packages/airflow/example_dags/example_python_operator.py
[2024-05-15T10:18:10.756+0000] {processor.py:830} INFO - Processing file /home/airflow/.local/lib/python3.12/site-packages/airflow/example_dags/example_python_operator.py for tasks to queue
[2024-05-15T10:18:10.758+0000] {logging_mixin.py:188} INFO - [2024-05-15T10:18:10.758+0000] {dagbag.py:540} INFO - Filling up the DagBag from /home/airflow/.local/lib/python3.12/site-packages/airflow/example_dags/example_python_operator.py
[2024-05-15T10:18:10.770+0000] {processor.py:840} INFO - DAG(s) 'example_python_operator' retrieved from /home/airflow/.local/lib/python3.12/site-packages/airflow/example_dags/example_python_operator.py
[2024-05-15T10:18:10.793+0000] {logging_mixin.py:188} INFO - [2024-05-15T10:18:10.793+0000] {dag.py:3096} INFO - Sync 1 DAGs
[2024-05-15T10:18:10.805+0000] {logging_mixin.py:188} INFO - [2024-05-15T10:18:10.805+0000] {dag.py:3954} INFO - Setting next_dagrun for example_python_operator to None, run_after=None
[2024-05-15T10:18:10.820+0000] {processor.py:183} INFO - Processing /home/airflow/.local/lib/python3.12/site-packages/airflow/example_dags/example_python_operator.py took 0.071 seconds
[2024-05-15T10:18:41.765+0000] {processor.py:161} INFO - Started process (PID=790) to work on /home/airflow/.local/lib/python3.12/site-packages/airflow/example_dags/example_python_operator.py
[2024-05-15T10:18:41.766+0000] {processor.py:830} INFO - Processing file /home/airflow/.local/lib/python3.12/site-packages/airflow/example_dags/example_python_operator.py for tasks to queue
[2024-05-15T10:18:41.768+0000] {logging_mixin.py:188} INFO - [2024-05-15T10:18:41.768+0000] {dagbag.py:540} INFO - Filling up the DagBag from /home/airflow/.local/lib/python3.12/site-packages/airflow/example_dags/example_python_operator.py
[2024-05-15T10:18:41.779+0000] {processor.py:840} INFO - DAG(s) 'example_python_operator' retrieved from /home/airflow/.local/lib/python3.12/site-packages/airflow/example_dags/example_python_operator.py
[2024-05-15T10:18:41.799+0000] {logging_mixin.py:188} INFO - [2024-05-15T10:18:41.799+0000] {dag.py:3096} INFO - Sync 1 DAGs
[2024-05-15T10:18:41.810+0000] {logging_mixin.py:188} INFO - [2024-05-15T10:18:41.810+0000] {dag.py:3954} INFO - Setting next_dagrun for example_python_operator to None, run_after=None
[2024-05-15T10:18:41.836+0000] {processor.py:183} INFO - Processing /home/airflow/.local/lib/python3.12/site-packages/airflow/example_dags/example_python_operator.py took 0.076 seconds
[2024-05-15T10:19:12.205+0000] {processor.py:161} INFO - Started process (PID=849) to work on /home/airflow/.local/lib/python3.12/site-packages/airflow/example_dags/example_python_operator.py
[2024-05-15T10:19:12.206+0000] {processor.py:830} INFO - Processing file /home/airflow/.local/lib/python3.12/site-packages/airflow/example_dags/example_python_operator.py for tasks to queue
[2024-05-15T10:19:12.208+0000] {logging_mixin.py:188} INFO - [2024-05-15T10:19:12.207+0000] {dagbag.py:540} INFO - Filling up the DagBag from /home/airflow/.local/lib/python3.12/site-packages/airflow/example_dags/example_python_operator.py
[2024-05-15T10:19:12.218+0000] {processor.py:840} INFO - DAG(s) 'example_python_operator' retrieved from /home/airflow/.local/lib/python3.12/site-packages/airflow/example_dags/example_python_operator.py
[2024-05-15T10:19:12.236+0000] {logging_mixin.py:188} INFO - [2024-05-15T10:19:12.236+0000] {dag.py:3096} INFO - Sync 1 DAGs
[2024-05-15T10:19:12.248+0000] {logging_mixin.py:188} INFO - [2024-05-15T10:19:12.247+0000] {dag.py:3954} INFO - Setting next_dagrun for example_python_operator to None, run_after=None
[2024-05-15T10:19:12.264+0000] {processor.py:183} INFO - Processing /home/airflow/.local/lib/python3.12/site-packages/airflow/example_dags/example_python_operator.py took 0.064 seconds
[2024-05-15T10:19:43.072+0000] {processor.py:161} INFO - Started process (PID=908) to work on /home/airflow/.local/lib/python3.12/site-packages/airflow/example_dags/example_python_operator.py
[2024-05-15T10:19:43.073+0000] {processor.py:830} INFO - Processing file /home/airflow/.local/lib/python3.12/site-packages/airflow/example_dags/example_python_operator.py for tasks to queue
[2024-05-15T10:19:43.075+0000] {logging_mixin.py:188} INFO - [2024-05-15T10:19:43.075+0000] {dagbag.py:540} INFO - Filling up the DagBag from /home/airflow/.local/lib/python3.12/site-packages/airflow/example_dags/example_python_operator.py
[2024-05-15T10:19:43.084+0000] {processor.py:840} INFO - DAG(s) 'example_python_operator' retrieved from /home/airflow/.local/lib/python3.12/site-packages/airflow/example_dags/example_python_operator.py
[2024-05-15T10:19:43.103+0000] {logging_mixin.py:188} INFO - [2024-05-15T10:19:43.103+0000] {dag.py:3096} INFO - Sync 1 DAGs
[2024-05-15T10:19:43.116+0000] {logging_mixin.py:188} INFO - [2024-05-15T10:19:43.116+0000] {dag.py:3954} INFO - Setting next_dagrun for example_python_operator to None, run_after=None
[2024-05-15T10:19:43.131+0000] {processor.py:183} INFO - Processing /home/airflow/.local/lib/python3.12/site-packages/airflow/example_dags/example_python_operator.py took 0.064 seconds
[2024-05-15T10:20:13.937+0000] {processor.py:161} INFO - Started process (PID=973) to work on /home/airflow/.local/lib/python3.12/site-packages/airflow/example_dags/example_python_operator.py
[2024-05-15T10:20:13.938+0000] {processor.py:830} INFO - Processing file /home/airflow/.local/lib/python3.12/site-packages/airflow/example_dags/example_python_operator.py for tasks to queue
[2024-05-15T10:20:13.939+0000] {logging_mixin.py:188} INFO - [2024-05-15T10:20:13.939+0000] {dagbag.py:540} INFO - Filling up the DagBag from /home/airflow/.local/lib/python3.12/site-packages/airflow/example_dags/example_python_operator.py
[2024-05-15T10:20:13.949+0000] {processor.py:840} INFO - DAG(s) 'example_python_operator' retrieved from /home/airflow/.local/lib/python3.12/site-packages/airflow/example_dags/example_python_operator.py
[2024-05-15T10:20:13.971+0000] {logging_mixin.py:188} INFO - [2024-05-15T10:20:13.971+0000] {dag.py:3096} INFO - Sync 1 DAGs
[2024-05-15T10:20:13.981+0000] {logging_mixin.py:188} INFO - [2024-05-15T10:20:13.981+0000] {dag.py:3954} INFO - Setting next_dagrun for example_python_operator to None, run_after=None
[2024-05-15T10:20:13.998+0000] {processor.py:183} INFO - Processing /home/airflow/.local/lib/python3.12/site-packages/airflow/example_dags/example_python_operator.py took 0.067 seconds
[2024-05-15T10:20:44.292+0000] {processor.py:161} INFO - Started process (PID=1032) to work on /home/airflow/.local/lib/python3.12/site-packages/airflow/example_dags/example_python_operator.py
[2024-05-15T10:20:44.296+0000] {processor.py:830} INFO - Processing file /home/airflow/.local/lib/python3.12/site-packages/airflow/example_dags/example_python_operator.py for tasks to queue
[2024-05-15T10:20:44.298+0000] {logging_mixin.py:188} INFO - [2024-05-15T10:20:44.297+0000] {dagbag.py:540} INFO - Filling up the DagBag from /home/airflow/.local/lib/python3.12/site-packages/airflow/example_dags/example_python_operator.py
[2024-05-15T10:20:44.315+0000] {processor.py:840} INFO - DAG(s) 'example_python_operator' retrieved from /home/airflow/.local/lib/python3.12/site-packages/airflow/example_dags/example_python_operator.py
[2024-05-15T10:20:44.566+0000] {logging_mixin.py:188} INFO - [2024-05-15T10:20:44.565+0000] {dag.py:3096} INFO - Sync 1 DAGs
[2024-05-15T10:20:44.577+0000] {logging_mixin.py:188} INFO - [2024-05-15T10:20:44.577+0000] {dag.py:3954} INFO - Setting next_dagrun for example_python_operator to None, run_after=None
[2024-05-15T10:20:44.602+0000] {processor.py:183} INFO - Processing /home/airflow/.local/lib/python3.12/site-packages/airflow/example_dags/example_python_operator.py took 0.321 seconds
[2024-05-15T10:21:15.348+0000] {processor.py:161} INFO - Started process (PID=1091) to work on /home/airflow/.local/lib/python3.12/site-packages/airflow/example_dags/example_python_operator.py
[2024-05-15T10:21:15.349+0000] {processor.py:830} INFO - Processing file /home/airflow/.local/lib/python3.12/site-packages/airflow/example_dags/example_python_operator.py for tasks to queue
[2024-05-15T10:21:15.351+0000] {logging_mixin.py:188} INFO - [2024-05-15T10:21:15.351+0000] {dagbag.py:540} INFO - Filling up the DagBag from /home/airflow/.local/lib/python3.12/site-packages/airflow/example_dags/example_python_operator.py
[2024-05-15T10:21:15.360+0000] {processor.py:840} INFO - DAG(s) 'example_python_operator' retrieved from /home/airflow/.local/lib/python3.12/site-packages/airflow/example_dags/example_python_operator.py
[2024-05-15T10:21:15.387+0000] {logging_mixin.py:188} INFO - [2024-05-15T10:21:15.387+0000] {dag.py:3096} INFO - Sync 1 DAGs
[2024-05-15T10:21:15.400+0000] {logging_mixin.py:188} INFO - [2024-05-15T10:21:15.400+0000] {dag.py:3954} INFO - Setting next_dagrun for example_python_operator to None, run_after=None
[2024-05-15T10:21:15.420+0000] {processor.py:183} INFO - Processing /home/airflow/.local/lib/python3.12/site-packages/airflow/example_dags/example_python_operator.py took 0.077 seconds
[2024-05-15T10:21:45.536+0000] {processor.py:161} INFO - Started process (PID=1150) to work on /home/airflow/.local/lib/python3.12/site-packages/airflow/example_dags/example_python_operator.py
[2024-05-15T10:21:45.538+0000] {processor.py:830} INFO - Processing file /home/airflow/.local/lib/python3.12/site-packages/airflow/example_dags/example_python_operator.py for tasks to queue
[2024-05-15T10:21:45.540+0000] {logging_mixin.py:188} INFO - [2024-05-15T10:21:45.540+0000] {dagbag.py:540} INFO - Filling up the DagBag from /home/airflow/.local/lib/python3.12/site-packages/airflow/example_dags/example_python_operator.py
[2024-05-15T10:21:45.551+0000] {processor.py:840} INFO - DAG(s) 'example_python_operator' retrieved from /home/airflow/.local/lib/python3.12/site-packages/airflow/example_dags/example_python_operator.py
[2024-05-15T10:21:45.574+0000] {logging_mixin.py:188} INFO - [2024-05-15T10:21:45.574+0000] {dag.py:3096} INFO - Sync 1 DAGs
[2024-05-15T10:21:45.587+0000] {logging_mixin.py:188} INFO - [2024-05-15T10:21:45.586+0000] {dag.py:3954} INFO - Setting next_dagrun for example_python_operator to None, run_after=None
[2024-05-15T10:21:45.608+0000] {processor.py:183} INFO - Processing /home/airflow/.local/lib/python3.12/site-packages/airflow/example_dags/example_python_operator.py took 0.078 seconds
[2024-05-15T10:22:15.714+0000] {processor.py:161} INFO - Started process (PID=1209) to work on /home/airflow/.local/lib/python3.12/site-packages/airflow/example_dags/example_python_operator.py
[2024-05-15T10:22:15.715+0000] {processor.py:830} INFO - Processing file /home/airflow/.local/lib/python3.12/site-packages/airflow/example_dags/example_python_operator.py for tasks to queue
[2024-05-15T10:22:15.717+0000] {logging_mixin.py:188} INFO - [2024-05-15T10:22:15.717+0000] {dagbag.py:540} INFO - Filling up the DagBag from /home/airflow/.local/lib/python3.12/site-packages/airflow/example_dags/example_python_operator.py
[2024-05-15T10:22:15.728+0000] {processor.py:840} INFO - DAG(s) 'example_python_operator' retrieved from /home/airflow/.local/lib/python3.12/site-packages/airflow/example_dags/example_python_operator.py
[2024-05-15T10:22:15.753+0000] {logging_mixin.py:188} INFO - [2024-05-15T10:22:15.753+0000] {dag.py:3096} INFO - Sync 1 DAGs
[2024-05-15T10:22:15.767+0000] {logging_mixin.py:188} INFO - [2024-05-15T10:22:15.767+0000] {dag.py:3954} INFO - Setting next_dagrun for example_python_operator to None, run_after=None
[2024-05-15T10:22:15.786+0000] {processor.py:183} INFO - Processing /home/airflow/.local/lib/python3.12/site-packages/airflow/example_dags/example_python_operator.py took 0.078 seconds
[2024-05-15T10:22:46.497+0000] {processor.py:161} INFO - Started process (PID=1268) to work on /home/airflow/.local/lib/python3.12/site-packages/airflow/example_dags/example_python_operator.py
[2024-05-15T10:22:46.498+0000] {processor.py:830} INFO - Processing file /home/airflow/.local/lib/python3.12/site-packages/airflow/example_dags/example_python_operator.py for tasks to queue
[2024-05-15T10:22:46.499+0000] {logging_mixin.py:188} INFO - [2024-05-15T10:22:46.499+0000] {dagbag.py:540} INFO - Filling up the DagBag from /home/airflow/.local/lib/python3.12/site-packages/airflow/example_dags/example_python_operator.py
[2024-05-15T10:22:46.509+0000] {processor.py:840} INFO - DAG(s) 'example_python_operator' retrieved from /home/airflow/.local/lib/python3.12/site-packages/airflow/example_dags/example_python_operator.py
[2024-05-15T10:22:46.530+0000] {logging_mixin.py:188} INFO - [2024-05-15T10:22:46.529+0000] {dag.py:3096} INFO - Sync 1 DAGs
[2024-05-15T10:22:46.540+0000] {logging_mixin.py:188} INFO - [2024-05-15T10:22:46.539+0000] {dag.py:3954} INFO - Setting next_dagrun for example_python_operator to None, run_after=None
[2024-05-15T10:22:46.557+0000] {processor.py:183} INFO - Processing /home/airflow/.local/lib/python3.12/site-packages/airflow/example_dags/example_python_operator.py took 0.066 seconds
[2024-05-15T10:23:17.402+0000] {processor.py:161} INFO - Started process (PID=1327) to work on /home/airflow/.local/lib/python3.12/site-packages/airflow/example_dags/example_python_operator.py
[2024-05-15T10:23:17.404+0000] {processor.py:830} INFO - Processing file /home/airflow/.local/lib/python3.12/site-packages/airflow/example_dags/example_python_operator.py for tasks to queue
[2024-05-15T10:23:17.415+0000] {logging_mixin.py:188} INFO - [2024-05-15T10:23:17.405+0000] {dagbag.py:540} INFO - Filling up the DagBag from /home/airflow/.local/lib/python3.12/site-packages/airflow/example_dags/example_python_operator.py
[2024-05-15T10:23:17.428+0000] {processor.py:840} INFO - DAG(s) 'example_python_operator' retrieved from /home/airflow/.local/lib/python3.12/site-packages/airflow/example_dags/example_python_operator.py
[2024-05-15T10:23:17.451+0000] {logging_mixin.py:188} INFO - [2024-05-15T10:23:17.451+0000] {dag.py:3096} INFO - Sync 1 DAGs
[2024-05-15T10:23:17.462+0000] {logging_mixin.py:188} INFO - [2024-05-15T10:23:17.462+0000] {dag.py:3954} INFO - Setting next_dagrun for example_python_operator to None, run_after=None
[2024-05-15T10:23:17.483+0000] {processor.py:183} INFO - Processing /home/airflow/.local/lib/python3.12/site-packages/airflow/example_dags/example_python_operator.py took 0.088 seconds
[2024-05-15T10:23:48.382+0000] {processor.py:161} INFO - Started process (PID=1386) to work on /home/airflow/.local/lib/python3.12/site-packages/airflow/example_dags/example_python_operator.py
[2024-05-15T10:23:48.383+0000] {processor.py:830} INFO - Processing file /home/airflow/.local/lib/python3.12/site-packages/airflow/example_dags/example_python_operator.py for tasks to queue
[2024-05-15T10:23:48.386+0000] {logging_mixin.py:188} INFO - [2024-05-15T10:23:48.385+0000] {dagbag.py:540} INFO - Filling up the DagBag from /home/airflow/.local/lib/python3.12/site-packages/airflow/example_dags/example_python_operator.py
[2024-05-15T10:23:48.396+0000] {processor.py:840} INFO - DAG(s) 'example_python_operator' retrieved from /home/airflow/.local/lib/python3.12/site-packages/airflow/example_dags/example_python_operator.py
[2024-05-15T10:23:48.419+0000] {logging_mixin.py:188} INFO - [2024-05-15T10:23:48.419+0000] {dag.py:3096} INFO - Sync 1 DAGs
[2024-05-15T10:23:48.432+0000] {logging_mixin.py:188} INFO - [2024-05-15T10:23:48.432+0000] {dag.py:3954} INFO - Setting next_dagrun for example_python_operator to None, run_after=None
[2024-05-15T10:23:48.449+0000] {processor.py:183} INFO - Processing /home/airflow/.local/lib/python3.12/site-packages/airflow/example_dags/example_python_operator.py took 0.076 seconds
[2024-05-15T10:24:18.627+0000] {processor.py:161} INFO - Started process (PID=1445) to work on /home/airflow/.local/lib/python3.12/site-packages/airflow/example_dags/example_python_operator.py
[2024-05-15T10:24:18.628+0000] {processor.py:830} INFO - Processing file /home/airflow/.local/lib/python3.12/site-packages/airflow/example_dags/example_python_operator.py for tasks to queue
[2024-05-15T10:24:18.629+0000] {logging_mixin.py:188} INFO - [2024-05-15T10:24:18.629+0000] {dagbag.py:540} INFO - Filling up the DagBag from /home/airflow/.local/lib/python3.12/site-packages/airflow/example_dags/example_python_operator.py
[2024-05-15T10:24:18.638+0000] {processor.py:840} INFO - DAG(s) 'example_python_operator' retrieved from /home/airflow/.local/lib/python3.12/site-packages/airflow/example_dags/example_python_operator.py
[2024-05-15T10:24:18.658+0000] {logging_mixin.py:188} INFO - [2024-05-15T10:24:18.658+0000] {dag.py:3096} INFO - Sync 1 DAGs
[2024-05-15T10:24:18.668+0000] {logging_mixin.py:188} INFO - [2024-05-15T10:24:18.668+0000] {dag.py:3954} INFO - Setting next_dagrun for example_python_operator to None, run_after=None
[2024-05-15T10:24:18.685+0000] {processor.py:183} INFO - Processing /home/airflow/.local/lib/python3.12/site-packages/airflow/example_dags/example_python_operator.py took 0.064 seconds
[2024-05-15T10:24:48.945+0000] {processor.py:161} INFO - Started process (PID=1504) to work on /home/airflow/.local/lib/python3.12/site-packages/airflow/example_dags/example_python_operator.py
[2024-05-15T10:24:48.946+0000] {processor.py:830} INFO - Processing file /home/airflow/.local/lib/python3.12/site-packages/airflow/example_dags/example_python_operator.py for tasks to queue
[2024-05-15T10:24:48.948+0000] {logging_mixin.py:188} INFO - [2024-05-15T10:24:48.948+0000] {dagbag.py:540} INFO - Filling up the DagBag from /home/airflow/.local/lib/python3.12/site-packages/airflow/example_dags/example_python_operator.py
[2024-05-15T10:24:48.958+0000] {processor.py:840} INFO - DAG(s) 'example_python_operator' retrieved from /home/airflow/.local/lib/python3.12/site-packages/airflow/example_dags/example_python_operator.py
[2024-05-15T10:24:48.979+0000] {logging_mixin.py:188} INFO - [2024-05-15T10:24:48.979+0000] {dag.py:3096} INFO - Sync 1 DAGs
[2024-05-15T10:24:48.990+0000] {logging_mixin.py:188} INFO - [2024-05-15T10:24:48.989+0000] {dag.py:3954} INFO - Setting next_dagrun for example_python_operator to None, run_after=None
[2024-05-15T10:24:49.007+0000] {processor.py:183} INFO - Processing /home/airflow/.local/lib/python3.12/site-packages/airflow/example_dags/example_python_operator.py took 0.068 seconds
[2024-05-15T10:25:19.095+0000] {processor.py:161} INFO - Started process (PID=1563) to work on /home/airflow/.local/lib/python3.12/site-packages/airflow/example_dags/example_python_operator.py
[2024-05-15T10:25:19.096+0000] {processor.py:830} INFO - Processing file /home/airflow/.local/lib/python3.12/site-packages/airflow/example_dags/example_python_operator.py for tasks to queue
[2024-05-15T10:25:19.098+0000] {logging_mixin.py:188} INFO - [2024-05-15T10:25:19.098+0000] {dagbag.py:540} INFO - Filling up the DagBag from /home/airflow/.local/lib/python3.12/site-packages/airflow/example_dags/example_python_operator.py
[2024-05-15T10:25:19.107+0000] {processor.py:840} INFO - DAG(s) 'example_python_operator' retrieved from /home/airflow/.local/lib/python3.12/site-packages/airflow/example_dags/example_python_operator.py
[2024-05-15T10:25:19.129+0000] {logging_mixin.py:188} INFO - [2024-05-15T10:25:19.128+0000] {dag.py:3096} INFO - Sync 1 DAGs
[2024-05-15T10:25:19.145+0000] {logging_mixin.py:188} INFO - [2024-05-15T10:25:19.145+0000] {dag.py:3954} INFO - Setting next_dagrun for example_python_operator to None, run_after=None
[2024-05-15T10:25:19.168+0000] {processor.py:183} INFO - Processing /home/airflow/.local/lib/python3.12/site-packages/airflow/example_dags/example_python_operator.py took 0.079 seconds
[2024-05-15T10:25:49.257+0000] {processor.py:161} INFO - Started process (PID=1622) to work on /home/airflow/.local/lib/python3.12/site-packages/airflow/example_dags/example_python_operator.py
[2024-05-15T10:25:49.258+0000] {processor.py:830} INFO - Processing file /home/airflow/.local/lib/python3.12/site-packages/airflow/example_dags/example_python_operator.py for tasks to queue
[2024-05-15T10:25:49.259+0000] {logging_mixin.py:188} INFO - [2024-05-15T10:25:49.259+0000] {dagbag.py:540} INFO - Filling up the DagBag from /home/airflow/.local/lib/python3.12/site-packages/airflow/example_dags/example_python_operator.py
[2024-05-15T10:25:49.269+0000] {processor.py:840} INFO - DAG(s) 'example_python_operator' retrieved from /home/airflow/.local/lib/python3.12/site-packages/airflow/example_dags/example_python_operator.py
[2024-05-15T10:25:49.286+0000] {logging_mixin.py:188} INFO - [2024-05-15T10:25:49.286+0000] {dag.py:3096} INFO - Sync 1 DAGs
[2024-05-15T10:25:49.299+0000] {logging_mixin.py:188} INFO - [2024-05-15T10:25:49.299+0000] {dag.py:3954} INFO - Setting next_dagrun for example_python_operator to None, run_after=None
[2024-05-15T10:25:49.313+0000] {processor.py:183} INFO - Processing /home/airflow/.local/lib/python3.12/site-packages/airflow/example_dags/example_python_operator.py took 0.060 seconds
[2024-05-15T10:26:19.372+0000] {processor.py:161} INFO - Started process (PID=1681) to work on /home/airflow/.local/lib/python3.12/site-packages/airflow/example_dags/example_python_operator.py
[2024-05-15T10:26:19.373+0000] {processor.py:830} INFO - Processing file /home/airflow/.local/lib/python3.12/site-packages/airflow/example_dags/example_python_operator.py for tasks to queue
[2024-05-15T10:26:19.375+0000] {logging_mixin.py:188} INFO - [2024-05-15T10:26:19.374+0000] {dagbag.py:540} INFO - Filling up the DagBag from /home/airflow/.local/lib/python3.12/site-packages/airflow/example_dags/example_python_operator.py
[2024-05-15T10:26:19.383+0000] {processor.py:840} INFO - DAG(s) 'example_python_operator' retrieved from /home/airflow/.local/lib/python3.12/site-packages/airflow/example_dags/example_python_operator.py
[2024-05-15T10:26:19.406+0000] {logging_mixin.py:188} INFO - [2024-05-15T10:26:19.405+0000] {dag.py:3096} INFO - Sync 1 DAGs
[2024-05-15T10:26:19.417+0000] {logging_mixin.py:188} INFO - [2024-05-15T10:26:19.417+0000] {dag.py:3954} INFO - Setting next_dagrun for example_python_operator to None, run_after=None
[2024-05-15T10:26:19.437+0000] {processor.py:183} INFO - Processing /home/airflow/.local/lib/python3.12/site-packages/airflow/example_dags/example_python_operator.py took 0.072 seconds
[2024-05-15T10:26:49.595+0000] {processor.py:161} INFO - Started process (PID=1740) to work on /home/airflow/.local/lib/python3.12/site-packages/airflow/example_dags/example_python_operator.py
[2024-05-15T10:26:49.596+0000] {processor.py:830} INFO - Processing file /home/airflow/.local/lib/python3.12/site-packages/airflow/example_dags/example_python_operator.py for tasks to queue
[2024-05-15T10:26:49.598+0000] {logging_mixin.py:188} INFO - [2024-05-15T10:26:49.597+0000] {dagbag.py:540} INFO - Filling up the DagBag from /home/airflow/.local/lib/python3.12/site-packages/airflow/example_dags/example_python_operator.py
[2024-05-15T10:26:49.606+0000] {processor.py:840} INFO - DAG(s) 'example_python_operator' retrieved from /home/airflow/.local/lib/python3.12/site-packages/airflow/example_dags/example_python_operator.py
[2024-05-15T10:26:49.628+0000] {logging_mixin.py:188} INFO - [2024-05-15T10:26:49.628+0000] {dag.py:3096} INFO - Sync 1 DAGs
[2024-05-15T10:26:49.638+0000] {logging_mixin.py:188} INFO - [2024-05-15T10:26:49.638+0000] {dag.py:3954} INFO - Setting next_dagrun for example_python_operator to None, run_after=None
[2024-05-15T10:26:49.656+0000] {processor.py:183} INFO - Processing /home/airflow/.local/lib/python3.12/site-packages/airflow/example_dags/example_python_operator.py took 0.066 seconds
[2024-05-15T10:27:19.847+0000] {processor.py:161} INFO - Started process (PID=1799) to work on /home/airflow/.local/lib/python3.12/site-packages/airflow/example_dags/example_python_operator.py
[2024-05-15T10:27:19.848+0000] {processor.py:830} INFO - Processing file /home/airflow/.local/lib/python3.12/site-packages/airflow/example_dags/example_python_operator.py for tasks to queue
[2024-05-15T10:27:19.850+0000] {logging_mixin.py:188} INFO - [2024-05-15T10:27:19.850+0000] {dagbag.py:540} INFO - Filling up the DagBag from /home/airflow/.local/lib/python3.12/site-packages/airflow/example_dags/example_python_operator.py
[2024-05-15T10:27:19.862+0000] {processor.py:840} INFO - DAG(s) 'example_python_operator' retrieved from /home/airflow/.local/lib/python3.12/site-packages/airflow/example_dags/example_python_operator.py
[2024-05-15T10:27:19.888+0000] {logging_mixin.py:188} INFO - [2024-05-15T10:27:19.887+0000] {dag.py:3096} INFO - Sync 1 DAGs
[2024-05-15T10:27:19.902+0000] {logging_mixin.py:188} INFO - [2024-05-15T10:27:19.902+0000] {dag.py:3954} INFO - Setting next_dagrun for example_python_operator to None, run_after=None
[2024-05-15T10:27:19.919+0000] {processor.py:183} INFO - Processing /home/airflow/.local/lib/python3.12/site-packages/airflow/example_dags/example_python_operator.py took 0.078 seconds
[2024-05-15T10:27:49.944+0000] {processor.py:161} INFO - Started process (PID=1858) to work on /home/airflow/.local/lib/python3.12/site-packages/airflow/example_dags/example_python_operator.py
[2024-05-15T10:27:49.945+0000] {processor.py:830} INFO - Processing file /home/airflow/.local/lib/python3.12/site-packages/airflow/example_dags/example_python_operator.py for tasks to queue
[2024-05-15T10:27:49.946+0000] {logging_mixin.py:188} INFO - [2024-05-15T10:27:49.946+0000] {dagbag.py:540} INFO - Filling up the DagBag from /home/airflow/.local/lib/python3.12/site-packages/airflow/example_dags/example_python_operator.py
[2024-05-15T10:27:49.955+0000] {processor.py:840} INFO - DAG(s) 'example_python_operator' retrieved from /home/airflow/.local/lib/python3.12/site-packages/airflow/example_dags/example_python_operator.py
[2024-05-15T10:27:49.975+0000] {logging_mixin.py:188} INFO - [2024-05-15T10:27:49.975+0000] {dag.py:3096} INFO - Sync 1 DAGs
[2024-05-15T10:27:49.987+0000] {logging_mixin.py:188} INFO - [2024-05-15T10:27:49.987+0000] {dag.py:3954} INFO - Setting next_dagrun for example_python_operator to None, run_after=None
[2024-05-15T10:27:50.007+0000] {processor.py:183} INFO - Processing /home/airflow/.local/lib/python3.12/site-packages/airflow/example_dags/example_python_operator.py took 0.068 seconds
[2024-05-15T10:28:20.191+0000] {processor.py:161} INFO - Started process (PID=1918) to work on /home/airflow/.local/lib/python3.12/site-packages/airflow/example_dags/example_python_operator.py
[2024-05-15T10:28:20.192+0000] {processor.py:830} INFO - Processing file /home/airflow/.local/lib/python3.12/site-packages/airflow/example_dags/example_python_operator.py for tasks to queue
[2024-05-15T10:28:20.194+0000] {logging_mixin.py:188} INFO - [2024-05-15T10:28:20.194+0000] {dagbag.py:540} INFO - Filling up the DagBag from /home/airflow/.local/lib/python3.12/site-packages/airflow/example_dags/example_python_operator.py
[2024-05-15T10:28:20.205+0000] {processor.py:840} INFO - DAG(s) 'example_python_operator' retrieved from /home/airflow/.local/lib/python3.12/site-packages/airflow/example_dags/example_python_operator.py
[2024-05-15T10:28:20.231+0000] {logging_mixin.py:188} INFO - [2024-05-15T10:28:20.231+0000] {dag.py:3096} INFO - Sync 1 DAGs
[2024-05-15T10:28:20.246+0000] {logging_mixin.py:188} INFO - [2024-05-15T10:28:20.246+0000] {dag.py:3954} INFO - Setting next_dagrun for example_python_operator to None, run_after=None
[2024-05-15T10:28:20.267+0000] {processor.py:183} INFO - Processing /home/airflow/.local/lib/python3.12/site-packages/airflow/example_dags/example_python_operator.py took 0.083 seconds
[2024-05-15T10:29:42.206+0000] {processor.py:161} INFO - Started process (PID=1969) to work on /home/airflow/.local/lib/python3.12/site-packages/airflow/example_dags/example_python_operator.py
[2024-05-15T10:29:42.210+0000] {processor.py:830} INFO - Processing file /home/airflow/.local/lib/python3.12/site-packages/airflow/example_dags/example_python_operator.py for tasks to queue
[2024-05-15T10:29:42.214+0000] {logging_mixin.py:188} INFO - [2024-05-15T10:29:42.213+0000] {dagbag.py:540} INFO - Filling up the DagBag from /home/airflow/.local/lib/python3.12/site-packages/airflow/example_dags/example_python_operator.py
[2024-05-15T10:29:42.244+0000] {processor.py:840} INFO - DAG(s) 'example_python_operator' retrieved from /home/airflow/.local/lib/python3.12/site-packages/airflow/example_dags/example_python_operator.py
[2024-05-15T10:29:42.328+0000] {logging_mixin.py:188} INFO - [2024-05-15T10:29:42.327+0000] {dag.py:3096} INFO - Sync 1 DAGs
[2024-05-15T10:29:42.377+0000] {logging_mixin.py:188} INFO - [2024-05-15T10:29:42.376+0000] {dag.py:3954} INFO - Setting next_dagrun for example_python_operator to None, run_after=None
[2024-05-15T10:29:42.461+0000] {processor.py:183} INFO - Processing /home/airflow/.local/lib/python3.12/site-packages/airflow/example_dags/example_python_operator.py took 0.271 seconds
[2024-05-15T10:30:12.767+0000] {processor.py:161} INFO - Started process (PID=2028) to work on /home/airflow/.local/lib/python3.12/site-packages/airflow/example_dags/example_python_operator.py
[2024-05-15T10:30:12.769+0000] {processor.py:830} INFO - Processing file /home/airflow/.local/lib/python3.12/site-packages/airflow/example_dags/example_python_operator.py for tasks to queue
[2024-05-15T10:30:12.770+0000] {logging_mixin.py:188} INFO - [2024-05-15T10:30:12.770+0000] {dagbag.py:540} INFO - Filling up the DagBag from /home/airflow/.local/lib/python3.12/site-packages/airflow/example_dags/example_python_operator.py
[2024-05-15T10:30:12.779+0000] {processor.py:840} INFO - DAG(s) 'example_python_operator' retrieved from /home/airflow/.local/lib/python3.12/site-packages/airflow/example_dags/example_python_operator.py
[2024-05-15T10:30:12.800+0000] {logging_mixin.py:188} INFO - [2024-05-15T10:30:12.799+0000] {dag.py:3096} INFO - Sync 1 DAGs
[2024-05-15T10:30:12.809+0000] {logging_mixin.py:188} INFO - [2024-05-15T10:30:12.809+0000] {dag.py:3954} INFO - Setting next_dagrun for example_python_operator to None, run_after=None
[2024-05-15T10:30:12.823+0000] {processor.py:183} INFO - Processing /home/airflow/.local/lib/python3.12/site-packages/airflow/example_dags/example_python_operator.py took 0.063 seconds
[2024-05-15T10:30:43.852+0000] {processor.py:161} INFO - Started process (PID=2087) to work on /home/airflow/.local/lib/python3.12/site-packages/airflow/example_dags/example_python_operator.py
[2024-05-15T10:30:43.853+0000] {processor.py:830} INFO - Processing file /home/airflow/.local/lib/python3.12/site-packages/airflow/example_dags/example_python_operator.py for tasks to queue
[2024-05-15T10:30:43.855+0000] {logging_mixin.py:188} INFO - [2024-05-15T10:30:43.855+0000] {dagbag.py:540} INFO - Filling up the DagBag from /home/airflow/.local/lib/python3.12/site-packages/airflow/example_dags/example_python_operator.py
[2024-05-15T10:30:43.864+0000] {processor.py:840} INFO - DAG(s) 'example_python_operator' retrieved from /home/airflow/.local/lib/python3.12/site-packages/airflow/example_dags/example_python_operator.py
[2024-05-15T10:30:43.884+0000] {logging_mixin.py:188} INFO - [2024-05-15T10:30:43.884+0000] {dag.py:3096} INFO - Sync 1 DAGs
[2024-05-15T10:30:43.895+0000] {logging_mixin.py:188} INFO - [2024-05-15T10:30:43.895+0000] {dag.py:3954} INFO - Setting next_dagrun for example_python_operator to None, run_after=None
[2024-05-15T10:30:43.912+0000] {processor.py:183} INFO - Processing /home/airflow/.local/lib/python3.12/site-packages/airflow/example_dags/example_python_operator.py took 0.066 seconds
[2024-05-15T10:31:14.316+0000] {processor.py:161} INFO - Started process (PID=2146) to work on /home/airflow/.local/lib/python3.12/site-packages/airflow/example_dags/example_python_operator.py
[2024-05-15T10:31:14.318+0000] {processor.py:830} INFO - Processing file /home/airflow/.local/lib/python3.12/site-packages/airflow/example_dags/example_python_operator.py for tasks to queue
[2024-05-15T10:31:14.319+0000] {logging_mixin.py:188} INFO - [2024-05-15T10:31:14.319+0000] {dagbag.py:540} INFO - Filling up the DagBag from /home/airflow/.local/lib/python3.12/site-packages/airflow/example_dags/example_python_operator.py
[2024-05-15T10:31:14.328+0000] {processor.py:840} INFO - DAG(s) 'example_python_operator' retrieved from /home/airflow/.local/lib/python3.12/site-packages/airflow/example_dags/example_python_operator.py
[2024-05-15T10:31:14.351+0000] {logging_mixin.py:188} INFO - [2024-05-15T10:31:14.351+0000] {dag.py:3096} INFO - Sync 1 DAGs
[2024-05-15T10:31:14.365+0000] {logging_mixin.py:188} INFO - [2024-05-15T10:31:14.365+0000] {dag.py:3954} INFO - Setting next_dagrun for example_python_operator to None, run_after=None
[2024-05-15T10:31:14.383+0000] {processor.py:183} INFO - Processing /home/airflow/.local/lib/python3.12/site-packages/airflow/example_dags/example_python_operator.py took 0.074 seconds
[2024-05-15T10:31:44.795+0000] {processor.py:161} INFO - Started process (PID=2211) to work on /home/airflow/.local/lib/python3.12/site-packages/airflow/example_dags/example_python_operator.py
[2024-05-15T10:31:44.796+0000] {processor.py:830} INFO - Processing file /home/airflow/.local/lib/python3.12/site-packages/airflow/example_dags/example_python_operator.py for tasks to queue
[2024-05-15T10:31:44.797+0000] {logging_mixin.py:188} INFO - [2024-05-15T10:31:44.797+0000] {dagbag.py:540} INFO - Filling up the DagBag from /home/airflow/.local/lib/python3.12/site-packages/airflow/example_dags/example_python_operator.py
[2024-05-15T10:31:44.805+0000] {processor.py:840} INFO - DAG(s) 'example_python_operator' retrieved from /home/airflow/.local/lib/python3.12/site-packages/airflow/example_dags/example_python_operator.py
[2024-05-15T10:31:44.824+0000] {logging_mixin.py:188} INFO - [2024-05-15T10:31:44.823+0000] {dag.py:3096} INFO - Sync 1 DAGs
[2024-05-15T10:31:44.835+0000] {logging_mixin.py:188} INFO - [2024-05-15T10:31:44.835+0000] {dag.py:3954} INFO - Setting next_dagrun for example_python_operator to None, run_after=None
[2024-05-15T10:31:44.851+0000] {processor.py:183} INFO - Processing /home/airflow/.local/lib/python3.12/site-packages/airflow/example_dags/example_python_operator.py took 0.062 seconds
[2024-05-15T10:32:15.166+0000] {processor.py:161} INFO - Started process (PID=2270) to work on /home/airflow/.local/lib/python3.12/site-packages/airflow/example_dags/example_python_operator.py
[2024-05-15T10:32:15.168+0000] {processor.py:830} INFO - Processing file /home/airflow/.local/lib/python3.12/site-packages/airflow/example_dags/example_python_operator.py for tasks to queue
[2024-05-15T10:32:15.169+0000] {logging_mixin.py:188} INFO - [2024-05-15T10:32:15.169+0000] {dagbag.py:540} INFO - Filling up the DagBag from /home/airflow/.local/lib/python3.12/site-packages/airflow/example_dags/example_python_operator.py
[2024-05-15T10:32:15.183+0000] {processor.py:840} INFO - DAG(s) 'example_python_operator' retrieved from /home/airflow/.local/lib/python3.12/site-packages/airflow/example_dags/example_python_operator.py
[2024-05-15T10:32:15.209+0000] {logging_mixin.py:188} INFO - [2024-05-15T10:32:15.208+0000] {dag.py:3096} INFO - Sync 1 DAGs
[2024-05-15T10:32:15.221+0000] {logging_mixin.py:188} INFO - [2024-05-15T10:32:15.221+0000] {dag.py:3954} INFO - Setting next_dagrun for example_python_operator to None, run_after=None
[2024-05-15T10:32:15.241+0000] {processor.py:183} INFO - Processing /home/airflow/.local/lib/python3.12/site-packages/airflow/example_dags/example_python_operator.py took 0.081 seconds
[2024-05-15T10:32:45.672+0000] {processor.py:161} INFO - Started process (PID=2329) to work on /home/airflow/.local/lib/python3.12/site-packages/airflow/example_dags/example_python_operator.py
[2024-05-15T10:32:45.673+0000] {processor.py:830} INFO - Processing file /home/airflow/.local/lib/python3.12/site-packages/airflow/example_dags/example_python_operator.py for tasks to queue
[2024-05-15T10:32:45.675+0000] {logging_mixin.py:188} INFO - [2024-05-15T10:32:45.675+0000] {dagbag.py:540} INFO - Filling up the DagBag from /home/airflow/.local/lib/python3.12/site-packages/airflow/example_dags/example_python_operator.py
[2024-05-15T10:32:45.686+0000] {processor.py:840} INFO - DAG(s) 'example_python_operator' retrieved from /home/airflow/.local/lib/python3.12/site-packages/airflow/example_dags/example_python_operator.py
[2024-05-15T10:32:45.706+0000] {logging_mixin.py:188} INFO - [2024-05-15T10:32:45.706+0000] {dag.py:3096} INFO - Sync 1 DAGs
[2024-05-15T10:32:45.717+0000] {logging_mixin.py:188} INFO - [2024-05-15T10:32:45.717+0000] {dag.py:3954} INFO - Setting next_dagrun for example_python_operator to None, run_after=None
[2024-05-15T10:32:45.735+0000] {processor.py:183} INFO - Processing /home/airflow/.local/lib/python3.12/site-packages/airflow/example_dags/example_python_operator.py took 0.068 seconds
[2024-05-15T10:33:16.309+0000] {processor.py:161} INFO - Started process (PID=2388) to work on /home/airflow/.local/lib/python3.12/site-packages/airflow/example_dags/example_python_operator.py
[2024-05-15T10:33:16.322+0000] {processor.py:830} INFO - Processing file /home/airflow/.local/lib/python3.12/site-packages/airflow/example_dags/example_python_operator.py for tasks to queue
[2024-05-15T10:33:16.327+0000] {logging_mixin.py:188} INFO - [2024-05-15T10:33:16.326+0000] {dagbag.py:540} INFO - Filling up the DagBag from /home/airflow/.local/lib/python3.12/site-packages/airflow/example_dags/example_python_operator.py
[2024-05-15T10:33:16.350+0000] {processor.py:840} INFO - DAG(s) 'example_python_operator' retrieved from /home/airflow/.local/lib/python3.12/site-packages/airflow/example_dags/example_python_operator.py
[2024-05-15T10:33:16.408+0000] {logging_mixin.py:188} INFO - [2024-05-15T10:33:16.407+0000] {dag.py:3096} INFO - Sync 1 DAGs
[2024-05-15T10:33:16.448+0000] {logging_mixin.py:188} INFO - [2024-05-15T10:33:16.448+0000] {dag.py:3954} INFO - Setting next_dagrun for example_python_operator to None, run_after=None
[2024-05-15T10:33:16.501+0000] {processor.py:183} INFO - Processing /home/airflow/.local/lib/python3.12/site-packages/airflow/example_dags/example_python_operator.py took 0.206 seconds
[2024-05-15T10:33:47.476+0000] {processor.py:161} INFO - Started process (PID=2447) to work on /home/airflow/.local/lib/python3.12/site-packages/airflow/example_dags/example_python_operator.py
[2024-05-15T10:33:47.478+0000] {processor.py:830} INFO - Processing file /home/airflow/.local/lib/python3.12/site-packages/airflow/example_dags/example_python_operator.py for tasks to queue
[2024-05-15T10:33:47.479+0000] {logging_mixin.py:188} INFO - [2024-05-15T10:33:47.479+0000] {dagbag.py:540} INFO - Filling up the DagBag from /home/airflow/.local/lib/python3.12/site-packages/airflow/example_dags/example_python_operator.py
[2024-05-15T10:33:47.487+0000] {processor.py:840} INFO - DAG(s) 'example_python_operator' retrieved from /home/airflow/.local/lib/python3.12/site-packages/airflow/example_dags/example_python_operator.py
[2024-05-15T10:33:47.510+0000] {logging_mixin.py:188} INFO - [2024-05-15T10:33:47.510+0000] {dag.py:3096} INFO - Sync 1 DAGs
[2024-05-15T10:33:47.521+0000] {logging_mixin.py:188} INFO - [2024-05-15T10:33:47.521+0000] {dag.py:3954} INFO - Setting next_dagrun for example_python_operator to None, run_after=None
[2024-05-15T10:33:47.539+0000] {processor.py:183} INFO - Processing /home/airflow/.local/lib/python3.12/site-packages/airflow/example_dags/example_python_operator.py took 0.070 seconds
[2024-05-15T10:34:18.344+0000] {processor.py:161} INFO - Started process (PID=2505) to work on /home/airflow/.local/lib/python3.12/site-packages/airflow/example_dags/example_python_operator.py
[2024-05-15T10:34:18.346+0000] {processor.py:830} INFO - Processing file /home/airflow/.local/lib/python3.12/site-packages/airflow/example_dags/example_python_operator.py for tasks to queue
[2024-05-15T10:34:18.350+0000] {logging_mixin.py:188} INFO - [2024-05-15T10:34:18.349+0000] {dagbag.py:540} INFO - Filling up the DagBag from /home/airflow/.local/lib/python3.12/site-packages/airflow/example_dags/example_python_operator.py
[2024-05-15T10:34:18.372+0000] {processor.py:840} INFO - DAG(s) 'example_python_operator' retrieved from /home/airflow/.local/lib/python3.12/site-packages/airflow/example_dags/example_python_operator.py
[2024-05-15T10:34:18.398+0000] {logging_mixin.py:188} INFO - [2024-05-15T10:34:18.398+0000] {dag.py:3096} INFO - Sync 1 DAGs
[2024-05-15T10:34:18.412+0000] {logging_mixin.py:188} INFO - [2024-05-15T10:34:18.412+0000] {dag.py:3954} INFO - Setting next_dagrun for example_python_operator to None, run_after=None
[2024-05-15T10:34:18.437+0000] {processor.py:183} INFO - Processing /home/airflow/.local/lib/python3.12/site-packages/airflow/example_dags/example_python_operator.py took 0.108 seconds
[2024-05-15T10:34:49.107+0000] {processor.py:161} INFO - Started process (PID=2564) to work on /home/airflow/.local/lib/python3.12/site-packages/airflow/example_dags/example_python_operator.py
[2024-05-15T10:34:49.110+0000] {processor.py:830} INFO - Processing file /home/airflow/.local/lib/python3.12/site-packages/airflow/example_dags/example_python_operator.py for tasks to queue
[2024-05-15T10:34:49.111+0000] {logging_mixin.py:188} INFO - [2024-05-15T10:34:49.111+0000] {dagbag.py:540} INFO - Filling up the DagBag from /home/airflow/.local/lib/python3.12/site-packages/airflow/example_dags/example_python_operator.py
[2024-05-15T10:34:49.123+0000] {processor.py:840} INFO - DAG(s) 'example_python_operator' retrieved from /home/airflow/.local/lib/python3.12/site-packages/airflow/example_dags/example_python_operator.py
[2024-05-15T10:34:49.149+0000] {logging_mixin.py:188} INFO - [2024-05-15T10:34:49.149+0000] {dag.py:3096} INFO - Sync 1 DAGs
[2024-05-15T10:34:49.160+0000] {logging_mixin.py:188} INFO - [2024-05-15T10:34:49.160+0000] {dag.py:3954} INFO - Setting next_dagrun for example_python_operator to None, run_after=None
[2024-05-15T10:34:49.178+0000] {processor.py:183} INFO - Processing /home/airflow/.local/lib/python3.12/site-packages/airflow/example_dags/example_python_operator.py took 0.077 seconds
[2024-05-15T10:35:19.815+0000] {processor.py:161} INFO - Started process (PID=2623) to work on /home/airflow/.local/lib/python3.12/site-packages/airflow/example_dags/example_python_operator.py
[2024-05-15T10:35:19.816+0000] {processor.py:830} INFO - Processing file /home/airflow/.local/lib/python3.12/site-packages/airflow/example_dags/example_python_operator.py for tasks to queue
[2024-05-15T10:35:19.818+0000] {logging_mixin.py:188} INFO - [2024-05-15T10:35:19.817+0000] {dagbag.py:540} INFO - Filling up the DagBag from /home/airflow/.local/lib/python3.12/site-packages/airflow/example_dags/example_python_operator.py
[2024-05-15T10:35:19.827+0000] {processor.py:840} INFO - DAG(s) 'example_python_operator' retrieved from /home/airflow/.local/lib/python3.12/site-packages/airflow/example_dags/example_python_operator.py
[2024-05-15T10:35:19.851+0000] {logging_mixin.py:188} INFO - [2024-05-15T10:35:19.851+0000] {dag.py:3096} INFO - Sync 1 DAGs
[2024-05-15T10:35:19.865+0000] {logging_mixin.py:188} INFO - [2024-05-15T10:35:19.864+0000] {dag.py:3954} INFO - Setting next_dagrun for example_python_operator to None, run_after=None
[2024-05-15T10:35:19.892+0000] {processor.py:183} INFO - Processing /home/airflow/.local/lib/python3.12/site-packages/airflow/example_dags/example_python_operator.py took 0.083 seconds
[2024-05-15T10:35:50.708+0000] {processor.py:161} INFO - Started process (PID=2682) to work on /home/airflow/.local/lib/python3.12/site-packages/airflow/example_dags/example_python_operator.py
[2024-05-15T10:35:50.709+0000] {processor.py:830} INFO - Processing file /home/airflow/.local/lib/python3.12/site-packages/airflow/example_dags/example_python_operator.py for tasks to queue
[2024-05-15T10:35:50.712+0000] {logging_mixin.py:188} INFO - [2024-05-15T10:35:50.712+0000] {dagbag.py:540} INFO - Filling up the DagBag from /home/airflow/.local/lib/python3.12/site-packages/airflow/example_dags/example_python_operator.py
[2024-05-15T10:35:50.725+0000] {processor.py:840} INFO - DAG(s) 'example_python_operator' retrieved from /home/airflow/.local/lib/python3.12/site-packages/airflow/example_dags/example_python_operator.py
[2024-05-15T10:35:50.754+0000] {logging_mixin.py:188} INFO - [2024-05-15T10:35:50.754+0000] {dag.py:3096} INFO - Sync 1 DAGs
[2024-05-15T10:35:50.791+0000] {logging_mixin.py:188} INFO - [2024-05-15T10:35:50.791+0000] {dag.py:3954} INFO - Setting next_dagrun for example_python_operator to None, run_after=None
[2024-05-15T10:35:50.834+0000] {processor.py:183} INFO - Processing /home/airflow/.local/lib/python3.12/site-packages/airflow/example_dags/example_python_operator.py took 0.134 seconds
[2024-05-15T10:36:21.465+0000] {processor.py:161} INFO - Started process (PID=2741) to work on /home/airflow/.local/lib/python3.12/site-packages/airflow/example_dags/example_python_operator.py
[2024-05-15T10:36:21.466+0000] {processor.py:830} INFO - Processing file /home/airflow/.local/lib/python3.12/site-packages/airflow/example_dags/example_python_operator.py for tasks to queue
[2024-05-15T10:36:21.468+0000] {logging_mixin.py:188} INFO - [2024-05-15T10:36:21.468+0000] {dagbag.py:540} INFO - Filling up the DagBag from /home/airflow/.local/lib/python3.12/site-packages/airflow/example_dags/example_python_operator.py
[2024-05-15T10:36:21.479+0000] {processor.py:840} INFO - DAG(s) 'example_python_operator' retrieved from /home/airflow/.local/lib/python3.12/site-packages/airflow/example_dags/example_python_operator.py
[2024-05-15T10:36:21.502+0000] {logging_mixin.py:188} INFO - [2024-05-15T10:36:21.502+0000] {dag.py:3096} INFO - Sync 1 DAGs
[2024-05-15T10:36:21.517+0000] {logging_mixin.py:188} INFO - [2024-05-15T10:36:21.516+0000] {dag.py:3954} INFO - Setting next_dagrun for example_python_operator to None, run_after=None
[2024-05-15T10:36:21.543+0000] {processor.py:183} INFO - Processing /home/airflow/.local/lib/python3.12/site-packages/airflow/example_dags/example_python_operator.py took 0.085 seconds
[2024-05-15T10:36:52.024+0000] {processor.py:161} INFO - Started process (PID=2800) to work on /home/airflow/.local/lib/python3.12/site-packages/airflow/example_dags/example_python_operator.py
[2024-05-15T10:36:52.025+0000] {processor.py:830} INFO - Processing file /home/airflow/.local/lib/python3.12/site-packages/airflow/example_dags/example_python_operator.py for tasks to queue
[2024-05-15T10:36:52.026+0000] {logging_mixin.py:188} INFO - [2024-05-15T10:36:52.026+0000] {dagbag.py:540} INFO - Filling up the DagBag from /home/airflow/.local/lib/python3.12/site-packages/airflow/example_dags/example_python_operator.py
[2024-05-15T10:36:52.034+0000] {processor.py:840} INFO - DAG(s) 'example_python_operator' retrieved from /home/airflow/.local/lib/python3.12/site-packages/airflow/example_dags/example_python_operator.py
[2024-05-15T10:36:52.062+0000] {logging_mixin.py:188} INFO - [2024-05-15T10:36:52.061+0000] {dag.py:3096} INFO - Sync 1 DAGs
[2024-05-15T10:36:52.077+0000] {logging_mixin.py:188} INFO - [2024-05-15T10:36:52.077+0000] {dag.py:3954} INFO - Setting next_dagrun for example_python_operator to None, run_after=None
[2024-05-15T10:36:52.097+0000] {processor.py:183} INFO - Processing /home/airflow/.local/lib/python3.12/site-packages/airflow/example_dags/example_python_operator.py took 0.082 seconds
[2024-05-15T10:37:22.682+0000] {processor.py:161} INFO - Started process (PID=2859) to work on /home/airflow/.local/lib/python3.12/site-packages/airflow/example_dags/example_python_operator.py
[2024-05-15T10:37:22.683+0000] {processor.py:830} INFO - Processing file /home/airflow/.local/lib/python3.12/site-packages/airflow/example_dags/example_python_operator.py for tasks to queue
[2024-05-15T10:37:22.684+0000] {logging_mixin.py:188} INFO - [2024-05-15T10:37:22.684+0000] {dagbag.py:540} INFO - Filling up the DagBag from /home/airflow/.local/lib/python3.12/site-packages/airflow/example_dags/example_python_operator.py
[2024-05-15T10:37:22.693+0000] {processor.py:840} INFO - DAG(s) 'example_python_operator' retrieved from /home/airflow/.local/lib/python3.12/site-packages/airflow/example_dags/example_python_operator.py
[2024-05-15T10:37:22.712+0000] {logging_mixin.py:188} INFO - [2024-05-15T10:37:22.712+0000] {dag.py:3096} INFO - Sync 1 DAGs
[2024-05-15T10:37:22.726+0000] {logging_mixin.py:188} INFO - [2024-05-15T10:37:22.725+0000] {dag.py:3954} INFO - Setting next_dagrun for example_python_operator to None, run_after=None
[2024-05-15T10:37:22.748+0000] {processor.py:183} INFO - Processing /home/airflow/.local/lib/python3.12/site-packages/airflow/example_dags/example_python_operator.py took 0.072 seconds
[2024-05-15T10:37:53.327+0000] {processor.py:161} INFO - Started process (PID=2918) to work on /home/airflow/.local/lib/python3.12/site-packages/airflow/example_dags/example_python_operator.py
[2024-05-15T10:37:53.328+0000] {processor.py:830} INFO - Processing file /home/airflow/.local/lib/python3.12/site-packages/airflow/example_dags/example_python_operator.py for tasks to queue
[2024-05-15T10:37:53.331+0000] {logging_mixin.py:188} INFO - [2024-05-15T10:37:53.330+0000] {dagbag.py:540} INFO - Filling up the DagBag from /home/airflow/.local/lib/python3.12/site-packages/airflow/example_dags/example_python_operator.py
[2024-05-15T10:37:53.342+0000] {processor.py:840} INFO - DAG(s) 'example_python_operator' retrieved from /home/airflow/.local/lib/python3.12/site-packages/airflow/example_dags/example_python_operator.py
[2024-05-15T10:37:53.371+0000] {logging_mixin.py:188} INFO - [2024-05-15T10:37:53.370+0000] {dag.py:3096} INFO - Sync 1 DAGs
[2024-05-15T10:37:53.384+0000] {logging_mixin.py:188} INFO - [2024-05-15T10:37:53.384+0000] {dag.py:3954} INFO - Setting next_dagrun for example_python_operator to None, run_after=None
[2024-05-15T10:37:53.405+0000] {processor.py:183} INFO - Processing /home/airflow/.local/lib/python3.12/site-packages/airflow/example_dags/example_python_operator.py took 0.083 seconds
[2024-05-15T10:38:23.883+0000] {processor.py:161} INFO - Started process (PID=2977) to work on /home/airflow/.local/lib/python3.12/site-packages/airflow/example_dags/example_python_operator.py
[2024-05-15T10:38:23.886+0000] {processor.py:830} INFO - Processing file /home/airflow/.local/lib/python3.12/site-packages/airflow/example_dags/example_python_operator.py for tasks to queue
[2024-05-15T10:38:23.887+0000] {logging_mixin.py:188} INFO - [2024-05-15T10:38:23.887+0000] {dagbag.py:540} INFO - Filling up the DagBag from /home/airflow/.local/lib/python3.12/site-packages/airflow/example_dags/example_python_operator.py
[2024-05-15T10:38:23.897+0000] {processor.py:840} INFO - DAG(s) 'example_python_operator' retrieved from /home/airflow/.local/lib/python3.12/site-packages/airflow/example_dags/example_python_operator.py
[2024-05-15T10:38:23.916+0000] {logging_mixin.py:188} INFO - [2024-05-15T10:38:23.916+0000] {dag.py:3096} INFO - Sync 1 DAGs
[2024-05-15T10:38:23.927+0000] {logging_mixin.py:188} INFO - [2024-05-15T10:38:23.927+0000] {dag.py:3954} INFO - Setting next_dagrun for example_python_operator to None, run_after=None
[2024-05-15T10:38:23.945+0000] {processor.py:183} INFO - Processing /home/airflow/.local/lib/python3.12/site-packages/airflow/example_dags/example_python_operator.py took 0.067 seconds
[2024-05-15T10:38:54.321+0000] {processor.py:161} INFO - Started process (PID=3036) to work on /home/airflow/.local/lib/python3.12/site-packages/airflow/example_dags/example_python_operator.py
[2024-05-15T10:38:54.322+0000] {processor.py:830} INFO - Processing file /home/airflow/.local/lib/python3.12/site-packages/airflow/example_dags/example_python_operator.py for tasks to queue
[2024-05-15T10:38:54.324+0000] {logging_mixin.py:188} INFO - [2024-05-15T10:38:54.324+0000] {dagbag.py:540} INFO - Filling up the DagBag from /home/airflow/.local/lib/python3.12/site-packages/airflow/example_dags/example_python_operator.py
[2024-05-15T10:38:54.335+0000] {processor.py:840} INFO - DAG(s) 'example_python_operator' retrieved from /home/airflow/.local/lib/python3.12/site-packages/airflow/example_dags/example_python_operator.py
[2024-05-15T10:38:54.357+0000] {logging_mixin.py:188} INFO - [2024-05-15T10:38:54.357+0000] {dag.py:3096} INFO - Sync 1 DAGs
[2024-05-15T10:38:54.371+0000] {logging_mixin.py:188} INFO - [2024-05-15T10:38:54.371+0000] {dag.py:3954} INFO - Setting next_dagrun for example_python_operator to None, run_after=None
[2024-05-15T10:38:54.392+0000] {processor.py:183} INFO - Processing /home/airflow/.local/lib/python3.12/site-packages/airflow/example_dags/example_python_operator.py took 0.076 seconds
[2024-05-15T10:39:24.762+0000] {processor.py:161} INFO - Started process (PID=3095) to work on /home/airflow/.local/lib/python3.12/site-packages/airflow/example_dags/example_python_operator.py
[2024-05-15T10:39:24.763+0000] {processor.py:830} INFO - Processing file /home/airflow/.local/lib/python3.12/site-packages/airflow/example_dags/example_python_operator.py for tasks to queue
[2024-05-15T10:39:24.764+0000] {logging_mixin.py:188} INFO - [2024-05-15T10:39:24.764+0000] {dagbag.py:540} INFO - Filling up the DagBag from /home/airflow/.local/lib/python3.12/site-packages/airflow/example_dags/example_python_operator.py
[2024-05-15T10:39:24.772+0000] {processor.py:840} INFO - DAG(s) 'example_python_operator' retrieved from /home/airflow/.local/lib/python3.12/site-packages/airflow/example_dags/example_python_operator.py
[2024-05-15T10:39:24.794+0000] {logging_mixin.py:188} INFO - [2024-05-15T10:39:24.794+0000] {dag.py:3096} INFO - Sync 1 DAGs
[2024-05-15T10:39:24.809+0000] {logging_mixin.py:188} INFO - [2024-05-15T10:39:24.809+0000] {dag.py:3954} INFO - Setting next_dagrun for example_python_operator to None, run_after=None
[2024-05-15T10:39:24.832+0000] {processor.py:183} INFO - Processing /home/airflow/.local/lib/python3.12/site-packages/airflow/example_dags/example_python_operator.py took 0.076 seconds
[2024-05-15T10:39:55.127+0000] {processor.py:161} INFO - Started process (PID=3154) to work on /home/airflow/.local/lib/python3.12/site-packages/airflow/example_dags/example_python_operator.py
[2024-05-15T10:39:55.128+0000] {processor.py:830} INFO - Processing file /home/airflow/.local/lib/python3.12/site-packages/airflow/example_dags/example_python_operator.py for tasks to queue
[2024-05-15T10:39:55.130+0000] {logging_mixin.py:188} INFO - [2024-05-15T10:39:55.130+0000] {dagbag.py:540} INFO - Filling up the DagBag from /home/airflow/.local/lib/python3.12/site-packages/airflow/example_dags/example_python_operator.py
[2024-05-15T10:39:55.139+0000] {processor.py:840} INFO - DAG(s) 'example_python_operator' retrieved from /home/airflow/.local/lib/python3.12/site-packages/airflow/example_dags/example_python_operator.py
[2024-05-15T10:39:55.160+0000] {logging_mixin.py:188} INFO - [2024-05-15T10:39:55.160+0000] {dag.py:3096} INFO - Sync 1 DAGs
[2024-05-15T10:39:55.173+0000] {logging_mixin.py:188} INFO - [2024-05-15T10:39:55.173+0000] {dag.py:3954} INFO - Setting next_dagrun for example_python_operator to None, run_after=None
[2024-05-15T10:39:55.199+0000] {processor.py:183} INFO - Processing /home/airflow/.local/lib/python3.12/site-packages/airflow/example_dags/example_python_operator.py took 0.080 seconds
[2024-05-15T10:40:25.420+0000] {processor.py:161} INFO - Started process (PID=3213) to work on /home/airflow/.local/lib/python3.12/site-packages/airflow/example_dags/example_python_operator.py
[2024-05-15T10:40:25.424+0000] {processor.py:830} INFO - Processing file /home/airflow/.local/lib/python3.12/site-packages/airflow/example_dags/example_python_operator.py for tasks to queue
[2024-05-15T10:40:25.427+0000] {logging_mixin.py:188} INFO - [2024-05-15T10:40:25.427+0000] {dagbag.py:540} INFO - Filling up the DagBag from /home/airflow/.local/lib/python3.12/site-packages/airflow/example_dags/example_python_operator.py
[2024-05-15T10:40:25.441+0000] {processor.py:840} INFO - DAG(s) 'example_python_operator' retrieved from /home/airflow/.local/lib/python3.12/site-packages/airflow/example_dags/example_python_operator.py
[2024-05-15T10:40:25.473+0000] {logging_mixin.py:188} INFO - [2024-05-15T10:40:25.472+0000] {dag.py:3096} INFO - Sync 1 DAGs
[2024-05-15T10:40:25.488+0000] {logging_mixin.py:188} INFO - [2024-05-15T10:40:25.488+0000] {dag.py:3954} INFO - Setting next_dagrun for example_python_operator to None, run_after=None
[2024-05-15T10:40:25.505+0000] {processor.py:183} INFO - Processing /home/airflow/.local/lib/python3.12/site-packages/airflow/example_dags/example_python_operator.py took 0.099 seconds
[2024-05-15T10:40:55.804+0000] {processor.py:161} INFO - Started process (PID=3272) to work on /home/airflow/.local/lib/python3.12/site-packages/airflow/example_dags/example_python_operator.py
[2024-05-15T10:40:55.805+0000] {processor.py:830} INFO - Processing file /home/airflow/.local/lib/python3.12/site-packages/airflow/example_dags/example_python_operator.py for tasks to queue
[2024-05-15T10:40:55.807+0000] {logging_mixin.py:188} INFO - [2024-05-15T10:40:55.806+0000] {dagbag.py:540} INFO - Filling up the DagBag from /home/airflow/.local/lib/python3.12/site-packages/airflow/example_dags/example_python_operator.py
[2024-05-15T10:40:55.816+0000] {processor.py:840} INFO - DAG(s) 'example_python_operator' retrieved from /home/airflow/.local/lib/python3.12/site-packages/airflow/example_dags/example_python_operator.py
[2024-05-15T10:40:55.842+0000] {logging_mixin.py:188} INFO - [2024-05-15T10:40:55.842+0000] {dag.py:3096} INFO - Sync 1 DAGs
[2024-05-15T10:40:55.854+0000] {logging_mixin.py:188} INFO - [2024-05-15T10:40:55.854+0000] {dag.py:3954} INFO - Setting next_dagrun for example_python_operator to None, run_after=None
[2024-05-15T10:40:55.876+0000] {processor.py:183} INFO - Processing /home/airflow/.local/lib/python3.12/site-packages/airflow/example_dags/example_python_operator.py took 0.079 seconds
[2024-05-15T10:41:26.376+0000] {processor.py:161} INFO - Started process (PID=3331) to work on /home/airflow/.local/lib/python3.12/site-packages/airflow/example_dags/example_python_operator.py
[2024-05-15T10:41:26.377+0000] {processor.py:830} INFO - Processing file /home/airflow/.local/lib/python3.12/site-packages/airflow/example_dags/example_python_operator.py for tasks to queue
[2024-05-15T10:41:26.378+0000] {logging_mixin.py:188} INFO - [2024-05-15T10:41:26.378+0000] {dagbag.py:540} INFO - Filling up the DagBag from /home/airflow/.local/lib/python3.12/site-packages/airflow/example_dags/example_python_operator.py
[2024-05-15T10:41:26.387+0000] {processor.py:840} INFO - DAG(s) 'example_python_operator' retrieved from /home/airflow/.local/lib/python3.12/site-packages/airflow/example_dags/example_python_operator.py
[2024-05-15T10:41:26.411+0000] {logging_mixin.py:188} INFO - [2024-05-15T10:41:26.411+0000] {dag.py:3096} INFO - Sync 1 DAGs
[2024-05-15T10:41:26.425+0000] {logging_mixin.py:188} INFO - [2024-05-15T10:41:26.425+0000] {dag.py:3954} INFO - Setting next_dagrun for example_python_operator to None, run_after=None
[2024-05-15T10:41:26.443+0000] {processor.py:183} INFO - Processing /home/airflow/.local/lib/python3.12/site-packages/airflow/example_dags/example_python_operator.py took 0.074 seconds
[2024-05-15T10:41:56.840+0000] {processor.py:161} INFO - Started process (PID=3390) to work on /home/airflow/.local/lib/python3.12/site-packages/airflow/example_dags/example_python_operator.py
[2024-05-15T10:41:56.845+0000] {processor.py:830} INFO - Processing file /home/airflow/.local/lib/python3.12/site-packages/airflow/example_dags/example_python_operator.py for tasks to queue
[2024-05-15T10:41:56.848+0000] {logging_mixin.py:188} INFO - [2024-05-15T10:41:56.847+0000] {dagbag.py:540} INFO - Filling up the DagBag from /home/airflow/.local/lib/python3.12/site-packages/airflow/example_dags/example_python_operator.py
[2024-05-15T10:41:56.861+0000] {processor.py:840} INFO - DAG(s) 'example_python_operator' retrieved from /home/airflow/.local/lib/python3.12/site-packages/airflow/example_dags/example_python_operator.py
[2024-05-15T10:41:56.883+0000] {logging_mixin.py:188} INFO - [2024-05-15T10:41:56.883+0000] {dag.py:3096} INFO - Sync 1 DAGs
[2024-05-15T10:41:56.898+0000] {logging_mixin.py:188} INFO - [2024-05-15T10:41:56.898+0000] {dag.py:3954} INFO - Setting next_dagrun for example_python_operator to None, run_after=None
[2024-05-15T10:41:56.922+0000] {processor.py:183} INFO - Processing /home/airflow/.local/lib/python3.12/site-packages/airflow/example_dags/example_python_operator.py took 0.091 seconds
[2024-05-15T10:42:27.304+0000] {processor.py:161} INFO - Started process (PID=3449) to work on /home/airflow/.local/lib/python3.12/site-packages/airflow/example_dags/example_python_operator.py
[2024-05-15T10:42:27.305+0000] {processor.py:830} INFO - Processing file /home/airflow/.local/lib/python3.12/site-packages/airflow/example_dags/example_python_operator.py for tasks to queue
[2024-05-15T10:42:27.307+0000] {logging_mixin.py:188} INFO - [2024-05-15T10:42:27.307+0000] {dagbag.py:540} INFO - Filling up the DagBag from /home/airflow/.local/lib/python3.12/site-packages/airflow/example_dags/example_python_operator.py
[2024-05-15T10:42:27.317+0000] {processor.py:840} INFO - DAG(s) 'example_python_operator' retrieved from /home/airflow/.local/lib/python3.12/site-packages/airflow/example_dags/example_python_operator.py
[2024-05-15T10:42:27.342+0000] {logging_mixin.py:188} INFO - [2024-05-15T10:42:27.342+0000] {dag.py:3096} INFO - Sync 1 DAGs
[2024-05-15T10:42:27.362+0000] {logging_mixin.py:188} INFO - [2024-05-15T10:42:27.362+0000] {dag.py:3954} INFO - Setting next_dagrun for example_python_operator to None, run_after=None
[2024-05-15T10:42:27.388+0000] {processor.py:183} INFO - Processing /home/airflow/.local/lib/python3.12/site-packages/airflow/example_dags/example_python_operator.py took 0.089 seconds
[2024-05-15T10:42:57.751+0000] {processor.py:161} INFO - Started process (PID=3509) to work on /home/airflow/.local/lib/python3.12/site-packages/airflow/example_dags/example_python_operator.py
[2024-05-15T10:42:57.752+0000] {processor.py:830} INFO - Processing file /home/airflow/.local/lib/python3.12/site-packages/airflow/example_dags/example_python_operator.py for tasks to queue
[2024-05-15T10:42:57.754+0000] {logging_mixin.py:188} INFO - [2024-05-15T10:42:57.754+0000] {dagbag.py:540} INFO - Filling up the DagBag from /home/airflow/.local/lib/python3.12/site-packages/airflow/example_dags/example_python_operator.py
[2024-05-15T10:42:57.766+0000] {processor.py:840} INFO - DAG(s) 'example_python_operator' retrieved from /home/airflow/.local/lib/python3.12/site-packages/airflow/example_dags/example_python_operator.py
[2024-05-15T10:42:57.792+0000] {logging_mixin.py:188} INFO - [2024-05-15T10:42:57.791+0000] {dag.py:3096} INFO - Sync 1 DAGs
[2024-05-15T10:42:57.803+0000] {logging_mixin.py:188} INFO - [2024-05-15T10:42:57.803+0000] {dag.py:3954} INFO - Setting next_dagrun for example_python_operator to None, run_after=None
[2024-05-15T10:42:57.836+0000] {processor.py:183} INFO - Processing /home/airflow/.local/lib/python3.12/site-packages/airflow/example_dags/example_python_operator.py took 0.090 seconds
[2024-05-15T10:43:28.200+0000] {processor.py:161} INFO - Started process (PID=3568) to work on /home/airflow/.local/lib/python3.12/site-packages/airflow/example_dags/example_python_operator.py
[2024-05-15T10:43:28.202+0000] {processor.py:830} INFO - Processing file /home/airflow/.local/lib/python3.12/site-packages/airflow/example_dags/example_python_operator.py for tasks to queue
[2024-05-15T10:43:28.204+0000] {logging_mixin.py:188} INFO - [2024-05-15T10:43:28.203+0000] {dagbag.py:540} INFO - Filling up the DagBag from /home/airflow/.local/lib/python3.12/site-packages/airflow/example_dags/example_python_operator.py
[2024-05-15T10:43:28.215+0000] {processor.py:840} INFO - DAG(s) 'example_python_operator' retrieved from /home/airflow/.local/lib/python3.12/site-packages/airflow/example_dags/example_python_operator.py
[2024-05-15T10:43:28.243+0000] {logging_mixin.py:188} INFO - [2024-05-15T10:43:28.242+0000] {dag.py:3096} INFO - Sync 1 DAGs
[2024-05-15T10:43:28.256+0000] {logging_mixin.py:188} INFO - [2024-05-15T10:43:28.256+0000] {dag.py:3954} INFO - Setting next_dagrun for example_python_operator to None, run_after=None
[2024-05-15T10:43:28.280+0000] {processor.py:183} INFO - Processing /home/airflow/.local/lib/python3.12/site-packages/airflow/example_dags/example_python_operator.py took 0.085 seconds
[2024-05-15T10:43:58.756+0000] {processor.py:161} INFO - Started process (PID=3627) to work on /home/airflow/.local/lib/python3.12/site-packages/airflow/example_dags/example_python_operator.py
[2024-05-15T10:43:58.757+0000] {processor.py:830} INFO - Processing file /home/airflow/.local/lib/python3.12/site-packages/airflow/example_dags/example_python_operator.py for tasks to queue
[2024-05-15T10:43:58.759+0000] {logging_mixin.py:188} INFO - [2024-05-15T10:43:58.759+0000] {dagbag.py:540} INFO - Filling up the DagBag from /home/airflow/.local/lib/python3.12/site-packages/airflow/example_dags/example_python_operator.py
[2024-05-15T10:43:58.774+0000] {processor.py:840} INFO - DAG(s) 'example_python_operator' retrieved from /home/airflow/.local/lib/python3.12/site-packages/airflow/example_dags/example_python_operator.py
[2024-05-15T10:43:58.803+0000] {logging_mixin.py:188} INFO - [2024-05-15T10:43:58.803+0000] {dag.py:3096} INFO - Sync 1 DAGs
[2024-05-15T10:43:58.815+0000] {logging_mixin.py:188} INFO - [2024-05-15T10:43:58.815+0000] {dag.py:3954} INFO - Setting next_dagrun for example_python_operator to None, run_after=None
[2024-05-15T10:43:58.840+0000] {processor.py:183} INFO - Processing /home/airflow/.local/lib/python3.12/site-packages/airflow/example_dags/example_python_operator.py took 0.098 seconds
[2024-05-15T10:44:29.379+0000] {processor.py:161} INFO - Started process (PID=3686) to work on /home/airflow/.local/lib/python3.12/site-packages/airflow/example_dags/example_python_operator.py
[2024-05-15T10:44:29.380+0000] {processor.py:830} INFO - Processing file /home/airflow/.local/lib/python3.12/site-packages/airflow/example_dags/example_python_operator.py for tasks to queue
[2024-05-15T10:44:29.382+0000] {logging_mixin.py:188} INFO - [2024-05-15T10:44:29.382+0000] {dagbag.py:540} INFO - Filling up the DagBag from /home/airflow/.local/lib/python3.12/site-packages/airflow/example_dags/example_python_operator.py
[2024-05-15T10:44:29.390+0000] {processor.py:840} INFO - DAG(s) 'example_python_operator' retrieved from /home/airflow/.local/lib/python3.12/site-packages/airflow/example_dags/example_python_operator.py
[2024-05-15T10:44:29.412+0000] {logging_mixin.py:188} INFO - [2024-05-15T10:44:29.411+0000] {dag.py:3096} INFO - Sync 1 DAGs
[2024-05-15T10:44:29.425+0000] {logging_mixin.py:188} INFO - [2024-05-15T10:44:29.425+0000] {dag.py:3954} INFO - Setting next_dagrun for example_python_operator to None, run_after=None
[2024-05-15T10:44:29.446+0000] {processor.py:183} INFO - Processing /home/airflow/.local/lib/python3.12/site-packages/airflow/example_dags/example_python_operator.py took 0.073 seconds
[2024-05-15T10:44:59.918+0000] {processor.py:161} INFO - Started process (PID=3745) to work on /home/airflow/.local/lib/python3.12/site-packages/airflow/example_dags/example_python_operator.py
[2024-05-15T10:44:59.919+0000] {processor.py:830} INFO - Processing file /home/airflow/.local/lib/python3.12/site-packages/airflow/example_dags/example_python_operator.py for tasks to queue
[2024-05-15T10:44:59.920+0000] {logging_mixin.py:188} INFO - [2024-05-15T10:44:59.920+0000] {dagbag.py:540} INFO - Filling up the DagBag from /home/airflow/.local/lib/python3.12/site-packages/airflow/example_dags/example_python_operator.py
[2024-05-15T10:44:59.928+0000] {processor.py:840} INFO - DAG(s) 'example_python_operator' retrieved from /home/airflow/.local/lib/python3.12/site-packages/airflow/example_dags/example_python_operator.py
[2024-05-15T10:44:59.985+0000] {logging_mixin.py:188} INFO - [2024-05-15T10:44:59.985+0000] {dag.py:3096} INFO - Sync 1 DAGs
[2024-05-15T10:45:00.008+0000] {logging_mixin.py:188} INFO - [2024-05-15T10:45:00.008+0000] {dag.py:3954} INFO - Setting next_dagrun for example_python_operator to None, run_after=None
[2024-05-15T10:45:00.061+0000] {processor.py:183} INFO - Processing /home/airflow/.local/lib/python3.12/site-packages/airflow/example_dags/example_python_operator.py took 0.149 seconds
[2024-05-15T10:45:30.442+0000] {processor.py:161} INFO - Started process (PID=3804) to work on /home/airflow/.local/lib/python3.12/site-packages/airflow/example_dags/example_python_operator.py
[2024-05-15T10:45:30.443+0000] {processor.py:830} INFO - Processing file /home/airflow/.local/lib/python3.12/site-packages/airflow/example_dags/example_python_operator.py for tasks to queue
[2024-05-15T10:45:30.445+0000] {logging_mixin.py:188} INFO - [2024-05-15T10:45:30.445+0000] {dagbag.py:540} INFO - Filling up the DagBag from /home/airflow/.local/lib/python3.12/site-packages/airflow/example_dags/example_python_operator.py
[2024-05-15T10:45:30.456+0000] {processor.py:840} INFO - DAG(s) 'example_python_operator' retrieved from /home/airflow/.local/lib/python3.12/site-packages/airflow/example_dags/example_python_operator.py
[2024-05-15T10:45:30.477+0000] {logging_mixin.py:188} INFO - [2024-05-15T10:45:30.476+0000] {dag.py:3096} INFO - Sync 1 DAGs
[2024-05-15T10:45:30.487+0000] {logging_mixin.py:188} INFO - [2024-05-15T10:45:30.487+0000] {dag.py:3954} INFO - Setting next_dagrun for example_python_operator to None, run_after=None
[2024-05-15T10:45:30.513+0000] {processor.py:183} INFO - Processing /home/airflow/.local/lib/python3.12/site-packages/airflow/example_dags/example_python_operator.py took 0.077 seconds
[2024-05-15T10:46:00.946+0000] {processor.py:161} INFO - Started process (PID=3863) to work on /home/airflow/.local/lib/python3.12/site-packages/airflow/example_dags/example_python_operator.py
[2024-05-15T10:46:00.949+0000] {processor.py:830} INFO - Processing file /home/airflow/.local/lib/python3.12/site-packages/airflow/example_dags/example_python_operator.py for tasks to queue
[2024-05-15T10:46:00.950+0000] {logging_mixin.py:188} INFO - [2024-05-15T10:46:00.950+0000] {dagbag.py:540} INFO - Filling up the DagBag from /home/airflow/.local/lib/python3.12/site-packages/airflow/example_dags/example_python_operator.py
[2024-05-15T10:46:00.961+0000] {processor.py:840} INFO - DAG(s) 'example_python_operator' retrieved from /home/airflow/.local/lib/python3.12/site-packages/airflow/example_dags/example_python_operator.py
[2024-05-15T10:46:00.993+0000] {logging_mixin.py:188} INFO - [2024-05-15T10:46:00.993+0000] {dag.py:3096} INFO - Sync 1 DAGs
[2024-05-15T10:46:01.012+0000] {logging_mixin.py:188} INFO - [2024-05-15T10:46:01.012+0000] {dag.py:3954} INFO - Setting next_dagrun for example_python_operator to None, run_after=None
[2024-05-15T10:46:01.041+0000] {processor.py:183} INFO - Processing /home/airflow/.local/lib/python3.12/site-packages/airflow/example_dags/example_python_operator.py took 0.101 seconds
[2024-05-15T10:46:31.444+0000] {processor.py:161} INFO - Started process (PID=3922) to work on /home/airflow/.local/lib/python3.12/site-packages/airflow/example_dags/example_python_operator.py
[2024-05-15T10:46:31.446+0000] {processor.py:830} INFO - Processing file /home/airflow/.local/lib/python3.12/site-packages/airflow/example_dags/example_python_operator.py for tasks to queue
[2024-05-15T10:46:31.448+0000] {logging_mixin.py:188} INFO - [2024-05-15T10:46:31.447+0000] {dagbag.py:540} INFO - Filling up the DagBag from /home/airflow/.local/lib/python3.12/site-packages/airflow/example_dags/example_python_operator.py
[2024-05-15T10:46:31.458+0000] {processor.py:840} INFO - DAG(s) 'example_python_operator' retrieved from /home/airflow/.local/lib/python3.12/site-packages/airflow/example_dags/example_python_operator.py
[2024-05-15T10:46:31.478+0000] {logging_mixin.py:188} INFO - [2024-05-15T10:46:31.478+0000] {dag.py:3096} INFO - Sync 1 DAGs
[2024-05-15T10:46:31.489+0000] {logging_mixin.py:188} INFO - [2024-05-15T10:46:31.489+0000] {dag.py:3954} INFO - Setting next_dagrun for example_python_operator to None, run_after=None
[2024-05-15T10:46:31.511+0000] {processor.py:183} INFO - Processing /home/airflow/.local/lib/python3.12/site-packages/airflow/example_dags/example_python_operator.py took 0.072 seconds
[2024-05-15T10:47:01.736+0000] {processor.py:161} INFO - Started process (PID=3981) to work on /home/airflow/.local/lib/python3.12/site-packages/airflow/example_dags/example_python_operator.py
[2024-05-15T10:47:01.737+0000] {processor.py:830} INFO - Processing file /home/airflow/.local/lib/python3.12/site-packages/airflow/example_dags/example_python_operator.py for tasks to queue
[2024-05-15T10:47:01.739+0000] {logging_mixin.py:188} INFO - [2024-05-15T10:47:01.739+0000] {dagbag.py:540} INFO - Filling up the DagBag from /home/airflow/.local/lib/python3.12/site-packages/airflow/example_dags/example_python_operator.py
[2024-05-15T10:47:01.752+0000] {processor.py:840} INFO - DAG(s) 'example_python_operator' retrieved from /home/airflow/.local/lib/python3.12/site-packages/airflow/example_dags/example_python_operator.py
[2024-05-15T10:47:01.777+0000] {logging_mixin.py:188} INFO - [2024-05-15T10:47:01.776+0000] {dag.py:3096} INFO - Sync 1 DAGs
[2024-05-15T10:47:01.787+0000] {logging_mixin.py:188} INFO - [2024-05-15T10:47:01.787+0000] {dag.py:3954} INFO - Setting next_dagrun for example_python_operator to None, run_after=None
[2024-05-15T10:47:01.806+0000] {processor.py:183} INFO - Processing /home/airflow/.local/lib/python3.12/site-packages/airflow/example_dags/example_python_operator.py took 0.076 seconds
[2024-05-15T10:47:32.056+0000] {processor.py:161} INFO - Started process (PID=4040) to work on /home/airflow/.local/lib/python3.12/site-packages/airflow/example_dags/example_python_operator.py
[2024-05-15T10:47:32.058+0000] {processor.py:830} INFO - Processing file /home/airflow/.local/lib/python3.12/site-packages/airflow/example_dags/example_python_operator.py for tasks to queue
[2024-05-15T10:47:32.060+0000] {logging_mixin.py:188} INFO - [2024-05-15T10:47:32.060+0000] {dagbag.py:540} INFO - Filling up the DagBag from /home/airflow/.local/lib/python3.12/site-packages/airflow/example_dags/example_python_operator.py
[2024-05-15T10:47:32.070+0000] {processor.py:840} INFO - DAG(s) 'example_python_operator' retrieved from /home/airflow/.local/lib/python3.12/site-packages/airflow/example_dags/example_python_operator.py
[2024-05-15T10:47:32.093+0000] {logging_mixin.py:188} INFO - [2024-05-15T10:47:32.093+0000] {dag.py:3096} INFO - Sync 1 DAGs
[2024-05-15T10:47:32.106+0000] {logging_mixin.py:188} INFO - [2024-05-15T10:47:32.106+0000] {dag.py:3954} INFO - Setting next_dagrun for example_python_operator to None, run_after=None
[2024-05-15T10:47:32.127+0000] {processor.py:183} INFO - Processing /home/airflow/.local/lib/python3.12/site-packages/airflow/example_dags/example_python_operator.py took 0.076 seconds
[2024-05-15T10:48:02.562+0000] {processor.py:161} INFO - Started process (PID=4099) to work on /home/airflow/.local/lib/python3.12/site-packages/airflow/example_dags/example_python_operator.py
[2024-05-15T10:48:02.564+0000] {processor.py:830} INFO - Processing file /home/airflow/.local/lib/python3.12/site-packages/airflow/example_dags/example_python_operator.py for tasks to queue
[2024-05-15T10:48:02.565+0000] {logging_mixin.py:188} INFO - [2024-05-15T10:48:02.565+0000] {dagbag.py:540} INFO - Filling up the DagBag from /home/airflow/.local/lib/python3.12/site-packages/airflow/example_dags/example_python_operator.py
[2024-05-15T10:48:02.574+0000] {processor.py:840} INFO - DAG(s) 'example_python_operator' retrieved from /home/airflow/.local/lib/python3.12/site-packages/airflow/example_dags/example_python_operator.py
[2024-05-15T10:48:02.594+0000] {logging_mixin.py:188} INFO - [2024-05-15T10:48:02.594+0000] {dag.py:3096} INFO - Sync 1 DAGs
[2024-05-15T10:48:02.606+0000] {logging_mixin.py:188} INFO - [2024-05-15T10:48:02.606+0000] {dag.py:3954} INFO - Setting next_dagrun for example_python_operator to None, run_after=None
[2024-05-15T10:48:02.626+0000] {processor.py:183} INFO - Processing /home/airflow/.local/lib/python3.12/site-packages/airflow/example_dags/example_python_operator.py took 0.071 seconds
