[2024-05-15T10:12:35.738+0000] {processor.py:161} INFO - Started process (PID=80) to work on /home/airflow/.local/lib/python3.12/site-packages/airflow/example_dags/example_branch_labels.py
[2024-05-15T10:12:35.739+0000] {processor.py:830} INFO - Processing file /home/airflow/.local/lib/python3.12/site-packages/airflow/example_dags/example_branch_labels.py for tasks to queue
[2024-05-15T10:12:35.741+0000] {logging_mixin.py:188} INFO - [2024-05-15T10:12:35.740+0000] {dagbag.py:540} INFO - Filling up the DagBag from /home/airflow/.local/lib/python3.12/site-packages/airflow/example_dags/example_branch_labels.py
[2024-05-15T10:12:35.751+0000] {processor.py:840} INFO - DAG(s) 'example_branch_labels' retrieved from /home/airflow/.local/lib/python3.12/site-packages/airflow/example_dags/example_branch_labels.py
[2024-05-15T10:12:35.781+0000] {logging_mixin.py:188} INFO - [2024-05-15T10:12:35.781+0000] {dag.py:3096} INFO - Sync 1 DAGs
[2024-05-15T10:12:35.815+0000] {logging_mixin.py:188} INFO - [2024-05-15T10:12:35.814+0000] {dag.py:3954} INFO - Setting next_dagrun for example_branch_labels to 2024-05-14 00:00:00+00:00, run_after=2024-05-15 00:00:00+00:00
[2024-05-15T10:12:35.841+0000] {processor.py:183} INFO - Processing /home/airflow/.local/lib/python3.12/site-packages/airflow/example_dags/example_branch_labels.py took 0.111 seconds
[2024-05-15T10:13:06.565+0000] {processor.py:161} INFO - Started process (PID=139) to work on /home/airflow/.local/lib/python3.12/site-packages/airflow/example_dags/example_branch_labels.py
[2024-05-15T10:13:06.566+0000] {processor.py:830} INFO - Processing file /home/airflow/.local/lib/python3.12/site-packages/airflow/example_dags/example_branch_labels.py for tasks to queue
[2024-05-15T10:13:06.568+0000] {logging_mixin.py:188} INFO - [2024-05-15T10:13:06.568+0000] {dagbag.py:540} INFO - Filling up the DagBag from /home/airflow/.local/lib/python3.12/site-packages/airflow/example_dags/example_branch_labels.py
[2024-05-15T10:13:06.574+0000] {processor.py:840} INFO - DAG(s) 'example_branch_labels' retrieved from /home/airflow/.local/lib/python3.12/site-packages/airflow/example_dags/example_branch_labels.py
[2024-05-15T10:13:06.597+0000] {logging_mixin.py:188} INFO - [2024-05-15T10:13:06.597+0000] {dag.py:3096} INFO - Sync 1 DAGs
[2024-05-15T10:13:06.618+0000] {logging_mixin.py:188} INFO - [2024-05-15T10:13:06.617+0000] {dag.py:3954} INFO - Setting next_dagrun for example_branch_labels to 2024-05-14 00:00:00+00:00, run_after=2024-05-15 00:00:00+00:00
[2024-05-15T10:13:06.636+0000] {processor.py:183} INFO - Processing /home/airflow/.local/lib/python3.12/site-packages/airflow/example_dags/example_branch_labels.py took 0.077 seconds
[2024-05-15T10:13:36.807+0000] {processor.py:161} INFO - Started process (PID=197) to work on /home/airflow/.local/lib/python3.12/site-packages/airflow/example_dags/example_branch_labels.py
[2024-05-15T10:13:36.814+0000] {processor.py:830} INFO - Processing file /home/airflow/.local/lib/python3.12/site-packages/airflow/example_dags/example_branch_labels.py for tasks to queue
[2024-05-15T10:13:36.816+0000] {logging_mixin.py:188} INFO - [2024-05-15T10:13:36.816+0000] {dagbag.py:540} INFO - Filling up the DagBag from /home/airflow/.local/lib/python3.12/site-packages/airflow/example_dags/example_branch_labels.py
[2024-05-15T10:13:36.823+0000] {processor.py:840} INFO - DAG(s) 'example_branch_labels' retrieved from /home/airflow/.local/lib/python3.12/site-packages/airflow/example_dags/example_branch_labels.py
[2024-05-15T10:13:36.846+0000] {logging_mixin.py:188} INFO - [2024-05-15T10:13:36.845+0000] {dag.py:3096} INFO - Sync 1 DAGs
[2024-05-15T10:13:36.870+0000] {logging_mixin.py:188} INFO - [2024-05-15T10:13:36.870+0000] {dag.py:3954} INFO - Setting next_dagrun for example_branch_labels to 2024-05-14 00:00:00+00:00, run_after=2024-05-15 00:00:00+00:00
[2024-05-15T10:13:36.887+0000] {processor.py:183} INFO - Processing /home/airflow/.local/lib/python3.12/site-packages/airflow/example_dags/example_branch_labels.py took 0.087 seconds
[2024-05-15T10:14:07.030+0000] {processor.py:161} INFO - Started process (PID=256) to work on /home/airflow/.local/lib/python3.12/site-packages/airflow/example_dags/example_branch_labels.py
[2024-05-15T10:14:07.031+0000] {processor.py:830} INFO - Processing file /home/airflow/.local/lib/python3.12/site-packages/airflow/example_dags/example_branch_labels.py for tasks to queue
[2024-05-15T10:14:07.032+0000] {logging_mixin.py:188} INFO - [2024-05-15T10:14:07.032+0000] {dagbag.py:540} INFO - Filling up the DagBag from /home/airflow/.local/lib/python3.12/site-packages/airflow/example_dags/example_branch_labels.py
[2024-05-15T10:14:07.038+0000] {processor.py:840} INFO - DAG(s) 'example_branch_labels' retrieved from /home/airflow/.local/lib/python3.12/site-packages/airflow/example_dags/example_branch_labels.py
[2024-05-15T10:14:07.059+0000] {logging_mixin.py:188} INFO - [2024-05-15T10:14:07.058+0000] {dag.py:3096} INFO - Sync 1 DAGs
[2024-05-15T10:14:07.080+0000] {logging_mixin.py:188} INFO - [2024-05-15T10:14:07.080+0000] {dag.py:3954} INFO - Setting next_dagrun for example_branch_labels to 2024-05-14 00:00:00+00:00, run_after=2024-05-15 00:00:00+00:00
[2024-05-15T10:14:07.101+0000] {processor.py:183} INFO - Processing /home/airflow/.local/lib/python3.12/site-packages/airflow/example_dags/example_branch_labels.py took 0.077 seconds
[2024-05-15T10:14:37.277+0000] {processor.py:161} INFO - Started process (PID=316) to work on /home/airflow/.local/lib/python3.12/site-packages/airflow/example_dags/example_branch_labels.py
[2024-05-15T10:14:37.278+0000] {processor.py:830} INFO - Processing file /home/airflow/.local/lib/python3.12/site-packages/airflow/example_dags/example_branch_labels.py for tasks to queue
[2024-05-15T10:14:37.280+0000] {logging_mixin.py:188} INFO - [2024-05-15T10:14:37.279+0000] {dagbag.py:540} INFO - Filling up the DagBag from /home/airflow/.local/lib/python3.12/site-packages/airflow/example_dags/example_branch_labels.py
[2024-05-15T10:14:37.286+0000] {processor.py:840} INFO - DAG(s) 'example_branch_labels' retrieved from /home/airflow/.local/lib/python3.12/site-packages/airflow/example_dags/example_branch_labels.py
[2024-05-15T10:14:37.307+0000] {logging_mixin.py:188} INFO - [2024-05-15T10:14:37.307+0000] {dag.py:3096} INFO - Sync 1 DAGs
[2024-05-15T10:14:37.346+0000] {logging_mixin.py:188} INFO - [2024-05-15T10:14:37.346+0000] {dag.py:3954} INFO - Setting next_dagrun for example_branch_labels to 2024-05-14 00:00:00+00:00, run_after=2024-05-15 00:00:00+00:00
[2024-05-15T10:14:37.380+0000] {processor.py:183} INFO - Processing /home/airflow/.local/lib/python3.12/site-packages/airflow/example_dags/example_branch_labels.py took 0.109 seconds
[2024-05-15T10:15:07.504+0000] {processor.py:161} INFO - Started process (PID=375) to work on /home/airflow/.local/lib/python3.12/site-packages/airflow/example_dags/example_branch_labels.py
[2024-05-15T10:15:07.505+0000] {processor.py:830} INFO - Processing file /home/airflow/.local/lib/python3.12/site-packages/airflow/example_dags/example_branch_labels.py for tasks to queue
[2024-05-15T10:15:07.507+0000] {logging_mixin.py:188} INFO - [2024-05-15T10:15:07.506+0000] {dagbag.py:540} INFO - Filling up the DagBag from /home/airflow/.local/lib/python3.12/site-packages/airflow/example_dags/example_branch_labels.py
[2024-05-15T10:15:07.512+0000] {processor.py:840} INFO - DAG(s) 'example_branch_labels' retrieved from /home/airflow/.local/lib/python3.12/site-packages/airflow/example_dags/example_branch_labels.py
[2024-05-15T10:15:07.531+0000] {logging_mixin.py:188} INFO - [2024-05-15T10:15:07.530+0000] {dag.py:3096} INFO - Sync 1 DAGs
[2024-05-15T10:15:07.552+0000] {logging_mixin.py:188} INFO - [2024-05-15T10:15:07.551+0000] {dag.py:3954} INFO - Setting next_dagrun for example_branch_labels to 2024-05-14 00:00:00+00:00, run_after=2024-05-15 00:00:00+00:00
[2024-05-15T10:15:07.572+0000] {processor.py:183} INFO - Processing /home/airflow/.local/lib/python3.12/site-packages/airflow/example_dags/example_branch_labels.py took 0.072 seconds
[2024-05-15T10:15:38.057+0000] {processor.py:161} INFO - Started process (PID=434) to work on /home/airflow/.local/lib/python3.12/site-packages/airflow/example_dags/example_branch_labels.py
[2024-05-15T10:15:38.058+0000] {processor.py:830} INFO - Processing file /home/airflow/.local/lib/python3.12/site-packages/airflow/example_dags/example_branch_labels.py for tasks to queue
[2024-05-15T10:15:38.059+0000] {logging_mixin.py:188} INFO - [2024-05-15T10:15:38.059+0000] {dagbag.py:540} INFO - Filling up the DagBag from /home/airflow/.local/lib/python3.12/site-packages/airflow/example_dags/example_branch_labels.py
[2024-05-15T10:15:38.065+0000] {processor.py:840} INFO - DAG(s) 'example_branch_labels' retrieved from /home/airflow/.local/lib/python3.12/site-packages/airflow/example_dags/example_branch_labels.py
[2024-05-15T10:15:38.084+0000] {logging_mixin.py:188} INFO - [2024-05-15T10:15:38.084+0000] {dag.py:3096} INFO - Sync 1 DAGs
[2024-05-15T10:15:38.104+0000] {logging_mixin.py:188} INFO - [2024-05-15T10:15:38.103+0000] {dag.py:3954} INFO - Setting next_dagrun for example_branch_labels to 2024-05-14 00:00:00+00:00, run_after=2024-05-15 00:00:00+00:00
[2024-05-15T10:15:38.121+0000] {processor.py:183} INFO - Processing /home/airflow/.local/lib/python3.12/site-packages/airflow/example_dags/example_branch_labels.py took 0.069 seconds
[2024-05-15T10:16:08.727+0000] {processor.py:161} INFO - Started process (PID=493) to work on /home/airflow/.local/lib/python3.12/site-packages/airflow/example_dags/example_branch_labels.py
[2024-05-15T10:16:08.729+0000] {processor.py:830} INFO - Processing file /home/airflow/.local/lib/python3.12/site-packages/airflow/example_dags/example_branch_labels.py for tasks to queue
[2024-05-15T10:16:08.730+0000] {logging_mixin.py:188} INFO - [2024-05-15T10:16:08.730+0000] {dagbag.py:540} INFO - Filling up the DagBag from /home/airflow/.local/lib/python3.12/site-packages/airflow/example_dags/example_branch_labels.py
[2024-05-15T10:16:08.738+0000] {processor.py:840} INFO - DAG(s) 'example_branch_labels' retrieved from /home/airflow/.local/lib/python3.12/site-packages/airflow/example_dags/example_branch_labels.py
[2024-05-15T10:16:08.776+0000] {logging_mixin.py:188} INFO - [2024-05-15T10:16:08.776+0000] {dag.py:3096} INFO - Sync 1 DAGs
[2024-05-15T10:16:08.818+0000] {logging_mixin.py:188} INFO - [2024-05-15T10:16:08.818+0000] {dag.py:3954} INFO - Setting next_dagrun for example_branch_labels to 2024-05-14 00:00:00+00:00, run_after=2024-05-15 00:00:00+00:00
[2024-05-15T10:16:08.842+0000] {processor.py:183} INFO - Processing /home/airflow/.local/lib/python3.12/site-packages/airflow/example_dags/example_branch_labels.py took 0.122 seconds
[2024-05-15T10:16:38.935+0000] {processor.py:161} INFO - Started process (PID=552) to work on /home/airflow/.local/lib/python3.12/site-packages/airflow/example_dags/example_branch_labels.py
[2024-05-15T10:16:38.936+0000] {processor.py:830} INFO - Processing file /home/airflow/.local/lib/python3.12/site-packages/airflow/example_dags/example_branch_labels.py for tasks to queue
[2024-05-15T10:16:38.938+0000] {logging_mixin.py:188} INFO - [2024-05-15T10:16:38.937+0000] {dagbag.py:540} INFO - Filling up the DagBag from /home/airflow/.local/lib/python3.12/site-packages/airflow/example_dags/example_branch_labels.py
[2024-05-15T10:16:38.945+0000] {processor.py:840} INFO - DAG(s) 'example_branch_labels' retrieved from /home/airflow/.local/lib/python3.12/site-packages/airflow/example_dags/example_branch_labels.py
[2024-05-15T10:16:38.969+0000] {logging_mixin.py:188} INFO - [2024-05-15T10:16:38.968+0000] {dag.py:3096} INFO - Sync 1 DAGs
[2024-05-15T10:16:38.995+0000] {logging_mixin.py:188} INFO - [2024-05-15T10:16:38.995+0000] {dag.py:3954} INFO - Setting next_dagrun for example_branch_labels to 2024-05-14 00:00:00+00:00, run_after=2024-05-15 00:00:00+00:00
[2024-05-15T10:16:39.014+0000] {processor.py:183} INFO - Processing /home/airflow/.local/lib/python3.12/site-packages/airflow/example_dags/example_branch_labels.py took 0.085 seconds
[2024-05-15T10:17:09.397+0000] {processor.py:161} INFO - Started process (PID=611) to work on /home/airflow/.local/lib/python3.12/site-packages/airflow/example_dags/example_branch_labels.py
[2024-05-15T10:17:09.398+0000] {processor.py:830} INFO - Processing file /home/airflow/.local/lib/python3.12/site-packages/airflow/example_dags/example_branch_labels.py for tasks to queue
[2024-05-15T10:17:09.400+0000] {logging_mixin.py:188} INFO - [2024-05-15T10:17:09.400+0000] {dagbag.py:540} INFO - Filling up the DagBag from /home/airflow/.local/lib/python3.12/site-packages/airflow/example_dags/example_branch_labels.py
[2024-05-15T10:17:09.407+0000] {processor.py:840} INFO - DAG(s) 'example_branch_labels' retrieved from /home/airflow/.local/lib/python3.12/site-packages/airflow/example_dags/example_branch_labels.py
[2024-05-15T10:17:09.428+0000] {logging_mixin.py:188} INFO - [2024-05-15T10:17:09.428+0000] {dag.py:3096} INFO - Sync 1 DAGs
[2024-05-15T10:17:09.448+0000] {logging_mixin.py:188} INFO - [2024-05-15T10:17:09.448+0000] {dag.py:3954} INFO - Setting next_dagrun for example_branch_labels to 2024-05-14 00:00:00+00:00, run_after=2024-05-15 00:00:00+00:00
[2024-05-15T10:17:09.464+0000] {processor.py:183} INFO - Processing /home/airflow/.local/lib/python3.12/site-packages/airflow/example_dags/example_branch_labels.py took 0.073 seconds
[2024-05-15T10:17:39.751+0000] {processor.py:161} INFO - Started process (PID=670) to work on /home/airflow/.local/lib/python3.12/site-packages/airflow/example_dags/example_branch_labels.py
[2024-05-15T10:17:39.752+0000] {processor.py:830} INFO - Processing file /home/airflow/.local/lib/python3.12/site-packages/airflow/example_dags/example_branch_labels.py for tasks to queue
[2024-05-15T10:17:39.755+0000] {logging_mixin.py:188} INFO - [2024-05-15T10:17:39.754+0000] {dagbag.py:540} INFO - Filling up the DagBag from /home/airflow/.local/lib/python3.12/site-packages/airflow/example_dags/example_branch_labels.py
[2024-05-15T10:17:39.762+0000] {processor.py:840} INFO - DAG(s) 'example_branch_labels' retrieved from /home/airflow/.local/lib/python3.12/site-packages/airflow/example_dags/example_branch_labels.py
[2024-05-15T10:17:39.785+0000] {logging_mixin.py:188} INFO - [2024-05-15T10:17:39.784+0000] {dag.py:3096} INFO - Sync 1 DAGs
[2024-05-15T10:17:39.806+0000] {logging_mixin.py:188} INFO - [2024-05-15T10:17:39.806+0000] {dag.py:3954} INFO - Setting next_dagrun for example_branch_labels to 2024-05-14 00:00:00+00:00, run_after=2024-05-15 00:00:00+00:00
[2024-05-15T10:17:39.825+0000] {processor.py:183} INFO - Processing /home/airflow/.local/lib/python3.12/site-packages/airflow/example_dags/example_branch_labels.py took 0.080 seconds
[2024-05-15T10:18:10.674+0000] {processor.py:161} INFO - Started process (PID=729) to work on /home/airflow/.local/lib/python3.12/site-packages/airflow/example_dags/example_branch_labels.py
[2024-05-15T10:18:10.675+0000] {processor.py:830} INFO - Processing file /home/airflow/.local/lib/python3.12/site-packages/airflow/example_dags/example_branch_labels.py for tasks to queue
[2024-05-15T10:18:10.677+0000] {logging_mixin.py:188} INFO - [2024-05-15T10:18:10.677+0000] {dagbag.py:540} INFO - Filling up the DagBag from /home/airflow/.local/lib/python3.12/site-packages/airflow/example_dags/example_branch_labels.py
[2024-05-15T10:18:10.685+0000] {processor.py:840} INFO - DAG(s) 'example_branch_labels' retrieved from /home/airflow/.local/lib/python3.12/site-packages/airflow/example_dags/example_branch_labels.py
[2024-05-15T10:18:10.702+0000] {logging_mixin.py:188} INFO - [2024-05-15T10:18:10.702+0000] {dag.py:3096} INFO - Sync 1 DAGs
[2024-05-15T10:18:10.721+0000] {logging_mixin.py:188} INFO - [2024-05-15T10:18:10.721+0000] {dag.py:3954} INFO - Setting next_dagrun for example_branch_labels to 2024-05-14 00:00:00+00:00, run_after=2024-05-15 00:00:00+00:00
[2024-05-15T10:18:10.735+0000] {processor.py:183} INFO - Processing /home/airflow/.local/lib/python3.12/site-packages/airflow/example_dags/example_branch_labels.py took 0.064 seconds
[2024-05-15T10:18:41.676+0000] {processor.py:161} INFO - Started process (PID=788) to work on /home/airflow/.local/lib/python3.12/site-packages/airflow/example_dags/example_branch_labels.py
[2024-05-15T10:18:41.677+0000] {processor.py:830} INFO - Processing file /home/airflow/.local/lib/python3.12/site-packages/airflow/example_dags/example_branch_labels.py for tasks to queue
[2024-05-15T10:18:41.679+0000] {logging_mixin.py:188} INFO - [2024-05-15T10:18:41.678+0000] {dagbag.py:540} INFO - Filling up the DagBag from /home/airflow/.local/lib/python3.12/site-packages/airflow/example_dags/example_branch_labels.py
[2024-05-15T10:18:41.685+0000] {processor.py:840} INFO - DAG(s) 'example_branch_labels' retrieved from /home/airflow/.local/lib/python3.12/site-packages/airflow/example_dags/example_branch_labels.py
[2024-05-15T10:18:41.706+0000] {logging_mixin.py:188} INFO - [2024-05-15T10:18:41.706+0000] {dag.py:3096} INFO - Sync 1 DAGs
[2024-05-15T10:18:41.725+0000] {logging_mixin.py:188} INFO - [2024-05-15T10:18:41.725+0000] {dag.py:3954} INFO - Setting next_dagrun for example_branch_labels to 2024-05-14 00:00:00+00:00, run_after=2024-05-15 00:00:00+00:00
[2024-05-15T10:18:41.741+0000] {processor.py:183} INFO - Processing /home/airflow/.local/lib/python3.12/site-packages/airflow/example_dags/example_branch_labels.py took 0.072 seconds
[2024-05-15T10:19:12.116+0000] {processor.py:161} INFO - Started process (PID=847) to work on /home/airflow/.local/lib/python3.12/site-packages/airflow/example_dags/example_branch_labels.py
[2024-05-15T10:19:12.117+0000] {processor.py:830} INFO - Processing file /home/airflow/.local/lib/python3.12/site-packages/airflow/example_dags/example_branch_labels.py for tasks to queue
[2024-05-15T10:19:12.118+0000] {logging_mixin.py:188} INFO - [2024-05-15T10:19:12.118+0000] {dagbag.py:540} INFO - Filling up the DagBag from /home/airflow/.local/lib/python3.12/site-packages/airflow/example_dags/example_branch_labels.py
[2024-05-15T10:19:12.126+0000] {processor.py:840} INFO - DAG(s) 'example_branch_labels' retrieved from /home/airflow/.local/lib/python3.12/site-packages/airflow/example_dags/example_branch_labels.py
[2024-05-15T10:19:12.145+0000] {logging_mixin.py:188} INFO - [2024-05-15T10:19:12.145+0000] {dag.py:3096} INFO - Sync 1 DAGs
[2024-05-15T10:19:12.168+0000] {logging_mixin.py:188} INFO - [2024-05-15T10:19:12.168+0000] {dag.py:3954} INFO - Setting next_dagrun for example_branch_labels to 2024-05-14 00:00:00+00:00, run_after=2024-05-15 00:00:00+00:00
[2024-05-15T10:19:12.183+0000] {processor.py:183} INFO - Processing /home/airflow/.local/lib/python3.12/site-packages/airflow/example_dags/example_branch_labels.py took 0.072 seconds
[2024-05-15T10:19:42.983+0000] {processor.py:161} INFO - Started process (PID=906) to work on /home/airflow/.local/lib/python3.12/site-packages/airflow/example_dags/example_branch_labels.py
[2024-05-15T10:19:42.984+0000] {processor.py:830} INFO - Processing file /home/airflow/.local/lib/python3.12/site-packages/airflow/example_dags/example_branch_labels.py for tasks to queue
[2024-05-15T10:19:42.985+0000] {logging_mixin.py:188} INFO - [2024-05-15T10:19:42.985+0000] {dagbag.py:540} INFO - Filling up the DagBag from /home/airflow/.local/lib/python3.12/site-packages/airflow/example_dags/example_branch_labels.py
[2024-05-15T10:19:42.991+0000] {processor.py:840} INFO - DAG(s) 'example_branch_labels' retrieved from /home/airflow/.local/lib/python3.12/site-packages/airflow/example_dags/example_branch_labels.py
[2024-05-15T10:19:43.012+0000] {logging_mixin.py:188} INFO - [2024-05-15T10:19:43.012+0000] {dag.py:3096} INFO - Sync 1 DAGs
[2024-05-15T10:19:43.037+0000] {logging_mixin.py:188} INFO - [2024-05-15T10:19:43.037+0000] {dag.py:3954} INFO - Setting next_dagrun for example_branch_labels to 2024-05-14 00:00:00+00:00, run_after=2024-05-15 00:00:00+00:00
[2024-05-15T10:19:43.053+0000] {processor.py:183} INFO - Processing /home/airflow/.local/lib/python3.12/site-packages/airflow/example_dags/example_branch_labels.py took 0.074 seconds
[2024-05-15T10:20:13.570+0000] {processor.py:161} INFO - Started process (PID=971) to work on /home/airflow/.local/lib/python3.12/site-packages/airflow/example_dags/example_branch_labels.py
[2024-05-15T10:20:13.571+0000] {processor.py:830} INFO - Processing file /home/airflow/.local/lib/python3.12/site-packages/airflow/example_dags/example_branch_labels.py for tasks to queue
[2024-05-15T10:20:13.573+0000] {logging_mixin.py:188} INFO - [2024-05-15T10:20:13.573+0000] {dagbag.py:540} INFO - Filling up the DagBag from /home/airflow/.local/lib/python3.12/site-packages/airflow/example_dags/example_branch_labels.py
[2024-05-15T10:20:13.581+0000] {processor.py:840} INFO - DAG(s) 'example_branch_labels' retrieved from /home/airflow/.local/lib/python3.12/site-packages/airflow/example_dags/example_branch_labels.py
[2024-05-15T10:20:13.715+0000] {logging_mixin.py:188} INFO - [2024-05-15T10:20:13.715+0000] {dag.py:3096} INFO - Sync 1 DAGs
[2024-05-15T10:20:13.731+0000] {logging_mixin.py:188} INFO - [2024-05-15T10:20:13.731+0000] {dag.py:3954} INFO - Setting next_dagrun for example_branch_labels to 2024-05-14 00:00:00+00:00, run_after=2024-05-15 00:00:00+00:00
[2024-05-15T10:20:13.746+0000] {processor.py:183} INFO - Processing /home/airflow/.local/lib/python3.12/site-packages/airflow/example_dags/example_branch_labels.py took 0.182 seconds
[2024-05-15T10:20:44.029+0000] {processor.py:161} INFO - Started process (PID=1030) to work on /home/airflow/.local/lib/python3.12/site-packages/airflow/example_dags/example_branch_labels.py
[2024-05-15T10:20:44.030+0000] {processor.py:830} INFO - Processing file /home/airflow/.local/lib/python3.12/site-packages/airflow/example_dags/example_branch_labels.py for tasks to queue
[2024-05-15T10:20:44.032+0000] {logging_mixin.py:188} INFO - [2024-05-15T10:20:44.031+0000] {dagbag.py:540} INFO - Filling up the DagBag from /home/airflow/.local/lib/python3.12/site-packages/airflow/example_dags/example_branch_labels.py
[2024-05-15T10:20:44.038+0000] {processor.py:840} INFO - DAG(s) 'example_branch_labels' retrieved from /home/airflow/.local/lib/python3.12/site-packages/airflow/example_dags/example_branch_labels.py
[2024-05-15T10:20:44.059+0000] {logging_mixin.py:188} INFO - [2024-05-15T10:20:44.059+0000] {dag.py:3096} INFO - Sync 1 DAGs
[2024-05-15T10:20:44.219+0000] {logging_mixin.py:188} INFO - [2024-05-15T10:20:44.219+0000] {dag.py:3954} INFO - Setting next_dagrun for example_branch_labels to 2024-05-14 00:00:00+00:00, run_after=2024-05-15 00:00:00+00:00
[2024-05-15T10:20:44.256+0000] {processor.py:183} INFO - Processing /home/airflow/.local/lib/python3.12/site-packages/airflow/example_dags/example_branch_labels.py took 0.233 seconds
[2024-05-15T10:21:15.155+0000] {processor.py:161} INFO - Started process (PID=1089) to work on /home/airflow/.local/lib/python3.12/site-packages/airflow/example_dags/example_branch_labels.py
[2024-05-15T10:21:15.158+0000] {processor.py:830} INFO - Processing file /home/airflow/.local/lib/python3.12/site-packages/airflow/example_dags/example_branch_labels.py for tasks to queue
[2024-05-15T10:21:15.160+0000] {logging_mixin.py:188} INFO - [2024-05-15T10:21:15.160+0000] {dagbag.py:540} INFO - Filling up the DagBag from /home/airflow/.local/lib/python3.12/site-packages/airflow/example_dags/example_branch_labels.py
[2024-05-15T10:21:15.172+0000] {processor.py:840} INFO - DAG(s) 'example_branch_labels' retrieved from /home/airflow/.local/lib/python3.12/site-packages/airflow/example_dags/example_branch_labels.py
[2024-05-15T10:21:15.194+0000] {logging_mixin.py:188} INFO - [2024-05-15T10:21:15.194+0000] {dag.py:3096} INFO - Sync 1 DAGs
[2024-05-15T10:21:15.224+0000] {logging_mixin.py:188} INFO - [2024-05-15T10:21:15.224+0000] {dag.py:3954} INFO - Setting next_dagrun for example_branch_labels to 2024-05-14 00:00:00+00:00, run_after=2024-05-15 00:00:00+00:00
[2024-05-15T10:21:15.243+0000] {processor.py:183} INFO - Processing /home/airflow/.local/lib/python3.12/site-packages/airflow/example_dags/example_branch_labels.py took 0.093 seconds
[2024-05-15T10:21:45.375+0000] {processor.py:161} INFO - Started process (PID=1148) to work on /home/airflow/.local/lib/python3.12/site-packages/airflow/example_dags/example_branch_labels.py
[2024-05-15T10:21:45.381+0000] {processor.py:830} INFO - Processing file /home/airflow/.local/lib/python3.12/site-packages/airflow/example_dags/example_branch_labels.py for tasks to queue
[2024-05-15T10:21:45.383+0000] {logging_mixin.py:188} INFO - [2024-05-15T10:21:45.382+0000] {dagbag.py:540} INFO - Filling up the DagBag from /home/airflow/.local/lib/python3.12/site-packages/airflow/example_dags/example_branch_labels.py
[2024-05-15T10:21:45.388+0000] {processor.py:840} INFO - DAG(s) 'example_branch_labels' retrieved from /home/airflow/.local/lib/python3.12/site-packages/airflow/example_dags/example_branch_labels.py
[2024-05-15T10:21:45.406+0000] {logging_mixin.py:188} INFO - [2024-05-15T10:21:45.406+0000] {dag.py:3096} INFO - Sync 1 DAGs
[2024-05-15T10:21:45.424+0000] {logging_mixin.py:188} INFO - [2024-05-15T10:21:45.424+0000] {dag.py:3954} INFO - Setting next_dagrun for example_branch_labels to 2024-05-14 00:00:00+00:00, run_after=2024-05-15 00:00:00+00:00
[2024-05-15T10:21:45.444+0000] {processor.py:183} INFO - Processing /home/airflow/.local/lib/python3.12/site-packages/airflow/example_dags/example_branch_labels.py took 0.074 seconds
[2024-05-15T10:22:15.552+0000] {processor.py:161} INFO - Started process (PID=1207) to work on /home/airflow/.local/lib/python3.12/site-packages/airflow/example_dags/example_branch_labels.py
[2024-05-15T10:22:15.556+0000] {processor.py:830} INFO - Processing file /home/airflow/.local/lib/python3.12/site-packages/airflow/example_dags/example_branch_labels.py for tasks to queue
[2024-05-15T10:22:15.558+0000] {logging_mixin.py:188} INFO - [2024-05-15T10:22:15.557+0000] {dagbag.py:540} INFO - Filling up the DagBag from /home/airflow/.local/lib/python3.12/site-packages/airflow/example_dags/example_branch_labels.py
[2024-05-15T10:22:15.564+0000] {processor.py:840} INFO - DAG(s) 'example_branch_labels' retrieved from /home/airflow/.local/lib/python3.12/site-packages/airflow/example_dags/example_branch_labels.py
[2024-05-15T10:22:15.583+0000] {logging_mixin.py:188} INFO - [2024-05-15T10:22:15.583+0000] {dag.py:3096} INFO - Sync 1 DAGs
[2024-05-15T10:22:15.602+0000] {logging_mixin.py:188} INFO - [2024-05-15T10:22:15.602+0000] {dag.py:3954} INFO - Setting next_dagrun for example_branch_labels to 2024-05-14 00:00:00+00:00, run_after=2024-05-15 00:00:00+00:00
[2024-05-15T10:22:15.622+0000] {processor.py:183} INFO - Processing /home/airflow/.local/lib/python3.12/site-packages/airflow/example_dags/example_branch_labels.py took 0.077 seconds
[2024-05-15T10:22:46.345+0000] {processor.py:161} INFO - Started process (PID=1266) to work on /home/airflow/.local/lib/python3.12/site-packages/airflow/example_dags/example_branch_labels.py
[2024-05-15T10:22:46.346+0000] {processor.py:830} INFO - Processing file /home/airflow/.local/lib/python3.12/site-packages/airflow/example_dags/example_branch_labels.py for tasks to queue
[2024-05-15T10:22:46.348+0000] {logging_mixin.py:188} INFO - [2024-05-15T10:22:46.348+0000] {dagbag.py:540} INFO - Filling up the DagBag from /home/airflow/.local/lib/python3.12/site-packages/airflow/example_dags/example_branch_labels.py
[2024-05-15T10:22:46.356+0000] {processor.py:840} INFO - DAG(s) 'example_branch_labels' retrieved from /home/airflow/.local/lib/python3.12/site-packages/airflow/example_dags/example_branch_labels.py
[2024-05-15T10:22:46.374+0000] {logging_mixin.py:188} INFO - [2024-05-15T10:22:46.374+0000] {dag.py:3096} INFO - Sync 1 DAGs
[2024-05-15T10:22:46.393+0000] {logging_mixin.py:188} INFO - [2024-05-15T10:22:46.393+0000] {dag.py:3954} INFO - Setting next_dagrun for example_branch_labels to 2024-05-14 00:00:00+00:00, run_after=2024-05-15 00:00:00+00:00
[2024-05-15T10:22:46.409+0000] {processor.py:183} INFO - Processing /home/airflow/.local/lib/python3.12/site-packages/airflow/example_dags/example_branch_labels.py took 0.069 seconds
[2024-05-15T10:23:17.301+0000] {processor.py:161} INFO - Started process (PID=1325) to work on /home/airflow/.local/lib/python3.12/site-packages/airflow/example_dags/example_branch_labels.py
[2024-05-15T10:23:17.303+0000] {processor.py:830} INFO - Processing file /home/airflow/.local/lib/python3.12/site-packages/airflow/example_dags/example_branch_labels.py for tasks to queue
[2024-05-15T10:23:17.305+0000] {logging_mixin.py:188} INFO - [2024-05-15T10:23:17.304+0000] {dagbag.py:540} INFO - Filling up the DagBag from /home/airflow/.local/lib/python3.12/site-packages/airflow/example_dags/example_branch_labels.py
[2024-05-15T10:23:17.312+0000] {processor.py:840} INFO - DAG(s) 'example_branch_labels' retrieved from /home/airflow/.local/lib/python3.12/site-packages/airflow/example_dags/example_branch_labels.py
[2024-05-15T10:23:17.332+0000] {logging_mixin.py:188} INFO - [2024-05-15T10:23:17.332+0000] {dag.py:3096} INFO - Sync 1 DAGs
[2024-05-15T10:23:17.358+0000] {logging_mixin.py:188} INFO - [2024-05-15T10:23:17.358+0000] {dag.py:3954} INFO - Setting next_dagrun for example_branch_labels to 2024-05-14 00:00:00+00:00, run_after=2024-05-15 00:00:00+00:00
[2024-05-15T10:23:17.378+0000] {processor.py:183} INFO - Processing /home/airflow/.local/lib/python3.12/site-packages/airflow/example_dags/example_branch_labels.py took 0.084 seconds
[2024-05-15T10:23:48.219+0000] {processor.py:161} INFO - Started process (PID=1384) to work on /home/airflow/.local/lib/python3.12/site-packages/airflow/example_dags/example_branch_labels.py
[2024-05-15T10:23:48.220+0000] {processor.py:830} INFO - Processing file /home/airflow/.local/lib/python3.12/site-packages/airflow/example_dags/example_branch_labels.py for tasks to queue
[2024-05-15T10:23:48.222+0000] {logging_mixin.py:188} INFO - [2024-05-15T10:23:48.221+0000] {dagbag.py:540} INFO - Filling up the DagBag from /home/airflow/.local/lib/python3.12/site-packages/airflow/example_dags/example_branch_labels.py
[2024-05-15T10:23:48.227+0000] {processor.py:840} INFO - DAG(s) 'example_branch_labels' retrieved from /home/airflow/.local/lib/python3.12/site-packages/airflow/example_dags/example_branch_labels.py
[2024-05-15T10:23:48.248+0000] {logging_mixin.py:188} INFO - [2024-05-15T10:23:48.248+0000] {dag.py:3096} INFO - Sync 1 DAGs
[2024-05-15T10:23:48.268+0000] {logging_mixin.py:188} INFO - [2024-05-15T10:23:48.268+0000] {dag.py:3954} INFO - Setting next_dagrun for example_branch_labels to 2024-05-14 00:00:00+00:00, run_after=2024-05-15 00:00:00+00:00
[2024-05-15T10:23:48.286+0000] {processor.py:183} INFO - Processing /home/airflow/.local/lib/python3.12/site-packages/airflow/example_dags/example_branch_labels.py took 0.072 seconds
[2024-05-15T10:24:18.483+0000] {processor.py:161} INFO - Started process (PID=1443) to work on /home/airflow/.local/lib/python3.12/site-packages/airflow/example_dags/example_branch_labels.py
[2024-05-15T10:24:18.484+0000] {processor.py:830} INFO - Processing file /home/airflow/.local/lib/python3.12/site-packages/airflow/example_dags/example_branch_labels.py for tasks to queue
[2024-05-15T10:24:18.486+0000] {logging_mixin.py:188} INFO - [2024-05-15T10:24:18.485+0000] {dagbag.py:540} INFO - Filling up the DagBag from /home/airflow/.local/lib/python3.12/site-packages/airflow/example_dags/example_branch_labels.py
[2024-05-15T10:24:18.492+0000] {processor.py:840} INFO - DAG(s) 'example_branch_labels' retrieved from /home/airflow/.local/lib/python3.12/site-packages/airflow/example_dags/example_branch_labels.py
[2024-05-15T10:24:18.510+0000] {logging_mixin.py:188} INFO - [2024-05-15T10:24:18.509+0000] {dag.py:3096} INFO - Sync 1 DAGs
[2024-05-15T10:24:18.528+0000] {logging_mixin.py:188} INFO - [2024-05-15T10:24:18.527+0000] {dag.py:3954} INFO - Setting next_dagrun for example_branch_labels to 2024-05-14 00:00:00+00:00, run_after=2024-05-15 00:00:00+00:00
[2024-05-15T10:24:18.542+0000] {processor.py:183} INFO - Processing /home/airflow/.local/lib/python3.12/site-packages/airflow/example_dags/example_branch_labels.py took 0.064 seconds
[2024-05-15T10:24:48.770+0000] {processor.py:161} INFO - Started process (PID=1502) to work on /home/airflow/.local/lib/python3.12/site-packages/airflow/example_dags/example_branch_labels.py
[2024-05-15T10:24:48.777+0000] {processor.py:830} INFO - Processing file /home/airflow/.local/lib/python3.12/site-packages/airflow/example_dags/example_branch_labels.py for tasks to queue
[2024-05-15T10:24:48.779+0000] {logging_mixin.py:188} INFO - [2024-05-15T10:24:48.779+0000] {dagbag.py:540} INFO - Filling up the DagBag from /home/airflow/.local/lib/python3.12/site-packages/airflow/example_dags/example_branch_labels.py
[2024-05-15T10:24:48.787+0000] {processor.py:840} INFO - DAG(s) 'example_branch_labels' retrieved from /home/airflow/.local/lib/python3.12/site-packages/airflow/example_dags/example_branch_labels.py
[2024-05-15T10:24:48.808+0000] {logging_mixin.py:188} INFO - [2024-05-15T10:24:48.807+0000] {dag.py:3096} INFO - Sync 1 DAGs
[2024-05-15T10:24:48.828+0000] {logging_mixin.py:188} INFO - [2024-05-15T10:24:48.827+0000] {dag.py:3954} INFO - Setting next_dagrun for example_branch_labels to 2024-05-14 00:00:00+00:00, run_after=2024-05-15 00:00:00+00:00
[2024-05-15T10:24:48.842+0000] {processor.py:183} INFO - Processing /home/airflow/.local/lib/python3.12/site-packages/airflow/example_dags/example_branch_labels.py took 0.078 seconds
[2024-05-15T10:25:18.914+0000] {processor.py:161} INFO - Started process (PID=1561) to work on /home/airflow/.local/lib/python3.12/site-packages/airflow/example_dags/example_branch_labels.py
[2024-05-15T10:25:18.916+0000] {processor.py:830} INFO - Processing file /home/airflow/.local/lib/python3.12/site-packages/airflow/example_dags/example_branch_labels.py for tasks to queue
[2024-05-15T10:25:18.918+0000] {logging_mixin.py:188} INFO - [2024-05-15T10:25:18.918+0000] {dagbag.py:540} INFO - Filling up the DagBag from /home/airflow/.local/lib/python3.12/site-packages/airflow/example_dags/example_branch_labels.py
[2024-05-15T10:25:18.929+0000] {processor.py:840} INFO - DAG(s) 'example_branch_labels' retrieved from /home/airflow/.local/lib/python3.12/site-packages/airflow/example_dags/example_branch_labels.py
[2024-05-15T10:25:18.956+0000] {logging_mixin.py:188} INFO - [2024-05-15T10:25:18.955+0000] {dag.py:3096} INFO - Sync 1 DAGs
[2024-05-15T10:25:18.975+0000] {logging_mixin.py:188} INFO - [2024-05-15T10:25:18.975+0000] {dag.py:3954} INFO - Setting next_dagrun for example_branch_labels to 2024-05-14 00:00:00+00:00, run_after=2024-05-15 00:00:00+00:00
[2024-05-15T10:25:18.993+0000] {processor.py:183} INFO - Processing /home/airflow/.local/lib/python3.12/site-packages/airflow/example_dags/example_branch_labels.py took 0.087 seconds
[2024-05-15T10:25:49.096+0000] {processor.py:161} INFO - Started process (PID=1620) to work on /home/airflow/.local/lib/python3.12/site-packages/airflow/example_dags/example_branch_labels.py
[2024-05-15T10:25:49.102+0000] {processor.py:830} INFO - Processing file /home/airflow/.local/lib/python3.12/site-packages/airflow/example_dags/example_branch_labels.py for tasks to queue
[2024-05-15T10:25:49.104+0000] {logging_mixin.py:188} INFO - [2024-05-15T10:25:49.103+0000] {dagbag.py:540} INFO - Filling up the DagBag from /home/airflow/.local/lib/python3.12/site-packages/airflow/example_dags/example_branch_labels.py
[2024-05-15T10:25:49.109+0000] {processor.py:840} INFO - DAG(s) 'example_branch_labels' retrieved from /home/airflow/.local/lib/python3.12/site-packages/airflow/example_dags/example_branch_labels.py
[2024-05-15T10:25:49.129+0000] {logging_mixin.py:188} INFO - [2024-05-15T10:25:49.129+0000] {dag.py:3096} INFO - Sync 1 DAGs
[2024-05-15T10:25:49.148+0000] {logging_mixin.py:188} INFO - [2024-05-15T10:25:49.148+0000] {dag.py:3954} INFO - Setting next_dagrun for example_branch_labels to 2024-05-14 00:00:00+00:00, run_after=2024-05-15 00:00:00+00:00
[2024-05-15T10:25:49.166+0000] {processor.py:183} INFO - Processing /home/airflow/.local/lib/python3.12/site-packages/airflow/example_dags/example_branch_labels.py took 0.075 seconds
[2024-05-15T10:26:19.249+0000] {processor.py:161} INFO - Started process (PID=1679) to work on /home/airflow/.local/lib/python3.12/site-packages/airflow/example_dags/example_branch_labels.py
[2024-05-15T10:26:19.251+0000] {processor.py:830} INFO - Processing file /home/airflow/.local/lib/python3.12/site-packages/airflow/example_dags/example_branch_labels.py for tasks to queue
[2024-05-15T10:26:19.253+0000] {logging_mixin.py:188} INFO - [2024-05-15T10:26:19.252+0000] {dagbag.py:540} INFO - Filling up the DagBag from /home/airflow/.local/lib/python3.12/site-packages/airflow/example_dags/example_branch_labels.py
[2024-05-15T10:26:19.261+0000] {processor.py:840} INFO - DAG(s) 'example_branch_labels' retrieved from /home/airflow/.local/lib/python3.12/site-packages/airflow/example_dags/example_branch_labels.py
[2024-05-15T10:26:19.284+0000] {logging_mixin.py:188} INFO - [2024-05-15T10:26:19.284+0000] {dag.py:3096} INFO - Sync 1 DAGs
[2024-05-15T10:26:19.311+0000] {logging_mixin.py:188} INFO - [2024-05-15T10:26:19.311+0000] {dag.py:3954} INFO - Setting next_dagrun for example_branch_labels to 2024-05-14 00:00:00+00:00, run_after=2024-05-15 00:00:00+00:00
[2024-05-15T10:26:19.341+0000] {processor.py:183} INFO - Processing /home/airflow/.local/lib/python3.12/site-packages/airflow/example_dags/example_branch_labels.py took 0.099 seconds
[2024-05-15T10:26:49.427+0000] {processor.py:161} INFO - Started process (PID=1738) to work on /home/airflow/.local/lib/python3.12/site-packages/airflow/example_dags/example_branch_labels.py
[2024-05-15T10:26:49.428+0000] {processor.py:830} INFO - Processing file /home/airflow/.local/lib/python3.12/site-packages/airflow/example_dags/example_branch_labels.py for tasks to queue
[2024-05-15T10:26:49.430+0000] {logging_mixin.py:188} INFO - [2024-05-15T10:26:49.429+0000] {dagbag.py:540} INFO - Filling up the DagBag from /home/airflow/.local/lib/python3.12/site-packages/airflow/example_dags/example_branch_labels.py
[2024-05-15T10:26:49.439+0000] {processor.py:840} INFO - DAG(s) 'example_branch_labels' retrieved from /home/airflow/.local/lib/python3.12/site-packages/airflow/example_dags/example_branch_labels.py
[2024-05-15T10:26:49.460+0000] {logging_mixin.py:188} INFO - [2024-05-15T10:26:49.460+0000] {dag.py:3096} INFO - Sync 1 DAGs
[2024-05-15T10:26:49.480+0000] {logging_mixin.py:188} INFO - [2024-05-15T10:26:49.480+0000] {dag.py:3954} INFO - Setting next_dagrun for example_branch_labels to 2024-05-14 00:00:00+00:00, run_after=2024-05-15 00:00:00+00:00
[2024-05-15T10:26:49.496+0000] {processor.py:183} INFO - Processing /home/airflow/.local/lib/python3.12/site-packages/airflow/example_dags/example_branch_labels.py took 0.074 seconds
[2024-05-15T10:27:19.685+0000] {processor.py:161} INFO - Started process (PID=1797) to work on /home/airflow/.local/lib/python3.12/site-packages/airflow/example_dags/example_branch_labels.py
[2024-05-15T10:27:19.690+0000] {processor.py:830} INFO - Processing file /home/airflow/.local/lib/python3.12/site-packages/airflow/example_dags/example_branch_labels.py for tasks to queue
[2024-05-15T10:27:19.692+0000] {logging_mixin.py:188} INFO - [2024-05-15T10:27:19.692+0000] {dagbag.py:540} INFO - Filling up the DagBag from /home/airflow/.local/lib/python3.12/site-packages/airflow/example_dags/example_branch_labels.py
[2024-05-15T10:27:19.698+0000] {processor.py:840} INFO - DAG(s) 'example_branch_labels' retrieved from /home/airflow/.local/lib/python3.12/site-packages/airflow/example_dags/example_branch_labels.py
[2024-05-15T10:27:19.719+0000] {logging_mixin.py:188} INFO - [2024-05-15T10:27:19.719+0000] {dag.py:3096} INFO - Sync 1 DAGs
[2024-05-15T10:27:19.742+0000] {logging_mixin.py:188} INFO - [2024-05-15T10:27:19.742+0000] {dag.py:3954} INFO - Setting next_dagrun for example_branch_labels to 2024-05-14 00:00:00+00:00, run_after=2024-05-15 00:00:00+00:00
[2024-05-15T10:27:19.757+0000] {processor.py:183} INFO - Processing /home/airflow/.local/lib/python3.12/site-packages/airflow/example_dags/example_branch_labels.py took 0.077 seconds
[2024-05-15T10:27:49.855+0000] {processor.py:161} INFO - Started process (PID=1856) to work on /home/airflow/.local/lib/python3.12/site-packages/airflow/example_dags/example_branch_labels.py
[2024-05-15T10:27:49.856+0000] {processor.py:830} INFO - Processing file /home/airflow/.local/lib/python3.12/site-packages/airflow/example_dags/example_branch_labels.py for tasks to queue
[2024-05-15T10:27:49.858+0000] {logging_mixin.py:188} INFO - [2024-05-15T10:27:49.858+0000] {dagbag.py:540} INFO - Filling up the DagBag from /home/airflow/.local/lib/python3.12/site-packages/airflow/example_dags/example_branch_labels.py
[2024-05-15T10:27:49.866+0000] {processor.py:840} INFO - DAG(s) 'example_branch_labels' retrieved from /home/airflow/.local/lib/python3.12/site-packages/airflow/example_dags/example_branch_labels.py
[2024-05-15T10:27:49.888+0000] {logging_mixin.py:188} INFO - [2024-05-15T10:27:49.888+0000] {dag.py:3096} INFO - Sync 1 DAGs
[2024-05-15T10:27:49.908+0000] {logging_mixin.py:188} INFO - [2024-05-15T10:27:49.908+0000] {dag.py:3954} INFO - Setting next_dagrun for example_branch_labels to 2024-05-14 00:00:00+00:00, run_after=2024-05-15 00:00:00+00:00
[2024-05-15T10:27:49.924+0000] {processor.py:183} INFO - Processing /home/airflow/.local/lib/python3.12/site-packages/airflow/example_dags/example_branch_labels.py took 0.074 seconds
[2024-05-15T10:28:20.084+0000] {processor.py:161} INFO - Started process (PID=1916) to work on /home/airflow/.local/lib/python3.12/site-packages/airflow/example_dags/example_branch_labels.py
[2024-05-15T10:28:20.085+0000] {processor.py:830} INFO - Processing file /home/airflow/.local/lib/python3.12/site-packages/airflow/example_dags/example_branch_labels.py for tasks to queue
[2024-05-15T10:28:20.087+0000] {logging_mixin.py:188} INFO - [2024-05-15T10:28:20.087+0000] {dagbag.py:540} INFO - Filling up the DagBag from /home/airflow/.local/lib/python3.12/site-packages/airflow/example_dags/example_branch_labels.py
[2024-05-15T10:28:20.096+0000] {processor.py:840} INFO - DAG(s) 'example_branch_labels' retrieved from /home/airflow/.local/lib/python3.12/site-packages/airflow/example_dags/example_branch_labels.py
[2024-05-15T10:28:20.118+0000] {logging_mixin.py:188} INFO - [2024-05-15T10:28:20.117+0000] {dag.py:3096} INFO - Sync 1 DAGs
[2024-05-15T10:28:20.143+0000] {logging_mixin.py:188} INFO - [2024-05-15T10:28:20.143+0000] {dag.py:3954} INFO - Setting next_dagrun for example_branch_labels to 2024-05-14 00:00:00+00:00, run_after=2024-05-15 00:00:00+00:00
[2024-05-15T10:28:20.163+0000] {processor.py:183} INFO - Processing /home/airflow/.local/lib/python3.12/site-packages/airflow/example_dags/example_branch_labels.py took 0.086 seconds
[2024-05-15T10:29:41.674+0000] {processor.py:161} INFO - Started process (PID=1967) to work on /home/airflow/.local/lib/python3.12/site-packages/airflow/example_dags/example_branch_labels.py
[2024-05-15T10:29:41.679+0000] {processor.py:830} INFO - Processing file /home/airflow/.local/lib/python3.12/site-packages/airflow/example_dags/example_branch_labels.py for tasks to queue
[2024-05-15T10:29:41.685+0000] {logging_mixin.py:188} INFO - [2024-05-15T10:29:41.684+0000] {dagbag.py:540} INFO - Filling up the DagBag from /home/airflow/.local/lib/python3.12/site-packages/airflow/example_dags/example_branch_labels.py
[2024-05-15T10:29:41.724+0000] {processor.py:840} INFO - DAG(s) 'example_branch_labels' retrieved from /home/airflow/.local/lib/python3.12/site-packages/airflow/example_dags/example_branch_labels.py
[2024-05-15T10:29:41.805+0000] {logging_mixin.py:188} INFO - [2024-05-15T10:29:41.805+0000] {dag.py:3096} INFO - Sync 1 DAGs
[2024-05-15T10:29:41.872+0000] {logging_mixin.py:188} INFO - [2024-05-15T10:29:41.871+0000] {dag.py:3954} INFO - Setting next_dagrun for example_branch_labels to 2024-05-14 00:00:00+00:00, run_after=2024-05-15 00:00:00+00:00
[2024-05-15T10:29:41.920+0000] {processor.py:183} INFO - Processing /home/airflow/.local/lib/python3.12/site-packages/airflow/example_dags/example_branch_labels.py took 0.270 seconds
[2024-05-15T10:30:12.689+0000] {processor.py:161} INFO - Started process (PID=2026) to work on /home/airflow/.local/lib/python3.12/site-packages/airflow/example_dags/example_branch_labels.py
[2024-05-15T10:30:12.690+0000] {processor.py:830} INFO - Processing file /home/airflow/.local/lib/python3.12/site-packages/airflow/example_dags/example_branch_labels.py for tasks to queue
[2024-05-15T10:30:12.691+0000] {logging_mixin.py:188} INFO - [2024-05-15T10:30:12.691+0000] {dagbag.py:540} INFO - Filling up the DagBag from /home/airflow/.local/lib/python3.12/site-packages/airflow/example_dags/example_branch_labels.py
[2024-05-15T10:30:12.698+0000] {processor.py:840} INFO - DAG(s) 'example_branch_labels' retrieved from /home/airflow/.local/lib/python3.12/site-packages/airflow/example_dags/example_branch_labels.py
[2024-05-15T10:30:12.718+0000] {logging_mixin.py:188} INFO - [2024-05-15T10:30:12.718+0000] {dag.py:3096} INFO - Sync 1 DAGs
[2024-05-15T10:30:12.737+0000] {logging_mixin.py:188} INFO - [2024-05-15T10:30:12.737+0000] {dag.py:3954} INFO - Setting next_dagrun for example_branch_labels to 2024-05-14 00:00:00+00:00, run_after=2024-05-15 00:00:00+00:00
[2024-05-15T10:30:12.753+0000] {processor.py:183} INFO - Processing /home/airflow/.local/lib/python3.12/site-packages/airflow/example_dags/example_branch_labels.py took 0.070 seconds
[2024-05-15T10:30:43.687+0000] {processor.py:161} INFO - Started process (PID=2085) to work on /home/airflow/.local/lib/python3.12/site-packages/airflow/example_dags/example_branch_labels.py
[2024-05-15T10:30:43.688+0000] {processor.py:830} INFO - Processing file /home/airflow/.local/lib/python3.12/site-packages/airflow/example_dags/example_branch_labels.py for tasks to queue
[2024-05-15T10:30:43.690+0000] {logging_mixin.py:188} INFO - [2024-05-15T10:30:43.690+0000] {dagbag.py:540} INFO - Filling up the DagBag from /home/airflow/.local/lib/python3.12/site-packages/airflow/example_dags/example_branch_labels.py
[2024-05-15T10:30:43.698+0000] {processor.py:840} INFO - DAG(s) 'example_branch_labels' retrieved from /home/airflow/.local/lib/python3.12/site-packages/airflow/example_dags/example_branch_labels.py
[2024-05-15T10:30:43.716+0000] {logging_mixin.py:188} INFO - [2024-05-15T10:30:43.716+0000] {dag.py:3096} INFO - Sync 1 DAGs
[2024-05-15T10:30:43.740+0000] {logging_mixin.py:188} INFO - [2024-05-15T10:30:43.740+0000] {dag.py:3954} INFO - Setting next_dagrun for example_branch_labels to 2024-05-14 00:00:00+00:00, run_after=2024-05-15 00:00:00+00:00
[2024-05-15T10:30:43.755+0000] {processor.py:183} INFO - Processing /home/airflow/.local/lib/python3.12/site-packages/airflow/example_dags/example_branch_labels.py took 0.074 seconds
[2024-05-15T10:31:14.159+0000] {processor.py:161} INFO - Started process (PID=2144) to work on /home/airflow/.local/lib/python3.12/site-packages/airflow/example_dags/example_branch_labels.py
[2024-05-15T10:31:14.161+0000] {processor.py:830} INFO - Processing file /home/airflow/.local/lib/python3.12/site-packages/airflow/example_dags/example_branch_labels.py for tasks to queue
[2024-05-15T10:31:14.163+0000] {logging_mixin.py:188} INFO - [2024-05-15T10:31:14.162+0000] {dagbag.py:540} INFO - Filling up the DagBag from /home/airflow/.local/lib/python3.12/site-packages/airflow/example_dags/example_branch_labels.py
[2024-05-15T10:31:14.170+0000] {processor.py:840} INFO - DAG(s) 'example_branch_labels' retrieved from /home/airflow/.local/lib/python3.12/site-packages/airflow/example_dags/example_branch_labels.py
[2024-05-15T10:31:14.191+0000] {logging_mixin.py:188} INFO - [2024-05-15T10:31:14.191+0000] {dag.py:3096} INFO - Sync 1 DAGs
[2024-05-15T10:31:14.213+0000] {logging_mixin.py:188} INFO - [2024-05-15T10:31:14.212+0000] {dag.py:3954} INFO - Setting next_dagrun for example_branch_labels to 2024-05-14 00:00:00+00:00, run_after=2024-05-15 00:00:00+00:00
[2024-05-15T10:31:14.229+0000] {processor.py:183} INFO - Processing /home/airflow/.local/lib/python3.12/site-packages/airflow/example_dags/example_branch_labels.py took 0.077 seconds
[2024-05-15T10:31:44.641+0000] {processor.py:161} INFO - Started process (PID=2209) to work on /home/airflow/.local/lib/python3.12/site-packages/airflow/example_dags/example_branch_labels.py
[2024-05-15T10:31:44.642+0000] {processor.py:830} INFO - Processing file /home/airflow/.local/lib/python3.12/site-packages/airflow/example_dags/example_branch_labels.py for tasks to queue
[2024-05-15T10:31:44.644+0000] {logging_mixin.py:188} INFO - [2024-05-15T10:31:44.643+0000] {dagbag.py:540} INFO - Filling up the DagBag from /home/airflow/.local/lib/python3.12/site-packages/airflow/example_dags/example_branch_labels.py
[2024-05-15T10:31:44.652+0000] {processor.py:840} INFO - DAG(s) 'example_branch_labels' retrieved from /home/airflow/.local/lib/python3.12/site-packages/airflow/example_dags/example_branch_labels.py
[2024-05-15T10:31:44.672+0000] {logging_mixin.py:188} INFO - [2024-05-15T10:31:44.672+0000] {dag.py:3096} INFO - Sync 1 DAGs
[2024-05-15T10:31:44.694+0000] {logging_mixin.py:188} INFO - [2024-05-15T10:31:44.694+0000] {dag.py:3954} INFO - Setting next_dagrun for example_branch_labels to 2024-05-14 00:00:00+00:00, run_after=2024-05-15 00:00:00+00:00
[2024-05-15T10:31:44.712+0000] {processor.py:183} INFO - Processing /home/airflow/.local/lib/python3.12/site-packages/airflow/example_dags/example_branch_labels.py took 0.077 seconds
[2024-05-15T10:32:14.990+0000] {processor.py:161} INFO - Started process (PID=2268) to work on /home/airflow/.local/lib/python3.12/site-packages/airflow/example_dags/example_branch_labels.py
[2024-05-15T10:32:14.999+0000] {processor.py:830} INFO - Processing file /home/airflow/.local/lib/python3.12/site-packages/airflow/example_dags/example_branch_labels.py for tasks to queue
[2024-05-15T10:32:15.001+0000] {logging_mixin.py:188} INFO - [2024-05-15T10:32:15.000+0000] {dagbag.py:540} INFO - Filling up the DagBag from /home/airflow/.local/lib/python3.12/site-packages/airflow/example_dags/example_branch_labels.py
[2024-05-15T10:32:15.009+0000] {processor.py:840} INFO - DAG(s) 'example_branch_labels' retrieved from /home/airflow/.local/lib/python3.12/site-packages/airflow/example_dags/example_branch_labels.py
[2024-05-15T10:32:15.031+0000] {logging_mixin.py:188} INFO - [2024-05-15T10:32:15.031+0000] {dag.py:3096} INFO - Sync 1 DAGs
[2024-05-15T10:32:15.052+0000] {logging_mixin.py:188} INFO - [2024-05-15T10:32:15.051+0000] {dag.py:3954} INFO - Setting next_dagrun for example_branch_labels to 2024-05-14 00:00:00+00:00, run_after=2024-05-15 00:00:00+00:00
[2024-05-15T10:32:15.067+0000] {processor.py:183} INFO - Processing /home/airflow/.local/lib/python3.12/site-packages/airflow/example_dags/example_branch_labels.py took 0.083 seconds
[2024-05-15T10:32:45.481+0000] {processor.py:161} INFO - Started process (PID=2327) to work on /home/airflow/.local/lib/python3.12/site-packages/airflow/example_dags/example_branch_labels.py
[2024-05-15T10:32:45.486+0000] {processor.py:830} INFO - Processing file /home/airflow/.local/lib/python3.12/site-packages/airflow/example_dags/example_branch_labels.py for tasks to queue
[2024-05-15T10:32:45.487+0000] {logging_mixin.py:188} INFO - [2024-05-15T10:32:45.487+0000] {dagbag.py:540} INFO - Filling up the DagBag from /home/airflow/.local/lib/python3.12/site-packages/airflow/example_dags/example_branch_labels.py
[2024-05-15T10:32:45.493+0000] {processor.py:840} INFO - DAG(s) 'example_branch_labels' retrieved from /home/airflow/.local/lib/python3.12/site-packages/airflow/example_dags/example_branch_labels.py
[2024-05-15T10:32:45.518+0000] {logging_mixin.py:188} INFO - [2024-05-15T10:32:45.518+0000] {dag.py:3096} INFO - Sync 1 DAGs
[2024-05-15T10:32:45.540+0000] {logging_mixin.py:188} INFO - [2024-05-15T10:32:45.540+0000] {dag.py:3954} INFO - Setting next_dagrun for example_branch_labels to 2024-05-14 00:00:00+00:00, run_after=2024-05-15 00:00:00+00:00
[2024-05-15T10:32:45.561+0000] {processor.py:183} INFO - Processing /home/airflow/.local/lib/python3.12/site-packages/airflow/example_dags/example_branch_labels.py took 0.086 seconds
[2024-05-15T10:33:15.817+0000] {processor.py:161} INFO - Started process (PID=2386) to work on /home/airflow/.local/lib/python3.12/site-packages/airflow/example_dags/example_branch_labels.py
[2024-05-15T10:33:15.828+0000] {processor.py:830} INFO - Processing file /home/airflow/.local/lib/python3.12/site-packages/airflow/example_dags/example_branch_labels.py for tasks to queue
[2024-05-15T10:33:15.831+0000] {logging_mixin.py:188} INFO - [2024-05-15T10:33:15.830+0000] {dagbag.py:540} INFO - Filling up the DagBag from /home/airflow/.local/lib/python3.12/site-packages/airflow/example_dags/example_branch_labels.py
[2024-05-15T10:33:15.876+0000] {processor.py:840} INFO - DAG(s) 'example_branch_labels' retrieved from /home/airflow/.local/lib/python3.12/site-packages/airflow/example_dags/example_branch_labels.py
[2024-05-15T10:33:15.956+0000] {logging_mixin.py:188} INFO - [2024-05-15T10:33:15.955+0000] {dag.py:3096} INFO - Sync 1 DAGs
[2024-05-15T10:33:16.021+0000] {logging_mixin.py:188} INFO - [2024-05-15T10:33:16.021+0000] {dag.py:3954} INFO - Setting next_dagrun for example_branch_labels to 2024-05-14 00:00:00+00:00, run_after=2024-05-15 00:00:00+00:00
[2024-05-15T10:33:16.068+0000] {processor.py:183} INFO - Processing /home/airflow/.local/lib/python3.12/site-packages/airflow/example_dags/example_branch_labels.py took 0.273 seconds
[2024-05-15T10:33:46.368+0000] {processor.py:161} INFO - Started process (PID=2444) to work on /home/airflow/.local/lib/python3.12/site-packages/airflow/example_dags/example_branch_labels.py
[2024-05-15T10:33:46.377+0000] {processor.py:830} INFO - Processing file /home/airflow/.local/lib/python3.12/site-packages/airflow/example_dags/example_branch_labels.py for tasks to queue
[2024-05-15T10:33:46.378+0000] {logging_mixin.py:188} INFO - [2024-05-15T10:33:46.378+0000] {dagbag.py:540} INFO - Filling up the DagBag from /home/airflow/.local/lib/python3.12/site-packages/airflow/example_dags/example_branch_labels.py
[2024-05-15T10:33:46.385+0000] {processor.py:840} INFO - DAG(s) 'example_branch_labels' retrieved from /home/airflow/.local/lib/python3.12/site-packages/airflow/example_dags/example_branch_labels.py
[2024-05-15T10:33:46.409+0000] {logging_mixin.py:188} INFO - [2024-05-15T10:33:46.409+0000] {dag.py:3096} INFO - Sync 1 DAGs
[2024-05-15T10:33:46.432+0000] {logging_mixin.py:188} INFO - [2024-05-15T10:33:46.432+0000] {dag.py:3954} INFO - Setting next_dagrun for example_branch_labels to 2024-05-14 00:00:00+00:00, run_after=2024-05-15 00:00:00+00:00
[2024-05-15T10:33:46.451+0000] {processor.py:183} INFO - Processing /home/airflow/.local/lib/python3.12/site-packages/airflow/example_dags/example_branch_labels.py took 0.090 seconds
[2024-05-15T10:34:17.215+0000] {processor.py:161} INFO - Started process (PID=2502) to work on /home/airflow/.local/lib/python3.12/site-packages/airflow/example_dags/example_branch_labels.py
[2024-05-15T10:34:17.218+0000] {processor.py:830} INFO - Processing file /home/airflow/.local/lib/python3.12/site-packages/airflow/example_dags/example_branch_labels.py for tasks to queue
[2024-05-15T10:34:17.220+0000] {logging_mixin.py:188} INFO - [2024-05-15T10:34:17.219+0000] {dagbag.py:540} INFO - Filling up the DagBag from /home/airflow/.local/lib/python3.12/site-packages/airflow/example_dags/example_branch_labels.py
[2024-05-15T10:34:17.226+0000] {processor.py:840} INFO - DAG(s) 'example_branch_labels' retrieved from /home/airflow/.local/lib/python3.12/site-packages/airflow/example_dags/example_branch_labels.py
[2024-05-15T10:34:17.244+0000] {logging_mixin.py:188} INFO - [2024-05-15T10:34:17.244+0000] {dag.py:3096} INFO - Sync 1 DAGs
[2024-05-15T10:34:17.263+0000] {logging_mixin.py:188} INFO - [2024-05-15T10:34:17.263+0000] {dag.py:3954} INFO - Setting next_dagrun for example_branch_labels to 2024-05-14 00:00:00+00:00, run_after=2024-05-15 00:00:00+00:00
[2024-05-15T10:34:17.279+0000] {processor.py:183} INFO - Processing /home/airflow/.local/lib/python3.12/site-packages/airflow/example_dags/example_branch_labels.py took 0.070 seconds
[2024-05-15T10:34:47.934+0000] {processor.py:161} INFO - Started process (PID=2561) to work on /home/airflow/.local/lib/python3.12/site-packages/airflow/example_dags/example_branch_labels.py
[2024-05-15T10:34:47.936+0000] {processor.py:830} INFO - Processing file /home/airflow/.local/lib/python3.12/site-packages/airflow/example_dags/example_branch_labels.py for tasks to queue
[2024-05-15T10:34:47.938+0000] {logging_mixin.py:188} INFO - [2024-05-15T10:34:47.938+0000] {dagbag.py:540} INFO - Filling up the DagBag from /home/airflow/.local/lib/python3.12/site-packages/airflow/example_dags/example_branch_labels.py
[2024-05-15T10:34:47.972+0000] {processor.py:840} INFO - DAG(s) 'example_branch_labels' retrieved from /home/airflow/.local/lib/python3.12/site-packages/airflow/example_dags/example_branch_labels.py
[2024-05-15T10:34:48.027+0000] {logging_mixin.py:188} INFO - [2024-05-15T10:34:48.027+0000] {dag.py:3096} INFO - Sync 1 DAGs
[2024-05-15T10:34:48.055+0000] {logging_mixin.py:188} INFO - [2024-05-15T10:34:48.055+0000] {dag.py:3954} INFO - Setting next_dagrun for example_branch_labels to 2024-05-14 00:00:00+00:00, run_after=2024-05-15 00:00:00+00:00
[2024-05-15T10:34:48.075+0000] {processor.py:183} INFO - Processing /home/airflow/.local/lib/python3.12/site-packages/airflow/example_dags/example_branch_labels.py took 0.157 seconds
[2024-05-15T10:35:18.709+0000] {processor.py:161} INFO - Started process (PID=2620) to work on /home/airflow/.local/lib/python3.12/site-packages/airflow/example_dags/example_branch_labels.py
[2024-05-15T10:35:18.711+0000] {processor.py:830} INFO - Processing file /home/airflow/.local/lib/python3.12/site-packages/airflow/example_dags/example_branch_labels.py for tasks to queue
[2024-05-15T10:35:18.712+0000] {logging_mixin.py:188} INFO - [2024-05-15T10:35:18.712+0000] {dagbag.py:540} INFO - Filling up the DagBag from /home/airflow/.local/lib/python3.12/site-packages/airflow/example_dags/example_branch_labels.py
[2024-05-15T10:35:18.720+0000] {processor.py:840} INFO - DAG(s) 'example_branch_labels' retrieved from /home/airflow/.local/lib/python3.12/site-packages/airflow/example_dags/example_branch_labels.py
[2024-05-15T10:35:18.745+0000] {logging_mixin.py:188} INFO - [2024-05-15T10:35:18.745+0000] {dag.py:3096} INFO - Sync 1 DAGs
[2024-05-15T10:35:18.766+0000] {logging_mixin.py:188} INFO - [2024-05-15T10:35:18.766+0000] {dag.py:3954} INFO - Setting next_dagrun for example_branch_labels to 2024-05-14 00:00:00+00:00, run_after=2024-05-15 00:00:00+00:00
[2024-05-15T10:35:18.783+0000] {processor.py:183} INFO - Processing /home/airflow/.local/lib/python3.12/site-packages/airflow/example_dags/example_branch_labels.py took 0.081 seconds
[2024-05-15T10:35:49.585+0000] {processor.py:161} INFO - Started process (PID=2679) to work on /home/airflow/.local/lib/python3.12/site-packages/airflow/example_dags/example_branch_labels.py
[2024-05-15T10:35:49.594+0000] {processor.py:830} INFO - Processing file /home/airflow/.local/lib/python3.12/site-packages/airflow/example_dags/example_branch_labels.py for tasks to queue
[2024-05-15T10:35:49.595+0000] {logging_mixin.py:188} INFO - [2024-05-15T10:35:49.595+0000] {dagbag.py:540} INFO - Filling up the DagBag from /home/airflow/.local/lib/python3.12/site-packages/airflow/example_dags/example_branch_labels.py
[2024-05-15T10:35:49.602+0000] {processor.py:840} INFO - DAG(s) 'example_branch_labels' retrieved from /home/airflow/.local/lib/python3.12/site-packages/airflow/example_dags/example_branch_labels.py
[2024-05-15T10:35:49.622+0000] {logging_mixin.py:188} INFO - [2024-05-15T10:35:49.621+0000] {dag.py:3096} INFO - Sync 1 DAGs
[2024-05-15T10:35:49.647+0000] {logging_mixin.py:188} INFO - [2024-05-15T10:35:49.646+0000] {dag.py:3954} INFO - Setting next_dagrun for example_branch_labels to 2024-05-14 00:00:00+00:00, run_after=2024-05-15 00:00:00+00:00
[2024-05-15T10:35:49.663+0000] {processor.py:183} INFO - Processing /home/airflow/.local/lib/python3.12/site-packages/airflow/example_dags/example_branch_labels.py took 0.083 seconds
[2024-05-15T10:36:20.408+0000] {processor.py:161} INFO - Started process (PID=2738) to work on /home/airflow/.local/lib/python3.12/site-packages/airflow/example_dags/example_branch_labels.py
[2024-05-15T10:36:20.417+0000] {processor.py:830} INFO - Processing file /home/airflow/.local/lib/python3.12/site-packages/airflow/example_dags/example_branch_labels.py for tasks to queue
[2024-05-15T10:36:20.420+0000] {logging_mixin.py:188} INFO - [2024-05-15T10:36:20.420+0000] {dagbag.py:540} INFO - Filling up the DagBag from /home/airflow/.local/lib/python3.12/site-packages/airflow/example_dags/example_branch_labels.py
[2024-05-15T10:36:20.429+0000] {processor.py:840} INFO - DAG(s) 'example_branch_labels' retrieved from /home/airflow/.local/lib/python3.12/site-packages/airflow/example_dags/example_branch_labels.py
[2024-05-15T10:36:20.469+0000] {logging_mixin.py:188} INFO - [2024-05-15T10:36:20.469+0000] {dag.py:3096} INFO - Sync 1 DAGs
[2024-05-15T10:36:20.493+0000] {logging_mixin.py:188} INFO - [2024-05-15T10:36:20.493+0000] {dag.py:3954} INFO - Setting next_dagrun for example_branch_labels to 2024-05-14 00:00:00+00:00, run_after=2024-05-15 00:00:00+00:00
[2024-05-15T10:36:20.510+0000] {processor.py:183} INFO - Processing /home/airflow/.local/lib/python3.12/site-packages/airflow/example_dags/example_branch_labels.py took 0.110 seconds
[2024-05-15T10:36:50.916+0000] {processor.py:161} INFO - Started process (PID=2797) to work on /home/airflow/.local/lib/python3.12/site-packages/airflow/example_dags/example_branch_labels.py
[2024-05-15T10:36:50.919+0000] {processor.py:830} INFO - Processing file /home/airflow/.local/lib/python3.12/site-packages/airflow/example_dags/example_branch_labels.py for tasks to queue
[2024-05-15T10:36:50.921+0000] {logging_mixin.py:188} INFO - [2024-05-15T10:36:50.921+0000] {dagbag.py:540} INFO - Filling up the DagBag from /home/airflow/.local/lib/python3.12/site-packages/airflow/example_dags/example_branch_labels.py
[2024-05-15T10:36:50.929+0000] {processor.py:840} INFO - DAG(s) 'example_branch_labels' retrieved from /home/airflow/.local/lib/python3.12/site-packages/airflow/example_dags/example_branch_labels.py
[2024-05-15T10:36:50.951+0000] {logging_mixin.py:188} INFO - [2024-05-15T10:36:50.951+0000] {dag.py:3096} INFO - Sync 1 DAGs
[2024-05-15T10:36:50.975+0000] {logging_mixin.py:188} INFO - [2024-05-15T10:36:50.975+0000] {dag.py:3954} INFO - Setting next_dagrun for example_branch_labels to 2024-05-14 00:00:00+00:00, run_after=2024-05-15 00:00:00+00:00
[2024-05-15T10:36:50.990+0000] {processor.py:183} INFO - Processing /home/airflow/.local/lib/python3.12/site-packages/airflow/example_dags/example_branch_labels.py took 0.082 seconds
[2024-05-15T10:37:21.570+0000] {processor.py:161} INFO - Started process (PID=2856) to work on /home/airflow/.local/lib/python3.12/site-packages/airflow/example_dags/example_branch_labels.py
[2024-05-15T10:37:21.578+0000] {processor.py:830} INFO - Processing file /home/airflow/.local/lib/python3.12/site-packages/airflow/example_dags/example_branch_labels.py for tasks to queue
[2024-05-15T10:37:21.580+0000] {logging_mixin.py:188} INFO - [2024-05-15T10:37:21.580+0000] {dagbag.py:540} INFO - Filling up the DagBag from /home/airflow/.local/lib/python3.12/site-packages/airflow/example_dags/example_branch_labels.py
[2024-05-15T10:37:21.588+0000] {processor.py:840} INFO - DAG(s) 'example_branch_labels' retrieved from /home/airflow/.local/lib/python3.12/site-packages/airflow/example_dags/example_branch_labels.py
[2024-05-15T10:37:21.608+0000] {logging_mixin.py:188} INFO - [2024-05-15T10:37:21.608+0000] {dag.py:3096} INFO - Sync 1 DAGs
[2024-05-15T10:37:21.629+0000] {logging_mixin.py:188} INFO - [2024-05-15T10:37:21.629+0000] {dag.py:3954} INFO - Setting next_dagrun for example_branch_labels to 2024-05-14 00:00:00+00:00, run_after=2024-05-15 00:00:00+00:00
[2024-05-15T10:37:21.646+0000] {processor.py:183} INFO - Processing /home/airflow/.local/lib/python3.12/site-packages/airflow/example_dags/example_branch_labels.py took 0.084 seconds
[2024-05-15T10:37:52.204+0000] {processor.py:161} INFO - Started process (PID=2915) to work on /home/airflow/.local/lib/python3.12/site-packages/airflow/example_dags/example_branch_labels.py
[2024-05-15T10:37:52.213+0000] {processor.py:830} INFO - Processing file /home/airflow/.local/lib/python3.12/site-packages/airflow/example_dags/example_branch_labels.py for tasks to queue
[2024-05-15T10:37:52.215+0000] {logging_mixin.py:188} INFO - [2024-05-15T10:37:52.214+0000] {dagbag.py:540} INFO - Filling up the DagBag from /home/airflow/.local/lib/python3.12/site-packages/airflow/example_dags/example_branch_labels.py
[2024-05-15T10:37:52.223+0000] {processor.py:840} INFO - DAG(s) 'example_branch_labels' retrieved from /home/airflow/.local/lib/python3.12/site-packages/airflow/example_dags/example_branch_labels.py
[2024-05-15T10:37:52.245+0000] {logging_mixin.py:188} INFO - [2024-05-15T10:37:52.245+0000] {dag.py:3096} INFO - Sync 1 DAGs
[2024-05-15T10:37:52.269+0000] {logging_mixin.py:188} INFO - [2024-05-15T10:37:52.269+0000] {dag.py:3954} INFO - Setting next_dagrun for example_branch_labels to 2024-05-14 00:00:00+00:00, run_after=2024-05-15 00:00:00+00:00
[2024-05-15T10:37:52.292+0000] {processor.py:183} INFO - Processing /home/airflow/.local/lib/python3.12/site-packages/airflow/example_dags/example_branch_labels.py took 0.095 seconds
[2024-05-15T10:38:22.777+0000] {processor.py:161} INFO - Started process (PID=2974) to work on /home/airflow/.local/lib/python3.12/site-packages/airflow/example_dags/example_branch_labels.py
[2024-05-15T10:38:22.786+0000] {processor.py:830} INFO - Processing file /home/airflow/.local/lib/python3.12/site-packages/airflow/example_dags/example_branch_labels.py for tasks to queue
[2024-05-15T10:38:22.788+0000] {logging_mixin.py:188} INFO - [2024-05-15T10:38:22.788+0000] {dagbag.py:540} INFO - Filling up the DagBag from /home/airflow/.local/lib/python3.12/site-packages/airflow/example_dags/example_branch_labels.py
[2024-05-15T10:38:22.797+0000] {processor.py:840} INFO - DAG(s) 'example_branch_labels' retrieved from /home/airflow/.local/lib/python3.12/site-packages/airflow/example_dags/example_branch_labels.py
[2024-05-15T10:38:22.818+0000] {logging_mixin.py:188} INFO - [2024-05-15T10:38:22.818+0000] {dag.py:3096} INFO - Sync 1 DAGs
[2024-05-15T10:38:22.839+0000] {logging_mixin.py:188} INFO - [2024-05-15T10:38:22.839+0000] {dag.py:3954} INFO - Setting next_dagrun for example_branch_labels to 2024-05-14 00:00:00+00:00, run_after=2024-05-15 00:00:00+00:00
[2024-05-15T10:38:22.858+0000] {processor.py:183} INFO - Processing /home/airflow/.local/lib/python3.12/site-packages/airflow/example_dags/example_branch_labels.py took 0.088 seconds
[2024-05-15T10:38:53.218+0000] {processor.py:161} INFO - Started process (PID=3033) to work on /home/airflow/.local/lib/python3.12/site-packages/airflow/example_dags/example_branch_labels.py
[2024-05-15T10:38:53.227+0000] {processor.py:830} INFO - Processing file /home/airflow/.local/lib/python3.12/site-packages/airflow/example_dags/example_branch_labels.py for tasks to queue
[2024-05-15T10:38:53.228+0000] {logging_mixin.py:188} INFO - [2024-05-15T10:38:53.228+0000] {dagbag.py:540} INFO - Filling up the DagBag from /home/airflow/.local/lib/python3.12/site-packages/airflow/example_dags/example_branch_labels.py
[2024-05-15T10:38:53.236+0000] {processor.py:840} INFO - DAG(s) 'example_branch_labels' retrieved from /home/airflow/.local/lib/python3.12/site-packages/airflow/example_dags/example_branch_labels.py
[2024-05-15T10:38:53.259+0000] {logging_mixin.py:188} INFO - [2024-05-15T10:38:53.258+0000] {dag.py:3096} INFO - Sync 1 DAGs
[2024-05-15T10:38:53.282+0000] {logging_mixin.py:188} INFO - [2024-05-15T10:38:53.282+0000] {dag.py:3954} INFO - Setting next_dagrun for example_branch_labels to 2024-05-14 00:00:00+00:00, run_after=2024-05-15 00:00:00+00:00
[2024-05-15T10:38:53.301+0000] {processor.py:183} INFO - Processing /home/airflow/.local/lib/python3.12/site-packages/airflow/example_dags/example_branch_labels.py took 0.090 seconds
[2024-05-15T10:39:23.658+0000] {processor.py:161} INFO - Started process (PID=3092) to work on /home/airflow/.local/lib/python3.12/site-packages/airflow/example_dags/example_branch_labels.py
[2024-05-15T10:39:23.662+0000] {processor.py:830} INFO - Processing file /home/airflow/.local/lib/python3.12/site-packages/airflow/example_dags/example_branch_labels.py for tasks to queue
[2024-05-15T10:39:23.663+0000] {logging_mixin.py:188} INFO - [2024-05-15T10:39:23.663+0000] {dagbag.py:540} INFO - Filling up the DagBag from /home/airflow/.local/lib/python3.12/site-packages/airflow/example_dags/example_branch_labels.py
[2024-05-15T10:39:23.672+0000] {processor.py:840} INFO - DAG(s) 'example_branch_labels' retrieved from /home/airflow/.local/lib/python3.12/site-packages/airflow/example_dags/example_branch_labels.py
[2024-05-15T10:39:23.692+0000] {logging_mixin.py:188} INFO - [2024-05-15T10:39:23.691+0000] {dag.py:3096} INFO - Sync 1 DAGs
[2024-05-15T10:39:23.710+0000] {logging_mixin.py:188} INFO - [2024-05-15T10:39:23.710+0000] {dag.py:3954} INFO - Setting next_dagrun for example_branch_labels to 2024-05-14 00:00:00+00:00, run_after=2024-05-15 00:00:00+00:00
[2024-05-15T10:39:23.727+0000] {processor.py:183} INFO - Processing /home/airflow/.local/lib/python3.12/site-packages/airflow/example_dags/example_branch_labels.py took 0.076 seconds
[2024-05-15T10:39:54.008+0000] {processor.py:161} INFO - Started process (PID=3151) to work on /home/airflow/.local/lib/python3.12/site-packages/airflow/example_dags/example_branch_labels.py
[2024-05-15T10:39:54.017+0000] {processor.py:830} INFO - Processing file /home/airflow/.local/lib/python3.12/site-packages/airflow/example_dags/example_branch_labels.py for tasks to queue
[2024-05-15T10:39:54.019+0000] {logging_mixin.py:188} INFO - [2024-05-15T10:39:54.019+0000] {dagbag.py:540} INFO - Filling up the DagBag from /home/airflow/.local/lib/python3.12/site-packages/airflow/example_dags/example_branch_labels.py
[2024-05-15T10:39:54.029+0000] {processor.py:840} INFO - DAG(s) 'example_branch_labels' retrieved from /home/airflow/.local/lib/python3.12/site-packages/airflow/example_dags/example_branch_labels.py
[2024-05-15T10:39:54.049+0000] {logging_mixin.py:188} INFO - [2024-05-15T10:39:54.049+0000] {dag.py:3096} INFO - Sync 1 DAGs
[2024-05-15T10:39:54.070+0000] {logging_mixin.py:188} INFO - [2024-05-15T10:39:54.070+0000] {dag.py:3954} INFO - Setting next_dagrun for example_branch_labels to 2024-05-14 00:00:00+00:00, run_after=2024-05-15 00:00:00+00:00
[2024-05-15T10:39:54.088+0000] {processor.py:183} INFO - Processing /home/airflow/.local/lib/python3.12/site-packages/airflow/example_dags/example_branch_labels.py took 0.086 seconds
[2024-05-15T10:40:24.335+0000] {processor.py:161} INFO - Started process (PID=3210) to work on /home/airflow/.local/lib/python3.12/site-packages/airflow/example_dags/example_branch_labels.py
[2024-05-15T10:40:24.340+0000] {processor.py:830} INFO - Processing file /home/airflow/.local/lib/python3.12/site-packages/airflow/example_dags/example_branch_labels.py for tasks to queue
[2024-05-15T10:40:24.344+0000] {logging_mixin.py:188} INFO - [2024-05-15T10:40:24.343+0000] {dagbag.py:540} INFO - Filling up the DagBag from /home/airflow/.local/lib/python3.12/site-packages/airflow/example_dags/example_branch_labels.py
[2024-05-15T10:40:24.351+0000] {processor.py:840} INFO - DAG(s) 'example_branch_labels' retrieved from /home/airflow/.local/lib/python3.12/site-packages/airflow/example_dags/example_branch_labels.py
[2024-05-15T10:40:24.375+0000] {logging_mixin.py:188} INFO - [2024-05-15T10:40:24.375+0000] {dag.py:3096} INFO - Sync 1 DAGs
[2024-05-15T10:40:24.397+0000] {logging_mixin.py:188} INFO - [2024-05-15T10:40:24.397+0000] {dag.py:3954} INFO - Setting next_dagrun for example_branch_labels to 2024-05-14 00:00:00+00:00, run_after=2024-05-15 00:00:00+00:00
[2024-05-15T10:40:24.416+0000] {processor.py:183} INFO - Processing /home/airflow/.local/lib/python3.12/site-packages/airflow/example_dags/example_branch_labels.py took 0.088 seconds
[2024-05-15T10:40:54.702+0000] {processor.py:161} INFO - Started process (PID=3269) to work on /home/airflow/.local/lib/python3.12/site-packages/airflow/example_dags/example_branch_labels.py
[2024-05-15T10:40:54.704+0000] {processor.py:830} INFO - Processing file /home/airflow/.local/lib/python3.12/site-packages/airflow/example_dags/example_branch_labels.py for tasks to queue
[2024-05-15T10:40:54.706+0000] {logging_mixin.py:188} INFO - [2024-05-15T10:40:54.706+0000] {dagbag.py:540} INFO - Filling up the DagBag from /home/airflow/.local/lib/python3.12/site-packages/airflow/example_dags/example_branch_labels.py
[2024-05-15T10:40:54.715+0000] {processor.py:840} INFO - DAG(s) 'example_branch_labels' retrieved from /home/airflow/.local/lib/python3.12/site-packages/airflow/example_dags/example_branch_labels.py
[2024-05-15T10:40:54.736+0000] {logging_mixin.py:188} INFO - [2024-05-15T10:40:54.736+0000] {dag.py:3096} INFO - Sync 1 DAGs
[2024-05-15T10:40:54.755+0000] {logging_mixin.py:188} INFO - [2024-05-15T10:40:54.755+0000] {dag.py:3954} INFO - Setting next_dagrun for example_branch_labels to 2024-05-14 00:00:00+00:00, run_after=2024-05-15 00:00:00+00:00
[2024-05-15T10:40:54.772+0000] {processor.py:183} INFO - Processing /home/airflow/.local/lib/python3.12/site-packages/airflow/example_dags/example_branch_labels.py took 0.077 seconds
[2024-05-15T10:41:25.267+0000] {processor.py:161} INFO - Started process (PID=3328) to work on /home/airflow/.local/lib/python3.12/site-packages/airflow/example_dags/example_branch_labels.py
[2024-05-15T10:41:25.268+0000] {processor.py:830} INFO - Processing file /home/airflow/.local/lib/python3.12/site-packages/airflow/example_dags/example_branch_labels.py for tasks to queue
[2024-05-15T10:41:25.270+0000] {logging_mixin.py:188} INFO - [2024-05-15T10:41:25.270+0000] {dagbag.py:540} INFO - Filling up the DagBag from /home/airflow/.local/lib/python3.12/site-packages/airflow/example_dags/example_branch_labels.py
[2024-05-15T10:41:25.281+0000] {processor.py:840} INFO - DAG(s) 'example_branch_labels' retrieved from /home/airflow/.local/lib/python3.12/site-packages/airflow/example_dags/example_branch_labels.py
[2024-05-15T10:41:25.303+0000] {logging_mixin.py:188} INFO - [2024-05-15T10:41:25.303+0000] {dag.py:3096} INFO - Sync 1 DAGs
[2024-05-15T10:41:25.328+0000] {logging_mixin.py:188} INFO - [2024-05-15T10:41:25.328+0000] {dag.py:3954} INFO - Setting next_dagrun for example_branch_labels to 2024-05-14 00:00:00+00:00, run_after=2024-05-15 00:00:00+00:00
[2024-05-15T10:41:25.367+0000] {processor.py:183} INFO - Processing /home/airflow/.local/lib/python3.12/site-packages/airflow/example_dags/example_branch_labels.py took 0.107 seconds
[2024-05-15T10:41:55.730+0000] {processor.py:161} INFO - Started process (PID=3387) to work on /home/airflow/.local/lib/python3.12/site-packages/airflow/example_dags/example_branch_labels.py
[2024-05-15T10:41:55.739+0000] {processor.py:830} INFO - Processing file /home/airflow/.local/lib/python3.12/site-packages/airflow/example_dags/example_branch_labels.py for tasks to queue
[2024-05-15T10:41:55.741+0000] {logging_mixin.py:188} INFO - [2024-05-15T10:41:55.741+0000] {dagbag.py:540} INFO - Filling up the DagBag from /home/airflow/.local/lib/python3.12/site-packages/airflow/example_dags/example_branch_labels.py
[2024-05-15T10:41:55.749+0000] {processor.py:840} INFO - DAG(s) 'example_branch_labels' retrieved from /home/airflow/.local/lib/python3.12/site-packages/airflow/example_dags/example_branch_labels.py
[2024-05-15T10:41:55.765+0000] {logging_mixin.py:188} INFO - [2024-05-15T10:41:55.765+0000] {dag.py:3096} INFO - Sync 1 DAGs
[2024-05-15T10:41:55.786+0000] {logging_mixin.py:188} INFO - [2024-05-15T10:41:55.786+0000] {dag.py:3954} INFO - Setting next_dagrun for example_branch_labels to 2024-05-14 00:00:00+00:00, run_after=2024-05-15 00:00:00+00:00
[2024-05-15T10:41:55.802+0000] {processor.py:183} INFO - Processing /home/airflow/.local/lib/python3.12/site-packages/airflow/example_dags/example_branch_labels.py took 0.078 seconds
[2024-05-15T10:42:26.203+0000] {processor.py:161} INFO - Started process (PID=3446) to work on /home/airflow/.local/lib/python3.12/site-packages/airflow/example_dags/example_branch_labels.py
[2024-05-15T10:42:26.206+0000] {processor.py:830} INFO - Processing file /home/airflow/.local/lib/python3.12/site-packages/airflow/example_dags/example_branch_labels.py for tasks to queue
[2024-05-15T10:42:26.208+0000] {logging_mixin.py:188} INFO - [2024-05-15T10:42:26.207+0000] {dagbag.py:540} INFO - Filling up the DagBag from /home/airflow/.local/lib/python3.12/site-packages/airflow/example_dags/example_branch_labels.py
[2024-05-15T10:42:26.215+0000] {processor.py:840} INFO - DAG(s) 'example_branch_labels' retrieved from /home/airflow/.local/lib/python3.12/site-packages/airflow/example_dags/example_branch_labels.py
[2024-05-15T10:42:26.237+0000] {logging_mixin.py:188} INFO - [2024-05-15T10:42:26.237+0000] {dag.py:3096} INFO - Sync 1 DAGs
[2024-05-15T10:42:26.260+0000] {logging_mixin.py:188} INFO - [2024-05-15T10:42:26.260+0000] {dag.py:3954} INFO - Setting next_dagrun for example_branch_labels to 2024-05-14 00:00:00+00:00, run_after=2024-05-15 00:00:00+00:00
[2024-05-15T10:42:26.276+0000] {processor.py:183} INFO - Processing /home/airflow/.local/lib/python3.12/site-packages/airflow/example_dags/example_branch_labels.py took 0.080 seconds
[2024-05-15T10:42:56.643+0000] {processor.py:161} INFO - Started process (PID=3506) to work on /home/airflow/.local/lib/python3.12/site-packages/airflow/example_dags/example_branch_labels.py
[2024-05-15T10:42:56.653+0000] {processor.py:830} INFO - Processing file /home/airflow/.local/lib/python3.12/site-packages/airflow/example_dags/example_branch_labels.py for tasks to queue
[2024-05-15T10:42:56.655+0000] {logging_mixin.py:188} INFO - [2024-05-15T10:42:56.654+0000] {dagbag.py:540} INFO - Filling up the DagBag from /home/airflow/.local/lib/python3.12/site-packages/airflow/example_dags/example_branch_labels.py
[2024-05-15T10:42:56.664+0000] {processor.py:840} INFO - DAG(s) 'example_branch_labels' retrieved from /home/airflow/.local/lib/python3.12/site-packages/airflow/example_dags/example_branch_labels.py
[2024-05-15T10:42:56.684+0000] {logging_mixin.py:188} INFO - [2024-05-15T10:42:56.684+0000] {dag.py:3096} INFO - Sync 1 DAGs
[2024-05-15T10:42:56.705+0000] {logging_mixin.py:188} INFO - [2024-05-15T10:42:56.705+0000] {dag.py:3954} INFO - Setting next_dagrun for example_branch_labels to 2024-05-14 00:00:00+00:00, run_after=2024-05-15 00:00:00+00:00
[2024-05-15T10:42:56.722+0000] {processor.py:183} INFO - Processing /home/airflow/.local/lib/python3.12/site-packages/airflow/example_dags/example_branch_labels.py took 0.086 seconds
[2024-05-15T10:43:27.094+0000] {processor.py:161} INFO - Started process (PID=3565) to work on /home/airflow/.local/lib/python3.12/site-packages/airflow/example_dags/example_branch_labels.py
[2024-05-15T10:43:27.109+0000] {processor.py:830} INFO - Processing file /home/airflow/.local/lib/python3.12/site-packages/airflow/example_dags/example_branch_labels.py for tasks to queue
[2024-05-15T10:43:27.111+0000] {logging_mixin.py:188} INFO - [2024-05-15T10:43:27.110+0000] {dagbag.py:540} INFO - Filling up the DagBag from /home/airflow/.local/lib/python3.12/site-packages/airflow/example_dags/example_branch_labels.py
[2024-05-15T10:43:27.119+0000] {processor.py:840} INFO - DAG(s) 'example_branch_labels' retrieved from /home/airflow/.local/lib/python3.12/site-packages/airflow/example_dags/example_branch_labels.py
[2024-05-15T10:43:27.137+0000] {logging_mixin.py:188} INFO - [2024-05-15T10:43:27.137+0000] {dag.py:3096} INFO - Sync 1 DAGs
[2024-05-15T10:43:27.157+0000] {logging_mixin.py:188} INFO - [2024-05-15T10:43:27.157+0000] {dag.py:3954} INFO - Setting next_dagrun for example_branch_labels to 2024-05-14 00:00:00+00:00, run_after=2024-05-15 00:00:00+00:00
[2024-05-15T10:43:27.172+0000] {processor.py:183} INFO - Processing /home/airflow/.local/lib/python3.12/site-packages/airflow/example_dags/example_branch_labels.py took 0.084 seconds
[2024-05-15T10:43:57.641+0000] {processor.py:161} INFO - Started process (PID=3624) to work on /home/airflow/.local/lib/python3.12/site-packages/airflow/example_dags/example_branch_labels.py
[2024-05-15T10:43:57.650+0000] {processor.py:830} INFO - Processing file /home/airflow/.local/lib/python3.12/site-packages/airflow/example_dags/example_branch_labels.py for tasks to queue
[2024-05-15T10:43:57.652+0000] {logging_mixin.py:188} INFO - [2024-05-15T10:43:57.651+0000] {dagbag.py:540} INFO - Filling up the DagBag from /home/airflow/.local/lib/python3.12/site-packages/airflow/example_dags/example_branch_labels.py
[2024-05-15T10:43:57.658+0000] {processor.py:840} INFO - DAG(s) 'example_branch_labels' retrieved from /home/airflow/.local/lib/python3.12/site-packages/airflow/example_dags/example_branch_labels.py
[2024-05-15T10:43:57.676+0000] {logging_mixin.py:188} INFO - [2024-05-15T10:43:57.675+0000] {dag.py:3096} INFO - Sync 1 DAGs
[2024-05-15T10:43:57.697+0000] {logging_mixin.py:188} INFO - [2024-05-15T10:43:57.697+0000] {dag.py:3954} INFO - Setting next_dagrun for example_branch_labels to 2024-05-14 00:00:00+00:00, run_after=2024-05-15 00:00:00+00:00
[2024-05-15T10:43:57.713+0000] {processor.py:183} INFO - Processing /home/airflow/.local/lib/python3.12/site-packages/airflow/example_dags/example_branch_labels.py took 0.087 seconds
[2024-05-15T10:44:28.260+0000] {processor.py:161} INFO - Started process (PID=3683) to work on /home/airflow/.local/lib/python3.12/site-packages/airflow/example_dags/example_branch_labels.py
[2024-05-15T10:44:28.268+0000] {processor.py:830} INFO - Processing file /home/airflow/.local/lib/python3.12/site-packages/airflow/example_dags/example_branch_labels.py for tasks to queue
[2024-05-15T10:44:28.270+0000] {logging_mixin.py:188} INFO - [2024-05-15T10:44:28.270+0000] {dagbag.py:540} INFO - Filling up the DagBag from /home/airflow/.local/lib/python3.12/site-packages/airflow/example_dags/example_branch_labels.py
[2024-05-15T10:44:28.278+0000] {processor.py:840} INFO - DAG(s) 'example_branch_labels' retrieved from /home/airflow/.local/lib/python3.12/site-packages/airflow/example_dags/example_branch_labels.py
[2024-05-15T10:44:28.300+0000] {logging_mixin.py:188} INFO - [2024-05-15T10:44:28.300+0000] {dag.py:3096} INFO - Sync 1 DAGs
[2024-05-15T10:44:28.324+0000] {logging_mixin.py:188} INFO - [2024-05-15T10:44:28.324+0000] {dag.py:3954} INFO - Setting next_dagrun for example_branch_labels to 2024-05-14 00:00:00+00:00, run_after=2024-05-15 00:00:00+00:00
[2024-05-15T10:44:28.346+0000] {processor.py:183} INFO - Processing /home/airflow/.local/lib/python3.12/site-packages/airflow/example_dags/example_branch_labels.py took 0.095 seconds
[2024-05-15T10:44:58.816+0000] {processor.py:161} INFO - Started process (PID=3742) to work on /home/airflow/.local/lib/python3.12/site-packages/airflow/example_dags/example_branch_labels.py
[2024-05-15T10:44:58.821+0000] {processor.py:830} INFO - Processing file /home/airflow/.local/lib/python3.12/site-packages/airflow/example_dags/example_branch_labels.py for tasks to queue
[2024-05-15T10:44:58.824+0000] {logging_mixin.py:188} INFO - [2024-05-15T10:44:58.824+0000] {dagbag.py:540} INFO - Filling up the DagBag from /home/airflow/.local/lib/python3.12/site-packages/airflow/example_dags/example_branch_labels.py
[2024-05-15T10:44:58.834+0000] {processor.py:840} INFO - DAG(s) 'example_branch_labels' retrieved from /home/airflow/.local/lib/python3.12/site-packages/airflow/example_dags/example_branch_labels.py
[2024-05-15T10:44:58.853+0000] {logging_mixin.py:188} INFO - [2024-05-15T10:44:58.853+0000] {dag.py:3096} INFO - Sync 1 DAGs
[2024-05-15T10:44:58.874+0000] {logging_mixin.py:188} INFO - [2024-05-15T10:44:58.874+0000] {dag.py:3954} INFO - Setting next_dagrun for example_branch_labels to 2024-05-14 00:00:00+00:00, run_after=2024-05-15 00:00:00+00:00
[2024-05-15T10:44:58.891+0000] {processor.py:183} INFO - Processing /home/airflow/.local/lib/python3.12/site-packages/airflow/example_dags/example_branch_labels.py took 0.081 seconds
[2024-05-15T10:45:29.364+0000] {processor.py:161} INFO - Started process (PID=3801) to work on /home/airflow/.local/lib/python3.12/site-packages/airflow/example_dags/example_branch_labels.py
[2024-05-15T10:45:29.373+0000] {processor.py:830} INFO - Processing file /home/airflow/.local/lib/python3.12/site-packages/airflow/example_dags/example_branch_labels.py for tasks to queue
[2024-05-15T10:45:29.375+0000] {logging_mixin.py:188} INFO - [2024-05-15T10:45:29.375+0000] {dagbag.py:540} INFO - Filling up the DagBag from /home/airflow/.local/lib/python3.12/site-packages/airflow/example_dags/example_branch_labels.py
[2024-05-15T10:45:29.383+0000] {processor.py:840} INFO - DAG(s) 'example_branch_labels' retrieved from /home/airflow/.local/lib/python3.12/site-packages/airflow/example_dags/example_branch_labels.py
[2024-05-15T10:45:29.409+0000] {logging_mixin.py:188} INFO - [2024-05-15T10:45:29.408+0000] {dag.py:3096} INFO - Sync 1 DAGs
[2024-05-15T10:45:29.429+0000] {logging_mixin.py:188} INFO - [2024-05-15T10:45:29.429+0000] {dag.py:3954} INFO - Setting next_dagrun for example_branch_labels to 2024-05-14 00:00:00+00:00, run_after=2024-05-15 00:00:00+00:00
[2024-05-15T10:45:29.444+0000] {processor.py:183} INFO - Processing /home/airflow/.local/lib/python3.12/site-packages/airflow/example_dags/example_branch_labels.py took 0.087 seconds
[2024-05-15T10:45:59.849+0000] {processor.py:161} INFO - Started process (PID=3860) to work on /home/airflow/.local/lib/python3.12/site-packages/airflow/example_dags/example_branch_labels.py
[2024-05-15T10:45:59.858+0000] {processor.py:830} INFO - Processing file /home/airflow/.local/lib/python3.12/site-packages/airflow/example_dags/example_branch_labels.py for tasks to queue
[2024-05-15T10:45:59.859+0000] {logging_mixin.py:188} INFO - [2024-05-15T10:45:59.859+0000] {dagbag.py:540} INFO - Filling up the DagBag from /home/airflow/.local/lib/python3.12/site-packages/airflow/example_dags/example_branch_labels.py
[2024-05-15T10:45:59.866+0000] {processor.py:840} INFO - DAG(s) 'example_branch_labels' retrieved from /home/airflow/.local/lib/python3.12/site-packages/airflow/example_dags/example_branch_labels.py
[2024-05-15T10:45:59.884+0000] {logging_mixin.py:188} INFO - [2024-05-15T10:45:59.883+0000] {dag.py:3096} INFO - Sync 1 DAGs
[2024-05-15T10:45:59.904+0000] {logging_mixin.py:188} INFO - [2024-05-15T10:45:59.903+0000] {dag.py:3954} INFO - Setting next_dagrun for example_branch_labels to 2024-05-14 00:00:00+00:00, run_after=2024-05-15 00:00:00+00:00
[2024-05-15T10:45:59.919+0000] {processor.py:183} INFO - Processing /home/airflow/.local/lib/python3.12/site-packages/airflow/example_dags/example_branch_labels.py took 0.079 seconds
[2024-05-15T10:46:30.333+0000] {processor.py:161} INFO - Started process (PID=3919) to work on /home/airflow/.local/lib/python3.12/site-packages/airflow/example_dags/example_branch_labels.py
[2024-05-15T10:46:30.342+0000] {processor.py:830} INFO - Processing file /home/airflow/.local/lib/python3.12/site-packages/airflow/example_dags/example_branch_labels.py for tasks to queue
[2024-05-15T10:46:30.343+0000] {logging_mixin.py:188} INFO - [2024-05-15T10:46:30.343+0000] {dagbag.py:540} INFO - Filling up the DagBag from /home/airflow/.local/lib/python3.12/site-packages/airflow/example_dags/example_branch_labels.py
[2024-05-15T10:46:30.350+0000] {processor.py:840} INFO - DAG(s) 'example_branch_labels' retrieved from /home/airflow/.local/lib/python3.12/site-packages/airflow/example_dags/example_branch_labels.py
[2024-05-15T10:46:30.369+0000] {logging_mixin.py:188} INFO - [2024-05-15T10:46:30.369+0000] {dag.py:3096} INFO - Sync 1 DAGs
[2024-05-15T10:46:30.389+0000] {logging_mixin.py:188} INFO - [2024-05-15T10:46:30.389+0000] {dag.py:3954} INFO - Setting next_dagrun for example_branch_labels to 2024-05-14 00:00:00+00:00, run_after=2024-05-15 00:00:00+00:00
[2024-05-15T10:46:30.406+0000] {processor.py:183} INFO - Processing /home/airflow/.local/lib/python3.12/site-packages/airflow/example_dags/example_branch_labels.py took 0.081 seconds
[2024-05-15T10:47:00.692+0000] {processor.py:161} INFO - Started process (PID=3978) to work on /home/airflow/.local/lib/python3.12/site-packages/airflow/example_dags/example_branch_labels.py
[2024-05-15T10:47:00.696+0000] {processor.py:830} INFO - Processing file /home/airflow/.local/lib/python3.12/site-packages/airflow/example_dags/example_branch_labels.py for tasks to queue
[2024-05-15T10:47:00.698+0000] {logging_mixin.py:188} INFO - [2024-05-15T10:47:00.698+0000] {dagbag.py:540} INFO - Filling up the DagBag from /home/airflow/.local/lib/python3.12/site-packages/airflow/example_dags/example_branch_labels.py
[2024-05-15T10:47:00.704+0000] {processor.py:840} INFO - DAG(s) 'example_branch_labels' retrieved from /home/airflow/.local/lib/python3.12/site-packages/airflow/example_dags/example_branch_labels.py
[2024-05-15T10:47:00.725+0000] {logging_mixin.py:188} INFO - [2024-05-15T10:47:00.725+0000] {dag.py:3096} INFO - Sync 1 DAGs
[2024-05-15T10:47:00.746+0000] {logging_mixin.py:188} INFO - [2024-05-15T10:47:00.745+0000] {dag.py:3954} INFO - Setting next_dagrun for example_branch_labels to 2024-05-14 00:00:00+00:00, run_after=2024-05-15 00:00:00+00:00
[2024-05-15T10:47:00.763+0000] {processor.py:183} INFO - Processing /home/airflow/.local/lib/python3.12/site-packages/airflow/example_dags/example_branch_labels.py took 0.077 seconds
[2024-05-15T10:47:30.950+0000] {processor.py:161} INFO - Started process (PID=4037) to work on /home/airflow/.local/lib/python3.12/site-packages/airflow/example_dags/example_branch_labels.py
[2024-05-15T10:47:30.952+0000] {processor.py:830} INFO - Processing file /home/airflow/.local/lib/python3.12/site-packages/airflow/example_dags/example_branch_labels.py for tasks to queue
[2024-05-15T10:47:30.954+0000] {logging_mixin.py:188} INFO - [2024-05-15T10:47:30.954+0000] {dagbag.py:540} INFO - Filling up the DagBag from /home/airflow/.local/lib/python3.12/site-packages/airflow/example_dags/example_branch_labels.py
[2024-05-15T10:47:30.961+0000] {processor.py:840} INFO - DAG(s) 'example_branch_labels' retrieved from /home/airflow/.local/lib/python3.12/site-packages/airflow/example_dags/example_branch_labels.py
[2024-05-15T10:47:30.984+0000] {logging_mixin.py:188} INFO - [2024-05-15T10:47:30.984+0000] {dag.py:3096} INFO - Sync 1 DAGs
[2024-05-15T10:47:31.005+0000] {logging_mixin.py:188} INFO - [2024-05-15T10:47:31.005+0000] {dag.py:3954} INFO - Setting next_dagrun for example_branch_labels to 2024-05-14 00:00:00+00:00, run_after=2024-05-15 00:00:00+00:00
[2024-05-15T10:47:31.022+0000] {processor.py:183} INFO - Processing /home/airflow/.local/lib/python3.12/site-packages/airflow/example_dags/example_branch_labels.py took 0.078 seconds
[2024-05-15T10:48:01.493+0000] {processor.py:161} INFO - Started process (PID=4096) to work on /home/airflow/.local/lib/python3.12/site-packages/airflow/example_dags/example_branch_labels.py
[2024-05-15T10:48:01.497+0000] {processor.py:830} INFO - Processing file /home/airflow/.local/lib/python3.12/site-packages/airflow/example_dags/example_branch_labels.py for tasks to queue
[2024-05-15T10:48:01.499+0000] {logging_mixin.py:188} INFO - [2024-05-15T10:48:01.499+0000] {dagbag.py:540} INFO - Filling up the DagBag from /home/airflow/.local/lib/python3.12/site-packages/airflow/example_dags/example_branch_labels.py
[2024-05-15T10:48:01.506+0000] {processor.py:840} INFO - DAG(s) 'example_branch_labels' retrieved from /home/airflow/.local/lib/python3.12/site-packages/airflow/example_dags/example_branch_labels.py
[2024-05-15T10:48:01.526+0000] {logging_mixin.py:188} INFO - [2024-05-15T10:48:01.526+0000] {dag.py:3096} INFO - Sync 1 DAGs
[2024-05-15T10:48:01.546+0000] {logging_mixin.py:188} INFO - [2024-05-15T10:48:01.545+0000] {dag.py:3954} INFO - Setting next_dagrun for example_branch_labels to 2024-05-14 00:00:00+00:00, run_after=2024-05-15 00:00:00+00:00
[2024-05-15T10:48:01.565+0000] {processor.py:183} INFO - Processing /home/airflow/.local/lib/python3.12/site-packages/airflow/example_dags/example_branch_labels.py took 0.079 seconds
