[2024-05-15T10:12:32.634+0000] {processor.py:161} INFO - Started process (PID=43) to work on /home/airflow/.local/lib/python3.12/site-packages/airflow/example_dags/example_latest_only_with_trigger.py
[2024-05-15T10:12:32.635+0000] {processor.py:830} INFO - Processing file /home/airflow/.local/lib/python3.12/site-packages/airflow/example_dags/example_latest_only_with_trigger.py for tasks to queue
[2024-05-15T10:12:32.637+0000] {logging_mixin.py:188} INFO - [2024-05-15T10:12:32.637+0000] {dagbag.py:540} INFO - Filling up the DagBag from /home/airflow/.local/lib/python3.12/site-packages/airflow/example_dags/example_latest_only_with_trigger.py
[2024-05-15T10:12:32.650+0000] {processor.py:840} INFO - DAG(s) 'latest_only_with_trigger' retrieved from /home/airflow/.local/lib/python3.12/site-packages/airflow/example_dags/example_latest_only_with_trigger.py
[2024-05-15T10:12:32.681+0000] {logging_mixin.py:188} INFO - [2024-05-15T10:12:32.680+0000] {dag.py:3096} INFO - Sync 1 DAGs
[2024-05-15T10:12:32.705+0000] {logging_mixin.py:188} INFO - [2024-05-15T10:12:32.704+0000] {dag.py:3954} INFO - Setting next_dagrun for latest_only_with_trigger to 2024-05-15 04:00:00+00:00, run_after=2024-05-15 08:00:00+00:00
[2024-05-15T10:12:32.729+0000] {processor.py:183} INFO - Processing /home/airflow/.local/lib/python3.12/site-packages/airflow/example_dags/example_latest_only_with_trigger.py took 0.103 seconds
[2024-05-15T10:13:02.816+0000] {processor.py:161} INFO - Started process (PID=107) to work on /home/airflow/.local/lib/python3.12/site-packages/airflow/example_dags/example_latest_only_with_trigger.py
[2024-05-15T10:13:02.817+0000] {processor.py:830} INFO - Processing file /home/airflow/.local/lib/python3.12/site-packages/airflow/example_dags/example_latest_only_with_trigger.py for tasks to queue
[2024-05-15T10:13:02.819+0000] {logging_mixin.py:188} INFO - [2024-05-15T10:13:02.819+0000] {dagbag.py:540} INFO - Filling up the DagBag from /home/airflow/.local/lib/python3.12/site-packages/airflow/example_dags/example_latest_only_with_trigger.py
[2024-05-15T10:13:02.825+0000] {processor.py:840} INFO - DAG(s) 'latest_only_with_trigger' retrieved from /home/airflow/.local/lib/python3.12/site-packages/airflow/example_dags/example_latest_only_with_trigger.py
[2024-05-15T10:13:02.846+0000] {logging_mixin.py:188} INFO - [2024-05-15T10:13:02.846+0000] {dag.py:3096} INFO - Sync 1 DAGs
[2024-05-15T10:13:02.869+0000] {logging_mixin.py:188} INFO - [2024-05-15T10:13:02.868+0000] {dag.py:3954} INFO - Setting next_dagrun for latest_only_with_trigger to 2024-05-15 04:00:00+00:00, run_after=2024-05-15 08:00:00+00:00
[2024-05-15T10:13:02.886+0000] {processor.py:183} INFO - Processing /home/airflow/.local/lib/python3.12/site-packages/airflow/example_dags/example_latest_only_with_trigger.py took 0.078 seconds
[2024-05-15T10:13:33.242+0000] {processor.py:161} INFO - Started process (PID=167) to work on /home/airflow/.local/lib/python3.12/site-packages/airflow/example_dags/example_latest_only_with_trigger.py
[2024-05-15T10:13:33.242+0000] {processor.py:830} INFO - Processing file /home/airflow/.local/lib/python3.12/site-packages/airflow/example_dags/example_latest_only_with_trigger.py for tasks to queue
[2024-05-15T10:13:33.244+0000] {logging_mixin.py:188} INFO - [2024-05-15T10:13:33.244+0000] {dagbag.py:540} INFO - Filling up the DagBag from /home/airflow/.local/lib/python3.12/site-packages/airflow/example_dags/example_latest_only_with_trigger.py
[2024-05-15T10:13:33.249+0000] {processor.py:840} INFO - DAG(s) 'latest_only_with_trigger' retrieved from /home/airflow/.local/lib/python3.12/site-packages/airflow/example_dags/example_latest_only_with_trigger.py
[2024-05-15T10:13:33.270+0000] {logging_mixin.py:188} INFO - [2024-05-15T10:13:33.269+0000] {dag.py:3096} INFO - Sync 1 DAGs
[2024-05-15T10:13:33.290+0000] {logging_mixin.py:188} INFO - [2024-05-15T10:13:33.290+0000] {dag.py:3954} INFO - Setting next_dagrun for latest_only_with_trigger to 2024-05-15 04:00:00+00:00, run_after=2024-05-15 08:00:00+00:00
[2024-05-15T10:13:33.307+0000] {processor.py:183} INFO - Processing /home/airflow/.local/lib/python3.12/site-packages/airflow/example_dags/example_latest_only_with_trigger.py took 0.071 seconds
[2024-05-15T10:14:03.343+0000] {processor.py:161} INFO - Started process (PID=226) to work on /home/airflow/.local/lib/python3.12/site-packages/airflow/example_dags/example_latest_only_with_trigger.py
[2024-05-15T10:14:03.344+0000] {processor.py:830} INFO - Processing file /home/airflow/.local/lib/python3.12/site-packages/airflow/example_dags/example_latest_only_with_trigger.py for tasks to queue
[2024-05-15T10:14:03.345+0000] {logging_mixin.py:188} INFO - [2024-05-15T10:14:03.345+0000] {dagbag.py:540} INFO - Filling up the DagBag from /home/airflow/.local/lib/python3.12/site-packages/airflow/example_dags/example_latest_only_with_trigger.py
[2024-05-15T10:14:03.351+0000] {processor.py:840} INFO - DAG(s) 'latest_only_with_trigger' retrieved from /home/airflow/.local/lib/python3.12/site-packages/airflow/example_dags/example_latest_only_with_trigger.py
[2024-05-15T10:14:03.374+0000] {logging_mixin.py:188} INFO - [2024-05-15T10:14:03.374+0000] {dag.py:3096} INFO - Sync 1 DAGs
[2024-05-15T10:14:03.393+0000] {logging_mixin.py:188} INFO - [2024-05-15T10:14:03.393+0000] {dag.py:3954} INFO - Setting next_dagrun for latest_only_with_trigger to 2024-05-15 04:00:00+00:00, run_after=2024-05-15 08:00:00+00:00
[2024-05-15T10:14:03.412+0000] {processor.py:183} INFO - Processing /home/airflow/.local/lib/python3.12/site-packages/airflow/example_dags/example_latest_only_with_trigger.py took 0.074 seconds
[2024-05-15T10:14:33.685+0000] {processor.py:161} INFO - Started process (PID=286) to work on /home/airflow/.local/lib/python3.12/site-packages/airflow/example_dags/example_latest_only_with_trigger.py
[2024-05-15T10:14:33.695+0000] {processor.py:830} INFO - Processing file /home/airflow/.local/lib/python3.12/site-packages/airflow/example_dags/example_latest_only_with_trigger.py for tasks to queue
[2024-05-15T10:14:33.696+0000] {logging_mixin.py:188} INFO - [2024-05-15T10:14:33.696+0000] {dagbag.py:540} INFO - Filling up the DagBag from /home/airflow/.local/lib/python3.12/site-packages/airflow/example_dags/example_latest_only_with_trigger.py
[2024-05-15T10:14:33.701+0000] {processor.py:840} INFO - DAG(s) 'latest_only_with_trigger' retrieved from /home/airflow/.local/lib/python3.12/site-packages/airflow/example_dags/example_latest_only_with_trigger.py
[2024-05-15T10:14:33.722+0000] {logging_mixin.py:188} INFO - [2024-05-15T10:14:33.722+0000] {dag.py:3096} INFO - Sync 1 DAGs
[2024-05-15T10:14:33.743+0000] {logging_mixin.py:188} INFO - [2024-05-15T10:14:33.742+0000] {dag.py:3954} INFO - Setting next_dagrun for latest_only_with_trigger to 2024-05-15 04:00:00+00:00, run_after=2024-05-15 08:00:00+00:00
[2024-05-15T10:14:33.763+0000] {processor.py:183} INFO - Processing /home/airflow/.local/lib/python3.12/site-packages/airflow/example_dags/example_latest_only_with_trigger.py took 0.084 seconds
[2024-05-15T10:15:03.941+0000] {processor.py:161} INFO - Started process (PID=345) to work on /home/airflow/.local/lib/python3.12/site-packages/airflow/example_dags/example_latest_only_with_trigger.py
[2024-05-15T10:15:03.942+0000] {processor.py:830} INFO - Processing file /home/airflow/.local/lib/python3.12/site-packages/airflow/example_dags/example_latest_only_with_trigger.py for tasks to queue
[2024-05-15T10:15:03.944+0000] {logging_mixin.py:188} INFO - [2024-05-15T10:15:03.943+0000] {dagbag.py:540} INFO - Filling up the DagBag from /home/airflow/.local/lib/python3.12/site-packages/airflow/example_dags/example_latest_only_with_trigger.py
[2024-05-15T10:15:03.948+0000] {processor.py:840} INFO - DAG(s) 'latest_only_with_trigger' retrieved from /home/airflow/.local/lib/python3.12/site-packages/airflow/example_dags/example_latest_only_with_trigger.py
[2024-05-15T10:15:03.969+0000] {logging_mixin.py:188} INFO - [2024-05-15T10:15:03.969+0000] {dag.py:3096} INFO - Sync 1 DAGs
[2024-05-15T10:15:03.999+0000] {logging_mixin.py:188} INFO - [2024-05-15T10:15:03.998+0000] {dag.py:3954} INFO - Setting next_dagrun for latest_only_with_trigger to 2024-05-15 04:00:00+00:00, run_after=2024-05-15 08:00:00+00:00
[2024-05-15T10:15:04.036+0000] {processor.py:183} INFO - Processing /home/airflow/.local/lib/python3.12/site-packages/airflow/example_dags/example_latest_only_with_trigger.py took 0.100 seconds
[2024-05-15T10:15:34.577+0000] {processor.py:161} INFO - Started process (PID=404) to work on /home/airflow/.local/lib/python3.12/site-packages/airflow/example_dags/example_latest_only_with_trigger.py
[2024-05-15T10:15:34.579+0000] {processor.py:830} INFO - Processing file /home/airflow/.local/lib/python3.12/site-packages/airflow/example_dags/example_latest_only_with_trigger.py for tasks to queue
[2024-05-15T10:15:34.580+0000] {logging_mixin.py:188} INFO - [2024-05-15T10:15:34.580+0000] {dagbag.py:540} INFO - Filling up the DagBag from /home/airflow/.local/lib/python3.12/site-packages/airflow/example_dags/example_latest_only_with_trigger.py
[2024-05-15T10:15:34.584+0000] {processor.py:840} INFO - DAG(s) 'latest_only_with_trigger' retrieved from /home/airflow/.local/lib/python3.12/site-packages/airflow/example_dags/example_latest_only_with_trigger.py
[2024-05-15T10:15:34.603+0000] {logging_mixin.py:188} INFO - [2024-05-15T10:15:34.603+0000] {dag.py:3096} INFO - Sync 1 DAGs
[2024-05-15T10:15:34.621+0000] {logging_mixin.py:188} INFO - [2024-05-15T10:15:34.620+0000] {dag.py:3954} INFO - Setting next_dagrun for latest_only_with_trigger to 2024-05-15 04:00:00+00:00, run_after=2024-05-15 08:00:00+00:00
[2024-05-15T10:15:34.639+0000] {processor.py:183} INFO - Processing /home/airflow/.local/lib/python3.12/site-packages/airflow/example_dags/example_latest_only_with_trigger.py took 0.065 seconds
[2024-05-15T10:16:05.189+0000] {processor.py:161} INFO - Started process (PID=463) to work on /home/airflow/.local/lib/python3.12/site-packages/airflow/example_dags/example_latest_only_with_trigger.py
[2024-05-15T10:16:05.190+0000] {processor.py:830} INFO - Processing file /home/airflow/.local/lib/python3.12/site-packages/airflow/example_dags/example_latest_only_with_trigger.py for tasks to queue
[2024-05-15T10:16:05.192+0000] {logging_mixin.py:188} INFO - [2024-05-15T10:16:05.192+0000] {dagbag.py:540} INFO - Filling up the DagBag from /home/airflow/.local/lib/python3.12/site-packages/airflow/example_dags/example_latest_only_with_trigger.py
[2024-05-15T10:16:05.196+0000] {processor.py:840} INFO - DAG(s) 'latest_only_with_trigger' retrieved from /home/airflow/.local/lib/python3.12/site-packages/airflow/example_dags/example_latest_only_with_trigger.py
[2024-05-15T10:16:05.217+0000] {logging_mixin.py:188} INFO - [2024-05-15T10:16:05.216+0000] {dag.py:3096} INFO - Sync 1 DAGs
[2024-05-15T10:16:05.234+0000] {logging_mixin.py:188} INFO - [2024-05-15T10:16:05.234+0000] {dag.py:3954} INFO - Setting next_dagrun for latest_only_with_trigger to 2024-05-15 04:00:00+00:00, run_after=2024-05-15 08:00:00+00:00
[2024-05-15T10:16:05.252+0000] {processor.py:183} INFO - Processing /home/airflow/.local/lib/python3.12/site-packages/airflow/example_dags/example_latest_only_with_trigger.py took 0.069 seconds
[2024-05-15T10:16:35.374+0000] {processor.py:161} INFO - Started process (PID=521) to work on /home/airflow/.local/lib/python3.12/site-packages/airflow/example_dags/example_latest_only_with_trigger.py
[2024-05-15T10:16:35.376+0000] {processor.py:830} INFO - Processing file /home/airflow/.local/lib/python3.12/site-packages/airflow/example_dags/example_latest_only_with_trigger.py for tasks to queue
[2024-05-15T10:16:35.378+0000] {logging_mixin.py:188} INFO - [2024-05-15T10:16:35.378+0000] {dagbag.py:540} INFO - Filling up the DagBag from /home/airflow/.local/lib/python3.12/site-packages/airflow/example_dags/example_latest_only_with_trigger.py
[2024-05-15T10:16:35.385+0000] {processor.py:840} INFO - DAG(s) 'latest_only_with_trigger' retrieved from /home/airflow/.local/lib/python3.12/site-packages/airflow/example_dags/example_latest_only_with_trigger.py
[2024-05-15T10:16:35.404+0000] {logging_mixin.py:188} INFO - [2024-05-15T10:16:35.404+0000] {dag.py:3096} INFO - Sync 1 DAGs
[2024-05-15T10:16:35.423+0000] {logging_mixin.py:188} INFO - [2024-05-15T10:16:35.423+0000] {dag.py:3954} INFO - Setting next_dagrun for latest_only_with_trigger to 2024-05-15 04:00:00+00:00, run_after=2024-05-15 08:00:00+00:00
[2024-05-15T10:16:35.441+0000] {processor.py:183} INFO - Processing /home/airflow/.local/lib/python3.12/site-packages/airflow/example_dags/example_latest_only_with_trigger.py took 0.074 seconds
[2024-05-15T10:17:05.618+0000] {processor.py:161} INFO - Started process (PID=580) to work on /home/airflow/.local/lib/python3.12/site-packages/airflow/example_dags/example_latest_only_with_trigger.py
[2024-05-15T10:17:05.619+0000] {processor.py:830} INFO - Processing file /home/airflow/.local/lib/python3.12/site-packages/airflow/example_dags/example_latest_only_with_trigger.py for tasks to queue
[2024-05-15T10:17:05.621+0000] {logging_mixin.py:188} INFO - [2024-05-15T10:17:05.620+0000] {dagbag.py:540} INFO - Filling up the DagBag from /home/airflow/.local/lib/python3.12/site-packages/airflow/example_dags/example_latest_only_with_trigger.py
[2024-05-15T10:17:05.626+0000] {processor.py:840} INFO - DAG(s) 'latest_only_with_trigger' retrieved from /home/airflow/.local/lib/python3.12/site-packages/airflow/example_dags/example_latest_only_with_trigger.py
[2024-05-15T10:17:05.648+0000] {logging_mixin.py:188} INFO - [2024-05-15T10:17:05.648+0000] {dag.py:3096} INFO - Sync 1 DAGs
[2024-05-15T10:17:05.665+0000] {logging_mixin.py:188} INFO - [2024-05-15T10:17:05.664+0000] {dag.py:3954} INFO - Setting next_dagrun for latest_only_with_trigger to 2024-05-15 04:00:00+00:00, run_after=2024-05-15 08:00:00+00:00
[2024-05-15T10:17:05.683+0000] {processor.py:183} INFO - Processing /home/airflow/.local/lib/python3.12/site-packages/airflow/example_dags/example_latest_only_with_trigger.py took 0.070 seconds
[2024-05-15T10:17:35.786+0000] {processor.py:161} INFO - Started process (PID=639) to work on /home/airflow/.local/lib/python3.12/site-packages/airflow/example_dags/example_latest_only_with_trigger.py
[2024-05-15T10:17:35.794+0000] {processor.py:830} INFO - Processing file /home/airflow/.local/lib/python3.12/site-packages/airflow/example_dags/example_latest_only_with_trigger.py for tasks to queue
[2024-05-15T10:17:35.800+0000] {logging_mixin.py:188} INFO - [2024-05-15T10:17:35.799+0000] {dagbag.py:540} INFO - Filling up the DagBag from /home/airflow/.local/lib/python3.12/site-packages/airflow/example_dags/example_latest_only_with_trigger.py
[2024-05-15T10:17:35.819+0000] {processor.py:840} INFO - DAG(s) 'latest_only_with_trigger' retrieved from /home/airflow/.local/lib/python3.12/site-packages/airflow/example_dags/example_latest_only_with_trigger.py
[2024-05-15T10:17:35.849+0000] {logging_mixin.py:188} INFO - [2024-05-15T10:17:35.849+0000] {dag.py:3096} INFO - Sync 1 DAGs
[2024-05-15T10:17:35.892+0000] {logging_mixin.py:188} INFO - [2024-05-15T10:17:35.892+0000] {dag.py:3954} INFO - Setting next_dagrun for latest_only_with_trigger to 2024-05-15 04:00:00+00:00, run_after=2024-05-15 08:00:00+00:00
[2024-05-15T10:17:35.914+0000] {processor.py:183} INFO - Processing /home/airflow/.local/lib/python3.12/site-packages/airflow/example_dags/example_latest_only_with_trigger.py took 0.133 seconds
[2024-05-15T10:18:06.147+0000] {processor.py:161} INFO - Started process (PID=699) to work on /home/airflow/.local/lib/python3.12/site-packages/airflow/example_dags/example_latest_only_with_trigger.py
[2024-05-15T10:18:06.148+0000] {processor.py:830} INFO - Processing file /home/airflow/.local/lib/python3.12/site-packages/airflow/example_dags/example_latest_only_with_trigger.py for tasks to queue
[2024-05-15T10:18:06.150+0000] {logging_mixin.py:188} INFO - [2024-05-15T10:18:06.150+0000] {dagbag.py:540} INFO - Filling up the DagBag from /home/airflow/.local/lib/python3.12/site-packages/airflow/example_dags/example_latest_only_with_trigger.py
[2024-05-15T10:18:06.156+0000] {processor.py:840} INFO - DAG(s) 'latest_only_with_trigger' retrieved from /home/airflow/.local/lib/python3.12/site-packages/airflow/example_dags/example_latest_only_with_trigger.py
[2024-05-15T10:18:06.179+0000] {logging_mixin.py:188} INFO - [2024-05-15T10:18:06.179+0000] {dag.py:3096} INFO - Sync 1 DAGs
[2024-05-15T10:18:06.195+0000] {logging_mixin.py:188} INFO - [2024-05-15T10:18:06.195+0000] {dag.py:3954} INFO - Setting next_dagrun for latest_only_with_trigger to 2024-05-15 04:00:00+00:00, run_after=2024-05-15 08:00:00+00:00
[2024-05-15T10:18:06.210+0000] {processor.py:183} INFO - Processing /home/airflow/.local/lib/python3.12/site-packages/airflow/example_dags/example_latest_only_with_trigger.py took 0.068 seconds
[2024-05-15T10:18:37.060+0000] {processor.py:161} INFO - Started process (PID=758) to work on /home/airflow/.local/lib/python3.12/site-packages/airflow/example_dags/example_latest_only_with_trigger.py
[2024-05-15T10:18:37.062+0000] {processor.py:830} INFO - Processing file /home/airflow/.local/lib/python3.12/site-packages/airflow/example_dags/example_latest_only_with_trigger.py for tasks to queue
[2024-05-15T10:18:37.063+0000] {logging_mixin.py:188} INFO - [2024-05-15T10:18:37.063+0000] {dagbag.py:540} INFO - Filling up the DagBag from /home/airflow/.local/lib/python3.12/site-packages/airflow/example_dags/example_latest_only_with_trigger.py
[2024-05-15T10:18:37.067+0000] {processor.py:840} INFO - DAG(s) 'latest_only_with_trigger' retrieved from /home/airflow/.local/lib/python3.12/site-packages/airflow/example_dags/example_latest_only_with_trigger.py
[2024-05-15T10:18:37.091+0000] {logging_mixin.py:188} INFO - [2024-05-15T10:18:37.091+0000] {dag.py:3096} INFO - Sync 1 DAGs
[2024-05-15T10:18:37.111+0000] {logging_mixin.py:188} INFO - [2024-05-15T10:18:37.111+0000] {dag.py:3954} INFO - Setting next_dagrun for latest_only_with_trigger to 2024-05-15 04:00:00+00:00, run_after=2024-05-15 08:00:00+00:00
[2024-05-15T10:18:37.142+0000] {processor.py:183} INFO - Processing /home/airflow/.local/lib/python3.12/site-packages/airflow/example_dags/example_latest_only_with_trigger.py took 0.088 seconds
[2024-05-15T10:19:07.400+0000] {processor.py:161} INFO - Started process (PID=817) to work on /home/airflow/.local/lib/python3.12/site-packages/airflow/example_dags/example_latest_only_with_trigger.py
[2024-05-15T10:19:07.401+0000] {processor.py:830} INFO - Processing file /home/airflow/.local/lib/python3.12/site-packages/airflow/example_dags/example_latest_only_with_trigger.py for tasks to queue
[2024-05-15T10:19:07.402+0000] {logging_mixin.py:188} INFO - [2024-05-15T10:19:07.402+0000] {dagbag.py:540} INFO - Filling up the DagBag from /home/airflow/.local/lib/python3.12/site-packages/airflow/example_dags/example_latest_only_with_trigger.py
[2024-05-15T10:19:07.406+0000] {processor.py:840} INFO - DAG(s) 'latest_only_with_trigger' retrieved from /home/airflow/.local/lib/python3.12/site-packages/airflow/example_dags/example_latest_only_with_trigger.py
[2024-05-15T10:19:07.424+0000] {logging_mixin.py:188} INFO - [2024-05-15T10:19:07.423+0000] {dag.py:3096} INFO - Sync 1 DAGs
[2024-05-15T10:19:07.440+0000] {logging_mixin.py:188} INFO - [2024-05-15T10:19:07.440+0000] {dag.py:3954} INFO - Setting next_dagrun for latest_only_with_trigger to 2024-05-15 04:00:00+00:00, run_after=2024-05-15 08:00:00+00:00
[2024-05-15T10:19:07.583+0000] {processor.py:183} INFO - Processing /home/airflow/.local/lib/python3.12/site-packages/airflow/example_dags/example_latest_only_with_trigger.py took 0.188 seconds
[2024-05-15T10:19:37.767+0000] {processor.py:161} INFO - Started process (PID=876) to work on /home/airflow/.local/lib/python3.12/site-packages/airflow/example_dags/example_latest_only_with_trigger.py
[2024-05-15T10:19:37.768+0000] {processor.py:830} INFO - Processing file /home/airflow/.local/lib/python3.12/site-packages/airflow/example_dags/example_latest_only_with_trigger.py for tasks to queue
[2024-05-15T10:19:37.769+0000] {logging_mixin.py:188} INFO - [2024-05-15T10:19:37.769+0000] {dagbag.py:540} INFO - Filling up the DagBag from /home/airflow/.local/lib/python3.12/site-packages/airflow/example_dags/example_latest_only_with_trigger.py
[2024-05-15T10:19:37.773+0000] {processor.py:840} INFO - DAG(s) 'latest_only_with_trigger' retrieved from /home/airflow/.local/lib/python3.12/site-packages/airflow/example_dags/example_latest_only_with_trigger.py
[2024-05-15T10:19:37.791+0000] {logging_mixin.py:188} INFO - [2024-05-15T10:19:37.791+0000] {dag.py:3096} INFO - Sync 1 DAGs
[2024-05-15T10:19:37.809+0000] {logging_mixin.py:188} INFO - [2024-05-15T10:19:37.808+0000] {dag.py:3954} INFO - Setting next_dagrun for latest_only_with_trigger to 2024-05-15 04:00:00+00:00, run_after=2024-05-15 08:00:00+00:00
[2024-05-15T10:19:37.941+0000] {processor.py:183} INFO - Processing /home/airflow/.local/lib/python3.12/site-packages/airflow/example_dags/example_latest_only_with_trigger.py took 0.179 seconds
[2024-05-15T10:20:08.294+0000] {processor.py:161} INFO - Started process (PID=934) to work on /home/airflow/.local/lib/python3.12/site-packages/airflow/example_dags/example_latest_only_with_trigger.py
[2024-05-15T10:20:08.295+0000] {processor.py:830} INFO - Processing file /home/airflow/.local/lib/python3.12/site-packages/airflow/example_dags/example_latest_only_with_trigger.py for tasks to queue
[2024-05-15T10:20:08.296+0000] {logging_mixin.py:188} INFO - [2024-05-15T10:20:08.296+0000] {dagbag.py:540} INFO - Filling up the DagBag from /home/airflow/.local/lib/python3.12/site-packages/airflow/example_dags/example_latest_only_with_trigger.py
[2024-05-15T10:20:08.300+0000] {processor.py:840} INFO - DAG(s) 'latest_only_with_trigger' retrieved from /home/airflow/.local/lib/python3.12/site-packages/airflow/example_dags/example_latest_only_with_trigger.py
[2024-05-15T10:20:08.333+0000] {logging_mixin.py:188} INFO - [2024-05-15T10:20:08.333+0000] {dag.py:3096} INFO - Sync 1 DAGs
[2024-05-15T10:20:08.355+0000] {logging_mixin.py:188} INFO - [2024-05-15T10:20:08.354+0000] {dag.py:3954} INFO - Setting next_dagrun for latest_only_with_trigger to 2024-05-15 04:00:00+00:00, run_after=2024-05-15 08:00:00+00:00
[2024-05-15T10:20:08.378+0000] {processor.py:183} INFO - Processing /home/airflow/.local/lib/python3.12/site-packages/airflow/example_dags/example_latest_only_with_trigger.py took 0.088 seconds
[2024-05-15T10:20:39.122+0000] {processor.py:161} INFO - Started process (PID=994) to work on /home/airflow/.local/lib/python3.12/site-packages/airflow/example_dags/example_latest_only_with_trigger.py
[2024-05-15T10:20:39.123+0000] {processor.py:830} INFO - Processing file /home/airflow/.local/lib/python3.12/site-packages/airflow/example_dags/example_latest_only_with_trigger.py for tasks to queue
[2024-05-15T10:20:39.124+0000] {logging_mixin.py:188} INFO - [2024-05-15T10:20:39.124+0000] {dagbag.py:540} INFO - Filling up the DagBag from /home/airflow/.local/lib/python3.12/site-packages/airflow/example_dags/example_latest_only_with_trigger.py
[2024-05-15T10:20:39.128+0000] {processor.py:840} INFO - DAG(s) 'latest_only_with_trigger' retrieved from /home/airflow/.local/lib/python3.12/site-packages/airflow/example_dags/example_latest_only_with_trigger.py
[2024-05-15T10:20:39.149+0000] {logging_mixin.py:188} INFO - [2024-05-15T10:20:39.148+0000] {dag.py:3096} INFO - Sync 1 DAGs
[2024-05-15T10:20:39.166+0000] {logging_mixin.py:188} INFO - [2024-05-15T10:20:39.166+0000] {dag.py:3954} INFO - Setting next_dagrun for latest_only_with_trigger to 2024-05-15 04:00:00+00:00, run_after=2024-05-15 08:00:00+00:00
[2024-05-15T10:20:39.182+0000] {processor.py:183} INFO - Processing /home/airflow/.local/lib/python3.12/site-packages/airflow/example_dags/example_latest_only_with_trigger.py took 0.065 seconds
[2024-05-15T10:21:09.492+0000] {processor.py:161} INFO - Started process (PID=1053) to work on /home/airflow/.local/lib/python3.12/site-packages/airflow/example_dags/example_latest_only_with_trigger.py
[2024-05-15T10:21:09.493+0000] {processor.py:830} INFO - Processing file /home/airflow/.local/lib/python3.12/site-packages/airflow/example_dags/example_latest_only_with_trigger.py for tasks to queue
[2024-05-15T10:21:09.495+0000] {logging_mixin.py:188} INFO - [2024-05-15T10:21:09.494+0000] {dagbag.py:540} INFO - Filling up the DagBag from /home/airflow/.local/lib/python3.12/site-packages/airflow/example_dags/example_latest_only_with_trigger.py
[2024-05-15T10:21:09.499+0000] {processor.py:840} INFO - DAG(s) 'latest_only_with_trigger' retrieved from /home/airflow/.local/lib/python3.12/site-packages/airflow/example_dags/example_latest_only_with_trigger.py
[2024-05-15T10:21:09.519+0000] {logging_mixin.py:188} INFO - [2024-05-15T10:21:09.519+0000] {dag.py:3096} INFO - Sync 1 DAGs
[2024-05-15T10:21:09.538+0000] {logging_mixin.py:188} INFO - [2024-05-15T10:21:09.538+0000] {dag.py:3954} INFO - Setting next_dagrun for latest_only_with_trigger to 2024-05-15 04:00:00+00:00, run_after=2024-05-15 08:00:00+00:00
[2024-05-15T10:21:09.555+0000] {processor.py:183} INFO - Processing /home/airflow/.local/lib/python3.12/site-packages/airflow/example_dags/example_latest_only_with_trigger.py took 0.067 seconds
[2024-05-15T10:21:39.577+0000] {processor.py:161} INFO - Started process (PID=1111) to work on /home/airflow/.local/lib/python3.12/site-packages/airflow/example_dags/example_latest_only_with_trigger.py
[2024-05-15T10:21:39.578+0000] {processor.py:830} INFO - Processing file /home/airflow/.local/lib/python3.12/site-packages/airflow/example_dags/example_latest_only_with_trigger.py for tasks to queue
[2024-05-15T10:21:39.580+0000] {logging_mixin.py:188} INFO - [2024-05-15T10:21:39.580+0000] {dagbag.py:540} INFO - Filling up the DagBag from /home/airflow/.local/lib/python3.12/site-packages/airflow/example_dags/example_latest_only_with_trigger.py
[2024-05-15T10:21:39.586+0000] {processor.py:840} INFO - DAG(s) 'latest_only_with_trigger' retrieved from /home/airflow/.local/lib/python3.12/site-packages/airflow/example_dags/example_latest_only_with_trigger.py
[2024-05-15T10:21:39.605+0000] {logging_mixin.py:188} INFO - [2024-05-15T10:21:39.605+0000] {dag.py:3096} INFO - Sync 1 DAGs
[2024-05-15T10:21:39.624+0000] {logging_mixin.py:188} INFO - [2024-05-15T10:21:39.623+0000] {dag.py:3954} INFO - Setting next_dagrun for latest_only_with_trigger to 2024-05-15 04:00:00+00:00, run_after=2024-05-15 08:00:00+00:00
[2024-05-15T10:21:39.638+0000] {processor.py:183} INFO - Processing /home/airflow/.local/lib/python3.12/site-packages/airflow/example_dags/example_latest_only_with_trigger.py took 0.069 seconds
[2024-05-15T10:22:09.967+0000] {processor.py:161} INFO - Started process (PID=1171) to work on /home/airflow/.local/lib/python3.12/site-packages/airflow/example_dags/example_latest_only_with_trigger.py
[2024-05-15T10:22:09.968+0000] {processor.py:830} INFO - Processing file /home/airflow/.local/lib/python3.12/site-packages/airflow/example_dags/example_latest_only_with_trigger.py for tasks to queue
[2024-05-15T10:22:09.970+0000] {logging_mixin.py:188} INFO - [2024-05-15T10:22:09.970+0000] {dagbag.py:540} INFO - Filling up the DagBag from /home/airflow/.local/lib/python3.12/site-packages/airflow/example_dags/example_latest_only_with_trigger.py
[2024-05-15T10:22:09.976+0000] {processor.py:840} INFO - DAG(s) 'latest_only_with_trigger' retrieved from /home/airflow/.local/lib/python3.12/site-packages/airflow/example_dags/example_latest_only_with_trigger.py
[2024-05-15T10:22:09.996+0000] {logging_mixin.py:188} INFO - [2024-05-15T10:22:09.996+0000] {dag.py:3096} INFO - Sync 1 DAGs
[2024-05-15T10:22:10.022+0000] {logging_mixin.py:188} INFO - [2024-05-15T10:22:10.021+0000] {dag.py:3954} INFO - Setting next_dagrun for latest_only_with_trigger to 2024-05-15 04:00:00+00:00, run_after=2024-05-15 08:00:00+00:00
[2024-05-15T10:22:10.043+0000] {processor.py:183} INFO - Processing /home/airflow/.local/lib/python3.12/site-packages/airflow/example_dags/example_latest_only_with_trigger.py took 0.080 seconds
[2024-05-15T10:22:40.923+0000] {processor.py:161} INFO - Started process (PID=1230) to work on /home/airflow/.local/lib/python3.12/site-packages/airflow/example_dags/example_latest_only_with_trigger.py
[2024-05-15T10:22:40.925+0000] {processor.py:830} INFO - Processing file /home/airflow/.local/lib/python3.12/site-packages/airflow/example_dags/example_latest_only_with_trigger.py for tasks to queue
[2024-05-15T10:22:40.926+0000] {logging_mixin.py:188} INFO - [2024-05-15T10:22:40.926+0000] {dagbag.py:540} INFO - Filling up the DagBag from /home/airflow/.local/lib/python3.12/site-packages/airflow/example_dags/example_latest_only_with_trigger.py
[2024-05-15T10:22:40.931+0000] {processor.py:840} INFO - DAG(s) 'latest_only_with_trigger' retrieved from /home/airflow/.local/lib/python3.12/site-packages/airflow/example_dags/example_latest_only_with_trigger.py
[2024-05-15T10:22:40.949+0000] {logging_mixin.py:188} INFO - [2024-05-15T10:22:40.949+0000] {dag.py:3096} INFO - Sync 1 DAGs
[2024-05-15T10:22:40.971+0000] {logging_mixin.py:188} INFO - [2024-05-15T10:22:40.971+0000] {dag.py:3954} INFO - Setting next_dagrun for latest_only_with_trigger to 2024-05-15 04:00:00+00:00, run_after=2024-05-15 08:00:00+00:00
[2024-05-15T10:22:40.987+0000] {processor.py:183} INFO - Processing /home/airflow/.local/lib/python3.12/site-packages/airflow/example_dags/example_latest_only_with_trigger.py took 0.069 seconds
[2024-05-15T10:23:11.631+0000] {processor.py:161} INFO - Started process (PID=1289) to work on /home/airflow/.local/lib/python3.12/site-packages/airflow/example_dags/example_latest_only_with_trigger.py
[2024-05-15T10:23:11.632+0000] {processor.py:830} INFO - Processing file /home/airflow/.local/lib/python3.12/site-packages/airflow/example_dags/example_latest_only_with_trigger.py for tasks to queue
[2024-05-15T10:23:11.634+0000] {logging_mixin.py:188} INFO - [2024-05-15T10:23:11.634+0000] {dagbag.py:540} INFO - Filling up the DagBag from /home/airflow/.local/lib/python3.12/site-packages/airflow/example_dags/example_latest_only_with_trigger.py
[2024-05-15T10:23:11.640+0000] {processor.py:840} INFO - DAG(s) 'latest_only_with_trigger' retrieved from /home/airflow/.local/lib/python3.12/site-packages/airflow/example_dags/example_latest_only_with_trigger.py
[2024-05-15T10:23:11.659+0000] {logging_mixin.py:188} INFO - [2024-05-15T10:23:11.659+0000] {dag.py:3096} INFO - Sync 1 DAGs
[2024-05-15T10:23:11.679+0000] {logging_mixin.py:188} INFO - [2024-05-15T10:23:11.679+0000] {dag.py:3954} INFO - Setting next_dagrun for latest_only_with_trigger to 2024-05-15 04:00:00+00:00, run_after=2024-05-15 08:00:00+00:00
[2024-05-15T10:23:11.697+0000] {processor.py:183} INFO - Processing /home/airflow/.local/lib/python3.12/site-packages/airflow/example_dags/example_latest_only_with_trigger.py took 0.073 seconds
[2024-05-15T10:23:42.617+0000] {processor.py:161} INFO - Started process (PID=1348) to work on /home/airflow/.local/lib/python3.12/site-packages/airflow/example_dags/example_latest_only_with_trigger.py
[2024-05-15T10:23:42.618+0000] {processor.py:830} INFO - Processing file /home/airflow/.local/lib/python3.12/site-packages/airflow/example_dags/example_latest_only_with_trigger.py for tasks to queue
[2024-05-15T10:23:42.620+0000] {logging_mixin.py:188} INFO - [2024-05-15T10:23:42.619+0000] {dagbag.py:540} INFO - Filling up the DagBag from /home/airflow/.local/lib/python3.12/site-packages/airflow/example_dags/example_latest_only_with_trigger.py
[2024-05-15T10:23:42.624+0000] {processor.py:840} INFO - DAG(s) 'latest_only_with_trigger' retrieved from /home/airflow/.local/lib/python3.12/site-packages/airflow/example_dags/example_latest_only_with_trigger.py
[2024-05-15T10:23:42.644+0000] {logging_mixin.py:188} INFO - [2024-05-15T10:23:42.644+0000] {dag.py:3096} INFO - Sync 1 DAGs
[2024-05-15T10:23:42.663+0000] {logging_mixin.py:188} INFO - [2024-05-15T10:23:42.663+0000] {dag.py:3954} INFO - Setting next_dagrun for latest_only_with_trigger to 2024-05-15 04:00:00+00:00, run_after=2024-05-15 08:00:00+00:00
[2024-05-15T10:23:42.682+0000] {processor.py:183} INFO - Processing /home/airflow/.local/lib/python3.12/site-packages/airflow/example_dags/example_latest_only_with_trigger.py took 0.069 seconds
[2024-05-15T10:24:13.481+0000] {processor.py:161} INFO - Started process (PID=1407) to work on /home/airflow/.local/lib/python3.12/site-packages/airflow/example_dags/example_latest_only_with_trigger.py
[2024-05-15T10:24:13.483+0000] {processor.py:830} INFO - Processing file /home/airflow/.local/lib/python3.12/site-packages/airflow/example_dags/example_latest_only_with_trigger.py for tasks to queue
[2024-05-15T10:24:13.485+0000] {logging_mixin.py:188} INFO - [2024-05-15T10:24:13.484+0000] {dagbag.py:540} INFO - Filling up the DagBag from /home/airflow/.local/lib/python3.12/site-packages/airflow/example_dags/example_latest_only_with_trigger.py
[2024-05-15T10:24:13.490+0000] {processor.py:840} INFO - DAG(s) 'latest_only_with_trigger' retrieved from /home/airflow/.local/lib/python3.12/site-packages/airflow/example_dags/example_latest_only_with_trigger.py
[2024-05-15T10:24:13.512+0000] {logging_mixin.py:188} INFO - [2024-05-15T10:24:13.512+0000] {dag.py:3096} INFO - Sync 1 DAGs
[2024-05-15T10:24:13.531+0000] {logging_mixin.py:188} INFO - [2024-05-15T10:24:13.531+0000] {dag.py:3954} INFO - Setting next_dagrun for latest_only_with_trigger to 2024-05-15 04:00:00+00:00, run_after=2024-05-15 08:00:00+00:00
[2024-05-15T10:24:13.550+0000] {processor.py:183} INFO - Processing /home/airflow/.local/lib/python3.12/site-packages/airflow/example_dags/example_latest_only_with_trigger.py took 0.075 seconds
[2024-05-15T10:24:43.839+0000] {processor.py:161} INFO - Started process (PID=1472) to work on /home/airflow/.local/lib/python3.12/site-packages/airflow/example_dags/example_latest_only_with_trigger.py
[2024-05-15T10:24:43.840+0000] {processor.py:830} INFO - Processing file /home/airflow/.local/lib/python3.12/site-packages/airflow/example_dags/example_latest_only_with_trigger.py for tasks to queue
[2024-05-15T10:24:43.841+0000] {logging_mixin.py:188} INFO - [2024-05-15T10:24:43.841+0000] {dagbag.py:540} INFO - Filling up the DagBag from /home/airflow/.local/lib/python3.12/site-packages/airflow/example_dags/example_latest_only_with_trigger.py
[2024-05-15T10:24:43.845+0000] {processor.py:840} INFO - DAG(s) 'latest_only_with_trigger' retrieved from /home/airflow/.local/lib/python3.12/site-packages/airflow/example_dags/example_latest_only_with_trigger.py
[2024-05-15T10:24:43.867+0000] {logging_mixin.py:188} INFO - [2024-05-15T10:24:43.866+0000] {dag.py:3096} INFO - Sync 1 DAGs
[2024-05-15T10:24:43.885+0000] {logging_mixin.py:188} INFO - [2024-05-15T10:24:43.885+0000] {dag.py:3954} INFO - Setting next_dagrun for latest_only_with_trigger to 2024-05-15 04:00:00+00:00, run_after=2024-05-15 08:00:00+00:00
[2024-05-15T10:24:43.903+0000] {processor.py:183} INFO - Processing /home/airflow/.local/lib/python3.12/site-packages/airflow/example_dags/example_latest_only_with_trigger.py took 0.069 seconds
[2024-05-15T10:25:14.132+0000] {processor.py:161} INFO - Started process (PID=1531) to work on /home/airflow/.local/lib/python3.12/site-packages/airflow/example_dags/example_latest_only_with_trigger.py
[2024-05-15T10:25:14.134+0000] {processor.py:830} INFO - Processing file /home/airflow/.local/lib/python3.12/site-packages/airflow/example_dags/example_latest_only_with_trigger.py for tasks to queue
[2024-05-15T10:25:14.135+0000] {logging_mixin.py:188} INFO - [2024-05-15T10:25:14.135+0000] {dagbag.py:540} INFO - Filling up the DagBag from /home/airflow/.local/lib/python3.12/site-packages/airflow/example_dags/example_latest_only_with_trigger.py
[2024-05-15T10:25:14.139+0000] {processor.py:840} INFO - DAG(s) 'latest_only_with_trigger' retrieved from /home/airflow/.local/lib/python3.12/site-packages/airflow/example_dags/example_latest_only_with_trigger.py
[2024-05-15T10:25:14.160+0000] {logging_mixin.py:188} INFO - [2024-05-15T10:25:14.160+0000] {dag.py:3096} INFO - Sync 1 DAGs
[2024-05-15T10:25:14.183+0000] {logging_mixin.py:188} INFO - [2024-05-15T10:25:14.182+0000] {dag.py:3954} INFO - Setting next_dagrun for latest_only_with_trigger to 2024-05-15 04:00:00+00:00, run_after=2024-05-15 08:00:00+00:00
[2024-05-15T10:25:14.201+0000] {processor.py:183} INFO - Processing /home/airflow/.local/lib/python3.12/site-packages/airflow/example_dags/example_latest_only_with_trigger.py took 0.076 seconds
[2024-05-15T10:25:44.511+0000] {processor.py:161} INFO - Started process (PID=1590) to work on /home/airflow/.local/lib/python3.12/site-packages/airflow/example_dags/example_latest_only_with_trigger.py
[2024-05-15T10:25:44.512+0000] {processor.py:830} INFO - Processing file /home/airflow/.local/lib/python3.12/site-packages/airflow/example_dags/example_latest_only_with_trigger.py for tasks to queue
[2024-05-15T10:25:44.513+0000] {logging_mixin.py:188} INFO - [2024-05-15T10:25:44.513+0000] {dagbag.py:540} INFO - Filling up the DagBag from /home/airflow/.local/lib/python3.12/site-packages/airflow/example_dags/example_latest_only_with_trigger.py
[2024-05-15T10:25:44.518+0000] {processor.py:840} INFO - DAG(s) 'latest_only_with_trigger' retrieved from /home/airflow/.local/lib/python3.12/site-packages/airflow/example_dags/example_latest_only_with_trigger.py
[2024-05-15T10:25:44.543+0000] {logging_mixin.py:188} INFO - [2024-05-15T10:25:44.543+0000] {dag.py:3096} INFO - Sync 1 DAGs
[2024-05-15T10:25:44.570+0000] {logging_mixin.py:188} INFO - [2024-05-15T10:25:44.570+0000] {dag.py:3954} INFO - Setting next_dagrun for latest_only_with_trigger to 2024-05-15 04:00:00+00:00, run_after=2024-05-15 08:00:00+00:00
[2024-05-15T10:25:44.591+0000] {processor.py:183} INFO - Processing /home/airflow/.local/lib/python3.12/site-packages/airflow/example_dags/example_latest_only_with_trigger.py took 0.087 seconds
[2024-05-15T10:26:15.659+0000] {processor.py:161} INFO - Started process (PID=1649) to work on /home/airflow/.local/lib/python3.12/site-packages/airflow/example_dags/example_latest_only_with_trigger.py
[2024-05-15T10:26:15.660+0000] {processor.py:830} INFO - Processing file /home/airflow/.local/lib/python3.12/site-packages/airflow/example_dags/example_latest_only_with_trigger.py for tasks to queue
[2024-05-15T10:26:15.661+0000] {logging_mixin.py:188} INFO - [2024-05-15T10:26:15.661+0000] {dagbag.py:540} INFO - Filling up the DagBag from /home/airflow/.local/lib/python3.12/site-packages/airflow/example_dags/example_latest_only_with_trigger.py
[2024-05-15T10:26:15.669+0000] {processor.py:840} INFO - DAG(s) 'latest_only_with_trigger' retrieved from /home/airflow/.local/lib/python3.12/site-packages/airflow/example_dags/example_latest_only_with_trigger.py
[2024-05-15T10:26:15.691+0000] {logging_mixin.py:188} INFO - [2024-05-15T10:26:15.690+0000] {dag.py:3096} INFO - Sync 1 DAGs
[2024-05-15T10:26:15.713+0000] {logging_mixin.py:188} INFO - [2024-05-15T10:26:15.713+0000] {dag.py:3954} INFO - Setting next_dagrun for latest_only_with_trigger to 2024-05-15 04:00:00+00:00, run_after=2024-05-15 08:00:00+00:00
[2024-05-15T10:26:15.733+0000] {processor.py:183} INFO - Processing /home/airflow/.local/lib/python3.12/site-packages/airflow/example_dags/example_latest_only_with_trigger.py took 0.080 seconds
[2024-05-15T10:26:46.603+0000] {processor.py:161} INFO - Started process (PID=1708) to work on /home/airflow/.local/lib/python3.12/site-packages/airflow/example_dags/example_latest_only_with_trigger.py
[2024-05-15T10:26:46.604+0000] {processor.py:830} INFO - Processing file /home/airflow/.local/lib/python3.12/site-packages/airflow/example_dags/example_latest_only_with_trigger.py for tasks to queue
[2024-05-15T10:26:46.606+0000] {logging_mixin.py:188} INFO - [2024-05-15T10:26:46.605+0000] {dagbag.py:540} INFO - Filling up the DagBag from /home/airflow/.local/lib/python3.12/site-packages/airflow/example_dags/example_latest_only_with_trigger.py
[2024-05-15T10:26:46.611+0000] {processor.py:840} INFO - DAG(s) 'latest_only_with_trigger' retrieved from /home/airflow/.local/lib/python3.12/site-packages/airflow/example_dags/example_latest_only_with_trigger.py
[2024-05-15T10:26:46.633+0000] {logging_mixin.py:188} INFO - [2024-05-15T10:26:46.633+0000] {dag.py:3096} INFO - Sync 1 DAGs
[2024-05-15T10:26:46.650+0000] {logging_mixin.py:188} INFO - [2024-05-15T10:26:46.650+0000] {dag.py:3954} INFO - Setting next_dagrun for latest_only_with_trigger to 2024-05-15 04:00:00+00:00, run_after=2024-05-15 08:00:00+00:00
[2024-05-15T10:26:46.667+0000] {processor.py:183} INFO - Processing /home/airflow/.local/lib/python3.12/site-packages/airflow/example_dags/example_latest_only_with_trigger.py took 0.071 seconds
[2024-05-15T10:27:16.964+0000] {processor.py:161} INFO - Started process (PID=1767) to work on /home/airflow/.local/lib/python3.12/site-packages/airflow/example_dags/example_latest_only_with_trigger.py
[2024-05-15T10:27:16.966+0000] {processor.py:830} INFO - Processing file /home/airflow/.local/lib/python3.12/site-packages/airflow/example_dags/example_latest_only_with_trigger.py for tasks to queue
[2024-05-15T10:27:16.968+0000] {logging_mixin.py:188} INFO - [2024-05-15T10:27:16.967+0000] {dagbag.py:540} INFO - Filling up the DagBag from /home/airflow/.local/lib/python3.12/site-packages/airflow/example_dags/example_latest_only_with_trigger.py
[2024-05-15T10:27:16.972+0000] {processor.py:840} INFO - DAG(s) 'latest_only_with_trigger' retrieved from /home/airflow/.local/lib/python3.12/site-packages/airflow/example_dags/example_latest_only_with_trigger.py
[2024-05-15T10:27:16.990+0000] {logging_mixin.py:188} INFO - [2024-05-15T10:27:16.990+0000] {dag.py:3096} INFO - Sync 1 DAGs
[2024-05-15T10:27:17.007+0000] {logging_mixin.py:188} INFO - [2024-05-15T10:27:17.006+0000] {dag.py:3954} INFO - Setting next_dagrun for latest_only_with_trigger to 2024-05-15 04:00:00+00:00, run_after=2024-05-15 08:00:00+00:00
[2024-05-15T10:27:17.029+0000] {processor.py:183} INFO - Processing /home/airflow/.local/lib/python3.12/site-packages/airflow/example_dags/example_latest_only_with_trigger.py took 0.073 seconds
[2024-05-15T10:27:47.099+0000] {processor.py:161} INFO - Started process (PID=1826) to work on /home/airflow/.local/lib/python3.12/site-packages/airflow/example_dags/example_latest_only_with_trigger.py
[2024-05-15T10:27:47.100+0000] {processor.py:830} INFO - Processing file /home/airflow/.local/lib/python3.12/site-packages/airflow/example_dags/example_latest_only_with_trigger.py for tasks to queue
[2024-05-15T10:27:47.101+0000] {logging_mixin.py:188} INFO - [2024-05-15T10:27:47.101+0000] {dagbag.py:540} INFO - Filling up the DagBag from /home/airflow/.local/lib/python3.12/site-packages/airflow/example_dags/example_latest_only_with_trigger.py
[2024-05-15T10:27:47.106+0000] {processor.py:840} INFO - DAG(s) 'latest_only_with_trigger' retrieved from /home/airflow/.local/lib/python3.12/site-packages/airflow/example_dags/example_latest_only_with_trigger.py
[2024-05-15T10:27:47.124+0000] {logging_mixin.py:188} INFO - [2024-05-15T10:27:47.124+0000] {dag.py:3096} INFO - Sync 1 DAGs
[2024-05-15T10:27:47.143+0000] {logging_mixin.py:188} INFO - [2024-05-15T10:27:47.143+0000] {dag.py:3954} INFO - Setting next_dagrun for latest_only_with_trigger to 2024-05-15 04:00:00+00:00, run_after=2024-05-15 08:00:00+00:00
[2024-05-15T10:27:47.158+0000] {processor.py:183} INFO - Processing /home/airflow/.local/lib/python3.12/site-packages/airflow/example_dags/example_latest_only_with_trigger.py took 0.064 seconds
[2024-05-15T10:28:17.199+0000] {processor.py:161} INFO - Started process (PID=1886) to work on /home/airflow/.local/lib/python3.12/site-packages/airflow/example_dags/example_latest_only_with_trigger.py
[2024-05-15T10:28:17.200+0000] {processor.py:830} INFO - Processing file /home/airflow/.local/lib/python3.12/site-packages/airflow/example_dags/example_latest_only_with_trigger.py for tasks to queue
[2024-05-15T10:28:17.202+0000] {logging_mixin.py:188} INFO - [2024-05-15T10:28:17.201+0000] {dagbag.py:540} INFO - Filling up the DagBag from /home/airflow/.local/lib/python3.12/site-packages/airflow/example_dags/example_latest_only_with_trigger.py
[2024-05-15T10:28:17.206+0000] {processor.py:840} INFO - DAG(s) 'latest_only_with_trigger' retrieved from /home/airflow/.local/lib/python3.12/site-packages/airflow/example_dags/example_latest_only_with_trigger.py
[2024-05-15T10:28:17.226+0000] {logging_mixin.py:188} INFO - [2024-05-15T10:28:17.226+0000] {dag.py:3096} INFO - Sync 1 DAGs
[2024-05-15T10:28:17.243+0000] {logging_mixin.py:188} INFO - [2024-05-15T10:28:17.243+0000] {dag.py:3954} INFO - Setting next_dagrun for latest_only_with_trigger to 2024-05-15 04:00:00+00:00, run_after=2024-05-15 08:00:00+00:00
[2024-05-15T10:28:17.271+0000] {processor.py:183} INFO - Processing /home/airflow/.local/lib/python3.12/site-packages/airflow/example_dags/example_latest_only_with_trigger.py took 0.077 seconds
[2024-05-15T10:29:31.798+0000] {processor.py:161} INFO - Started process (PID=1936) to work on /home/airflow/.local/lib/python3.12/site-packages/airflow/example_dags/example_latest_only_with_trigger.py
[2024-05-15T10:29:31.802+0000] {processor.py:830} INFO - Processing file /home/airflow/.local/lib/python3.12/site-packages/airflow/example_dags/example_latest_only_with_trigger.py for tasks to queue
[2024-05-15T10:29:31.815+0000] {logging_mixin.py:188} INFO - [2024-05-15T10:29:31.814+0000] {dagbag.py:540} INFO - Filling up the DagBag from /home/airflow/.local/lib/python3.12/site-packages/airflow/example_dags/example_latest_only_with_trigger.py
[2024-05-15T10:29:31.878+0000] {processor.py:840} INFO - DAG(s) 'latest_only_with_trigger' retrieved from /home/airflow/.local/lib/python3.12/site-packages/airflow/example_dags/example_latest_only_with_trigger.py
[2024-05-15T10:29:32.006+0000] {logging_mixin.py:188} INFO - [2024-05-15T10:29:32.006+0000] {dag.py:3096} INFO - Sync 1 DAGs
[2024-05-15T10:29:32.191+0000] {logging_mixin.py:188} INFO - [2024-05-15T10:29:32.181+0000] {dag.py:3954} INFO - Setting next_dagrun for latest_only_with_trigger to 2024-05-15 04:00:00+00:00, run_after=2024-05-15 08:00:00+00:00
[2024-05-15T10:29:32.374+0000] {processor.py:183} INFO - Processing /home/airflow/.local/lib/python3.12/site-packages/airflow/example_dags/example_latest_only_with_trigger.py took 0.621 seconds
[2024-05-15T10:30:02.860+0000] {processor.py:161} INFO - Started process (PID=1995) to work on /home/airflow/.local/lib/python3.12/site-packages/airflow/example_dags/example_latest_only_with_trigger.py
[2024-05-15T10:30:02.862+0000] {processor.py:830} INFO - Processing file /home/airflow/.local/lib/python3.12/site-packages/airflow/example_dags/example_latest_only_with_trigger.py for tasks to queue
[2024-05-15T10:30:02.864+0000] {logging_mixin.py:188} INFO - [2024-05-15T10:30:02.864+0000] {dagbag.py:540} INFO - Filling up the DagBag from /home/airflow/.local/lib/python3.12/site-packages/airflow/example_dags/example_latest_only_with_trigger.py
[2024-05-15T10:30:02.872+0000] {processor.py:840} INFO - DAG(s) 'latest_only_with_trigger' retrieved from /home/airflow/.local/lib/python3.12/site-packages/airflow/example_dags/example_latest_only_with_trigger.py
[2024-05-15T10:30:02.899+0000] {logging_mixin.py:188} INFO - [2024-05-15T10:30:02.899+0000] {dag.py:3096} INFO - Sync 1 DAGs
[2024-05-15T10:30:02.930+0000] {logging_mixin.py:188} INFO - [2024-05-15T10:30:02.929+0000] {dag.py:3954} INFO - Setting next_dagrun for latest_only_with_trigger to 2024-05-15 04:00:00+00:00, run_after=2024-05-15 08:00:00+00:00
[2024-05-15T10:30:02.952+0000] {processor.py:183} INFO - Processing /home/airflow/.local/lib/python3.12/site-packages/airflow/example_dags/example_latest_only_with_trigger.py took 0.102 seconds
[2024-05-15T10:30:33.017+0000] {processor.py:161} INFO - Started process (PID=2054) to work on /home/airflow/.local/lib/python3.12/site-packages/airflow/example_dags/example_latest_only_with_trigger.py
[2024-05-15T10:30:33.019+0000] {processor.py:830} INFO - Processing file /home/airflow/.local/lib/python3.12/site-packages/airflow/example_dags/example_latest_only_with_trigger.py for tasks to queue
[2024-05-15T10:30:33.021+0000] {logging_mixin.py:188} INFO - [2024-05-15T10:30:33.021+0000] {dagbag.py:540} INFO - Filling up the DagBag from /home/airflow/.local/lib/python3.12/site-packages/airflow/example_dags/example_latest_only_with_trigger.py
[2024-05-15T10:30:33.029+0000] {processor.py:840} INFO - DAG(s) 'latest_only_with_trigger' retrieved from /home/airflow/.local/lib/python3.12/site-packages/airflow/example_dags/example_latest_only_with_trigger.py
[2024-05-15T10:30:33.049+0000] {logging_mixin.py:188} INFO - [2024-05-15T10:30:33.048+0000] {dag.py:3096} INFO - Sync 1 DAGs
[2024-05-15T10:30:33.069+0000] {logging_mixin.py:188} INFO - [2024-05-15T10:30:33.068+0000] {dag.py:3954} INFO - Setting next_dagrun for latest_only_with_trigger to 2024-05-15 04:00:00+00:00, run_after=2024-05-15 08:00:00+00:00
[2024-05-15T10:30:33.088+0000] {processor.py:183} INFO - Processing /home/airflow/.local/lib/python3.12/site-packages/airflow/example_dags/example_latest_only_with_trigger.py took 0.077 seconds
[2024-05-15T10:31:03.635+0000] {processor.py:161} INFO - Started process (PID=2113) to work on /home/airflow/.local/lib/python3.12/site-packages/airflow/example_dags/example_latest_only_with_trigger.py
[2024-05-15T10:31:03.636+0000] {processor.py:830} INFO - Processing file /home/airflow/.local/lib/python3.12/site-packages/airflow/example_dags/example_latest_only_with_trigger.py for tasks to queue
[2024-05-15T10:31:03.638+0000] {logging_mixin.py:188} INFO - [2024-05-15T10:31:03.637+0000] {dagbag.py:540} INFO - Filling up the DagBag from /home/airflow/.local/lib/python3.12/site-packages/airflow/example_dags/example_latest_only_with_trigger.py
[2024-05-15T10:31:03.644+0000] {processor.py:840} INFO - DAG(s) 'latest_only_with_trigger' retrieved from /home/airflow/.local/lib/python3.12/site-packages/airflow/example_dags/example_latest_only_with_trigger.py
[2024-05-15T10:31:03.667+0000] {logging_mixin.py:188} INFO - [2024-05-15T10:31:03.667+0000] {dag.py:3096} INFO - Sync 1 DAGs
[2024-05-15T10:31:03.694+0000] {logging_mixin.py:188} INFO - [2024-05-15T10:31:03.694+0000] {dag.py:3954} INFO - Setting next_dagrun for latest_only_with_trigger to 2024-05-15 04:00:00+00:00, run_after=2024-05-15 08:00:00+00:00
[2024-05-15T10:31:03.716+0000] {processor.py:183} INFO - Processing /home/airflow/.local/lib/python3.12/site-packages/airflow/example_dags/example_latest_only_with_trigger.py took 0.089 seconds
[2024-05-15T10:31:34.134+0000] {processor.py:161} INFO - Started process (PID=2172) to work on /home/airflow/.local/lib/python3.12/site-packages/airflow/example_dags/example_latest_only_with_trigger.py
[2024-05-15T10:31:34.136+0000] {processor.py:830} INFO - Processing file /home/airflow/.local/lib/python3.12/site-packages/airflow/example_dags/example_latest_only_with_trigger.py for tasks to queue
[2024-05-15T10:31:34.138+0000] {logging_mixin.py:188} INFO - [2024-05-15T10:31:34.137+0000] {dagbag.py:540} INFO - Filling up the DagBag from /home/airflow/.local/lib/python3.12/site-packages/airflow/example_dags/example_latest_only_with_trigger.py
[2024-05-15T10:31:34.144+0000] {processor.py:840} INFO - DAG(s) 'latest_only_with_trigger' retrieved from /home/airflow/.local/lib/python3.12/site-packages/airflow/example_dags/example_latest_only_with_trigger.py
[2024-05-15T10:31:34.176+0000] {logging_mixin.py:188} INFO - [2024-05-15T10:31:34.176+0000] {dag.py:3096} INFO - Sync 1 DAGs
[2024-05-15T10:31:34.204+0000] {logging_mixin.py:188} INFO - [2024-05-15T10:31:34.204+0000] {dag.py:3954} INFO - Setting next_dagrun for latest_only_with_trigger to 2024-05-15 04:00:00+00:00, run_after=2024-05-15 08:00:00+00:00
[2024-05-15T10:31:34.226+0000] {processor.py:183} INFO - Processing /home/airflow/.local/lib/python3.12/site-packages/airflow/example_dags/example_latest_only_with_trigger.py took 0.099 seconds
[2024-05-15T10:32:04.519+0000] {processor.py:161} INFO - Started process (PID=2231) to work on /home/airflow/.local/lib/python3.12/site-packages/airflow/example_dags/example_latest_only_with_trigger.py
[2024-05-15T10:32:04.520+0000] {processor.py:830} INFO - Processing file /home/airflow/.local/lib/python3.12/site-packages/airflow/example_dags/example_latest_only_with_trigger.py for tasks to queue
[2024-05-15T10:32:04.522+0000] {logging_mixin.py:188} INFO - [2024-05-15T10:32:04.522+0000] {dagbag.py:540} INFO - Filling up the DagBag from /home/airflow/.local/lib/python3.12/site-packages/airflow/example_dags/example_latest_only_with_trigger.py
[2024-05-15T10:32:04.528+0000] {processor.py:840} INFO - DAG(s) 'latest_only_with_trigger' retrieved from /home/airflow/.local/lib/python3.12/site-packages/airflow/example_dags/example_latest_only_with_trigger.py
[2024-05-15T10:32:04.551+0000] {logging_mixin.py:188} INFO - [2024-05-15T10:32:04.551+0000] {dag.py:3096} INFO - Sync 1 DAGs
[2024-05-15T10:32:04.573+0000] {logging_mixin.py:188} INFO - [2024-05-15T10:32:04.572+0000] {dag.py:3954} INFO - Setting next_dagrun for latest_only_with_trigger to 2024-05-15 04:00:00+00:00, run_after=2024-05-15 08:00:00+00:00
[2024-05-15T10:32:04.595+0000] {processor.py:183} INFO - Processing /home/airflow/.local/lib/python3.12/site-packages/airflow/example_dags/example_latest_only_with_trigger.py took 0.082 seconds
[2024-05-15T10:32:35.011+0000] {processor.py:161} INFO - Started process (PID=2290) to work on /home/airflow/.local/lib/python3.12/site-packages/airflow/example_dags/example_latest_only_with_trigger.py
[2024-05-15T10:32:35.012+0000] {processor.py:830} INFO - Processing file /home/airflow/.local/lib/python3.12/site-packages/airflow/example_dags/example_latest_only_with_trigger.py for tasks to queue
[2024-05-15T10:32:35.015+0000] {logging_mixin.py:188} INFO - [2024-05-15T10:32:35.014+0000] {dagbag.py:540} INFO - Filling up the DagBag from /home/airflow/.local/lib/python3.12/site-packages/airflow/example_dags/example_latest_only_with_trigger.py
[2024-05-15T10:32:35.020+0000] {processor.py:840} INFO - DAG(s) 'latest_only_with_trigger' retrieved from /home/airflow/.local/lib/python3.12/site-packages/airflow/example_dags/example_latest_only_with_trigger.py
[2024-05-15T10:32:35.041+0000] {logging_mixin.py:188} INFO - [2024-05-15T10:32:35.040+0000] {dag.py:3096} INFO - Sync 1 DAGs
[2024-05-15T10:32:35.063+0000] {logging_mixin.py:188} INFO - [2024-05-15T10:32:35.063+0000] {dag.py:3954} INFO - Setting next_dagrun for latest_only_with_trigger to 2024-05-15 04:00:00+00:00, run_after=2024-05-15 08:00:00+00:00
[2024-05-15T10:32:35.084+0000] {processor.py:183} INFO - Processing /home/airflow/.local/lib/python3.12/site-packages/airflow/example_dags/example_latest_only_with_trigger.py took 0.079 seconds
[2024-05-15T10:33:05.374+0000] {processor.py:161} INFO - Started process (PID=2349) to work on /home/airflow/.local/lib/python3.12/site-packages/airflow/example_dags/example_latest_only_with_trigger.py
[2024-05-15T10:33:05.379+0000] {processor.py:830} INFO - Processing file /home/airflow/.local/lib/python3.12/site-packages/airflow/example_dags/example_latest_only_with_trigger.py for tasks to queue
[2024-05-15T10:33:05.381+0000] {logging_mixin.py:188} INFO - [2024-05-15T10:33:05.380+0000] {dagbag.py:540} INFO - Filling up the DagBag from /home/airflow/.local/lib/python3.12/site-packages/airflow/example_dags/example_latest_only_with_trigger.py
[2024-05-15T10:33:05.386+0000] {processor.py:840} INFO - DAG(s) 'latest_only_with_trigger' retrieved from /home/airflow/.local/lib/python3.12/site-packages/airflow/example_dags/example_latest_only_with_trigger.py
[2024-05-15T10:33:05.408+0000] {logging_mixin.py:188} INFO - [2024-05-15T10:33:05.407+0000] {dag.py:3096} INFO - Sync 1 DAGs
[2024-05-15T10:33:05.428+0000] {logging_mixin.py:188} INFO - [2024-05-15T10:33:05.428+0000] {dag.py:3954} INFO - Setting next_dagrun for latest_only_with_trigger to 2024-05-15 04:00:00+00:00, run_after=2024-05-15 08:00:00+00:00
[2024-05-15T10:33:05.444+0000] {processor.py:183} INFO - Processing /home/airflow/.local/lib/python3.12/site-packages/airflow/example_dags/example_latest_only_with_trigger.py took 0.075 seconds
[2024-05-15T10:33:35.615+0000] {processor.py:161} INFO - Started process (PID=2408) to work on /home/airflow/.local/lib/python3.12/site-packages/airflow/example_dags/example_latest_only_with_trigger.py
[2024-05-15T10:33:35.616+0000] {processor.py:830} INFO - Processing file /home/airflow/.local/lib/python3.12/site-packages/airflow/example_dags/example_latest_only_with_trigger.py for tasks to queue
[2024-05-15T10:33:35.619+0000] {logging_mixin.py:188} INFO - [2024-05-15T10:33:35.618+0000] {dagbag.py:540} INFO - Filling up the DagBag from /home/airflow/.local/lib/python3.12/site-packages/airflow/example_dags/example_latest_only_with_trigger.py
[2024-05-15T10:33:35.623+0000] {processor.py:840} INFO - DAG(s) 'latest_only_with_trigger' retrieved from /home/airflow/.local/lib/python3.12/site-packages/airflow/example_dags/example_latest_only_with_trigger.py
[2024-05-15T10:33:35.643+0000] {logging_mixin.py:188} INFO - [2024-05-15T10:33:35.642+0000] {dag.py:3096} INFO - Sync 1 DAGs
[2024-05-15T10:33:35.662+0000] {logging_mixin.py:188} INFO - [2024-05-15T10:33:35.662+0000] {dag.py:3954} INFO - Setting next_dagrun for latest_only_with_trigger to 2024-05-15 04:00:00+00:00, run_after=2024-05-15 08:00:00+00:00
[2024-05-15T10:33:35.679+0000] {processor.py:183} INFO - Processing /home/airflow/.local/lib/python3.12/site-packages/airflow/example_dags/example_latest_only_with_trigger.py took 0.068 seconds
[2024-05-15T10:34:06.623+0000] {processor.py:161} INFO - Started process (PID=2467) to work on /home/airflow/.local/lib/python3.12/site-packages/airflow/example_dags/example_latest_only_with_trigger.py
[2024-05-15T10:34:06.624+0000] {processor.py:830} INFO - Processing file /home/airflow/.local/lib/python3.12/site-packages/airflow/example_dags/example_latest_only_with_trigger.py for tasks to queue
[2024-05-15T10:34:06.630+0000] {logging_mixin.py:188} INFO - [2024-05-15T10:34:06.629+0000] {dagbag.py:540} INFO - Filling up the DagBag from /home/airflow/.local/lib/python3.12/site-packages/airflow/example_dags/example_latest_only_with_trigger.py
[2024-05-15T10:34:06.639+0000] {processor.py:840} INFO - DAG(s) 'latest_only_with_trigger' retrieved from /home/airflow/.local/lib/python3.12/site-packages/airflow/example_dags/example_latest_only_with_trigger.py
[2024-05-15T10:34:06.661+0000] {logging_mixin.py:188} INFO - [2024-05-15T10:34:06.661+0000] {dag.py:3096} INFO - Sync 1 DAGs
[2024-05-15T10:34:06.684+0000] {logging_mixin.py:188} INFO - [2024-05-15T10:34:06.683+0000] {dag.py:3954} INFO - Setting next_dagrun for latest_only_with_trigger to 2024-05-15 04:00:00+00:00, run_after=2024-05-15 08:00:00+00:00
[2024-05-15T10:34:06.702+0000] {processor.py:183} INFO - Processing /home/airflow/.local/lib/python3.12/site-packages/airflow/example_dags/example_latest_only_with_trigger.py took 0.086 seconds
[2024-05-15T10:34:37.250+0000] {processor.py:161} INFO - Started process (PID=2525) to work on /home/airflow/.local/lib/python3.12/site-packages/airflow/example_dags/example_latest_only_with_trigger.py
[2024-05-15T10:34:37.251+0000] {processor.py:830} INFO - Processing file /home/airflow/.local/lib/python3.12/site-packages/airflow/example_dags/example_latest_only_with_trigger.py for tasks to queue
[2024-05-15T10:34:37.252+0000] {logging_mixin.py:188} INFO - [2024-05-15T10:34:37.252+0000] {dagbag.py:540} INFO - Filling up the DagBag from /home/airflow/.local/lib/python3.12/site-packages/airflow/example_dags/example_latest_only_with_trigger.py
[2024-05-15T10:34:37.258+0000] {processor.py:840} INFO - DAG(s) 'latest_only_with_trigger' retrieved from /home/airflow/.local/lib/python3.12/site-packages/airflow/example_dags/example_latest_only_with_trigger.py
[2024-05-15T10:34:37.276+0000] {logging_mixin.py:188} INFO - [2024-05-15T10:34:37.276+0000] {dag.py:3096} INFO - Sync 1 DAGs
[2024-05-15T10:34:37.293+0000] {logging_mixin.py:188} INFO - [2024-05-15T10:34:37.292+0000] {dag.py:3954} INFO - Setting next_dagrun for latest_only_with_trigger to 2024-05-15 04:00:00+00:00, run_after=2024-05-15 08:00:00+00:00
[2024-05-15T10:34:37.307+0000] {processor.py:183} INFO - Processing /home/airflow/.local/lib/python3.12/site-packages/airflow/example_dags/example_latest_only_with_trigger.py took 0.063 seconds
[2024-05-15T10:35:07.974+0000] {processor.py:161} INFO - Started process (PID=2584) to work on /home/airflow/.local/lib/python3.12/site-packages/airflow/example_dags/example_latest_only_with_trigger.py
[2024-05-15T10:35:07.976+0000] {processor.py:830} INFO - Processing file /home/airflow/.local/lib/python3.12/site-packages/airflow/example_dags/example_latest_only_with_trigger.py for tasks to queue
[2024-05-15T10:35:07.978+0000] {logging_mixin.py:188} INFO - [2024-05-15T10:35:07.978+0000] {dagbag.py:540} INFO - Filling up the DagBag from /home/airflow/.local/lib/python3.12/site-packages/airflow/example_dags/example_latest_only_with_trigger.py
[2024-05-15T10:35:07.986+0000] {processor.py:840} INFO - DAG(s) 'latest_only_with_trigger' retrieved from /home/airflow/.local/lib/python3.12/site-packages/airflow/example_dags/example_latest_only_with_trigger.py
[2024-05-15T10:35:08.017+0000] {logging_mixin.py:188} INFO - [2024-05-15T10:35:08.017+0000] {dag.py:3096} INFO - Sync 1 DAGs
[2024-05-15T10:35:08.053+0000] {logging_mixin.py:188} INFO - [2024-05-15T10:35:08.053+0000] {dag.py:3954} INFO - Setting next_dagrun for latest_only_with_trigger to 2024-05-15 04:00:00+00:00, run_after=2024-05-15 08:00:00+00:00
[2024-05-15T10:35:08.077+0000] {processor.py:183} INFO - Processing /home/airflow/.local/lib/python3.12/site-packages/airflow/example_dags/example_latest_only_with_trigger.py took 0.115 seconds
[2024-05-15T10:35:38.799+0000] {processor.py:161} INFO - Started process (PID=2643) to work on /home/airflow/.local/lib/python3.12/site-packages/airflow/example_dags/example_latest_only_with_trigger.py
[2024-05-15T10:35:38.802+0000] {processor.py:830} INFO - Processing file /home/airflow/.local/lib/python3.12/site-packages/airflow/example_dags/example_latest_only_with_trigger.py for tasks to queue
[2024-05-15T10:35:38.806+0000] {logging_mixin.py:188} INFO - [2024-05-15T10:35:38.805+0000] {dagbag.py:540} INFO - Filling up the DagBag from /home/airflow/.local/lib/python3.12/site-packages/airflow/example_dags/example_latest_only_with_trigger.py
[2024-05-15T10:35:38.827+0000] {processor.py:840} INFO - DAG(s) 'latest_only_with_trigger' retrieved from /home/airflow/.local/lib/python3.12/site-packages/airflow/example_dags/example_latest_only_with_trigger.py
[2024-05-15T10:35:38.889+0000] {logging_mixin.py:188} INFO - [2024-05-15T10:35:38.888+0000] {dag.py:3096} INFO - Sync 1 DAGs
[2024-05-15T10:35:38.928+0000] {logging_mixin.py:188} INFO - [2024-05-15T10:35:38.928+0000] {dag.py:3954} INFO - Setting next_dagrun for latest_only_with_trigger to 2024-05-15 04:00:00+00:00, run_after=2024-05-15 08:00:00+00:00
[2024-05-15T10:35:38.964+0000] {processor.py:183} INFO - Processing /home/airflow/.local/lib/python3.12/site-packages/airflow/example_dags/example_latest_only_with_trigger.py took 0.200 seconds
[2024-05-15T10:36:09.058+0000] {processor.py:161} INFO - Started process (PID=2702) to work on /home/airflow/.local/lib/python3.12/site-packages/airflow/example_dags/example_latest_only_with_trigger.py
[2024-05-15T10:36:09.059+0000] {processor.py:830} INFO - Processing file /home/airflow/.local/lib/python3.12/site-packages/airflow/example_dags/example_latest_only_with_trigger.py for tasks to queue
[2024-05-15T10:36:09.062+0000] {logging_mixin.py:188} INFO - [2024-05-15T10:36:09.061+0000] {dagbag.py:540} INFO - Filling up the DagBag from /home/airflow/.local/lib/python3.12/site-packages/airflow/example_dags/example_latest_only_with_trigger.py
[2024-05-15T10:36:09.068+0000] {processor.py:840} INFO - DAG(s) 'latest_only_with_trigger' retrieved from /home/airflow/.local/lib/python3.12/site-packages/airflow/example_dags/example_latest_only_with_trigger.py
[2024-05-15T10:36:09.097+0000] {logging_mixin.py:188} INFO - [2024-05-15T10:36:09.097+0000] {dag.py:3096} INFO - Sync 1 DAGs
[2024-05-15T10:36:09.116+0000] {logging_mixin.py:188} INFO - [2024-05-15T10:36:09.116+0000] {dag.py:3954} INFO - Setting next_dagrun for latest_only_with_trigger to 2024-05-15 04:00:00+00:00, run_after=2024-05-15 08:00:00+00:00
[2024-05-15T10:36:09.136+0000] {processor.py:183} INFO - Processing /home/airflow/.local/lib/python3.12/site-packages/airflow/example_dags/example_latest_only_with_trigger.py took 0.086 seconds
[2024-05-15T10:36:39.309+0000] {processor.py:161} INFO - Started process (PID=2761) to work on /home/airflow/.local/lib/python3.12/site-packages/airflow/example_dags/example_latest_only_with_trigger.py
[2024-05-15T10:36:39.310+0000] {processor.py:830} INFO - Processing file /home/airflow/.local/lib/python3.12/site-packages/airflow/example_dags/example_latest_only_with_trigger.py for tasks to queue
[2024-05-15T10:36:39.313+0000] {logging_mixin.py:188} INFO - [2024-05-15T10:36:39.313+0000] {dagbag.py:540} INFO - Filling up the DagBag from /home/airflow/.local/lib/python3.12/site-packages/airflow/example_dags/example_latest_only_with_trigger.py
[2024-05-15T10:36:39.318+0000] {processor.py:840} INFO - DAG(s) 'latest_only_with_trigger' retrieved from /home/airflow/.local/lib/python3.12/site-packages/airflow/example_dags/example_latest_only_with_trigger.py
[2024-05-15T10:36:39.340+0000] {logging_mixin.py:188} INFO - [2024-05-15T10:36:39.339+0000] {dag.py:3096} INFO - Sync 1 DAGs
[2024-05-15T10:36:39.363+0000] {logging_mixin.py:188} INFO - [2024-05-15T10:36:39.363+0000] {dag.py:3954} INFO - Setting next_dagrun for latest_only_with_trigger to 2024-05-15 04:00:00+00:00, run_after=2024-05-15 08:00:00+00:00
[2024-05-15T10:36:39.382+0000] {processor.py:183} INFO - Processing /home/airflow/.local/lib/python3.12/site-packages/airflow/example_dags/example_latest_only_with_trigger.py took 0.078 seconds
[2024-05-15T10:37:09.831+0000] {processor.py:161} INFO - Started process (PID=2820) to work on /home/airflow/.local/lib/python3.12/site-packages/airflow/example_dags/example_latest_only_with_trigger.py
[2024-05-15T10:37:09.833+0000] {processor.py:830} INFO - Processing file /home/airflow/.local/lib/python3.12/site-packages/airflow/example_dags/example_latest_only_with_trigger.py for tasks to queue
[2024-05-15T10:37:09.835+0000] {logging_mixin.py:188} INFO - [2024-05-15T10:37:09.835+0000] {dagbag.py:540} INFO - Filling up the DagBag from /home/airflow/.local/lib/python3.12/site-packages/airflow/example_dags/example_latest_only_with_trigger.py
[2024-05-15T10:37:09.848+0000] {processor.py:840} INFO - DAG(s) 'latest_only_with_trigger' retrieved from /home/airflow/.local/lib/python3.12/site-packages/airflow/example_dags/example_latest_only_with_trigger.py
[2024-05-15T10:37:09.880+0000] {logging_mixin.py:188} INFO - [2024-05-15T10:37:09.880+0000] {dag.py:3096} INFO - Sync 1 DAGs
[2024-05-15T10:37:09.913+0000] {logging_mixin.py:188} INFO - [2024-05-15T10:37:09.912+0000] {dag.py:3954} INFO - Setting next_dagrun for latest_only_with_trigger to 2024-05-15 04:00:00+00:00, run_after=2024-05-15 08:00:00+00:00
[2024-05-15T10:37:09.937+0000] {processor.py:183} INFO - Processing /home/airflow/.local/lib/python3.12/site-packages/airflow/example_dags/example_latest_only_with_trigger.py took 0.122 seconds
[2024-05-15T10:37:40.599+0000] {processor.py:161} INFO - Started process (PID=2879) to work on /home/airflow/.local/lib/python3.12/site-packages/airflow/example_dags/example_latest_only_with_trigger.py
[2024-05-15T10:37:40.604+0000] {processor.py:830} INFO - Processing file /home/airflow/.local/lib/python3.12/site-packages/airflow/example_dags/example_latest_only_with_trigger.py for tasks to queue
[2024-05-15T10:37:40.607+0000] {logging_mixin.py:188} INFO - [2024-05-15T10:37:40.607+0000] {dagbag.py:540} INFO - Filling up the DagBag from /home/airflow/.local/lib/python3.12/site-packages/airflow/example_dags/example_latest_only_with_trigger.py
[2024-05-15T10:37:40.613+0000] {processor.py:840} INFO - DAG(s) 'latest_only_with_trigger' retrieved from /home/airflow/.local/lib/python3.12/site-packages/airflow/example_dags/example_latest_only_with_trigger.py
[2024-05-15T10:37:40.641+0000] {logging_mixin.py:188} INFO - [2024-05-15T10:37:40.641+0000] {dag.py:3096} INFO - Sync 1 DAGs
[2024-05-15T10:37:40.664+0000] {logging_mixin.py:188} INFO - [2024-05-15T10:37:40.664+0000] {dag.py:3954} INFO - Setting next_dagrun for latest_only_with_trigger to 2024-05-15 04:00:00+00:00, run_after=2024-05-15 08:00:00+00:00
[2024-05-15T10:37:40.687+0000] {processor.py:183} INFO - Processing /home/airflow/.local/lib/python3.12/site-packages/airflow/example_dags/example_latest_only_with_trigger.py took 0.093 seconds
[2024-05-15T10:38:11.309+0000] {processor.py:161} INFO - Started process (PID=2938) to work on /home/airflow/.local/lib/python3.12/site-packages/airflow/example_dags/example_latest_only_with_trigger.py
[2024-05-15T10:38:11.315+0000] {processor.py:830} INFO - Processing file /home/airflow/.local/lib/python3.12/site-packages/airflow/example_dags/example_latest_only_with_trigger.py for tasks to queue
[2024-05-15T10:38:11.317+0000] {logging_mixin.py:188} INFO - [2024-05-15T10:38:11.317+0000] {dagbag.py:540} INFO - Filling up the DagBag from /home/airflow/.local/lib/python3.12/site-packages/airflow/example_dags/example_latest_only_with_trigger.py
[2024-05-15T10:38:11.322+0000] {processor.py:840} INFO - DAG(s) 'latest_only_with_trigger' retrieved from /home/airflow/.local/lib/python3.12/site-packages/airflow/example_dags/example_latest_only_with_trigger.py
[2024-05-15T10:38:11.345+0000] {logging_mixin.py:188} INFO - [2024-05-15T10:38:11.345+0000] {dag.py:3096} INFO - Sync 1 DAGs
[2024-05-15T10:38:11.365+0000] {logging_mixin.py:188} INFO - [2024-05-15T10:38:11.365+0000] {dag.py:3954} INFO - Setting next_dagrun for latest_only_with_trigger to 2024-05-15 04:00:00+00:00, run_after=2024-05-15 08:00:00+00:00
[2024-05-15T10:38:11.392+0000] {processor.py:183} INFO - Processing /home/airflow/.local/lib/python3.12/site-packages/airflow/example_dags/example_latest_only_with_trigger.py took 0.087 seconds
[2024-05-15T10:38:41.775+0000] {processor.py:161} INFO - Started process (PID=2997) to work on /home/airflow/.local/lib/python3.12/site-packages/airflow/example_dags/example_latest_only_with_trigger.py
[2024-05-15T10:38:41.779+0000] {processor.py:830} INFO - Processing file /home/airflow/.local/lib/python3.12/site-packages/airflow/example_dags/example_latest_only_with_trigger.py for tasks to queue
[2024-05-15T10:38:41.781+0000] {logging_mixin.py:188} INFO - [2024-05-15T10:38:41.781+0000] {dagbag.py:540} INFO - Filling up the DagBag from /home/airflow/.local/lib/python3.12/site-packages/airflow/example_dags/example_latest_only_with_trigger.py
[2024-05-15T10:38:41.785+0000] {processor.py:840} INFO - DAG(s) 'latest_only_with_trigger' retrieved from /home/airflow/.local/lib/python3.12/site-packages/airflow/example_dags/example_latest_only_with_trigger.py
[2024-05-15T10:38:41.806+0000] {logging_mixin.py:188} INFO - [2024-05-15T10:38:41.805+0000] {dag.py:3096} INFO - Sync 1 DAGs
[2024-05-15T10:38:41.827+0000] {logging_mixin.py:188} INFO - [2024-05-15T10:38:41.826+0000] {dag.py:3954} INFO - Setting next_dagrun for latest_only_with_trigger to 2024-05-15 04:00:00+00:00, run_after=2024-05-15 08:00:00+00:00
[2024-05-15T10:38:41.845+0000] {processor.py:183} INFO - Processing /home/airflow/.local/lib/python3.12/site-packages/airflow/example_dags/example_latest_only_with_trigger.py took 0.076 seconds
[2024-05-15T10:39:12.089+0000] {processor.py:161} INFO - Started process (PID=3056) to work on /home/airflow/.local/lib/python3.12/site-packages/airflow/example_dags/example_latest_only_with_trigger.py
[2024-05-15T10:39:12.091+0000] {processor.py:830} INFO - Processing file /home/airflow/.local/lib/python3.12/site-packages/airflow/example_dags/example_latest_only_with_trigger.py for tasks to queue
[2024-05-15T10:39:12.093+0000] {logging_mixin.py:188} INFO - [2024-05-15T10:39:12.092+0000] {dagbag.py:540} INFO - Filling up the DagBag from /home/airflow/.local/lib/python3.12/site-packages/airflow/example_dags/example_latest_only_with_trigger.py
[2024-05-15T10:39:12.097+0000] {processor.py:840} INFO - DAG(s) 'latest_only_with_trigger' retrieved from /home/airflow/.local/lib/python3.12/site-packages/airflow/example_dags/example_latest_only_with_trigger.py
[2024-05-15T10:39:12.122+0000] {logging_mixin.py:188} INFO - [2024-05-15T10:39:12.121+0000] {dag.py:3096} INFO - Sync 1 DAGs
[2024-05-15T10:39:12.150+0000] {logging_mixin.py:188} INFO - [2024-05-15T10:39:12.147+0000] {dag.py:3954} INFO - Setting next_dagrun for latest_only_with_trigger to 2024-05-15 04:00:00+00:00, run_after=2024-05-15 08:00:00+00:00
[2024-05-15T10:39:12.173+0000] {processor.py:183} INFO - Processing /home/airflow/.local/lib/python3.12/site-packages/airflow/example_dags/example_latest_only_with_trigger.py took 0.090 seconds
[2024-05-15T10:39:42.527+0000] {processor.py:161} INFO - Started process (PID=3115) to work on /home/airflow/.local/lib/python3.12/site-packages/airflow/example_dags/example_latest_only_with_trigger.py
[2024-05-15T10:39:42.529+0000] {processor.py:830} INFO - Processing file /home/airflow/.local/lib/python3.12/site-packages/airflow/example_dags/example_latest_only_with_trigger.py for tasks to queue
[2024-05-15T10:39:42.531+0000] {logging_mixin.py:188} INFO - [2024-05-15T10:39:42.531+0000] {dagbag.py:540} INFO - Filling up the DagBag from /home/airflow/.local/lib/python3.12/site-packages/airflow/example_dags/example_latest_only_with_trigger.py
[2024-05-15T10:39:42.538+0000] {processor.py:840} INFO - DAG(s) 'latest_only_with_trigger' retrieved from /home/airflow/.local/lib/python3.12/site-packages/airflow/example_dags/example_latest_only_with_trigger.py
[2024-05-15T10:39:42.558+0000] {logging_mixin.py:188} INFO - [2024-05-15T10:39:42.558+0000] {dag.py:3096} INFO - Sync 1 DAGs
[2024-05-15T10:39:42.578+0000] {logging_mixin.py:188} INFO - [2024-05-15T10:39:42.577+0000] {dag.py:3954} INFO - Setting next_dagrun for latest_only_with_trigger to 2024-05-15 04:00:00+00:00, run_after=2024-05-15 08:00:00+00:00
[2024-05-15T10:39:42.599+0000] {processor.py:183} INFO - Processing /home/airflow/.local/lib/python3.12/site-packages/airflow/example_dags/example_latest_only_with_trigger.py took 0.080 seconds
[2024-05-15T10:40:12.902+0000] {processor.py:161} INFO - Started process (PID=3174) to work on /home/airflow/.local/lib/python3.12/site-packages/airflow/example_dags/example_latest_only_with_trigger.py
[2024-05-15T10:40:12.906+0000] {processor.py:830} INFO - Processing file /home/airflow/.local/lib/python3.12/site-packages/airflow/example_dags/example_latest_only_with_trigger.py for tasks to queue
[2024-05-15T10:40:12.907+0000] {logging_mixin.py:188} INFO - [2024-05-15T10:40:12.907+0000] {dagbag.py:540} INFO - Filling up the DagBag from /home/airflow/.local/lib/python3.12/site-packages/airflow/example_dags/example_latest_only_with_trigger.py
[2024-05-15T10:40:12.911+0000] {processor.py:840} INFO - DAG(s) 'latest_only_with_trigger' retrieved from /home/airflow/.local/lib/python3.12/site-packages/airflow/example_dags/example_latest_only_with_trigger.py
[2024-05-15T10:40:12.930+0000] {logging_mixin.py:188} INFO - [2024-05-15T10:40:12.930+0000] {dag.py:3096} INFO - Sync 1 DAGs
[2024-05-15T10:40:12.952+0000] {logging_mixin.py:188} INFO - [2024-05-15T10:40:12.951+0000] {dag.py:3954} INFO - Setting next_dagrun for latest_only_with_trigger to 2024-05-15 04:00:00+00:00, run_after=2024-05-15 08:00:00+00:00
[2024-05-15T10:40:12.968+0000] {processor.py:183} INFO - Processing /home/airflow/.local/lib/python3.12/site-packages/airflow/example_dags/example_latest_only_with_trigger.py took 0.074 seconds
[2024-05-15T10:40:43.296+0000] {processor.py:161} INFO - Started process (PID=3233) to work on /home/airflow/.local/lib/python3.12/site-packages/airflow/example_dags/example_latest_only_with_trigger.py
[2024-05-15T10:40:43.297+0000] {processor.py:830} INFO - Processing file /home/airflow/.local/lib/python3.12/site-packages/airflow/example_dags/example_latest_only_with_trigger.py for tasks to queue
[2024-05-15T10:40:43.298+0000] {logging_mixin.py:188} INFO - [2024-05-15T10:40:43.298+0000] {dagbag.py:540} INFO - Filling up the DagBag from /home/airflow/.local/lib/python3.12/site-packages/airflow/example_dags/example_latest_only_with_trigger.py
[2024-05-15T10:40:43.305+0000] {processor.py:840} INFO - DAG(s) 'latest_only_with_trigger' retrieved from /home/airflow/.local/lib/python3.12/site-packages/airflow/example_dags/example_latest_only_with_trigger.py
[2024-05-15T10:40:43.327+0000] {logging_mixin.py:188} INFO - [2024-05-15T10:40:43.326+0000] {dag.py:3096} INFO - Sync 1 DAGs
[2024-05-15T10:40:43.352+0000] {logging_mixin.py:188} INFO - [2024-05-15T10:40:43.352+0000] {dag.py:3954} INFO - Setting next_dagrun for latest_only_with_trigger to 2024-05-15 04:00:00+00:00, run_after=2024-05-15 08:00:00+00:00
[2024-05-15T10:40:43.375+0000] {processor.py:183} INFO - Processing /home/airflow/.local/lib/python3.12/site-packages/airflow/example_dags/example_latest_only_with_trigger.py took 0.085 seconds
[2024-05-15T10:41:13.618+0000] {processor.py:161} INFO - Started process (PID=3292) to work on /home/airflow/.local/lib/python3.12/site-packages/airflow/example_dags/example_latest_only_with_trigger.py
[2024-05-15T10:41:13.620+0000] {processor.py:830} INFO - Processing file /home/airflow/.local/lib/python3.12/site-packages/airflow/example_dags/example_latest_only_with_trigger.py for tasks to queue
[2024-05-15T10:41:13.621+0000] {logging_mixin.py:188} INFO - [2024-05-15T10:41:13.621+0000] {dagbag.py:540} INFO - Filling up the DagBag from /home/airflow/.local/lib/python3.12/site-packages/airflow/example_dags/example_latest_only_with_trigger.py
[2024-05-15T10:41:13.625+0000] {processor.py:840} INFO - DAG(s) 'latest_only_with_trigger' retrieved from /home/airflow/.local/lib/python3.12/site-packages/airflow/example_dags/example_latest_only_with_trigger.py
[2024-05-15T10:41:13.646+0000] {logging_mixin.py:188} INFO - [2024-05-15T10:41:13.646+0000] {dag.py:3096} INFO - Sync 1 DAGs
[2024-05-15T10:41:13.666+0000] {logging_mixin.py:188} INFO - [2024-05-15T10:41:13.666+0000] {dag.py:3954} INFO - Setting next_dagrun for latest_only_with_trigger to 2024-05-15 04:00:00+00:00, run_after=2024-05-15 08:00:00+00:00
[2024-05-15T10:41:13.684+0000] {processor.py:183} INFO - Processing /home/airflow/.local/lib/python3.12/site-packages/airflow/example_dags/example_latest_only_with_trigger.py took 0.073 seconds
[2024-05-15T10:41:44.227+0000] {processor.py:161} INFO - Started process (PID=3351) to work on /home/airflow/.local/lib/python3.12/site-packages/airflow/example_dags/example_latest_only_with_trigger.py
[2024-05-15T10:41:44.227+0000] {processor.py:830} INFO - Processing file /home/airflow/.local/lib/python3.12/site-packages/airflow/example_dags/example_latest_only_with_trigger.py for tasks to queue
[2024-05-15T10:41:44.228+0000] {logging_mixin.py:188} INFO - [2024-05-15T10:41:44.228+0000] {dagbag.py:540} INFO - Filling up the DagBag from /home/airflow/.local/lib/python3.12/site-packages/airflow/example_dags/example_latest_only_with_trigger.py
[2024-05-15T10:41:44.232+0000] {processor.py:840} INFO - DAG(s) 'latest_only_with_trigger' retrieved from /home/airflow/.local/lib/python3.12/site-packages/airflow/example_dags/example_latest_only_with_trigger.py
[2024-05-15T10:41:44.253+0000] {logging_mixin.py:188} INFO - [2024-05-15T10:41:44.253+0000] {dag.py:3096} INFO - Sync 1 DAGs
[2024-05-15T10:41:44.275+0000] {logging_mixin.py:188} INFO - [2024-05-15T10:41:44.275+0000] {dag.py:3954} INFO - Setting next_dagrun for latest_only_with_trigger to 2024-05-15 04:00:00+00:00, run_after=2024-05-15 08:00:00+00:00
[2024-05-15T10:41:44.292+0000] {processor.py:183} INFO - Processing /home/airflow/.local/lib/python3.12/site-packages/airflow/example_dags/example_latest_only_with_trigger.py took 0.072 seconds
[2024-05-15T10:42:14.587+0000] {processor.py:161} INFO - Started process (PID=3410) to work on /home/airflow/.local/lib/python3.12/site-packages/airflow/example_dags/example_latest_only_with_trigger.py
[2024-05-15T10:42:14.589+0000] {processor.py:830} INFO - Processing file /home/airflow/.local/lib/python3.12/site-packages/airflow/example_dags/example_latest_only_with_trigger.py for tasks to queue
[2024-05-15T10:42:14.590+0000] {logging_mixin.py:188} INFO - [2024-05-15T10:42:14.590+0000] {dagbag.py:540} INFO - Filling up the DagBag from /home/airflow/.local/lib/python3.12/site-packages/airflow/example_dags/example_latest_only_with_trigger.py
[2024-05-15T10:42:14.595+0000] {processor.py:840} INFO - DAG(s) 'latest_only_with_trigger' retrieved from /home/airflow/.local/lib/python3.12/site-packages/airflow/example_dags/example_latest_only_with_trigger.py
[2024-05-15T10:42:14.618+0000] {logging_mixin.py:188} INFO - [2024-05-15T10:42:14.618+0000] {dag.py:3096} INFO - Sync 1 DAGs
[2024-05-15T10:42:14.642+0000] {logging_mixin.py:188} INFO - [2024-05-15T10:42:14.642+0000] {dag.py:3954} INFO - Setting next_dagrun for latest_only_with_trigger to 2024-05-15 04:00:00+00:00, run_after=2024-05-15 08:00:00+00:00
[2024-05-15T10:42:14.667+0000] {processor.py:183} INFO - Processing /home/airflow/.local/lib/python3.12/site-packages/airflow/example_dags/example_latest_only_with_trigger.py took 0.087 seconds
[2024-05-15T10:42:45.179+0000] {processor.py:161} INFO - Started process (PID=3469) to work on /home/airflow/.local/lib/python3.12/site-packages/airflow/example_dags/example_latest_only_with_trigger.py
[2024-05-15T10:42:45.182+0000] {processor.py:830} INFO - Processing file /home/airflow/.local/lib/python3.12/site-packages/airflow/example_dags/example_latest_only_with_trigger.py for tasks to queue
[2024-05-15T10:42:45.184+0000] {logging_mixin.py:188} INFO - [2024-05-15T10:42:45.184+0000] {dagbag.py:540} INFO - Filling up the DagBag from /home/airflow/.local/lib/python3.12/site-packages/airflow/example_dags/example_latest_only_with_trigger.py
[2024-05-15T10:42:45.190+0000] {processor.py:840} INFO - DAG(s) 'latest_only_with_trigger' retrieved from /home/airflow/.local/lib/python3.12/site-packages/airflow/example_dags/example_latest_only_with_trigger.py
[2024-05-15T10:42:45.211+0000] {logging_mixin.py:188} INFO - [2024-05-15T10:42:45.211+0000] {dag.py:3096} INFO - Sync 1 DAGs
[2024-05-15T10:42:45.241+0000] {logging_mixin.py:188} INFO - [2024-05-15T10:42:45.241+0000] {dag.py:3954} INFO - Setting next_dagrun for latest_only_with_trigger to 2024-05-15 04:00:00+00:00, run_after=2024-05-15 08:00:00+00:00
[2024-05-15T10:42:45.268+0000] {processor.py:183} INFO - Processing /home/airflow/.local/lib/python3.12/site-packages/airflow/example_dags/example_latest_only_with_trigger.py took 0.094 seconds
[2024-05-15T10:43:15.640+0000] {processor.py:161} INFO - Started process (PID=3535) to work on /home/airflow/.local/lib/python3.12/site-packages/airflow/example_dags/example_latest_only_with_trigger.py
[2024-05-15T10:43:15.645+0000] {processor.py:830} INFO - Processing file /home/airflow/.local/lib/python3.12/site-packages/airflow/example_dags/example_latest_only_with_trigger.py for tasks to queue
[2024-05-15T10:43:15.646+0000] {logging_mixin.py:188} INFO - [2024-05-15T10:43:15.646+0000] {dagbag.py:540} INFO - Filling up the DagBag from /home/airflow/.local/lib/python3.12/site-packages/airflow/example_dags/example_latest_only_with_trigger.py
[2024-05-15T10:43:15.651+0000] {processor.py:840} INFO - DAG(s) 'latest_only_with_trigger' retrieved from /home/airflow/.local/lib/python3.12/site-packages/airflow/example_dags/example_latest_only_with_trigger.py
[2024-05-15T10:43:15.672+0000] {logging_mixin.py:188} INFO - [2024-05-15T10:43:15.672+0000] {dag.py:3096} INFO - Sync 1 DAGs
[2024-05-15T10:43:15.690+0000] {logging_mixin.py:188} INFO - [2024-05-15T10:43:15.690+0000] {dag.py:3954} INFO - Setting next_dagrun for latest_only_with_trigger to 2024-05-15 04:00:00+00:00, run_after=2024-05-15 08:00:00+00:00
[2024-05-15T10:43:15.708+0000] {processor.py:183} INFO - Processing /home/airflow/.local/lib/python3.12/site-packages/airflow/example_dags/example_latest_only_with_trigger.py took 0.075 seconds
[2024-05-15T10:43:46.207+0000] {processor.py:161} INFO - Started process (PID=3594) to work on /home/airflow/.local/lib/python3.12/site-packages/airflow/example_dags/example_latest_only_with_trigger.py
[2024-05-15T10:43:46.209+0000] {processor.py:830} INFO - Processing file /home/airflow/.local/lib/python3.12/site-packages/airflow/example_dags/example_latest_only_with_trigger.py for tasks to queue
[2024-05-15T10:43:46.211+0000] {logging_mixin.py:188} INFO - [2024-05-15T10:43:46.210+0000] {dagbag.py:540} INFO - Filling up the DagBag from /home/airflow/.local/lib/python3.12/site-packages/airflow/example_dags/example_latest_only_with_trigger.py
[2024-05-15T10:43:46.215+0000] {processor.py:840} INFO - DAG(s) 'latest_only_with_trigger' retrieved from /home/airflow/.local/lib/python3.12/site-packages/airflow/example_dags/example_latest_only_with_trigger.py
[2024-05-15T10:43:46.238+0000] {logging_mixin.py:188} INFO - [2024-05-15T10:43:46.238+0000] {dag.py:3096} INFO - Sync 1 DAGs
[2024-05-15T10:43:46.257+0000] {logging_mixin.py:188} INFO - [2024-05-15T10:43:46.257+0000] {dag.py:3954} INFO - Setting next_dagrun for latest_only_with_trigger to 2024-05-15 04:00:00+00:00, run_after=2024-05-15 08:00:00+00:00
[2024-05-15T10:43:46.280+0000] {processor.py:183} INFO - Processing /home/airflow/.local/lib/python3.12/site-packages/airflow/example_dags/example_latest_only_with_trigger.py took 0.079 seconds
[2024-05-15T10:44:16.748+0000] {processor.py:161} INFO - Started process (PID=3653) to work on /home/airflow/.local/lib/python3.12/site-packages/airflow/example_dags/example_latest_only_with_trigger.py
[2024-05-15T10:44:16.752+0000] {processor.py:830} INFO - Processing file /home/airflow/.local/lib/python3.12/site-packages/airflow/example_dags/example_latest_only_with_trigger.py for tasks to queue
[2024-05-15T10:44:16.754+0000] {logging_mixin.py:188} INFO - [2024-05-15T10:44:16.754+0000] {dagbag.py:540} INFO - Filling up the DagBag from /home/airflow/.local/lib/python3.12/site-packages/airflow/example_dags/example_latest_only_with_trigger.py
[2024-05-15T10:44:16.761+0000] {processor.py:840} INFO - DAG(s) 'latest_only_with_trigger' retrieved from /home/airflow/.local/lib/python3.12/site-packages/airflow/example_dags/example_latest_only_with_trigger.py
[2024-05-15T10:44:16.782+0000] {logging_mixin.py:188} INFO - [2024-05-15T10:44:16.782+0000] {dag.py:3096} INFO - Sync 1 DAGs
[2024-05-15T10:44:16.801+0000] {logging_mixin.py:188} INFO - [2024-05-15T10:44:16.801+0000] {dag.py:3954} INFO - Setting next_dagrun for latest_only_with_trigger to 2024-05-15 04:00:00+00:00, run_after=2024-05-15 08:00:00+00:00
[2024-05-15T10:44:16.817+0000] {processor.py:183} INFO - Processing /home/airflow/.local/lib/python3.12/site-packages/airflow/example_dags/example_latest_only_with_trigger.py took 0.074 seconds
[2024-05-15T10:44:47.259+0000] {processor.py:161} INFO - Started process (PID=3712) to work on /home/airflow/.local/lib/python3.12/site-packages/airflow/example_dags/example_latest_only_with_trigger.py
[2024-05-15T10:44:47.263+0000] {processor.py:830} INFO - Processing file /home/airflow/.local/lib/python3.12/site-packages/airflow/example_dags/example_latest_only_with_trigger.py for tasks to queue
[2024-05-15T10:44:47.266+0000] {logging_mixin.py:188} INFO - [2024-05-15T10:44:47.265+0000] {dagbag.py:540} INFO - Filling up the DagBag from /home/airflow/.local/lib/python3.12/site-packages/airflow/example_dags/example_latest_only_with_trigger.py
[2024-05-15T10:44:47.271+0000] {processor.py:840} INFO - DAG(s) 'latest_only_with_trigger' retrieved from /home/airflow/.local/lib/python3.12/site-packages/airflow/example_dags/example_latest_only_with_trigger.py
[2024-05-15T10:44:47.293+0000] {logging_mixin.py:188} INFO - [2024-05-15T10:44:47.293+0000] {dag.py:3096} INFO - Sync 1 DAGs
[2024-05-15T10:44:47.315+0000] {logging_mixin.py:188} INFO - [2024-05-15T10:44:47.314+0000] {dag.py:3954} INFO - Setting next_dagrun for latest_only_with_trigger to 2024-05-15 04:00:00+00:00, run_after=2024-05-15 08:00:00+00:00
[2024-05-15T10:44:47.332+0000] {processor.py:183} INFO - Processing /home/airflow/.local/lib/python3.12/site-packages/airflow/example_dags/example_latest_only_with_trigger.py took 0.080 seconds
[2024-05-15T10:45:17.862+0000] {processor.py:161} INFO - Started process (PID=3771) to work on /home/airflow/.local/lib/python3.12/site-packages/airflow/example_dags/example_latest_only_with_trigger.py
[2024-05-15T10:45:17.863+0000] {processor.py:830} INFO - Processing file /home/airflow/.local/lib/python3.12/site-packages/airflow/example_dags/example_latest_only_with_trigger.py for tasks to queue
[2024-05-15T10:45:17.864+0000] {logging_mixin.py:188} INFO - [2024-05-15T10:45:17.864+0000] {dagbag.py:540} INFO - Filling up the DagBag from /home/airflow/.local/lib/python3.12/site-packages/airflow/example_dags/example_latest_only_with_trigger.py
[2024-05-15T10:45:17.868+0000] {processor.py:840} INFO - DAG(s) 'latest_only_with_trigger' retrieved from /home/airflow/.local/lib/python3.12/site-packages/airflow/example_dags/example_latest_only_with_trigger.py
[2024-05-15T10:45:17.891+0000] {logging_mixin.py:188} INFO - [2024-05-15T10:45:17.891+0000] {dag.py:3096} INFO - Sync 1 DAGs
[2024-05-15T10:45:17.914+0000] {logging_mixin.py:188} INFO - [2024-05-15T10:45:17.914+0000] {dag.py:3954} INFO - Setting next_dagrun for latest_only_with_trigger to 2024-05-15 04:00:00+00:00, run_after=2024-05-15 08:00:00+00:00
[2024-05-15T10:45:17.943+0000] {processor.py:183} INFO - Processing /home/airflow/.local/lib/python3.12/site-packages/airflow/example_dags/example_latest_only_with_trigger.py took 0.086 seconds
[2024-05-15T10:45:48.318+0000] {processor.py:161} INFO - Started process (PID=3830) to work on /home/airflow/.local/lib/python3.12/site-packages/airflow/example_dags/example_latest_only_with_trigger.py
[2024-05-15T10:45:48.319+0000] {processor.py:830} INFO - Processing file /home/airflow/.local/lib/python3.12/site-packages/airflow/example_dags/example_latest_only_with_trigger.py for tasks to queue
[2024-05-15T10:45:48.321+0000] {logging_mixin.py:188} INFO - [2024-05-15T10:45:48.321+0000] {dagbag.py:540} INFO - Filling up the DagBag from /home/airflow/.local/lib/python3.12/site-packages/airflow/example_dags/example_latest_only_with_trigger.py
[2024-05-15T10:45:48.326+0000] {processor.py:840} INFO - DAG(s) 'latest_only_with_trigger' retrieved from /home/airflow/.local/lib/python3.12/site-packages/airflow/example_dags/example_latest_only_with_trigger.py
[2024-05-15T10:45:48.350+0000] {logging_mixin.py:188} INFO - [2024-05-15T10:45:48.349+0000] {dag.py:3096} INFO - Sync 1 DAGs
[2024-05-15T10:45:48.379+0000] {logging_mixin.py:188} INFO - [2024-05-15T10:45:48.378+0000] {dag.py:3954} INFO - Setting next_dagrun for latest_only_with_trigger to 2024-05-15 04:00:00+00:00, run_after=2024-05-15 08:00:00+00:00
[2024-05-15T10:45:48.407+0000] {processor.py:183} INFO - Processing /home/airflow/.local/lib/python3.12/site-packages/airflow/example_dags/example_latest_only_with_trigger.py took 0.096 seconds
[2024-05-15T10:46:18.986+0000] {processor.py:161} INFO - Started process (PID=3889) to work on /home/airflow/.local/lib/python3.12/site-packages/airflow/example_dags/example_latest_only_with_trigger.py
[2024-05-15T10:46:18.987+0000] {processor.py:830} INFO - Processing file /home/airflow/.local/lib/python3.12/site-packages/airflow/example_dags/example_latest_only_with_trigger.py for tasks to queue
[2024-05-15T10:46:18.989+0000] {logging_mixin.py:188} INFO - [2024-05-15T10:46:18.988+0000] {dagbag.py:540} INFO - Filling up the DagBag from /home/airflow/.local/lib/python3.12/site-packages/airflow/example_dags/example_latest_only_with_trigger.py
[2024-05-15T10:46:18.994+0000] {processor.py:840} INFO - DAG(s) 'latest_only_with_trigger' retrieved from /home/airflow/.local/lib/python3.12/site-packages/airflow/example_dags/example_latest_only_with_trigger.py
[2024-05-15T10:46:19.016+0000] {logging_mixin.py:188} INFO - [2024-05-15T10:46:19.016+0000] {dag.py:3096} INFO - Sync 1 DAGs
[2024-05-15T10:46:19.039+0000] {logging_mixin.py:188} INFO - [2024-05-15T10:46:19.039+0000] {dag.py:3954} INFO - Setting next_dagrun for latest_only_with_trigger to 2024-05-15 04:00:00+00:00, run_after=2024-05-15 08:00:00+00:00
[2024-05-15T10:46:19.058+0000] {processor.py:183} INFO - Processing /home/airflow/.local/lib/python3.12/site-packages/airflow/example_dags/example_latest_only_with_trigger.py took 0.080 seconds
[2024-05-15T10:46:49.261+0000] {processor.py:161} INFO - Started process (PID=3948) to work on /home/airflow/.local/lib/python3.12/site-packages/airflow/example_dags/example_latest_only_with_trigger.py
[2024-05-15T10:46:49.262+0000] {processor.py:830} INFO - Processing file /home/airflow/.local/lib/python3.12/site-packages/airflow/example_dags/example_latest_only_with_trigger.py for tasks to queue
[2024-05-15T10:46:49.264+0000] {logging_mixin.py:188} INFO - [2024-05-15T10:46:49.263+0000] {dagbag.py:540} INFO - Filling up the DagBag from /home/airflow/.local/lib/python3.12/site-packages/airflow/example_dags/example_latest_only_with_trigger.py
[2024-05-15T10:46:49.268+0000] {processor.py:840} INFO - DAG(s) 'latest_only_with_trigger' retrieved from /home/airflow/.local/lib/python3.12/site-packages/airflow/example_dags/example_latest_only_with_trigger.py
[2024-05-15T10:46:49.289+0000] {logging_mixin.py:188} INFO - [2024-05-15T10:46:49.289+0000] {dag.py:3096} INFO - Sync 1 DAGs
[2024-05-15T10:46:49.310+0000] {logging_mixin.py:188} INFO - [2024-05-15T10:46:49.310+0000] {dag.py:3954} INFO - Setting next_dagrun for latest_only_with_trigger to 2024-05-15 04:00:00+00:00, run_after=2024-05-15 08:00:00+00:00
[2024-05-15T10:46:49.330+0000] {processor.py:183} INFO - Processing /home/airflow/.local/lib/python3.12/site-packages/airflow/example_dags/example_latest_only_with_trigger.py took 0.076 seconds
[2024-05-15T10:47:19.534+0000] {processor.py:161} INFO - Started process (PID=4007) to work on /home/airflow/.local/lib/python3.12/site-packages/airflow/example_dags/example_latest_only_with_trigger.py
[2024-05-15T10:47:19.538+0000] {processor.py:830} INFO - Processing file /home/airflow/.local/lib/python3.12/site-packages/airflow/example_dags/example_latest_only_with_trigger.py for tasks to queue
[2024-05-15T10:47:19.539+0000] {logging_mixin.py:188} INFO - [2024-05-15T10:47:19.539+0000] {dagbag.py:540} INFO - Filling up the DagBag from /home/airflow/.local/lib/python3.12/site-packages/airflow/example_dags/example_latest_only_with_trigger.py
[2024-05-15T10:47:19.545+0000] {processor.py:840} INFO - DAG(s) 'latest_only_with_trigger' retrieved from /home/airflow/.local/lib/python3.12/site-packages/airflow/example_dags/example_latest_only_with_trigger.py
[2024-05-15T10:47:19.566+0000] {logging_mixin.py:188} INFO - [2024-05-15T10:47:19.566+0000] {dag.py:3096} INFO - Sync 1 DAGs
[2024-05-15T10:47:19.585+0000] {logging_mixin.py:188} INFO - [2024-05-15T10:47:19.585+0000] {dag.py:3954} INFO - Setting next_dagrun for latest_only_with_trigger to 2024-05-15 04:00:00+00:00, run_after=2024-05-15 08:00:00+00:00
[2024-05-15T10:47:19.602+0000] {processor.py:183} INFO - Processing /home/airflow/.local/lib/python3.12/site-packages/airflow/example_dags/example_latest_only_with_trigger.py took 0.073 seconds
[2024-05-15T10:47:50.012+0000] {processor.py:161} INFO - Started process (PID=4066) to work on /home/airflow/.local/lib/python3.12/site-packages/airflow/example_dags/example_latest_only_with_trigger.py
[2024-05-15T10:47:50.016+0000] {processor.py:830} INFO - Processing file /home/airflow/.local/lib/python3.12/site-packages/airflow/example_dags/example_latest_only_with_trigger.py for tasks to queue
[2024-05-15T10:47:50.017+0000] {logging_mixin.py:188} INFO - [2024-05-15T10:47:50.017+0000] {dagbag.py:540} INFO - Filling up the DagBag from /home/airflow/.local/lib/python3.12/site-packages/airflow/example_dags/example_latest_only_with_trigger.py
[2024-05-15T10:47:50.024+0000] {processor.py:840} INFO - DAG(s) 'latest_only_with_trigger' retrieved from /home/airflow/.local/lib/python3.12/site-packages/airflow/example_dags/example_latest_only_with_trigger.py
[2024-05-15T10:47:50.046+0000] {logging_mixin.py:188} INFO - [2024-05-15T10:47:50.046+0000] {dag.py:3096} INFO - Sync 1 DAGs
[2024-05-15T10:47:50.066+0000] {logging_mixin.py:188} INFO - [2024-05-15T10:47:50.065+0000] {dag.py:3954} INFO - Setting next_dagrun for latest_only_with_trigger to 2024-05-15 04:00:00+00:00, run_after=2024-05-15 08:00:00+00:00
[2024-05-15T10:47:50.086+0000] {processor.py:183} INFO - Processing /home/airflow/.local/lib/python3.12/site-packages/airflow/example_dags/example_latest_only_with_trigger.py took 0.079 seconds
