[2024-05-15T10:12:32.756+0000] {processor.py:161} INFO - Started process (PID=44) to work on /home/airflow/.local/lib/python3.12/site-packages/airflow/example_dags/example_task_group.py
[2024-05-15T10:12:32.756+0000] {processor.py:830} INFO - Processing file /home/airflow/.local/lib/python3.12/site-packages/airflow/example_dags/example_task_group.py for tasks to queue
[2024-05-15T10:12:32.758+0000] {logging_mixin.py:188} INFO - [2024-05-15T10:12:32.758+0000] {dagbag.py:540} INFO - Filling up the DagBag from /home/airflow/.local/lib/python3.12/site-packages/airflow/example_dags/example_task_group.py
[2024-05-15T10:12:32.773+0000] {processor.py:840} INFO - DAG(s) 'example_task_group' retrieved from /home/airflow/.local/lib/python3.12/site-packages/airflow/example_dags/example_task_group.py
[2024-05-15T10:12:32.805+0000] {logging_mixin.py:188} INFO - [2024-05-15T10:12:32.805+0000] {dag.py:3096} INFO - Sync 1 DAGs
[2024-05-15T10:12:32.835+0000] {logging_mixin.py:188} INFO - [2024-05-15T10:12:32.834+0000] {dag.py:3954} INFO - Setting next_dagrun for example_task_group to 2024-05-14 00:00:00+00:00, run_after=2024-05-15 00:00:00+00:00
[2024-05-15T10:12:32.857+0000] {processor.py:183} INFO - Processing /home/airflow/.local/lib/python3.12/site-packages/airflow/example_dags/example_task_group.py took 0.109 seconds
[2024-05-15T10:13:02.910+0000] {processor.py:161} INFO - Started process (PID=109) to work on /home/airflow/.local/lib/python3.12/site-packages/airflow/example_dags/example_task_group.py
[2024-05-15T10:13:02.911+0000] {processor.py:830} INFO - Processing file /home/airflow/.local/lib/python3.12/site-packages/airflow/example_dags/example_task_group.py for tasks to queue
[2024-05-15T10:13:02.913+0000] {logging_mixin.py:188} INFO - [2024-05-15T10:13:02.913+0000] {dagbag.py:540} INFO - Filling up the DagBag from /home/airflow/.local/lib/python3.12/site-packages/airflow/example_dags/example_task_group.py
[2024-05-15T10:13:02.919+0000] {processor.py:840} INFO - DAG(s) 'example_task_group' retrieved from /home/airflow/.local/lib/python3.12/site-packages/airflow/example_dags/example_task_group.py
[2024-05-15T10:13:02.942+0000] {logging_mixin.py:188} INFO - [2024-05-15T10:13:02.941+0000] {dag.py:3096} INFO - Sync 1 DAGs
[2024-05-15T10:13:02.966+0000] {logging_mixin.py:188} INFO - [2024-05-15T10:13:02.966+0000] {dag.py:3954} INFO - Setting next_dagrun for example_task_group to 2024-05-14 00:00:00+00:00, run_after=2024-05-15 00:00:00+00:00
[2024-05-15T10:13:02.984+0000] {processor.py:183} INFO - Processing /home/airflow/.local/lib/python3.12/site-packages/airflow/example_dags/example_task_group.py took 0.080 seconds
[2024-05-15T10:13:33.247+0000] {processor.py:161} INFO - Started process (PID=168) to work on /home/airflow/.local/lib/python3.12/site-packages/airflow/example_dags/example_task_group.py
[2024-05-15T10:13:33.248+0000] {processor.py:830} INFO - Processing file /home/airflow/.local/lib/python3.12/site-packages/airflow/example_dags/example_task_group.py for tasks to queue
[2024-05-15T10:13:33.250+0000] {logging_mixin.py:188} INFO - [2024-05-15T10:13:33.250+0000] {dagbag.py:540} INFO - Filling up the DagBag from /home/airflow/.local/lib/python3.12/site-packages/airflow/example_dags/example_task_group.py
[2024-05-15T10:13:33.257+0000] {processor.py:840} INFO - DAG(s) 'example_task_group' retrieved from /home/airflow/.local/lib/python3.12/site-packages/airflow/example_dags/example_task_group.py
[2024-05-15T10:13:33.282+0000] {logging_mixin.py:188} INFO - [2024-05-15T10:13:33.281+0000] {dag.py:3096} INFO - Sync 1 DAGs
[2024-05-15T10:13:33.303+0000] {logging_mixin.py:188} INFO - [2024-05-15T10:13:33.302+0000] {dag.py:3954} INFO - Setting next_dagrun for example_task_group to 2024-05-14 00:00:00+00:00, run_after=2024-05-15 00:00:00+00:00
[2024-05-15T10:13:33.322+0000] {processor.py:183} INFO - Processing /home/airflow/.local/lib/python3.12/site-packages/airflow/example_dags/example_task_group.py took 0.081 seconds
[2024-05-15T10:14:03.432+0000] {processor.py:161} INFO - Started process (PID=227) to work on /home/airflow/.local/lib/python3.12/site-packages/airflow/example_dags/example_task_group.py
[2024-05-15T10:14:03.432+0000] {processor.py:830} INFO - Processing file /home/airflow/.local/lib/python3.12/site-packages/airflow/example_dags/example_task_group.py for tasks to queue
[2024-05-15T10:14:03.434+0000] {logging_mixin.py:188} INFO - [2024-05-15T10:14:03.434+0000] {dagbag.py:540} INFO - Filling up the DagBag from /home/airflow/.local/lib/python3.12/site-packages/airflow/example_dags/example_task_group.py
[2024-05-15T10:14:03.445+0000] {processor.py:840} INFO - DAG(s) 'example_task_group' retrieved from /home/airflow/.local/lib/python3.12/site-packages/airflow/example_dags/example_task_group.py
[2024-05-15T10:14:03.467+0000] {logging_mixin.py:188} INFO - [2024-05-15T10:14:03.467+0000] {dag.py:3096} INFO - Sync 1 DAGs
[2024-05-15T10:14:03.488+0000] {logging_mixin.py:188} INFO - [2024-05-15T10:14:03.488+0000] {dag.py:3954} INFO - Setting next_dagrun for example_task_group to 2024-05-14 00:00:00+00:00, run_after=2024-05-15 00:00:00+00:00
[2024-05-15T10:14:03.509+0000] {processor.py:183} INFO - Processing /home/airflow/.local/lib/python3.12/site-packages/airflow/example_dags/example_task_group.py took 0.084 seconds
[2024-05-15T10:14:33.782+0000] {processor.py:161} INFO - Started process (PID=287) to work on /home/airflow/.local/lib/python3.12/site-packages/airflow/example_dags/example_task_group.py
[2024-05-15T10:14:33.783+0000] {processor.py:830} INFO - Processing file /home/airflow/.local/lib/python3.12/site-packages/airflow/example_dags/example_task_group.py for tasks to queue
[2024-05-15T10:14:33.785+0000] {logging_mixin.py:188} INFO - [2024-05-15T10:14:33.785+0000] {dagbag.py:540} INFO - Filling up the DagBag from /home/airflow/.local/lib/python3.12/site-packages/airflow/example_dags/example_task_group.py
[2024-05-15T10:14:33.793+0000] {processor.py:840} INFO - DAG(s) 'example_task_group' retrieved from /home/airflow/.local/lib/python3.12/site-packages/airflow/example_dags/example_task_group.py
[2024-05-15T10:14:33.813+0000] {logging_mixin.py:188} INFO - [2024-05-15T10:14:33.813+0000] {dag.py:3096} INFO - Sync 1 DAGs
[2024-05-15T10:14:33.833+0000] {logging_mixin.py:188} INFO - [2024-05-15T10:14:33.832+0000] {dag.py:3954} INFO - Setting next_dagrun for example_task_group to 2024-05-14 00:00:00+00:00, run_after=2024-05-15 00:00:00+00:00
[2024-05-15T10:14:33.852+0000] {processor.py:183} INFO - Processing /home/airflow/.local/lib/python3.12/site-packages/airflow/example_dags/example_task_group.py took 0.075 seconds
[2024-05-15T10:15:04.070+0000] {processor.py:161} INFO - Started process (PID=346) to work on /home/airflow/.local/lib/python3.12/site-packages/airflow/example_dags/example_task_group.py
[2024-05-15T10:15:04.071+0000] {processor.py:830} INFO - Processing file /home/airflow/.local/lib/python3.12/site-packages/airflow/example_dags/example_task_group.py for tasks to queue
[2024-05-15T10:15:04.074+0000] {logging_mixin.py:188} INFO - [2024-05-15T10:15:04.074+0000] {dagbag.py:540} INFO - Filling up the DagBag from /home/airflow/.local/lib/python3.12/site-packages/airflow/example_dags/example_task_group.py
[2024-05-15T10:15:04.083+0000] {processor.py:840} INFO - DAG(s) 'example_task_group' retrieved from /home/airflow/.local/lib/python3.12/site-packages/airflow/example_dags/example_task_group.py
[2024-05-15T10:15:04.113+0000] {logging_mixin.py:188} INFO - [2024-05-15T10:15:04.113+0000] {dag.py:3096} INFO - Sync 1 DAGs
[2024-05-15T10:15:04.142+0000] {logging_mixin.py:188} INFO - [2024-05-15T10:15:04.142+0000] {dag.py:3954} INFO - Setting next_dagrun for example_task_group to 2024-05-14 00:00:00+00:00, run_after=2024-05-15 00:00:00+00:00
[2024-05-15T10:15:04.166+0000] {processor.py:183} INFO - Processing /home/airflow/.local/lib/python3.12/site-packages/airflow/example_dags/example_task_group.py took 0.103 seconds
[2024-05-15T10:15:34.656+0000] {processor.py:161} INFO - Started process (PID=405) to work on /home/airflow/.local/lib/python3.12/site-packages/airflow/example_dags/example_task_group.py
[2024-05-15T10:15:34.657+0000] {processor.py:830} INFO - Processing file /home/airflow/.local/lib/python3.12/site-packages/airflow/example_dags/example_task_group.py for tasks to queue
[2024-05-15T10:15:34.659+0000] {logging_mixin.py:188} INFO - [2024-05-15T10:15:34.659+0000] {dagbag.py:540} INFO - Filling up the DagBag from /home/airflow/.local/lib/python3.12/site-packages/airflow/example_dags/example_task_group.py
[2024-05-15T10:15:34.667+0000] {processor.py:840} INFO - DAG(s) 'example_task_group' retrieved from /home/airflow/.local/lib/python3.12/site-packages/airflow/example_dags/example_task_group.py
[2024-05-15T10:15:34.685+0000] {logging_mixin.py:188} INFO - [2024-05-15T10:15:34.685+0000] {dag.py:3096} INFO - Sync 1 DAGs
[2024-05-15T10:15:34.704+0000] {logging_mixin.py:188} INFO - [2024-05-15T10:15:34.703+0000] {dag.py:3954} INFO - Setting next_dagrun for example_task_group to 2024-05-14 00:00:00+00:00, run_after=2024-05-15 00:00:00+00:00
[2024-05-15T10:15:34.721+0000] {processor.py:183} INFO - Processing /home/airflow/.local/lib/python3.12/site-packages/airflow/example_dags/example_task_group.py took 0.070 seconds
[2024-05-15T10:16:05.270+0000] {processor.py:161} INFO - Started process (PID=464) to work on /home/airflow/.local/lib/python3.12/site-packages/airflow/example_dags/example_task_group.py
[2024-05-15T10:16:05.271+0000] {processor.py:830} INFO - Processing file /home/airflow/.local/lib/python3.12/site-packages/airflow/example_dags/example_task_group.py for tasks to queue
[2024-05-15T10:16:05.273+0000] {logging_mixin.py:188} INFO - [2024-05-15T10:16:05.272+0000] {dagbag.py:540} INFO - Filling up the DagBag from /home/airflow/.local/lib/python3.12/site-packages/airflow/example_dags/example_task_group.py
[2024-05-15T10:16:05.279+0000] {processor.py:840} INFO - DAG(s) 'example_task_group' retrieved from /home/airflow/.local/lib/python3.12/site-packages/airflow/example_dags/example_task_group.py
[2024-05-15T10:16:05.297+0000] {logging_mixin.py:188} INFO - [2024-05-15T10:16:05.297+0000] {dag.py:3096} INFO - Sync 1 DAGs
[2024-05-15T10:16:05.326+0000] {logging_mixin.py:188} INFO - [2024-05-15T10:16:05.325+0000] {dag.py:3954} INFO - Setting next_dagrun for example_task_group to 2024-05-14 00:00:00+00:00, run_after=2024-05-15 00:00:00+00:00
[2024-05-15T10:16:05.348+0000] {processor.py:183} INFO - Processing /home/airflow/.local/lib/python3.12/site-packages/airflow/example_dags/example_task_group.py took 0.083 seconds
[2024-05-15T10:16:35.469+0000] {processor.py:161} INFO - Started process (PID=523) to work on /home/airflow/.local/lib/python3.12/site-packages/airflow/example_dags/example_task_group.py
[2024-05-15T10:16:35.470+0000] {processor.py:830} INFO - Processing file /home/airflow/.local/lib/python3.12/site-packages/airflow/example_dags/example_task_group.py for tasks to queue
[2024-05-15T10:16:35.472+0000] {logging_mixin.py:188} INFO - [2024-05-15T10:16:35.472+0000] {dagbag.py:540} INFO - Filling up the DagBag from /home/airflow/.local/lib/python3.12/site-packages/airflow/example_dags/example_task_group.py
[2024-05-15T10:16:35.479+0000] {processor.py:840} INFO - DAG(s) 'example_task_group' retrieved from /home/airflow/.local/lib/python3.12/site-packages/airflow/example_dags/example_task_group.py
[2024-05-15T10:16:35.498+0000] {logging_mixin.py:188} INFO - [2024-05-15T10:16:35.498+0000] {dag.py:3096} INFO - Sync 1 DAGs
[2024-05-15T10:16:35.517+0000] {logging_mixin.py:188} INFO - [2024-05-15T10:16:35.517+0000] {dag.py:3954} INFO - Setting next_dagrun for example_task_group to 2024-05-14 00:00:00+00:00, run_after=2024-05-15 00:00:00+00:00
[2024-05-15T10:16:35.539+0000] {processor.py:183} INFO - Processing /home/airflow/.local/lib/python3.12/site-packages/airflow/example_dags/example_task_group.py took 0.076 seconds
[2024-05-15T10:17:05.710+0000] {processor.py:161} INFO - Started process (PID=582) to work on /home/airflow/.local/lib/python3.12/site-packages/airflow/example_dags/example_task_group.py
[2024-05-15T10:17:05.712+0000] {processor.py:830} INFO - Processing file /home/airflow/.local/lib/python3.12/site-packages/airflow/example_dags/example_task_group.py for tasks to queue
[2024-05-15T10:17:05.713+0000] {logging_mixin.py:188} INFO - [2024-05-15T10:17:05.713+0000] {dagbag.py:540} INFO - Filling up the DagBag from /home/airflow/.local/lib/python3.12/site-packages/airflow/example_dags/example_task_group.py
[2024-05-15T10:17:05.720+0000] {processor.py:840} INFO - DAG(s) 'example_task_group' retrieved from /home/airflow/.local/lib/python3.12/site-packages/airflow/example_dags/example_task_group.py
[2024-05-15T10:17:05.744+0000] {logging_mixin.py:188} INFO - [2024-05-15T10:17:05.743+0000] {dag.py:3096} INFO - Sync 1 DAGs
[2024-05-15T10:17:05.762+0000] {logging_mixin.py:188} INFO - [2024-05-15T10:17:05.762+0000] {dag.py:3954} INFO - Setting next_dagrun for example_task_group to 2024-05-14 00:00:00+00:00, run_after=2024-05-15 00:00:00+00:00
[2024-05-15T10:17:05.780+0000] {processor.py:183} INFO - Processing /home/airflow/.local/lib/python3.12/site-packages/airflow/example_dags/example_task_group.py took 0.075 seconds
[2024-05-15T10:17:35.966+0000] {processor.py:161} INFO - Started process (PID=641) to work on /home/airflow/.local/lib/python3.12/site-packages/airflow/example_dags/example_task_group.py
[2024-05-15T10:17:35.969+0000] {processor.py:830} INFO - Processing file /home/airflow/.local/lib/python3.12/site-packages/airflow/example_dags/example_task_group.py for tasks to queue
[2024-05-15T10:17:35.971+0000] {logging_mixin.py:188} INFO - [2024-05-15T10:17:35.971+0000] {dagbag.py:540} INFO - Filling up the DagBag from /home/airflow/.local/lib/python3.12/site-packages/airflow/example_dags/example_task_group.py
[2024-05-15T10:17:35.989+0000] {processor.py:840} INFO - DAG(s) 'example_task_group' retrieved from /home/airflow/.local/lib/python3.12/site-packages/airflow/example_dags/example_task_group.py
[2024-05-15T10:17:36.028+0000] {logging_mixin.py:188} INFO - [2024-05-15T10:17:36.028+0000] {dag.py:3096} INFO - Sync 1 DAGs
[2024-05-15T10:17:36.051+0000] {logging_mixin.py:188} INFO - [2024-05-15T10:17:36.051+0000] {dag.py:3954} INFO - Setting next_dagrun for example_task_group to 2024-05-14 00:00:00+00:00, run_after=2024-05-15 00:00:00+00:00
[2024-05-15T10:17:36.068+0000] {processor.py:183} INFO - Processing /home/airflow/.local/lib/python3.12/site-packages/airflow/example_dags/example_task_group.py took 0.120 seconds
[2024-05-15T10:18:06.227+0000] {processor.py:161} INFO - Started process (PID=700) to work on /home/airflow/.local/lib/python3.12/site-packages/airflow/example_dags/example_task_group.py
[2024-05-15T10:18:06.229+0000] {processor.py:830} INFO - Processing file /home/airflow/.local/lib/python3.12/site-packages/airflow/example_dags/example_task_group.py for tasks to queue
[2024-05-15T10:18:06.230+0000] {logging_mixin.py:188} INFO - [2024-05-15T10:18:06.230+0000] {dagbag.py:540} INFO - Filling up the DagBag from /home/airflow/.local/lib/python3.12/site-packages/airflow/example_dags/example_task_group.py
[2024-05-15T10:18:06.238+0000] {processor.py:840} INFO - DAG(s) 'example_task_group' retrieved from /home/airflow/.local/lib/python3.12/site-packages/airflow/example_dags/example_task_group.py
[2024-05-15T10:18:06.255+0000] {logging_mixin.py:188} INFO - [2024-05-15T10:18:06.255+0000] {dag.py:3096} INFO - Sync 1 DAGs
[2024-05-15T10:18:06.279+0000] {logging_mixin.py:188} INFO - [2024-05-15T10:18:06.279+0000] {dag.py:3954} INFO - Setting next_dagrun for example_task_group to 2024-05-14 00:00:00+00:00, run_after=2024-05-15 00:00:00+00:00
[2024-05-15T10:18:06.296+0000] {processor.py:183} INFO - Processing /home/airflow/.local/lib/python3.12/site-packages/airflow/example_dags/example_task_group.py took 0.074 seconds
[2024-05-15T10:18:37.163+0000] {processor.py:161} INFO - Started process (PID=759) to work on /home/airflow/.local/lib/python3.12/site-packages/airflow/example_dags/example_task_group.py
[2024-05-15T10:18:37.164+0000] {processor.py:830} INFO - Processing file /home/airflow/.local/lib/python3.12/site-packages/airflow/example_dags/example_task_group.py for tasks to queue
[2024-05-15T10:18:37.166+0000] {logging_mixin.py:188} INFO - [2024-05-15T10:18:37.165+0000] {dagbag.py:540} INFO - Filling up the DagBag from /home/airflow/.local/lib/python3.12/site-packages/airflow/example_dags/example_task_group.py
[2024-05-15T10:18:37.172+0000] {processor.py:840} INFO - DAG(s) 'example_task_group' retrieved from /home/airflow/.local/lib/python3.12/site-packages/airflow/example_dags/example_task_group.py
[2024-05-15T10:18:37.194+0000] {logging_mixin.py:188} INFO - [2024-05-15T10:18:37.193+0000] {dag.py:3096} INFO - Sync 1 DAGs
[2024-05-15T10:18:37.212+0000] {logging_mixin.py:188} INFO - [2024-05-15T10:18:37.212+0000] {dag.py:3954} INFO - Setting next_dagrun for example_task_group to 2024-05-14 00:00:00+00:00, run_after=2024-05-15 00:00:00+00:00
[2024-05-15T10:18:37.230+0000] {processor.py:183} INFO - Processing /home/airflow/.local/lib/python3.12/site-packages/airflow/example_dags/example_task_group.py took 0.073 seconds
[2024-05-15T10:19:07.604+0000] {processor.py:161} INFO - Started process (PID=818) to work on /home/airflow/.local/lib/python3.12/site-packages/airflow/example_dags/example_task_group.py
[2024-05-15T10:19:07.605+0000] {processor.py:830} INFO - Processing file /home/airflow/.local/lib/python3.12/site-packages/airflow/example_dags/example_task_group.py for tasks to queue
[2024-05-15T10:19:07.607+0000] {logging_mixin.py:188} INFO - [2024-05-15T10:19:07.607+0000] {dagbag.py:540} INFO - Filling up the DagBag from /home/airflow/.local/lib/python3.12/site-packages/airflow/example_dags/example_task_group.py
[2024-05-15T10:19:07.615+0000] {processor.py:840} INFO - DAG(s) 'example_task_group' retrieved from /home/airflow/.local/lib/python3.12/site-packages/airflow/example_dags/example_task_group.py
[2024-05-15T10:19:07.632+0000] {logging_mixin.py:188} INFO - [2024-05-15T10:19:07.632+0000] {dag.py:3096} INFO - Sync 1 DAGs
[2024-05-15T10:19:07.778+0000] {logging_mixin.py:188} INFO - [2024-05-15T10:19:07.778+0000] {dag.py:3954} INFO - Setting next_dagrun for example_task_group to 2024-05-14 00:00:00+00:00, run_after=2024-05-15 00:00:00+00:00
[2024-05-15T10:19:07.793+0000] {processor.py:183} INFO - Processing /home/airflow/.local/lib/python3.12/site-packages/airflow/example_dags/example_task_group.py took 0.194 seconds
[2024-05-15T10:19:37.962+0000] {processor.py:161} INFO - Started process (PID=877) to work on /home/airflow/.local/lib/python3.12/site-packages/airflow/example_dags/example_task_group.py
[2024-05-15T10:19:37.964+0000] {processor.py:830} INFO - Processing file /home/airflow/.local/lib/python3.12/site-packages/airflow/example_dags/example_task_group.py for tasks to queue
[2024-05-15T10:19:37.965+0000] {logging_mixin.py:188} INFO - [2024-05-15T10:19:37.965+0000] {dagbag.py:540} INFO - Filling up the DagBag from /home/airflow/.local/lib/python3.12/site-packages/airflow/example_dags/example_task_group.py
[2024-05-15T10:19:37.971+0000] {processor.py:840} INFO - DAG(s) 'example_task_group' retrieved from /home/airflow/.local/lib/python3.12/site-packages/airflow/example_dags/example_task_group.py
[2024-05-15T10:19:37.990+0000] {logging_mixin.py:188} INFO - [2024-05-15T10:19:37.989+0000] {dag.py:3096} INFO - Sync 1 DAGs
[2024-05-15T10:19:38.012+0000] {logging_mixin.py:188} INFO - [2024-05-15T10:19:38.012+0000] {dag.py:3954} INFO - Setting next_dagrun for example_task_group to 2024-05-14 00:00:00+00:00, run_after=2024-05-15 00:00:00+00:00
[2024-05-15T10:19:38.130+0000] {processor.py:183} INFO - Processing /home/airflow/.local/lib/python3.12/site-packages/airflow/example_dags/example_task_group.py took 0.174 seconds
[2024-05-15T10:20:08.404+0000] {processor.py:161} INFO - Started process (PID=936) to work on /home/airflow/.local/lib/python3.12/site-packages/airflow/example_dags/example_task_group.py
[2024-05-15T10:20:08.405+0000] {processor.py:830} INFO - Processing file /home/airflow/.local/lib/python3.12/site-packages/airflow/example_dags/example_task_group.py for tasks to queue
[2024-05-15T10:20:08.406+0000] {logging_mixin.py:188} INFO - [2024-05-15T10:20:08.406+0000] {dagbag.py:540} INFO - Filling up the DagBag from /home/airflow/.local/lib/python3.12/site-packages/airflow/example_dags/example_task_group.py
[2024-05-15T10:20:08.412+0000] {processor.py:840} INFO - DAG(s) 'example_task_group' retrieved from /home/airflow/.local/lib/python3.12/site-packages/airflow/example_dags/example_task_group.py
[2024-05-15T10:20:08.431+0000] {logging_mixin.py:188} INFO - [2024-05-15T10:20:08.431+0000] {dag.py:3096} INFO - Sync 1 DAGs
[2024-05-15T10:20:08.448+0000] {logging_mixin.py:188} INFO - [2024-05-15T10:20:08.448+0000] {dag.py:3954} INFO - Setting next_dagrun for example_task_group to 2024-05-14 00:00:00+00:00, run_after=2024-05-15 00:00:00+00:00
[2024-05-15T10:20:08.464+0000] {processor.py:183} INFO - Processing /home/airflow/.local/lib/python3.12/site-packages/airflow/example_dags/example_task_group.py took 0.066 seconds
[2024-05-15T10:20:39.200+0000] {processor.py:161} INFO - Started process (PID=995) to work on /home/airflow/.local/lib/python3.12/site-packages/airflow/example_dags/example_task_group.py
[2024-05-15T10:20:39.201+0000] {processor.py:830} INFO - Processing file /home/airflow/.local/lib/python3.12/site-packages/airflow/example_dags/example_task_group.py for tasks to queue
[2024-05-15T10:20:39.203+0000] {logging_mixin.py:188} INFO - [2024-05-15T10:20:39.202+0000] {dagbag.py:540} INFO - Filling up the DagBag from /home/airflow/.local/lib/python3.12/site-packages/airflow/example_dags/example_task_group.py
[2024-05-15T10:20:39.210+0000] {processor.py:840} INFO - DAG(s) 'example_task_group' retrieved from /home/airflow/.local/lib/python3.12/site-packages/airflow/example_dags/example_task_group.py
[2024-05-15T10:20:39.229+0000] {logging_mixin.py:188} INFO - [2024-05-15T10:20:39.229+0000] {dag.py:3096} INFO - Sync 1 DAGs
[2024-05-15T10:20:39.247+0000] {logging_mixin.py:188} INFO - [2024-05-15T10:20:39.246+0000] {dag.py:3954} INFO - Setting next_dagrun for example_task_group to 2024-05-14 00:00:00+00:00, run_after=2024-05-15 00:00:00+00:00
[2024-05-15T10:20:39.265+0000] {processor.py:183} INFO - Processing /home/airflow/.local/lib/python3.12/site-packages/airflow/example_dags/example_task_group.py took 0.069 seconds
[2024-05-15T10:21:09.573+0000] {processor.py:161} INFO - Started process (PID=1054) to work on /home/airflow/.local/lib/python3.12/site-packages/airflow/example_dags/example_task_group.py
[2024-05-15T10:21:09.574+0000] {processor.py:830} INFO - Processing file /home/airflow/.local/lib/python3.12/site-packages/airflow/example_dags/example_task_group.py for tasks to queue
[2024-05-15T10:21:09.576+0000] {logging_mixin.py:188} INFO - [2024-05-15T10:21:09.575+0000] {dagbag.py:540} INFO - Filling up the DagBag from /home/airflow/.local/lib/python3.12/site-packages/airflow/example_dags/example_task_group.py
[2024-05-15T10:21:09.583+0000] {processor.py:840} INFO - DAG(s) 'example_task_group' retrieved from /home/airflow/.local/lib/python3.12/site-packages/airflow/example_dags/example_task_group.py
[2024-05-15T10:21:09.599+0000] {logging_mixin.py:188} INFO - [2024-05-15T10:21:09.599+0000] {dag.py:3096} INFO - Sync 1 DAGs
[2024-05-15T10:21:09.617+0000] {logging_mixin.py:188} INFO - [2024-05-15T10:21:09.617+0000] {dag.py:3954} INFO - Setting next_dagrun for example_task_group to 2024-05-14 00:00:00+00:00, run_after=2024-05-15 00:00:00+00:00
[2024-05-15T10:21:09.633+0000] {processor.py:183} INFO - Processing /home/airflow/.local/lib/python3.12/site-packages/airflow/example_dags/example_task_group.py took 0.065 seconds
[2024-05-15T10:21:39.658+0000] {processor.py:161} INFO - Started process (PID=1113) to work on /home/airflow/.local/lib/python3.12/site-packages/airflow/example_dags/example_task_group.py
[2024-05-15T10:21:39.659+0000] {processor.py:830} INFO - Processing file /home/airflow/.local/lib/python3.12/site-packages/airflow/example_dags/example_task_group.py for tasks to queue
[2024-05-15T10:21:39.661+0000] {logging_mixin.py:188} INFO - [2024-05-15T10:21:39.660+0000] {dagbag.py:540} INFO - Filling up the DagBag from /home/airflow/.local/lib/python3.12/site-packages/airflow/example_dags/example_task_group.py
[2024-05-15T10:21:39.667+0000] {processor.py:840} INFO - DAG(s) 'example_task_group' retrieved from /home/airflow/.local/lib/python3.12/site-packages/airflow/example_dags/example_task_group.py
[2024-05-15T10:21:39.687+0000] {logging_mixin.py:188} INFO - [2024-05-15T10:21:39.687+0000] {dag.py:3096} INFO - Sync 1 DAGs
[2024-05-15T10:21:39.706+0000] {logging_mixin.py:188} INFO - [2024-05-15T10:21:39.706+0000] {dag.py:3954} INFO - Setting next_dagrun for example_task_group to 2024-05-14 00:00:00+00:00, run_after=2024-05-15 00:00:00+00:00
[2024-05-15T10:21:39.722+0000] {processor.py:183} INFO - Processing /home/airflow/.local/lib/python3.12/site-packages/airflow/example_dags/example_task_group.py took 0.069 seconds
[2024-05-15T10:22:10.063+0000] {processor.py:161} INFO - Started process (PID=1172) to work on /home/airflow/.local/lib/python3.12/site-packages/airflow/example_dags/example_task_group.py
[2024-05-15T10:22:10.064+0000] {processor.py:830} INFO - Processing file /home/airflow/.local/lib/python3.12/site-packages/airflow/example_dags/example_task_group.py for tasks to queue
[2024-05-15T10:22:10.066+0000] {logging_mixin.py:188} INFO - [2024-05-15T10:22:10.065+0000] {dagbag.py:540} INFO - Filling up the DagBag from /home/airflow/.local/lib/python3.12/site-packages/airflow/example_dags/example_task_group.py
[2024-05-15T10:22:10.071+0000] {processor.py:840} INFO - DAG(s) 'example_task_group' retrieved from /home/airflow/.local/lib/python3.12/site-packages/airflow/example_dags/example_task_group.py
[2024-05-15T10:22:10.091+0000] {logging_mixin.py:188} INFO - [2024-05-15T10:22:10.091+0000] {dag.py:3096} INFO - Sync 1 DAGs
[2024-05-15T10:22:10.110+0000] {logging_mixin.py:188} INFO - [2024-05-15T10:22:10.110+0000] {dag.py:3954} INFO - Setting next_dagrun for example_task_group to 2024-05-14 00:00:00+00:00, run_after=2024-05-15 00:00:00+00:00
[2024-05-15T10:22:10.128+0000] {processor.py:183} INFO - Processing /home/airflow/.local/lib/python3.12/site-packages/airflow/example_dags/example_task_group.py took 0.070 seconds
[2024-05-15T10:22:40.960+0000] {processor.py:161} INFO - Started process (PID=1231) to work on /home/airflow/.local/lib/python3.12/site-packages/airflow/example_dags/example_task_group.py
[2024-05-15T10:22:40.961+0000] {processor.py:830} INFO - Processing file /home/airflow/.local/lib/python3.12/site-packages/airflow/example_dags/example_task_group.py for tasks to queue
[2024-05-15T10:22:40.963+0000] {logging_mixin.py:188} INFO - [2024-05-15T10:22:40.963+0000] {dagbag.py:540} INFO - Filling up the DagBag from /home/airflow/.local/lib/python3.12/site-packages/airflow/example_dags/example_task_group.py
[2024-05-15T10:22:40.971+0000] {processor.py:840} INFO - DAG(s) 'example_task_group' retrieved from /home/airflow/.local/lib/python3.12/site-packages/airflow/example_dags/example_task_group.py
[2024-05-15T10:22:40.991+0000] {logging_mixin.py:188} INFO - [2024-05-15T10:22:40.991+0000] {dag.py:3096} INFO - Sync 1 DAGs
[2024-05-15T10:22:41.012+0000] {logging_mixin.py:188} INFO - [2024-05-15T10:22:41.012+0000] {dag.py:3954} INFO - Setting next_dagrun for example_task_group to 2024-05-14 00:00:00+00:00, run_after=2024-05-15 00:00:00+00:00
[2024-05-15T10:22:41.027+0000] {processor.py:183} INFO - Processing /home/airflow/.local/lib/python3.12/site-packages/airflow/example_dags/example_task_group.py took 0.074 seconds
[2024-05-15T10:23:11.717+0000] {processor.py:161} INFO - Started process (PID=1290) to work on /home/airflow/.local/lib/python3.12/site-packages/airflow/example_dags/example_task_group.py
[2024-05-15T10:23:11.718+0000] {processor.py:830} INFO - Processing file /home/airflow/.local/lib/python3.12/site-packages/airflow/example_dags/example_task_group.py for tasks to queue
[2024-05-15T10:23:11.720+0000] {logging_mixin.py:188} INFO - [2024-05-15T10:23:11.719+0000] {dagbag.py:540} INFO - Filling up the DagBag from /home/airflow/.local/lib/python3.12/site-packages/airflow/example_dags/example_task_group.py
[2024-05-15T10:23:11.726+0000] {processor.py:840} INFO - DAG(s) 'example_task_group' retrieved from /home/airflow/.local/lib/python3.12/site-packages/airflow/example_dags/example_task_group.py
[2024-05-15T10:23:11.747+0000] {logging_mixin.py:188} INFO - [2024-05-15T10:23:11.746+0000] {dag.py:3096} INFO - Sync 1 DAGs
[2024-05-15T10:23:11.766+0000] {logging_mixin.py:188} INFO - [2024-05-15T10:23:11.765+0000] {dag.py:3954} INFO - Setting next_dagrun for example_task_group to 2024-05-14 00:00:00+00:00, run_after=2024-05-15 00:00:00+00:00
[2024-05-15T10:23:11.782+0000] {processor.py:183} INFO - Processing /home/airflow/.local/lib/python3.12/site-packages/airflow/example_dags/example_task_group.py took 0.070 seconds
[2024-05-15T10:23:42.703+0000] {processor.py:161} INFO - Started process (PID=1349) to work on /home/airflow/.local/lib/python3.12/site-packages/airflow/example_dags/example_task_group.py
[2024-05-15T10:23:42.704+0000] {processor.py:830} INFO - Processing file /home/airflow/.local/lib/python3.12/site-packages/airflow/example_dags/example_task_group.py for tasks to queue
[2024-05-15T10:23:42.705+0000] {logging_mixin.py:188} INFO - [2024-05-15T10:23:42.705+0000] {dagbag.py:540} INFO - Filling up the DagBag from /home/airflow/.local/lib/python3.12/site-packages/airflow/example_dags/example_task_group.py
[2024-05-15T10:23:42.712+0000] {processor.py:840} INFO - DAG(s) 'example_task_group' retrieved from /home/airflow/.local/lib/python3.12/site-packages/airflow/example_dags/example_task_group.py
[2024-05-15T10:23:42.729+0000] {logging_mixin.py:188} INFO - [2024-05-15T10:23:42.729+0000] {dag.py:3096} INFO - Sync 1 DAGs
[2024-05-15T10:23:42.748+0000] {logging_mixin.py:188} INFO - [2024-05-15T10:23:42.748+0000] {dag.py:3954} INFO - Setting next_dagrun for example_task_group to 2024-05-14 00:00:00+00:00, run_after=2024-05-15 00:00:00+00:00
[2024-05-15T10:23:42.763+0000] {processor.py:183} INFO - Processing /home/airflow/.local/lib/python3.12/site-packages/airflow/example_dags/example_task_group.py took 0.067 seconds
[2024-05-15T10:24:13.570+0000] {processor.py:161} INFO - Started process (PID=1408) to work on /home/airflow/.local/lib/python3.12/site-packages/airflow/example_dags/example_task_group.py
[2024-05-15T10:24:13.571+0000] {processor.py:830} INFO - Processing file /home/airflow/.local/lib/python3.12/site-packages/airflow/example_dags/example_task_group.py for tasks to queue
[2024-05-15T10:24:13.573+0000] {logging_mixin.py:188} INFO - [2024-05-15T10:24:13.573+0000] {dagbag.py:540} INFO - Filling up the DagBag from /home/airflow/.local/lib/python3.12/site-packages/airflow/example_dags/example_task_group.py
[2024-05-15T10:24:13.579+0000] {processor.py:840} INFO - DAG(s) 'example_task_group' retrieved from /home/airflow/.local/lib/python3.12/site-packages/airflow/example_dags/example_task_group.py
[2024-05-15T10:24:13.598+0000] {logging_mixin.py:188} INFO - [2024-05-15T10:24:13.597+0000] {dag.py:3096} INFO - Sync 1 DAGs
[2024-05-15T10:24:13.616+0000] {logging_mixin.py:188} INFO - [2024-05-15T10:24:13.616+0000] {dag.py:3954} INFO - Setting next_dagrun for example_task_group to 2024-05-14 00:00:00+00:00, run_after=2024-05-15 00:00:00+00:00
[2024-05-15T10:24:13.632+0000] {processor.py:183} INFO - Processing /home/airflow/.local/lib/python3.12/site-packages/airflow/example_dags/example_task_group.py took 0.067 seconds
[2024-05-15T10:24:43.925+0000] {processor.py:161} INFO - Started process (PID=1473) to work on /home/airflow/.local/lib/python3.12/site-packages/airflow/example_dags/example_task_group.py
[2024-05-15T10:24:43.927+0000] {processor.py:830} INFO - Processing file /home/airflow/.local/lib/python3.12/site-packages/airflow/example_dags/example_task_group.py for tasks to queue
[2024-05-15T10:24:43.928+0000] {logging_mixin.py:188} INFO - [2024-05-15T10:24:43.928+0000] {dagbag.py:540} INFO - Filling up the DagBag from /home/airflow/.local/lib/python3.12/site-packages/airflow/example_dags/example_task_group.py
[2024-05-15T10:24:43.936+0000] {processor.py:840} INFO - DAG(s) 'example_task_group' retrieved from /home/airflow/.local/lib/python3.12/site-packages/airflow/example_dags/example_task_group.py
[2024-05-15T10:24:43.957+0000] {logging_mixin.py:188} INFO - [2024-05-15T10:24:43.957+0000] {dag.py:3096} INFO - Sync 1 DAGs
[2024-05-15T10:24:43.976+0000] {logging_mixin.py:188} INFO - [2024-05-15T10:24:43.975+0000] {dag.py:3954} INFO - Setting next_dagrun for example_task_group to 2024-05-14 00:00:00+00:00, run_after=2024-05-15 00:00:00+00:00
[2024-05-15T10:24:43.992+0000] {processor.py:183} INFO - Processing /home/airflow/.local/lib/python3.12/site-packages/airflow/example_dags/example_task_group.py took 0.073 seconds
[2024-05-15T10:25:14.221+0000] {processor.py:161} INFO - Started process (PID=1532) to work on /home/airflow/.local/lib/python3.12/site-packages/airflow/example_dags/example_task_group.py
[2024-05-15T10:25:14.222+0000] {processor.py:830} INFO - Processing file /home/airflow/.local/lib/python3.12/site-packages/airflow/example_dags/example_task_group.py for tasks to queue
[2024-05-15T10:25:14.224+0000] {logging_mixin.py:188} INFO - [2024-05-15T10:25:14.224+0000] {dagbag.py:540} INFO - Filling up the DagBag from /home/airflow/.local/lib/python3.12/site-packages/airflow/example_dags/example_task_group.py
[2024-05-15T10:25:14.231+0000] {processor.py:840} INFO - DAG(s) 'example_task_group' retrieved from /home/airflow/.local/lib/python3.12/site-packages/airflow/example_dags/example_task_group.py
[2024-05-15T10:25:14.252+0000] {logging_mixin.py:188} INFO - [2024-05-15T10:25:14.252+0000] {dag.py:3096} INFO - Sync 1 DAGs
[2024-05-15T10:25:14.272+0000] {logging_mixin.py:188} INFO - [2024-05-15T10:25:14.272+0000] {dag.py:3954} INFO - Setting next_dagrun for example_task_group to 2024-05-14 00:00:00+00:00, run_after=2024-05-15 00:00:00+00:00
[2024-05-15T10:25:14.289+0000] {processor.py:183} INFO - Processing /home/airflow/.local/lib/python3.12/site-packages/airflow/example_dags/example_task_group.py took 0.074 seconds
[2024-05-15T10:25:44.605+0000] {processor.py:161} INFO - Started process (PID=1591) to work on /home/airflow/.local/lib/python3.12/site-packages/airflow/example_dags/example_task_group.py
[2024-05-15T10:25:44.606+0000] {processor.py:830} INFO - Processing file /home/airflow/.local/lib/python3.12/site-packages/airflow/example_dags/example_task_group.py for tasks to queue
[2024-05-15T10:25:44.609+0000] {logging_mixin.py:188} INFO - [2024-05-15T10:25:44.608+0000] {dagbag.py:540} INFO - Filling up the DagBag from /home/airflow/.local/lib/python3.12/site-packages/airflow/example_dags/example_task_group.py
[2024-05-15T10:25:44.617+0000] {processor.py:840} INFO - DAG(s) 'example_task_group' retrieved from /home/airflow/.local/lib/python3.12/site-packages/airflow/example_dags/example_task_group.py
[2024-05-15T10:25:44.640+0000] {logging_mixin.py:188} INFO - [2024-05-15T10:25:44.639+0000] {dag.py:3096} INFO - Sync 1 DAGs
[2024-05-15T10:25:44.664+0000] {logging_mixin.py:188} INFO - [2024-05-15T10:25:44.664+0000] {dag.py:3954} INFO - Setting next_dagrun for example_task_group to 2024-05-14 00:00:00+00:00, run_after=2024-05-15 00:00:00+00:00
[2024-05-15T10:25:44.683+0000] {processor.py:183} INFO - Processing /home/airflow/.local/lib/python3.12/site-packages/airflow/example_dags/example_task_group.py took 0.084 seconds
[2024-05-15T10:26:15.754+0000] {processor.py:161} INFO - Started process (PID=1650) to work on /home/airflow/.local/lib/python3.12/site-packages/airflow/example_dags/example_task_group.py
[2024-05-15T10:26:15.755+0000] {processor.py:830} INFO - Processing file /home/airflow/.local/lib/python3.12/site-packages/airflow/example_dags/example_task_group.py for tasks to queue
[2024-05-15T10:26:15.757+0000] {logging_mixin.py:188} INFO - [2024-05-15T10:26:15.756+0000] {dagbag.py:540} INFO - Filling up the DagBag from /home/airflow/.local/lib/python3.12/site-packages/airflow/example_dags/example_task_group.py
[2024-05-15T10:26:15.763+0000] {processor.py:840} INFO - DAG(s) 'example_task_group' retrieved from /home/airflow/.local/lib/python3.12/site-packages/airflow/example_dags/example_task_group.py
[2024-05-15T10:26:15.783+0000] {logging_mixin.py:188} INFO - [2024-05-15T10:26:15.782+0000] {dag.py:3096} INFO - Sync 1 DAGs
[2024-05-15T10:26:15.806+0000] {logging_mixin.py:188} INFO - [2024-05-15T10:26:15.806+0000] {dag.py:3954} INFO - Setting next_dagrun for example_task_group to 2024-05-14 00:00:00+00:00, run_after=2024-05-15 00:00:00+00:00
[2024-05-15T10:26:15.825+0000] {processor.py:183} INFO - Processing /home/airflow/.local/lib/python3.12/site-packages/airflow/example_dags/example_task_group.py took 0.076 seconds
[2024-05-15T10:26:46.687+0000] {processor.py:161} INFO - Started process (PID=1709) to work on /home/airflow/.local/lib/python3.12/site-packages/airflow/example_dags/example_task_group.py
[2024-05-15T10:26:46.687+0000] {processor.py:830} INFO - Processing file /home/airflow/.local/lib/python3.12/site-packages/airflow/example_dags/example_task_group.py for tasks to queue
[2024-05-15T10:26:46.689+0000] {logging_mixin.py:188} INFO - [2024-05-15T10:26:46.689+0000] {dagbag.py:540} INFO - Filling up the DagBag from /home/airflow/.local/lib/python3.12/site-packages/airflow/example_dags/example_task_group.py
[2024-05-15T10:26:46.697+0000] {processor.py:840} INFO - DAG(s) 'example_task_group' retrieved from /home/airflow/.local/lib/python3.12/site-packages/airflow/example_dags/example_task_group.py
[2024-05-15T10:26:46.716+0000] {logging_mixin.py:188} INFO - [2024-05-15T10:26:46.716+0000] {dag.py:3096} INFO - Sync 1 DAGs
[2024-05-15T10:26:46.740+0000] {logging_mixin.py:188} INFO - [2024-05-15T10:26:46.740+0000] {dag.py:3954} INFO - Setting next_dagrun for example_task_group to 2024-05-14 00:00:00+00:00, run_after=2024-05-15 00:00:00+00:00
[2024-05-15T10:26:46.761+0000] {processor.py:183} INFO - Processing /home/airflow/.local/lib/python3.12/site-packages/airflow/example_dags/example_task_group.py took 0.080 seconds
[2024-05-15T10:27:17.047+0000] {processor.py:161} INFO - Started process (PID=1768) to work on /home/airflow/.local/lib/python3.12/site-packages/airflow/example_dags/example_task_group.py
[2024-05-15T10:27:17.048+0000] {processor.py:830} INFO - Processing file /home/airflow/.local/lib/python3.12/site-packages/airflow/example_dags/example_task_group.py for tasks to queue
[2024-05-15T10:27:17.049+0000] {logging_mixin.py:188} INFO - [2024-05-15T10:27:17.049+0000] {dagbag.py:540} INFO - Filling up the DagBag from /home/airflow/.local/lib/python3.12/site-packages/airflow/example_dags/example_task_group.py
[2024-05-15T10:27:17.055+0000] {processor.py:840} INFO - DAG(s) 'example_task_group' retrieved from /home/airflow/.local/lib/python3.12/site-packages/airflow/example_dags/example_task_group.py
[2024-05-15T10:27:17.075+0000] {logging_mixin.py:188} INFO - [2024-05-15T10:27:17.074+0000] {dag.py:3096} INFO - Sync 1 DAGs
[2024-05-15T10:27:17.094+0000] {logging_mixin.py:188} INFO - [2024-05-15T10:27:17.094+0000] {dag.py:3954} INFO - Setting next_dagrun for example_task_group to 2024-05-14 00:00:00+00:00, run_after=2024-05-15 00:00:00+00:00
[2024-05-15T10:27:17.109+0000] {processor.py:183} INFO - Processing /home/airflow/.local/lib/python3.12/site-packages/airflow/example_dags/example_task_group.py took 0.067 seconds
[2024-05-15T10:27:47.181+0000] {processor.py:161} INFO - Started process (PID=1827) to work on /home/airflow/.local/lib/python3.12/site-packages/airflow/example_dags/example_task_group.py
[2024-05-15T10:27:47.182+0000] {processor.py:830} INFO - Processing file /home/airflow/.local/lib/python3.12/site-packages/airflow/example_dags/example_task_group.py for tasks to queue
[2024-05-15T10:27:47.184+0000] {logging_mixin.py:188} INFO - [2024-05-15T10:27:47.184+0000] {dagbag.py:540} INFO - Filling up the DagBag from /home/airflow/.local/lib/python3.12/site-packages/airflow/example_dags/example_task_group.py
[2024-05-15T10:27:47.190+0000] {processor.py:840} INFO - DAG(s) 'example_task_group' retrieved from /home/airflow/.local/lib/python3.12/site-packages/airflow/example_dags/example_task_group.py
[2024-05-15T10:27:47.209+0000] {logging_mixin.py:188} INFO - [2024-05-15T10:27:47.209+0000] {dag.py:3096} INFO - Sync 1 DAGs
[2024-05-15T10:27:47.228+0000] {logging_mixin.py:188} INFO - [2024-05-15T10:27:47.228+0000] {dag.py:3954} INFO - Setting next_dagrun for example_task_group to 2024-05-14 00:00:00+00:00, run_after=2024-05-15 00:00:00+00:00
[2024-05-15T10:27:47.247+0000] {processor.py:183} INFO - Processing /home/airflow/.local/lib/python3.12/site-packages/airflow/example_dags/example_task_group.py took 0.072 seconds
[2024-05-15T10:28:17.296+0000] {processor.py:161} INFO - Started process (PID=1887) to work on /home/airflow/.local/lib/python3.12/site-packages/airflow/example_dags/example_task_group.py
[2024-05-15T10:28:17.297+0000] {processor.py:830} INFO - Processing file /home/airflow/.local/lib/python3.12/site-packages/airflow/example_dags/example_task_group.py for tasks to queue
[2024-05-15T10:28:17.299+0000] {logging_mixin.py:188} INFO - [2024-05-15T10:28:17.299+0000] {dagbag.py:540} INFO - Filling up the DagBag from /home/airflow/.local/lib/python3.12/site-packages/airflow/example_dags/example_task_group.py
[2024-05-15T10:28:17.306+0000] {processor.py:840} INFO - DAG(s) 'example_task_group' retrieved from /home/airflow/.local/lib/python3.12/site-packages/airflow/example_dags/example_task_group.py
[2024-05-15T10:28:17.326+0000] {logging_mixin.py:188} INFO - [2024-05-15T10:28:17.326+0000] {dag.py:3096} INFO - Sync 1 DAGs
[2024-05-15T10:28:17.347+0000] {logging_mixin.py:188} INFO - [2024-05-15T10:28:17.347+0000] {dag.py:3954} INFO - Setting next_dagrun for example_task_group to 2024-05-14 00:00:00+00:00, run_after=2024-05-15 00:00:00+00:00
[2024-05-15T10:28:17.369+0000] {processor.py:183} INFO - Processing /home/airflow/.local/lib/python3.12/site-packages/airflow/example_dags/example_task_group.py took 0.079 seconds
[2024-05-15T10:29:32.515+0000] {processor.py:161} INFO - Started process (PID=1937) to work on /home/airflow/.local/lib/python3.12/site-packages/airflow/example_dags/example_task_group.py
[2024-05-15T10:29:32.529+0000] {processor.py:830} INFO - Processing file /home/airflow/.local/lib/python3.12/site-packages/airflow/example_dags/example_task_group.py for tasks to queue
[2024-05-15T10:29:32.534+0000] {logging_mixin.py:188} INFO - [2024-05-15T10:29:32.533+0000] {dagbag.py:540} INFO - Filling up the DagBag from /home/airflow/.local/lib/python3.12/site-packages/airflow/example_dags/example_task_group.py
[2024-05-15T10:29:32.599+0000] {processor.py:840} INFO - DAG(s) 'example_task_group' retrieved from /home/airflow/.local/lib/python3.12/site-packages/airflow/example_dags/example_task_group.py
[2024-05-15T10:29:32.757+0000] {logging_mixin.py:188} INFO - [2024-05-15T10:29:32.756+0000] {dag.py:3096} INFO - Sync 1 DAGs
[2024-05-15T10:29:32.980+0000] {logging_mixin.py:188} INFO - [2024-05-15T10:29:32.979+0000] {dag.py:3954} INFO - Setting next_dagrun for example_task_group to 2024-05-14 00:00:00+00:00, run_after=2024-05-15 00:00:00+00:00
[2024-05-15T10:29:33.130+0000] {processor.py:183} INFO - Processing /home/airflow/.local/lib/python3.12/site-packages/airflow/example_dags/example_task_group.py took 0.673 seconds
[2024-05-15T10:30:03.984+0000] {processor.py:161} INFO - Started process (PID=1996) to work on /home/airflow/.local/lib/python3.12/site-packages/airflow/example_dags/example_task_group.py
[2024-05-15T10:30:03.988+0000] {processor.py:830} INFO - Processing file /home/airflow/.local/lib/python3.12/site-packages/airflow/example_dags/example_task_group.py for tasks to queue
[2024-05-15T10:30:03.990+0000] {logging_mixin.py:188} INFO - [2024-05-15T10:30:03.990+0000] {dagbag.py:540} INFO - Filling up the DagBag from /home/airflow/.local/lib/python3.12/site-packages/airflow/example_dags/example_task_group.py
[2024-05-15T10:30:04.003+0000] {processor.py:840} INFO - DAG(s) 'example_task_group' retrieved from /home/airflow/.local/lib/python3.12/site-packages/airflow/example_dags/example_task_group.py
[2024-05-15T10:30:04.034+0000] {logging_mixin.py:188} INFO - [2024-05-15T10:30:04.034+0000] {dag.py:3096} INFO - Sync 1 DAGs
[2024-05-15T10:30:04.059+0000] {logging_mixin.py:188} INFO - [2024-05-15T10:30:04.059+0000] {dag.py:3954} INFO - Setting next_dagrun for example_task_group to 2024-05-14 00:00:00+00:00, run_after=2024-05-15 00:00:00+00:00
[2024-05-15T10:30:04.077+0000] {processor.py:183} INFO - Processing /home/airflow/.local/lib/python3.12/site-packages/airflow/example_dags/example_task_group.py took 0.100 seconds
[2024-05-15T10:30:34.114+0000] {processor.py:161} INFO - Started process (PID=2055) to work on /home/airflow/.local/lib/python3.12/site-packages/airflow/example_dags/example_task_group.py
[2024-05-15T10:30:34.117+0000] {processor.py:830} INFO - Processing file /home/airflow/.local/lib/python3.12/site-packages/airflow/example_dags/example_task_group.py for tasks to queue
[2024-05-15T10:30:34.119+0000] {logging_mixin.py:188} INFO - [2024-05-15T10:30:34.118+0000] {dagbag.py:540} INFO - Filling up the DagBag from /home/airflow/.local/lib/python3.12/site-packages/airflow/example_dags/example_task_group.py
[2024-05-15T10:30:34.125+0000] {processor.py:840} INFO - DAG(s) 'example_task_group' retrieved from /home/airflow/.local/lib/python3.12/site-packages/airflow/example_dags/example_task_group.py
[2024-05-15T10:30:34.147+0000] {logging_mixin.py:188} INFO - [2024-05-15T10:30:34.147+0000] {dag.py:3096} INFO - Sync 1 DAGs
[2024-05-15T10:30:34.170+0000] {logging_mixin.py:188} INFO - [2024-05-15T10:30:34.170+0000] {dag.py:3954} INFO - Setting next_dagrun for example_task_group to 2024-05-14 00:00:00+00:00, run_after=2024-05-15 00:00:00+00:00
[2024-05-15T10:30:34.186+0000] {processor.py:183} INFO - Processing /home/airflow/.local/lib/python3.12/site-packages/airflow/example_dags/example_task_group.py took 0.079 seconds
[2024-05-15T10:31:04.747+0000] {processor.py:161} INFO - Started process (PID=2114) to work on /home/airflow/.local/lib/python3.12/site-packages/airflow/example_dags/example_task_group.py
[2024-05-15T10:31:04.756+0000] {processor.py:830} INFO - Processing file /home/airflow/.local/lib/python3.12/site-packages/airflow/example_dags/example_task_group.py for tasks to queue
[2024-05-15T10:31:04.758+0000] {logging_mixin.py:188} INFO - [2024-05-15T10:31:04.758+0000] {dagbag.py:540} INFO - Filling up the DagBag from /home/airflow/.local/lib/python3.12/site-packages/airflow/example_dags/example_task_group.py
[2024-05-15T10:31:04.766+0000] {processor.py:840} INFO - DAG(s) 'example_task_group' retrieved from /home/airflow/.local/lib/python3.12/site-packages/airflow/example_dags/example_task_group.py
[2024-05-15T10:31:04.792+0000] {logging_mixin.py:188} INFO - [2024-05-15T10:31:04.792+0000] {dag.py:3096} INFO - Sync 1 DAGs
[2024-05-15T10:31:04.815+0000] {logging_mixin.py:188} INFO - [2024-05-15T10:31:04.815+0000] {dag.py:3954} INFO - Setting next_dagrun for example_task_group to 2024-05-14 00:00:00+00:00, run_after=2024-05-15 00:00:00+00:00
[2024-05-15T10:31:04.835+0000] {processor.py:183} INFO - Processing /home/airflow/.local/lib/python3.12/site-packages/airflow/example_dags/example_task_group.py took 0.096 seconds
[2024-05-15T10:31:35.255+0000] {processor.py:161} INFO - Started process (PID=2173) to work on /home/airflow/.local/lib/python3.12/site-packages/airflow/example_dags/example_task_group.py
[2024-05-15T10:31:35.264+0000] {processor.py:830} INFO - Processing file /home/airflow/.local/lib/python3.12/site-packages/airflow/example_dags/example_task_group.py for tasks to queue
[2024-05-15T10:31:35.266+0000] {logging_mixin.py:188} INFO - [2024-05-15T10:31:35.265+0000] {dagbag.py:540} INFO - Filling up the DagBag from /home/airflow/.local/lib/python3.12/site-packages/airflow/example_dags/example_task_group.py
[2024-05-15T10:31:35.272+0000] {processor.py:840} INFO - DAG(s) 'example_task_group' retrieved from /home/airflow/.local/lib/python3.12/site-packages/airflow/example_dags/example_task_group.py
[2024-05-15T10:31:35.293+0000] {logging_mixin.py:188} INFO - [2024-05-15T10:31:35.293+0000] {dag.py:3096} INFO - Sync 1 DAGs
[2024-05-15T10:31:35.316+0000] {logging_mixin.py:188} INFO - [2024-05-15T10:31:35.316+0000] {dag.py:3954} INFO - Setting next_dagrun for example_task_group to 2024-05-14 00:00:00+00:00, run_after=2024-05-15 00:00:00+00:00
[2024-05-15T10:31:35.334+0000] {processor.py:183} INFO - Processing /home/airflow/.local/lib/python3.12/site-packages/airflow/example_dags/example_task_group.py took 0.086 seconds
[2024-05-15T10:32:05.629+0000] {processor.py:161} INFO - Started process (PID=2232) to work on /home/airflow/.local/lib/python3.12/site-packages/airflow/example_dags/example_task_group.py
[2024-05-15T10:32:05.637+0000] {processor.py:830} INFO - Processing file /home/airflow/.local/lib/python3.12/site-packages/airflow/example_dags/example_task_group.py for tasks to queue
[2024-05-15T10:32:05.639+0000] {logging_mixin.py:188} INFO - [2024-05-15T10:32:05.639+0000] {dagbag.py:540} INFO - Filling up the DagBag from /home/airflow/.local/lib/python3.12/site-packages/airflow/example_dags/example_task_group.py
[2024-05-15T10:32:05.644+0000] {processor.py:840} INFO - DAG(s) 'example_task_group' retrieved from /home/airflow/.local/lib/python3.12/site-packages/airflow/example_dags/example_task_group.py
[2024-05-15T10:32:05.662+0000] {logging_mixin.py:188} INFO - [2024-05-15T10:32:05.662+0000] {dag.py:3096} INFO - Sync 1 DAGs
[2024-05-15T10:32:05.680+0000] {logging_mixin.py:188} INFO - [2024-05-15T10:32:05.680+0000] {dag.py:3954} INFO - Setting next_dagrun for example_task_group to 2024-05-14 00:00:00+00:00, run_after=2024-05-15 00:00:00+00:00
[2024-05-15T10:32:05.696+0000] {processor.py:183} INFO - Processing /home/airflow/.local/lib/python3.12/site-packages/airflow/example_dags/example_task_group.py took 0.074 seconds
[2024-05-15T10:32:36.112+0000] {processor.py:161} INFO - Started process (PID=2291) to work on /home/airflow/.local/lib/python3.12/site-packages/airflow/example_dags/example_task_group.py
[2024-05-15T10:32:36.120+0000] {processor.py:830} INFO - Processing file /home/airflow/.local/lib/python3.12/site-packages/airflow/example_dags/example_task_group.py for tasks to queue
[2024-05-15T10:32:36.122+0000] {logging_mixin.py:188} INFO - [2024-05-15T10:32:36.121+0000] {dagbag.py:540} INFO - Filling up the DagBag from /home/airflow/.local/lib/python3.12/site-packages/airflow/example_dags/example_task_group.py
[2024-05-15T10:32:36.127+0000] {processor.py:840} INFO - DAG(s) 'example_task_group' retrieved from /home/airflow/.local/lib/python3.12/site-packages/airflow/example_dags/example_task_group.py
[2024-05-15T10:32:36.152+0000] {logging_mixin.py:188} INFO - [2024-05-15T10:32:36.152+0000] {dag.py:3096} INFO - Sync 1 DAGs
[2024-05-15T10:32:36.174+0000] {logging_mixin.py:188} INFO - [2024-05-15T10:32:36.174+0000] {dag.py:3954} INFO - Setting next_dagrun for example_task_group to 2024-05-14 00:00:00+00:00, run_after=2024-05-15 00:00:00+00:00
[2024-05-15T10:32:36.203+0000] {processor.py:183} INFO - Processing /home/airflow/.local/lib/python3.12/site-packages/airflow/example_dags/example_task_group.py took 0.099 seconds
[2024-05-15T10:33:06.473+0000] {processor.py:161} INFO - Started process (PID=2350) to work on /home/airflow/.local/lib/python3.12/site-packages/airflow/example_dags/example_task_group.py
[2024-05-15T10:33:06.474+0000] {processor.py:830} INFO - Processing file /home/airflow/.local/lib/python3.12/site-packages/airflow/example_dags/example_task_group.py for tasks to queue
[2024-05-15T10:33:06.477+0000] {logging_mixin.py:188} INFO - [2024-05-15T10:33:06.477+0000] {dagbag.py:540} INFO - Filling up the DagBag from /home/airflow/.local/lib/python3.12/site-packages/airflow/example_dags/example_task_group.py
[2024-05-15T10:33:06.486+0000] {processor.py:840} INFO - DAG(s) 'example_task_group' retrieved from /home/airflow/.local/lib/python3.12/site-packages/airflow/example_dags/example_task_group.py
[2024-05-15T10:33:06.516+0000] {logging_mixin.py:188} INFO - [2024-05-15T10:33:06.515+0000] {dag.py:3096} INFO - Sync 1 DAGs
[2024-05-15T10:33:06.545+0000] {logging_mixin.py:188} INFO - [2024-05-15T10:33:06.545+0000] {dag.py:3954} INFO - Setting next_dagrun for example_task_group to 2024-05-14 00:00:00+00:00, run_after=2024-05-15 00:00:00+00:00
[2024-05-15T10:33:06.566+0000] {processor.py:183} INFO - Processing /home/airflow/.local/lib/python3.12/site-packages/airflow/example_dags/example_task_group.py took 0.099 seconds
[2024-05-15T10:33:36.726+0000] {processor.py:161} INFO - Started process (PID=2409) to work on /home/airflow/.local/lib/python3.12/site-packages/airflow/example_dags/example_task_group.py
[2024-05-15T10:33:36.735+0000] {processor.py:830} INFO - Processing file /home/airflow/.local/lib/python3.12/site-packages/airflow/example_dags/example_task_group.py for tasks to queue
[2024-05-15T10:33:36.736+0000] {logging_mixin.py:188} INFO - [2024-05-15T10:33:36.736+0000] {dagbag.py:540} INFO - Filling up the DagBag from /home/airflow/.local/lib/python3.12/site-packages/airflow/example_dags/example_task_group.py
[2024-05-15T10:33:36.743+0000] {processor.py:840} INFO - DAG(s) 'example_task_group' retrieved from /home/airflow/.local/lib/python3.12/site-packages/airflow/example_dags/example_task_group.py
[2024-05-15T10:33:36.761+0000] {logging_mixin.py:188} INFO - [2024-05-15T10:33:36.761+0000] {dag.py:3096} INFO - Sync 1 DAGs
[2024-05-15T10:33:36.779+0000] {logging_mixin.py:188} INFO - [2024-05-15T10:33:36.779+0000] {dag.py:3954} INFO - Setting next_dagrun for example_task_group to 2024-05-14 00:00:00+00:00, run_after=2024-05-15 00:00:00+00:00
[2024-05-15T10:33:36.800+0000] {processor.py:183} INFO - Processing /home/airflow/.local/lib/python3.12/site-packages/airflow/example_dags/example_task_group.py took 0.084 seconds
[2024-05-15T10:34:07.733+0000] {processor.py:161} INFO - Started process (PID=2468) to work on /home/airflow/.local/lib/python3.12/site-packages/airflow/example_dags/example_task_group.py
[2024-05-15T10:34:07.741+0000] {processor.py:830} INFO - Processing file /home/airflow/.local/lib/python3.12/site-packages/airflow/example_dags/example_task_group.py for tasks to queue
[2024-05-15T10:34:07.743+0000] {logging_mixin.py:188} INFO - [2024-05-15T10:34:07.743+0000] {dagbag.py:540} INFO - Filling up the DagBag from /home/airflow/.local/lib/python3.12/site-packages/airflow/example_dags/example_task_group.py
[2024-05-15T10:34:07.751+0000] {processor.py:840} INFO - DAG(s) 'example_task_group' retrieved from /home/airflow/.local/lib/python3.12/site-packages/airflow/example_dags/example_task_group.py
[2024-05-15T10:34:07.776+0000] {logging_mixin.py:188} INFO - [2024-05-15T10:34:07.775+0000] {dag.py:3096} INFO - Sync 1 DAGs
[2024-05-15T10:34:07.799+0000] {logging_mixin.py:188} INFO - [2024-05-15T10:34:07.799+0000] {dag.py:3954} INFO - Setting next_dagrun for example_task_group to 2024-05-14 00:00:00+00:00, run_after=2024-05-15 00:00:00+00:00
[2024-05-15T10:34:07.822+0000] {processor.py:183} INFO - Processing /home/airflow/.local/lib/python3.12/site-packages/airflow/example_dags/example_task_group.py took 0.096 seconds
[2024-05-15T10:34:38.345+0000] {processor.py:161} INFO - Started process (PID=2526) to work on /home/airflow/.local/lib/python3.12/site-packages/airflow/example_dags/example_task_group.py
[2024-05-15T10:34:38.347+0000] {processor.py:830} INFO - Processing file /home/airflow/.local/lib/python3.12/site-packages/airflow/example_dags/example_task_group.py for tasks to queue
[2024-05-15T10:34:38.349+0000] {logging_mixin.py:188} INFO - [2024-05-15T10:34:38.348+0000] {dagbag.py:540} INFO - Filling up the DagBag from /home/airflow/.local/lib/python3.12/site-packages/airflow/example_dags/example_task_group.py
[2024-05-15T10:34:38.358+0000] {processor.py:840} INFO - DAG(s) 'example_task_group' retrieved from /home/airflow/.local/lib/python3.12/site-packages/airflow/example_dags/example_task_group.py
[2024-05-15T10:34:38.392+0000] {logging_mixin.py:188} INFO - [2024-05-15T10:34:38.391+0000] {dag.py:3096} INFO - Sync 1 DAGs
[2024-05-15T10:34:38.417+0000] {logging_mixin.py:188} INFO - [2024-05-15T10:34:38.417+0000] {dag.py:3954} INFO - Setting next_dagrun for example_task_group to 2024-05-14 00:00:00+00:00, run_after=2024-05-15 00:00:00+00:00
[2024-05-15T10:34:38.437+0000] {processor.py:183} INFO - Processing /home/airflow/.local/lib/python3.12/site-packages/airflow/example_dags/example_task_group.py took 0.104 seconds
[2024-05-15T10:35:09.109+0000] {processor.py:161} INFO - Started process (PID=2585) to work on /home/airflow/.local/lib/python3.12/site-packages/airflow/example_dags/example_task_group.py
[2024-05-15T10:35:09.111+0000] {processor.py:830} INFO - Processing file /home/airflow/.local/lib/python3.12/site-packages/airflow/example_dags/example_task_group.py for tasks to queue
[2024-05-15T10:35:09.113+0000] {logging_mixin.py:188} INFO - [2024-05-15T10:35:09.112+0000] {dagbag.py:540} INFO - Filling up the DagBag from /home/airflow/.local/lib/python3.12/site-packages/airflow/example_dags/example_task_group.py
[2024-05-15T10:35:09.120+0000] {processor.py:840} INFO - DAG(s) 'example_task_group' retrieved from /home/airflow/.local/lib/python3.12/site-packages/airflow/example_dags/example_task_group.py
[2024-05-15T10:35:09.140+0000] {logging_mixin.py:188} INFO - [2024-05-15T10:35:09.140+0000] {dag.py:3096} INFO - Sync 1 DAGs
[2024-05-15T10:35:09.158+0000] {logging_mixin.py:188} INFO - [2024-05-15T10:35:09.158+0000] {dag.py:3954} INFO - Setting next_dagrun for example_task_group to 2024-05-14 00:00:00+00:00, run_after=2024-05-15 00:00:00+00:00
[2024-05-15T10:35:09.176+0000] {processor.py:183} INFO - Processing /home/airflow/.local/lib/python3.12/site-packages/airflow/example_dags/example_task_group.py took 0.073 seconds
[2024-05-15T10:35:40.011+0000] {processor.py:161} INFO - Started process (PID=2644) to work on /home/airflow/.local/lib/python3.12/site-packages/airflow/example_dags/example_task_group.py
[2024-05-15T10:35:40.020+0000] {processor.py:830} INFO - Processing file /home/airflow/.local/lib/python3.12/site-packages/airflow/example_dags/example_task_group.py for tasks to queue
[2024-05-15T10:35:40.021+0000] {logging_mixin.py:188} INFO - [2024-05-15T10:35:40.021+0000] {dagbag.py:540} INFO - Filling up the DagBag from /home/airflow/.local/lib/python3.12/site-packages/airflow/example_dags/example_task_group.py
[2024-05-15T10:35:40.027+0000] {processor.py:840} INFO - DAG(s) 'example_task_group' retrieved from /home/airflow/.local/lib/python3.12/site-packages/airflow/example_dags/example_task_group.py
[2024-05-15T10:35:40.051+0000] {logging_mixin.py:188} INFO - [2024-05-15T10:35:40.051+0000] {dag.py:3096} INFO - Sync 1 DAGs
[2024-05-15T10:35:40.074+0000] {logging_mixin.py:188} INFO - [2024-05-15T10:35:40.074+0000] {dag.py:3954} INFO - Setting next_dagrun for example_task_group to 2024-05-14 00:00:00+00:00, run_after=2024-05-15 00:00:00+00:00
[2024-05-15T10:35:40.096+0000] {processor.py:183} INFO - Processing /home/airflow/.local/lib/python3.12/site-packages/airflow/example_dags/example_task_group.py took 0.095 seconds
[2024-05-15T10:36:10.169+0000] {processor.py:161} INFO - Started process (PID=2703) to work on /home/airflow/.local/lib/python3.12/site-packages/airflow/example_dags/example_task_group.py
[2024-05-15T10:36:10.178+0000] {processor.py:830} INFO - Processing file /home/airflow/.local/lib/python3.12/site-packages/airflow/example_dags/example_task_group.py for tasks to queue
[2024-05-15T10:36:10.181+0000] {logging_mixin.py:188} INFO - [2024-05-15T10:36:10.180+0000] {dagbag.py:540} INFO - Filling up the DagBag from /home/airflow/.local/lib/python3.12/site-packages/airflow/example_dags/example_task_group.py
[2024-05-15T10:36:10.187+0000] {processor.py:840} INFO - DAG(s) 'example_task_group' retrieved from /home/airflow/.local/lib/python3.12/site-packages/airflow/example_dags/example_task_group.py
[2024-05-15T10:36:10.209+0000] {logging_mixin.py:188} INFO - [2024-05-15T10:36:10.209+0000] {dag.py:3096} INFO - Sync 1 DAGs
[2024-05-15T10:36:10.229+0000] {logging_mixin.py:188} INFO - [2024-05-15T10:36:10.229+0000] {dag.py:3954} INFO - Setting next_dagrun for example_task_group to 2024-05-14 00:00:00+00:00, run_after=2024-05-15 00:00:00+00:00
[2024-05-15T10:36:10.245+0000] {processor.py:183} INFO - Processing /home/airflow/.local/lib/python3.12/site-packages/airflow/example_dags/example_task_group.py took 0.084 seconds
[2024-05-15T10:36:40.415+0000] {processor.py:161} INFO - Started process (PID=2762) to work on /home/airflow/.local/lib/python3.12/site-packages/airflow/example_dags/example_task_group.py
[2024-05-15T10:36:40.416+0000] {processor.py:830} INFO - Processing file /home/airflow/.local/lib/python3.12/site-packages/airflow/example_dags/example_task_group.py for tasks to queue
[2024-05-15T10:36:40.419+0000] {logging_mixin.py:188} INFO - [2024-05-15T10:36:40.418+0000] {dagbag.py:540} INFO - Filling up the DagBag from /home/airflow/.local/lib/python3.12/site-packages/airflow/example_dags/example_task_group.py
[2024-05-15T10:36:40.428+0000] {processor.py:840} INFO - DAG(s) 'example_task_group' retrieved from /home/airflow/.local/lib/python3.12/site-packages/airflow/example_dags/example_task_group.py
[2024-05-15T10:36:40.458+0000] {logging_mixin.py:188} INFO - [2024-05-15T10:36:40.458+0000] {dag.py:3096} INFO - Sync 1 DAGs
[2024-05-15T10:36:40.484+0000] {logging_mixin.py:188} INFO - [2024-05-15T10:36:40.484+0000] {dag.py:3954} INFO - Setting next_dagrun for example_task_group to 2024-05-14 00:00:00+00:00, run_after=2024-05-15 00:00:00+00:00
[2024-05-15T10:36:40.507+0000] {processor.py:183} INFO - Processing /home/airflow/.local/lib/python3.12/site-packages/airflow/example_dags/example_task_group.py took 0.100 seconds
[2024-05-15T10:37:10.985+0000] {processor.py:161} INFO - Started process (PID=2821) to work on /home/airflow/.local/lib/python3.12/site-packages/airflow/example_dags/example_task_group.py
[2024-05-15T10:37:10.991+0000] {processor.py:830} INFO - Processing file /home/airflow/.local/lib/python3.12/site-packages/airflow/example_dags/example_task_group.py for tasks to queue
[2024-05-15T10:37:10.993+0000] {logging_mixin.py:188} INFO - [2024-05-15T10:37:10.993+0000] {dagbag.py:540} INFO - Filling up the DagBag from /home/airflow/.local/lib/python3.12/site-packages/airflow/example_dags/example_task_group.py
[2024-05-15T10:37:11.015+0000] {processor.py:840} INFO - DAG(s) 'example_task_group' retrieved from /home/airflow/.local/lib/python3.12/site-packages/airflow/example_dags/example_task_group.py
[2024-05-15T10:37:11.044+0000] {logging_mixin.py:188} INFO - [2024-05-15T10:37:11.043+0000] {dag.py:3096} INFO - Sync 1 DAGs
[2024-05-15T10:37:11.077+0000] {logging_mixin.py:188} INFO - [2024-05-15T10:37:11.076+0000] {dag.py:3954} INFO - Setting next_dagrun for example_task_group to 2024-05-14 00:00:00+00:00, run_after=2024-05-15 00:00:00+00:00
[2024-05-15T10:37:11.144+0000] {processor.py:183} INFO - Processing /home/airflow/.local/lib/python3.12/site-packages/airflow/example_dags/example_task_group.py took 0.176 seconds
[2024-05-15T10:37:41.724+0000] {processor.py:161} INFO - Started process (PID=2880) to work on /home/airflow/.local/lib/python3.12/site-packages/airflow/example_dags/example_task_group.py
[2024-05-15T10:37:41.733+0000] {processor.py:830} INFO - Processing file /home/airflow/.local/lib/python3.12/site-packages/airflow/example_dags/example_task_group.py for tasks to queue
[2024-05-15T10:37:41.737+0000] {logging_mixin.py:188} INFO - [2024-05-15T10:37:41.737+0000] {dagbag.py:540} INFO - Filling up the DagBag from /home/airflow/.local/lib/python3.12/site-packages/airflow/example_dags/example_task_group.py
[2024-05-15T10:37:41.748+0000] {processor.py:840} INFO - DAG(s) 'example_task_group' retrieved from /home/airflow/.local/lib/python3.12/site-packages/airflow/example_dags/example_task_group.py
[2024-05-15T10:37:41.779+0000] {logging_mixin.py:188} INFO - [2024-05-15T10:37:41.778+0000] {dag.py:3096} INFO - Sync 1 DAGs
[2024-05-15T10:37:41.800+0000] {logging_mixin.py:188} INFO - [2024-05-15T10:37:41.800+0000] {dag.py:3954} INFO - Setting next_dagrun for example_task_group to 2024-05-14 00:00:00+00:00, run_after=2024-05-15 00:00:00+00:00
[2024-05-15T10:37:41.820+0000] {processor.py:183} INFO - Processing /home/airflow/.local/lib/python3.12/site-packages/airflow/example_dags/example_task_group.py took 0.107 seconds
[2024-05-15T10:38:12.424+0000] {processor.py:161} INFO - Started process (PID=2939) to work on /home/airflow/.local/lib/python3.12/site-packages/airflow/example_dags/example_task_group.py
[2024-05-15T10:38:12.433+0000] {processor.py:830} INFO - Processing file /home/airflow/.local/lib/python3.12/site-packages/airflow/example_dags/example_task_group.py for tasks to queue
[2024-05-15T10:38:12.435+0000] {logging_mixin.py:188} INFO - [2024-05-15T10:38:12.435+0000] {dagbag.py:540} INFO - Filling up the DagBag from /home/airflow/.local/lib/python3.12/site-packages/airflow/example_dags/example_task_group.py
[2024-05-15T10:38:12.443+0000] {processor.py:840} INFO - DAG(s) 'example_task_group' retrieved from /home/airflow/.local/lib/python3.12/site-packages/airflow/example_dags/example_task_group.py
[2024-05-15T10:38:12.461+0000] {logging_mixin.py:188} INFO - [2024-05-15T10:38:12.461+0000] {dag.py:3096} INFO - Sync 1 DAGs
[2024-05-15T10:38:12.478+0000] {logging_mixin.py:188} INFO - [2024-05-15T10:38:12.478+0000] {dag.py:3954} INFO - Setting next_dagrun for example_task_group to 2024-05-14 00:00:00+00:00, run_after=2024-05-15 00:00:00+00:00
[2024-05-15T10:38:12.493+0000] {processor.py:183} INFO - Processing /home/airflow/.local/lib/python3.12/site-packages/airflow/example_dags/example_task_group.py took 0.076 seconds
[2024-05-15T10:38:42.880+0000] {processor.py:161} INFO - Started process (PID=2998) to work on /home/airflow/.local/lib/python3.12/site-packages/airflow/example_dags/example_task_group.py
[2024-05-15T10:38:42.890+0000] {processor.py:830} INFO - Processing file /home/airflow/.local/lib/python3.12/site-packages/airflow/example_dags/example_task_group.py for tasks to queue
[2024-05-15T10:38:42.892+0000] {logging_mixin.py:188} INFO - [2024-05-15T10:38:42.892+0000] {dagbag.py:540} INFO - Filling up the DagBag from /home/airflow/.local/lib/python3.12/site-packages/airflow/example_dags/example_task_group.py
[2024-05-15T10:38:42.900+0000] {processor.py:840} INFO - DAG(s) 'example_task_group' retrieved from /home/airflow/.local/lib/python3.12/site-packages/airflow/example_dags/example_task_group.py
[2024-05-15T10:38:42.917+0000] {logging_mixin.py:188} INFO - [2024-05-15T10:38:42.917+0000] {dag.py:3096} INFO - Sync 1 DAGs
[2024-05-15T10:38:42.938+0000] {logging_mixin.py:188} INFO - [2024-05-15T10:38:42.938+0000] {dag.py:3954} INFO - Setting next_dagrun for example_task_group to 2024-05-14 00:00:00+00:00, run_after=2024-05-15 00:00:00+00:00
[2024-05-15T10:38:42.954+0000] {processor.py:183} INFO - Processing /home/airflow/.local/lib/python3.12/site-packages/airflow/example_dags/example_task_group.py took 0.080 seconds
[2024-05-15T10:39:13.204+0000] {processor.py:161} INFO - Started process (PID=3057) to work on /home/airflow/.local/lib/python3.12/site-packages/airflow/example_dags/example_task_group.py
[2024-05-15T10:39:13.213+0000] {processor.py:830} INFO - Processing file /home/airflow/.local/lib/python3.12/site-packages/airflow/example_dags/example_task_group.py for tasks to queue
[2024-05-15T10:39:13.215+0000] {logging_mixin.py:188} INFO - [2024-05-15T10:39:13.215+0000] {dagbag.py:540} INFO - Filling up the DagBag from /home/airflow/.local/lib/python3.12/site-packages/airflow/example_dags/example_task_group.py
[2024-05-15T10:39:13.221+0000] {processor.py:840} INFO - DAG(s) 'example_task_group' retrieved from /home/airflow/.local/lib/python3.12/site-packages/airflow/example_dags/example_task_group.py
[2024-05-15T10:39:13.243+0000] {logging_mixin.py:188} INFO - [2024-05-15T10:39:13.243+0000] {dag.py:3096} INFO - Sync 1 DAGs
[2024-05-15T10:39:13.266+0000] {logging_mixin.py:188} INFO - [2024-05-15T10:39:13.266+0000] {dag.py:3954} INFO - Setting next_dagrun for example_task_group to 2024-05-14 00:00:00+00:00, run_after=2024-05-15 00:00:00+00:00
[2024-05-15T10:39:13.284+0000] {processor.py:183} INFO - Processing /home/airflow/.local/lib/python3.12/site-packages/airflow/example_dags/example_task_group.py took 0.085 seconds
[2024-05-15T10:39:43.629+0000] {processor.py:161} INFO - Started process (PID=3116) to work on /home/airflow/.local/lib/python3.12/site-packages/airflow/example_dags/example_task_group.py
[2024-05-15T10:39:43.639+0000] {processor.py:830} INFO - Processing file /home/airflow/.local/lib/python3.12/site-packages/airflow/example_dags/example_task_group.py for tasks to queue
[2024-05-15T10:39:43.641+0000] {logging_mixin.py:188} INFO - [2024-05-15T10:39:43.640+0000] {dagbag.py:540} INFO - Filling up the DagBag from /home/airflow/.local/lib/python3.12/site-packages/airflow/example_dags/example_task_group.py
[2024-05-15T10:39:43.649+0000] {processor.py:840} INFO - DAG(s) 'example_task_group' retrieved from /home/airflow/.local/lib/python3.12/site-packages/airflow/example_dags/example_task_group.py
[2024-05-15T10:39:43.675+0000] {logging_mixin.py:188} INFO - [2024-05-15T10:39:43.675+0000] {dag.py:3096} INFO - Sync 1 DAGs
[2024-05-15T10:39:43.700+0000] {logging_mixin.py:188} INFO - [2024-05-15T10:39:43.700+0000] {dag.py:3954} INFO - Setting next_dagrun for example_task_group to 2024-05-14 00:00:00+00:00, run_after=2024-05-15 00:00:00+00:00
[2024-05-15T10:39:43.718+0000] {processor.py:183} INFO - Processing /home/airflow/.local/lib/python3.12/site-packages/airflow/example_dags/example_task_group.py took 0.097 seconds
[2024-05-15T10:40:14.003+0000] {processor.py:161} INFO - Started process (PID=3175) to work on /home/airflow/.local/lib/python3.12/site-packages/airflow/example_dags/example_task_group.py
[2024-05-15T10:40:14.011+0000] {processor.py:830} INFO - Processing file /home/airflow/.local/lib/python3.12/site-packages/airflow/example_dags/example_task_group.py for tasks to queue
[2024-05-15T10:40:14.013+0000] {logging_mixin.py:188} INFO - [2024-05-15T10:40:14.013+0000] {dagbag.py:540} INFO - Filling up the DagBag from /home/airflow/.local/lib/python3.12/site-packages/airflow/example_dags/example_task_group.py
[2024-05-15T10:40:14.019+0000] {processor.py:840} INFO - DAG(s) 'example_task_group' retrieved from /home/airflow/.local/lib/python3.12/site-packages/airflow/example_dags/example_task_group.py
[2024-05-15T10:40:14.039+0000] {logging_mixin.py:188} INFO - [2024-05-15T10:40:14.039+0000] {dag.py:3096} INFO - Sync 1 DAGs
[2024-05-15T10:40:14.059+0000] {logging_mixin.py:188} INFO - [2024-05-15T10:40:14.059+0000] {dag.py:3954} INFO - Setting next_dagrun for example_task_group to 2024-05-14 00:00:00+00:00, run_after=2024-05-15 00:00:00+00:00
[2024-05-15T10:40:14.074+0000] {processor.py:183} INFO - Processing /home/airflow/.local/lib/python3.12/site-packages/airflow/example_dags/example_task_group.py took 0.078 seconds
[2024-05-15T10:40:44.406+0000] {processor.py:161} INFO - Started process (PID=3234) to work on /home/airflow/.local/lib/python3.12/site-packages/airflow/example_dags/example_task_group.py
[2024-05-15T10:40:44.408+0000] {processor.py:830} INFO - Processing file /home/airflow/.local/lib/python3.12/site-packages/airflow/example_dags/example_task_group.py for tasks to queue
[2024-05-15T10:40:44.410+0000] {logging_mixin.py:188} INFO - [2024-05-15T10:40:44.410+0000] {dagbag.py:540} INFO - Filling up the DagBag from /home/airflow/.local/lib/python3.12/site-packages/airflow/example_dags/example_task_group.py
[2024-05-15T10:40:44.417+0000] {processor.py:840} INFO - DAG(s) 'example_task_group' retrieved from /home/airflow/.local/lib/python3.12/site-packages/airflow/example_dags/example_task_group.py
[2024-05-15T10:40:44.437+0000] {logging_mixin.py:188} INFO - [2024-05-15T10:40:44.437+0000] {dag.py:3096} INFO - Sync 1 DAGs
[2024-05-15T10:40:44.455+0000] {logging_mixin.py:188} INFO - [2024-05-15T10:40:44.455+0000] {dag.py:3954} INFO - Setting next_dagrun for example_task_group to 2024-05-14 00:00:00+00:00, run_after=2024-05-15 00:00:00+00:00
[2024-05-15T10:40:44.471+0000] {processor.py:183} INFO - Processing /home/airflow/.local/lib/python3.12/site-packages/airflow/example_dags/example_task_group.py took 0.072 seconds
[2024-05-15T10:41:14.718+0000] {processor.py:161} INFO - Started process (PID=3293) to work on /home/airflow/.local/lib/python3.12/site-packages/airflow/example_dags/example_task_group.py
[2024-05-15T10:41:14.720+0000] {processor.py:830} INFO - Processing file /home/airflow/.local/lib/python3.12/site-packages/airflow/example_dags/example_task_group.py for tasks to queue
[2024-05-15T10:41:14.721+0000] {logging_mixin.py:188} INFO - [2024-05-15T10:41:14.721+0000] {dagbag.py:540} INFO - Filling up the DagBag from /home/airflow/.local/lib/python3.12/site-packages/airflow/example_dags/example_task_group.py
[2024-05-15T10:41:14.729+0000] {processor.py:840} INFO - DAG(s) 'example_task_group' retrieved from /home/airflow/.local/lib/python3.12/site-packages/airflow/example_dags/example_task_group.py
[2024-05-15T10:41:14.752+0000] {logging_mixin.py:188} INFO - [2024-05-15T10:41:14.752+0000] {dag.py:3096} INFO - Sync 1 DAGs
[2024-05-15T10:41:14.774+0000] {logging_mixin.py:188} INFO - [2024-05-15T10:41:14.774+0000] {dag.py:3954} INFO - Setting next_dagrun for example_task_group to 2024-05-14 00:00:00+00:00, run_after=2024-05-15 00:00:00+00:00
[2024-05-15T10:41:14.792+0000] {processor.py:183} INFO - Processing /home/airflow/.local/lib/python3.12/site-packages/airflow/example_dags/example_task_group.py took 0.080 seconds
[2024-05-15T10:41:45.330+0000] {processor.py:161} INFO - Started process (PID=3358) to work on /home/airflow/.local/lib/python3.12/site-packages/airflow/example_dags/example_task_group.py
[2024-05-15T10:41:45.332+0000] {processor.py:830} INFO - Processing file /home/airflow/.local/lib/python3.12/site-packages/airflow/example_dags/example_task_group.py for tasks to queue
[2024-05-15T10:41:45.334+0000] {logging_mixin.py:188} INFO - [2024-05-15T10:41:45.334+0000] {dagbag.py:540} INFO - Filling up the DagBag from /home/airflow/.local/lib/python3.12/site-packages/airflow/example_dags/example_task_group.py
[2024-05-15T10:41:45.342+0000] {processor.py:840} INFO - DAG(s) 'example_task_group' retrieved from /home/airflow/.local/lib/python3.12/site-packages/airflow/example_dags/example_task_group.py
[2024-05-15T10:41:45.368+0000] {logging_mixin.py:188} INFO - [2024-05-15T10:41:45.368+0000] {dag.py:3096} INFO - Sync 1 DAGs
[2024-05-15T10:41:45.390+0000] {logging_mixin.py:188} INFO - [2024-05-15T10:41:45.389+0000] {dag.py:3954} INFO - Setting next_dagrun for example_task_group to 2024-05-14 00:00:00+00:00, run_after=2024-05-15 00:00:00+00:00
[2024-05-15T10:41:45.410+0000] {processor.py:183} INFO - Processing /home/airflow/.local/lib/python3.12/site-packages/airflow/example_dags/example_task_group.py took 0.087 seconds
[2024-05-15T10:42:15.694+0000] {processor.py:161} INFO - Started process (PID=3417) to work on /home/airflow/.local/lib/python3.12/site-packages/airflow/example_dags/example_task_group.py
[2024-05-15T10:42:15.703+0000] {processor.py:830} INFO - Processing file /home/airflow/.local/lib/python3.12/site-packages/airflow/example_dags/example_task_group.py for tasks to queue
[2024-05-15T10:42:15.705+0000] {logging_mixin.py:188} INFO - [2024-05-15T10:42:15.705+0000] {dagbag.py:540} INFO - Filling up the DagBag from /home/airflow/.local/lib/python3.12/site-packages/airflow/example_dags/example_task_group.py
[2024-05-15T10:42:15.711+0000] {processor.py:840} INFO - DAG(s) 'example_task_group' retrieved from /home/airflow/.local/lib/python3.12/site-packages/airflow/example_dags/example_task_group.py
[2024-05-15T10:42:15.731+0000] {logging_mixin.py:188} INFO - [2024-05-15T10:42:15.731+0000] {dag.py:3096} INFO - Sync 1 DAGs
[2024-05-15T10:42:15.753+0000] {logging_mixin.py:188} INFO - [2024-05-15T10:42:15.753+0000] {dag.py:3954} INFO - Setting next_dagrun for example_task_group to 2024-05-14 00:00:00+00:00, run_after=2024-05-15 00:00:00+00:00
[2024-05-15T10:42:15.772+0000] {processor.py:183} INFO - Processing /home/airflow/.local/lib/python3.12/site-packages/airflow/example_dags/example_task_group.py took 0.084 seconds
[2024-05-15T10:42:46.306+0000] {processor.py:161} INFO - Started process (PID=3477) to work on /home/airflow/.local/lib/python3.12/site-packages/airflow/example_dags/example_task_group.py
[2024-05-15T10:42:46.314+0000] {processor.py:830} INFO - Processing file /home/airflow/.local/lib/python3.12/site-packages/airflow/example_dags/example_task_group.py for tasks to queue
[2024-05-15T10:42:46.316+0000] {logging_mixin.py:188} INFO - [2024-05-15T10:42:46.316+0000] {dagbag.py:540} INFO - Filling up the DagBag from /home/airflow/.local/lib/python3.12/site-packages/airflow/example_dags/example_task_group.py
[2024-05-15T10:42:46.322+0000] {processor.py:840} INFO - DAG(s) 'example_task_group' retrieved from /home/airflow/.local/lib/python3.12/site-packages/airflow/example_dags/example_task_group.py
[2024-05-15T10:42:46.339+0000] {logging_mixin.py:188} INFO - [2024-05-15T10:42:46.339+0000] {dag.py:3096} INFO - Sync 1 DAGs
[2024-05-15T10:42:46.358+0000] {logging_mixin.py:188} INFO - [2024-05-15T10:42:46.358+0000] {dag.py:3954} INFO - Setting next_dagrun for example_task_group to 2024-05-14 00:00:00+00:00, run_after=2024-05-15 00:00:00+00:00
[2024-05-15T10:42:46.374+0000] {processor.py:183} INFO - Processing /home/airflow/.local/lib/python3.12/site-packages/airflow/example_dags/example_task_group.py took 0.078 seconds
[2024-05-15T10:43:16.746+0000] {processor.py:161} INFO - Started process (PID=3536) to work on /home/airflow/.local/lib/python3.12/site-packages/airflow/example_dags/example_task_group.py
[2024-05-15T10:43:16.755+0000] {processor.py:830} INFO - Processing file /home/airflow/.local/lib/python3.12/site-packages/airflow/example_dags/example_task_group.py for tasks to queue
[2024-05-15T10:43:16.757+0000] {logging_mixin.py:188} INFO - [2024-05-15T10:43:16.757+0000] {dagbag.py:540} INFO - Filling up the DagBag from /home/airflow/.local/lib/python3.12/site-packages/airflow/example_dags/example_task_group.py
[2024-05-15T10:43:16.765+0000] {processor.py:840} INFO - DAG(s) 'example_task_group' retrieved from /home/airflow/.local/lib/python3.12/site-packages/airflow/example_dags/example_task_group.py
[2024-05-15T10:43:16.792+0000] {logging_mixin.py:188} INFO - [2024-05-15T10:43:16.791+0000] {dag.py:3096} INFO - Sync 1 DAGs
[2024-05-15T10:43:16.809+0000] {logging_mixin.py:188} INFO - [2024-05-15T10:43:16.809+0000] {dag.py:3954} INFO - Setting next_dagrun for example_task_group to 2024-05-14 00:00:00+00:00, run_after=2024-05-15 00:00:00+00:00
[2024-05-15T10:43:16.826+0000] {processor.py:183} INFO - Processing /home/airflow/.local/lib/python3.12/site-packages/airflow/example_dags/example_task_group.py took 0.087 seconds
[2024-05-15T10:43:47.319+0000] {processor.py:161} INFO - Started process (PID=3595) to work on /home/airflow/.local/lib/python3.12/site-packages/airflow/example_dags/example_task_group.py
[2024-05-15T10:43:47.328+0000] {processor.py:830} INFO - Processing file /home/airflow/.local/lib/python3.12/site-packages/airflow/example_dags/example_task_group.py for tasks to queue
[2024-05-15T10:43:47.330+0000] {logging_mixin.py:188} INFO - [2024-05-15T10:43:47.329+0000] {dagbag.py:540} INFO - Filling up the DagBag from /home/airflow/.local/lib/python3.12/site-packages/airflow/example_dags/example_task_group.py
[2024-05-15T10:43:47.338+0000] {processor.py:840} INFO - DAG(s) 'example_task_group' retrieved from /home/airflow/.local/lib/python3.12/site-packages/airflow/example_dags/example_task_group.py
[2024-05-15T10:43:47.364+0000] {logging_mixin.py:188} INFO - [2024-05-15T10:43:47.364+0000] {dag.py:3096} INFO - Sync 1 DAGs
[2024-05-15T10:43:47.385+0000] {logging_mixin.py:188} INFO - [2024-05-15T10:43:47.385+0000] {dag.py:3954} INFO - Setting next_dagrun for example_task_group to 2024-05-14 00:00:00+00:00, run_after=2024-05-15 00:00:00+00:00
[2024-05-15T10:43:47.404+0000] {processor.py:183} INFO - Processing /home/airflow/.local/lib/python3.12/site-packages/airflow/example_dags/example_task_group.py took 0.092 seconds
[2024-05-15T10:44:17.850+0000] {processor.py:161} INFO - Started process (PID=3654) to work on /home/airflow/.local/lib/python3.12/site-packages/airflow/example_dags/example_task_group.py
[2024-05-15T10:44:17.851+0000] {processor.py:830} INFO - Processing file /home/airflow/.local/lib/python3.12/site-packages/airflow/example_dags/example_task_group.py for tasks to queue
[2024-05-15T10:44:17.853+0000] {logging_mixin.py:188} INFO - [2024-05-15T10:44:17.853+0000] {dagbag.py:540} INFO - Filling up the DagBag from /home/airflow/.local/lib/python3.12/site-packages/airflow/example_dags/example_task_group.py
[2024-05-15T10:44:17.860+0000] {processor.py:840} INFO - DAG(s) 'example_task_group' retrieved from /home/airflow/.local/lib/python3.12/site-packages/airflow/example_dags/example_task_group.py
[2024-05-15T10:44:17.881+0000] {logging_mixin.py:188} INFO - [2024-05-15T10:44:17.881+0000] {dag.py:3096} INFO - Sync 1 DAGs
[2024-05-15T10:44:17.899+0000] {logging_mixin.py:188} INFO - [2024-05-15T10:44:17.899+0000] {dag.py:3954} INFO - Setting next_dagrun for example_task_group to 2024-05-14 00:00:00+00:00, run_after=2024-05-15 00:00:00+00:00
[2024-05-15T10:44:17.915+0000] {processor.py:183} INFO - Processing /home/airflow/.local/lib/python3.12/site-packages/airflow/example_dags/example_task_group.py took 0.071 seconds
[2024-05-15T10:44:48.361+0000] {processor.py:161} INFO - Started process (PID=3713) to work on /home/airflow/.local/lib/python3.12/site-packages/airflow/example_dags/example_task_group.py
[2024-05-15T10:44:48.366+0000] {processor.py:830} INFO - Processing file /home/airflow/.local/lib/python3.12/site-packages/airflow/example_dags/example_task_group.py for tasks to queue
[2024-05-15T10:44:48.371+0000] {logging_mixin.py:188} INFO - [2024-05-15T10:44:48.370+0000] {dagbag.py:540} INFO - Filling up the DagBag from /home/airflow/.local/lib/python3.12/site-packages/airflow/example_dags/example_task_group.py
[2024-05-15T10:44:48.382+0000] {processor.py:840} INFO - DAG(s) 'example_task_group' retrieved from /home/airflow/.local/lib/python3.12/site-packages/airflow/example_dags/example_task_group.py
[2024-05-15T10:44:48.418+0000] {logging_mixin.py:188} INFO - [2024-05-15T10:44:48.417+0000] {dag.py:3096} INFO - Sync 1 DAGs
[2024-05-15T10:44:48.446+0000] {logging_mixin.py:188} INFO - [2024-05-15T10:44:48.445+0000] {dag.py:3954} INFO - Setting next_dagrun for example_task_group to 2024-05-14 00:00:00+00:00, run_after=2024-05-15 00:00:00+00:00
[2024-05-15T10:44:48.469+0000] {processor.py:183} INFO - Processing /home/airflow/.local/lib/python3.12/site-packages/airflow/example_dags/example_task_group.py took 0.114 seconds
[2024-05-15T10:45:18.996+0000] {processor.py:161} INFO - Started process (PID=3772) to work on /home/airflow/.local/lib/python3.12/site-packages/airflow/example_dags/example_task_group.py
[2024-05-15T10:45:18.997+0000] {processor.py:830} INFO - Processing file /home/airflow/.local/lib/python3.12/site-packages/airflow/example_dags/example_task_group.py for tasks to queue
[2024-05-15T10:45:18.998+0000] {logging_mixin.py:188} INFO - [2024-05-15T10:45:18.998+0000] {dagbag.py:540} INFO - Filling up the DagBag from /home/airflow/.local/lib/python3.12/site-packages/airflow/example_dags/example_task_group.py
[2024-05-15T10:45:19.003+0000] {processor.py:840} INFO - DAG(s) 'example_task_group' retrieved from /home/airflow/.local/lib/python3.12/site-packages/airflow/example_dags/example_task_group.py
[2024-05-15T10:45:19.033+0000] {logging_mixin.py:188} INFO - [2024-05-15T10:45:19.033+0000] {dag.py:3096} INFO - Sync 1 DAGs
[2024-05-15T10:45:19.060+0000] {logging_mixin.py:188} INFO - [2024-05-15T10:45:19.060+0000] {dag.py:3954} INFO - Setting next_dagrun for example_task_group to 2024-05-14 00:00:00+00:00, run_after=2024-05-15 00:00:00+00:00
[2024-05-15T10:45:19.082+0000] {processor.py:183} INFO - Processing /home/airflow/.local/lib/python3.12/site-packages/airflow/example_dags/example_task_group.py took 0.094 seconds
[2024-05-15T10:45:49.447+0000] {processor.py:161} INFO - Started process (PID=3831) to work on /home/airflow/.local/lib/python3.12/site-packages/airflow/example_dags/example_task_group.py
[2024-05-15T10:45:49.456+0000] {processor.py:830} INFO - Processing file /home/airflow/.local/lib/python3.12/site-packages/airflow/example_dags/example_task_group.py for tasks to queue
[2024-05-15T10:45:49.458+0000] {logging_mixin.py:188} INFO - [2024-05-15T10:45:49.458+0000] {dagbag.py:540} INFO - Filling up the DagBag from /home/airflow/.local/lib/python3.12/site-packages/airflow/example_dags/example_task_group.py
[2024-05-15T10:45:49.467+0000] {processor.py:840} INFO - DAG(s) 'example_task_group' retrieved from /home/airflow/.local/lib/python3.12/site-packages/airflow/example_dags/example_task_group.py
[2024-05-15T10:45:49.484+0000] {logging_mixin.py:188} INFO - [2024-05-15T10:45:49.484+0000] {dag.py:3096} INFO - Sync 1 DAGs
[2024-05-15T10:45:49.503+0000] {logging_mixin.py:188} INFO - [2024-05-15T10:45:49.503+0000] {dag.py:3954} INFO - Setting next_dagrun for example_task_group to 2024-05-14 00:00:00+00:00, run_after=2024-05-15 00:00:00+00:00
[2024-05-15T10:45:49.519+0000] {processor.py:183} INFO - Processing /home/airflow/.local/lib/python3.12/site-packages/airflow/example_dags/example_task_group.py took 0.079 seconds
[2024-05-15T10:46:20.090+0000] {processor.py:161} INFO - Started process (PID=3890) to work on /home/airflow/.local/lib/python3.12/site-packages/airflow/example_dags/example_task_group.py
[2024-05-15T10:46:20.092+0000] {processor.py:830} INFO - Processing file /home/airflow/.local/lib/python3.12/site-packages/airflow/example_dags/example_task_group.py for tasks to queue
[2024-05-15T10:46:20.094+0000] {logging_mixin.py:188} INFO - [2024-05-15T10:46:20.094+0000] {dagbag.py:540} INFO - Filling up the DagBag from /home/airflow/.local/lib/python3.12/site-packages/airflow/example_dags/example_task_group.py
[2024-05-15T10:46:20.102+0000] {processor.py:840} INFO - DAG(s) 'example_task_group' retrieved from /home/airflow/.local/lib/python3.12/site-packages/airflow/example_dags/example_task_group.py
[2024-05-15T10:46:20.121+0000] {logging_mixin.py:188} INFO - [2024-05-15T10:46:20.121+0000] {dag.py:3096} INFO - Sync 1 DAGs
[2024-05-15T10:46:20.141+0000] {logging_mixin.py:188} INFO - [2024-05-15T10:46:20.141+0000] {dag.py:3954} INFO - Setting next_dagrun for example_task_group to 2024-05-14 00:00:00+00:00, run_after=2024-05-15 00:00:00+00:00
[2024-05-15T10:46:20.158+0000] {processor.py:183} INFO - Processing /home/airflow/.local/lib/python3.12/site-packages/airflow/example_dags/example_task_group.py took 0.074 seconds
[2024-05-15T10:46:50.357+0000] {processor.py:161} INFO - Started process (PID=3949) to work on /home/airflow/.local/lib/python3.12/site-packages/airflow/example_dags/example_task_group.py
[2024-05-15T10:46:50.366+0000] {processor.py:830} INFO - Processing file /home/airflow/.local/lib/python3.12/site-packages/airflow/example_dags/example_task_group.py for tasks to queue
[2024-05-15T10:46:50.368+0000] {logging_mixin.py:188} INFO - [2024-05-15T10:46:50.368+0000] {dagbag.py:540} INFO - Filling up the DagBag from /home/airflow/.local/lib/python3.12/site-packages/airflow/example_dags/example_task_group.py
[2024-05-15T10:46:50.376+0000] {processor.py:840} INFO - DAG(s) 'example_task_group' retrieved from /home/airflow/.local/lib/python3.12/site-packages/airflow/example_dags/example_task_group.py
[2024-05-15T10:46:50.396+0000] {logging_mixin.py:188} INFO - [2024-05-15T10:46:50.395+0000] {dag.py:3096} INFO - Sync 1 DAGs
[2024-05-15T10:46:50.418+0000] {logging_mixin.py:188} INFO - [2024-05-15T10:46:50.418+0000] {dag.py:3954} INFO - Setting next_dagrun for example_task_group to 2024-05-14 00:00:00+00:00, run_after=2024-05-15 00:00:00+00:00
[2024-05-15T10:46:50.435+0000] {processor.py:183} INFO - Processing /home/airflow/.local/lib/python3.12/site-packages/airflow/example_dags/example_task_group.py took 0.084 seconds
[2024-05-15T10:47:20.637+0000] {processor.py:161} INFO - Started process (PID=4008) to work on /home/airflow/.local/lib/python3.12/site-packages/airflow/example_dags/example_task_group.py
[2024-05-15T10:47:20.646+0000] {processor.py:830} INFO - Processing file /home/airflow/.local/lib/python3.12/site-packages/airflow/example_dags/example_task_group.py for tasks to queue
[2024-05-15T10:47:20.648+0000] {logging_mixin.py:188} INFO - [2024-05-15T10:47:20.648+0000] {dagbag.py:540} INFO - Filling up the DagBag from /home/airflow/.local/lib/python3.12/site-packages/airflow/example_dags/example_task_group.py
[2024-05-15T10:47:20.655+0000] {processor.py:840} INFO - DAG(s) 'example_task_group' retrieved from /home/airflow/.local/lib/python3.12/site-packages/airflow/example_dags/example_task_group.py
[2024-05-15T10:47:20.677+0000] {logging_mixin.py:188} INFO - [2024-05-15T10:47:20.676+0000] {dag.py:3096} INFO - Sync 1 DAGs
[2024-05-15T10:47:20.697+0000] {logging_mixin.py:188} INFO - [2024-05-15T10:47:20.696+0000] {dag.py:3954} INFO - Setting next_dagrun for example_task_group to 2024-05-14 00:00:00+00:00, run_after=2024-05-15 00:00:00+00:00
[2024-05-15T10:47:20.713+0000] {processor.py:183} INFO - Processing /home/airflow/.local/lib/python3.12/site-packages/airflow/example_dags/example_task_group.py took 0.083 seconds
[2024-05-15T10:47:51.120+0000] {processor.py:161} INFO - Started process (PID=4067) to work on /home/airflow/.local/lib/python3.12/site-packages/airflow/example_dags/example_task_group.py
[2024-05-15T10:47:51.124+0000] {processor.py:830} INFO - Processing file /home/airflow/.local/lib/python3.12/site-packages/airflow/example_dags/example_task_group.py for tasks to queue
[2024-05-15T10:47:51.126+0000] {logging_mixin.py:188} INFO - [2024-05-15T10:47:51.126+0000] {dagbag.py:540} INFO - Filling up the DagBag from /home/airflow/.local/lib/python3.12/site-packages/airflow/example_dags/example_task_group.py
[2024-05-15T10:47:51.138+0000] {processor.py:840} INFO - DAG(s) 'example_task_group' retrieved from /home/airflow/.local/lib/python3.12/site-packages/airflow/example_dags/example_task_group.py
[2024-05-15T10:47:51.164+0000] {logging_mixin.py:188} INFO - [2024-05-15T10:47:51.164+0000] {dag.py:3096} INFO - Sync 1 DAGs
[2024-05-15T10:47:51.184+0000] {logging_mixin.py:188} INFO - [2024-05-15T10:47:51.184+0000] {dag.py:3954} INFO - Setting next_dagrun for example_task_group to 2024-05-14 00:00:00+00:00, run_after=2024-05-15 00:00:00+00:00
[2024-05-15T10:47:51.206+0000] {processor.py:183} INFO - Processing /home/airflow/.local/lib/python3.12/site-packages/airflow/example_dags/example_task_group.py took 0.095 seconds
