[2024-05-15T10:12:35.318+0000] {processor.py:161} INFO - Started process (PID=74) to work on /home/airflow/.local/lib/python3.12/site-packages/airflow/example_dags/example_latest_only.py
[2024-05-15T10:12:35.319+0000] {processor.py:830} INFO - Processing file /home/airflow/.local/lib/python3.12/site-packages/airflow/example_dags/example_latest_only.py for tasks to queue
[2024-05-15T10:12:35.321+0000] {logging_mixin.py:188} INFO - [2024-05-15T10:12:35.321+0000] {dagbag.py:540} INFO - Filling up the DagBag from /home/airflow/.local/lib/python3.12/site-packages/airflow/example_dags/example_latest_only.py
[2024-05-15T10:12:35.332+0000] {processor.py:840} INFO - DAG(s) 'latest_only' retrieved from /home/airflow/.local/lib/python3.12/site-packages/airflow/example_dags/example_latest_only.py
[2024-05-15T10:12:35.362+0000] {logging_mixin.py:188} INFO - [2024-05-15T10:12:35.362+0000] {dag.py:3096} INFO - Sync 1 DAGs
[2024-05-15T10:12:35.401+0000] {logging_mixin.py:188} INFO - [2024-05-15T10:12:35.401+0000] {dag.py:3954} INFO - Setting next_dagrun for latest_only to 2024-05-15 04:00:00+00:00, run_after=2024-05-15 08:00:00+00:00
[2024-05-15T10:12:35.428+0000] {processor.py:183} INFO - Processing /home/airflow/.local/lib/python3.12/site-packages/airflow/example_dags/example_latest_only.py took 0.121 seconds
[2024-05-15T10:13:06.261+0000] {processor.py:161} INFO - Started process (PID=133) to work on /home/airflow/.local/lib/python3.12/site-packages/airflow/example_dags/example_latest_only.py
[2024-05-15T10:13:06.263+0000] {processor.py:830} INFO - Processing file /home/airflow/.local/lib/python3.12/site-packages/airflow/example_dags/example_latest_only.py for tasks to queue
[2024-05-15T10:13:06.264+0000] {logging_mixin.py:188} INFO - [2024-05-15T10:13:06.264+0000] {dagbag.py:540} INFO - Filling up the DagBag from /home/airflow/.local/lib/python3.12/site-packages/airflow/example_dags/example_latest_only.py
[2024-05-15T10:13:06.268+0000] {processor.py:840} INFO - DAG(s) 'latest_only' retrieved from /home/airflow/.local/lib/python3.12/site-packages/airflow/example_dags/example_latest_only.py
[2024-05-15T10:13:06.288+0000] {logging_mixin.py:188} INFO - [2024-05-15T10:13:06.288+0000] {dag.py:3096} INFO - Sync 1 DAGs
[2024-05-15T10:13:06.312+0000] {logging_mixin.py:188} INFO - [2024-05-15T10:13:06.311+0000] {dag.py:3954} INFO - Setting next_dagrun for latest_only to 2024-05-15 04:00:00+00:00, run_after=2024-05-15 08:00:00+00:00
[2024-05-15T10:13:06.330+0000] {processor.py:183} INFO - Processing /home/airflow/.local/lib/python3.12/site-packages/airflow/example_dags/example_latest_only.py took 0.074 seconds
[2024-05-15T10:13:36.528+0000] {processor.py:161} INFO - Started process (PID=192) to work on /home/airflow/.local/lib/python3.12/site-packages/airflow/example_dags/example_latest_only.py
[2024-05-15T10:13:36.530+0000] {processor.py:830} INFO - Processing file /home/airflow/.local/lib/python3.12/site-packages/airflow/example_dags/example_latest_only.py for tasks to queue
[2024-05-15T10:13:36.531+0000] {logging_mixin.py:188} INFO - [2024-05-15T10:13:36.531+0000] {dagbag.py:540} INFO - Filling up the DagBag from /home/airflow/.local/lib/python3.12/site-packages/airflow/example_dags/example_latest_only.py
[2024-05-15T10:13:36.535+0000] {processor.py:840} INFO - DAG(s) 'latest_only' retrieved from /home/airflow/.local/lib/python3.12/site-packages/airflow/example_dags/example_latest_only.py
[2024-05-15T10:13:36.554+0000] {logging_mixin.py:188} INFO - [2024-05-15T10:13:36.554+0000] {dag.py:3096} INFO - Sync 1 DAGs
[2024-05-15T10:13:36.579+0000] {logging_mixin.py:188} INFO - [2024-05-15T10:13:36.579+0000] {dag.py:3954} INFO - Setting next_dagrun for latest_only to 2024-05-15 04:00:00+00:00, run_after=2024-05-15 08:00:00+00:00
[2024-05-15T10:13:36.599+0000] {processor.py:183} INFO - Processing /home/airflow/.local/lib/python3.12/site-packages/airflow/example_dags/example_latest_only.py took 0.076 seconds
[2024-05-15T10:14:06.647+0000] {processor.py:161} INFO - Started process (PID=251) to work on /home/airflow/.local/lib/python3.12/site-packages/airflow/example_dags/example_latest_only.py
[2024-05-15T10:14:06.648+0000] {processor.py:830} INFO - Processing file /home/airflow/.local/lib/python3.12/site-packages/airflow/example_dags/example_latest_only.py for tasks to queue
[2024-05-15T10:14:06.649+0000] {logging_mixin.py:188} INFO - [2024-05-15T10:14:06.649+0000] {dagbag.py:540} INFO - Filling up the DagBag from /home/airflow/.local/lib/python3.12/site-packages/airflow/example_dags/example_latest_only.py
[2024-05-15T10:14:06.652+0000] {processor.py:840} INFO - DAG(s) 'latest_only' retrieved from /home/airflow/.local/lib/python3.12/site-packages/airflow/example_dags/example_latest_only.py
[2024-05-15T10:14:06.674+0000] {logging_mixin.py:188} INFO - [2024-05-15T10:14:06.674+0000] {dag.py:3096} INFO - Sync 1 DAGs
[2024-05-15T10:14:06.694+0000] {logging_mixin.py:188} INFO - [2024-05-15T10:14:06.693+0000] {dag.py:3954} INFO - Setting next_dagrun for latest_only to 2024-05-15 04:00:00+00:00, run_after=2024-05-15 08:00:00+00:00
[2024-05-15T10:14:06.719+0000] {processor.py:183} INFO - Processing /home/airflow/.local/lib/python3.12/site-packages/airflow/example_dags/example_latest_only.py took 0.078 seconds
[2024-05-15T10:14:37.033+0000] {processor.py:161} INFO - Started process (PID=311) to work on /home/airflow/.local/lib/python3.12/site-packages/airflow/example_dags/example_latest_only.py
[2024-05-15T10:14:37.034+0000] {processor.py:830} INFO - Processing file /home/airflow/.local/lib/python3.12/site-packages/airflow/example_dags/example_latest_only.py for tasks to queue
[2024-05-15T10:14:37.036+0000] {logging_mixin.py:188} INFO - [2024-05-15T10:14:37.036+0000] {dagbag.py:540} INFO - Filling up the DagBag from /home/airflow/.local/lib/python3.12/site-packages/airflow/example_dags/example_latest_only.py
[2024-05-15T10:14:37.040+0000] {processor.py:840} INFO - DAG(s) 'latest_only' retrieved from /home/airflow/.local/lib/python3.12/site-packages/airflow/example_dags/example_latest_only.py
[2024-05-15T10:14:37.059+0000] {logging_mixin.py:188} INFO - [2024-05-15T10:14:37.059+0000] {dag.py:3096} INFO - Sync 1 DAGs
[2024-05-15T10:14:37.078+0000] {logging_mixin.py:188} INFO - [2024-05-15T10:14:37.078+0000] {dag.py:3954} INFO - Setting next_dagrun for latest_only to 2024-05-15 04:00:00+00:00, run_after=2024-05-15 08:00:00+00:00
[2024-05-15T10:14:37.102+0000] {processor.py:183} INFO - Processing /home/airflow/.local/lib/python3.12/site-packages/airflow/example_dags/example_latest_only.py took 0.075 seconds
[2024-05-15T10:15:07.281+0000] {processor.py:161} INFO - Started process (PID=370) to work on /home/airflow/.local/lib/python3.12/site-packages/airflow/example_dags/example_latest_only.py
[2024-05-15T10:15:07.282+0000] {processor.py:830} INFO - Processing file /home/airflow/.local/lib/python3.12/site-packages/airflow/example_dags/example_latest_only.py for tasks to queue
[2024-05-15T10:15:07.284+0000] {logging_mixin.py:188} INFO - [2024-05-15T10:15:07.283+0000] {dagbag.py:540} INFO - Filling up the DagBag from /home/airflow/.local/lib/python3.12/site-packages/airflow/example_dags/example_latest_only.py
[2024-05-15T10:15:07.287+0000] {processor.py:840} INFO - DAG(s) 'latest_only' retrieved from /home/airflow/.local/lib/python3.12/site-packages/airflow/example_dags/example_latest_only.py
[2024-05-15T10:15:07.305+0000] {logging_mixin.py:188} INFO - [2024-05-15T10:15:07.304+0000] {dag.py:3096} INFO - Sync 1 DAGs
[2024-05-15T10:15:07.322+0000] {logging_mixin.py:188} INFO - [2024-05-15T10:15:07.322+0000] {dag.py:3954} INFO - Setting next_dagrun for latest_only to 2024-05-15 04:00:00+00:00, run_after=2024-05-15 08:00:00+00:00
[2024-05-15T10:15:07.340+0000] {processor.py:183} INFO - Processing /home/airflow/.local/lib/python3.12/site-packages/airflow/example_dags/example_latest_only.py took 0.064 seconds
[2024-05-15T10:15:37.834+0000] {processor.py:161} INFO - Started process (PID=429) to work on /home/airflow/.local/lib/python3.12/site-packages/airflow/example_dags/example_latest_only.py
[2024-05-15T10:15:37.835+0000] {processor.py:830} INFO - Processing file /home/airflow/.local/lib/python3.12/site-packages/airflow/example_dags/example_latest_only.py for tasks to queue
[2024-05-15T10:15:37.837+0000] {logging_mixin.py:188} INFO - [2024-05-15T10:15:37.837+0000] {dagbag.py:540} INFO - Filling up the DagBag from /home/airflow/.local/lib/python3.12/site-packages/airflow/example_dags/example_latest_only.py
[2024-05-15T10:15:37.841+0000] {processor.py:840} INFO - DAG(s) 'latest_only' retrieved from /home/airflow/.local/lib/python3.12/site-packages/airflow/example_dags/example_latest_only.py
[2024-05-15T10:15:37.858+0000] {logging_mixin.py:188} INFO - [2024-05-15T10:15:37.858+0000] {dag.py:3096} INFO - Sync 1 DAGs
[2024-05-15T10:15:37.877+0000] {logging_mixin.py:188} INFO - [2024-05-15T10:15:37.876+0000] {dag.py:3954} INFO - Setting next_dagrun for latest_only to 2024-05-15 04:00:00+00:00, run_after=2024-05-15 08:00:00+00:00
[2024-05-15T10:15:37.894+0000] {processor.py:183} INFO - Processing /home/airflow/.local/lib/python3.12/site-packages/airflow/example_dags/example_latest_only.py took 0.065 seconds
[2024-05-15T10:16:08.392+0000] {processor.py:161} INFO - Started process (PID=488) to work on /home/airflow/.local/lib/python3.12/site-packages/airflow/example_dags/example_latest_only.py
[2024-05-15T10:16:08.393+0000] {processor.py:830} INFO - Processing file /home/airflow/.local/lib/python3.12/site-packages/airflow/example_dags/example_latest_only.py for tasks to queue
[2024-05-15T10:16:08.395+0000] {logging_mixin.py:188} INFO - [2024-05-15T10:16:08.394+0000] {dagbag.py:540} INFO - Filling up the DagBag from /home/airflow/.local/lib/python3.12/site-packages/airflow/example_dags/example_latest_only.py
[2024-05-15T10:16:08.398+0000] {processor.py:840} INFO - DAG(s) 'latest_only' retrieved from /home/airflow/.local/lib/python3.12/site-packages/airflow/example_dags/example_latest_only.py
[2024-05-15T10:16:08.417+0000] {logging_mixin.py:188} INFO - [2024-05-15T10:16:08.417+0000] {dag.py:3096} INFO - Sync 1 DAGs
[2024-05-15T10:16:08.446+0000] {logging_mixin.py:188} INFO - [2024-05-15T10:16:08.446+0000] {dag.py:3954} INFO - Setting next_dagrun for latest_only to 2024-05-15 04:00:00+00:00, run_after=2024-05-15 08:00:00+00:00
[2024-05-15T10:16:08.476+0000] {processor.py:183} INFO - Processing /home/airflow/.local/lib/python3.12/site-packages/airflow/example_dags/example_latest_only.py took 0.089 seconds
[2024-05-15T10:16:38.646+0000] {processor.py:161} INFO - Started process (PID=547) to work on /home/airflow/.local/lib/python3.12/site-packages/airflow/example_dags/example_latest_only.py
[2024-05-15T10:16:38.647+0000] {processor.py:830} INFO - Processing file /home/airflow/.local/lib/python3.12/site-packages/airflow/example_dags/example_latest_only.py for tasks to queue
[2024-05-15T10:16:38.649+0000] {logging_mixin.py:188} INFO - [2024-05-15T10:16:38.648+0000] {dagbag.py:540} INFO - Filling up the DagBag from /home/airflow/.local/lib/python3.12/site-packages/airflow/example_dags/example_latest_only.py
[2024-05-15T10:16:38.653+0000] {processor.py:840} INFO - DAG(s) 'latest_only' retrieved from /home/airflow/.local/lib/python3.12/site-packages/airflow/example_dags/example_latest_only.py
[2024-05-15T10:16:38.671+0000] {logging_mixin.py:188} INFO - [2024-05-15T10:16:38.671+0000] {dag.py:3096} INFO - Sync 1 DAGs
[2024-05-15T10:16:38.695+0000] {logging_mixin.py:188} INFO - [2024-05-15T10:16:38.695+0000] {dag.py:3954} INFO - Setting next_dagrun for latest_only to 2024-05-15 04:00:00+00:00, run_after=2024-05-15 08:00:00+00:00
[2024-05-15T10:16:38.716+0000] {processor.py:183} INFO - Processing /home/airflow/.local/lib/python3.12/site-packages/airflow/example_dags/example_latest_only.py took 0.077 seconds
[2024-05-15T10:17:09.103+0000] {processor.py:161} INFO - Started process (PID=606) to work on /home/airflow/.local/lib/python3.12/site-packages/airflow/example_dags/example_latest_only.py
[2024-05-15T10:17:09.105+0000] {processor.py:830} INFO - Processing file /home/airflow/.local/lib/python3.12/site-packages/airflow/example_dags/example_latest_only.py for tasks to queue
[2024-05-15T10:17:09.106+0000] {logging_mixin.py:188} INFO - [2024-05-15T10:17:09.106+0000] {dagbag.py:540} INFO - Filling up the DagBag from /home/airflow/.local/lib/python3.12/site-packages/airflow/example_dags/example_latest_only.py
[2024-05-15T10:17:09.111+0000] {processor.py:840} INFO - DAG(s) 'latest_only' retrieved from /home/airflow/.local/lib/python3.12/site-packages/airflow/example_dags/example_latest_only.py
[2024-05-15T10:17:09.128+0000] {logging_mixin.py:188} INFO - [2024-05-15T10:17:09.128+0000] {dag.py:3096} INFO - Sync 1 DAGs
[2024-05-15T10:17:09.146+0000] {logging_mixin.py:188} INFO - [2024-05-15T10:17:09.146+0000] {dag.py:3954} INFO - Setting next_dagrun for latest_only to 2024-05-15 04:00:00+00:00, run_after=2024-05-15 08:00:00+00:00
[2024-05-15T10:17:09.167+0000] {processor.py:183} INFO - Processing /home/airflow/.local/lib/python3.12/site-packages/airflow/example_dags/example_latest_only.py took 0.069 seconds
[2024-05-15T10:17:39.265+0000] {processor.py:161} INFO - Started process (PID=665) to work on /home/airflow/.local/lib/python3.12/site-packages/airflow/example_dags/example_latest_only.py
[2024-05-15T10:17:39.266+0000] {processor.py:830} INFO - Processing file /home/airflow/.local/lib/python3.12/site-packages/airflow/example_dags/example_latest_only.py for tasks to queue
[2024-05-15T10:17:39.268+0000] {logging_mixin.py:188} INFO - [2024-05-15T10:17:39.267+0000] {dagbag.py:540} INFO - Filling up the DagBag from /home/airflow/.local/lib/python3.12/site-packages/airflow/example_dags/example_latest_only.py
[2024-05-15T10:17:39.272+0000] {processor.py:840} INFO - DAG(s) 'latest_only' retrieved from /home/airflow/.local/lib/python3.12/site-packages/airflow/example_dags/example_latest_only.py
[2024-05-15T10:17:39.288+0000] {logging_mixin.py:188} INFO - [2024-05-15T10:17:39.288+0000] {dag.py:3096} INFO - Sync 1 DAGs
[2024-05-15T10:17:39.308+0000] {logging_mixin.py:188} INFO - [2024-05-15T10:17:39.307+0000] {dag.py:3954} INFO - Setting next_dagrun for latest_only to 2024-05-15 04:00:00+00:00, run_after=2024-05-15 08:00:00+00:00
[2024-05-15T10:17:39.325+0000] {processor.py:183} INFO - Processing /home/airflow/.local/lib/python3.12/site-packages/airflow/example_dags/example_latest_only.py took 0.065 seconds
[2024-05-15T10:18:09.349+0000] {processor.py:161} INFO - Started process (PID=723) to work on /home/airflow/.local/lib/python3.12/site-packages/airflow/example_dags/example_latest_only.py
[2024-05-15T10:18:09.356+0000] {processor.py:830} INFO - Processing file /home/airflow/.local/lib/python3.12/site-packages/airflow/example_dags/example_latest_only.py for tasks to queue
[2024-05-15T10:18:09.358+0000] {logging_mixin.py:188} INFO - [2024-05-15T10:18:09.358+0000] {dagbag.py:540} INFO - Filling up the DagBag from /home/airflow/.local/lib/python3.12/site-packages/airflow/example_dags/example_latest_only.py
[2024-05-15T10:18:09.363+0000] {processor.py:840} INFO - DAG(s) 'latest_only' retrieved from /home/airflow/.local/lib/python3.12/site-packages/airflow/example_dags/example_latest_only.py
[2024-05-15T10:18:09.385+0000] {logging_mixin.py:188} INFO - [2024-05-15T10:18:09.385+0000] {dag.py:3096} INFO - Sync 1 DAGs
[2024-05-15T10:18:09.408+0000] {logging_mixin.py:188} INFO - [2024-05-15T10:18:09.408+0000] {dag.py:3954} INFO - Setting next_dagrun for latest_only to 2024-05-15 04:00:00+00:00, run_after=2024-05-15 08:00:00+00:00
[2024-05-15T10:18:09.430+0000] {processor.py:183} INFO - Processing /home/airflow/.local/lib/python3.12/site-packages/airflow/example_dags/example_latest_only.py took 0.085 seconds
[2024-05-15T10:18:40.286+0000] {processor.py:161} INFO - Started process (PID=782) to work on /home/airflow/.local/lib/python3.12/site-packages/airflow/example_dags/example_latest_only.py
[2024-05-15T10:18:40.291+0000] {processor.py:830} INFO - Processing file /home/airflow/.local/lib/python3.12/site-packages/airflow/example_dags/example_latest_only.py for tasks to queue
[2024-05-15T10:18:40.292+0000] {logging_mixin.py:188} INFO - [2024-05-15T10:18:40.292+0000] {dagbag.py:540} INFO - Filling up the DagBag from /home/airflow/.local/lib/python3.12/site-packages/airflow/example_dags/example_latest_only.py
[2024-05-15T10:18:40.297+0000] {processor.py:840} INFO - DAG(s) 'latest_only' retrieved from /home/airflow/.local/lib/python3.12/site-packages/airflow/example_dags/example_latest_only.py
[2024-05-15T10:18:40.319+0000] {logging_mixin.py:188} INFO - [2024-05-15T10:18:40.318+0000] {dag.py:3096} INFO - Sync 1 DAGs
[2024-05-15T10:18:40.340+0000] {logging_mixin.py:188} INFO - [2024-05-15T10:18:40.340+0000] {dag.py:3954} INFO - Setting next_dagrun for latest_only to 2024-05-15 04:00:00+00:00, run_after=2024-05-15 08:00:00+00:00
[2024-05-15T10:18:40.358+0000] {processor.py:183} INFO - Processing /home/airflow/.local/lib/python3.12/site-packages/airflow/example_dags/example_latest_only.py took 0.078 seconds
[2024-05-15T10:19:10.803+0000] {processor.py:161} INFO - Started process (PID=841) to work on /home/airflow/.local/lib/python3.12/site-packages/airflow/example_dags/example_latest_only.py
[2024-05-15T10:19:10.804+0000] {processor.py:830} INFO - Processing file /home/airflow/.local/lib/python3.12/site-packages/airflow/example_dags/example_latest_only.py for tasks to queue
[2024-05-15T10:19:10.806+0000] {logging_mixin.py:188} INFO - [2024-05-15T10:19:10.805+0000] {dagbag.py:540} INFO - Filling up the DagBag from /home/airflow/.local/lib/python3.12/site-packages/airflow/example_dags/example_latest_only.py
[2024-05-15T10:19:10.809+0000] {processor.py:840} INFO - DAG(s) 'latest_only' retrieved from /home/airflow/.local/lib/python3.12/site-packages/airflow/example_dags/example_latest_only.py
[2024-05-15T10:19:10.830+0000] {logging_mixin.py:188} INFO - [2024-05-15T10:19:10.830+0000] {dag.py:3096} INFO - Sync 1 DAGs
[2024-05-15T10:19:10.850+0000] {logging_mixin.py:188} INFO - [2024-05-15T10:19:10.850+0000] {dag.py:3954} INFO - Setting next_dagrun for latest_only to 2024-05-15 04:00:00+00:00, run_after=2024-05-15 08:00:00+00:00
[2024-05-15T10:19:10.869+0000] {processor.py:183} INFO - Processing /home/airflow/.local/lib/python3.12/site-packages/airflow/example_dags/example_latest_only.py took 0.073 seconds
[2024-05-15T10:19:41.647+0000] {processor.py:161} INFO - Started process (PID=900) to work on /home/airflow/.local/lib/python3.12/site-packages/airflow/example_dags/example_latest_only.py
[2024-05-15T10:19:41.649+0000] {processor.py:830} INFO - Processing file /home/airflow/.local/lib/python3.12/site-packages/airflow/example_dags/example_latest_only.py for tasks to queue
[2024-05-15T10:19:41.651+0000] {logging_mixin.py:188} INFO - [2024-05-15T10:19:41.650+0000] {dagbag.py:540} INFO - Filling up the DagBag from /home/airflow/.local/lib/python3.12/site-packages/airflow/example_dags/example_latest_only.py
[2024-05-15T10:19:41.655+0000] {processor.py:840} INFO - DAG(s) 'latest_only' retrieved from /home/airflow/.local/lib/python3.12/site-packages/airflow/example_dags/example_latest_only.py
[2024-05-15T10:19:41.680+0000] {logging_mixin.py:188} INFO - [2024-05-15T10:19:41.680+0000] {dag.py:3096} INFO - Sync 1 DAGs
[2024-05-15T10:19:41.711+0000] {logging_mixin.py:188} INFO - [2024-05-15T10:19:41.711+0000] {dag.py:3954} INFO - Setting next_dagrun for latest_only to 2024-05-15 04:00:00+00:00, run_after=2024-05-15 08:00:00+00:00
[2024-05-15T10:19:41.735+0000] {processor.py:183} INFO - Processing /home/airflow/.local/lib/python3.12/site-packages/airflow/example_dags/example_latest_only.py took 0.095 seconds
[2024-05-15T10:20:12.082+0000] {processor.py:161} INFO - Started process (PID=959) to work on /home/airflow/.local/lib/python3.12/site-packages/airflow/example_dags/example_latest_only.py
[2024-05-15T10:20:12.083+0000] {processor.py:830} INFO - Processing file /home/airflow/.local/lib/python3.12/site-packages/airflow/example_dags/example_latest_only.py for tasks to queue
[2024-05-15T10:20:12.084+0000] {logging_mixin.py:188} INFO - [2024-05-15T10:20:12.084+0000] {dagbag.py:540} INFO - Filling up the DagBag from /home/airflow/.local/lib/python3.12/site-packages/airflow/example_dags/example_latest_only.py
[2024-05-15T10:20:12.088+0000] {processor.py:840} INFO - DAG(s) 'latest_only' retrieved from /home/airflow/.local/lib/python3.12/site-packages/airflow/example_dags/example_latest_only.py
[2024-05-15T10:20:12.104+0000] {logging_mixin.py:188} INFO - [2024-05-15T10:20:12.104+0000] {dag.py:3096} INFO - Sync 1 DAGs
[2024-05-15T10:20:12.221+0000] {logging_mixin.py:188} INFO - [2024-05-15T10:20:12.221+0000] {dag.py:3954} INFO - Setting next_dagrun for latest_only to 2024-05-15 04:00:00+00:00, run_after=2024-05-15 08:00:00+00:00
[2024-05-15T10:20:12.241+0000] {processor.py:183} INFO - Processing /home/airflow/.local/lib/python3.12/site-packages/airflow/example_dags/example_latest_only.py took 0.164 seconds
[2024-05-15T10:20:42.535+0000] {processor.py:161} INFO - Started process (PID=1018) to work on /home/airflow/.local/lib/python3.12/site-packages/airflow/example_dags/example_latest_only.py
[2024-05-15T10:20:42.536+0000] {processor.py:830} INFO - Processing file /home/airflow/.local/lib/python3.12/site-packages/airflow/example_dags/example_latest_only.py for tasks to queue
[2024-05-15T10:20:42.538+0000] {logging_mixin.py:188} INFO - [2024-05-15T10:20:42.537+0000] {dagbag.py:540} INFO - Filling up the DagBag from /home/airflow/.local/lib/python3.12/site-packages/airflow/example_dags/example_latest_only.py
[2024-05-15T10:20:42.542+0000] {processor.py:840} INFO - DAG(s) 'latest_only' retrieved from /home/airflow/.local/lib/python3.12/site-packages/airflow/example_dags/example_latest_only.py
[2024-05-15T10:20:42.558+0000] {logging_mixin.py:188} INFO - [2024-05-15T10:20:42.557+0000] {dag.py:3096} INFO - Sync 1 DAGs
[2024-05-15T10:20:42.701+0000] {logging_mixin.py:188} INFO - [2024-05-15T10:20:42.701+0000] {dag.py:3954} INFO - Setting next_dagrun for latest_only to 2024-05-15 04:00:00+00:00, run_after=2024-05-15 08:00:00+00:00
[2024-05-15T10:20:42.719+0000] {processor.py:183} INFO - Processing /home/airflow/.local/lib/python3.12/site-packages/airflow/example_dags/example_latest_only.py took 0.189 seconds
[2024-05-15T10:21:12.738+0000] {processor.py:161} INFO - Started process (PID=1077) to work on /home/airflow/.local/lib/python3.12/site-packages/airflow/example_dags/example_latest_only.py
[2024-05-15T10:21:12.740+0000] {processor.py:830} INFO - Processing file /home/airflow/.local/lib/python3.12/site-packages/airflow/example_dags/example_latest_only.py for tasks to queue
[2024-05-15T10:21:12.741+0000] {logging_mixin.py:188} INFO - [2024-05-15T10:21:12.741+0000] {dagbag.py:540} INFO - Filling up the DagBag from /home/airflow/.local/lib/python3.12/site-packages/airflow/example_dags/example_latest_only.py
[2024-05-15T10:21:12.745+0000] {processor.py:840} INFO - DAG(s) 'latest_only' retrieved from /home/airflow/.local/lib/python3.12/site-packages/airflow/example_dags/example_latest_only.py
[2024-05-15T10:21:12.761+0000] {logging_mixin.py:188} INFO - [2024-05-15T10:21:12.761+0000] {dag.py:3096} INFO - Sync 1 DAGs
[2024-05-15T10:21:12.778+0000] {logging_mixin.py:188} INFO - [2024-05-15T10:21:12.778+0000] {dag.py:3954} INFO - Setting next_dagrun for latest_only to 2024-05-15 04:00:00+00:00, run_after=2024-05-15 08:00:00+00:00
[2024-05-15T10:21:12.793+0000] {processor.py:183} INFO - Processing /home/airflow/.local/lib/python3.12/site-packages/airflow/example_dags/example_latest_only.py took 0.060 seconds
[2024-05-15T10:21:42.911+0000] {processor.py:161} INFO - Started process (PID=1136) to work on /home/airflow/.local/lib/python3.12/site-packages/airflow/example_dags/example_latest_only.py
[2024-05-15T10:21:42.912+0000] {processor.py:830} INFO - Processing file /home/airflow/.local/lib/python3.12/site-packages/airflow/example_dags/example_latest_only.py for tasks to queue
[2024-05-15T10:21:42.914+0000] {logging_mixin.py:188} INFO - [2024-05-15T10:21:42.914+0000] {dagbag.py:540} INFO - Filling up the DagBag from /home/airflow/.local/lib/python3.12/site-packages/airflow/example_dags/example_latest_only.py
[2024-05-15T10:21:42.919+0000] {processor.py:840} INFO - DAG(s) 'latest_only' retrieved from /home/airflow/.local/lib/python3.12/site-packages/airflow/example_dags/example_latest_only.py
[2024-05-15T10:21:42.936+0000] {logging_mixin.py:188} INFO - [2024-05-15T10:21:42.936+0000] {dag.py:3096} INFO - Sync 1 DAGs
[2024-05-15T10:21:42.955+0000] {logging_mixin.py:188} INFO - [2024-05-15T10:21:42.955+0000] {dag.py:3954} INFO - Setting next_dagrun for latest_only to 2024-05-15 04:00:00+00:00, run_after=2024-05-15 08:00:00+00:00
[2024-05-15T10:21:42.969+0000] {processor.py:183} INFO - Processing /home/airflow/.local/lib/python3.12/site-packages/airflow/example_dags/example_latest_only.py took 0.065 seconds
[2024-05-15T10:22:13.209+0000] {processor.py:161} INFO - Started process (PID=1195) to work on /home/airflow/.local/lib/python3.12/site-packages/airflow/example_dags/example_latest_only.py
[2024-05-15T10:22:13.210+0000] {processor.py:830} INFO - Processing file /home/airflow/.local/lib/python3.12/site-packages/airflow/example_dags/example_latest_only.py for tasks to queue
[2024-05-15T10:22:13.212+0000] {logging_mixin.py:188} INFO - [2024-05-15T10:22:13.212+0000] {dagbag.py:540} INFO - Filling up the DagBag from /home/airflow/.local/lib/python3.12/site-packages/airflow/example_dags/example_latest_only.py
[2024-05-15T10:22:13.216+0000] {processor.py:840} INFO - DAG(s) 'latest_only' retrieved from /home/airflow/.local/lib/python3.12/site-packages/airflow/example_dags/example_latest_only.py
[2024-05-15T10:22:13.232+0000] {logging_mixin.py:188} INFO - [2024-05-15T10:22:13.232+0000] {dag.py:3096} INFO - Sync 1 DAGs
[2024-05-15T10:22:13.248+0000] {logging_mixin.py:188} INFO - [2024-05-15T10:22:13.248+0000] {dag.py:3954} INFO - Setting next_dagrun for latest_only to 2024-05-15 04:00:00+00:00, run_after=2024-05-15 08:00:00+00:00
[2024-05-15T10:22:13.262+0000] {processor.py:183} INFO - Processing /home/airflow/.local/lib/python3.12/site-packages/airflow/example_dags/example_latest_only.py took 0.059 seconds
[2024-05-15T10:22:44.074+0000] {processor.py:161} INFO - Started process (PID=1260) to work on /home/airflow/.local/lib/python3.12/site-packages/airflow/example_dags/example_latest_only.py
[2024-05-15T10:22:44.075+0000] {processor.py:830} INFO - Processing file /home/airflow/.local/lib/python3.12/site-packages/airflow/example_dags/example_latest_only.py for tasks to queue
[2024-05-15T10:22:44.077+0000] {logging_mixin.py:188} INFO - [2024-05-15T10:22:44.076+0000] {dagbag.py:540} INFO - Filling up the DagBag from /home/airflow/.local/lib/python3.12/site-packages/airflow/example_dags/example_latest_only.py
[2024-05-15T10:22:44.081+0000] {processor.py:840} INFO - DAG(s) 'latest_only' retrieved from /home/airflow/.local/lib/python3.12/site-packages/airflow/example_dags/example_latest_only.py
[2024-05-15T10:22:44.098+0000] {logging_mixin.py:188} INFO - [2024-05-15T10:22:44.098+0000] {dag.py:3096} INFO - Sync 1 DAGs
[2024-05-15T10:22:44.115+0000] {logging_mixin.py:188} INFO - [2024-05-15T10:22:44.115+0000] {dag.py:3954} INFO - Setting next_dagrun for latest_only to 2024-05-15 04:00:00+00:00, run_after=2024-05-15 08:00:00+00:00
[2024-05-15T10:22:44.128+0000] {processor.py:183} INFO - Processing /home/airflow/.local/lib/python3.12/site-packages/airflow/example_dags/example_latest_only.py took 0.059 seconds
[2024-05-15T10:23:14.981+0000] {processor.py:161} INFO - Started process (PID=1319) to work on /home/airflow/.local/lib/python3.12/site-packages/airflow/example_dags/example_latest_only.py
[2024-05-15T10:23:14.983+0000] {processor.py:830} INFO - Processing file /home/airflow/.local/lib/python3.12/site-packages/airflow/example_dags/example_latest_only.py for tasks to queue
[2024-05-15T10:23:14.986+0000] {logging_mixin.py:188} INFO - [2024-05-15T10:23:14.986+0000] {dagbag.py:540} INFO - Filling up the DagBag from /home/airflow/.local/lib/python3.12/site-packages/airflow/example_dags/example_latest_only.py
[2024-05-15T10:23:14.993+0000] {processor.py:840} INFO - DAG(s) 'latest_only' retrieved from /home/airflow/.local/lib/python3.12/site-packages/airflow/example_dags/example_latest_only.py
[2024-05-15T10:23:15.014+0000] {logging_mixin.py:188} INFO - [2024-05-15T10:23:15.014+0000] {dag.py:3096} INFO - Sync 1 DAGs
[2024-05-15T10:23:15.037+0000] {logging_mixin.py:188} INFO - [2024-05-15T10:23:15.037+0000] {dag.py:3954} INFO - Setting next_dagrun for latest_only to 2024-05-15 04:00:00+00:00, run_after=2024-05-15 08:00:00+00:00
[2024-05-15T10:23:15.056+0000] {processor.py:183} INFO - Processing /home/airflow/.local/lib/python3.12/site-packages/airflow/example_dags/example_latest_only.py took 0.088 seconds
[2024-05-15T10:23:45.927+0000] {processor.py:161} INFO - Started process (PID=1378) to work on /home/airflow/.local/lib/python3.12/site-packages/airflow/example_dags/example_latest_only.py
[2024-05-15T10:23:45.928+0000] {processor.py:830} INFO - Processing file /home/airflow/.local/lib/python3.12/site-packages/airflow/example_dags/example_latest_only.py for tasks to queue
[2024-05-15T10:23:45.930+0000] {logging_mixin.py:188} INFO - [2024-05-15T10:23:45.929+0000] {dagbag.py:540} INFO - Filling up the DagBag from /home/airflow/.local/lib/python3.12/site-packages/airflow/example_dags/example_latest_only.py
[2024-05-15T10:23:45.934+0000] {processor.py:840} INFO - DAG(s) 'latest_only' retrieved from /home/airflow/.local/lib/python3.12/site-packages/airflow/example_dags/example_latest_only.py
[2024-05-15T10:23:45.951+0000] {logging_mixin.py:188} INFO - [2024-05-15T10:23:45.951+0000] {dag.py:3096} INFO - Sync 1 DAGs
[2024-05-15T10:23:45.970+0000] {logging_mixin.py:188} INFO - [2024-05-15T10:23:45.970+0000] {dag.py:3954} INFO - Setting next_dagrun for latest_only to 2024-05-15 04:00:00+00:00, run_after=2024-05-15 08:00:00+00:00
[2024-05-15T10:23:45.985+0000] {processor.py:183} INFO - Processing /home/airflow/.local/lib/python3.12/site-packages/airflow/example_dags/example_latest_only.py took 0.063 seconds
[2024-05-15T10:24:16.026+0000] {processor.py:161} INFO - Started process (PID=1437) to work on /home/airflow/.local/lib/python3.12/site-packages/airflow/example_dags/example_latest_only.py
[2024-05-15T10:24:16.027+0000] {processor.py:830} INFO - Processing file /home/airflow/.local/lib/python3.12/site-packages/airflow/example_dags/example_latest_only.py for tasks to queue
[2024-05-15T10:24:16.028+0000] {logging_mixin.py:188} INFO - [2024-05-15T10:24:16.028+0000] {dagbag.py:540} INFO - Filling up the DagBag from /home/airflow/.local/lib/python3.12/site-packages/airflow/example_dags/example_latest_only.py
[2024-05-15T10:24:16.032+0000] {processor.py:840} INFO - DAG(s) 'latest_only' retrieved from /home/airflow/.local/lib/python3.12/site-packages/airflow/example_dags/example_latest_only.py
[2024-05-15T10:24:16.048+0000] {logging_mixin.py:188} INFO - [2024-05-15T10:24:16.048+0000] {dag.py:3096} INFO - Sync 1 DAGs
[2024-05-15T10:24:16.067+0000] {logging_mixin.py:188} INFO - [2024-05-15T10:24:16.067+0000] {dag.py:3954} INFO - Setting next_dagrun for latest_only to 2024-05-15 04:00:00+00:00, run_after=2024-05-15 08:00:00+00:00
[2024-05-15T10:24:16.081+0000] {processor.py:183} INFO - Processing /home/airflow/.local/lib/python3.12/site-packages/airflow/example_dags/example_latest_only.py took 0.062 seconds
[2024-05-15T10:24:46.294+0000] {processor.py:161} INFO - Started process (PID=1496) to work on /home/airflow/.local/lib/python3.12/site-packages/airflow/example_dags/example_latest_only.py
[2024-05-15T10:24:46.296+0000] {processor.py:830} INFO - Processing file /home/airflow/.local/lib/python3.12/site-packages/airflow/example_dags/example_latest_only.py for tasks to queue
[2024-05-15T10:24:46.298+0000] {logging_mixin.py:188} INFO - [2024-05-15T10:24:46.297+0000] {dagbag.py:540} INFO - Filling up the DagBag from /home/airflow/.local/lib/python3.12/site-packages/airflow/example_dags/example_latest_only.py
[2024-05-15T10:24:46.303+0000] {processor.py:840} INFO - DAG(s) 'latest_only' retrieved from /home/airflow/.local/lib/python3.12/site-packages/airflow/example_dags/example_latest_only.py
[2024-05-15T10:24:46.331+0000] {logging_mixin.py:188} INFO - [2024-05-15T10:24:46.331+0000] {dag.py:3096} INFO - Sync 1 DAGs
[2024-05-15T10:24:46.361+0000] {logging_mixin.py:188} INFO - [2024-05-15T10:24:46.361+0000] {dag.py:3954} INFO - Setting next_dagrun for latest_only to 2024-05-15 04:00:00+00:00, run_after=2024-05-15 08:00:00+00:00
[2024-05-15T10:24:46.387+0000] {processor.py:183} INFO - Processing /home/airflow/.local/lib/python3.12/site-packages/airflow/example_dags/example_latest_only.py took 0.101 seconds
[2024-05-15T10:25:16.558+0000] {processor.py:161} INFO - Started process (PID=1555) to work on /home/airflow/.local/lib/python3.12/site-packages/airflow/example_dags/example_latest_only.py
[2024-05-15T10:25:16.559+0000] {processor.py:830} INFO - Processing file /home/airflow/.local/lib/python3.12/site-packages/airflow/example_dags/example_latest_only.py for tasks to queue
[2024-05-15T10:25:16.561+0000] {logging_mixin.py:188} INFO - [2024-05-15T10:25:16.560+0000] {dagbag.py:540} INFO - Filling up the DagBag from /home/airflow/.local/lib/python3.12/site-packages/airflow/example_dags/example_latest_only.py
[2024-05-15T10:25:16.565+0000] {processor.py:840} INFO - DAG(s) 'latest_only' retrieved from /home/airflow/.local/lib/python3.12/site-packages/airflow/example_dags/example_latest_only.py
[2024-05-15T10:25:16.582+0000] {logging_mixin.py:188} INFO - [2024-05-15T10:25:16.582+0000] {dag.py:3096} INFO - Sync 1 DAGs
[2024-05-15T10:25:16.603+0000] {logging_mixin.py:188} INFO - [2024-05-15T10:25:16.603+0000] {dag.py:3954} INFO - Setting next_dagrun for latest_only to 2024-05-15 04:00:00+00:00, run_after=2024-05-15 08:00:00+00:00
[2024-05-15T10:25:16.618+0000] {processor.py:183} INFO - Processing /home/airflow/.local/lib/python3.12/site-packages/airflow/example_dags/example_latest_only.py took 0.067 seconds
[2024-05-15T10:25:46.763+0000] {processor.py:161} INFO - Started process (PID=1614) to work on /home/airflow/.local/lib/python3.12/site-packages/airflow/example_dags/example_latest_only.py
[2024-05-15T10:25:46.764+0000] {processor.py:830} INFO - Processing file /home/airflow/.local/lib/python3.12/site-packages/airflow/example_dags/example_latest_only.py for tasks to queue
[2024-05-15T10:25:46.766+0000] {logging_mixin.py:188} INFO - [2024-05-15T10:25:46.766+0000] {dagbag.py:540} INFO - Filling up the DagBag from /home/airflow/.local/lib/python3.12/site-packages/airflow/example_dags/example_latest_only.py
[2024-05-15T10:25:46.772+0000] {processor.py:840} INFO - DAG(s) 'latest_only' retrieved from /home/airflow/.local/lib/python3.12/site-packages/airflow/example_dags/example_latest_only.py
[2024-05-15T10:25:46.791+0000] {logging_mixin.py:188} INFO - [2024-05-15T10:25:46.790+0000] {dag.py:3096} INFO - Sync 1 DAGs
[2024-05-15T10:25:46.814+0000] {logging_mixin.py:188} INFO - [2024-05-15T10:25:46.814+0000] {dag.py:3954} INFO - Setting next_dagrun for latest_only to 2024-05-15 04:00:00+00:00, run_after=2024-05-15 08:00:00+00:00
[2024-05-15T10:25:46.834+0000] {processor.py:183} INFO - Processing /home/airflow/.local/lib/python3.12/site-packages/airflow/example_dags/example_latest_only.py took 0.077 seconds
[2024-05-15T10:26:16.981+0000] {processor.py:161} INFO - Started process (PID=1673) to work on /home/airflow/.local/lib/python3.12/site-packages/airflow/example_dags/example_latest_only.py
[2024-05-15T10:26:16.982+0000] {processor.py:830} INFO - Processing file /home/airflow/.local/lib/python3.12/site-packages/airflow/example_dags/example_latest_only.py for tasks to queue
[2024-05-15T10:26:16.983+0000] {logging_mixin.py:188} INFO - [2024-05-15T10:26:16.983+0000] {dagbag.py:540} INFO - Filling up the DagBag from /home/airflow/.local/lib/python3.12/site-packages/airflow/example_dags/example_latest_only.py
[2024-05-15T10:26:16.988+0000] {processor.py:840} INFO - DAG(s) 'latest_only' retrieved from /home/airflow/.local/lib/python3.12/site-packages/airflow/example_dags/example_latest_only.py
[2024-05-15T10:26:17.009+0000] {logging_mixin.py:188} INFO - [2024-05-15T10:26:17.009+0000] {dag.py:3096} INFO - Sync 1 DAGs
[2024-05-15T10:26:17.029+0000] {logging_mixin.py:188} INFO - [2024-05-15T10:26:17.029+0000] {dag.py:3954} INFO - Setting next_dagrun for latest_only to 2024-05-15 04:00:00+00:00, run_after=2024-05-15 08:00:00+00:00
[2024-05-15T10:26:17.048+0000] {processor.py:183} INFO - Processing /home/airflow/.local/lib/python3.12/site-packages/airflow/example_dags/example_latest_only.py took 0.074 seconds
[2024-05-15T10:26:48.085+0000] {processor.py:161} INFO - Started process (PID=1732) to work on /home/airflow/.local/lib/python3.12/site-packages/airflow/example_dags/example_latest_only.py
[2024-05-15T10:26:48.087+0000] {processor.py:830} INFO - Processing file /home/airflow/.local/lib/python3.12/site-packages/airflow/example_dags/example_latest_only.py for tasks to queue
[2024-05-15T10:26:48.089+0000] {logging_mixin.py:188} INFO - [2024-05-15T10:26:48.088+0000] {dagbag.py:540} INFO - Filling up the DagBag from /home/airflow/.local/lib/python3.12/site-packages/airflow/example_dags/example_latest_only.py
[2024-05-15T10:26:48.094+0000] {processor.py:840} INFO - DAG(s) 'latest_only' retrieved from /home/airflow/.local/lib/python3.12/site-packages/airflow/example_dags/example_latest_only.py
[2024-05-15T10:26:48.115+0000] {logging_mixin.py:188} INFO - [2024-05-15T10:26:48.114+0000] {dag.py:3096} INFO - Sync 1 DAGs
[2024-05-15T10:26:48.137+0000] {logging_mixin.py:188} INFO - [2024-05-15T10:26:48.137+0000] {dag.py:3954} INFO - Setting next_dagrun for latest_only to 2024-05-15 04:00:00+00:00, run_after=2024-05-15 08:00:00+00:00
[2024-05-15T10:26:48.158+0000] {processor.py:183} INFO - Processing /home/airflow/.local/lib/python3.12/site-packages/airflow/example_dags/example_latest_only.py took 0.080 seconds
[2024-05-15T10:27:18.405+0000] {processor.py:161} INFO - Started process (PID=1791) to work on /home/airflow/.local/lib/python3.12/site-packages/airflow/example_dags/example_latest_only.py
[2024-05-15T10:27:18.406+0000] {processor.py:830} INFO - Processing file /home/airflow/.local/lib/python3.12/site-packages/airflow/example_dags/example_latest_only.py for tasks to queue
[2024-05-15T10:27:18.408+0000] {logging_mixin.py:188} INFO - [2024-05-15T10:27:18.407+0000] {dagbag.py:540} INFO - Filling up the DagBag from /home/airflow/.local/lib/python3.12/site-packages/airflow/example_dags/example_latest_only.py
[2024-05-15T10:27:18.415+0000] {processor.py:840} INFO - DAG(s) 'latest_only' retrieved from /home/airflow/.local/lib/python3.12/site-packages/airflow/example_dags/example_latest_only.py
[2024-05-15T10:27:18.436+0000] {logging_mixin.py:188} INFO - [2024-05-15T10:27:18.436+0000] {dag.py:3096} INFO - Sync 1 DAGs
[2024-05-15T10:27:18.457+0000] {logging_mixin.py:188} INFO - [2024-05-15T10:27:18.456+0000] {dag.py:3954} INFO - Setting next_dagrun for latest_only to 2024-05-15 04:00:00+00:00, run_after=2024-05-15 08:00:00+00:00
[2024-05-15T10:27:18.474+0000] {processor.py:183} INFO - Processing /home/airflow/.local/lib/python3.12/site-packages/airflow/example_dags/example_latest_only.py took 0.075 seconds
[2024-05-15T10:27:49.558+0000] {processor.py:161} INFO - Started process (PID=1851) to work on /home/airflow/.local/lib/python3.12/site-packages/airflow/example_dags/example_latest_only.py
[2024-05-15T10:27:49.559+0000] {processor.py:830} INFO - Processing file /home/airflow/.local/lib/python3.12/site-packages/airflow/example_dags/example_latest_only.py for tasks to queue
[2024-05-15T10:27:49.561+0000] {logging_mixin.py:188} INFO - [2024-05-15T10:27:49.561+0000] {dagbag.py:540} INFO - Filling up the DagBag from /home/airflow/.local/lib/python3.12/site-packages/airflow/example_dags/example_latest_only.py
[2024-05-15T10:27:49.565+0000] {processor.py:840} INFO - DAG(s) 'latest_only' retrieved from /home/airflow/.local/lib/python3.12/site-packages/airflow/example_dags/example_latest_only.py
[2024-05-15T10:27:49.584+0000] {logging_mixin.py:188} INFO - [2024-05-15T10:27:49.584+0000] {dag.py:3096} INFO - Sync 1 DAGs
[2024-05-15T10:27:49.607+0000] {logging_mixin.py:188} INFO - [2024-05-15T10:27:49.607+0000] {dag.py:3954} INFO - Setting next_dagrun for latest_only to 2024-05-15 04:00:00+00:00, run_after=2024-05-15 08:00:00+00:00
[2024-05-15T10:27:49.626+0000] {processor.py:183} INFO - Processing /home/airflow/.local/lib/python3.12/site-packages/airflow/example_dags/example_latest_only.py took 0.073 seconds
[2024-05-15T10:28:19.779+0000] {processor.py:161} INFO - Started process (PID=1911) to work on /home/airflow/.local/lib/python3.12/site-packages/airflow/example_dags/example_latest_only.py
[2024-05-15T10:28:19.781+0000] {processor.py:830} INFO - Processing file /home/airflow/.local/lib/python3.12/site-packages/airflow/example_dags/example_latest_only.py for tasks to queue
[2024-05-15T10:28:19.786+0000] {logging_mixin.py:188} INFO - [2024-05-15T10:28:19.785+0000] {dagbag.py:540} INFO - Filling up the DagBag from /home/airflow/.local/lib/python3.12/site-packages/airflow/example_dags/example_latest_only.py
[2024-05-15T10:28:19.791+0000] {processor.py:840} INFO - DAG(s) 'latest_only' retrieved from /home/airflow/.local/lib/python3.12/site-packages/airflow/example_dags/example_latest_only.py
[2024-05-15T10:28:19.811+0000] {logging_mixin.py:188} INFO - [2024-05-15T10:28:19.811+0000] {dag.py:3096} INFO - Sync 1 DAGs
[2024-05-15T10:28:19.830+0000] {logging_mixin.py:188} INFO - [2024-05-15T10:28:19.830+0000] {dag.py:3954} INFO - Setting next_dagrun for latest_only to 2024-05-15 04:00:00+00:00, run_after=2024-05-15 08:00:00+00:00
[2024-05-15T10:28:19.850+0000] {processor.py:183} INFO - Processing /home/airflow/.local/lib/python3.12/site-packages/airflow/example_dags/example_latest_only.py took 0.076 seconds
[2024-05-15T10:29:40.672+0000] {processor.py:161} INFO - Started process (PID=1961) to work on /home/airflow/.local/lib/python3.12/site-packages/airflow/example_dags/example_latest_only.py
[2024-05-15T10:29:40.674+0000] {processor.py:830} INFO - Processing file /home/airflow/.local/lib/python3.12/site-packages/airflow/example_dags/example_latest_only.py for tasks to queue
[2024-05-15T10:29:40.680+0000] {logging_mixin.py:188} INFO - [2024-05-15T10:29:40.679+0000] {dagbag.py:540} INFO - Filling up the DagBag from /home/airflow/.local/lib/python3.12/site-packages/airflow/example_dags/example_latest_only.py
[2024-05-15T10:29:40.693+0000] {processor.py:840} INFO - DAG(s) 'latest_only' retrieved from /home/airflow/.local/lib/python3.12/site-packages/airflow/example_dags/example_latest_only.py
[2024-05-15T10:29:40.748+0000] {logging_mixin.py:188} INFO - [2024-05-15T10:29:40.747+0000] {dag.py:3096} INFO - Sync 1 DAGs
[2024-05-15T10:29:40.818+0000] {logging_mixin.py:188} INFO - [2024-05-15T10:29:40.818+0000] {dag.py:3954} INFO - Setting next_dagrun for latest_only to 2024-05-15 04:00:00+00:00, run_after=2024-05-15 08:00:00+00:00
[2024-05-15T10:29:40.880+0000] {processor.py:183} INFO - Processing /home/airflow/.local/lib/python3.12/site-packages/airflow/example_dags/example_latest_only.py took 0.226 seconds
[2024-05-15T10:30:11.173+0000] {processor.py:161} INFO - Started process (PID=2020) to work on /home/airflow/.local/lib/python3.12/site-packages/airflow/example_dags/example_latest_only.py
[2024-05-15T10:30:11.174+0000] {processor.py:830} INFO - Processing file /home/airflow/.local/lib/python3.12/site-packages/airflow/example_dags/example_latest_only.py for tasks to queue
[2024-05-15T10:30:11.176+0000] {logging_mixin.py:188} INFO - [2024-05-15T10:30:11.175+0000] {dagbag.py:540} INFO - Filling up the DagBag from /home/airflow/.local/lib/python3.12/site-packages/airflow/example_dags/example_latest_only.py
[2024-05-15T10:30:11.180+0000] {processor.py:840} INFO - DAG(s) 'latest_only' retrieved from /home/airflow/.local/lib/python3.12/site-packages/airflow/example_dags/example_latest_only.py
[2024-05-15T10:30:11.197+0000] {logging_mixin.py:188} INFO - [2024-05-15T10:30:11.197+0000] {dag.py:3096} INFO - Sync 1 DAGs
[2024-05-15T10:30:11.214+0000] {logging_mixin.py:188} INFO - [2024-05-15T10:30:11.214+0000] {dag.py:3954} INFO - Setting next_dagrun for latest_only to 2024-05-15 04:00:00+00:00, run_after=2024-05-15 08:00:00+00:00
[2024-05-15T10:30:11.229+0000] {processor.py:183} INFO - Processing /home/airflow/.local/lib/python3.12/site-packages/airflow/example_dags/example_latest_only.py took 0.062 seconds
[2024-05-15T10:30:41.422+0000] {processor.py:161} INFO - Started process (PID=2079) to work on /home/airflow/.local/lib/python3.12/site-packages/airflow/example_dags/example_latest_only.py
[2024-05-15T10:30:41.423+0000] {processor.py:830} INFO - Processing file /home/airflow/.local/lib/python3.12/site-packages/airflow/example_dags/example_latest_only.py for tasks to queue
[2024-05-15T10:30:41.425+0000] {logging_mixin.py:188} INFO - [2024-05-15T10:30:41.425+0000] {dagbag.py:540} INFO - Filling up the DagBag from /home/airflow/.local/lib/python3.12/site-packages/airflow/example_dags/example_latest_only.py
[2024-05-15T10:30:41.431+0000] {processor.py:840} INFO - DAG(s) 'latest_only' retrieved from /home/airflow/.local/lib/python3.12/site-packages/airflow/example_dags/example_latest_only.py
[2024-05-15T10:30:41.452+0000] {logging_mixin.py:188} INFO - [2024-05-15T10:30:41.452+0000] {dag.py:3096} INFO - Sync 1 DAGs
[2024-05-15T10:30:41.476+0000] {logging_mixin.py:188} INFO - [2024-05-15T10:30:41.476+0000] {dag.py:3954} INFO - Setting next_dagrun for latest_only to 2024-05-15 04:00:00+00:00, run_after=2024-05-15 08:00:00+00:00
[2024-05-15T10:30:41.494+0000] {processor.py:183} INFO - Processing /home/airflow/.local/lib/python3.12/site-packages/airflow/example_dags/example_latest_only.py took 0.079 seconds
[2024-05-15T10:31:11.931+0000] {processor.py:161} INFO - Started process (PID=2138) to work on /home/airflow/.local/lib/python3.12/site-packages/airflow/example_dags/example_latest_only.py
[2024-05-15T10:31:11.932+0000] {processor.py:830} INFO - Processing file /home/airflow/.local/lib/python3.12/site-packages/airflow/example_dags/example_latest_only.py for tasks to queue
[2024-05-15T10:31:11.934+0000] {logging_mixin.py:188} INFO - [2024-05-15T10:31:11.933+0000] {dagbag.py:540} INFO - Filling up the DagBag from /home/airflow/.local/lib/python3.12/site-packages/airflow/example_dags/example_latest_only.py
[2024-05-15T10:31:11.938+0000] {processor.py:840} INFO - DAG(s) 'latest_only' retrieved from /home/airflow/.local/lib/python3.12/site-packages/airflow/example_dags/example_latest_only.py
[2024-05-15T10:31:11.955+0000] {logging_mixin.py:188} INFO - [2024-05-15T10:31:11.955+0000] {dag.py:3096} INFO - Sync 1 DAGs
[2024-05-15T10:31:11.976+0000] {logging_mixin.py:188} INFO - [2024-05-15T10:31:11.975+0000] {dag.py:3954} INFO - Setting next_dagrun for latest_only to 2024-05-15 04:00:00+00:00, run_after=2024-05-15 08:00:00+00:00
[2024-05-15T10:31:11.992+0000] {processor.py:183} INFO - Processing /home/airflow/.local/lib/python3.12/site-packages/airflow/example_dags/example_latest_only.py took 0.066 seconds
[2024-05-15T10:31:42.403+0000] {processor.py:161} INFO - Started process (PID=2197) to work on /home/airflow/.local/lib/python3.12/site-packages/airflow/example_dags/example_latest_only.py
[2024-05-15T10:31:42.404+0000] {processor.py:830} INFO - Processing file /home/airflow/.local/lib/python3.12/site-packages/airflow/example_dags/example_latest_only.py for tasks to queue
[2024-05-15T10:31:42.405+0000] {logging_mixin.py:188} INFO - [2024-05-15T10:31:42.405+0000] {dagbag.py:540} INFO - Filling up the DagBag from /home/airflow/.local/lib/python3.12/site-packages/airflow/example_dags/example_latest_only.py
[2024-05-15T10:31:42.409+0000] {processor.py:840} INFO - DAG(s) 'latest_only' retrieved from /home/airflow/.local/lib/python3.12/site-packages/airflow/example_dags/example_latest_only.py
[2024-05-15T10:31:42.427+0000] {logging_mixin.py:188} INFO - [2024-05-15T10:31:42.427+0000] {dag.py:3096} INFO - Sync 1 DAGs
[2024-05-15T10:31:42.445+0000] {logging_mixin.py:188} INFO - [2024-05-15T10:31:42.445+0000] {dag.py:3954} INFO - Setting next_dagrun for latest_only to 2024-05-15 04:00:00+00:00, run_after=2024-05-15 08:00:00+00:00
[2024-05-15T10:31:42.463+0000] {processor.py:183} INFO - Processing /home/airflow/.local/lib/python3.12/site-packages/airflow/example_dags/example_latest_only.py took 0.065 seconds
[2024-05-15T10:32:12.759+0000] {processor.py:161} INFO - Started process (PID=2256) to work on /home/airflow/.local/lib/python3.12/site-packages/airflow/example_dags/example_latest_only.py
[2024-05-15T10:32:12.762+0000] {processor.py:830} INFO - Processing file /home/airflow/.local/lib/python3.12/site-packages/airflow/example_dags/example_latest_only.py for tasks to queue
[2024-05-15T10:32:12.764+0000] {logging_mixin.py:188} INFO - [2024-05-15T10:32:12.763+0000] {dagbag.py:540} INFO - Filling up the DagBag from /home/airflow/.local/lib/python3.12/site-packages/airflow/example_dags/example_latest_only.py
[2024-05-15T10:32:12.769+0000] {processor.py:840} INFO - DAG(s) 'latest_only' retrieved from /home/airflow/.local/lib/python3.12/site-packages/airflow/example_dags/example_latest_only.py
[2024-05-15T10:32:12.790+0000] {logging_mixin.py:188} INFO - [2024-05-15T10:32:12.790+0000] {dag.py:3096} INFO - Sync 1 DAGs
[2024-05-15T10:32:12.813+0000] {logging_mixin.py:188} INFO - [2024-05-15T10:32:12.813+0000] {dag.py:3954} INFO - Setting next_dagrun for latest_only to 2024-05-15 04:00:00+00:00, run_after=2024-05-15 08:00:00+00:00
[2024-05-15T10:32:12.833+0000] {processor.py:183} INFO - Processing /home/airflow/.local/lib/python3.12/site-packages/airflow/example_dags/example_latest_only.py took 0.083 seconds
[2024-05-15T10:32:43.273+0000] {processor.py:161} INFO - Started process (PID=2315) to work on /home/airflow/.local/lib/python3.12/site-packages/airflow/example_dags/example_latest_only.py
[2024-05-15T10:32:43.274+0000] {processor.py:830} INFO - Processing file /home/airflow/.local/lib/python3.12/site-packages/airflow/example_dags/example_latest_only.py for tasks to queue
[2024-05-15T10:32:43.276+0000] {logging_mixin.py:188} INFO - [2024-05-15T10:32:43.276+0000] {dagbag.py:540} INFO - Filling up the DagBag from /home/airflow/.local/lib/python3.12/site-packages/airflow/example_dags/example_latest_only.py
[2024-05-15T10:32:43.281+0000] {processor.py:840} INFO - DAG(s) 'latest_only' retrieved from /home/airflow/.local/lib/python3.12/site-packages/airflow/example_dags/example_latest_only.py
[2024-05-15T10:32:43.304+0000] {logging_mixin.py:188} INFO - [2024-05-15T10:32:43.304+0000] {dag.py:3096} INFO - Sync 1 DAGs
[2024-05-15T10:32:43.323+0000] {logging_mixin.py:188} INFO - [2024-05-15T10:32:43.323+0000] {dag.py:3954} INFO - Setting next_dagrun for latest_only to 2024-05-15 04:00:00+00:00, run_after=2024-05-15 08:00:00+00:00
[2024-05-15T10:32:43.340+0000] {processor.py:183} INFO - Processing /home/airflow/.local/lib/python3.12/site-packages/airflow/example_dags/example_latest_only.py took 0.075 seconds
[2024-05-15T10:33:14.224+0000] {processor.py:161} INFO - Started process (PID=2374) to work on /home/airflow/.local/lib/python3.12/site-packages/airflow/example_dags/example_latest_only.py
[2024-05-15T10:33:14.227+0000] {processor.py:830} INFO - Processing file /home/airflow/.local/lib/python3.12/site-packages/airflow/example_dags/example_latest_only.py for tasks to queue
[2024-05-15T10:33:14.229+0000] {logging_mixin.py:188} INFO - [2024-05-15T10:33:14.229+0000] {dagbag.py:540} INFO - Filling up the DagBag from /home/airflow/.local/lib/python3.12/site-packages/airflow/example_dags/example_latest_only.py
[2024-05-15T10:33:14.236+0000] {processor.py:840} INFO - DAG(s) 'latest_only' retrieved from /home/airflow/.local/lib/python3.12/site-packages/airflow/example_dags/example_latest_only.py
[2024-05-15T10:33:14.275+0000] {logging_mixin.py:188} INFO - [2024-05-15T10:33:14.275+0000] {dag.py:3096} INFO - Sync 1 DAGs
[2024-05-15T10:33:14.302+0000] {logging_mixin.py:188} INFO - [2024-05-15T10:33:14.302+0000] {dag.py:3954} INFO - Setting next_dagrun for latest_only to 2024-05-15 04:00:00+00:00, run_after=2024-05-15 08:00:00+00:00
[2024-05-15T10:33:14.334+0000] {processor.py:183} INFO - Processing /home/airflow/.local/lib/python3.12/site-packages/airflow/example_dags/example_latest_only.py took 0.119 seconds
[2024-05-15T10:33:45.100+0000] {processor.py:161} INFO - Started process (PID=2439) to work on /home/airflow/.local/lib/python3.12/site-packages/airflow/example_dags/example_latest_only.py
[2024-05-15T10:33:45.101+0000] {processor.py:830} INFO - Processing file /home/airflow/.local/lib/python3.12/site-packages/airflow/example_dags/example_latest_only.py for tasks to queue
[2024-05-15T10:33:45.103+0000] {logging_mixin.py:188} INFO - [2024-05-15T10:33:45.103+0000] {dagbag.py:540} INFO - Filling up the DagBag from /home/airflow/.local/lib/python3.12/site-packages/airflow/example_dags/example_latest_only.py
[2024-05-15T10:33:45.107+0000] {processor.py:840} INFO - DAG(s) 'latest_only' retrieved from /home/airflow/.local/lib/python3.12/site-packages/airflow/example_dags/example_latest_only.py
[2024-05-15T10:33:45.125+0000] {logging_mixin.py:188} INFO - [2024-05-15T10:33:45.125+0000] {dag.py:3096} INFO - Sync 1 DAGs
[2024-05-15T10:33:45.151+0000] {logging_mixin.py:188} INFO - [2024-05-15T10:33:45.151+0000] {dag.py:3954} INFO - Setting next_dagrun for latest_only to 2024-05-15 04:00:00+00:00, run_after=2024-05-15 08:00:00+00:00
[2024-05-15T10:33:45.169+0000] {processor.py:183} INFO - Processing /home/airflow/.local/lib/python3.12/site-packages/airflow/example_dags/example_latest_only.py took 0.075 seconds
[2024-05-15T10:34:15.966+0000] {processor.py:161} INFO - Started process (PID=2497) to work on /home/airflow/.local/lib/python3.12/site-packages/airflow/example_dags/example_latest_only.py
[2024-05-15T10:34:15.967+0000] {processor.py:830} INFO - Processing file /home/airflow/.local/lib/python3.12/site-packages/airflow/example_dags/example_latest_only.py for tasks to queue
[2024-05-15T10:34:15.969+0000] {logging_mixin.py:188} INFO - [2024-05-15T10:34:15.968+0000] {dagbag.py:540} INFO - Filling up the DagBag from /home/airflow/.local/lib/python3.12/site-packages/airflow/example_dags/example_latest_only.py
[2024-05-15T10:34:15.973+0000] {processor.py:840} INFO - DAG(s) 'latest_only' retrieved from /home/airflow/.local/lib/python3.12/site-packages/airflow/example_dags/example_latest_only.py
[2024-05-15T10:34:15.990+0000] {logging_mixin.py:188} INFO - [2024-05-15T10:34:15.990+0000] {dag.py:3096} INFO - Sync 1 DAGs
[2024-05-15T10:34:16.010+0000] {logging_mixin.py:188} INFO - [2024-05-15T10:34:16.009+0000] {dag.py:3954} INFO - Setting next_dagrun for latest_only to 2024-05-15 04:00:00+00:00, run_after=2024-05-15 08:00:00+00:00
[2024-05-15T10:34:16.027+0000] {processor.py:183} INFO - Processing /home/airflow/.local/lib/python3.12/site-packages/airflow/example_dags/example_latest_only.py took 0.067 seconds
[2024-05-15T10:34:46.610+0000] {processor.py:161} INFO - Started process (PID=2556) to work on /home/airflow/.local/lib/python3.12/site-packages/airflow/example_dags/example_latest_only.py
[2024-05-15T10:34:46.610+0000] {processor.py:830} INFO - Processing file /home/airflow/.local/lib/python3.12/site-packages/airflow/example_dags/example_latest_only.py for tasks to queue
[2024-05-15T10:34:46.612+0000] {logging_mixin.py:188} INFO - [2024-05-15T10:34:46.612+0000] {dagbag.py:540} INFO - Filling up the DagBag from /home/airflow/.local/lib/python3.12/site-packages/airflow/example_dags/example_latest_only.py
[2024-05-15T10:34:46.617+0000] {processor.py:840} INFO - DAG(s) 'latest_only' retrieved from /home/airflow/.local/lib/python3.12/site-packages/airflow/example_dags/example_latest_only.py
[2024-05-15T10:34:46.637+0000] {logging_mixin.py:188} INFO - [2024-05-15T10:34:46.636+0000] {dag.py:3096} INFO - Sync 1 DAGs
[2024-05-15T10:34:46.660+0000] {logging_mixin.py:188} INFO - [2024-05-15T10:34:46.660+0000] {dag.py:3954} INFO - Setting next_dagrun for latest_only to 2024-05-15 04:00:00+00:00, run_after=2024-05-15 08:00:00+00:00
[2024-05-15T10:34:46.702+0000] {processor.py:183} INFO - Processing /home/airflow/.local/lib/python3.12/site-packages/airflow/example_dags/example_latest_only.py took 0.098 seconds
[2024-05-15T10:35:17.381+0000] {processor.py:161} INFO - Started process (PID=2615) to work on /home/airflow/.local/lib/python3.12/site-packages/airflow/example_dags/example_latest_only.py
[2024-05-15T10:35:17.383+0000] {processor.py:830} INFO - Processing file /home/airflow/.local/lib/python3.12/site-packages/airflow/example_dags/example_latest_only.py for tasks to queue
[2024-05-15T10:35:17.385+0000] {logging_mixin.py:188} INFO - [2024-05-15T10:35:17.385+0000] {dagbag.py:540} INFO - Filling up the DagBag from /home/airflow/.local/lib/python3.12/site-packages/airflow/example_dags/example_latest_only.py
[2024-05-15T10:35:17.390+0000] {processor.py:840} INFO - DAG(s) 'latest_only' retrieved from /home/airflow/.local/lib/python3.12/site-packages/airflow/example_dags/example_latest_only.py
[2024-05-15T10:35:17.411+0000] {logging_mixin.py:188} INFO - [2024-05-15T10:35:17.410+0000] {dag.py:3096} INFO - Sync 1 DAGs
[2024-05-15T10:35:17.435+0000] {logging_mixin.py:188} INFO - [2024-05-15T10:35:17.435+0000] {dag.py:3954} INFO - Setting next_dagrun for latest_only to 2024-05-15 04:00:00+00:00, run_after=2024-05-15 08:00:00+00:00
[2024-05-15T10:35:17.455+0000] {processor.py:183} INFO - Processing /home/airflow/.local/lib/python3.12/site-packages/airflow/example_dags/example_latest_only.py took 0.081 seconds
[2024-05-15T10:35:48.324+0000] {processor.py:161} INFO - Started process (PID=2674) to work on /home/airflow/.local/lib/python3.12/site-packages/airflow/example_dags/example_latest_only.py
[2024-05-15T10:35:48.325+0000] {processor.py:830} INFO - Processing file /home/airflow/.local/lib/python3.12/site-packages/airflow/example_dags/example_latest_only.py for tasks to queue
[2024-05-15T10:35:48.326+0000] {logging_mixin.py:188} INFO - [2024-05-15T10:35:48.326+0000] {dagbag.py:540} INFO - Filling up the DagBag from /home/airflow/.local/lib/python3.12/site-packages/airflow/example_dags/example_latest_only.py
[2024-05-15T10:35:48.330+0000] {processor.py:840} INFO - DAG(s) 'latest_only' retrieved from /home/airflow/.local/lib/python3.12/site-packages/airflow/example_dags/example_latest_only.py
[2024-05-15T10:35:48.354+0000] {logging_mixin.py:188} INFO - [2024-05-15T10:35:48.353+0000] {dag.py:3096} INFO - Sync 1 DAGs
[2024-05-15T10:35:48.380+0000] {logging_mixin.py:188} INFO - [2024-05-15T10:35:48.380+0000] {dag.py:3954} INFO - Setting next_dagrun for latest_only to 2024-05-15 04:00:00+00:00, run_after=2024-05-15 08:00:00+00:00
[2024-05-15T10:35:48.405+0000] {processor.py:183} INFO - Processing /home/airflow/.local/lib/python3.12/site-packages/airflow/example_dags/example_latest_only.py took 0.088 seconds
[2024-05-15T10:36:19.160+0000] {processor.py:161} INFO - Started process (PID=2733) to work on /home/airflow/.local/lib/python3.12/site-packages/airflow/example_dags/example_latest_only.py
[2024-05-15T10:36:19.161+0000] {processor.py:830} INFO - Processing file /home/airflow/.local/lib/python3.12/site-packages/airflow/example_dags/example_latest_only.py for tasks to queue
[2024-05-15T10:36:19.163+0000] {logging_mixin.py:188} INFO - [2024-05-15T10:36:19.163+0000] {dagbag.py:540} INFO - Filling up the DagBag from /home/airflow/.local/lib/python3.12/site-packages/airflow/example_dags/example_latest_only.py
[2024-05-15T10:36:19.167+0000] {processor.py:840} INFO - DAG(s) 'latest_only' retrieved from /home/airflow/.local/lib/python3.12/site-packages/airflow/example_dags/example_latest_only.py
[2024-05-15T10:36:19.185+0000] {logging_mixin.py:188} INFO - [2024-05-15T10:36:19.185+0000] {dag.py:3096} INFO - Sync 1 DAGs
[2024-05-15T10:36:19.204+0000] {logging_mixin.py:188} INFO - [2024-05-15T10:36:19.203+0000] {dag.py:3954} INFO - Setting next_dagrun for latest_only to 2024-05-15 04:00:00+00:00, run_after=2024-05-15 08:00:00+00:00
[2024-05-15T10:36:19.222+0000] {processor.py:183} INFO - Processing /home/airflow/.local/lib/python3.12/site-packages/airflow/example_dags/example_latest_only.py took 0.068 seconds
[2024-05-15T10:36:49.649+0000] {processor.py:161} INFO - Started process (PID=2792) to work on /home/airflow/.local/lib/python3.12/site-packages/airflow/example_dags/example_latest_only.py
[2024-05-15T10:36:49.650+0000] {processor.py:830} INFO - Processing file /home/airflow/.local/lib/python3.12/site-packages/airflow/example_dags/example_latest_only.py for tasks to queue
[2024-05-15T10:36:49.652+0000] {logging_mixin.py:188} INFO - [2024-05-15T10:36:49.652+0000] {dagbag.py:540} INFO - Filling up the DagBag from /home/airflow/.local/lib/python3.12/site-packages/airflow/example_dags/example_latest_only.py
[2024-05-15T10:36:49.657+0000] {processor.py:840} INFO - DAG(s) 'latest_only' retrieved from /home/airflow/.local/lib/python3.12/site-packages/airflow/example_dags/example_latest_only.py
[2024-05-15T10:36:49.675+0000] {logging_mixin.py:188} INFO - [2024-05-15T10:36:49.675+0000] {dag.py:3096} INFO - Sync 1 DAGs
[2024-05-15T10:36:49.701+0000] {logging_mixin.py:188} INFO - [2024-05-15T10:36:49.700+0000] {dag.py:3954} INFO - Setting next_dagrun for latest_only to 2024-05-15 04:00:00+00:00, run_after=2024-05-15 08:00:00+00:00
[2024-05-15T10:36:49.720+0000] {processor.py:183} INFO - Processing /home/airflow/.local/lib/python3.12/site-packages/airflow/example_dags/example_latest_only.py took 0.077 seconds
[2024-05-15T10:37:20.326+0000] {processor.py:161} INFO - Started process (PID=2851) to work on /home/airflow/.local/lib/python3.12/site-packages/airflow/example_dags/example_latest_only.py
[2024-05-15T10:37:20.327+0000] {processor.py:830} INFO - Processing file /home/airflow/.local/lib/python3.12/site-packages/airflow/example_dags/example_latest_only.py for tasks to queue
[2024-05-15T10:37:20.328+0000] {logging_mixin.py:188} INFO - [2024-05-15T10:37:20.328+0000] {dagbag.py:540} INFO - Filling up the DagBag from /home/airflow/.local/lib/python3.12/site-packages/airflow/example_dags/example_latest_only.py
[2024-05-15T10:37:20.332+0000] {processor.py:840} INFO - DAG(s) 'latest_only' retrieved from /home/airflow/.local/lib/python3.12/site-packages/airflow/example_dags/example_latest_only.py
[2024-05-15T10:37:20.350+0000] {logging_mixin.py:188} INFO - [2024-05-15T10:37:20.350+0000] {dag.py:3096} INFO - Sync 1 DAGs
[2024-05-15T10:37:20.369+0000] {logging_mixin.py:188} INFO - [2024-05-15T10:37:20.368+0000] {dag.py:3954} INFO - Setting next_dagrun for latest_only to 2024-05-15 04:00:00+00:00, run_after=2024-05-15 08:00:00+00:00
[2024-05-15T10:37:20.385+0000] {processor.py:183} INFO - Processing /home/airflow/.local/lib/python3.12/site-packages/airflow/example_dags/example_latest_only.py took 0.064 seconds
[2024-05-15T10:37:50.931+0000] {processor.py:161} INFO - Started process (PID=2910) to work on /home/airflow/.local/lib/python3.12/site-packages/airflow/example_dags/example_latest_only.py
[2024-05-15T10:37:50.932+0000] {processor.py:830} INFO - Processing file /home/airflow/.local/lib/python3.12/site-packages/airflow/example_dags/example_latest_only.py for tasks to queue
[2024-05-15T10:37:50.934+0000] {logging_mixin.py:188} INFO - [2024-05-15T10:37:50.933+0000] {dagbag.py:540} INFO - Filling up the DagBag from /home/airflow/.local/lib/python3.12/site-packages/airflow/example_dags/example_latest_only.py
[2024-05-15T10:37:50.938+0000] {processor.py:840} INFO - DAG(s) 'latest_only' retrieved from /home/airflow/.local/lib/python3.12/site-packages/airflow/example_dags/example_latest_only.py
[2024-05-15T10:37:50.957+0000] {logging_mixin.py:188} INFO - [2024-05-15T10:37:50.957+0000] {dag.py:3096} INFO - Sync 1 DAGs
[2024-05-15T10:37:50.978+0000] {logging_mixin.py:188} INFO - [2024-05-15T10:37:50.978+0000] {dag.py:3954} INFO - Setting next_dagrun for latest_only to 2024-05-15 04:00:00+00:00, run_after=2024-05-15 08:00:00+00:00
[2024-05-15T10:37:51.001+0000] {processor.py:183} INFO - Processing /home/airflow/.local/lib/python3.12/site-packages/airflow/example_dags/example_latest_only.py took 0.078 seconds
[2024-05-15T10:38:21.529+0000] {processor.py:161} INFO - Started process (PID=2969) to work on /home/airflow/.local/lib/python3.12/site-packages/airflow/example_dags/example_latest_only.py
[2024-05-15T10:38:21.530+0000] {processor.py:830} INFO - Processing file /home/airflow/.local/lib/python3.12/site-packages/airflow/example_dags/example_latest_only.py for tasks to queue
[2024-05-15T10:38:21.531+0000] {logging_mixin.py:188} INFO - [2024-05-15T10:38:21.531+0000] {dagbag.py:540} INFO - Filling up the DagBag from /home/airflow/.local/lib/python3.12/site-packages/airflow/example_dags/example_latest_only.py
[2024-05-15T10:38:21.535+0000] {processor.py:840} INFO - DAG(s) 'latest_only' retrieved from /home/airflow/.local/lib/python3.12/site-packages/airflow/example_dags/example_latest_only.py
[2024-05-15T10:38:21.553+0000] {logging_mixin.py:188} INFO - [2024-05-15T10:38:21.553+0000] {dag.py:3096} INFO - Sync 1 DAGs
[2024-05-15T10:38:21.574+0000] {logging_mixin.py:188} INFO - [2024-05-15T10:38:21.573+0000] {dag.py:3954} INFO - Setting next_dagrun for latest_only to 2024-05-15 04:00:00+00:00, run_after=2024-05-15 08:00:00+00:00
[2024-05-15T10:38:21.589+0000] {processor.py:183} INFO - Processing /home/airflow/.local/lib/python3.12/site-packages/airflow/example_dags/example_latest_only.py took 0.065 seconds
[2024-05-15T10:38:51.964+0000] {processor.py:161} INFO - Started process (PID=3028) to work on /home/airflow/.local/lib/python3.12/site-packages/airflow/example_dags/example_latest_only.py
[2024-05-15T10:38:51.965+0000] {processor.py:830} INFO - Processing file /home/airflow/.local/lib/python3.12/site-packages/airflow/example_dags/example_latest_only.py for tasks to queue
[2024-05-15T10:38:51.967+0000] {logging_mixin.py:188} INFO - [2024-05-15T10:38:51.966+0000] {dagbag.py:540} INFO - Filling up the DagBag from /home/airflow/.local/lib/python3.12/site-packages/airflow/example_dags/example_latest_only.py
[2024-05-15T10:38:51.970+0000] {processor.py:840} INFO - DAG(s) 'latest_only' retrieved from /home/airflow/.local/lib/python3.12/site-packages/airflow/example_dags/example_latest_only.py
[2024-05-15T10:38:51.990+0000] {logging_mixin.py:188} INFO - [2024-05-15T10:38:51.990+0000] {dag.py:3096} INFO - Sync 1 DAGs
[2024-05-15T10:38:52.014+0000] {logging_mixin.py:188} INFO - [2024-05-15T10:38:52.014+0000] {dag.py:3954} INFO - Setting next_dagrun for latest_only to 2024-05-15 04:00:00+00:00, run_after=2024-05-15 08:00:00+00:00
[2024-05-15T10:38:52.034+0000] {processor.py:183} INFO - Processing /home/airflow/.local/lib/python3.12/site-packages/airflow/example_dags/example_latest_only.py took 0.075 seconds
[2024-05-15T10:39:22.446+0000] {processor.py:161} INFO - Started process (PID=3087) to work on /home/airflow/.local/lib/python3.12/site-packages/airflow/example_dags/example_latest_only.py
[2024-05-15T10:39:22.448+0000] {processor.py:830} INFO - Processing file /home/airflow/.local/lib/python3.12/site-packages/airflow/example_dags/example_latest_only.py for tasks to queue
[2024-05-15T10:39:22.450+0000] {logging_mixin.py:188} INFO - [2024-05-15T10:39:22.449+0000] {dagbag.py:540} INFO - Filling up the DagBag from /home/airflow/.local/lib/python3.12/site-packages/airflow/example_dags/example_latest_only.py
[2024-05-15T10:39:22.454+0000] {processor.py:840} INFO - DAG(s) 'latest_only' retrieved from /home/airflow/.local/lib/python3.12/site-packages/airflow/example_dags/example_latest_only.py
[2024-05-15T10:39:22.475+0000] {logging_mixin.py:188} INFO - [2024-05-15T10:39:22.475+0000] {dag.py:3096} INFO - Sync 1 DAGs
[2024-05-15T10:39:22.497+0000] {logging_mixin.py:188} INFO - [2024-05-15T10:39:22.497+0000] {dag.py:3954} INFO - Setting next_dagrun for latest_only to 2024-05-15 04:00:00+00:00, run_after=2024-05-15 08:00:00+00:00
[2024-05-15T10:39:22.517+0000] {processor.py:183} INFO - Processing /home/airflow/.local/lib/python3.12/site-packages/airflow/example_dags/example_latest_only.py took 0.076 seconds
[2024-05-15T10:39:52.728+0000] {processor.py:161} INFO - Started process (PID=3146) to work on /home/airflow/.local/lib/python3.12/site-packages/airflow/example_dags/example_latest_only.py
[2024-05-15T10:39:52.729+0000] {processor.py:830} INFO - Processing file /home/airflow/.local/lib/python3.12/site-packages/airflow/example_dags/example_latest_only.py for tasks to queue
[2024-05-15T10:39:52.731+0000] {logging_mixin.py:188} INFO - [2024-05-15T10:39:52.731+0000] {dagbag.py:540} INFO - Filling up the DagBag from /home/airflow/.local/lib/python3.12/site-packages/airflow/example_dags/example_latest_only.py
[2024-05-15T10:39:52.735+0000] {processor.py:840} INFO - DAG(s) 'latest_only' retrieved from /home/airflow/.local/lib/python3.12/site-packages/airflow/example_dags/example_latest_only.py
[2024-05-15T10:39:52.757+0000] {logging_mixin.py:188} INFO - [2024-05-15T10:39:52.757+0000] {dag.py:3096} INFO - Sync 1 DAGs
[2024-05-15T10:39:52.783+0000] {logging_mixin.py:188} INFO - [2024-05-15T10:39:52.783+0000] {dag.py:3954} INFO - Setting next_dagrun for latest_only to 2024-05-15 04:00:00+00:00, run_after=2024-05-15 08:00:00+00:00
[2024-05-15T10:39:52.803+0000] {processor.py:183} INFO - Processing /home/airflow/.local/lib/python3.12/site-packages/airflow/example_dags/example_latest_only.py took 0.082 seconds
[2024-05-15T10:40:23.102+0000] {processor.py:161} INFO - Started process (PID=3205) to work on /home/airflow/.local/lib/python3.12/site-packages/airflow/example_dags/example_latest_only.py
[2024-05-15T10:40:23.102+0000] {processor.py:830} INFO - Processing file /home/airflow/.local/lib/python3.12/site-packages/airflow/example_dags/example_latest_only.py for tasks to queue
[2024-05-15T10:40:23.104+0000] {logging_mixin.py:188} INFO - [2024-05-15T10:40:23.104+0000] {dagbag.py:540} INFO - Filling up the DagBag from /home/airflow/.local/lib/python3.12/site-packages/airflow/example_dags/example_latest_only.py
[2024-05-15T10:40:23.108+0000] {processor.py:840} INFO - DAG(s) 'latest_only' retrieved from /home/airflow/.local/lib/python3.12/site-packages/airflow/example_dags/example_latest_only.py
[2024-05-15T10:40:23.125+0000] {logging_mixin.py:188} INFO - [2024-05-15T10:40:23.125+0000] {dag.py:3096} INFO - Sync 1 DAGs
[2024-05-15T10:40:23.146+0000] {logging_mixin.py:188} INFO - [2024-05-15T10:40:23.145+0000] {dag.py:3954} INFO - Setting next_dagrun for latest_only to 2024-05-15 04:00:00+00:00, run_after=2024-05-15 08:00:00+00:00
[2024-05-15T10:40:23.162+0000] {processor.py:183} INFO - Processing /home/airflow/.local/lib/python3.12/site-packages/airflow/example_dags/example_latest_only.py took 0.067 seconds
[2024-05-15T10:40:53.422+0000] {processor.py:161} INFO - Started process (PID=3264) to work on /home/airflow/.local/lib/python3.12/site-packages/airflow/example_dags/example_latest_only.py
[2024-05-15T10:40:53.423+0000] {processor.py:830} INFO - Processing file /home/airflow/.local/lib/python3.12/site-packages/airflow/example_dags/example_latest_only.py for tasks to queue
[2024-05-15T10:40:53.425+0000] {logging_mixin.py:188} INFO - [2024-05-15T10:40:53.425+0000] {dagbag.py:540} INFO - Filling up the DagBag from /home/airflow/.local/lib/python3.12/site-packages/airflow/example_dags/example_latest_only.py
[2024-05-15T10:40:53.431+0000] {processor.py:840} INFO - DAG(s) 'latest_only' retrieved from /home/airflow/.local/lib/python3.12/site-packages/airflow/example_dags/example_latest_only.py
[2024-05-15T10:40:53.454+0000] {logging_mixin.py:188} INFO - [2024-05-15T10:40:53.454+0000] {dag.py:3096} INFO - Sync 1 DAGs
[2024-05-15T10:40:53.478+0000] {logging_mixin.py:188} INFO - [2024-05-15T10:40:53.478+0000] {dag.py:3954} INFO - Setting next_dagrun for latest_only to 2024-05-15 04:00:00+00:00, run_after=2024-05-15 08:00:00+00:00
[2024-05-15T10:40:53.498+0000] {processor.py:183} INFO - Processing /home/airflow/.local/lib/python3.12/site-packages/airflow/example_dags/example_latest_only.py took 0.083 seconds
[2024-05-15T10:41:23.952+0000] {processor.py:161} INFO - Started process (PID=3323) to work on /home/airflow/.local/lib/python3.12/site-packages/airflow/example_dags/example_latest_only.py
[2024-05-15T10:41:23.952+0000] {processor.py:830} INFO - Processing file /home/airflow/.local/lib/python3.12/site-packages/airflow/example_dags/example_latest_only.py for tasks to queue
[2024-05-15T10:41:23.954+0000] {logging_mixin.py:188} INFO - [2024-05-15T10:41:23.953+0000] {dagbag.py:540} INFO - Filling up the DagBag from /home/airflow/.local/lib/python3.12/site-packages/airflow/example_dags/example_latest_only.py
[2024-05-15T10:41:23.958+0000] {processor.py:840} INFO - DAG(s) 'latest_only' retrieved from /home/airflow/.local/lib/python3.12/site-packages/airflow/example_dags/example_latest_only.py
[2024-05-15T10:41:23.977+0000] {logging_mixin.py:188} INFO - [2024-05-15T10:41:23.976+0000] {dag.py:3096} INFO - Sync 1 DAGs
[2024-05-15T10:41:23.997+0000] {logging_mixin.py:188} INFO - [2024-05-15T10:41:23.997+0000] {dag.py:3954} INFO - Setting next_dagrun for latest_only to 2024-05-15 04:00:00+00:00, run_after=2024-05-15 08:00:00+00:00
[2024-05-15T10:41:24.018+0000] {processor.py:183} INFO - Processing /home/airflow/.local/lib/python3.12/site-packages/airflow/example_dags/example_latest_only.py took 0.073 seconds
[2024-05-15T10:41:54.486+0000] {processor.py:161} INFO - Started process (PID=3382) to work on /home/airflow/.local/lib/python3.12/site-packages/airflow/example_dags/example_latest_only.py
[2024-05-15T10:41:54.487+0000] {processor.py:830} INFO - Processing file /home/airflow/.local/lib/python3.12/site-packages/airflow/example_dags/example_latest_only.py for tasks to queue
[2024-05-15T10:41:54.489+0000] {logging_mixin.py:188} INFO - [2024-05-15T10:41:54.488+0000] {dagbag.py:540} INFO - Filling up the DagBag from /home/airflow/.local/lib/python3.12/site-packages/airflow/example_dags/example_latest_only.py
[2024-05-15T10:41:54.493+0000] {processor.py:840} INFO - DAG(s) 'latest_only' retrieved from /home/airflow/.local/lib/python3.12/site-packages/airflow/example_dags/example_latest_only.py
[2024-05-15T10:41:54.511+0000] {logging_mixin.py:188} INFO - [2024-05-15T10:41:54.511+0000] {dag.py:3096} INFO - Sync 1 DAGs
[2024-05-15T10:41:54.530+0000] {logging_mixin.py:188} INFO - [2024-05-15T10:41:54.530+0000] {dag.py:3954} INFO - Setting next_dagrun for latest_only to 2024-05-15 04:00:00+00:00, run_after=2024-05-15 08:00:00+00:00
[2024-05-15T10:41:54.546+0000] {processor.py:183} INFO - Processing /home/airflow/.local/lib/python3.12/site-packages/airflow/example_dags/example_latest_only.py took 0.065 seconds
[2024-05-15T10:42:24.930+0000] {processor.py:161} INFO - Started process (PID=3441) to work on /home/airflow/.local/lib/python3.12/site-packages/airflow/example_dags/example_latest_only.py
[2024-05-15T10:42:24.932+0000] {processor.py:830} INFO - Processing file /home/airflow/.local/lib/python3.12/site-packages/airflow/example_dags/example_latest_only.py for tasks to queue
[2024-05-15T10:42:24.933+0000] {logging_mixin.py:188} INFO - [2024-05-15T10:42:24.933+0000] {dagbag.py:540} INFO - Filling up the DagBag from /home/airflow/.local/lib/python3.12/site-packages/airflow/example_dags/example_latest_only.py
[2024-05-15T10:42:24.938+0000] {processor.py:840} INFO - DAG(s) 'latest_only' retrieved from /home/airflow/.local/lib/python3.12/site-packages/airflow/example_dags/example_latest_only.py
[2024-05-15T10:42:24.963+0000] {logging_mixin.py:188} INFO - [2024-05-15T10:42:24.962+0000] {dag.py:3096} INFO - Sync 1 DAGs
[2024-05-15T10:42:24.984+0000] {logging_mixin.py:188} INFO - [2024-05-15T10:42:24.984+0000] {dag.py:3954} INFO - Setting next_dagrun for latest_only to 2024-05-15 04:00:00+00:00, run_after=2024-05-15 08:00:00+00:00
[2024-05-15T10:42:25.001+0000] {processor.py:183} INFO - Processing /home/airflow/.local/lib/python3.12/site-packages/airflow/example_dags/example_latest_only.py took 0.076 seconds
[2024-05-15T10:42:55.394+0000] {processor.py:161} INFO - Started process (PID=3501) to work on /home/airflow/.local/lib/python3.12/site-packages/airflow/example_dags/example_latest_only.py
[2024-05-15T10:42:55.395+0000] {processor.py:830} INFO - Processing file /home/airflow/.local/lib/python3.12/site-packages/airflow/example_dags/example_latest_only.py for tasks to queue
[2024-05-15T10:42:55.397+0000] {logging_mixin.py:188} INFO - [2024-05-15T10:42:55.397+0000] {dagbag.py:540} INFO - Filling up the DagBag from /home/airflow/.local/lib/python3.12/site-packages/airflow/example_dags/example_latest_only.py
[2024-05-15T10:42:55.401+0000] {processor.py:840} INFO - DAG(s) 'latest_only' retrieved from /home/airflow/.local/lib/python3.12/site-packages/airflow/example_dags/example_latest_only.py
[2024-05-15T10:42:55.419+0000] {logging_mixin.py:188} INFO - [2024-05-15T10:42:55.418+0000] {dag.py:3096} INFO - Sync 1 DAGs
[2024-05-15T10:42:55.439+0000] {logging_mixin.py:188} INFO - [2024-05-15T10:42:55.439+0000] {dag.py:3954} INFO - Setting next_dagrun for latest_only to 2024-05-15 04:00:00+00:00, run_after=2024-05-15 08:00:00+00:00
[2024-05-15T10:42:55.456+0000] {processor.py:183} INFO - Processing /home/airflow/.local/lib/python3.12/site-packages/airflow/example_dags/example_latest_only.py took 0.067 seconds
[2024-05-15T10:43:25.843+0000] {processor.py:161} INFO - Started process (PID=3560) to work on /home/airflow/.local/lib/python3.12/site-packages/airflow/example_dags/example_latest_only.py
[2024-05-15T10:43:25.845+0000] {processor.py:830} INFO - Processing file /home/airflow/.local/lib/python3.12/site-packages/airflow/example_dags/example_latest_only.py for tasks to queue
[2024-05-15T10:43:25.846+0000] {logging_mixin.py:188} INFO - [2024-05-15T10:43:25.846+0000] {dagbag.py:540} INFO - Filling up the DagBag from /home/airflow/.local/lib/python3.12/site-packages/airflow/example_dags/example_latest_only.py
[2024-05-15T10:43:25.850+0000] {processor.py:840} INFO - DAG(s) 'latest_only' retrieved from /home/airflow/.local/lib/python3.12/site-packages/airflow/example_dags/example_latest_only.py
[2024-05-15T10:43:25.867+0000] {logging_mixin.py:188} INFO - [2024-05-15T10:43:25.867+0000] {dag.py:3096} INFO - Sync 1 DAGs
[2024-05-15T10:43:25.889+0000] {logging_mixin.py:188} INFO - [2024-05-15T10:43:25.889+0000] {dag.py:3954} INFO - Setting next_dagrun for latest_only to 2024-05-15 04:00:00+00:00, run_after=2024-05-15 08:00:00+00:00
[2024-05-15T10:43:25.907+0000] {processor.py:183} INFO - Processing /home/airflow/.local/lib/python3.12/site-packages/airflow/example_dags/example_latest_only.py took 0.068 seconds
[2024-05-15T10:43:56.383+0000] {processor.py:161} INFO - Started process (PID=3619) to work on /home/airflow/.local/lib/python3.12/site-packages/airflow/example_dags/example_latest_only.py
[2024-05-15T10:43:56.385+0000] {processor.py:830} INFO - Processing file /home/airflow/.local/lib/python3.12/site-packages/airflow/example_dags/example_latest_only.py for tasks to queue
[2024-05-15T10:43:56.386+0000] {logging_mixin.py:188} INFO - [2024-05-15T10:43:56.386+0000] {dagbag.py:540} INFO - Filling up the DagBag from /home/airflow/.local/lib/python3.12/site-packages/airflow/example_dags/example_latest_only.py
[2024-05-15T10:43:56.390+0000] {processor.py:840} INFO - DAG(s) 'latest_only' retrieved from /home/airflow/.local/lib/python3.12/site-packages/airflow/example_dags/example_latest_only.py
[2024-05-15T10:43:56.410+0000] {logging_mixin.py:188} INFO - [2024-05-15T10:43:56.410+0000] {dag.py:3096} INFO - Sync 1 DAGs
[2024-05-15T10:43:56.430+0000] {logging_mixin.py:188} INFO - [2024-05-15T10:43:56.429+0000] {dag.py:3954} INFO - Setting next_dagrun for latest_only to 2024-05-15 04:00:00+00:00, run_after=2024-05-15 08:00:00+00:00
[2024-05-15T10:43:56.447+0000] {processor.py:183} INFO - Processing /home/airflow/.local/lib/python3.12/site-packages/airflow/example_dags/example_latest_only.py took 0.072 seconds
[2024-05-15T10:44:26.966+0000] {processor.py:161} INFO - Started process (PID=3678) to work on /home/airflow/.local/lib/python3.12/site-packages/airflow/example_dags/example_latest_only.py
[2024-05-15T10:44:26.967+0000] {processor.py:830} INFO - Processing file /home/airflow/.local/lib/python3.12/site-packages/airflow/example_dags/example_latest_only.py for tasks to queue
[2024-05-15T10:44:26.969+0000] {logging_mixin.py:188} INFO - [2024-05-15T10:44:26.969+0000] {dagbag.py:540} INFO - Filling up the DagBag from /home/airflow/.local/lib/python3.12/site-packages/airflow/example_dags/example_latest_only.py
[2024-05-15T10:44:26.973+0000] {processor.py:840} INFO - DAG(s) 'latest_only' retrieved from /home/airflow/.local/lib/python3.12/site-packages/airflow/example_dags/example_latest_only.py
[2024-05-15T10:44:26.993+0000] {logging_mixin.py:188} INFO - [2024-05-15T10:44:26.993+0000] {dag.py:3096} INFO - Sync 1 DAGs
[2024-05-15T10:44:27.018+0000] {logging_mixin.py:188} INFO - [2024-05-15T10:44:27.017+0000] {dag.py:3954} INFO - Setting next_dagrun for latest_only to 2024-05-15 04:00:00+00:00, run_after=2024-05-15 08:00:00+00:00
[2024-05-15T10:44:27.044+0000] {processor.py:183} INFO - Processing /home/airflow/.local/lib/python3.12/site-packages/airflow/example_dags/example_latest_only.py took 0.083 seconds
[2024-05-15T10:44:57.540+0000] {processor.py:161} INFO - Started process (PID=3737) to work on /home/airflow/.local/lib/python3.12/site-packages/airflow/example_dags/example_latest_only.py
[2024-05-15T10:44:57.541+0000] {processor.py:830} INFO - Processing file /home/airflow/.local/lib/python3.12/site-packages/airflow/example_dags/example_latest_only.py for tasks to queue
[2024-05-15T10:44:57.543+0000] {logging_mixin.py:188} INFO - [2024-05-15T10:44:57.542+0000] {dagbag.py:540} INFO - Filling up the DagBag from /home/airflow/.local/lib/python3.12/site-packages/airflow/example_dags/example_latest_only.py
[2024-05-15T10:44:57.548+0000] {processor.py:840} INFO - DAG(s) 'latest_only' retrieved from /home/airflow/.local/lib/python3.12/site-packages/airflow/example_dags/example_latest_only.py
[2024-05-15T10:44:57.570+0000] {logging_mixin.py:188} INFO - [2024-05-15T10:44:57.569+0000] {dag.py:3096} INFO - Sync 1 DAGs
[2024-05-15T10:44:57.591+0000] {logging_mixin.py:188} INFO - [2024-05-15T10:44:57.591+0000] {dag.py:3954} INFO - Setting next_dagrun for latest_only to 2024-05-15 04:00:00+00:00, run_after=2024-05-15 08:00:00+00:00
[2024-05-15T10:44:57.610+0000] {processor.py:183} INFO - Processing /home/airflow/.local/lib/python3.12/site-packages/airflow/example_dags/example_latest_only.py took 0.078 seconds
[2024-05-15T10:45:28.037+0000] {processor.py:161} INFO - Started process (PID=3796) to work on /home/airflow/.local/lib/python3.12/site-packages/airflow/example_dags/example_latest_only.py
[2024-05-15T10:45:28.038+0000] {processor.py:830} INFO - Processing file /home/airflow/.local/lib/python3.12/site-packages/airflow/example_dags/example_latest_only.py for tasks to queue
[2024-05-15T10:45:28.040+0000] {logging_mixin.py:188} INFO - [2024-05-15T10:45:28.040+0000] {dagbag.py:540} INFO - Filling up the DagBag from /home/airflow/.local/lib/python3.12/site-packages/airflow/example_dags/example_latest_only.py
[2024-05-15T10:45:28.045+0000] {processor.py:840} INFO - DAG(s) 'latest_only' retrieved from /home/airflow/.local/lib/python3.12/site-packages/airflow/example_dags/example_latest_only.py
[2024-05-15T10:45:28.066+0000] {logging_mixin.py:188} INFO - [2024-05-15T10:45:28.065+0000] {dag.py:3096} INFO - Sync 1 DAGs
[2024-05-15T10:45:28.089+0000] {logging_mixin.py:188} INFO - [2024-05-15T10:45:28.088+0000] {dag.py:3954} INFO - Setting next_dagrun for latest_only to 2024-05-15 04:00:00+00:00, run_after=2024-05-15 08:00:00+00:00
[2024-05-15T10:45:28.108+0000] {processor.py:183} INFO - Processing /home/airflow/.local/lib/python3.12/site-packages/airflow/example_dags/example_latest_only.py took 0.078 seconds
[2024-05-15T10:45:58.553+0000] {processor.py:161} INFO - Started process (PID=3855) to work on /home/airflow/.local/lib/python3.12/site-packages/airflow/example_dags/example_latest_only.py
[2024-05-15T10:45:58.554+0000] {processor.py:830} INFO - Processing file /home/airflow/.local/lib/python3.12/site-packages/airflow/example_dags/example_latest_only.py for tasks to queue
[2024-05-15T10:45:58.555+0000] {logging_mixin.py:188} INFO - [2024-05-15T10:45:58.555+0000] {dagbag.py:540} INFO - Filling up the DagBag from /home/airflow/.local/lib/python3.12/site-packages/airflow/example_dags/example_latest_only.py
[2024-05-15T10:45:58.559+0000] {processor.py:840} INFO - DAG(s) 'latest_only' retrieved from /home/airflow/.local/lib/python3.12/site-packages/airflow/example_dags/example_latest_only.py
[2024-05-15T10:45:58.578+0000] {logging_mixin.py:188} INFO - [2024-05-15T10:45:58.577+0000] {dag.py:3096} INFO - Sync 1 DAGs
[2024-05-15T10:45:58.603+0000] {logging_mixin.py:188} INFO - [2024-05-15T10:45:58.603+0000] {dag.py:3954} INFO - Setting next_dagrun for latest_only to 2024-05-15 04:00:00+00:00, run_after=2024-05-15 08:00:00+00:00
[2024-05-15T10:45:58.619+0000] {processor.py:183} INFO - Processing /home/airflow/.local/lib/python3.12/site-packages/airflow/example_dags/example_latest_only.py took 0.073 seconds
[2024-05-15T10:46:29.083+0000] {processor.py:161} INFO - Started process (PID=3914) to work on /home/airflow/.local/lib/python3.12/site-packages/airflow/example_dags/example_latest_only.py
[2024-05-15T10:46:29.084+0000] {processor.py:830} INFO - Processing file /home/airflow/.local/lib/python3.12/site-packages/airflow/example_dags/example_latest_only.py for tasks to queue
[2024-05-15T10:46:29.086+0000] {logging_mixin.py:188} INFO - [2024-05-15T10:46:29.085+0000] {dagbag.py:540} INFO - Filling up the DagBag from /home/airflow/.local/lib/python3.12/site-packages/airflow/example_dags/example_latest_only.py
[2024-05-15T10:46:29.090+0000] {processor.py:840} INFO - DAG(s) 'latest_only' retrieved from /home/airflow/.local/lib/python3.12/site-packages/airflow/example_dags/example_latest_only.py
[2024-05-15T10:46:29.110+0000] {logging_mixin.py:188} INFO - [2024-05-15T10:46:29.109+0000] {dag.py:3096} INFO - Sync 1 DAGs
[2024-05-15T10:46:29.131+0000] {logging_mixin.py:188} INFO - [2024-05-15T10:46:29.131+0000] {dag.py:3954} INFO - Setting next_dagrun for latest_only to 2024-05-15 04:00:00+00:00, run_after=2024-05-15 08:00:00+00:00
[2024-05-15T10:46:29.147+0000] {processor.py:183} INFO - Processing /home/airflow/.local/lib/python3.12/site-packages/airflow/example_dags/example_latest_only.py took 0.070 seconds
[2024-05-15T10:46:59.439+0000] {processor.py:161} INFO - Started process (PID=3973) to work on /home/airflow/.local/lib/python3.12/site-packages/airflow/example_dags/example_latest_only.py
[2024-05-15T10:46:59.440+0000] {processor.py:830} INFO - Processing file /home/airflow/.local/lib/python3.12/site-packages/airflow/example_dags/example_latest_only.py for tasks to queue
[2024-05-15T10:46:59.442+0000] {logging_mixin.py:188} INFO - [2024-05-15T10:46:59.442+0000] {dagbag.py:540} INFO - Filling up the DagBag from /home/airflow/.local/lib/python3.12/site-packages/airflow/example_dags/example_latest_only.py
[2024-05-15T10:46:59.448+0000] {processor.py:840} INFO - DAG(s) 'latest_only' retrieved from /home/airflow/.local/lib/python3.12/site-packages/airflow/example_dags/example_latest_only.py
[2024-05-15T10:46:59.468+0000] {logging_mixin.py:188} INFO - [2024-05-15T10:46:59.468+0000] {dag.py:3096} INFO - Sync 1 DAGs
[2024-05-15T10:46:59.491+0000] {logging_mixin.py:188} INFO - [2024-05-15T10:46:59.490+0000] {dag.py:3954} INFO - Setting next_dagrun for latest_only to 2024-05-15 04:00:00+00:00, run_after=2024-05-15 08:00:00+00:00
[2024-05-15T10:46:59.507+0000] {processor.py:183} INFO - Processing /home/airflow/.local/lib/python3.12/site-packages/airflow/example_dags/example_latest_only.py took 0.075 seconds
[2024-05-15T10:47:29.712+0000] {processor.py:161} INFO - Started process (PID=4032) to work on /home/airflow/.local/lib/python3.12/site-packages/airflow/example_dags/example_latest_only.py
[2024-05-15T10:47:29.713+0000] {processor.py:830} INFO - Processing file /home/airflow/.local/lib/python3.12/site-packages/airflow/example_dags/example_latest_only.py for tasks to queue
[2024-05-15T10:47:29.714+0000] {logging_mixin.py:188} INFO - [2024-05-15T10:47:29.714+0000] {dagbag.py:540} INFO - Filling up the DagBag from /home/airflow/.local/lib/python3.12/site-packages/airflow/example_dags/example_latest_only.py
[2024-05-15T10:47:29.718+0000] {processor.py:840} INFO - DAG(s) 'latest_only' retrieved from /home/airflow/.local/lib/python3.12/site-packages/airflow/example_dags/example_latest_only.py
[2024-05-15T10:47:29.737+0000] {logging_mixin.py:188} INFO - [2024-05-15T10:47:29.737+0000] {dag.py:3096} INFO - Sync 1 DAGs
[2024-05-15T10:47:29.759+0000] {logging_mixin.py:188} INFO - [2024-05-15T10:47:29.759+0000] {dag.py:3954} INFO - Setting next_dagrun for latest_only to 2024-05-15 04:00:00+00:00, run_after=2024-05-15 08:00:00+00:00
[2024-05-15T10:47:29.774+0000] {processor.py:183} INFO - Processing /home/airflow/.local/lib/python3.12/site-packages/airflow/example_dags/example_latest_only.py took 0.067 seconds
[2024-05-15T10:48:00.219+0000] {processor.py:161} INFO - Started process (PID=4091) to work on /home/airflow/.local/lib/python3.12/site-packages/airflow/example_dags/example_latest_only.py
[2024-05-15T10:48:00.220+0000] {processor.py:830} INFO - Processing file /home/airflow/.local/lib/python3.12/site-packages/airflow/example_dags/example_latest_only.py for tasks to queue
[2024-05-15T10:48:00.222+0000] {logging_mixin.py:188} INFO - [2024-05-15T10:48:00.222+0000] {dagbag.py:540} INFO - Filling up the DagBag from /home/airflow/.local/lib/python3.12/site-packages/airflow/example_dags/example_latest_only.py
[2024-05-15T10:48:00.227+0000] {processor.py:840} INFO - DAG(s) 'latest_only' retrieved from /home/airflow/.local/lib/python3.12/site-packages/airflow/example_dags/example_latest_only.py
[2024-05-15T10:48:00.247+0000] {logging_mixin.py:188} INFO - [2024-05-15T10:48:00.247+0000] {dag.py:3096} INFO - Sync 1 DAGs
[2024-05-15T10:48:00.268+0000] {logging_mixin.py:188} INFO - [2024-05-15T10:48:00.267+0000] {dag.py:3954} INFO - Setting next_dagrun for latest_only to 2024-05-15 04:00:00+00:00, run_after=2024-05-15 08:00:00+00:00
[2024-05-15T10:48:00.285+0000] {processor.py:183} INFO - Processing /home/airflow/.local/lib/python3.12/site-packages/airflow/example_dags/example_latest_only.py took 0.073 seconds
