[2024-05-15T10:12:36.497+0000] {processor.py:161} INFO - Started process (PID=88) to work on /home/airflow/.local/lib/python3.12/site-packages/airflow/example_dags/example_task_group_decorator.py
[2024-05-15T10:12:36.498+0000] {processor.py:830} INFO - Processing file /home/airflow/.local/lib/python3.12/site-packages/airflow/example_dags/example_task_group_decorator.py for tasks to queue
[2024-05-15T10:12:36.501+0000] {logging_mixin.py:188} INFO - [2024-05-15T10:12:36.501+0000] {dagbag.py:540} INFO - Filling up the DagBag from /home/airflow/.local/lib/python3.12/site-packages/airflow/example_dags/example_task_group_decorator.py
[2024-05-15T10:12:36.524+0000] {processor.py:840} INFO - DAG(s) 'example_task_group_decorator' retrieved from /home/airflow/.local/lib/python3.12/site-packages/airflow/example_dags/example_task_group_decorator.py
[2024-05-15T10:12:36.562+0000] {logging_mixin.py:188} INFO - [2024-05-15T10:12:36.561+0000] {dag.py:3096} INFO - Sync 1 DAGs
[2024-05-15T10:12:36.589+0000] {logging_mixin.py:188} INFO - [2024-05-15T10:12:36.589+0000] {dag.py:3954} INFO - Setting next_dagrun for example_task_group_decorator to 2024-05-14 00:00:00+00:00, run_after=2024-05-15 00:00:00+00:00
[2024-05-15T10:12:36.615+0000] {processor.py:183} INFO - Processing /home/airflow/.local/lib/python3.12/site-packages/airflow/example_dags/example_task_group_decorator.py took 0.127 seconds
[2024-05-15T10:13:07.109+0000] {processor.py:161} INFO - Started process (PID=147) to work on /home/airflow/.local/lib/python3.12/site-packages/airflow/example_dags/example_task_group_decorator.py
[2024-05-15T10:13:07.111+0000] {processor.py:830} INFO - Processing file /home/airflow/.local/lib/python3.12/site-packages/airflow/example_dags/example_task_group_decorator.py for tasks to queue
[2024-05-15T10:13:07.112+0000] {logging_mixin.py:188} INFO - [2024-05-15T10:13:07.112+0000] {dagbag.py:540} INFO - Filling up the DagBag from /home/airflow/.local/lib/python3.12/site-packages/airflow/example_dags/example_task_group_decorator.py
[2024-05-15T10:13:07.124+0000] {processor.py:840} INFO - DAG(s) 'example_task_group_decorator' retrieved from /home/airflow/.local/lib/python3.12/site-packages/airflow/example_dags/example_task_group_decorator.py
[2024-05-15T10:13:07.150+0000] {logging_mixin.py:188} INFO - [2024-05-15T10:13:07.149+0000] {dag.py:3096} INFO - Sync 1 DAGs
[2024-05-15T10:13:07.171+0000] {logging_mixin.py:188} INFO - [2024-05-15T10:13:07.171+0000] {dag.py:3954} INFO - Setting next_dagrun for example_task_group_decorator to 2024-05-14 00:00:00+00:00, run_after=2024-05-15 00:00:00+00:00
[2024-05-15T10:13:07.190+0000] {processor.py:183} INFO - Processing /home/airflow/.local/lib/python3.12/site-packages/airflow/example_dags/example_task_group_decorator.py took 0.085 seconds
[2024-05-15T10:13:37.369+0000] {processor.py:161} INFO - Started process (PID=206) to work on /home/airflow/.local/lib/python3.12/site-packages/airflow/example_dags/example_task_group_decorator.py
[2024-05-15T10:13:37.371+0000] {processor.py:830} INFO - Processing file /home/airflow/.local/lib/python3.12/site-packages/airflow/example_dags/example_task_group_decorator.py for tasks to queue
[2024-05-15T10:13:37.373+0000] {logging_mixin.py:188} INFO - [2024-05-15T10:13:37.372+0000] {dagbag.py:540} INFO - Filling up the DagBag from /home/airflow/.local/lib/python3.12/site-packages/airflow/example_dags/example_task_group_decorator.py
[2024-05-15T10:13:37.385+0000] {processor.py:840} INFO - DAG(s) 'example_task_group_decorator' retrieved from /home/airflow/.local/lib/python3.12/site-packages/airflow/example_dags/example_task_group_decorator.py
[2024-05-15T10:13:37.408+0000] {logging_mixin.py:188} INFO - [2024-05-15T10:13:37.408+0000] {dag.py:3096} INFO - Sync 1 DAGs
[2024-05-15T10:13:37.435+0000] {logging_mixin.py:188} INFO - [2024-05-15T10:13:37.435+0000] {dag.py:3954} INFO - Setting next_dagrun for example_task_group_decorator to 2024-05-14 00:00:00+00:00, run_after=2024-05-15 00:00:00+00:00
[2024-05-15T10:13:37.455+0000] {processor.py:183} INFO - Processing /home/airflow/.local/lib/python3.12/site-packages/airflow/example_dags/example_task_group_decorator.py took 0.090 seconds
[2024-05-15T10:14:07.596+0000] {processor.py:161} INFO - Started process (PID=265) to work on /home/airflow/.local/lib/python3.12/site-packages/airflow/example_dags/example_task_group_decorator.py
[2024-05-15T10:14:07.597+0000] {processor.py:830} INFO - Processing file /home/airflow/.local/lib/python3.12/site-packages/airflow/example_dags/example_task_group_decorator.py for tasks to queue
[2024-05-15T10:14:07.599+0000] {logging_mixin.py:188} INFO - [2024-05-15T10:14:07.599+0000] {dagbag.py:540} INFO - Filling up the DagBag from /home/airflow/.local/lib/python3.12/site-packages/airflow/example_dags/example_task_group_decorator.py
[2024-05-15T10:14:07.617+0000] {processor.py:840} INFO - DAG(s) 'example_task_group_decorator' retrieved from /home/airflow/.local/lib/python3.12/site-packages/airflow/example_dags/example_task_group_decorator.py
[2024-05-15T10:14:07.641+0000] {logging_mixin.py:188} INFO - [2024-05-15T10:14:07.641+0000] {dag.py:3096} INFO - Sync 1 DAGs
[2024-05-15T10:14:07.661+0000] {logging_mixin.py:188} INFO - [2024-05-15T10:14:07.661+0000] {dag.py:3954} INFO - Setting next_dagrun for example_task_group_decorator to 2024-05-14 00:00:00+00:00, run_after=2024-05-15 00:00:00+00:00
[2024-05-15T10:14:07.683+0000] {processor.py:183} INFO - Processing /home/airflow/.local/lib/python3.12/site-packages/airflow/example_dags/example_task_group_decorator.py took 0.092 seconds
[2024-05-15T10:14:37.801+0000] {processor.py:161} INFO - Started process (PID=325) to work on /home/airflow/.local/lib/python3.12/site-packages/airflow/example_dags/example_task_group_decorator.py
[2024-05-15T10:14:37.802+0000] {processor.py:830} INFO - Processing file /home/airflow/.local/lib/python3.12/site-packages/airflow/example_dags/example_task_group_decorator.py for tasks to queue
[2024-05-15T10:14:37.803+0000] {logging_mixin.py:188} INFO - [2024-05-15T10:14:37.803+0000] {dagbag.py:540} INFO - Filling up the DagBag from /home/airflow/.local/lib/python3.12/site-packages/airflow/example_dags/example_task_group_decorator.py
[2024-05-15T10:14:37.818+0000] {processor.py:840} INFO - DAG(s) 'example_task_group_decorator' retrieved from /home/airflow/.local/lib/python3.12/site-packages/airflow/example_dags/example_task_group_decorator.py
[2024-05-15T10:14:37.852+0000] {logging_mixin.py:188} INFO - [2024-05-15T10:14:37.851+0000] {dag.py:3096} INFO - Sync 1 DAGs
[2024-05-15T10:14:37.874+0000] {logging_mixin.py:188} INFO - [2024-05-15T10:14:37.873+0000] {dag.py:3954} INFO - Setting next_dagrun for example_task_group_decorator to 2024-05-14 00:00:00+00:00, run_after=2024-05-15 00:00:00+00:00
[2024-05-15T10:14:37.902+0000] {processor.py:183} INFO - Processing /home/airflow/.local/lib/python3.12/site-packages/airflow/example_dags/example_task_group_decorator.py took 0.106 seconds
[2024-05-15T10:15:08.876+0000] {processor.py:161} INFO - Started process (PID=384) to work on /home/airflow/.local/lib/python3.12/site-packages/airflow/example_dags/example_task_group_decorator.py
[2024-05-15T10:15:08.877+0000] {processor.py:830} INFO - Processing file /home/airflow/.local/lib/python3.12/site-packages/airflow/example_dags/example_task_group_decorator.py for tasks to queue
[2024-05-15T10:15:08.879+0000] {logging_mixin.py:188} INFO - [2024-05-15T10:15:08.878+0000] {dagbag.py:540} INFO - Filling up the DagBag from /home/airflow/.local/lib/python3.12/site-packages/airflow/example_dags/example_task_group_decorator.py
[2024-05-15T10:15:08.889+0000] {processor.py:840} INFO - DAG(s) 'example_task_group_decorator' retrieved from /home/airflow/.local/lib/python3.12/site-packages/airflow/example_dags/example_task_group_decorator.py
[2024-05-15T10:15:08.911+0000] {logging_mixin.py:188} INFO - [2024-05-15T10:15:08.910+0000] {dag.py:3096} INFO - Sync 1 DAGs
[2024-05-15T10:15:08.928+0000] {logging_mixin.py:188} INFO - [2024-05-15T10:15:08.927+0000] {dag.py:3954} INFO - Setting next_dagrun for example_task_group_decorator to 2024-05-14 00:00:00+00:00, run_after=2024-05-15 00:00:00+00:00
[2024-05-15T10:15:08.946+0000] {processor.py:183} INFO - Processing /home/airflow/.local/lib/python3.12/site-packages/airflow/example_dags/example_task_group_decorator.py took 0.075 seconds
[2024-05-15T10:15:39.395+0000] {processor.py:161} INFO - Started process (PID=443) to work on /home/airflow/.local/lib/python3.12/site-packages/airflow/example_dags/example_task_group_decorator.py
[2024-05-15T10:15:39.396+0000] {processor.py:830} INFO - Processing file /home/airflow/.local/lib/python3.12/site-packages/airflow/example_dags/example_task_group_decorator.py for tasks to queue
[2024-05-15T10:15:39.397+0000] {logging_mixin.py:188} INFO - [2024-05-15T10:15:39.397+0000] {dagbag.py:540} INFO - Filling up the DagBag from /home/airflow/.local/lib/python3.12/site-packages/airflow/example_dags/example_task_group_decorator.py
[2024-05-15T10:15:39.407+0000] {processor.py:840} INFO - DAG(s) 'example_task_group_decorator' retrieved from /home/airflow/.local/lib/python3.12/site-packages/airflow/example_dags/example_task_group_decorator.py
[2024-05-15T10:15:39.429+0000] {logging_mixin.py:188} INFO - [2024-05-15T10:15:39.429+0000] {dag.py:3096} INFO - Sync 1 DAGs
[2024-05-15T10:15:39.446+0000] {logging_mixin.py:188} INFO - [2024-05-15T10:15:39.445+0000] {dag.py:3954} INFO - Setting next_dagrun for example_task_group_decorator to 2024-05-14 00:00:00+00:00, run_after=2024-05-15 00:00:00+00:00
[2024-05-15T10:15:39.464+0000] {processor.py:183} INFO - Processing /home/airflow/.local/lib/python3.12/site-packages/airflow/example_dags/example_task_group_decorator.py took 0.074 seconds
[2024-05-15T10:16:10.404+0000] {processor.py:161} INFO - Started process (PID=502) to work on /home/airflow/.local/lib/python3.12/site-packages/airflow/example_dags/example_task_group_decorator.py
[2024-05-15T10:16:10.405+0000] {processor.py:830} INFO - Processing file /home/airflow/.local/lib/python3.12/site-packages/airflow/example_dags/example_task_group_decorator.py for tasks to queue
[2024-05-15T10:16:10.409+0000] {logging_mixin.py:188} INFO - [2024-05-15T10:16:10.408+0000] {dagbag.py:540} INFO - Filling up the DagBag from /home/airflow/.local/lib/python3.12/site-packages/airflow/example_dags/example_task_group_decorator.py
[2024-05-15T10:16:10.427+0000] {processor.py:840} INFO - DAG(s) 'example_task_group_decorator' retrieved from /home/airflow/.local/lib/python3.12/site-packages/airflow/example_dags/example_task_group_decorator.py
[2024-05-15T10:16:10.462+0000] {logging_mixin.py:188} INFO - [2024-05-15T10:16:10.462+0000] {dag.py:3096} INFO - Sync 1 DAGs
[2024-05-15T10:16:10.490+0000] {logging_mixin.py:188} INFO - [2024-05-15T10:16:10.490+0000] {dag.py:3954} INFO - Setting next_dagrun for example_task_group_decorator to 2024-05-14 00:00:00+00:00, run_after=2024-05-15 00:00:00+00:00
[2024-05-15T10:16:10.518+0000] {processor.py:183} INFO - Processing /home/airflow/.local/lib/python3.12/site-packages/airflow/example_dags/example_task_group_decorator.py took 0.123 seconds
[2024-05-15T10:16:40.540+0000] {processor.py:161} INFO - Started process (PID=560) to work on /home/airflow/.local/lib/python3.12/site-packages/airflow/example_dags/example_task_group_decorator.py
[2024-05-15T10:16:40.541+0000] {processor.py:830} INFO - Processing file /home/airflow/.local/lib/python3.12/site-packages/airflow/example_dags/example_task_group_decorator.py for tasks to queue
[2024-05-15T10:16:40.543+0000] {logging_mixin.py:188} INFO - [2024-05-15T10:16:40.542+0000] {dagbag.py:540} INFO - Filling up the DagBag from /home/airflow/.local/lib/python3.12/site-packages/airflow/example_dags/example_task_group_decorator.py
[2024-05-15T10:16:40.560+0000] {processor.py:840} INFO - DAG(s) 'example_task_group_decorator' retrieved from /home/airflow/.local/lib/python3.12/site-packages/airflow/example_dags/example_task_group_decorator.py
[2024-05-15T10:16:40.587+0000] {logging_mixin.py:188} INFO - [2024-05-15T10:16:40.587+0000] {dag.py:3096} INFO - Sync 1 DAGs
[2024-05-15T10:16:40.616+0000] {logging_mixin.py:188} INFO - [2024-05-15T10:16:40.616+0000] {dag.py:3954} INFO - Setting next_dagrun for example_task_group_decorator to 2024-05-14 00:00:00+00:00, run_after=2024-05-15 00:00:00+00:00
[2024-05-15T10:16:40.642+0000] {processor.py:183} INFO - Processing /home/airflow/.local/lib/python3.12/site-packages/airflow/example_dags/example_task_group_decorator.py took 0.107 seconds
[2024-05-15T10:17:10.749+0000] {processor.py:161} INFO - Started process (PID=619) to work on /home/airflow/.local/lib/python3.12/site-packages/airflow/example_dags/example_task_group_decorator.py
[2024-05-15T10:17:10.759+0000] {processor.py:830} INFO - Processing file /home/airflow/.local/lib/python3.12/site-packages/airflow/example_dags/example_task_group_decorator.py for tasks to queue
[2024-05-15T10:17:10.761+0000] {logging_mixin.py:188} INFO - [2024-05-15T10:17:10.760+0000] {dagbag.py:540} INFO - Filling up the DagBag from /home/airflow/.local/lib/python3.12/site-packages/airflow/example_dags/example_task_group_decorator.py
[2024-05-15T10:17:10.775+0000] {processor.py:840} INFO - DAG(s) 'example_task_group_decorator' retrieved from /home/airflow/.local/lib/python3.12/site-packages/airflow/example_dags/example_task_group_decorator.py
[2024-05-15T10:17:10.796+0000] {logging_mixin.py:188} INFO - [2024-05-15T10:17:10.795+0000] {dag.py:3096} INFO - Sync 1 DAGs
[2024-05-15T10:17:10.812+0000] {logging_mixin.py:188} INFO - [2024-05-15T10:17:10.812+0000] {dag.py:3954} INFO - Setting next_dagrun for example_task_group_decorator to 2024-05-14 00:00:00+00:00, run_after=2024-05-15 00:00:00+00:00
[2024-05-15T10:17:10.831+0000] {processor.py:183} INFO - Processing /home/airflow/.local/lib/python3.12/site-packages/airflow/example_dags/example_task_group_decorator.py took 0.089 seconds
[2024-05-15T10:17:41.112+0000] {processor.py:161} INFO - Started process (PID=678) to work on /home/airflow/.local/lib/python3.12/site-packages/airflow/example_dags/example_task_group_decorator.py
[2024-05-15T10:17:41.121+0000] {processor.py:830} INFO - Processing file /home/airflow/.local/lib/python3.12/site-packages/airflow/example_dags/example_task_group_decorator.py for tasks to queue
[2024-05-15T10:17:41.123+0000] {logging_mixin.py:188} INFO - [2024-05-15T10:17:41.122+0000] {dagbag.py:540} INFO - Filling up the DagBag from /home/airflow/.local/lib/python3.12/site-packages/airflow/example_dags/example_task_group_decorator.py
[2024-05-15T10:17:41.137+0000] {processor.py:840} INFO - DAG(s) 'example_task_group_decorator' retrieved from /home/airflow/.local/lib/python3.12/site-packages/airflow/example_dags/example_task_group_decorator.py
[2024-05-15T10:17:41.164+0000] {logging_mixin.py:188} INFO - [2024-05-15T10:17:41.164+0000] {dag.py:3096} INFO - Sync 1 DAGs
[2024-05-15T10:17:41.188+0000] {logging_mixin.py:188} INFO - [2024-05-15T10:17:41.188+0000] {dag.py:3954} INFO - Setting next_dagrun for example_task_group_decorator to 2024-05-14 00:00:00+00:00, run_after=2024-05-15 00:00:00+00:00
[2024-05-15T10:17:41.209+0000] {processor.py:183} INFO - Processing /home/airflow/.local/lib/python3.12/site-packages/airflow/example_dags/example_task_group_decorator.py took 0.103 seconds
[2024-05-15T10:18:12.014+0000] {processor.py:161} INFO - Started process (PID=737) to work on /home/airflow/.local/lib/python3.12/site-packages/airflow/example_dags/example_task_group_decorator.py
[2024-05-15T10:18:12.023+0000] {processor.py:830} INFO - Processing file /home/airflow/.local/lib/python3.12/site-packages/airflow/example_dags/example_task_group_decorator.py for tasks to queue
[2024-05-15T10:18:12.024+0000] {logging_mixin.py:188} INFO - [2024-05-15T10:18:12.024+0000] {dagbag.py:540} INFO - Filling up the DagBag from /home/airflow/.local/lib/python3.12/site-packages/airflow/example_dags/example_task_group_decorator.py
[2024-05-15T10:18:12.044+0000] {processor.py:840} INFO - DAG(s) 'example_task_group_decorator' retrieved from /home/airflow/.local/lib/python3.12/site-packages/airflow/example_dags/example_task_group_decorator.py
[2024-05-15T10:18:12.073+0000] {logging_mixin.py:188} INFO - [2024-05-15T10:18:12.072+0000] {dag.py:3096} INFO - Sync 1 DAGs
[2024-05-15T10:18:12.091+0000] {logging_mixin.py:188} INFO - [2024-05-15T10:18:12.091+0000] {dag.py:3954} INFO - Setting next_dagrun for example_task_group_decorator to 2024-05-14 00:00:00+00:00, run_after=2024-05-15 00:00:00+00:00
[2024-05-15T10:18:12.113+0000] {processor.py:183} INFO - Processing /home/airflow/.local/lib/python3.12/site-packages/airflow/example_dags/example_task_group_decorator.py took 0.104 seconds
[2024-05-15T10:18:42.135+0000] {processor.py:161} INFO - Started process (PID=797) to work on /home/airflow/.local/lib/python3.12/site-packages/airflow/example_dags/example_task_group_decorator.py
[2024-05-15T10:18:42.136+0000] {processor.py:830} INFO - Processing file /home/airflow/.local/lib/python3.12/site-packages/airflow/example_dags/example_task_group_decorator.py for tasks to queue
[2024-05-15T10:18:42.137+0000] {logging_mixin.py:188} INFO - [2024-05-15T10:18:42.137+0000] {dagbag.py:540} INFO - Filling up the DagBag from /home/airflow/.local/lib/python3.12/site-packages/airflow/example_dags/example_task_group_decorator.py
[2024-05-15T10:18:42.150+0000] {processor.py:840} INFO - DAG(s) 'example_task_group_decorator' retrieved from /home/airflow/.local/lib/python3.12/site-packages/airflow/example_dags/example_task_group_decorator.py
[2024-05-15T10:18:42.173+0000] {logging_mixin.py:188} INFO - [2024-05-15T10:18:42.172+0000] {dag.py:3096} INFO - Sync 1 DAGs
[2024-05-15T10:18:42.193+0000] {logging_mixin.py:188} INFO - [2024-05-15T10:18:42.192+0000] {dag.py:3954} INFO - Setting next_dagrun for example_task_group_decorator to 2024-05-14 00:00:00+00:00, run_after=2024-05-15 00:00:00+00:00
[2024-05-15T10:18:42.211+0000] {processor.py:183} INFO - Processing /home/airflow/.local/lib/python3.12/site-packages/airflow/example_dags/example_task_group_decorator.py took 0.081 seconds
[2024-05-15T10:19:12.458+0000] {processor.py:161} INFO - Started process (PID=855) to work on /home/airflow/.local/lib/python3.12/site-packages/airflow/example_dags/example_task_group_decorator.py
[2024-05-15T10:19:12.459+0000] {processor.py:830} INFO - Processing file /home/airflow/.local/lib/python3.12/site-packages/airflow/example_dags/example_task_group_decorator.py for tasks to queue
[2024-05-15T10:19:12.460+0000] {logging_mixin.py:188} INFO - [2024-05-15T10:19:12.460+0000] {dagbag.py:540} INFO - Filling up the DagBag from /home/airflow/.local/lib/python3.12/site-packages/airflow/example_dags/example_task_group_decorator.py
[2024-05-15T10:19:12.472+0000] {processor.py:840} INFO - DAG(s) 'example_task_group_decorator' retrieved from /home/airflow/.local/lib/python3.12/site-packages/airflow/example_dags/example_task_group_decorator.py
[2024-05-15T10:19:12.495+0000] {logging_mixin.py:188} INFO - [2024-05-15T10:19:12.494+0000] {dag.py:3096} INFO - Sync 1 DAGs
[2024-05-15T10:19:12.512+0000] {logging_mixin.py:188} INFO - [2024-05-15T10:19:12.512+0000] {dag.py:3954} INFO - Setting next_dagrun for example_task_group_decorator to 2024-05-14 00:00:00+00:00, run_after=2024-05-15 00:00:00+00:00
[2024-05-15T10:19:12.535+0000] {processor.py:183} INFO - Processing /home/airflow/.local/lib/python3.12/site-packages/airflow/example_dags/example_task_group_decorator.py took 0.082 seconds
[2024-05-15T10:19:43.319+0000] {processor.py:161} INFO - Started process (PID=914) to work on /home/airflow/.local/lib/python3.12/site-packages/airflow/example_dags/example_task_group_decorator.py
[2024-05-15T10:19:43.321+0000] {processor.py:830} INFO - Processing file /home/airflow/.local/lib/python3.12/site-packages/airflow/example_dags/example_task_group_decorator.py for tasks to queue
[2024-05-15T10:19:43.322+0000] {logging_mixin.py:188} INFO - [2024-05-15T10:19:43.322+0000] {dagbag.py:540} INFO - Filling up the DagBag from /home/airflow/.local/lib/python3.12/site-packages/airflow/example_dags/example_task_group_decorator.py
[2024-05-15T10:19:43.338+0000] {processor.py:840} INFO - DAG(s) 'example_task_group_decorator' retrieved from /home/airflow/.local/lib/python3.12/site-packages/airflow/example_dags/example_task_group_decorator.py
[2024-05-15T10:19:43.364+0000] {logging_mixin.py:188} INFO - [2024-05-15T10:19:43.364+0000] {dag.py:3096} INFO - Sync 1 DAGs
[2024-05-15T10:19:43.383+0000] {logging_mixin.py:188} INFO - [2024-05-15T10:19:43.382+0000] {dag.py:3954} INFO - Setting next_dagrun for example_task_group_decorator to 2024-05-14 00:00:00+00:00, run_after=2024-05-15 00:00:00+00:00
[2024-05-15T10:19:43.402+0000] {processor.py:183} INFO - Processing /home/airflow/.local/lib/python3.12/site-packages/airflow/example_dags/example_task_group_decorator.py took 0.088 seconds
[2024-05-15T10:20:14.197+0000] {processor.py:161} INFO - Started process (PID=979) to work on /home/airflow/.local/lib/python3.12/site-packages/airflow/example_dags/example_task_group_decorator.py
[2024-05-15T10:20:14.198+0000] {processor.py:830} INFO - Processing file /home/airflow/.local/lib/python3.12/site-packages/airflow/example_dags/example_task_group_decorator.py for tasks to queue
[2024-05-15T10:20:14.199+0000] {logging_mixin.py:188} INFO - [2024-05-15T10:20:14.199+0000] {dagbag.py:540} INFO - Filling up the DagBag from /home/airflow/.local/lib/python3.12/site-packages/airflow/example_dags/example_task_group_decorator.py
[2024-05-15T10:20:14.215+0000] {processor.py:840} INFO - DAG(s) 'example_task_group_decorator' retrieved from /home/airflow/.local/lib/python3.12/site-packages/airflow/example_dags/example_task_group_decorator.py
[2024-05-15T10:20:14.247+0000] {logging_mixin.py:188} INFO - [2024-05-15T10:20:14.246+0000] {dag.py:3096} INFO - Sync 1 DAGs
[2024-05-15T10:20:14.274+0000] {logging_mixin.py:188} INFO - [2024-05-15T10:20:14.274+0000] {dag.py:3954} INFO - Setting next_dagrun for example_task_group_decorator to 2024-05-14 00:00:00+00:00, run_after=2024-05-15 00:00:00+00:00
[2024-05-15T10:20:14.296+0000] {processor.py:183} INFO - Processing /home/airflow/.local/lib/python3.12/site-packages/airflow/example_dags/example_task_group_decorator.py took 0.104 seconds
[2024-05-15T10:20:45.438+0000] {processor.py:161} INFO - Started process (PID=1039) to work on /home/airflow/.local/lib/python3.12/site-packages/airflow/example_dags/example_task_group_decorator.py
[2024-05-15T10:20:45.439+0000] {processor.py:830} INFO - Processing file /home/airflow/.local/lib/python3.12/site-packages/airflow/example_dags/example_task_group_decorator.py for tasks to queue
[2024-05-15T10:20:45.441+0000] {logging_mixin.py:188} INFO - [2024-05-15T10:20:45.440+0000] {dagbag.py:540} INFO - Filling up the DagBag from /home/airflow/.local/lib/python3.12/site-packages/airflow/example_dags/example_task_group_decorator.py
[2024-05-15T10:20:45.457+0000] {processor.py:840} INFO - DAG(s) 'example_task_group_decorator' retrieved from /home/airflow/.local/lib/python3.12/site-packages/airflow/example_dags/example_task_group_decorator.py
[2024-05-15T10:20:45.610+0000] {logging_mixin.py:188} INFO - [2024-05-15T10:20:45.610+0000] {dag.py:3096} INFO - Sync 1 DAGs
[2024-05-15T10:20:45.626+0000] {logging_mixin.py:188} INFO - [2024-05-15T10:20:45.625+0000] {dag.py:3954} INFO - Setting next_dagrun for example_task_group_decorator to 2024-05-14 00:00:00+00:00, run_after=2024-05-15 00:00:00+00:00
[2024-05-15T10:20:45.641+0000] {processor.py:183} INFO - Processing /home/airflow/.local/lib/python3.12/site-packages/airflow/example_dags/example_task_group_decorator.py took 0.208 seconds
[2024-05-15T10:21:15.701+0000] {processor.py:161} INFO - Started process (PID=1098) to work on /home/airflow/.local/lib/python3.12/site-packages/airflow/example_dags/example_task_group_decorator.py
[2024-05-15T10:21:15.702+0000] {processor.py:830} INFO - Processing file /home/airflow/.local/lib/python3.12/site-packages/airflow/example_dags/example_task_group_decorator.py for tasks to queue
[2024-05-15T10:21:15.704+0000] {logging_mixin.py:188} INFO - [2024-05-15T10:21:15.704+0000] {dagbag.py:540} INFO - Filling up the DagBag from /home/airflow/.local/lib/python3.12/site-packages/airflow/example_dags/example_task_group_decorator.py
[2024-05-15T10:21:15.715+0000] {processor.py:840} INFO - DAG(s) 'example_task_group_decorator' retrieved from /home/airflow/.local/lib/python3.12/site-packages/airflow/example_dags/example_task_group_decorator.py
[2024-05-15T10:21:15.737+0000] {logging_mixin.py:188} INFO - [2024-05-15T10:21:15.737+0000] {dag.py:3096} INFO - Sync 1 DAGs
[2024-05-15T10:21:15.757+0000] {logging_mixin.py:188} INFO - [2024-05-15T10:21:15.757+0000] {dag.py:3954} INFO - Setting next_dagrun for example_task_group_decorator to 2024-05-14 00:00:00+00:00, run_after=2024-05-15 00:00:00+00:00
[2024-05-15T10:21:15.776+0000] {processor.py:183} INFO - Processing /home/airflow/.local/lib/python3.12/site-packages/airflow/example_dags/example_task_group_decorator.py took 0.080 seconds
[2024-05-15T10:21:45.811+0000] {processor.py:161} INFO - Started process (PID=1157) to work on /home/airflow/.local/lib/python3.12/site-packages/airflow/example_dags/example_task_group_decorator.py
[2024-05-15T10:21:45.812+0000] {processor.py:830} INFO - Processing file /home/airflow/.local/lib/python3.12/site-packages/airflow/example_dags/example_task_group_decorator.py for tasks to queue
[2024-05-15T10:21:45.814+0000] {logging_mixin.py:188} INFO - [2024-05-15T10:21:45.814+0000] {dagbag.py:540} INFO - Filling up the DagBag from /home/airflow/.local/lib/python3.12/site-packages/airflow/example_dags/example_task_group_decorator.py
[2024-05-15T10:21:45.828+0000] {processor.py:840} INFO - DAG(s) 'example_task_group_decorator' retrieved from /home/airflow/.local/lib/python3.12/site-packages/airflow/example_dags/example_task_group_decorator.py
[2024-05-15T10:21:45.849+0000] {logging_mixin.py:188} INFO - [2024-05-15T10:21:45.849+0000] {dag.py:3096} INFO - Sync 1 DAGs
[2024-05-15T10:21:45.870+0000] {logging_mixin.py:188} INFO - [2024-05-15T10:21:45.870+0000] {dag.py:3954} INFO - Setting next_dagrun for example_task_group_decorator to 2024-05-14 00:00:00+00:00, run_after=2024-05-15 00:00:00+00:00
[2024-05-15T10:21:45.889+0000] {processor.py:183} INFO - Processing /home/airflow/.local/lib/python3.12/site-packages/airflow/example_dags/example_task_group_decorator.py took 0.084 seconds
[2024-05-15T10:22:16.014+0000] {processor.py:161} INFO - Started process (PID=1216) to work on /home/airflow/.local/lib/python3.12/site-packages/airflow/example_dags/example_task_group_decorator.py
[2024-05-15T10:22:16.015+0000] {processor.py:830} INFO - Processing file /home/airflow/.local/lib/python3.12/site-packages/airflow/example_dags/example_task_group_decorator.py for tasks to queue
[2024-05-15T10:22:16.016+0000] {logging_mixin.py:188} INFO - [2024-05-15T10:22:16.016+0000] {dagbag.py:540} INFO - Filling up the DagBag from /home/airflow/.local/lib/python3.12/site-packages/airflow/example_dags/example_task_group_decorator.py
[2024-05-15T10:22:16.027+0000] {processor.py:840} INFO - DAG(s) 'example_task_group_decorator' retrieved from /home/airflow/.local/lib/python3.12/site-packages/airflow/example_dags/example_task_group_decorator.py
[2024-05-15T10:22:16.052+0000] {logging_mixin.py:188} INFO - [2024-05-15T10:22:16.051+0000] {dag.py:3096} INFO - Sync 1 DAGs
[2024-05-15T10:22:16.073+0000] {logging_mixin.py:188} INFO - [2024-05-15T10:22:16.073+0000] {dag.py:3954} INFO - Setting next_dagrun for example_task_group_decorator to 2024-05-14 00:00:00+00:00, run_after=2024-05-15 00:00:00+00:00
[2024-05-15T10:22:16.088+0000] {processor.py:183} INFO - Processing /home/airflow/.local/lib/python3.12/site-packages/airflow/example_dags/example_task_group_decorator.py took 0.081 seconds
[2024-05-15T10:22:46.766+0000] {processor.py:161} INFO - Started process (PID=1274) to work on /home/airflow/.local/lib/python3.12/site-packages/airflow/example_dags/example_task_group_decorator.py
[2024-05-15T10:22:46.767+0000] {processor.py:830} INFO - Processing file /home/airflow/.local/lib/python3.12/site-packages/airflow/example_dags/example_task_group_decorator.py for tasks to queue
[2024-05-15T10:22:46.769+0000] {logging_mixin.py:188} INFO - [2024-05-15T10:22:46.768+0000] {dagbag.py:540} INFO - Filling up the DagBag from /home/airflow/.local/lib/python3.12/site-packages/airflow/example_dags/example_task_group_decorator.py
[2024-05-15T10:22:46.781+0000] {processor.py:840} INFO - DAG(s) 'example_task_group_decorator' retrieved from /home/airflow/.local/lib/python3.12/site-packages/airflow/example_dags/example_task_group_decorator.py
[2024-05-15T10:22:46.806+0000] {logging_mixin.py:188} INFO - [2024-05-15T10:22:46.806+0000] {dag.py:3096} INFO - Sync 1 DAGs
[2024-05-15T10:22:46.826+0000] {logging_mixin.py:188} INFO - [2024-05-15T10:22:46.826+0000] {dag.py:3954} INFO - Setting next_dagrun for example_task_group_decorator to 2024-05-14 00:00:00+00:00, run_after=2024-05-15 00:00:00+00:00
[2024-05-15T10:22:46.844+0000] {processor.py:183} INFO - Processing /home/airflow/.local/lib/python3.12/site-packages/airflow/example_dags/example_task_group_decorator.py took 0.084 seconds
[2024-05-15T10:23:17.720+0000] {processor.py:161} INFO - Started process (PID=1333) to work on /home/airflow/.local/lib/python3.12/site-packages/airflow/example_dags/example_task_group_decorator.py
[2024-05-15T10:23:17.721+0000] {processor.py:830} INFO - Processing file /home/airflow/.local/lib/python3.12/site-packages/airflow/example_dags/example_task_group_decorator.py for tasks to queue
[2024-05-15T10:23:17.722+0000] {logging_mixin.py:188} INFO - [2024-05-15T10:23:17.722+0000] {dagbag.py:540} INFO - Filling up the DagBag from /home/airflow/.local/lib/python3.12/site-packages/airflow/example_dags/example_task_group_decorator.py
[2024-05-15T10:23:17.734+0000] {processor.py:840} INFO - DAG(s) 'example_task_group_decorator' retrieved from /home/airflow/.local/lib/python3.12/site-packages/airflow/example_dags/example_task_group_decorator.py
[2024-05-15T10:23:17.760+0000] {logging_mixin.py:188} INFO - [2024-05-15T10:23:17.760+0000] {dag.py:3096} INFO - Sync 1 DAGs
[2024-05-15T10:23:17.779+0000] {logging_mixin.py:188} INFO - [2024-05-15T10:23:17.779+0000] {dag.py:3954} INFO - Setting next_dagrun for example_task_group_decorator to 2024-05-14 00:00:00+00:00, run_after=2024-05-15 00:00:00+00:00
[2024-05-15T10:23:17.793+0000] {processor.py:183} INFO - Processing /home/airflow/.local/lib/python3.12/site-packages/airflow/example_dags/example_task_group_decorator.py took 0.080 seconds
[2024-05-15T10:23:48.632+0000] {processor.py:161} INFO - Started process (PID=1392) to work on /home/airflow/.local/lib/python3.12/site-packages/airflow/example_dags/example_task_group_decorator.py
[2024-05-15T10:23:48.633+0000] {processor.py:830} INFO - Processing file /home/airflow/.local/lib/python3.12/site-packages/airflow/example_dags/example_task_group_decorator.py for tasks to queue
[2024-05-15T10:23:48.635+0000] {logging_mixin.py:188} INFO - [2024-05-15T10:23:48.635+0000] {dagbag.py:540} INFO - Filling up the DagBag from /home/airflow/.local/lib/python3.12/site-packages/airflow/example_dags/example_task_group_decorator.py
[2024-05-15T10:23:48.647+0000] {processor.py:840} INFO - DAG(s) 'example_task_group_decorator' retrieved from /home/airflow/.local/lib/python3.12/site-packages/airflow/example_dags/example_task_group_decorator.py
[2024-05-15T10:23:48.668+0000] {logging_mixin.py:188} INFO - [2024-05-15T10:23:48.668+0000] {dag.py:3096} INFO - Sync 1 DAGs
[2024-05-15T10:23:48.687+0000] {logging_mixin.py:188} INFO - [2024-05-15T10:23:48.687+0000] {dag.py:3954} INFO - Setting next_dagrun for example_task_group_decorator to 2024-05-14 00:00:00+00:00, run_after=2024-05-15 00:00:00+00:00
[2024-05-15T10:23:48.705+0000] {processor.py:183} INFO - Processing /home/airflow/.local/lib/python3.12/site-packages/airflow/example_dags/example_task_group_decorator.py took 0.078 seconds
[2024-05-15T10:24:18.935+0000] {processor.py:161} INFO - Started process (PID=1452) to work on /home/airflow/.local/lib/python3.12/site-packages/airflow/example_dags/example_task_group_decorator.py
[2024-05-15T10:24:18.937+0000] {processor.py:830} INFO - Processing file /home/airflow/.local/lib/python3.12/site-packages/airflow/example_dags/example_task_group_decorator.py for tasks to queue
[2024-05-15T10:24:18.938+0000] {logging_mixin.py:188} INFO - [2024-05-15T10:24:18.938+0000] {dagbag.py:540} INFO - Filling up the DagBag from /home/airflow/.local/lib/python3.12/site-packages/airflow/example_dags/example_task_group_decorator.py
[2024-05-15T10:24:18.951+0000] {processor.py:840} INFO - DAG(s) 'example_task_group_decorator' retrieved from /home/airflow/.local/lib/python3.12/site-packages/airflow/example_dags/example_task_group_decorator.py
[2024-05-15T10:24:18.974+0000] {logging_mixin.py:188} INFO - [2024-05-15T10:24:18.973+0000] {dag.py:3096} INFO - Sync 1 DAGs
[2024-05-15T10:24:18.992+0000] {logging_mixin.py:188} INFO - [2024-05-15T10:24:18.992+0000] {dag.py:3954} INFO - Setting next_dagrun for example_task_group_decorator to 2024-05-14 00:00:00+00:00, run_after=2024-05-15 00:00:00+00:00
[2024-05-15T10:24:19.008+0000] {processor.py:183} INFO - Processing /home/airflow/.local/lib/python3.12/site-packages/airflow/example_dags/example_task_group_decorator.py took 0.078 seconds
[2024-05-15T10:24:49.298+0000] {processor.py:161} INFO - Started process (PID=1510) to work on /home/airflow/.local/lib/python3.12/site-packages/airflow/example_dags/example_task_group_decorator.py
[2024-05-15T10:24:49.299+0000] {processor.py:830} INFO - Processing file /home/airflow/.local/lib/python3.12/site-packages/airflow/example_dags/example_task_group_decorator.py for tasks to queue
[2024-05-15T10:24:49.300+0000] {logging_mixin.py:188} INFO - [2024-05-15T10:24:49.300+0000] {dagbag.py:540} INFO - Filling up the DagBag from /home/airflow/.local/lib/python3.12/site-packages/airflow/example_dags/example_task_group_decorator.py
[2024-05-15T10:24:49.312+0000] {processor.py:840} INFO - DAG(s) 'example_task_group_decorator' retrieved from /home/airflow/.local/lib/python3.12/site-packages/airflow/example_dags/example_task_group_decorator.py
[2024-05-15T10:24:49.339+0000] {logging_mixin.py:188} INFO - [2024-05-15T10:24:49.339+0000] {dag.py:3096} INFO - Sync 1 DAGs
[2024-05-15T10:24:49.359+0000] {logging_mixin.py:188} INFO - [2024-05-15T10:24:49.359+0000] {dag.py:3954} INFO - Setting next_dagrun for example_task_group_decorator to 2024-05-14 00:00:00+00:00, run_after=2024-05-15 00:00:00+00:00
[2024-05-15T10:24:49.378+0000] {processor.py:183} INFO - Processing /home/airflow/.local/lib/python3.12/site-packages/airflow/example_dags/example_task_group_decorator.py took 0.086 seconds
[2024-05-15T10:25:19.456+0000] {processor.py:161} INFO - Started process (PID=1569) to work on /home/airflow/.local/lib/python3.12/site-packages/airflow/example_dags/example_task_group_decorator.py
[2024-05-15T10:25:19.457+0000] {processor.py:830} INFO - Processing file /home/airflow/.local/lib/python3.12/site-packages/airflow/example_dags/example_task_group_decorator.py for tasks to queue
[2024-05-15T10:25:19.458+0000] {logging_mixin.py:188} INFO - [2024-05-15T10:25:19.458+0000] {dagbag.py:540} INFO - Filling up the DagBag from /home/airflow/.local/lib/python3.12/site-packages/airflow/example_dags/example_task_group_decorator.py
[2024-05-15T10:25:19.472+0000] {processor.py:840} INFO - DAG(s) 'example_task_group_decorator' retrieved from /home/airflow/.local/lib/python3.12/site-packages/airflow/example_dags/example_task_group_decorator.py
[2024-05-15T10:25:19.498+0000] {logging_mixin.py:188} INFO - [2024-05-15T10:25:19.498+0000] {dag.py:3096} INFO - Sync 1 DAGs
[2024-05-15T10:25:19.519+0000] {logging_mixin.py:188} INFO - [2024-05-15T10:25:19.518+0000] {dag.py:3954} INFO - Setting next_dagrun for example_task_group_decorator to 2024-05-14 00:00:00+00:00, run_after=2024-05-15 00:00:00+00:00
[2024-05-15T10:25:19.535+0000] {processor.py:183} INFO - Processing /home/airflow/.local/lib/python3.12/site-packages/airflow/example_dags/example_task_group_decorator.py took 0.084 seconds
[2024-05-15T10:25:49.622+0000] {processor.py:161} INFO - Started process (PID=1628) to work on /home/airflow/.local/lib/python3.12/site-packages/airflow/example_dags/example_task_group_decorator.py
[2024-05-15T10:25:49.623+0000] {processor.py:830} INFO - Processing file /home/airflow/.local/lib/python3.12/site-packages/airflow/example_dags/example_task_group_decorator.py for tasks to queue
[2024-05-15T10:25:49.624+0000] {logging_mixin.py:188} INFO - [2024-05-15T10:25:49.624+0000] {dagbag.py:540} INFO - Filling up the DagBag from /home/airflow/.local/lib/python3.12/site-packages/airflow/example_dags/example_task_group_decorator.py
[2024-05-15T10:25:49.639+0000] {processor.py:840} INFO - DAG(s) 'example_task_group_decorator' retrieved from /home/airflow/.local/lib/python3.12/site-packages/airflow/example_dags/example_task_group_decorator.py
[2024-05-15T10:25:49.668+0000] {logging_mixin.py:188} INFO - [2024-05-15T10:25:49.668+0000] {dag.py:3096} INFO - Sync 1 DAGs
[2024-05-15T10:25:49.687+0000] {logging_mixin.py:188} INFO - [2024-05-15T10:25:49.687+0000] {dag.py:3954} INFO - Setting next_dagrun for example_task_group_decorator to 2024-05-14 00:00:00+00:00, run_after=2024-05-15 00:00:00+00:00
[2024-05-15T10:25:49.701+0000] {processor.py:183} INFO - Processing /home/airflow/.local/lib/python3.12/site-packages/airflow/example_dags/example_task_group_decorator.py took 0.087 seconds
[2024-05-15T10:26:20.642+0000] {processor.py:161} INFO - Started process (PID=1687) to work on /home/airflow/.local/lib/python3.12/site-packages/airflow/example_dags/example_task_group_decorator.py
[2024-05-15T10:26:20.644+0000] {processor.py:830} INFO - Processing file /home/airflow/.local/lib/python3.12/site-packages/airflow/example_dags/example_task_group_decorator.py for tasks to queue
[2024-05-15T10:26:20.645+0000] {logging_mixin.py:188} INFO - [2024-05-15T10:26:20.645+0000] {dagbag.py:540} INFO - Filling up the DagBag from /home/airflow/.local/lib/python3.12/site-packages/airflow/example_dags/example_task_group_decorator.py
[2024-05-15T10:26:20.657+0000] {processor.py:840} INFO - DAG(s) 'example_task_group_decorator' retrieved from /home/airflow/.local/lib/python3.12/site-packages/airflow/example_dags/example_task_group_decorator.py
[2024-05-15T10:26:20.679+0000] {logging_mixin.py:188} INFO - [2024-05-15T10:26:20.679+0000] {dag.py:3096} INFO - Sync 1 DAGs
[2024-05-15T10:26:20.698+0000] {logging_mixin.py:188} INFO - [2024-05-15T10:26:20.698+0000] {dag.py:3954} INFO - Setting next_dagrun for example_task_group_decorator to 2024-05-14 00:00:00+00:00, run_after=2024-05-15 00:00:00+00:00
[2024-05-15T10:26:20.717+0000] {processor.py:183} INFO - Processing /home/airflow/.local/lib/python3.12/site-packages/airflow/example_dags/example_task_group_decorator.py took 0.081 seconds
[2024-05-15T10:26:50.877+0000] {processor.py:161} INFO - Started process (PID=1746) to work on /home/airflow/.local/lib/python3.12/site-packages/airflow/example_dags/example_task_group_decorator.py
[2024-05-15T10:26:50.878+0000] {processor.py:830} INFO - Processing file /home/airflow/.local/lib/python3.12/site-packages/airflow/example_dags/example_task_group_decorator.py for tasks to queue
[2024-05-15T10:26:50.881+0000] {logging_mixin.py:188} INFO - [2024-05-15T10:26:50.880+0000] {dagbag.py:540} INFO - Filling up the DagBag from /home/airflow/.local/lib/python3.12/site-packages/airflow/example_dags/example_task_group_decorator.py
[2024-05-15T10:26:50.895+0000] {processor.py:840} INFO - DAG(s) 'example_task_group_decorator' retrieved from /home/airflow/.local/lib/python3.12/site-packages/airflow/example_dags/example_task_group_decorator.py
[2024-05-15T10:26:50.923+0000] {logging_mixin.py:188} INFO - [2024-05-15T10:26:50.922+0000] {dag.py:3096} INFO - Sync 1 DAGs
[2024-05-15T10:26:50.941+0000] {logging_mixin.py:188} INFO - [2024-05-15T10:26:50.941+0000] {dag.py:3954} INFO - Setting next_dagrun for example_task_group_decorator to 2024-05-14 00:00:00+00:00, run_after=2024-05-15 00:00:00+00:00
[2024-05-15T10:26:50.959+0000] {processor.py:183} INFO - Processing /home/airflow/.local/lib/python3.12/site-packages/airflow/example_dags/example_task_group_decorator.py took 0.089 seconds
[2024-05-15T10:27:21.052+0000] {processor.py:161} INFO - Started process (PID=1805) to work on /home/airflow/.local/lib/python3.12/site-packages/airflow/example_dags/example_task_group_decorator.py
[2024-05-15T10:27:21.059+0000] {processor.py:830} INFO - Processing file /home/airflow/.local/lib/python3.12/site-packages/airflow/example_dags/example_task_group_decorator.py for tasks to queue
[2024-05-15T10:27:21.061+0000] {logging_mixin.py:188} INFO - [2024-05-15T10:27:21.060+0000] {dagbag.py:540} INFO - Filling up the DagBag from /home/airflow/.local/lib/python3.12/site-packages/airflow/example_dags/example_task_group_decorator.py
[2024-05-15T10:27:21.076+0000] {processor.py:840} INFO - DAG(s) 'example_task_group_decorator' retrieved from /home/airflow/.local/lib/python3.12/site-packages/airflow/example_dags/example_task_group_decorator.py
[2024-05-15T10:27:21.103+0000] {logging_mixin.py:188} INFO - [2024-05-15T10:27:21.103+0000] {dag.py:3096} INFO - Sync 1 DAGs
[2024-05-15T10:27:21.125+0000] {logging_mixin.py:188} INFO - [2024-05-15T10:27:21.125+0000] {dag.py:3954} INFO - Setting next_dagrun for example_task_group_decorator to 2024-05-14 00:00:00+00:00, run_after=2024-05-15 00:00:00+00:00
[2024-05-15T10:27:21.143+0000] {processor.py:183} INFO - Processing /home/airflow/.local/lib/python3.12/site-packages/airflow/example_dags/example_task_group_decorator.py took 0.098 seconds
[2024-05-15T10:27:51.261+0000] {processor.py:161} INFO - Started process (PID=1864) to work on /home/airflow/.local/lib/python3.12/site-packages/airflow/example_dags/example_task_group_decorator.py
[2024-05-15T10:27:51.262+0000] {processor.py:830} INFO - Processing file /home/airflow/.local/lib/python3.12/site-packages/airflow/example_dags/example_task_group_decorator.py for tasks to queue
[2024-05-15T10:27:51.264+0000] {logging_mixin.py:188} INFO - [2024-05-15T10:27:51.263+0000] {dagbag.py:540} INFO - Filling up the DagBag from /home/airflow/.local/lib/python3.12/site-packages/airflow/example_dags/example_task_group_decorator.py
[2024-05-15T10:27:51.279+0000] {processor.py:840} INFO - DAG(s) 'example_task_group_decorator' retrieved from /home/airflow/.local/lib/python3.12/site-packages/airflow/example_dags/example_task_group_decorator.py
[2024-05-15T10:27:51.300+0000] {logging_mixin.py:188} INFO - [2024-05-15T10:27:51.299+0000] {dag.py:3096} INFO - Sync 1 DAGs
[2024-05-15T10:27:51.316+0000] {logging_mixin.py:188} INFO - [2024-05-15T10:27:51.316+0000] {dag.py:3954} INFO - Setting next_dagrun for example_task_group_decorator to 2024-05-14 00:00:00+00:00, run_after=2024-05-15 00:00:00+00:00
[2024-05-15T10:27:51.339+0000] {processor.py:183} INFO - Processing /home/airflow/.local/lib/python3.12/site-packages/airflow/example_dags/example_task_group_decorator.py took 0.085 seconds
[2024-05-15T10:28:21.445+0000] {processor.py:161} INFO - Started process (PID=1924) to work on /home/airflow/.local/lib/python3.12/site-packages/airflow/example_dags/example_task_group_decorator.py
[2024-05-15T10:28:21.446+0000] {processor.py:830} INFO - Processing file /home/airflow/.local/lib/python3.12/site-packages/airflow/example_dags/example_task_group_decorator.py for tasks to queue
[2024-05-15T10:28:21.448+0000] {logging_mixin.py:188} INFO - [2024-05-15T10:28:21.447+0000] {dagbag.py:540} INFO - Filling up the DagBag from /home/airflow/.local/lib/python3.12/site-packages/airflow/example_dags/example_task_group_decorator.py
[2024-05-15T10:28:21.461+0000] {processor.py:840} INFO - DAG(s) 'example_task_group_decorator' retrieved from /home/airflow/.local/lib/python3.12/site-packages/airflow/example_dags/example_task_group_decorator.py
[2024-05-15T10:28:21.486+0000] {logging_mixin.py:188} INFO - [2024-05-15T10:28:21.486+0000] {dag.py:3096} INFO - Sync 1 DAGs
[2024-05-15T10:28:21.508+0000] {logging_mixin.py:188} INFO - [2024-05-15T10:28:21.508+0000] {dag.py:3954} INFO - Setting next_dagrun for example_task_group_decorator to 2024-05-14 00:00:00+00:00, run_after=2024-05-15 00:00:00+00:00
[2024-05-15T10:28:21.527+0000] {processor.py:183} INFO - Processing /home/airflow/.local/lib/python3.12/site-packages/airflow/example_dags/example_task_group_decorator.py took 0.088 seconds
[2024-05-15T10:29:43.055+0000] {processor.py:161} INFO - Started process (PID=1975) to work on /home/airflow/.local/lib/python3.12/site-packages/airflow/example_dags/example_task_group_decorator.py
[2024-05-15T10:29:43.059+0000] {processor.py:830} INFO - Processing file /home/airflow/.local/lib/python3.12/site-packages/airflow/example_dags/example_task_group_decorator.py for tasks to queue
[2024-05-15T10:29:43.064+0000] {logging_mixin.py:188} INFO - [2024-05-15T10:29:43.063+0000] {dagbag.py:540} INFO - Filling up the DagBag from /home/airflow/.local/lib/python3.12/site-packages/airflow/example_dags/example_task_group_decorator.py
[2024-05-15T10:29:43.093+0000] {processor.py:840} INFO - DAG(s) 'example_task_group_decorator' retrieved from /home/airflow/.local/lib/python3.12/site-packages/airflow/example_dags/example_task_group_decorator.py
[2024-05-15T10:29:43.140+0000] {logging_mixin.py:188} INFO - [2024-05-15T10:29:43.139+0000] {dag.py:3096} INFO - Sync 1 DAGs
[2024-05-15T10:29:43.183+0000] {logging_mixin.py:188} INFO - [2024-05-15T10:29:43.182+0000] {dag.py:3954} INFO - Setting next_dagrun for example_task_group_decorator to 2024-05-14 00:00:00+00:00, run_after=2024-05-15 00:00:00+00:00
[2024-05-15T10:29:43.221+0000] {processor.py:183} INFO - Processing /home/airflow/.local/lib/python3.12/site-packages/airflow/example_dags/example_task_group_decorator.py took 0.182 seconds
[2024-05-15T10:30:13.286+0000] {processor.py:161} INFO - Started process (PID=2034) to work on /home/airflow/.local/lib/python3.12/site-packages/airflow/example_dags/example_task_group_decorator.py
[2024-05-15T10:30:13.287+0000] {processor.py:830} INFO - Processing file /home/airflow/.local/lib/python3.12/site-packages/airflow/example_dags/example_task_group_decorator.py for tasks to queue
[2024-05-15T10:30:13.288+0000] {logging_mixin.py:188} INFO - [2024-05-15T10:30:13.288+0000] {dagbag.py:540} INFO - Filling up the DagBag from /home/airflow/.local/lib/python3.12/site-packages/airflow/example_dags/example_task_group_decorator.py
[2024-05-15T10:30:13.304+0000] {processor.py:840} INFO - DAG(s) 'example_task_group_decorator' retrieved from /home/airflow/.local/lib/python3.12/site-packages/airflow/example_dags/example_task_group_decorator.py
[2024-05-15T10:30:13.329+0000] {logging_mixin.py:188} INFO - [2024-05-15T10:30:13.329+0000] {dag.py:3096} INFO - Sync 1 DAGs
[2024-05-15T10:30:13.357+0000] {logging_mixin.py:188} INFO - [2024-05-15T10:30:13.357+0000] {dag.py:3954} INFO - Setting next_dagrun for example_task_group_decorator to 2024-05-14 00:00:00+00:00, run_after=2024-05-15 00:00:00+00:00
[2024-05-15T10:30:13.385+0000] {processor.py:183} INFO - Processing /home/airflow/.local/lib/python3.12/site-packages/airflow/example_dags/example_task_group_decorator.py took 0.105 seconds
[2024-05-15T10:30:44.161+0000] {processor.py:161} INFO - Started process (PID=2093) to work on /home/airflow/.local/lib/python3.12/site-packages/airflow/example_dags/example_task_group_decorator.py
[2024-05-15T10:30:44.162+0000] {processor.py:830} INFO - Processing file /home/airflow/.local/lib/python3.12/site-packages/airflow/example_dags/example_task_group_decorator.py for tasks to queue
[2024-05-15T10:30:44.164+0000] {logging_mixin.py:188} INFO - [2024-05-15T10:30:44.164+0000] {dagbag.py:540} INFO - Filling up the DagBag from /home/airflow/.local/lib/python3.12/site-packages/airflow/example_dags/example_task_group_decorator.py
[2024-05-15T10:30:44.179+0000] {processor.py:840} INFO - DAG(s) 'example_task_group_decorator' retrieved from /home/airflow/.local/lib/python3.12/site-packages/airflow/example_dags/example_task_group_decorator.py
[2024-05-15T10:30:44.208+0000] {logging_mixin.py:188} INFO - [2024-05-15T10:30:44.208+0000] {dag.py:3096} INFO - Sync 1 DAGs
[2024-05-15T10:30:44.236+0000] {logging_mixin.py:188} INFO - [2024-05-15T10:30:44.236+0000] {dag.py:3954} INFO - Setting next_dagrun for example_task_group_decorator to 2024-05-14 00:00:00+00:00, run_after=2024-05-15 00:00:00+00:00
[2024-05-15T10:30:44.260+0000] {processor.py:183} INFO - Processing /home/airflow/.local/lib/python3.12/site-packages/airflow/example_dags/example_task_group_decorator.py took 0.105 seconds
[2024-05-15T10:31:14.607+0000] {processor.py:161} INFO - Started process (PID=2158) to work on /home/airflow/.local/lib/python3.12/site-packages/airflow/example_dags/example_task_group_decorator.py
[2024-05-15T10:31:14.608+0000] {processor.py:830} INFO - Processing file /home/airflow/.local/lib/python3.12/site-packages/airflow/example_dags/example_task_group_decorator.py for tasks to queue
[2024-05-15T10:31:14.609+0000] {logging_mixin.py:188} INFO - [2024-05-15T10:31:14.609+0000] {dagbag.py:540} INFO - Filling up the DagBag from /home/airflow/.local/lib/python3.12/site-packages/airflow/example_dags/example_task_group_decorator.py
[2024-05-15T10:31:14.621+0000] {processor.py:840} INFO - DAG(s) 'example_task_group_decorator' retrieved from /home/airflow/.local/lib/python3.12/site-packages/airflow/example_dags/example_task_group_decorator.py
[2024-05-15T10:31:14.643+0000] {logging_mixin.py:188} INFO - [2024-05-15T10:31:14.643+0000] {dag.py:3096} INFO - Sync 1 DAGs
[2024-05-15T10:31:14.664+0000] {logging_mixin.py:188} INFO - [2024-05-15T10:31:14.663+0000] {dag.py:3954} INFO - Setting next_dagrun for example_task_group_decorator to 2024-05-14 00:00:00+00:00, run_after=2024-05-15 00:00:00+00:00
[2024-05-15T10:31:14.688+0000] {processor.py:183} INFO - Processing /home/airflow/.local/lib/python3.12/site-packages/airflow/example_dags/example_task_group_decorator.py took 0.086 seconds
[2024-05-15T10:31:45.051+0000] {processor.py:161} INFO - Started process (PID=2217) to work on /home/airflow/.local/lib/python3.12/site-packages/airflow/example_dags/example_task_group_decorator.py
[2024-05-15T10:31:45.052+0000] {processor.py:830} INFO - Processing file /home/airflow/.local/lib/python3.12/site-packages/airflow/example_dags/example_task_group_decorator.py for tasks to queue
[2024-05-15T10:31:45.054+0000] {logging_mixin.py:188} INFO - [2024-05-15T10:31:45.054+0000] {dagbag.py:540} INFO - Filling up the DagBag from /home/airflow/.local/lib/python3.12/site-packages/airflow/example_dags/example_task_group_decorator.py
[2024-05-15T10:31:45.066+0000] {processor.py:840} INFO - DAG(s) 'example_task_group_decorator' retrieved from /home/airflow/.local/lib/python3.12/site-packages/airflow/example_dags/example_task_group_decorator.py
[2024-05-15T10:31:45.088+0000] {logging_mixin.py:188} INFO - [2024-05-15T10:31:45.088+0000] {dag.py:3096} INFO - Sync 1 DAGs
[2024-05-15T10:31:45.113+0000] {logging_mixin.py:188} INFO - [2024-05-15T10:31:45.112+0000] {dag.py:3954} INFO - Setting next_dagrun for example_task_group_decorator to 2024-05-14 00:00:00+00:00, run_after=2024-05-15 00:00:00+00:00
[2024-05-15T10:31:45.131+0000] {processor.py:183} INFO - Processing /home/airflow/.local/lib/python3.12/site-packages/airflow/example_dags/example_task_group_decorator.py took 0.084 seconds
[2024-05-15T10:32:15.462+0000] {processor.py:161} INFO - Started process (PID=2276) to work on /home/airflow/.local/lib/python3.12/site-packages/airflow/example_dags/example_task_group_decorator.py
[2024-05-15T10:32:15.463+0000] {processor.py:830} INFO - Processing file /home/airflow/.local/lib/python3.12/site-packages/airflow/example_dags/example_task_group_decorator.py for tasks to queue
[2024-05-15T10:32:15.465+0000] {logging_mixin.py:188} INFO - [2024-05-15T10:32:15.464+0000] {dagbag.py:540} INFO - Filling up the DagBag from /home/airflow/.local/lib/python3.12/site-packages/airflow/example_dags/example_task_group_decorator.py
[2024-05-15T10:32:15.480+0000] {processor.py:840} INFO - DAG(s) 'example_task_group_decorator' retrieved from /home/airflow/.local/lib/python3.12/site-packages/airflow/example_dags/example_task_group_decorator.py
[2024-05-15T10:32:15.507+0000] {logging_mixin.py:188} INFO - [2024-05-15T10:32:15.507+0000] {dag.py:3096} INFO - Sync 1 DAGs
[2024-05-15T10:32:15.532+0000] {logging_mixin.py:188} INFO - [2024-05-15T10:32:15.532+0000] {dag.py:3954} INFO - Setting next_dagrun for example_task_group_decorator to 2024-05-14 00:00:00+00:00, run_after=2024-05-15 00:00:00+00:00
[2024-05-15T10:32:15.549+0000] {processor.py:183} INFO - Processing /home/airflow/.local/lib/python3.12/site-packages/airflow/example_dags/example_task_group_decorator.py took 0.095 seconds
[2024-05-15T10:32:45.933+0000] {processor.py:161} INFO - Started process (PID=2335) to work on /home/airflow/.local/lib/python3.12/site-packages/airflow/example_dags/example_task_group_decorator.py
[2024-05-15T10:32:45.934+0000] {processor.py:830} INFO - Processing file /home/airflow/.local/lib/python3.12/site-packages/airflow/example_dags/example_task_group_decorator.py for tasks to queue
[2024-05-15T10:32:45.935+0000] {logging_mixin.py:188} INFO - [2024-05-15T10:32:45.935+0000] {dagbag.py:540} INFO - Filling up the DagBag from /home/airflow/.local/lib/python3.12/site-packages/airflow/example_dags/example_task_group_decorator.py
[2024-05-15T10:32:45.947+0000] {processor.py:840} INFO - DAG(s) 'example_task_group_decorator' retrieved from /home/airflow/.local/lib/python3.12/site-packages/airflow/example_dags/example_task_group_decorator.py
[2024-05-15T10:32:45.970+0000] {logging_mixin.py:188} INFO - [2024-05-15T10:32:45.970+0000] {dag.py:3096} INFO - Sync 1 DAGs
[2024-05-15T10:32:45.992+0000] {logging_mixin.py:188} INFO - [2024-05-15T10:32:45.992+0000] {dag.py:3954} INFO - Setting next_dagrun for example_task_group_decorator to 2024-05-14 00:00:00+00:00, run_after=2024-05-15 00:00:00+00:00
[2024-05-15T10:32:46.011+0000] {processor.py:183} INFO - Processing /home/airflow/.local/lib/python3.12/site-packages/airflow/example_dags/example_task_group_decorator.py took 0.084 seconds
[2024-05-15T10:33:17.205+0000] {processor.py:161} INFO - Started process (PID=2394) to work on /home/airflow/.local/lib/python3.12/site-packages/airflow/example_dags/example_task_group_decorator.py
[2024-05-15T10:33:17.207+0000] {processor.py:830} INFO - Processing file /home/airflow/.local/lib/python3.12/site-packages/airflow/example_dags/example_task_group_decorator.py for tasks to queue
[2024-05-15T10:33:17.211+0000] {logging_mixin.py:188} INFO - [2024-05-15T10:33:17.210+0000] {dagbag.py:540} INFO - Filling up the DagBag from /home/airflow/.local/lib/python3.12/site-packages/airflow/example_dags/example_task_group_decorator.py
[2024-05-15T10:33:17.266+0000] {processor.py:840} INFO - DAG(s) 'example_task_group_decorator' retrieved from /home/airflow/.local/lib/python3.12/site-packages/airflow/example_dags/example_task_group_decorator.py
[2024-05-15T10:33:17.350+0000] {logging_mixin.py:188} INFO - [2024-05-15T10:33:17.349+0000] {dag.py:3096} INFO - Sync 1 DAGs
[2024-05-15T10:33:17.450+0000] {logging_mixin.py:188} INFO - [2024-05-15T10:33:17.449+0000] {dag.py:3954} INFO - Setting next_dagrun for example_task_group_decorator to 2024-05-14 00:00:00+00:00, run_after=2024-05-15 00:00:00+00:00
[2024-05-15T10:33:17.538+0000] {processor.py:183} INFO - Processing /home/airflow/.local/lib/python3.12/site-packages/airflow/example_dags/example_task_group_decorator.py took 0.351 seconds
[2024-05-15T10:33:47.906+0000] {processor.py:161} INFO - Started process (PID=2453) to work on /home/airflow/.local/lib/python3.12/site-packages/airflow/example_dags/example_task_group_decorator.py
[2024-05-15T10:33:47.908+0000] {processor.py:830} INFO - Processing file /home/airflow/.local/lib/python3.12/site-packages/airflow/example_dags/example_task_group_decorator.py for tasks to queue
[2024-05-15T10:33:47.920+0000] {logging_mixin.py:188} INFO - [2024-05-15T10:33:47.920+0000] {dagbag.py:540} INFO - Filling up the DagBag from /home/airflow/.local/lib/python3.12/site-packages/airflow/example_dags/example_task_group_decorator.py
[2024-05-15T10:33:47.978+0000] {processor.py:840} INFO - DAG(s) 'example_task_group_decorator' retrieved from /home/airflow/.local/lib/python3.12/site-packages/airflow/example_dags/example_task_group_decorator.py
[2024-05-15T10:33:48.041+0000] {logging_mixin.py:188} INFO - [2024-05-15T10:33:48.040+0000] {dag.py:3096} INFO - Sync 1 DAGs
[2024-05-15T10:33:48.075+0000] {logging_mixin.py:188} INFO - [2024-05-15T10:33:48.074+0000] {dag.py:3954} INFO - Setting next_dagrun for example_task_group_decorator to 2024-05-14 00:00:00+00:00, run_after=2024-05-15 00:00:00+00:00
[2024-05-15T10:33:48.105+0000] {processor.py:183} INFO - Processing /home/airflow/.local/lib/python3.12/site-packages/airflow/example_dags/example_task_group_decorator.py took 0.210 seconds
[2024-05-15T10:34:18.773+0000] {processor.py:161} INFO - Started process (PID=2511) to work on /home/airflow/.local/lib/python3.12/site-packages/airflow/example_dags/example_task_group_decorator.py
[2024-05-15T10:34:18.774+0000] {processor.py:830} INFO - Processing file /home/airflow/.local/lib/python3.12/site-packages/airflow/example_dags/example_task_group_decorator.py for tasks to queue
[2024-05-15T10:34:18.776+0000] {logging_mixin.py:188} INFO - [2024-05-15T10:34:18.776+0000] {dagbag.py:540} INFO - Filling up the DagBag from /home/airflow/.local/lib/python3.12/site-packages/airflow/example_dags/example_task_group_decorator.py
[2024-05-15T10:34:18.788+0000] {processor.py:840} INFO - DAG(s) 'example_task_group_decorator' retrieved from /home/airflow/.local/lib/python3.12/site-packages/airflow/example_dags/example_task_group_decorator.py
[2024-05-15T10:34:18.816+0000] {logging_mixin.py:188} INFO - [2024-05-15T10:34:18.815+0000] {dag.py:3096} INFO - Sync 1 DAGs
[2024-05-15T10:34:18.845+0000] {logging_mixin.py:188} INFO - [2024-05-15T10:34:18.844+0000] {dag.py:3954} INFO - Setting next_dagrun for example_task_group_decorator to 2024-05-14 00:00:00+00:00, run_after=2024-05-15 00:00:00+00:00
[2024-05-15T10:34:18.866+0000] {processor.py:183} INFO - Processing /home/airflow/.local/lib/python3.12/site-packages/airflow/example_dags/example_task_group_decorator.py took 0.099 seconds
[2024-05-15T10:34:49.492+0000] {processor.py:161} INFO - Started process (PID=2570) to work on /home/airflow/.local/lib/python3.12/site-packages/airflow/example_dags/example_task_group_decorator.py
[2024-05-15T10:34:49.493+0000] {processor.py:830} INFO - Processing file /home/airflow/.local/lib/python3.12/site-packages/airflow/example_dags/example_task_group_decorator.py for tasks to queue
[2024-05-15T10:34:49.494+0000] {logging_mixin.py:188} INFO - [2024-05-15T10:34:49.494+0000] {dagbag.py:540} INFO - Filling up the DagBag from /home/airflow/.local/lib/python3.12/site-packages/airflow/example_dags/example_task_group_decorator.py
[2024-05-15T10:34:49.508+0000] {processor.py:840} INFO - DAG(s) 'example_task_group_decorator' retrieved from /home/airflow/.local/lib/python3.12/site-packages/airflow/example_dags/example_task_group_decorator.py
[2024-05-15T10:34:49.533+0000] {logging_mixin.py:188} INFO - [2024-05-15T10:34:49.533+0000] {dag.py:3096} INFO - Sync 1 DAGs
[2024-05-15T10:34:49.552+0000] {logging_mixin.py:188} INFO - [2024-05-15T10:34:49.552+0000] {dag.py:3954} INFO - Setting next_dagrun for example_task_group_decorator to 2024-05-14 00:00:00+00:00, run_after=2024-05-15 00:00:00+00:00
[2024-05-15T10:34:49.569+0000] {processor.py:183} INFO - Processing /home/airflow/.local/lib/python3.12/site-packages/airflow/example_dags/example_task_group_decorator.py took 0.082 seconds
[2024-05-15T10:35:20.262+0000] {processor.py:161} INFO - Started process (PID=2629) to work on /home/airflow/.local/lib/python3.12/site-packages/airflow/example_dags/example_task_group_decorator.py
[2024-05-15T10:35:20.263+0000] {processor.py:830} INFO - Processing file /home/airflow/.local/lib/python3.12/site-packages/airflow/example_dags/example_task_group_decorator.py for tasks to queue
[2024-05-15T10:35:20.264+0000] {logging_mixin.py:188} INFO - [2024-05-15T10:35:20.264+0000] {dagbag.py:540} INFO - Filling up the DagBag from /home/airflow/.local/lib/python3.12/site-packages/airflow/example_dags/example_task_group_decorator.py
[2024-05-15T10:35:20.280+0000] {processor.py:840} INFO - DAG(s) 'example_task_group_decorator' retrieved from /home/airflow/.local/lib/python3.12/site-packages/airflow/example_dags/example_task_group_decorator.py
[2024-05-15T10:35:20.307+0000] {logging_mixin.py:188} INFO - [2024-05-15T10:35:20.307+0000] {dag.py:3096} INFO - Sync 1 DAGs
[2024-05-15T10:35:20.326+0000] {logging_mixin.py:188} INFO - [2024-05-15T10:35:20.326+0000] {dag.py:3954} INFO - Setting next_dagrun for example_task_group_decorator to 2024-05-14 00:00:00+00:00, run_after=2024-05-15 00:00:00+00:00
[2024-05-15T10:35:20.344+0000] {processor.py:183} INFO - Processing /home/airflow/.local/lib/python3.12/site-packages/airflow/example_dags/example_task_group_decorator.py took 0.088 seconds
[2024-05-15T10:35:51.332+0000] {processor.py:161} INFO - Started process (PID=2688) to work on /home/airflow/.local/lib/python3.12/site-packages/airflow/example_dags/example_task_group_decorator.py
[2024-05-15T10:35:51.335+0000] {processor.py:830} INFO - Processing file /home/airflow/.local/lib/python3.12/site-packages/airflow/example_dags/example_task_group_decorator.py for tasks to queue
[2024-05-15T10:35:51.347+0000] {logging_mixin.py:188} INFO - [2024-05-15T10:35:51.346+0000] {dagbag.py:540} INFO - Filling up the DagBag from /home/airflow/.local/lib/python3.12/site-packages/airflow/example_dags/example_task_group_decorator.py
[2024-05-15T10:35:51.441+0000] {processor.py:840} INFO - DAG(s) 'example_task_group_decorator' retrieved from /home/airflow/.local/lib/python3.12/site-packages/airflow/example_dags/example_task_group_decorator.py
[2024-05-15T10:35:51.485+0000] {logging_mixin.py:188} INFO - [2024-05-15T10:35:51.485+0000] {dag.py:3096} INFO - Sync 1 DAGs
[2024-05-15T10:35:51.519+0000] {logging_mixin.py:188} INFO - [2024-05-15T10:35:51.518+0000] {dag.py:3954} INFO - Setting next_dagrun for example_task_group_decorator to 2024-05-14 00:00:00+00:00, run_after=2024-05-15 00:00:00+00:00
[2024-05-15T10:35:51.539+0000] {processor.py:183} INFO - Processing /home/airflow/.local/lib/python3.12/site-packages/airflow/example_dags/example_task_group_decorator.py took 0.227 seconds
[2024-05-15T10:36:21.864+0000] {processor.py:161} INFO - Started process (PID=2747) to work on /home/airflow/.local/lib/python3.12/site-packages/airflow/example_dags/example_task_group_decorator.py
[2024-05-15T10:36:21.865+0000] {processor.py:830} INFO - Processing file /home/airflow/.local/lib/python3.12/site-packages/airflow/example_dags/example_task_group_decorator.py for tasks to queue
[2024-05-15T10:36:21.867+0000] {logging_mixin.py:188} INFO - [2024-05-15T10:36:21.867+0000] {dagbag.py:540} INFO - Filling up the DagBag from /home/airflow/.local/lib/python3.12/site-packages/airflow/example_dags/example_task_group_decorator.py
[2024-05-15T10:36:21.881+0000] {processor.py:840} INFO - DAG(s) 'example_task_group_decorator' retrieved from /home/airflow/.local/lib/python3.12/site-packages/airflow/example_dags/example_task_group_decorator.py
[2024-05-15T10:36:21.908+0000] {logging_mixin.py:188} INFO - [2024-05-15T10:36:21.908+0000] {dag.py:3096} INFO - Sync 1 DAGs
[2024-05-15T10:36:21.931+0000] {logging_mixin.py:188} INFO - [2024-05-15T10:36:21.930+0000] {dag.py:3954} INFO - Setting next_dagrun for example_task_group_decorator to 2024-05-14 00:00:00+00:00, run_after=2024-05-15 00:00:00+00:00
[2024-05-15T10:36:21.952+0000] {processor.py:183} INFO - Processing /home/airflow/.local/lib/python3.12/site-packages/airflow/example_dags/example_task_group_decorator.py took 0.094 seconds
[2024-05-15T10:36:52.398+0000] {processor.py:161} INFO - Started process (PID=2806) to work on /home/airflow/.local/lib/python3.12/site-packages/airflow/example_dags/example_task_group_decorator.py
[2024-05-15T10:36:52.399+0000] {processor.py:830} INFO - Processing file /home/airflow/.local/lib/python3.12/site-packages/airflow/example_dags/example_task_group_decorator.py for tasks to queue
[2024-05-15T10:36:52.400+0000] {logging_mixin.py:188} INFO - [2024-05-15T10:36:52.400+0000] {dagbag.py:540} INFO - Filling up the DagBag from /home/airflow/.local/lib/python3.12/site-packages/airflow/example_dags/example_task_group_decorator.py
[2024-05-15T10:36:52.413+0000] {processor.py:840} INFO - DAG(s) 'example_task_group_decorator' retrieved from /home/airflow/.local/lib/python3.12/site-packages/airflow/example_dags/example_task_group_decorator.py
[2024-05-15T10:36:52.435+0000] {logging_mixin.py:188} INFO - [2024-05-15T10:36:52.435+0000] {dag.py:3096} INFO - Sync 1 DAGs
[2024-05-15T10:36:52.455+0000] {logging_mixin.py:188} INFO - [2024-05-15T10:36:52.454+0000] {dag.py:3954} INFO - Setting next_dagrun for example_task_group_decorator to 2024-05-14 00:00:00+00:00, run_after=2024-05-15 00:00:00+00:00
[2024-05-15T10:36:52.472+0000] {processor.py:183} INFO - Processing /home/airflow/.local/lib/python3.12/site-packages/airflow/example_dags/example_task_group_decorator.py took 0.080 seconds
[2024-05-15T10:37:23.072+0000] {processor.py:161} INFO - Started process (PID=2865) to work on /home/airflow/.local/lib/python3.12/site-packages/airflow/example_dags/example_task_group_decorator.py
[2024-05-15T10:37:23.073+0000] {processor.py:830} INFO - Processing file /home/airflow/.local/lib/python3.12/site-packages/airflow/example_dags/example_task_group_decorator.py for tasks to queue
[2024-05-15T10:37:23.074+0000] {logging_mixin.py:188} INFO - [2024-05-15T10:37:23.074+0000] {dagbag.py:540} INFO - Filling up the DagBag from /home/airflow/.local/lib/python3.12/site-packages/airflow/example_dags/example_task_group_decorator.py
[2024-05-15T10:37:23.089+0000] {processor.py:840} INFO - DAG(s) 'example_task_group_decorator' retrieved from /home/airflow/.local/lib/python3.12/site-packages/airflow/example_dags/example_task_group_decorator.py
[2024-05-15T10:37:23.111+0000] {logging_mixin.py:188} INFO - [2024-05-15T10:37:23.110+0000] {dag.py:3096} INFO - Sync 1 DAGs
[2024-05-15T10:37:23.131+0000] {logging_mixin.py:188} INFO - [2024-05-15T10:37:23.131+0000] {dag.py:3954} INFO - Setting next_dagrun for example_task_group_decorator to 2024-05-14 00:00:00+00:00, run_after=2024-05-15 00:00:00+00:00
[2024-05-15T10:37:23.146+0000] {processor.py:183} INFO - Processing /home/airflow/.local/lib/python3.12/site-packages/airflow/example_dags/example_task_group_decorator.py took 0.081 seconds
[2024-05-15T10:37:53.718+0000] {processor.py:161} INFO - Started process (PID=2924) to work on /home/airflow/.local/lib/python3.12/site-packages/airflow/example_dags/example_task_group_decorator.py
[2024-05-15T10:37:53.719+0000] {processor.py:830} INFO - Processing file /home/airflow/.local/lib/python3.12/site-packages/airflow/example_dags/example_task_group_decorator.py for tasks to queue
[2024-05-15T10:37:53.721+0000] {logging_mixin.py:188} INFO - [2024-05-15T10:37:53.721+0000] {dagbag.py:540} INFO - Filling up the DagBag from /home/airflow/.local/lib/python3.12/site-packages/airflow/example_dags/example_task_group_decorator.py
[2024-05-15T10:37:53.733+0000] {processor.py:840} INFO - DAG(s) 'example_task_group_decorator' retrieved from /home/airflow/.local/lib/python3.12/site-packages/airflow/example_dags/example_task_group_decorator.py
[2024-05-15T10:37:53.755+0000] {logging_mixin.py:188} INFO - [2024-05-15T10:37:53.754+0000] {dag.py:3096} INFO - Sync 1 DAGs
[2024-05-15T10:37:53.776+0000] {logging_mixin.py:188} INFO - [2024-05-15T10:37:53.776+0000] {dag.py:3954} INFO - Setting next_dagrun for example_task_group_decorator to 2024-05-14 00:00:00+00:00, run_after=2024-05-15 00:00:00+00:00
[2024-05-15T10:37:53.795+0000] {processor.py:183} INFO - Processing /home/airflow/.local/lib/python3.12/site-packages/airflow/example_dags/example_task_group_decorator.py took 0.082 seconds
[2024-05-15T10:38:24.241+0000] {processor.py:161} INFO - Started process (PID=2983) to work on /home/airflow/.local/lib/python3.12/site-packages/airflow/example_dags/example_task_group_decorator.py
[2024-05-15T10:38:24.242+0000] {processor.py:830} INFO - Processing file /home/airflow/.local/lib/python3.12/site-packages/airflow/example_dags/example_task_group_decorator.py for tasks to queue
[2024-05-15T10:38:24.244+0000] {logging_mixin.py:188} INFO - [2024-05-15T10:38:24.244+0000] {dagbag.py:540} INFO - Filling up the DagBag from /home/airflow/.local/lib/python3.12/site-packages/airflow/example_dags/example_task_group_decorator.py
[2024-05-15T10:38:24.257+0000] {processor.py:840} INFO - DAG(s) 'example_task_group_decorator' retrieved from /home/airflow/.local/lib/python3.12/site-packages/airflow/example_dags/example_task_group_decorator.py
[2024-05-15T10:38:24.280+0000] {logging_mixin.py:188} INFO - [2024-05-15T10:38:24.280+0000] {dag.py:3096} INFO - Sync 1 DAGs
[2024-05-15T10:38:24.300+0000] {logging_mixin.py:188} INFO - [2024-05-15T10:38:24.300+0000] {dag.py:3954} INFO - Setting next_dagrun for example_task_group_decorator to 2024-05-14 00:00:00+00:00, run_after=2024-05-15 00:00:00+00:00
[2024-05-15T10:38:24.317+0000] {processor.py:183} INFO - Processing /home/airflow/.local/lib/python3.12/site-packages/airflow/example_dags/example_task_group_decorator.py took 0.082 seconds
[2024-05-15T10:38:54.684+0000] {processor.py:161} INFO - Started process (PID=3042) to work on /home/airflow/.local/lib/python3.12/site-packages/airflow/example_dags/example_task_group_decorator.py
[2024-05-15T10:38:54.685+0000] {processor.py:830} INFO - Processing file /home/airflow/.local/lib/python3.12/site-packages/airflow/example_dags/example_task_group_decorator.py for tasks to queue
[2024-05-15T10:38:54.687+0000] {logging_mixin.py:188} INFO - [2024-05-15T10:38:54.686+0000] {dagbag.py:540} INFO - Filling up the DagBag from /home/airflow/.local/lib/python3.12/site-packages/airflow/example_dags/example_task_group_decorator.py
[2024-05-15T10:38:54.701+0000] {processor.py:840} INFO - DAG(s) 'example_task_group_decorator' retrieved from /home/airflow/.local/lib/python3.12/site-packages/airflow/example_dags/example_task_group_decorator.py
[2024-05-15T10:38:54.726+0000] {logging_mixin.py:188} INFO - [2024-05-15T10:38:54.726+0000] {dag.py:3096} INFO - Sync 1 DAGs
[2024-05-15T10:38:54.746+0000] {logging_mixin.py:188} INFO - [2024-05-15T10:38:54.746+0000] {dag.py:3954} INFO - Setting next_dagrun for example_task_group_decorator to 2024-05-14 00:00:00+00:00, run_after=2024-05-15 00:00:00+00:00
[2024-05-15T10:38:54.762+0000] {processor.py:183} INFO - Processing /home/airflow/.local/lib/python3.12/site-packages/airflow/example_dags/example_task_group_decorator.py took 0.083 seconds
[2024-05-15T10:39:25.117+0000] {processor.py:161} INFO - Started process (PID=3101) to work on /home/airflow/.local/lib/python3.12/site-packages/airflow/example_dags/example_task_group_decorator.py
[2024-05-15T10:39:25.118+0000] {processor.py:830} INFO - Processing file /home/airflow/.local/lib/python3.12/site-packages/airflow/example_dags/example_task_group_decorator.py for tasks to queue
[2024-05-15T10:39:25.120+0000] {logging_mixin.py:188} INFO - [2024-05-15T10:39:25.120+0000] {dagbag.py:540} INFO - Filling up the DagBag from /home/airflow/.local/lib/python3.12/site-packages/airflow/example_dags/example_task_group_decorator.py
[2024-05-15T10:39:25.132+0000] {processor.py:840} INFO - DAG(s) 'example_task_group_decorator' retrieved from /home/airflow/.local/lib/python3.12/site-packages/airflow/example_dags/example_task_group_decorator.py
[2024-05-15T10:39:25.156+0000] {logging_mixin.py:188} INFO - [2024-05-15T10:39:25.156+0000] {dag.py:3096} INFO - Sync 1 DAGs
[2024-05-15T10:39:25.183+0000] {logging_mixin.py:188} INFO - [2024-05-15T10:39:25.183+0000] {dag.py:3954} INFO - Setting next_dagrun for example_task_group_decorator to 2024-05-14 00:00:00+00:00, run_after=2024-05-15 00:00:00+00:00
[2024-05-15T10:39:25.201+0000] {processor.py:183} INFO - Processing /home/airflow/.local/lib/python3.12/site-packages/airflow/example_dags/example_task_group_decorator.py took 0.089 seconds
[2024-05-15T10:39:55.509+0000] {processor.py:161} INFO - Started process (PID=3160) to work on /home/airflow/.local/lib/python3.12/site-packages/airflow/example_dags/example_task_group_decorator.py
[2024-05-15T10:39:55.510+0000] {processor.py:830} INFO - Processing file /home/airflow/.local/lib/python3.12/site-packages/airflow/example_dags/example_task_group_decorator.py for tasks to queue
[2024-05-15T10:39:55.512+0000] {logging_mixin.py:188} INFO - [2024-05-15T10:39:55.512+0000] {dagbag.py:540} INFO - Filling up the DagBag from /home/airflow/.local/lib/python3.12/site-packages/airflow/example_dags/example_task_group_decorator.py
[2024-05-15T10:39:55.527+0000] {processor.py:840} INFO - DAG(s) 'example_task_group_decorator' retrieved from /home/airflow/.local/lib/python3.12/site-packages/airflow/example_dags/example_task_group_decorator.py
[2024-05-15T10:39:55.552+0000] {logging_mixin.py:188} INFO - [2024-05-15T10:39:55.552+0000] {dag.py:3096} INFO - Sync 1 DAGs
[2024-05-15T10:39:55.578+0000] {logging_mixin.py:188} INFO - [2024-05-15T10:39:55.577+0000] {dag.py:3954} INFO - Setting next_dagrun for example_task_group_decorator to 2024-05-14 00:00:00+00:00, run_after=2024-05-15 00:00:00+00:00
[2024-05-15T10:39:55.594+0000] {processor.py:183} INFO - Processing /home/airflow/.local/lib/python3.12/site-packages/airflow/example_dags/example_task_group_decorator.py took 0.092 seconds
[2024-05-15T10:40:25.868+0000] {processor.py:161} INFO - Started process (PID=3219) to work on /home/airflow/.local/lib/python3.12/site-packages/airflow/example_dags/example_task_group_decorator.py
[2024-05-15T10:40:25.870+0000] {processor.py:830} INFO - Processing file /home/airflow/.local/lib/python3.12/site-packages/airflow/example_dags/example_task_group_decorator.py for tasks to queue
[2024-05-15T10:40:25.871+0000] {logging_mixin.py:188} INFO - [2024-05-15T10:40:25.871+0000] {dagbag.py:540} INFO - Filling up the DagBag from /home/airflow/.local/lib/python3.12/site-packages/airflow/example_dags/example_task_group_decorator.py
[2024-05-15T10:40:25.886+0000] {processor.py:840} INFO - DAG(s) 'example_task_group_decorator' retrieved from /home/airflow/.local/lib/python3.12/site-packages/airflow/example_dags/example_task_group_decorator.py
[2024-05-15T10:40:25.910+0000] {logging_mixin.py:188} INFO - [2024-05-15T10:40:25.909+0000] {dag.py:3096} INFO - Sync 1 DAGs
[2024-05-15T10:40:25.934+0000] {logging_mixin.py:188} INFO - [2024-05-15T10:40:25.934+0000] {dag.py:3954} INFO - Setting next_dagrun for example_task_group_decorator to 2024-05-14 00:00:00+00:00, run_after=2024-05-15 00:00:00+00:00
[2024-05-15T10:40:25.954+0000] {processor.py:183} INFO - Processing /home/airflow/.local/lib/python3.12/site-packages/airflow/example_dags/example_task_group_decorator.py took 0.094 seconds
[2024-05-15T10:40:56.217+0000] {processor.py:161} INFO - Started process (PID=3278) to work on /home/airflow/.local/lib/python3.12/site-packages/airflow/example_dags/example_task_group_decorator.py
[2024-05-15T10:40:56.218+0000] {processor.py:830} INFO - Processing file /home/airflow/.local/lib/python3.12/site-packages/airflow/example_dags/example_task_group_decorator.py for tasks to queue
[2024-05-15T10:40:56.220+0000] {logging_mixin.py:188} INFO - [2024-05-15T10:40:56.220+0000] {dagbag.py:540} INFO - Filling up the DagBag from /home/airflow/.local/lib/python3.12/site-packages/airflow/example_dags/example_task_group_decorator.py
[2024-05-15T10:40:56.235+0000] {processor.py:840} INFO - DAG(s) 'example_task_group_decorator' retrieved from /home/airflow/.local/lib/python3.12/site-packages/airflow/example_dags/example_task_group_decorator.py
[2024-05-15T10:40:56.259+0000] {logging_mixin.py:188} INFO - [2024-05-15T10:40:56.259+0000] {dag.py:3096} INFO - Sync 1 DAGs
[2024-05-15T10:40:56.282+0000] {logging_mixin.py:188} INFO - [2024-05-15T10:40:56.281+0000] {dag.py:3954} INFO - Setting next_dagrun for example_task_group_decorator to 2024-05-14 00:00:00+00:00, run_after=2024-05-15 00:00:00+00:00
[2024-05-15T10:40:56.304+0000] {processor.py:183} INFO - Processing /home/airflow/.local/lib/python3.12/site-packages/airflow/example_dags/example_task_group_decorator.py took 0.094 seconds
[2024-05-15T10:41:26.773+0000] {processor.py:161} INFO - Started process (PID=3337) to work on /home/airflow/.local/lib/python3.12/site-packages/airflow/example_dags/example_task_group_decorator.py
[2024-05-15T10:41:26.773+0000] {processor.py:830} INFO - Processing file /home/airflow/.local/lib/python3.12/site-packages/airflow/example_dags/example_task_group_decorator.py for tasks to queue
[2024-05-15T10:41:26.775+0000] {logging_mixin.py:188} INFO - [2024-05-15T10:41:26.775+0000] {dagbag.py:540} INFO - Filling up the DagBag from /home/airflow/.local/lib/python3.12/site-packages/airflow/example_dags/example_task_group_decorator.py
[2024-05-15T10:41:26.793+0000] {processor.py:840} INFO - DAG(s) 'example_task_group_decorator' retrieved from /home/airflow/.local/lib/python3.12/site-packages/airflow/example_dags/example_task_group_decorator.py
[2024-05-15T10:41:26.820+0000] {logging_mixin.py:188} INFO - [2024-05-15T10:41:26.820+0000] {dag.py:3096} INFO - Sync 1 DAGs
[2024-05-15T10:41:26.849+0000] {logging_mixin.py:188} INFO - [2024-05-15T10:41:26.848+0000] {dag.py:3954} INFO - Setting next_dagrun for example_task_group_decorator to 2024-05-14 00:00:00+00:00, run_after=2024-05-15 00:00:00+00:00
[2024-05-15T10:41:26.873+0000] {processor.py:183} INFO - Processing /home/airflow/.local/lib/python3.12/site-packages/airflow/example_dags/example_task_group_decorator.py took 0.107 seconds
[2024-05-15T10:41:57.187+0000] {processor.py:161} INFO - Started process (PID=3396) to work on /home/airflow/.local/lib/python3.12/site-packages/airflow/example_dags/example_task_group_decorator.py
[2024-05-15T10:41:57.189+0000] {processor.py:830} INFO - Processing file /home/airflow/.local/lib/python3.12/site-packages/airflow/example_dags/example_task_group_decorator.py for tasks to queue
[2024-05-15T10:41:57.190+0000] {logging_mixin.py:188} INFO - [2024-05-15T10:41:57.190+0000] {dagbag.py:540} INFO - Filling up the DagBag from /home/airflow/.local/lib/python3.12/site-packages/airflow/example_dags/example_task_group_decorator.py
[2024-05-15T10:41:57.202+0000] {processor.py:840} INFO - DAG(s) 'example_task_group_decorator' retrieved from /home/airflow/.local/lib/python3.12/site-packages/airflow/example_dags/example_task_group_decorator.py
[2024-05-15T10:41:57.226+0000] {logging_mixin.py:188} INFO - [2024-05-15T10:41:57.226+0000] {dag.py:3096} INFO - Sync 1 DAGs
[2024-05-15T10:41:57.247+0000] {logging_mixin.py:188} INFO - [2024-05-15T10:41:57.246+0000] {dag.py:3954} INFO - Setting next_dagrun for example_task_group_decorator to 2024-05-14 00:00:00+00:00, run_after=2024-05-15 00:00:00+00:00
[2024-05-15T10:41:57.267+0000] {processor.py:183} INFO - Processing /home/airflow/.local/lib/python3.12/site-packages/airflow/example_dags/example_task_group_decorator.py took 0.087 seconds
[2024-05-15T10:42:27.697+0000] {processor.py:161} INFO - Started process (PID=3455) to work on /home/airflow/.local/lib/python3.12/site-packages/airflow/example_dags/example_task_group_decorator.py
[2024-05-15T10:42:27.698+0000] {processor.py:830} INFO - Processing file /home/airflow/.local/lib/python3.12/site-packages/airflow/example_dags/example_task_group_decorator.py for tasks to queue
[2024-05-15T10:42:27.699+0000] {logging_mixin.py:188} INFO - [2024-05-15T10:42:27.699+0000] {dagbag.py:540} INFO - Filling up the DagBag from /home/airflow/.local/lib/python3.12/site-packages/airflow/example_dags/example_task_group_decorator.py
[2024-05-15T10:42:27.714+0000] {processor.py:840} INFO - DAG(s) 'example_task_group_decorator' retrieved from /home/airflow/.local/lib/python3.12/site-packages/airflow/example_dags/example_task_group_decorator.py
[2024-05-15T10:42:27.737+0000] {logging_mixin.py:188} INFO - [2024-05-15T10:42:27.737+0000] {dag.py:3096} INFO - Sync 1 DAGs
[2024-05-15T10:42:27.755+0000] {logging_mixin.py:188} INFO - [2024-05-15T10:42:27.755+0000] {dag.py:3954} INFO - Setting next_dagrun for example_task_group_decorator to 2024-05-14 00:00:00+00:00, run_after=2024-05-15 00:00:00+00:00
[2024-05-15T10:42:27.772+0000] {processor.py:183} INFO - Processing /home/airflow/.local/lib/python3.12/site-packages/airflow/example_dags/example_task_group_decorator.py took 0.082 seconds
[2024-05-15T10:42:58.200+0000] {processor.py:161} INFO - Started process (PID=3515) to work on /home/airflow/.local/lib/python3.12/site-packages/airflow/example_dags/example_task_group_decorator.py
[2024-05-15T10:42:58.202+0000] {processor.py:830} INFO - Processing file /home/airflow/.local/lib/python3.12/site-packages/airflow/example_dags/example_task_group_decorator.py for tasks to queue
[2024-05-15T10:42:58.204+0000] {logging_mixin.py:188} INFO - [2024-05-15T10:42:58.204+0000] {dagbag.py:540} INFO - Filling up the DagBag from /home/airflow/.local/lib/python3.12/site-packages/airflow/example_dags/example_task_group_decorator.py
[2024-05-15T10:42:58.222+0000] {processor.py:840} INFO - DAG(s) 'example_task_group_decorator' retrieved from /home/airflow/.local/lib/python3.12/site-packages/airflow/example_dags/example_task_group_decorator.py
[2024-05-15T10:42:58.247+0000] {logging_mixin.py:188} INFO - [2024-05-15T10:42:58.247+0000] {dag.py:3096} INFO - Sync 1 DAGs
[2024-05-15T10:42:58.280+0000] {logging_mixin.py:188} INFO - [2024-05-15T10:42:58.280+0000] {dag.py:3954} INFO - Setting next_dagrun for example_task_group_decorator to 2024-05-14 00:00:00+00:00, run_after=2024-05-15 00:00:00+00:00
[2024-05-15T10:42:58.307+0000] {processor.py:183} INFO - Processing /home/airflow/.local/lib/python3.12/site-packages/airflow/example_dags/example_task_group_decorator.py took 0.114 seconds
[2024-05-15T10:43:28.679+0000] {processor.py:161} INFO - Started process (PID=3574) to work on /home/airflow/.local/lib/python3.12/site-packages/airflow/example_dags/example_task_group_decorator.py
[2024-05-15T10:43:28.680+0000] {processor.py:830} INFO - Processing file /home/airflow/.local/lib/python3.12/site-packages/airflow/example_dags/example_task_group_decorator.py for tasks to queue
[2024-05-15T10:43:28.682+0000] {logging_mixin.py:188} INFO - [2024-05-15T10:43:28.681+0000] {dagbag.py:540} INFO - Filling up the DagBag from /home/airflow/.local/lib/python3.12/site-packages/airflow/example_dags/example_task_group_decorator.py
[2024-05-15T10:43:28.694+0000] {processor.py:840} INFO - DAG(s) 'example_task_group_decorator' retrieved from /home/airflow/.local/lib/python3.12/site-packages/airflow/example_dags/example_task_group_decorator.py
[2024-05-15T10:43:28.719+0000] {logging_mixin.py:188} INFO - [2024-05-15T10:43:28.719+0000] {dag.py:3096} INFO - Sync 1 DAGs
[2024-05-15T10:43:28.738+0000] {logging_mixin.py:188} INFO - [2024-05-15T10:43:28.738+0000] {dag.py:3954} INFO - Setting next_dagrun for example_task_group_decorator to 2024-05-14 00:00:00+00:00, run_after=2024-05-15 00:00:00+00:00
[2024-05-15T10:43:28.755+0000] {processor.py:183} INFO - Processing /home/airflow/.local/lib/python3.12/site-packages/airflow/example_dags/example_task_group_decorator.py took 0.083 seconds
[2024-05-15T10:43:59.204+0000] {processor.py:161} INFO - Started process (PID=3633) to work on /home/airflow/.local/lib/python3.12/site-packages/airflow/example_dags/example_task_group_decorator.py
[2024-05-15T10:43:59.205+0000] {processor.py:830} INFO - Processing file /home/airflow/.local/lib/python3.12/site-packages/airflow/example_dags/example_task_group_decorator.py for tasks to queue
[2024-05-15T10:43:59.208+0000] {logging_mixin.py:188} INFO - [2024-05-15T10:43:59.207+0000] {dagbag.py:540} INFO - Filling up the DagBag from /home/airflow/.local/lib/python3.12/site-packages/airflow/example_dags/example_task_group_decorator.py
[2024-05-15T10:43:59.225+0000] {processor.py:840} INFO - DAG(s) 'example_task_group_decorator' retrieved from /home/airflow/.local/lib/python3.12/site-packages/airflow/example_dags/example_task_group_decorator.py
[2024-05-15T10:43:59.255+0000] {logging_mixin.py:188} INFO - [2024-05-15T10:43:59.254+0000] {dag.py:3096} INFO - Sync 1 DAGs
[2024-05-15T10:43:59.279+0000] {logging_mixin.py:188} INFO - [2024-05-15T10:43:59.279+0000] {dag.py:3954} INFO - Setting next_dagrun for example_task_group_decorator to 2024-05-14 00:00:00+00:00, run_after=2024-05-15 00:00:00+00:00
[2024-05-15T10:43:59.299+0000] {processor.py:183} INFO - Processing /home/airflow/.local/lib/python3.12/site-packages/airflow/example_dags/example_task_group_decorator.py took 0.102 seconds
[2024-05-15T10:44:29.761+0000] {processor.py:161} INFO - Started process (PID=3692) to work on /home/airflow/.local/lib/python3.12/site-packages/airflow/example_dags/example_task_group_decorator.py
[2024-05-15T10:44:29.762+0000] {processor.py:830} INFO - Processing file /home/airflow/.local/lib/python3.12/site-packages/airflow/example_dags/example_task_group_decorator.py for tasks to queue
[2024-05-15T10:44:29.764+0000] {logging_mixin.py:188} INFO - [2024-05-15T10:44:29.764+0000] {dagbag.py:540} INFO - Filling up the DagBag from /home/airflow/.local/lib/python3.12/site-packages/airflow/example_dags/example_task_group_decorator.py
[2024-05-15T10:44:29.776+0000] {processor.py:840} INFO - DAG(s) 'example_task_group_decorator' retrieved from /home/airflow/.local/lib/python3.12/site-packages/airflow/example_dags/example_task_group_decorator.py
[2024-05-15T10:44:29.799+0000] {logging_mixin.py:188} INFO - [2024-05-15T10:44:29.799+0000] {dag.py:3096} INFO - Sync 1 DAGs
[2024-05-15T10:44:29.819+0000] {logging_mixin.py:188} INFO - [2024-05-15T10:44:29.819+0000] {dag.py:3954} INFO - Setting next_dagrun for example_task_group_decorator to 2024-05-14 00:00:00+00:00, run_after=2024-05-15 00:00:00+00:00
[2024-05-15T10:44:29.835+0000] {processor.py:183} INFO - Processing /home/airflow/.local/lib/python3.12/site-packages/airflow/example_dags/example_task_group_decorator.py took 0.080 seconds
[2024-05-15T10:45:00.434+0000] {processor.py:161} INFO - Started process (PID=3751) to work on /home/airflow/.local/lib/python3.12/site-packages/airflow/example_dags/example_task_group_decorator.py
[2024-05-15T10:45:00.436+0000] {processor.py:830} INFO - Processing file /home/airflow/.local/lib/python3.12/site-packages/airflow/example_dags/example_task_group_decorator.py for tasks to queue
[2024-05-15T10:45:00.438+0000] {logging_mixin.py:188} INFO - [2024-05-15T10:45:00.438+0000] {dagbag.py:540} INFO - Filling up the DagBag from /home/airflow/.local/lib/python3.12/site-packages/airflow/example_dags/example_task_group_decorator.py
[2024-05-15T10:45:00.451+0000] {processor.py:840} INFO - DAG(s) 'example_task_group_decorator' retrieved from /home/airflow/.local/lib/python3.12/site-packages/airflow/example_dags/example_task_group_decorator.py
[2024-05-15T10:45:00.472+0000] {logging_mixin.py:188} INFO - [2024-05-15T10:45:00.472+0000] {dag.py:3096} INFO - Sync 1 DAGs
[2024-05-15T10:45:00.491+0000] {logging_mixin.py:188} INFO - [2024-05-15T10:45:00.491+0000] {dag.py:3954} INFO - Setting next_dagrun for example_task_group_decorator to 2024-05-14 00:00:00+00:00, run_after=2024-05-15 00:00:00+00:00
[2024-05-15T10:45:00.508+0000] {processor.py:183} INFO - Processing /home/airflow/.local/lib/python3.12/site-packages/airflow/example_dags/example_task_group_decorator.py took 0.084 seconds
[2024-05-15T10:45:30.807+0000] {processor.py:161} INFO - Started process (PID=3810) to work on /home/airflow/.local/lib/python3.12/site-packages/airflow/example_dags/example_task_group_decorator.py
[2024-05-15T10:45:30.808+0000] {processor.py:830} INFO - Processing file /home/airflow/.local/lib/python3.12/site-packages/airflow/example_dags/example_task_group_decorator.py for tasks to queue
[2024-05-15T10:45:30.810+0000] {logging_mixin.py:188} INFO - [2024-05-15T10:45:30.810+0000] {dagbag.py:540} INFO - Filling up the DagBag from /home/airflow/.local/lib/python3.12/site-packages/airflow/example_dags/example_task_group_decorator.py
[2024-05-15T10:45:30.822+0000] {processor.py:840} INFO - DAG(s) 'example_task_group_decorator' retrieved from /home/airflow/.local/lib/python3.12/site-packages/airflow/example_dags/example_task_group_decorator.py
[2024-05-15T10:45:30.846+0000] {logging_mixin.py:188} INFO - [2024-05-15T10:45:30.846+0000] {dag.py:3096} INFO - Sync 1 DAGs
[2024-05-15T10:45:30.865+0000] {logging_mixin.py:188} INFO - [2024-05-15T10:45:30.865+0000] {dag.py:3954} INFO - Setting next_dagrun for example_task_group_decorator to 2024-05-14 00:00:00+00:00, run_after=2024-05-15 00:00:00+00:00
[2024-05-15T10:45:30.880+0000] {processor.py:183} INFO - Processing /home/airflow/.local/lib/python3.12/site-packages/airflow/example_dags/example_task_group_decorator.py took 0.078 seconds
[2024-05-15T10:46:01.414+0000] {processor.py:161} INFO - Started process (PID=3869) to work on /home/airflow/.local/lib/python3.12/site-packages/airflow/example_dags/example_task_group_decorator.py
[2024-05-15T10:46:01.416+0000] {processor.py:830} INFO - Processing file /home/airflow/.local/lib/python3.12/site-packages/airflow/example_dags/example_task_group_decorator.py for tasks to queue
[2024-05-15T10:46:01.418+0000] {logging_mixin.py:188} INFO - [2024-05-15T10:46:01.417+0000] {dagbag.py:540} INFO - Filling up the DagBag from /home/airflow/.local/lib/python3.12/site-packages/airflow/example_dags/example_task_group_decorator.py
[2024-05-15T10:46:01.448+0000] {processor.py:840} INFO - DAG(s) 'example_task_group_decorator' retrieved from /home/airflow/.local/lib/python3.12/site-packages/airflow/example_dags/example_task_group_decorator.py
[2024-05-15T10:46:01.480+0000] {logging_mixin.py:188} INFO - [2024-05-15T10:46:01.480+0000] {dag.py:3096} INFO - Sync 1 DAGs
[2024-05-15T10:46:01.507+0000] {logging_mixin.py:188} INFO - [2024-05-15T10:46:01.506+0000] {dag.py:3954} INFO - Setting next_dagrun for example_task_group_decorator to 2024-05-14 00:00:00+00:00, run_after=2024-05-15 00:00:00+00:00
[2024-05-15T10:46:01.529+0000] {processor.py:183} INFO - Processing /home/airflow/.local/lib/python3.12/site-packages/airflow/example_dags/example_task_group_decorator.py took 0.122 seconds
[2024-05-15T10:46:31.794+0000] {processor.py:161} INFO - Started process (PID=3928) to work on /home/airflow/.local/lib/python3.12/site-packages/airflow/example_dags/example_task_group_decorator.py
[2024-05-15T10:46:31.796+0000] {processor.py:830} INFO - Processing file /home/airflow/.local/lib/python3.12/site-packages/airflow/example_dags/example_task_group_decorator.py for tasks to queue
[2024-05-15T10:46:31.798+0000] {logging_mixin.py:188} INFO - [2024-05-15T10:46:31.797+0000] {dagbag.py:540} INFO - Filling up the DagBag from /home/airflow/.local/lib/python3.12/site-packages/airflow/example_dags/example_task_group_decorator.py
[2024-05-15T10:46:31.810+0000] {processor.py:840} INFO - DAG(s) 'example_task_group_decorator' retrieved from /home/airflow/.local/lib/python3.12/site-packages/airflow/example_dags/example_task_group_decorator.py
[2024-05-15T10:46:31.833+0000] {logging_mixin.py:188} INFO - [2024-05-15T10:46:31.832+0000] {dag.py:3096} INFO - Sync 1 DAGs
[2024-05-15T10:46:31.852+0000] {logging_mixin.py:188} INFO - [2024-05-15T10:46:31.852+0000] {dag.py:3954} INFO - Setting next_dagrun for example_task_group_decorator to 2024-05-14 00:00:00+00:00, run_after=2024-05-15 00:00:00+00:00
[2024-05-15T10:46:31.867+0000] {processor.py:183} INFO - Processing /home/airflow/.local/lib/python3.12/site-packages/airflow/example_dags/example_task_group_decorator.py took 0.079 seconds
[2024-05-15T10:47:02.109+0000] {processor.py:161} INFO - Started process (PID=3987) to work on /home/airflow/.local/lib/python3.12/site-packages/airflow/example_dags/example_task_group_decorator.py
[2024-05-15T10:47:02.111+0000] {processor.py:830} INFO - Processing file /home/airflow/.local/lib/python3.12/site-packages/airflow/example_dags/example_task_group_decorator.py for tasks to queue
[2024-05-15T10:47:02.113+0000] {logging_mixin.py:188} INFO - [2024-05-15T10:47:02.112+0000] {dagbag.py:540} INFO - Filling up the DagBag from /home/airflow/.local/lib/python3.12/site-packages/airflow/example_dags/example_task_group_decorator.py
[2024-05-15T10:47:02.124+0000] {processor.py:840} INFO - DAG(s) 'example_task_group_decorator' retrieved from /home/airflow/.local/lib/python3.12/site-packages/airflow/example_dags/example_task_group_decorator.py
[2024-05-15T10:47:02.146+0000] {logging_mixin.py:188} INFO - [2024-05-15T10:47:02.146+0000] {dag.py:3096} INFO - Sync 1 DAGs
[2024-05-15T10:47:02.166+0000] {logging_mixin.py:188} INFO - [2024-05-15T10:47:02.166+0000] {dag.py:3954} INFO - Setting next_dagrun for example_task_group_decorator to 2024-05-14 00:00:00+00:00, run_after=2024-05-15 00:00:00+00:00
[2024-05-15T10:47:02.182+0000] {processor.py:183} INFO - Processing /home/airflow/.local/lib/python3.12/site-packages/airflow/example_dags/example_task_group_decorator.py took 0.079 seconds
[2024-05-15T10:47:32.478+0000] {processor.py:161} INFO - Started process (PID=4046) to work on /home/airflow/.local/lib/python3.12/site-packages/airflow/example_dags/example_task_group_decorator.py
[2024-05-15T10:47:32.480+0000] {processor.py:830} INFO - Processing file /home/airflow/.local/lib/python3.12/site-packages/airflow/example_dags/example_task_group_decorator.py for tasks to queue
[2024-05-15T10:47:32.482+0000] {logging_mixin.py:188} INFO - [2024-05-15T10:47:32.481+0000] {dagbag.py:540} INFO - Filling up the DagBag from /home/airflow/.local/lib/python3.12/site-packages/airflow/example_dags/example_task_group_decorator.py
[2024-05-15T10:47:32.497+0000] {processor.py:840} INFO - DAG(s) 'example_task_group_decorator' retrieved from /home/airflow/.local/lib/python3.12/site-packages/airflow/example_dags/example_task_group_decorator.py
[2024-05-15T10:47:32.530+0000] {logging_mixin.py:188} INFO - [2024-05-15T10:47:32.530+0000] {dag.py:3096} INFO - Sync 1 DAGs
[2024-05-15T10:47:32.552+0000] {logging_mixin.py:188} INFO - [2024-05-15T10:47:32.551+0000] {dag.py:3954} INFO - Setting next_dagrun for example_task_group_decorator to 2024-05-14 00:00:00+00:00, run_after=2024-05-15 00:00:00+00:00
[2024-05-15T10:47:32.571+0000] {processor.py:183} INFO - Processing /home/airflow/.local/lib/python3.12/site-packages/airflow/example_dags/example_task_group_decorator.py took 0.102 seconds
[2024-05-15T10:48:02.917+0000] {processor.py:161} INFO - Started process (PID=4105) to work on /home/airflow/.local/lib/python3.12/site-packages/airflow/example_dags/example_task_group_decorator.py
[2024-05-15T10:48:02.918+0000] {processor.py:830} INFO - Processing file /home/airflow/.local/lib/python3.12/site-packages/airflow/example_dags/example_task_group_decorator.py for tasks to queue
[2024-05-15T10:48:02.919+0000] {logging_mixin.py:188} INFO - [2024-05-15T10:48:02.919+0000] {dagbag.py:540} INFO - Filling up the DagBag from /home/airflow/.local/lib/python3.12/site-packages/airflow/example_dags/example_task_group_decorator.py
[2024-05-15T10:48:02.933+0000] {processor.py:840} INFO - DAG(s) 'example_task_group_decorator' retrieved from /home/airflow/.local/lib/python3.12/site-packages/airflow/example_dags/example_task_group_decorator.py
[2024-05-15T10:48:02.956+0000] {logging_mixin.py:188} INFO - [2024-05-15T10:48:02.956+0000] {dag.py:3096} INFO - Sync 1 DAGs
[2024-05-15T10:48:02.975+0000] {logging_mixin.py:188} INFO - [2024-05-15T10:48:02.974+0000] {dag.py:3954} INFO - Setting next_dagrun for example_task_group_decorator to 2024-05-14 00:00:00+00:00, run_after=2024-05-15 00:00:00+00:00
[2024-05-15T10:48:02.991+0000] {processor.py:183} INFO - Processing /home/airflow/.local/lib/python3.12/site-packages/airflow/example_dags/example_task_group_decorator.py took 0.081 seconds
