[2024-05-15T10:12:36.224+0000] {processor.py:161} INFO - Started process (PID=84) to work on /home/airflow/.local/lib/python3.12/site-packages/airflow/example_dags/example_skip_dag.py
[2024-05-15T10:12:36.224+0000] {processor.py:830} INFO - Processing file /home/airflow/.local/lib/python3.12/site-packages/airflow/example_dags/example_skip_dag.py for tasks to queue
[2024-05-15T10:12:36.226+0000] {logging_mixin.py:188} INFO - [2024-05-15T10:12:36.226+0000] {dagbag.py:540} INFO - Filling up the DagBag from /home/airflow/.local/lib/python3.12/site-packages/airflow/example_dags/example_skip_dag.py
[2024-05-15T10:12:36.235+0000] {processor.py:840} INFO - DAG(s) 'example_skip_dag' retrieved from /home/airflow/.local/lib/python3.12/site-packages/airflow/example_dags/example_skip_dag.py
[2024-05-15T10:12:36.261+0000] {logging_mixin.py:188} INFO - [2024-05-15T10:12:36.261+0000] {dag.py:3096} INFO - Sync 1 DAGs
[2024-05-15T10:12:36.303+0000] {logging_mixin.py:188} INFO - [2024-05-15T10:12:36.303+0000] {dag.py:3954} INFO - Setting next_dagrun for example_skip_dag to 2024-05-14 00:00:00+00:00, run_after=2024-05-15 00:00:00+00:00
[2024-05-15T10:12:36.326+0000] {processor.py:183} INFO - Processing /home/airflow/.local/lib/python3.12/site-packages/airflow/example_dags/example_skip_dag.py took 0.109 seconds
[2024-05-15T10:13:06.924+0000] {processor.py:161} INFO - Started process (PID=143) to work on /home/airflow/.local/lib/python3.12/site-packages/airflow/example_dags/example_skip_dag.py
[2024-05-15T10:13:06.925+0000] {processor.py:830} INFO - Processing file /home/airflow/.local/lib/python3.12/site-packages/airflow/example_dags/example_skip_dag.py for tasks to queue
[2024-05-15T10:13:06.927+0000] {logging_mixin.py:188} INFO - [2024-05-15T10:13:06.927+0000] {dagbag.py:540} INFO - Filling up the DagBag from /home/airflow/.local/lib/python3.12/site-packages/airflow/example_dags/example_skip_dag.py
[2024-05-15T10:13:06.933+0000] {processor.py:840} INFO - DAG(s) 'example_skip_dag' retrieved from /home/airflow/.local/lib/python3.12/site-packages/airflow/example_dags/example_skip_dag.py
[2024-05-15T10:13:06.955+0000] {logging_mixin.py:188} INFO - [2024-05-15T10:13:06.955+0000] {dag.py:3096} INFO - Sync 1 DAGs
[2024-05-15T10:13:06.975+0000] {logging_mixin.py:188} INFO - [2024-05-15T10:13:06.975+0000] {dag.py:3954} INFO - Setting next_dagrun for example_skip_dag to 2024-05-14 00:00:00+00:00, run_after=2024-05-15 00:00:00+00:00
[2024-05-15T10:13:06.991+0000] {processor.py:183} INFO - Processing /home/airflow/.local/lib/python3.12/site-packages/airflow/example_dags/example_skip_dag.py took 0.072 seconds
[2024-05-15T10:13:37.083+0000] {processor.py:161} INFO - Started process (PID=202) to work on /home/airflow/.local/lib/python3.12/site-packages/airflow/example_dags/example_skip_dag.py
[2024-05-15T10:13:37.084+0000] {processor.py:830} INFO - Processing file /home/airflow/.local/lib/python3.12/site-packages/airflow/example_dags/example_skip_dag.py for tasks to queue
[2024-05-15T10:13:37.086+0000] {logging_mixin.py:188} INFO - [2024-05-15T10:13:37.086+0000] {dagbag.py:540} INFO - Filling up the DagBag from /home/airflow/.local/lib/python3.12/site-packages/airflow/example_dags/example_skip_dag.py
[2024-05-15T10:13:37.092+0000] {processor.py:840} INFO - DAG(s) 'example_skip_dag' retrieved from /home/airflow/.local/lib/python3.12/site-packages/airflow/example_dags/example_skip_dag.py
[2024-05-15T10:13:37.114+0000] {logging_mixin.py:188} INFO - [2024-05-15T10:13:37.113+0000] {dag.py:3096} INFO - Sync 1 DAGs
[2024-05-15T10:13:37.132+0000] {logging_mixin.py:188} INFO - [2024-05-15T10:13:37.132+0000] {dag.py:3954} INFO - Setting next_dagrun for example_skip_dag to 2024-05-14 00:00:00+00:00, run_after=2024-05-15 00:00:00+00:00
[2024-05-15T10:13:37.156+0000] {processor.py:183} INFO - Processing /home/airflow/.local/lib/python3.12/site-packages/airflow/example_dags/example_skip_dag.py took 0.078 seconds
[2024-05-15T10:14:07.198+0000] {processor.py:161} INFO - Started process (PID=260) to work on /home/airflow/.local/lib/python3.12/site-packages/airflow/example_dags/example_skip_dag.py
[2024-05-15T10:14:07.199+0000] {processor.py:830} INFO - Processing file /home/airflow/.local/lib/python3.12/site-packages/airflow/example_dags/example_skip_dag.py for tasks to queue
[2024-05-15T10:14:07.201+0000] {logging_mixin.py:188} INFO - [2024-05-15T10:14:07.200+0000] {dagbag.py:540} INFO - Filling up the DagBag from /home/airflow/.local/lib/python3.12/site-packages/airflow/example_dags/example_skip_dag.py
[2024-05-15T10:14:07.209+0000] {processor.py:840} INFO - DAG(s) 'example_skip_dag' retrieved from /home/airflow/.local/lib/python3.12/site-packages/airflow/example_dags/example_skip_dag.py
[2024-05-15T10:14:07.228+0000] {logging_mixin.py:188} INFO - [2024-05-15T10:14:07.228+0000] {dag.py:3096} INFO - Sync 1 DAGs
[2024-05-15T10:14:07.247+0000] {logging_mixin.py:188} INFO - [2024-05-15T10:14:07.247+0000] {dag.py:3954} INFO - Setting next_dagrun for example_skip_dag to 2024-05-14 00:00:00+00:00, run_after=2024-05-15 00:00:00+00:00
[2024-05-15T10:14:07.266+0000] {processor.py:183} INFO - Processing /home/airflow/.local/lib/python3.12/site-packages/airflow/example_dags/example_skip_dag.py took 0.076 seconds
[2024-05-15T10:14:37.567+0000] {processor.py:161} INFO - Started process (PID=320) to work on /home/airflow/.local/lib/python3.12/site-packages/airflow/example_dags/example_skip_dag.py
[2024-05-15T10:14:37.568+0000] {processor.py:830} INFO - Processing file /home/airflow/.local/lib/python3.12/site-packages/airflow/example_dags/example_skip_dag.py for tasks to queue
[2024-05-15T10:14:37.570+0000] {logging_mixin.py:188} INFO - [2024-05-15T10:14:37.570+0000] {dagbag.py:540} INFO - Filling up the DagBag from /home/airflow/.local/lib/python3.12/site-packages/airflow/example_dags/example_skip_dag.py
[2024-05-15T10:14:37.576+0000] {processor.py:840} INFO - DAG(s) 'example_skip_dag' retrieved from /home/airflow/.local/lib/python3.12/site-packages/airflow/example_dags/example_skip_dag.py
[2024-05-15T10:14:37.595+0000] {logging_mixin.py:188} INFO - [2024-05-15T10:14:37.594+0000] {dag.py:3096} INFO - Sync 1 DAGs
[2024-05-15T10:14:37.613+0000] {logging_mixin.py:188} INFO - [2024-05-15T10:14:37.613+0000] {dag.py:3954} INFO - Setting next_dagrun for example_skip_dag to 2024-05-14 00:00:00+00:00, run_after=2024-05-15 00:00:00+00:00
[2024-05-15T10:14:37.633+0000] {processor.py:183} INFO - Processing /home/airflow/.local/lib/python3.12/site-packages/airflow/example_dags/example_skip_dag.py took 0.074 seconds
[2024-05-15T10:15:07.675+0000] {processor.py:161} INFO - Started process (PID=379) to work on /home/airflow/.local/lib/python3.12/site-packages/airflow/example_dags/example_skip_dag.py
[2024-05-15T10:15:07.676+0000] {processor.py:830} INFO - Processing file /home/airflow/.local/lib/python3.12/site-packages/airflow/example_dags/example_skip_dag.py for tasks to queue
[2024-05-15T10:15:07.678+0000] {logging_mixin.py:188} INFO - [2024-05-15T10:15:07.677+0000] {dagbag.py:540} INFO - Filling up the DagBag from /home/airflow/.local/lib/python3.12/site-packages/airflow/example_dags/example_skip_dag.py
[2024-05-15T10:15:07.682+0000] {processor.py:840} INFO - DAG(s) 'example_skip_dag' retrieved from /home/airflow/.local/lib/python3.12/site-packages/airflow/example_dags/example_skip_dag.py
[2024-05-15T10:15:07.701+0000] {logging_mixin.py:188} INFO - [2024-05-15T10:15:07.701+0000] {dag.py:3096} INFO - Sync 1 DAGs
[2024-05-15T10:15:07.720+0000] {logging_mixin.py:188} INFO - [2024-05-15T10:15:07.720+0000] {dag.py:3954} INFO - Setting next_dagrun for example_skip_dag to 2024-05-14 00:00:00+00:00, run_after=2024-05-15 00:00:00+00:00
[2024-05-15T10:15:07.751+0000] {processor.py:183} INFO - Processing /home/airflow/.local/lib/python3.12/site-packages/airflow/example_dags/example_skip_dag.py took 0.081 seconds
[2024-05-15T10:15:38.217+0000] {processor.py:161} INFO - Started process (PID=438) to work on /home/airflow/.local/lib/python3.12/site-packages/airflow/example_dags/example_skip_dag.py
[2024-05-15T10:15:38.218+0000] {processor.py:830} INFO - Processing file /home/airflow/.local/lib/python3.12/site-packages/airflow/example_dags/example_skip_dag.py for tasks to queue
[2024-05-15T10:15:38.220+0000] {logging_mixin.py:188} INFO - [2024-05-15T10:15:38.220+0000] {dagbag.py:540} INFO - Filling up the DagBag from /home/airflow/.local/lib/python3.12/site-packages/airflow/example_dags/example_skip_dag.py
[2024-05-15T10:15:38.225+0000] {processor.py:840} INFO - DAG(s) 'example_skip_dag' retrieved from /home/airflow/.local/lib/python3.12/site-packages/airflow/example_dags/example_skip_dag.py
[2024-05-15T10:15:38.245+0000] {logging_mixin.py:188} INFO - [2024-05-15T10:15:38.244+0000] {dag.py:3096} INFO - Sync 1 DAGs
[2024-05-15T10:15:38.262+0000] {logging_mixin.py:188} INFO - [2024-05-15T10:15:38.262+0000] {dag.py:3954} INFO - Setting next_dagrun for example_skip_dag to 2024-05-14 00:00:00+00:00, run_after=2024-05-15 00:00:00+00:00
[2024-05-15T10:15:38.280+0000] {processor.py:183} INFO - Processing /home/airflow/.local/lib/python3.12/site-packages/airflow/example_dags/example_skip_dag.py took 0.067 seconds
[2024-05-15T10:16:09.085+0000] {processor.py:161} INFO - Started process (PID=497) to work on /home/airflow/.local/lib/python3.12/site-packages/airflow/example_dags/example_skip_dag.py
[2024-05-15T10:16:09.086+0000] {processor.py:830} INFO - Processing file /home/airflow/.local/lib/python3.12/site-packages/airflow/example_dags/example_skip_dag.py for tasks to queue
[2024-05-15T10:16:09.089+0000] {logging_mixin.py:188} INFO - [2024-05-15T10:16:09.089+0000] {dagbag.py:540} INFO - Filling up the DagBag from /home/airflow/.local/lib/python3.12/site-packages/airflow/example_dags/example_skip_dag.py
[2024-05-15T10:16:09.098+0000] {processor.py:840} INFO - DAG(s) 'example_skip_dag' retrieved from /home/airflow/.local/lib/python3.12/site-packages/airflow/example_dags/example_skip_dag.py
[2024-05-15T10:16:09.128+0000] {logging_mixin.py:188} INFO - [2024-05-15T10:16:09.128+0000] {dag.py:3096} INFO - Sync 1 DAGs
[2024-05-15T10:16:09.161+0000] {logging_mixin.py:188} INFO - [2024-05-15T10:16:09.161+0000] {dag.py:3954} INFO - Setting next_dagrun for example_skip_dag to 2024-05-14 00:00:00+00:00, run_after=2024-05-15 00:00:00+00:00
[2024-05-15T10:16:09.201+0000] {processor.py:183} INFO - Processing /home/airflow/.local/lib/python3.12/site-packages/airflow/example_dags/example_skip_dag.py took 0.124 seconds
[2024-05-15T10:16:39.228+0000] {processor.py:161} INFO - Started process (PID=556) to work on /home/airflow/.local/lib/python3.12/site-packages/airflow/example_dags/example_skip_dag.py
[2024-05-15T10:16:39.229+0000] {processor.py:830} INFO - Processing file /home/airflow/.local/lib/python3.12/site-packages/airflow/example_dags/example_skip_dag.py for tasks to queue
[2024-05-15T10:16:39.231+0000] {logging_mixin.py:188} INFO - [2024-05-15T10:16:39.230+0000] {dagbag.py:540} INFO - Filling up the DagBag from /home/airflow/.local/lib/python3.12/site-packages/airflow/example_dags/example_skip_dag.py
[2024-05-15T10:16:39.237+0000] {processor.py:840} INFO - DAG(s) 'example_skip_dag' retrieved from /home/airflow/.local/lib/python3.12/site-packages/airflow/example_dags/example_skip_dag.py
[2024-05-15T10:16:39.258+0000] {logging_mixin.py:188} INFO - [2024-05-15T10:16:39.258+0000] {dag.py:3096} INFO - Sync 1 DAGs
[2024-05-15T10:16:39.284+0000] {logging_mixin.py:188} INFO - [2024-05-15T10:16:39.284+0000] {dag.py:3954} INFO - Setting next_dagrun for example_skip_dag to 2024-05-14 00:00:00+00:00, run_after=2024-05-15 00:00:00+00:00
[2024-05-15T10:16:39.302+0000] {processor.py:183} INFO - Processing /home/airflow/.local/lib/python3.12/site-packages/airflow/example_dags/example_skip_dag.py took 0.079 seconds
[2024-05-15T10:17:09.561+0000] {processor.py:161} INFO - Started process (PID=615) to work on /home/airflow/.local/lib/python3.12/site-packages/airflow/example_dags/example_skip_dag.py
[2024-05-15T10:17:09.562+0000] {processor.py:830} INFO - Processing file /home/airflow/.local/lib/python3.12/site-packages/airflow/example_dags/example_skip_dag.py for tasks to queue
[2024-05-15T10:17:09.564+0000] {logging_mixin.py:188} INFO - [2024-05-15T10:17:09.564+0000] {dagbag.py:540} INFO - Filling up the DagBag from /home/airflow/.local/lib/python3.12/site-packages/airflow/example_dags/example_skip_dag.py
[2024-05-15T10:17:09.571+0000] {processor.py:840} INFO - DAG(s) 'example_skip_dag' retrieved from /home/airflow/.local/lib/python3.12/site-packages/airflow/example_dags/example_skip_dag.py
[2024-05-15T10:17:09.589+0000] {logging_mixin.py:188} INFO - [2024-05-15T10:17:09.589+0000] {dag.py:3096} INFO - Sync 1 DAGs
[2024-05-15T10:17:09.610+0000] {logging_mixin.py:188} INFO - [2024-05-15T10:17:09.610+0000] {dag.py:3954} INFO - Setting next_dagrun for example_skip_dag to 2024-05-14 00:00:00+00:00, run_after=2024-05-15 00:00:00+00:00
[2024-05-15T10:17:09.625+0000] {processor.py:183} INFO - Processing /home/airflow/.local/lib/python3.12/site-packages/airflow/example_dags/example_skip_dag.py took 0.070 seconds
[2024-05-15T10:17:39.917+0000] {processor.py:161} INFO - Started process (PID=674) to work on /home/airflow/.local/lib/python3.12/site-packages/airflow/example_dags/example_skip_dag.py
[2024-05-15T10:17:39.918+0000] {processor.py:830} INFO - Processing file /home/airflow/.local/lib/python3.12/site-packages/airflow/example_dags/example_skip_dag.py for tasks to queue
[2024-05-15T10:17:39.920+0000] {logging_mixin.py:188} INFO - [2024-05-15T10:17:39.919+0000] {dagbag.py:540} INFO - Filling up the DagBag from /home/airflow/.local/lib/python3.12/site-packages/airflow/example_dags/example_skip_dag.py
[2024-05-15T10:17:39.925+0000] {processor.py:840} INFO - DAG(s) 'example_skip_dag' retrieved from /home/airflow/.local/lib/python3.12/site-packages/airflow/example_dags/example_skip_dag.py
[2024-05-15T10:17:39.949+0000] {logging_mixin.py:188} INFO - [2024-05-15T10:17:39.948+0000] {dag.py:3096} INFO - Sync 1 DAGs
[2024-05-15T10:17:39.969+0000] {logging_mixin.py:188} INFO - [2024-05-15T10:17:39.969+0000] {dag.py:3954} INFO - Setting next_dagrun for example_skip_dag to 2024-05-14 00:00:00+00:00, run_after=2024-05-15 00:00:00+00:00
[2024-05-15T10:17:39.989+0000] {processor.py:183} INFO - Processing /home/airflow/.local/lib/python3.12/site-packages/airflow/example_dags/example_skip_dag.py took 0.078 seconds
[2024-05-15T10:18:10.838+0000] {processor.py:161} INFO - Started process (PID=733) to work on /home/airflow/.local/lib/python3.12/site-packages/airflow/example_dags/example_skip_dag.py
[2024-05-15T10:18:10.839+0000] {processor.py:830} INFO - Processing file /home/airflow/.local/lib/python3.12/site-packages/airflow/example_dags/example_skip_dag.py for tasks to queue
[2024-05-15T10:18:10.841+0000] {logging_mixin.py:188} INFO - [2024-05-15T10:18:10.841+0000] {dagbag.py:540} INFO - Filling up the DagBag from /home/airflow/.local/lib/python3.12/site-packages/airflow/example_dags/example_skip_dag.py
[2024-05-15T10:18:10.846+0000] {processor.py:840} INFO - DAG(s) 'example_skip_dag' retrieved from /home/airflow/.local/lib/python3.12/site-packages/airflow/example_dags/example_skip_dag.py
[2024-05-15T10:18:10.863+0000] {logging_mixin.py:188} INFO - [2024-05-15T10:18:10.863+0000] {dag.py:3096} INFO - Sync 1 DAGs
[2024-05-15T10:18:10.882+0000] {logging_mixin.py:188} INFO - [2024-05-15T10:18:10.882+0000] {dag.py:3954} INFO - Setting next_dagrun for example_skip_dag to 2024-05-14 00:00:00+00:00, run_after=2024-05-15 00:00:00+00:00
[2024-05-15T10:18:10.897+0000] {processor.py:183} INFO - Processing /home/airflow/.local/lib/python3.12/site-packages/airflow/example_dags/example_skip_dag.py took 0.063 seconds
[2024-05-15T10:18:41.856+0000] {processor.py:161} INFO - Started process (PID=792) to work on /home/airflow/.local/lib/python3.12/site-packages/airflow/example_dags/example_skip_dag.py
[2024-05-15T10:18:41.857+0000] {processor.py:830} INFO - Processing file /home/airflow/.local/lib/python3.12/site-packages/airflow/example_dags/example_skip_dag.py for tasks to queue
[2024-05-15T10:18:41.859+0000] {logging_mixin.py:188} INFO - [2024-05-15T10:18:41.858+0000] {dagbag.py:540} INFO - Filling up the DagBag from /home/airflow/.local/lib/python3.12/site-packages/airflow/example_dags/example_skip_dag.py
[2024-05-15T10:18:41.865+0000] {processor.py:840} INFO - DAG(s) 'example_skip_dag' retrieved from /home/airflow/.local/lib/python3.12/site-packages/airflow/example_dags/example_skip_dag.py
[2024-05-15T10:18:41.885+0000] {logging_mixin.py:188} INFO - [2024-05-15T10:18:41.885+0000] {dag.py:3096} INFO - Sync 1 DAGs
[2024-05-15T10:18:41.908+0000] {logging_mixin.py:188} INFO - [2024-05-15T10:18:41.908+0000] {dag.py:3954} INFO - Setting next_dagrun for example_skip_dag to 2024-05-14 00:00:00+00:00, run_after=2024-05-15 00:00:00+00:00
[2024-05-15T10:18:41.928+0000] {processor.py:183} INFO - Processing /home/airflow/.local/lib/python3.12/site-packages/airflow/example_dags/example_skip_dag.py took 0.078 seconds
[2024-05-15T10:19:12.283+0000] {processor.py:161} INFO - Started process (PID=851) to work on /home/airflow/.local/lib/python3.12/site-packages/airflow/example_dags/example_skip_dag.py
[2024-05-15T10:19:12.284+0000] {processor.py:830} INFO - Processing file /home/airflow/.local/lib/python3.12/site-packages/airflow/example_dags/example_skip_dag.py for tasks to queue
[2024-05-15T10:19:12.285+0000] {logging_mixin.py:188} INFO - [2024-05-15T10:19:12.285+0000] {dagbag.py:540} INFO - Filling up the DagBag from /home/airflow/.local/lib/python3.12/site-packages/airflow/example_dags/example_skip_dag.py
[2024-05-15T10:19:12.290+0000] {processor.py:840} INFO - DAG(s) 'example_skip_dag' retrieved from /home/airflow/.local/lib/python3.12/site-packages/airflow/example_dags/example_skip_dag.py
[2024-05-15T10:19:12.308+0000] {logging_mixin.py:188} INFO - [2024-05-15T10:19:12.307+0000] {dag.py:3096} INFO - Sync 1 DAGs
[2024-05-15T10:19:12.326+0000] {logging_mixin.py:188} INFO - [2024-05-15T10:19:12.325+0000] {dag.py:3954} INFO - Setting next_dagrun for example_skip_dag to 2024-05-14 00:00:00+00:00, run_after=2024-05-15 00:00:00+00:00
[2024-05-15T10:19:12.350+0000] {processor.py:183} INFO - Processing /home/airflow/.local/lib/python3.12/site-packages/airflow/example_dags/example_skip_dag.py took 0.072 seconds
[2024-05-15T10:19:43.150+0000] {processor.py:161} INFO - Started process (PID=910) to work on /home/airflow/.local/lib/python3.12/site-packages/airflow/example_dags/example_skip_dag.py
[2024-05-15T10:19:43.151+0000] {processor.py:830} INFO - Processing file /home/airflow/.local/lib/python3.12/site-packages/airflow/example_dags/example_skip_dag.py for tasks to queue
[2024-05-15T10:19:43.153+0000] {logging_mixin.py:188} INFO - [2024-05-15T10:19:43.153+0000] {dagbag.py:540} INFO - Filling up the DagBag from /home/airflow/.local/lib/python3.12/site-packages/airflow/example_dags/example_skip_dag.py
[2024-05-15T10:19:43.159+0000] {processor.py:840} INFO - DAG(s) 'example_skip_dag' retrieved from /home/airflow/.local/lib/python3.12/site-packages/airflow/example_dags/example_skip_dag.py
[2024-05-15T10:19:43.177+0000] {logging_mixin.py:188} INFO - [2024-05-15T10:19:43.177+0000] {dag.py:3096} INFO - Sync 1 DAGs
[2024-05-15T10:19:43.196+0000] {logging_mixin.py:188} INFO - [2024-05-15T10:19:43.196+0000] {dag.py:3954} INFO - Setting next_dagrun for example_skip_dag to 2024-05-14 00:00:00+00:00, run_after=2024-05-15 00:00:00+00:00
[2024-05-15T10:19:43.213+0000] {processor.py:183} INFO - Processing /home/airflow/.local/lib/python3.12/site-packages/airflow/example_dags/example_skip_dag.py took 0.068 seconds
[2024-05-15T10:20:14.018+0000] {processor.py:161} INFO - Started process (PID=975) to work on /home/airflow/.local/lib/python3.12/site-packages/airflow/example_dags/example_skip_dag.py
[2024-05-15T10:20:14.019+0000] {processor.py:830} INFO - Processing file /home/airflow/.local/lib/python3.12/site-packages/airflow/example_dags/example_skip_dag.py for tasks to queue
[2024-05-15T10:20:14.021+0000] {logging_mixin.py:188} INFO - [2024-05-15T10:20:14.021+0000] {dagbag.py:540} INFO - Filling up the DagBag from /home/airflow/.local/lib/python3.12/site-packages/airflow/example_dags/example_skip_dag.py
[2024-05-15T10:20:14.027+0000] {processor.py:840} INFO - DAG(s) 'example_skip_dag' retrieved from /home/airflow/.local/lib/python3.12/site-packages/airflow/example_dags/example_skip_dag.py
[2024-05-15T10:20:14.048+0000] {logging_mixin.py:188} INFO - [2024-05-15T10:20:14.048+0000] {dag.py:3096} INFO - Sync 1 DAGs
[2024-05-15T10:20:14.073+0000] {logging_mixin.py:188} INFO - [2024-05-15T10:20:14.072+0000] {dag.py:3954} INFO - Setting next_dagrun for example_skip_dag to 2024-05-14 00:00:00+00:00, run_after=2024-05-15 00:00:00+00:00
[2024-05-15T10:20:14.092+0000] {processor.py:183} INFO - Processing /home/airflow/.local/lib/python3.12/site-packages/airflow/example_dags/example_skip_dag.py took 0.079 seconds
[2024-05-15T10:20:44.893+0000] {processor.py:161} INFO - Started process (PID=1034) to work on /home/airflow/.local/lib/python3.12/site-packages/airflow/example_dags/example_skip_dag.py
[2024-05-15T10:20:44.894+0000] {processor.py:830} INFO - Processing file /home/airflow/.local/lib/python3.12/site-packages/airflow/example_dags/example_skip_dag.py for tasks to queue
[2024-05-15T10:20:44.897+0000] {logging_mixin.py:188} INFO - [2024-05-15T10:20:44.896+0000] {dagbag.py:540} INFO - Filling up the DagBag from /home/airflow/.local/lib/python3.12/site-packages/airflow/example_dags/example_skip_dag.py
[2024-05-15T10:20:44.902+0000] {processor.py:840} INFO - DAG(s) 'example_skip_dag' retrieved from /home/airflow/.local/lib/python3.12/site-packages/airflow/example_dags/example_skip_dag.py
[2024-05-15T10:20:45.100+0000] {logging_mixin.py:188} INFO - [2024-05-15T10:20:45.100+0000] {dag.py:3096} INFO - Sync 1 DAGs
[2024-05-15T10:20:45.125+0000] {logging_mixin.py:188} INFO - [2024-05-15T10:20:45.125+0000] {dag.py:3954} INFO - Setting next_dagrun for example_skip_dag to 2024-05-14 00:00:00+00:00, run_after=2024-05-15 00:00:00+00:00
[2024-05-15T10:20:45.145+0000] {processor.py:183} INFO - Processing /home/airflow/.local/lib/python3.12/site-packages/airflow/example_dags/example_skip_dag.py took 0.258 seconds
[2024-05-15T10:21:15.440+0000] {processor.py:161} INFO - Started process (PID=1093) to work on /home/airflow/.local/lib/python3.12/site-packages/airflow/example_dags/example_skip_dag.py
[2024-05-15T10:21:15.441+0000] {processor.py:830} INFO - Processing file /home/airflow/.local/lib/python3.12/site-packages/airflow/example_dags/example_skip_dag.py for tasks to queue
[2024-05-15T10:21:15.443+0000] {logging_mixin.py:188} INFO - [2024-05-15T10:21:15.443+0000] {dagbag.py:540} INFO - Filling up the DagBag from /home/airflow/.local/lib/python3.12/site-packages/airflow/example_dags/example_skip_dag.py
[2024-05-15T10:21:15.449+0000] {processor.py:840} INFO - DAG(s) 'example_skip_dag' retrieved from /home/airflow/.local/lib/python3.12/site-packages/airflow/example_dags/example_skip_dag.py
[2024-05-15T10:21:15.476+0000] {logging_mixin.py:188} INFO - [2024-05-15T10:21:15.476+0000] {dag.py:3096} INFO - Sync 1 DAGs
[2024-05-15T10:21:15.510+0000] {logging_mixin.py:188} INFO - [2024-05-15T10:21:15.509+0000] {dag.py:3954} INFO - Setting next_dagrun for example_skip_dag to 2024-05-14 00:00:00+00:00, run_after=2024-05-15 00:00:00+00:00
[2024-05-15T10:21:15.538+0000] {processor.py:183} INFO - Processing /home/airflow/.local/lib/python3.12/site-packages/airflow/example_dags/example_skip_dag.py took 0.103 seconds
[2024-05-15T10:21:45.631+0000] {processor.py:161} INFO - Started process (PID=1152) to work on /home/airflow/.local/lib/python3.12/site-packages/airflow/example_dags/example_skip_dag.py
[2024-05-15T10:21:45.632+0000] {processor.py:830} INFO - Processing file /home/airflow/.local/lib/python3.12/site-packages/airflow/example_dags/example_skip_dag.py for tasks to queue
[2024-05-15T10:21:45.634+0000] {logging_mixin.py:188} INFO - [2024-05-15T10:21:45.634+0000] {dagbag.py:540} INFO - Filling up the DagBag from /home/airflow/.local/lib/python3.12/site-packages/airflow/example_dags/example_skip_dag.py
[2024-05-15T10:21:45.641+0000] {processor.py:840} INFO - DAG(s) 'example_skip_dag' retrieved from /home/airflow/.local/lib/python3.12/site-packages/airflow/example_dags/example_skip_dag.py
[2024-05-15T10:21:45.664+0000] {logging_mixin.py:188} INFO - [2024-05-15T10:21:45.664+0000] {dag.py:3096} INFO - Sync 1 DAGs
[2024-05-15T10:21:45.683+0000] {logging_mixin.py:188} INFO - [2024-05-15T10:21:45.683+0000] {dag.py:3954} INFO - Setting next_dagrun for example_skip_dag to 2024-05-14 00:00:00+00:00, run_after=2024-05-15 00:00:00+00:00
[2024-05-15T10:21:45.702+0000] {processor.py:183} INFO - Processing /home/airflow/.local/lib/python3.12/site-packages/airflow/example_dags/example_skip_dag.py took 0.076 seconds
[2024-05-15T10:22:15.810+0000] {processor.py:161} INFO - Started process (PID=1211) to work on /home/airflow/.local/lib/python3.12/site-packages/airflow/example_dags/example_skip_dag.py
[2024-05-15T10:22:15.811+0000] {processor.py:830} INFO - Processing file /home/airflow/.local/lib/python3.12/site-packages/airflow/example_dags/example_skip_dag.py for tasks to queue
[2024-05-15T10:22:15.813+0000] {logging_mixin.py:188} INFO - [2024-05-15T10:22:15.812+0000] {dagbag.py:540} INFO - Filling up the DagBag from /home/airflow/.local/lib/python3.12/site-packages/airflow/example_dags/example_skip_dag.py
[2024-05-15T10:22:15.819+0000] {processor.py:840} INFO - DAG(s) 'example_skip_dag' retrieved from /home/airflow/.local/lib/python3.12/site-packages/airflow/example_dags/example_skip_dag.py
[2024-05-15T10:22:15.836+0000] {logging_mixin.py:188} INFO - [2024-05-15T10:22:15.836+0000] {dag.py:3096} INFO - Sync 1 DAGs
[2024-05-15T10:22:15.854+0000] {logging_mixin.py:188} INFO - [2024-05-15T10:22:15.854+0000] {dag.py:3954} INFO - Setting next_dagrun for example_skip_dag to 2024-05-14 00:00:00+00:00, run_after=2024-05-15 00:00:00+00:00
[2024-05-15T10:22:15.871+0000] {processor.py:183} INFO - Processing /home/airflow/.local/lib/python3.12/site-packages/airflow/example_dags/example_skip_dag.py took 0.067 seconds
[2024-05-15T10:22:46.577+0000] {processor.py:161} INFO - Started process (PID=1270) to work on /home/airflow/.local/lib/python3.12/site-packages/airflow/example_dags/example_skip_dag.py
[2024-05-15T10:22:46.579+0000] {processor.py:830} INFO - Processing file /home/airflow/.local/lib/python3.12/site-packages/airflow/example_dags/example_skip_dag.py for tasks to queue
[2024-05-15T10:22:46.580+0000] {logging_mixin.py:188} INFO - [2024-05-15T10:22:46.580+0000] {dagbag.py:540} INFO - Filling up the DagBag from /home/airflow/.local/lib/python3.12/site-packages/airflow/example_dags/example_skip_dag.py
[2024-05-15T10:22:46.585+0000] {processor.py:840} INFO - DAG(s) 'example_skip_dag' retrieved from /home/airflow/.local/lib/python3.12/site-packages/airflow/example_dags/example_skip_dag.py
[2024-05-15T10:22:46.603+0000] {logging_mixin.py:188} INFO - [2024-05-15T10:22:46.603+0000] {dag.py:3096} INFO - Sync 1 DAGs
[2024-05-15T10:22:46.624+0000] {logging_mixin.py:188} INFO - [2024-05-15T10:22:46.623+0000] {dag.py:3954} INFO - Setting next_dagrun for example_skip_dag to 2024-05-14 00:00:00+00:00, run_after=2024-05-15 00:00:00+00:00
[2024-05-15T10:22:46.639+0000] {processor.py:183} INFO - Processing /home/airflow/.local/lib/python3.12/site-packages/airflow/example_dags/example_skip_dag.py took 0.066 seconds
[2024-05-15T10:23:17.504+0000] {processor.py:161} INFO - Started process (PID=1329) to work on /home/airflow/.local/lib/python3.12/site-packages/airflow/example_dags/example_skip_dag.py
[2024-05-15T10:23:17.505+0000] {processor.py:830} INFO - Processing file /home/airflow/.local/lib/python3.12/site-packages/airflow/example_dags/example_skip_dag.py for tasks to queue
[2024-05-15T10:23:17.508+0000] {logging_mixin.py:188} INFO - [2024-05-15T10:23:17.507+0000] {dagbag.py:540} INFO - Filling up the DagBag from /home/airflow/.local/lib/python3.12/site-packages/airflow/example_dags/example_skip_dag.py
[2024-05-15T10:23:17.514+0000] {processor.py:840} INFO - DAG(s) 'example_skip_dag' retrieved from /home/airflow/.local/lib/python3.12/site-packages/airflow/example_dags/example_skip_dag.py
[2024-05-15T10:23:17.532+0000] {logging_mixin.py:188} INFO - [2024-05-15T10:23:17.531+0000] {dag.py:3096} INFO - Sync 1 DAGs
[2024-05-15T10:23:17.550+0000] {logging_mixin.py:188} INFO - [2024-05-15T10:23:17.550+0000] {dag.py:3954} INFO - Setting next_dagrun for example_skip_dag to 2024-05-14 00:00:00+00:00, run_after=2024-05-15 00:00:00+00:00
[2024-05-15T10:23:17.571+0000] {processor.py:183} INFO - Processing /home/airflow/.local/lib/python3.12/site-packages/airflow/example_dags/example_skip_dag.py took 0.072 seconds
[2024-05-15T10:23:48.469+0000] {processor.py:161} INFO - Started process (PID=1388) to work on /home/airflow/.local/lib/python3.12/site-packages/airflow/example_dags/example_skip_dag.py
[2024-05-15T10:23:48.470+0000] {processor.py:830} INFO - Processing file /home/airflow/.local/lib/python3.12/site-packages/airflow/example_dags/example_skip_dag.py for tasks to queue
[2024-05-15T10:23:48.471+0000] {logging_mixin.py:188} INFO - [2024-05-15T10:23:48.471+0000] {dagbag.py:540} INFO - Filling up the DagBag from /home/airflow/.local/lib/python3.12/site-packages/airflow/example_dags/example_skip_dag.py
[2024-05-15T10:23:48.476+0000] {processor.py:840} INFO - DAG(s) 'example_skip_dag' retrieved from /home/airflow/.local/lib/python3.12/site-packages/airflow/example_dags/example_skip_dag.py
[2024-05-15T10:23:48.494+0000] {logging_mixin.py:188} INFO - [2024-05-15T10:23:48.494+0000] {dag.py:3096} INFO - Sync 1 DAGs
[2024-05-15T10:23:48.512+0000] {logging_mixin.py:188} INFO - [2024-05-15T10:23:48.512+0000] {dag.py:3954} INFO - Setting next_dagrun for example_skip_dag to 2024-05-14 00:00:00+00:00, run_after=2024-05-15 00:00:00+00:00
[2024-05-15T10:23:48.527+0000] {processor.py:183} INFO - Processing /home/airflow/.local/lib/python3.12/site-packages/airflow/example_dags/example_skip_dag.py took 0.063 seconds
[2024-05-15T10:24:18.709+0000] {processor.py:161} INFO - Started process (PID=1447) to work on /home/airflow/.local/lib/python3.12/site-packages/airflow/example_dags/example_skip_dag.py
[2024-05-15T10:24:18.710+0000] {processor.py:830} INFO - Processing file /home/airflow/.local/lib/python3.12/site-packages/airflow/example_dags/example_skip_dag.py for tasks to queue
[2024-05-15T10:24:18.712+0000] {logging_mixin.py:188} INFO - [2024-05-15T10:24:18.711+0000] {dagbag.py:540} INFO - Filling up the DagBag from /home/airflow/.local/lib/python3.12/site-packages/airflow/example_dags/example_skip_dag.py
[2024-05-15T10:24:18.718+0000] {processor.py:840} INFO - DAG(s) 'example_skip_dag' retrieved from /home/airflow/.local/lib/python3.12/site-packages/airflow/example_dags/example_skip_dag.py
[2024-05-15T10:24:18.735+0000] {logging_mixin.py:188} INFO - [2024-05-15T10:24:18.735+0000] {dag.py:3096} INFO - Sync 1 DAGs
[2024-05-15T10:24:18.755+0000] {logging_mixin.py:188} INFO - [2024-05-15T10:24:18.755+0000] {dag.py:3954} INFO - Setting next_dagrun for example_skip_dag to 2024-05-14 00:00:00+00:00, run_after=2024-05-15 00:00:00+00:00
[2024-05-15T10:24:18.774+0000] {processor.py:183} INFO - Processing /home/airflow/.local/lib/python3.12/site-packages/airflow/example_dags/example_skip_dag.py took 0.070 seconds
[2024-05-15T10:24:49.031+0000] {processor.py:161} INFO - Started process (PID=1506) to work on /home/airflow/.local/lib/python3.12/site-packages/airflow/example_dags/example_skip_dag.py
[2024-05-15T10:24:49.033+0000] {processor.py:830} INFO - Processing file /home/airflow/.local/lib/python3.12/site-packages/airflow/example_dags/example_skip_dag.py for tasks to queue
[2024-05-15T10:24:49.035+0000] {logging_mixin.py:188} INFO - [2024-05-15T10:24:49.034+0000] {dagbag.py:540} INFO - Filling up the DagBag from /home/airflow/.local/lib/python3.12/site-packages/airflow/example_dags/example_skip_dag.py
[2024-05-15T10:24:49.039+0000] {processor.py:840} INFO - DAG(s) 'example_skip_dag' retrieved from /home/airflow/.local/lib/python3.12/site-packages/airflow/example_dags/example_skip_dag.py
[2024-05-15T10:24:49.060+0000] {logging_mixin.py:188} INFO - [2024-05-15T10:24:49.060+0000] {dag.py:3096} INFO - Sync 1 DAGs
[2024-05-15T10:24:49.081+0000] {logging_mixin.py:188} INFO - [2024-05-15T10:24:49.080+0000] {dag.py:3954} INFO - Setting next_dagrun for example_skip_dag to 2024-05-14 00:00:00+00:00, run_after=2024-05-15 00:00:00+00:00
[2024-05-15T10:24:49.097+0000] {processor.py:183} INFO - Processing /home/airflow/.local/lib/python3.12/site-packages/airflow/example_dags/example_skip_dag.py took 0.072 seconds
[2024-05-15T10:25:19.200+0000] {processor.py:161} INFO - Started process (PID=1565) to work on /home/airflow/.local/lib/python3.12/site-packages/airflow/example_dags/example_skip_dag.py
[2024-05-15T10:25:19.201+0000] {processor.py:830} INFO - Processing file /home/airflow/.local/lib/python3.12/site-packages/airflow/example_dags/example_skip_dag.py for tasks to queue
[2024-05-15T10:25:19.203+0000] {logging_mixin.py:188} INFO - [2024-05-15T10:25:19.202+0000] {dagbag.py:540} INFO - Filling up the DagBag from /home/airflow/.local/lib/python3.12/site-packages/airflow/example_dags/example_skip_dag.py
[2024-05-15T10:25:19.207+0000] {processor.py:840} INFO - DAG(s) 'example_skip_dag' retrieved from /home/airflow/.local/lib/python3.12/site-packages/airflow/example_dags/example_skip_dag.py
[2024-05-15T10:25:19.226+0000] {logging_mixin.py:188} INFO - [2024-05-15T10:25:19.226+0000] {dag.py:3096} INFO - Sync 1 DAGs
[2024-05-15T10:25:19.245+0000] {logging_mixin.py:188} INFO - [2024-05-15T10:25:19.245+0000] {dag.py:3954} INFO - Setting next_dagrun for example_skip_dag to 2024-05-14 00:00:00+00:00, run_after=2024-05-15 00:00:00+00:00
[2024-05-15T10:25:19.262+0000] {processor.py:183} INFO - Processing /home/airflow/.local/lib/python3.12/site-packages/airflow/example_dags/example_skip_dag.py took 0.067 seconds
[2024-05-15T10:25:49.344+0000] {processor.py:161} INFO - Started process (PID=1624) to work on /home/airflow/.local/lib/python3.12/site-packages/airflow/example_dags/example_skip_dag.py
[2024-05-15T10:25:49.345+0000] {processor.py:830} INFO - Processing file /home/airflow/.local/lib/python3.12/site-packages/airflow/example_dags/example_skip_dag.py for tasks to queue
[2024-05-15T10:25:49.347+0000] {logging_mixin.py:188} INFO - [2024-05-15T10:25:49.346+0000] {dagbag.py:540} INFO - Filling up the DagBag from /home/airflow/.local/lib/python3.12/site-packages/airflow/example_dags/example_skip_dag.py
[2024-05-15T10:25:49.352+0000] {processor.py:840} INFO - DAG(s) 'example_skip_dag' retrieved from /home/airflow/.local/lib/python3.12/site-packages/airflow/example_dags/example_skip_dag.py
[2024-05-15T10:25:49.380+0000] {logging_mixin.py:188} INFO - [2024-05-15T10:25:49.380+0000] {dag.py:3096} INFO - Sync 1 DAGs
[2024-05-15T10:25:49.399+0000] {logging_mixin.py:188} INFO - [2024-05-15T10:25:49.399+0000] {dag.py:3954} INFO - Setting next_dagrun for example_skip_dag to 2024-05-14 00:00:00+00:00, run_after=2024-05-15 00:00:00+00:00
[2024-05-15T10:25:49.415+0000] {processor.py:183} INFO - Processing /home/airflow/.local/lib/python3.12/site-packages/airflow/example_dags/example_skip_dag.py took 0.081 seconds
[2024-05-15T10:26:19.460+0000] {processor.py:161} INFO - Started process (PID=1683) to work on /home/airflow/.local/lib/python3.12/site-packages/airflow/example_dags/example_skip_dag.py
[2024-05-15T10:26:19.461+0000] {processor.py:830} INFO - Processing file /home/airflow/.local/lib/python3.12/site-packages/airflow/example_dags/example_skip_dag.py for tasks to queue
[2024-05-15T10:26:19.463+0000] {logging_mixin.py:188} INFO - [2024-05-15T10:26:19.463+0000] {dagbag.py:540} INFO - Filling up the DagBag from /home/airflow/.local/lib/python3.12/site-packages/airflow/example_dags/example_skip_dag.py
[2024-05-15T10:26:19.470+0000] {processor.py:840} INFO - DAG(s) 'example_skip_dag' retrieved from /home/airflow/.local/lib/python3.12/site-packages/airflow/example_dags/example_skip_dag.py
[2024-05-15T10:26:19.489+0000] {logging_mixin.py:188} INFO - [2024-05-15T10:26:19.489+0000] {dag.py:3096} INFO - Sync 1 DAGs
[2024-05-15T10:26:19.511+0000] {logging_mixin.py:188} INFO - [2024-05-15T10:26:19.511+0000] {dag.py:3954} INFO - Setting next_dagrun for example_skip_dag to 2024-05-14 00:00:00+00:00, run_after=2024-05-15 00:00:00+00:00
[2024-05-15T10:26:19.529+0000] {processor.py:183} INFO - Processing /home/airflow/.local/lib/python3.12/site-packages/airflow/example_dags/example_skip_dag.py took 0.074 seconds
[2024-05-15T10:26:49.688+0000] {processor.py:161} INFO - Started process (PID=1742) to work on /home/airflow/.local/lib/python3.12/site-packages/airflow/example_dags/example_skip_dag.py
[2024-05-15T10:26:49.690+0000] {processor.py:830} INFO - Processing file /home/airflow/.local/lib/python3.12/site-packages/airflow/example_dags/example_skip_dag.py for tasks to queue
[2024-05-15T10:26:49.692+0000] {logging_mixin.py:188} INFO - [2024-05-15T10:26:49.691+0000] {dagbag.py:540} INFO - Filling up the DagBag from /home/airflow/.local/lib/python3.12/site-packages/airflow/example_dags/example_skip_dag.py
[2024-05-15T10:26:49.698+0000] {processor.py:840} INFO - DAG(s) 'example_skip_dag' retrieved from /home/airflow/.local/lib/python3.12/site-packages/airflow/example_dags/example_skip_dag.py
[2024-05-15T10:26:49.719+0000] {logging_mixin.py:188} INFO - [2024-05-15T10:26:49.718+0000] {dag.py:3096} INFO - Sync 1 DAGs
[2024-05-15T10:26:49.739+0000] {logging_mixin.py:188} INFO - [2024-05-15T10:26:49.739+0000] {dag.py:3954} INFO - Setting next_dagrun for example_skip_dag to 2024-05-14 00:00:00+00:00, run_after=2024-05-15 00:00:00+00:00
[2024-05-15T10:26:49.758+0000] {processor.py:183} INFO - Processing /home/airflow/.local/lib/python3.12/site-packages/airflow/example_dags/example_skip_dag.py took 0.076 seconds
[2024-05-15T10:27:19.939+0000] {processor.py:161} INFO - Started process (PID=1801) to work on /home/airflow/.local/lib/python3.12/site-packages/airflow/example_dags/example_skip_dag.py
[2024-05-15T10:27:19.940+0000] {processor.py:830} INFO - Processing file /home/airflow/.local/lib/python3.12/site-packages/airflow/example_dags/example_skip_dag.py for tasks to queue
[2024-05-15T10:27:19.942+0000] {logging_mixin.py:188} INFO - [2024-05-15T10:27:19.942+0000] {dagbag.py:540} INFO - Filling up the DagBag from /home/airflow/.local/lib/python3.12/site-packages/airflow/example_dags/example_skip_dag.py
[2024-05-15T10:27:19.947+0000] {processor.py:840} INFO - DAG(s) 'example_skip_dag' retrieved from /home/airflow/.local/lib/python3.12/site-packages/airflow/example_dags/example_skip_dag.py
[2024-05-15T10:27:19.966+0000] {logging_mixin.py:188} INFO - [2024-05-15T10:27:19.965+0000] {dag.py:3096} INFO - Sync 1 DAGs
[2024-05-15T10:27:19.984+0000] {logging_mixin.py:188} INFO - [2024-05-15T10:27:19.984+0000] {dag.py:3954} INFO - Setting next_dagrun for example_skip_dag to 2024-05-14 00:00:00+00:00, run_after=2024-05-15 00:00:00+00:00
[2024-05-15T10:27:20.002+0000] {processor.py:183} INFO - Processing /home/airflow/.local/lib/python3.12/site-packages/airflow/example_dags/example_skip_dag.py took 0.068 seconds
[2024-05-15T10:27:50.033+0000] {processor.py:161} INFO - Started process (PID=1860) to work on /home/airflow/.local/lib/python3.12/site-packages/airflow/example_dags/example_skip_dag.py
[2024-05-15T10:27:50.034+0000] {processor.py:830} INFO - Processing file /home/airflow/.local/lib/python3.12/site-packages/airflow/example_dags/example_skip_dag.py for tasks to queue
[2024-05-15T10:27:50.037+0000] {logging_mixin.py:188} INFO - [2024-05-15T10:27:50.036+0000] {dagbag.py:540} INFO - Filling up the DagBag from /home/airflow/.local/lib/python3.12/site-packages/airflow/example_dags/example_skip_dag.py
[2024-05-15T10:27:50.047+0000] {processor.py:840} INFO - DAG(s) 'example_skip_dag' retrieved from /home/airflow/.local/lib/python3.12/site-packages/airflow/example_dags/example_skip_dag.py
[2024-05-15T10:27:50.071+0000] {logging_mixin.py:188} INFO - [2024-05-15T10:27:50.071+0000] {dag.py:3096} INFO - Sync 1 DAGs
[2024-05-15T10:27:50.096+0000] {logging_mixin.py:188} INFO - [2024-05-15T10:27:50.095+0000] {dag.py:3954} INFO - Setting next_dagrun for example_skip_dag to 2024-05-14 00:00:00+00:00, run_after=2024-05-15 00:00:00+00:00
[2024-05-15T10:27:50.116+0000] {processor.py:183} INFO - Processing /home/airflow/.local/lib/python3.12/site-packages/airflow/example_dags/example_skip_dag.py took 0.088 seconds
[2024-05-15T10:28:20.290+0000] {processor.py:161} INFO - Started process (PID=1920) to work on /home/airflow/.local/lib/python3.12/site-packages/airflow/example_dags/example_skip_dag.py
[2024-05-15T10:28:20.291+0000] {processor.py:830} INFO - Processing file /home/airflow/.local/lib/python3.12/site-packages/airflow/example_dags/example_skip_dag.py for tasks to queue
[2024-05-15T10:28:20.293+0000] {logging_mixin.py:188} INFO - [2024-05-15T10:28:20.293+0000] {dagbag.py:540} INFO - Filling up the DagBag from /home/airflow/.local/lib/python3.12/site-packages/airflow/example_dags/example_skip_dag.py
[2024-05-15T10:28:20.299+0000] {processor.py:840} INFO - DAG(s) 'example_skip_dag' retrieved from /home/airflow/.local/lib/python3.12/site-packages/airflow/example_dags/example_skip_dag.py
[2024-05-15T10:28:20.323+0000] {logging_mixin.py:188} INFO - [2024-05-15T10:28:20.323+0000] {dag.py:3096} INFO - Sync 1 DAGs
[2024-05-15T10:28:20.351+0000] {logging_mixin.py:188} INFO - [2024-05-15T10:28:20.351+0000] {dag.py:3954} INFO - Setting next_dagrun for example_skip_dag to 2024-05-14 00:00:00+00:00, run_after=2024-05-15 00:00:00+00:00
[2024-05-15T10:28:20.371+0000] {processor.py:183} INFO - Processing /home/airflow/.local/lib/python3.12/site-packages/airflow/example_dags/example_skip_dag.py took 0.087 seconds
[2024-05-15T10:29:42.550+0000] {processor.py:161} INFO - Started process (PID=1971) to work on /home/airflow/.local/lib/python3.12/site-packages/airflow/example_dags/example_skip_dag.py
[2024-05-15T10:29:42.557+0000] {processor.py:830} INFO - Processing file /home/airflow/.local/lib/python3.12/site-packages/airflow/example_dags/example_skip_dag.py for tasks to queue
[2024-05-15T10:29:42.562+0000] {logging_mixin.py:188} INFO - [2024-05-15T10:29:42.561+0000] {dagbag.py:540} INFO - Filling up the DagBag from /home/airflow/.local/lib/python3.12/site-packages/airflow/example_dags/example_skip_dag.py
[2024-05-15T10:29:42.584+0000] {processor.py:840} INFO - DAG(s) 'example_skip_dag' retrieved from /home/airflow/.local/lib/python3.12/site-packages/airflow/example_dags/example_skip_dag.py
[2024-05-15T10:29:42.656+0000] {logging_mixin.py:188} INFO - [2024-05-15T10:29:42.655+0000] {dag.py:3096} INFO - Sync 1 DAGs
[2024-05-15T10:29:42.722+0000] {logging_mixin.py:188} INFO - [2024-05-15T10:29:42.721+0000] {dag.py:3954} INFO - Setting next_dagrun for example_skip_dag to 2024-05-14 00:00:00+00:00, run_after=2024-05-15 00:00:00+00:00
[2024-05-15T10:29:42.774+0000] {processor.py:183} INFO - Processing /home/airflow/.local/lib/python3.12/site-packages/airflow/example_dags/example_skip_dag.py took 0.251 seconds
[2024-05-15T10:30:12.927+0000] {processor.py:161} INFO - Started process (PID=2030) to work on /home/airflow/.local/lib/python3.12/site-packages/airflow/example_dags/example_skip_dag.py
[2024-05-15T10:30:12.928+0000] {processor.py:830} INFO - Processing file /home/airflow/.local/lib/python3.12/site-packages/airflow/example_dags/example_skip_dag.py for tasks to queue
[2024-05-15T10:30:12.930+0000] {logging_mixin.py:188} INFO - [2024-05-15T10:30:12.929+0000] {dagbag.py:540} INFO - Filling up the DagBag from /home/airflow/.local/lib/python3.12/site-packages/airflow/example_dags/example_skip_dag.py
[2024-05-15T10:30:12.936+0000] {processor.py:840} INFO - DAG(s) 'example_skip_dag' retrieved from /home/airflow/.local/lib/python3.12/site-packages/airflow/example_dags/example_skip_dag.py
[2024-05-15T10:30:12.953+0000] {logging_mixin.py:188} INFO - [2024-05-15T10:30:12.953+0000] {dag.py:3096} INFO - Sync 1 DAGs
[2024-05-15T10:30:12.973+0000] {logging_mixin.py:188} INFO - [2024-05-15T10:30:12.973+0000] {dag.py:3954} INFO - Setting next_dagrun for example_skip_dag to 2024-05-14 00:00:00+00:00, run_after=2024-05-15 00:00:00+00:00
[2024-05-15T10:30:12.989+0000] {processor.py:183} INFO - Processing /home/airflow/.local/lib/python3.12/site-packages/airflow/example_dags/example_skip_dag.py took 0.067 seconds
[2024-05-15T10:30:43.937+0000] {processor.py:161} INFO - Started process (PID=2089) to work on /home/airflow/.local/lib/python3.12/site-packages/airflow/example_dags/example_skip_dag.py
[2024-05-15T10:30:43.938+0000] {processor.py:830} INFO - Processing file /home/airflow/.local/lib/python3.12/site-packages/airflow/example_dags/example_skip_dag.py for tasks to queue
[2024-05-15T10:30:43.940+0000] {logging_mixin.py:188} INFO - [2024-05-15T10:30:43.939+0000] {dagbag.py:540} INFO - Filling up the DagBag from /home/airflow/.local/lib/python3.12/site-packages/airflow/example_dags/example_skip_dag.py
[2024-05-15T10:30:43.948+0000] {processor.py:840} INFO - DAG(s) 'example_skip_dag' retrieved from /home/airflow/.local/lib/python3.12/site-packages/airflow/example_dags/example_skip_dag.py
[2024-05-15T10:30:43.973+0000] {logging_mixin.py:188} INFO - [2024-05-15T10:30:43.973+0000] {dag.py:3096} INFO - Sync 1 DAGs
[2024-05-15T10:30:44.000+0000] {logging_mixin.py:188} INFO - [2024-05-15T10:30:44.000+0000] {dag.py:3954} INFO - Setting next_dagrun for example_skip_dag to 2024-05-14 00:00:00+00:00, run_after=2024-05-15 00:00:00+00:00
[2024-05-15T10:30:44.029+0000] {processor.py:183} INFO - Processing /home/airflow/.local/lib/python3.12/site-packages/airflow/example_dags/example_skip_dag.py took 0.099 seconds
[2024-05-15T10:31:14.405+0000] {processor.py:161} INFO - Started process (PID=2148) to work on /home/airflow/.local/lib/python3.12/site-packages/airflow/example_dags/example_skip_dag.py
[2024-05-15T10:31:14.406+0000] {processor.py:830} INFO - Processing file /home/airflow/.local/lib/python3.12/site-packages/airflow/example_dags/example_skip_dag.py for tasks to queue
[2024-05-15T10:31:14.409+0000] {logging_mixin.py:188} INFO - [2024-05-15T10:31:14.408+0000] {dagbag.py:540} INFO - Filling up the DagBag from /home/airflow/.local/lib/python3.12/site-packages/airflow/example_dags/example_skip_dag.py
[2024-05-15T10:31:14.417+0000] {processor.py:840} INFO - DAG(s) 'example_skip_dag' retrieved from /home/airflow/.local/lib/python3.12/site-packages/airflow/example_dags/example_skip_dag.py
[2024-05-15T10:31:14.440+0000] {logging_mixin.py:188} INFO - [2024-05-15T10:31:14.439+0000] {dag.py:3096} INFO - Sync 1 DAGs
[2024-05-15T10:31:14.461+0000] {logging_mixin.py:188} INFO - [2024-05-15T10:31:14.461+0000] {dag.py:3954} INFO - Setting next_dagrun for example_skip_dag to 2024-05-14 00:00:00+00:00, run_after=2024-05-15 00:00:00+00:00
[2024-05-15T10:31:14.481+0000] {processor.py:183} INFO - Processing /home/airflow/.local/lib/python3.12/site-packages/airflow/example_dags/example_skip_dag.py took 0.084 seconds
[2024-05-15T10:31:44.877+0000] {processor.py:161} INFO - Started process (PID=2213) to work on /home/airflow/.local/lib/python3.12/site-packages/airflow/example_dags/example_skip_dag.py
[2024-05-15T10:31:44.879+0000] {processor.py:830} INFO - Processing file /home/airflow/.local/lib/python3.12/site-packages/airflow/example_dags/example_skip_dag.py for tasks to queue
[2024-05-15T10:31:44.880+0000] {logging_mixin.py:188} INFO - [2024-05-15T10:31:44.880+0000] {dagbag.py:540} INFO - Filling up the DagBag from /home/airflow/.local/lib/python3.12/site-packages/airflow/example_dags/example_skip_dag.py
[2024-05-15T10:31:44.886+0000] {processor.py:840} INFO - DAG(s) 'example_skip_dag' retrieved from /home/airflow/.local/lib/python3.12/site-packages/airflow/example_dags/example_skip_dag.py
[2024-05-15T10:31:44.906+0000] {logging_mixin.py:188} INFO - [2024-05-15T10:31:44.906+0000] {dag.py:3096} INFO - Sync 1 DAGs
[2024-05-15T10:31:44.926+0000] {logging_mixin.py:188} INFO - [2024-05-15T10:31:44.925+0000] {dag.py:3954} INFO - Setting next_dagrun for example_skip_dag to 2024-05-14 00:00:00+00:00, run_after=2024-05-15 00:00:00+00:00
[2024-05-15T10:31:44.944+0000] {processor.py:183} INFO - Processing /home/airflow/.local/lib/python3.12/site-packages/airflow/example_dags/example_skip_dag.py took 0.072 seconds
[2024-05-15T10:32:15.269+0000] {processor.py:161} INFO - Started process (PID=2272) to work on /home/airflow/.local/lib/python3.12/site-packages/airflow/example_dags/example_skip_dag.py
[2024-05-15T10:32:15.270+0000] {processor.py:830} INFO - Processing file /home/airflow/.local/lib/python3.12/site-packages/airflow/example_dags/example_skip_dag.py for tasks to queue
[2024-05-15T10:32:15.272+0000] {logging_mixin.py:188} INFO - [2024-05-15T10:32:15.272+0000] {dagbag.py:540} INFO - Filling up the DagBag from /home/airflow/.local/lib/python3.12/site-packages/airflow/example_dags/example_skip_dag.py
[2024-05-15T10:32:15.279+0000] {processor.py:840} INFO - DAG(s) 'example_skip_dag' retrieved from /home/airflow/.local/lib/python3.12/site-packages/airflow/example_dags/example_skip_dag.py
[2024-05-15T10:32:15.301+0000] {logging_mixin.py:188} INFO - [2024-05-15T10:32:15.300+0000] {dag.py:3096} INFO - Sync 1 DAGs
[2024-05-15T10:32:15.322+0000] {logging_mixin.py:188} INFO - [2024-05-15T10:32:15.322+0000] {dag.py:3954} INFO - Setting next_dagrun for example_skip_dag to 2024-05-14 00:00:00+00:00, run_after=2024-05-15 00:00:00+00:00
[2024-05-15T10:32:15.342+0000] {processor.py:183} INFO - Processing /home/airflow/.local/lib/python3.12/site-packages/airflow/example_dags/example_skip_dag.py took 0.080 seconds
[2024-05-15T10:32:45.759+0000] {processor.py:161} INFO - Started process (PID=2331) to work on /home/airflow/.local/lib/python3.12/site-packages/airflow/example_dags/example_skip_dag.py
[2024-05-15T10:32:45.760+0000] {processor.py:830} INFO - Processing file /home/airflow/.local/lib/python3.12/site-packages/airflow/example_dags/example_skip_dag.py for tasks to queue
[2024-05-15T10:32:45.762+0000] {logging_mixin.py:188} INFO - [2024-05-15T10:32:45.762+0000] {dagbag.py:540} INFO - Filling up the DagBag from /home/airflow/.local/lib/python3.12/site-packages/airflow/example_dags/example_skip_dag.py
[2024-05-15T10:32:45.767+0000] {processor.py:840} INFO - DAG(s) 'example_skip_dag' retrieved from /home/airflow/.local/lib/python3.12/site-packages/airflow/example_dags/example_skip_dag.py
[2024-05-15T10:32:45.787+0000] {logging_mixin.py:188} INFO - [2024-05-15T10:32:45.786+0000] {dag.py:3096} INFO - Sync 1 DAGs
[2024-05-15T10:32:45.805+0000] {logging_mixin.py:188} INFO - [2024-05-15T10:32:45.805+0000] {dag.py:3954} INFO - Setting next_dagrun for example_skip_dag to 2024-05-14 00:00:00+00:00, run_after=2024-05-15 00:00:00+00:00
[2024-05-15T10:32:45.822+0000] {processor.py:183} INFO - Processing /home/airflow/.local/lib/python3.12/site-packages/airflow/example_dags/example_skip_dag.py took 0.070 seconds
[2024-05-15T10:33:16.566+0000] {processor.py:161} INFO - Started process (PID=2390) to work on /home/airflow/.local/lib/python3.12/site-packages/airflow/example_dags/example_skip_dag.py
[2024-05-15T10:33:16.568+0000] {processor.py:830} INFO - Processing file /home/airflow/.local/lib/python3.12/site-packages/airflow/example_dags/example_skip_dag.py for tasks to queue
[2024-05-15T10:33:16.573+0000] {logging_mixin.py:188} INFO - [2024-05-15T10:33:16.571+0000] {dagbag.py:540} INFO - Filling up the DagBag from /home/airflow/.local/lib/python3.12/site-packages/airflow/example_dags/example_skip_dag.py
[2024-05-15T10:33:16.602+0000] {processor.py:840} INFO - DAG(s) 'example_skip_dag' retrieved from /home/airflow/.local/lib/python3.12/site-packages/airflow/example_dags/example_skip_dag.py
[2024-05-15T10:33:16.663+0000] {logging_mixin.py:188} INFO - [2024-05-15T10:33:16.663+0000] {dag.py:3096} INFO - Sync 1 DAGs
[2024-05-15T10:33:16.754+0000] {logging_mixin.py:188} INFO - [2024-05-15T10:33:16.752+0000] {dag.py:3954} INFO - Setting next_dagrun for example_skip_dag to 2024-05-14 00:00:00+00:00, run_after=2024-05-15 00:00:00+00:00
[2024-05-15T10:33:16.849+0000] {processor.py:183} INFO - Processing /home/airflow/.local/lib/python3.12/site-packages/airflow/example_dags/example_skip_dag.py took 0.301 seconds
[2024-05-15T10:33:47.660+0000] {processor.py:161} INFO - Started process (PID=2449) to work on /home/airflow/.local/lib/python3.12/site-packages/airflow/example_dags/example_skip_dag.py
[2024-05-15T10:33:47.663+0000] {processor.py:830} INFO - Processing file /home/airflow/.local/lib/python3.12/site-packages/airflow/example_dags/example_skip_dag.py for tasks to queue
[2024-05-15T10:33:47.665+0000] {logging_mixin.py:188} INFO - [2024-05-15T10:33:47.665+0000] {dagbag.py:540} INFO - Filling up the DagBag from /home/airflow/.local/lib/python3.12/site-packages/airflow/example_dags/example_skip_dag.py
[2024-05-15T10:33:47.673+0000] {processor.py:840} INFO - DAG(s) 'example_skip_dag' retrieved from /home/airflow/.local/lib/python3.12/site-packages/airflow/example_dags/example_skip_dag.py
[2024-05-15T10:33:47.698+0000] {logging_mixin.py:188} INFO - [2024-05-15T10:33:47.698+0000] {dag.py:3096} INFO - Sync 1 DAGs
[2024-05-15T10:33:47.721+0000] {logging_mixin.py:188} INFO - [2024-05-15T10:33:47.721+0000] {dag.py:3954} INFO - Setting next_dagrun for example_skip_dag to 2024-05-14 00:00:00+00:00, run_after=2024-05-15 00:00:00+00:00
[2024-05-15T10:33:47.748+0000] {processor.py:183} INFO - Processing /home/airflow/.local/lib/python3.12/site-packages/airflow/example_dags/example_skip_dag.py took 0.095 seconds
[2024-05-15T10:34:18.574+0000] {processor.py:161} INFO - Started process (PID=2507) to work on /home/airflow/.local/lib/python3.12/site-packages/airflow/example_dags/example_skip_dag.py
[2024-05-15T10:34:18.576+0000] {processor.py:830} INFO - Processing file /home/airflow/.local/lib/python3.12/site-packages/airflow/example_dags/example_skip_dag.py for tasks to queue
[2024-05-15T10:34:18.578+0000] {logging_mixin.py:188} INFO - [2024-05-15T10:34:18.578+0000] {dagbag.py:540} INFO - Filling up the DagBag from /home/airflow/.local/lib/python3.12/site-packages/airflow/example_dags/example_skip_dag.py
[2024-05-15T10:34:18.585+0000] {processor.py:840} INFO - DAG(s) 'example_skip_dag' retrieved from /home/airflow/.local/lib/python3.12/site-packages/airflow/example_dags/example_skip_dag.py
[2024-05-15T10:34:18.605+0000] {logging_mixin.py:188} INFO - [2024-05-15T10:34:18.605+0000] {dag.py:3096} INFO - Sync 1 DAGs
[2024-05-15T10:34:18.628+0000] {logging_mixin.py:188} INFO - [2024-05-15T10:34:18.628+0000] {dag.py:3954} INFO - Setting next_dagrun for example_skip_dag to 2024-05-14 00:00:00+00:00, run_after=2024-05-15 00:00:00+00:00
[2024-05-15T10:34:18.648+0000] {processor.py:183} INFO - Processing /home/airflow/.local/lib/python3.12/site-packages/airflow/example_dags/example_skip_dag.py took 0.080 seconds
[2024-05-15T10:34:49.290+0000] {processor.py:161} INFO - Started process (PID=2566) to work on /home/airflow/.local/lib/python3.12/site-packages/airflow/example_dags/example_skip_dag.py
[2024-05-15T10:34:49.291+0000] {processor.py:830} INFO - Processing file /home/airflow/.local/lib/python3.12/site-packages/airflow/example_dags/example_skip_dag.py for tasks to queue
[2024-05-15T10:34:49.293+0000] {logging_mixin.py:188} INFO - [2024-05-15T10:34:49.293+0000] {dagbag.py:540} INFO - Filling up the DagBag from /home/airflow/.local/lib/python3.12/site-packages/airflow/example_dags/example_skip_dag.py
[2024-05-15T10:34:49.300+0000] {processor.py:840} INFO - DAG(s) 'example_skip_dag' retrieved from /home/airflow/.local/lib/python3.12/site-packages/airflow/example_dags/example_skip_dag.py
[2024-05-15T10:34:49.327+0000] {logging_mixin.py:188} INFO - [2024-05-15T10:34:49.326+0000] {dag.py:3096} INFO - Sync 1 DAGs
[2024-05-15T10:34:49.353+0000] {logging_mixin.py:188} INFO - [2024-05-15T10:34:49.353+0000] {dag.py:3954} INFO - Setting next_dagrun for example_skip_dag to 2024-05-14 00:00:00+00:00, run_after=2024-05-15 00:00:00+00:00
[2024-05-15T10:34:49.372+0000] {processor.py:183} INFO - Processing /home/airflow/.local/lib/python3.12/site-packages/airflow/example_dags/example_skip_dag.py took 0.088 seconds
[2024-05-15T10:35:20.054+0000] {processor.py:161} INFO - Started process (PID=2625) to work on /home/airflow/.local/lib/python3.12/site-packages/airflow/example_dags/example_skip_dag.py
[2024-05-15T10:35:20.056+0000] {processor.py:830} INFO - Processing file /home/airflow/.local/lib/python3.12/site-packages/airflow/example_dags/example_skip_dag.py for tasks to queue
[2024-05-15T10:35:20.058+0000] {logging_mixin.py:188} INFO - [2024-05-15T10:35:20.058+0000] {dagbag.py:540} INFO - Filling up the DagBag from /home/airflow/.local/lib/python3.12/site-packages/airflow/example_dags/example_skip_dag.py
[2024-05-15T10:35:20.067+0000] {processor.py:840} INFO - DAG(s) 'example_skip_dag' retrieved from /home/airflow/.local/lib/python3.12/site-packages/airflow/example_dags/example_skip_dag.py
[2024-05-15T10:35:20.087+0000] {logging_mixin.py:188} INFO - [2024-05-15T10:35:20.087+0000] {dag.py:3096} INFO - Sync 1 DAGs
[2024-05-15T10:35:20.106+0000] {logging_mixin.py:188} INFO - [2024-05-15T10:35:20.106+0000] {dag.py:3954} INFO - Setting next_dagrun for example_skip_dag to 2024-05-14 00:00:00+00:00, run_after=2024-05-15 00:00:00+00:00
[2024-05-15T10:35:20.122+0000] {processor.py:183} INFO - Processing /home/airflow/.local/lib/python3.12/site-packages/airflow/example_dags/example_skip_dag.py took 0.076 seconds
[2024-05-15T10:35:51.010+0000] {processor.py:161} INFO - Started process (PID=2684) to work on /home/airflow/.local/lib/python3.12/site-packages/airflow/example_dags/example_skip_dag.py
[2024-05-15T10:35:51.011+0000] {processor.py:830} INFO - Processing file /home/airflow/.local/lib/python3.12/site-packages/airflow/example_dags/example_skip_dag.py for tasks to queue
[2024-05-15T10:35:51.013+0000] {logging_mixin.py:188} INFO - [2024-05-15T10:35:51.013+0000] {dagbag.py:540} INFO - Filling up the DagBag from /home/airflow/.local/lib/python3.12/site-packages/airflow/example_dags/example_skip_dag.py
[2024-05-15T10:35:51.021+0000] {processor.py:840} INFO - DAG(s) 'example_skip_dag' retrieved from /home/airflow/.local/lib/python3.12/site-packages/airflow/example_dags/example_skip_dag.py
[2024-05-15T10:35:51.043+0000] {logging_mixin.py:188} INFO - [2024-05-15T10:35:51.042+0000] {dag.py:3096} INFO - Sync 1 DAGs
[2024-05-15T10:35:51.069+0000] {logging_mixin.py:188} INFO - [2024-05-15T10:35:51.069+0000] {dag.py:3954} INFO - Setting next_dagrun for example_skip_dag to 2024-05-14 00:00:00+00:00, run_after=2024-05-15 00:00:00+00:00
[2024-05-15T10:35:51.093+0000] {processor.py:183} INFO - Processing /home/airflow/.local/lib/python3.12/site-packages/airflow/example_dags/example_skip_dag.py took 0.091 seconds
[2024-05-15T10:36:21.667+0000] {processor.py:161} INFO - Started process (PID=2743) to work on /home/airflow/.local/lib/python3.12/site-packages/airflow/example_dags/example_skip_dag.py
[2024-05-15T10:36:21.669+0000] {processor.py:830} INFO - Processing file /home/airflow/.local/lib/python3.12/site-packages/airflow/example_dags/example_skip_dag.py for tasks to queue
[2024-05-15T10:36:21.671+0000] {logging_mixin.py:188} INFO - [2024-05-15T10:36:21.670+0000] {dagbag.py:540} INFO - Filling up the DagBag from /home/airflow/.local/lib/python3.12/site-packages/airflow/example_dags/example_skip_dag.py
[2024-05-15T10:36:21.677+0000] {processor.py:840} INFO - DAG(s) 'example_skip_dag' retrieved from /home/airflow/.local/lib/python3.12/site-packages/airflow/example_dags/example_skip_dag.py
[2024-05-15T10:36:21.697+0000] {logging_mixin.py:188} INFO - [2024-05-15T10:36:21.697+0000] {dag.py:3096} INFO - Sync 1 DAGs
[2024-05-15T10:36:21.721+0000] {logging_mixin.py:188} INFO - [2024-05-15T10:36:21.721+0000] {dag.py:3954} INFO - Setting next_dagrun for example_skip_dag to 2024-05-14 00:00:00+00:00, run_after=2024-05-15 00:00:00+00:00
[2024-05-15T10:36:21.737+0000] {processor.py:183} INFO - Processing /home/airflow/.local/lib/python3.12/site-packages/airflow/example_dags/example_skip_dag.py took 0.077 seconds
[2024-05-15T10:36:52.218+0000] {processor.py:161} INFO - Started process (PID=2802) to work on /home/airflow/.local/lib/python3.12/site-packages/airflow/example_dags/example_skip_dag.py
[2024-05-15T10:36:52.219+0000] {processor.py:830} INFO - Processing file /home/airflow/.local/lib/python3.12/site-packages/airflow/example_dags/example_skip_dag.py for tasks to queue
[2024-05-15T10:36:52.221+0000] {logging_mixin.py:188} INFO - [2024-05-15T10:36:52.220+0000] {dagbag.py:540} INFO - Filling up the DagBag from /home/airflow/.local/lib/python3.12/site-packages/airflow/example_dags/example_skip_dag.py
[2024-05-15T10:36:52.226+0000] {processor.py:840} INFO - DAG(s) 'example_skip_dag' retrieved from /home/airflow/.local/lib/python3.12/site-packages/airflow/example_dags/example_skip_dag.py
[2024-05-15T10:36:52.248+0000] {logging_mixin.py:188} INFO - [2024-05-15T10:36:52.247+0000] {dag.py:3096} INFO - Sync 1 DAGs
[2024-05-15T10:36:52.269+0000] {logging_mixin.py:188} INFO - [2024-05-15T10:36:52.269+0000] {dag.py:3954} INFO - Setting next_dagrun for example_skip_dag to 2024-05-14 00:00:00+00:00, run_after=2024-05-15 00:00:00+00:00
[2024-05-15T10:36:52.287+0000] {processor.py:183} INFO - Processing /home/airflow/.local/lib/python3.12/site-packages/airflow/example_dags/example_skip_dag.py took 0.074 seconds
[2024-05-15T10:37:22.871+0000] {processor.py:161} INFO - Started process (PID=2861) to work on /home/airflow/.local/lib/python3.12/site-packages/airflow/example_dags/example_skip_dag.py
[2024-05-15T10:37:22.872+0000] {processor.py:830} INFO - Processing file /home/airflow/.local/lib/python3.12/site-packages/airflow/example_dags/example_skip_dag.py for tasks to queue
[2024-05-15T10:37:22.874+0000] {logging_mixin.py:188} INFO - [2024-05-15T10:37:22.874+0000] {dagbag.py:540} INFO - Filling up the DagBag from /home/airflow/.local/lib/python3.12/site-packages/airflow/example_dags/example_skip_dag.py
[2024-05-15T10:37:22.880+0000] {processor.py:840} INFO - DAG(s) 'example_skip_dag' retrieved from /home/airflow/.local/lib/python3.12/site-packages/airflow/example_dags/example_skip_dag.py
[2024-05-15T10:37:22.899+0000] {logging_mixin.py:188} INFO - [2024-05-15T10:37:22.899+0000] {dag.py:3096} INFO - Sync 1 DAGs
[2024-05-15T10:37:22.921+0000] {logging_mixin.py:188} INFO - [2024-05-15T10:37:22.920+0000] {dag.py:3954} INFO - Setting next_dagrun for example_skip_dag to 2024-05-14 00:00:00+00:00, run_after=2024-05-15 00:00:00+00:00
[2024-05-15T10:37:22.940+0000] {processor.py:183} INFO - Processing /home/airflow/.local/lib/python3.12/site-packages/airflow/example_dags/example_skip_dag.py took 0.075 seconds
[2024-05-15T10:37:53.532+0000] {processor.py:161} INFO - Started process (PID=2920) to work on /home/airflow/.local/lib/python3.12/site-packages/airflow/example_dags/example_skip_dag.py
[2024-05-15T10:37:53.533+0000] {processor.py:830} INFO - Processing file /home/airflow/.local/lib/python3.12/site-packages/airflow/example_dags/example_skip_dag.py for tasks to queue
[2024-05-15T10:37:53.535+0000] {logging_mixin.py:188} INFO - [2024-05-15T10:37:53.535+0000] {dagbag.py:540} INFO - Filling up the DagBag from /home/airflow/.local/lib/python3.12/site-packages/airflow/example_dags/example_skip_dag.py
[2024-05-15T10:37:53.541+0000] {processor.py:840} INFO - DAG(s) 'example_skip_dag' retrieved from /home/airflow/.local/lib/python3.12/site-packages/airflow/example_dags/example_skip_dag.py
[2024-05-15T10:37:53.569+0000] {logging_mixin.py:188} INFO - [2024-05-15T10:37:53.568+0000] {dag.py:3096} INFO - Sync 1 DAGs
[2024-05-15T10:37:53.594+0000] {logging_mixin.py:188} INFO - [2024-05-15T10:37:53.594+0000] {dag.py:3954} INFO - Setting next_dagrun for example_skip_dag to 2024-05-14 00:00:00+00:00, run_after=2024-05-15 00:00:00+00:00
[2024-05-15T10:37:53.610+0000] {processor.py:183} INFO - Processing /home/airflow/.local/lib/python3.12/site-packages/airflow/example_dags/example_skip_dag.py took 0.085 seconds
[2024-05-15T10:38:24.054+0000] {processor.py:161} INFO - Started process (PID=2979) to work on /home/airflow/.local/lib/python3.12/site-packages/airflow/example_dags/example_skip_dag.py
[2024-05-15T10:38:24.055+0000] {processor.py:830} INFO - Processing file /home/airflow/.local/lib/python3.12/site-packages/airflow/example_dags/example_skip_dag.py for tasks to queue
[2024-05-15T10:38:24.056+0000] {logging_mixin.py:188} INFO - [2024-05-15T10:38:24.056+0000] {dagbag.py:540} INFO - Filling up the DagBag from /home/airflow/.local/lib/python3.12/site-packages/airflow/example_dags/example_skip_dag.py
[2024-05-15T10:38:24.076+0000] {processor.py:840} INFO - DAG(s) 'example_skip_dag' retrieved from /home/airflow/.local/lib/python3.12/site-packages/airflow/example_dags/example_skip_dag.py
[2024-05-15T10:38:24.096+0000] {logging_mixin.py:188} INFO - [2024-05-15T10:38:24.096+0000] {dag.py:3096} INFO - Sync 1 DAGs
[2024-05-15T10:38:24.118+0000] {logging_mixin.py:188} INFO - [2024-05-15T10:38:24.118+0000] {dag.py:3954} INFO - Setting next_dagrun for example_skip_dag to 2024-05-14 00:00:00+00:00, run_after=2024-05-15 00:00:00+00:00
[2024-05-15T10:38:24.134+0000] {processor.py:183} INFO - Processing /home/airflow/.local/lib/python3.12/site-packages/airflow/example_dags/example_skip_dag.py took 0.086 seconds
[2024-05-15T10:38:54.514+0000] {processor.py:161} INFO - Started process (PID=3038) to work on /home/airflow/.local/lib/python3.12/site-packages/airflow/example_dags/example_skip_dag.py
[2024-05-15T10:38:54.515+0000] {processor.py:830} INFO - Processing file /home/airflow/.local/lib/python3.12/site-packages/airflow/example_dags/example_skip_dag.py for tasks to queue
[2024-05-15T10:38:54.516+0000] {logging_mixin.py:188} INFO - [2024-05-15T10:38:54.516+0000] {dagbag.py:540} INFO - Filling up the DagBag from /home/airflow/.local/lib/python3.12/site-packages/airflow/example_dags/example_skip_dag.py
[2024-05-15T10:38:54.522+0000] {processor.py:840} INFO - DAG(s) 'example_skip_dag' retrieved from /home/airflow/.local/lib/python3.12/site-packages/airflow/example_dags/example_skip_dag.py
[2024-05-15T10:38:54.540+0000] {logging_mixin.py:188} INFO - [2024-05-15T10:38:54.540+0000] {dag.py:3096} INFO - Sync 1 DAGs
[2024-05-15T10:38:54.560+0000] {logging_mixin.py:188} INFO - [2024-05-15T10:38:54.560+0000] {dag.py:3954} INFO - Setting next_dagrun for example_skip_dag to 2024-05-14 00:00:00+00:00, run_after=2024-05-15 00:00:00+00:00
[2024-05-15T10:38:54.578+0000] {processor.py:183} INFO - Processing /home/airflow/.local/lib/python3.12/site-packages/airflow/example_dags/example_skip_dag.py took 0.070 seconds
[2024-05-15T10:39:24.939+0000] {processor.py:161} INFO - Started process (PID=3097) to work on /home/airflow/.local/lib/python3.12/site-packages/airflow/example_dags/example_skip_dag.py
[2024-05-15T10:39:24.940+0000] {processor.py:830} INFO - Processing file /home/airflow/.local/lib/python3.12/site-packages/airflow/example_dags/example_skip_dag.py for tasks to queue
[2024-05-15T10:39:24.941+0000] {logging_mixin.py:188} INFO - [2024-05-15T10:39:24.941+0000] {dagbag.py:540} INFO - Filling up the DagBag from /home/airflow/.local/lib/python3.12/site-packages/airflow/example_dags/example_skip_dag.py
[2024-05-15T10:39:24.947+0000] {processor.py:840} INFO - DAG(s) 'example_skip_dag' retrieved from /home/airflow/.local/lib/python3.12/site-packages/airflow/example_dags/example_skip_dag.py
[2024-05-15T10:39:24.966+0000] {logging_mixin.py:188} INFO - [2024-05-15T10:39:24.966+0000] {dag.py:3096} INFO - Sync 1 DAGs
[2024-05-15T10:39:24.985+0000] {logging_mixin.py:188} INFO - [2024-05-15T10:39:24.985+0000] {dag.py:3954} INFO - Setting next_dagrun for example_skip_dag to 2024-05-14 00:00:00+00:00, run_after=2024-05-15 00:00:00+00:00
[2024-05-15T10:39:25.000+0000] {processor.py:183} INFO - Processing /home/airflow/.local/lib/python3.12/site-packages/airflow/example_dags/example_skip_dag.py took 0.066 seconds
[2024-05-15T10:39:55.324+0000] {processor.py:161} INFO - Started process (PID=3156) to work on /home/airflow/.local/lib/python3.12/site-packages/airflow/example_dags/example_skip_dag.py
[2024-05-15T10:39:55.325+0000] {processor.py:830} INFO - Processing file /home/airflow/.local/lib/python3.12/site-packages/airflow/example_dags/example_skip_dag.py for tasks to queue
[2024-05-15T10:39:55.327+0000] {logging_mixin.py:188} INFO - [2024-05-15T10:39:55.326+0000] {dagbag.py:540} INFO - Filling up the DagBag from /home/airflow/.local/lib/python3.12/site-packages/airflow/example_dags/example_skip_dag.py
[2024-05-15T10:39:55.332+0000] {processor.py:840} INFO - DAG(s) 'example_skip_dag' retrieved from /home/airflow/.local/lib/python3.12/site-packages/airflow/example_dags/example_skip_dag.py
[2024-05-15T10:39:55.352+0000] {logging_mixin.py:188} INFO - [2024-05-15T10:39:55.351+0000] {dag.py:3096} INFO - Sync 1 DAGs
[2024-05-15T10:39:55.374+0000] {logging_mixin.py:188} INFO - [2024-05-15T10:39:55.374+0000] {dag.py:3954} INFO - Setting next_dagrun for example_skip_dag to 2024-05-14 00:00:00+00:00, run_after=2024-05-15 00:00:00+00:00
[2024-05-15T10:39:55.392+0000] {processor.py:183} INFO - Processing /home/airflow/.local/lib/python3.12/site-packages/airflow/example_dags/example_skip_dag.py took 0.073 seconds
[2024-05-15T10:40:25.642+0000] {processor.py:161} INFO - Started process (PID=3215) to work on /home/airflow/.local/lib/python3.12/site-packages/airflow/example_dags/example_skip_dag.py
[2024-05-15T10:40:25.644+0000] {processor.py:830} INFO - Processing file /home/airflow/.local/lib/python3.12/site-packages/airflow/example_dags/example_skip_dag.py for tasks to queue
[2024-05-15T10:40:25.646+0000] {logging_mixin.py:188} INFO - [2024-05-15T10:40:25.646+0000] {dagbag.py:540} INFO - Filling up the DagBag from /home/airflow/.local/lib/python3.12/site-packages/airflow/example_dags/example_skip_dag.py
[2024-05-15T10:40:25.654+0000] {processor.py:840} INFO - DAG(s) 'example_skip_dag' retrieved from /home/airflow/.local/lib/python3.12/site-packages/airflow/example_dags/example_skip_dag.py
[2024-05-15T10:40:25.694+0000] {logging_mixin.py:188} INFO - [2024-05-15T10:40:25.693+0000] {dag.py:3096} INFO - Sync 1 DAGs
[2024-05-15T10:40:25.717+0000] {logging_mixin.py:188} INFO - [2024-05-15T10:40:25.716+0000] {dag.py:3954} INFO - Setting next_dagrun for example_skip_dag to 2024-05-14 00:00:00+00:00, run_after=2024-05-15 00:00:00+00:00
[2024-05-15T10:40:25.736+0000] {processor.py:183} INFO - Processing /home/airflow/.local/lib/python3.12/site-packages/airflow/example_dags/example_skip_dag.py took 0.102 seconds
[2024-05-15T10:40:56.018+0000] {processor.py:161} INFO - Started process (PID=3274) to work on /home/airflow/.local/lib/python3.12/site-packages/airflow/example_dags/example_skip_dag.py
[2024-05-15T10:40:56.019+0000] {processor.py:830} INFO - Processing file /home/airflow/.local/lib/python3.12/site-packages/airflow/example_dags/example_skip_dag.py for tasks to queue
[2024-05-15T10:40:56.021+0000] {logging_mixin.py:188} INFO - [2024-05-15T10:40:56.020+0000] {dagbag.py:540} INFO - Filling up the DagBag from /home/airflow/.local/lib/python3.12/site-packages/airflow/example_dags/example_skip_dag.py
[2024-05-15T10:40:56.027+0000] {processor.py:840} INFO - DAG(s) 'example_skip_dag' retrieved from /home/airflow/.local/lib/python3.12/site-packages/airflow/example_dags/example_skip_dag.py
[2024-05-15T10:40:56.051+0000] {logging_mixin.py:188} INFO - [2024-05-15T10:40:56.051+0000] {dag.py:3096} INFO - Sync 1 DAGs
[2024-05-15T10:40:56.072+0000] {logging_mixin.py:188} INFO - [2024-05-15T10:40:56.072+0000] {dag.py:3954} INFO - Setting next_dagrun for example_skip_dag to 2024-05-14 00:00:00+00:00, run_after=2024-05-15 00:00:00+00:00
[2024-05-15T10:40:56.092+0000] {processor.py:183} INFO - Processing /home/airflow/.local/lib/python3.12/site-packages/airflow/example_dags/example_skip_dag.py took 0.082 seconds
[2024-05-15T10:41:26.572+0000] {processor.py:161} INFO - Started process (PID=3333) to work on /home/airflow/.local/lib/python3.12/site-packages/airflow/example_dags/example_skip_dag.py
[2024-05-15T10:41:26.573+0000] {processor.py:830} INFO - Processing file /home/airflow/.local/lib/python3.12/site-packages/airflow/example_dags/example_skip_dag.py for tasks to queue
[2024-05-15T10:41:26.575+0000] {logging_mixin.py:188} INFO - [2024-05-15T10:41:26.575+0000] {dagbag.py:540} INFO - Filling up the DagBag from /home/airflow/.local/lib/python3.12/site-packages/airflow/example_dags/example_skip_dag.py
[2024-05-15T10:41:26.582+0000] {processor.py:840} INFO - DAG(s) 'example_skip_dag' retrieved from /home/airflow/.local/lib/python3.12/site-packages/airflow/example_dags/example_skip_dag.py
[2024-05-15T10:41:26.602+0000] {logging_mixin.py:188} INFO - [2024-05-15T10:41:26.602+0000] {dag.py:3096} INFO - Sync 1 DAGs
[2024-05-15T10:41:26.622+0000] {logging_mixin.py:188} INFO - [2024-05-15T10:41:26.622+0000] {dag.py:3954} INFO - Setting next_dagrun for example_skip_dag to 2024-05-14 00:00:00+00:00, run_after=2024-05-15 00:00:00+00:00
[2024-05-15T10:41:26.639+0000] {processor.py:183} INFO - Processing /home/airflow/.local/lib/python3.12/site-packages/airflow/example_dags/example_skip_dag.py took 0.074 seconds
[2024-05-15T10:41:57.002+0000] {processor.py:161} INFO - Started process (PID=3392) to work on /home/airflow/.local/lib/python3.12/site-packages/airflow/example_dags/example_skip_dag.py
[2024-05-15T10:41:57.003+0000] {processor.py:830} INFO - Processing file /home/airflow/.local/lib/python3.12/site-packages/airflow/example_dags/example_skip_dag.py for tasks to queue
[2024-05-15T10:41:57.005+0000] {logging_mixin.py:188} INFO - [2024-05-15T10:41:57.004+0000] {dagbag.py:540} INFO - Filling up the DagBag from /home/airflow/.local/lib/python3.12/site-packages/airflow/example_dags/example_skip_dag.py
[2024-05-15T10:41:57.012+0000] {processor.py:840} INFO - DAG(s) 'example_skip_dag' retrieved from /home/airflow/.local/lib/python3.12/site-packages/airflow/example_dags/example_skip_dag.py
[2024-05-15T10:41:57.032+0000] {logging_mixin.py:188} INFO - [2024-05-15T10:41:57.032+0000] {dag.py:3096} INFO - Sync 1 DAGs
[2024-05-15T10:41:57.054+0000] {logging_mixin.py:188} INFO - [2024-05-15T10:41:57.054+0000] {dag.py:3954} INFO - Setting next_dagrun for example_skip_dag to 2024-05-14 00:00:00+00:00, run_after=2024-05-15 00:00:00+00:00
[2024-05-15T10:41:57.073+0000] {processor.py:183} INFO - Processing /home/airflow/.local/lib/python3.12/site-packages/airflow/example_dags/example_skip_dag.py took 0.077 seconds
[2024-05-15T10:42:27.518+0000] {processor.py:161} INFO - Started process (PID=3451) to work on /home/airflow/.local/lib/python3.12/site-packages/airflow/example_dags/example_skip_dag.py
[2024-05-15T10:42:27.519+0000] {processor.py:830} INFO - Processing file /home/airflow/.local/lib/python3.12/site-packages/airflow/example_dags/example_skip_dag.py for tasks to queue
[2024-05-15T10:42:27.520+0000] {logging_mixin.py:188} INFO - [2024-05-15T10:42:27.520+0000] {dagbag.py:540} INFO - Filling up the DagBag from /home/airflow/.local/lib/python3.12/site-packages/airflow/example_dags/example_skip_dag.py
[2024-05-15T10:42:27.526+0000] {processor.py:840} INFO - DAG(s) 'example_skip_dag' retrieved from /home/airflow/.local/lib/python3.12/site-packages/airflow/example_dags/example_skip_dag.py
[2024-05-15T10:42:27.548+0000] {logging_mixin.py:188} INFO - [2024-05-15T10:42:27.547+0000] {dag.py:3096} INFO - Sync 1 DAGs
[2024-05-15T10:42:27.569+0000] {logging_mixin.py:188} INFO - [2024-05-15T10:42:27.568+0000] {dag.py:3954} INFO - Setting next_dagrun for example_skip_dag to 2024-05-14 00:00:00+00:00, run_after=2024-05-15 00:00:00+00:00
[2024-05-15T10:42:27.586+0000] {processor.py:183} INFO - Processing /home/airflow/.local/lib/python3.12/site-packages/airflow/example_dags/example_skip_dag.py took 0.074 seconds
[2024-05-15T10:42:57.971+0000] {processor.py:161} INFO - Started process (PID=3511) to work on /home/airflow/.local/lib/python3.12/site-packages/airflow/example_dags/example_skip_dag.py
[2024-05-15T10:42:57.973+0000] {processor.py:830} INFO - Processing file /home/airflow/.local/lib/python3.12/site-packages/airflow/example_dags/example_skip_dag.py for tasks to queue
[2024-05-15T10:42:57.975+0000] {logging_mixin.py:188} INFO - [2024-05-15T10:42:57.974+0000] {dagbag.py:540} INFO - Filling up the DagBag from /home/airflow/.local/lib/python3.12/site-packages/airflow/example_dags/example_skip_dag.py
[2024-05-15T10:42:57.982+0000] {processor.py:840} INFO - DAG(s) 'example_skip_dag' retrieved from /home/airflow/.local/lib/python3.12/site-packages/airflow/example_dags/example_skip_dag.py
[2024-05-15T10:42:58.005+0000] {logging_mixin.py:188} INFO - [2024-05-15T10:42:58.004+0000] {dag.py:3096} INFO - Sync 1 DAGs
[2024-05-15T10:42:58.030+0000] {logging_mixin.py:188} INFO - [2024-05-15T10:42:58.030+0000] {dag.py:3954} INFO - Setting next_dagrun for example_skip_dag to 2024-05-14 00:00:00+00:00, run_after=2024-05-15 00:00:00+00:00
[2024-05-15T10:42:58.053+0000] {processor.py:183} INFO - Processing /home/airflow/.local/lib/python3.12/site-packages/airflow/example_dags/example_skip_dag.py took 0.087 seconds
[2024-05-15T10:43:28.475+0000] {processor.py:161} INFO - Started process (PID=3570) to work on /home/airflow/.local/lib/python3.12/site-packages/airflow/example_dags/example_skip_dag.py
[2024-05-15T10:43:28.476+0000] {processor.py:830} INFO - Processing file /home/airflow/.local/lib/python3.12/site-packages/airflow/example_dags/example_skip_dag.py for tasks to queue
[2024-05-15T10:43:28.478+0000] {logging_mixin.py:188} INFO - [2024-05-15T10:43:28.478+0000] {dagbag.py:540} INFO - Filling up the DagBag from /home/airflow/.local/lib/python3.12/site-packages/airflow/example_dags/example_skip_dag.py
[2024-05-15T10:43:28.486+0000] {processor.py:840} INFO - DAG(s) 'example_skip_dag' retrieved from /home/airflow/.local/lib/python3.12/site-packages/airflow/example_dags/example_skip_dag.py
[2024-05-15T10:43:28.506+0000] {logging_mixin.py:188} INFO - [2024-05-15T10:43:28.506+0000] {dag.py:3096} INFO - Sync 1 DAGs
[2024-05-15T10:43:28.532+0000] {logging_mixin.py:188} INFO - [2024-05-15T10:43:28.532+0000] {dag.py:3954} INFO - Setting next_dagrun for example_skip_dag to 2024-05-14 00:00:00+00:00, run_after=2024-05-15 00:00:00+00:00
[2024-05-15T10:43:28.551+0000] {processor.py:183} INFO - Processing /home/airflow/.local/lib/python3.12/site-packages/airflow/example_dags/example_skip_dag.py took 0.083 seconds
[2024-05-15T10:43:58.989+0000] {processor.py:161} INFO - Started process (PID=3629) to work on /home/airflow/.local/lib/python3.12/site-packages/airflow/example_dags/example_skip_dag.py
[2024-05-15T10:43:58.990+0000] {processor.py:830} INFO - Processing file /home/airflow/.local/lib/python3.12/site-packages/airflow/example_dags/example_skip_dag.py for tasks to queue
[2024-05-15T10:43:58.992+0000] {logging_mixin.py:188} INFO - [2024-05-15T10:43:58.991+0000] {dagbag.py:540} INFO - Filling up the DagBag from /home/airflow/.local/lib/python3.12/site-packages/airflow/example_dags/example_skip_dag.py
[2024-05-15T10:43:58.998+0000] {processor.py:840} INFO - DAG(s) 'example_skip_dag' retrieved from /home/airflow/.local/lib/python3.12/site-packages/airflow/example_dags/example_skip_dag.py
[2024-05-15T10:43:59.022+0000] {logging_mixin.py:188} INFO - [2024-05-15T10:43:59.022+0000] {dag.py:3096} INFO - Sync 1 DAGs
[2024-05-15T10:43:59.048+0000] {logging_mixin.py:188} INFO - [2024-05-15T10:43:59.048+0000] {dag.py:3954} INFO - Setting next_dagrun for example_skip_dag to 2024-05-14 00:00:00+00:00, run_after=2024-05-15 00:00:00+00:00
[2024-05-15T10:43:59.069+0000] {processor.py:183} INFO - Processing /home/airflow/.local/lib/python3.12/site-packages/airflow/example_dags/example_skip_dag.py took 0.086 seconds
[2024-05-15T10:44:29.566+0000] {processor.py:161} INFO - Started process (PID=3688) to work on /home/airflow/.local/lib/python3.12/site-packages/airflow/example_dags/example_skip_dag.py
[2024-05-15T10:44:29.567+0000] {processor.py:830} INFO - Processing file /home/airflow/.local/lib/python3.12/site-packages/airflow/example_dags/example_skip_dag.py for tasks to queue
[2024-05-15T10:44:29.569+0000] {logging_mixin.py:188} INFO - [2024-05-15T10:44:29.569+0000] {dagbag.py:540} INFO - Filling up the DagBag from /home/airflow/.local/lib/python3.12/site-packages/airflow/example_dags/example_skip_dag.py
[2024-05-15T10:44:29.576+0000] {processor.py:840} INFO - DAG(s) 'example_skip_dag' retrieved from /home/airflow/.local/lib/python3.12/site-packages/airflow/example_dags/example_skip_dag.py
[2024-05-15T10:44:29.600+0000] {logging_mixin.py:188} INFO - [2024-05-15T10:44:29.599+0000] {dag.py:3096} INFO - Sync 1 DAGs
[2024-05-15T10:44:29.618+0000] {logging_mixin.py:188} INFO - [2024-05-15T10:44:29.617+0000] {dag.py:3954} INFO - Setting next_dagrun for example_skip_dag to 2024-05-14 00:00:00+00:00, run_after=2024-05-15 00:00:00+00:00
[2024-05-15T10:44:29.635+0000] {processor.py:183} INFO - Processing /home/airflow/.local/lib/python3.12/site-packages/airflow/example_dags/example_skip_dag.py took 0.075 seconds
[2024-05-15T10:45:00.239+0000] {processor.py:161} INFO - Started process (PID=3747) to work on /home/airflow/.local/lib/python3.12/site-packages/airflow/example_dags/example_skip_dag.py
[2024-05-15T10:45:00.240+0000] {processor.py:830} INFO - Processing file /home/airflow/.local/lib/python3.12/site-packages/airflow/example_dags/example_skip_dag.py for tasks to queue
[2024-05-15T10:45:00.241+0000] {logging_mixin.py:188} INFO - [2024-05-15T10:45:00.241+0000] {dagbag.py:540} INFO - Filling up the DagBag from /home/airflow/.local/lib/python3.12/site-packages/airflow/example_dags/example_skip_dag.py
[2024-05-15T10:45:00.247+0000] {processor.py:840} INFO - DAG(s) 'example_skip_dag' retrieved from /home/airflow/.local/lib/python3.12/site-packages/airflow/example_dags/example_skip_dag.py
[2024-05-15T10:45:00.268+0000] {logging_mixin.py:188} INFO - [2024-05-15T10:45:00.267+0000] {dag.py:3096} INFO - Sync 1 DAGs
[2024-05-15T10:45:00.289+0000] {logging_mixin.py:188} INFO - [2024-05-15T10:45:00.289+0000] {dag.py:3954} INFO - Setting next_dagrun for example_skip_dag to 2024-05-14 00:00:00+00:00, run_after=2024-05-15 00:00:00+00:00
[2024-05-15T10:45:00.308+0000] {processor.py:183} INFO - Processing /home/airflow/.local/lib/python3.12/site-packages/airflow/example_dags/example_skip_dag.py took 0.075 seconds
[2024-05-15T10:45:30.630+0000] {processor.py:161} INFO - Started process (PID=3806) to work on /home/airflow/.local/lib/python3.12/site-packages/airflow/example_dags/example_skip_dag.py
[2024-05-15T10:45:30.631+0000] {processor.py:830} INFO - Processing file /home/airflow/.local/lib/python3.12/site-packages/airflow/example_dags/example_skip_dag.py for tasks to queue
[2024-05-15T10:45:30.633+0000] {logging_mixin.py:188} INFO - [2024-05-15T10:45:30.632+0000] {dagbag.py:540} INFO - Filling up the DagBag from /home/airflow/.local/lib/python3.12/site-packages/airflow/example_dags/example_skip_dag.py
[2024-05-15T10:45:30.638+0000] {processor.py:840} INFO - DAG(s) 'example_skip_dag' retrieved from /home/airflow/.local/lib/python3.12/site-packages/airflow/example_dags/example_skip_dag.py
[2024-05-15T10:45:30.659+0000] {logging_mixin.py:188} INFO - [2024-05-15T10:45:30.658+0000] {dag.py:3096} INFO - Sync 1 DAGs
[2024-05-15T10:45:30.678+0000] {logging_mixin.py:188} INFO - [2024-05-15T10:45:30.678+0000] {dag.py:3954} INFO - Setting next_dagrun for example_skip_dag to 2024-05-14 00:00:00+00:00, run_after=2024-05-15 00:00:00+00:00
[2024-05-15T10:45:30.695+0000] {processor.py:183} INFO - Processing /home/airflow/.local/lib/python3.12/site-packages/airflow/example_dags/example_skip_dag.py took 0.071 seconds
[2024-05-15T10:46:01.193+0000] {processor.py:161} INFO - Started process (PID=3865) to work on /home/airflow/.local/lib/python3.12/site-packages/airflow/example_dags/example_skip_dag.py
[2024-05-15T10:46:01.194+0000] {processor.py:830} INFO - Processing file /home/airflow/.local/lib/python3.12/site-packages/airflow/example_dags/example_skip_dag.py for tasks to queue
[2024-05-15T10:46:01.195+0000] {logging_mixin.py:188} INFO - [2024-05-15T10:46:01.195+0000] {dagbag.py:540} INFO - Filling up the DagBag from /home/airflow/.local/lib/python3.12/site-packages/airflow/example_dags/example_skip_dag.py
[2024-05-15T10:46:01.201+0000] {processor.py:840} INFO - DAG(s) 'example_skip_dag' retrieved from /home/airflow/.local/lib/python3.12/site-packages/airflow/example_dags/example_skip_dag.py
[2024-05-15T10:46:01.221+0000] {logging_mixin.py:188} INFO - [2024-05-15T10:46:01.220+0000] {dag.py:3096} INFO - Sync 1 DAGs
[2024-05-15T10:46:01.241+0000] {logging_mixin.py:188} INFO - [2024-05-15T10:46:01.241+0000] {dag.py:3954} INFO - Setting next_dagrun for example_skip_dag to 2024-05-14 00:00:00+00:00, run_after=2024-05-15 00:00:00+00:00
[2024-05-15T10:46:01.259+0000] {processor.py:183} INFO - Processing /home/airflow/.local/lib/python3.12/site-packages/airflow/example_dags/example_skip_dag.py took 0.074 seconds
[2024-05-15T10:46:31.622+0000] {processor.py:161} INFO - Started process (PID=3924) to work on /home/airflow/.local/lib/python3.12/site-packages/airflow/example_dags/example_skip_dag.py
[2024-05-15T10:46:31.623+0000] {processor.py:830} INFO - Processing file /home/airflow/.local/lib/python3.12/site-packages/airflow/example_dags/example_skip_dag.py for tasks to queue
[2024-05-15T10:46:31.624+0000] {logging_mixin.py:188} INFO - [2024-05-15T10:46:31.624+0000] {dagbag.py:540} INFO - Filling up the DagBag from /home/airflow/.local/lib/python3.12/site-packages/airflow/example_dags/example_skip_dag.py
[2024-05-15T10:46:31.629+0000] {processor.py:840} INFO - DAG(s) 'example_skip_dag' retrieved from /home/airflow/.local/lib/python3.12/site-packages/airflow/example_dags/example_skip_dag.py
[2024-05-15T10:46:31.650+0000] {logging_mixin.py:188} INFO - [2024-05-15T10:46:31.650+0000] {dag.py:3096} INFO - Sync 1 DAGs
[2024-05-15T10:46:31.668+0000] {logging_mixin.py:188} INFO - [2024-05-15T10:46:31.668+0000] {dag.py:3954} INFO - Setting next_dagrun for example_skip_dag to 2024-05-14 00:00:00+00:00, run_after=2024-05-15 00:00:00+00:00
[2024-05-15T10:46:31.683+0000] {processor.py:183} INFO - Processing /home/airflow/.local/lib/python3.12/site-packages/airflow/example_dags/example_skip_dag.py took 0.067 seconds
[2024-05-15T10:47:01.926+0000] {processor.py:161} INFO - Started process (PID=3983) to work on /home/airflow/.local/lib/python3.12/site-packages/airflow/example_dags/example_skip_dag.py
[2024-05-15T10:47:01.927+0000] {processor.py:830} INFO - Processing file /home/airflow/.local/lib/python3.12/site-packages/airflow/example_dags/example_skip_dag.py for tasks to queue
[2024-05-15T10:47:01.928+0000] {logging_mixin.py:188} INFO - [2024-05-15T10:47:01.928+0000] {dagbag.py:540} INFO - Filling up the DagBag from /home/airflow/.local/lib/python3.12/site-packages/airflow/example_dags/example_skip_dag.py
[2024-05-15T10:47:01.934+0000] {processor.py:840} INFO - DAG(s) 'example_skip_dag' retrieved from /home/airflow/.local/lib/python3.12/site-packages/airflow/example_dags/example_skip_dag.py
[2024-05-15T10:47:01.952+0000] {logging_mixin.py:188} INFO - [2024-05-15T10:47:01.952+0000] {dag.py:3096} INFO - Sync 1 DAGs
[2024-05-15T10:47:01.974+0000] {logging_mixin.py:188} INFO - [2024-05-15T10:47:01.974+0000] {dag.py:3954} INFO - Setting next_dagrun for example_skip_dag to 2024-05-14 00:00:00+00:00, run_after=2024-05-15 00:00:00+00:00
[2024-05-15T10:47:01.993+0000] {processor.py:183} INFO - Processing /home/airflow/.local/lib/python3.12/site-packages/airflow/example_dags/example_skip_dag.py took 0.072 seconds
[2024-05-15T10:47:32.252+0000] {processor.py:161} INFO - Started process (PID=4042) to work on /home/airflow/.local/lib/python3.12/site-packages/airflow/example_dags/example_skip_dag.py
[2024-05-15T10:47:32.253+0000] {processor.py:830} INFO - Processing file /home/airflow/.local/lib/python3.12/site-packages/airflow/example_dags/example_skip_dag.py for tasks to queue
[2024-05-15T10:47:32.255+0000] {logging_mixin.py:188} INFO - [2024-05-15T10:47:32.255+0000] {dagbag.py:540} INFO - Filling up the DagBag from /home/airflow/.local/lib/python3.12/site-packages/airflow/example_dags/example_skip_dag.py
[2024-05-15T10:47:32.261+0000] {processor.py:840} INFO - DAG(s) 'example_skip_dag' retrieved from /home/airflow/.local/lib/python3.12/site-packages/airflow/example_dags/example_skip_dag.py
[2024-05-15T10:47:32.283+0000] {logging_mixin.py:188} INFO - [2024-05-15T10:47:32.282+0000] {dag.py:3096} INFO - Sync 1 DAGs
[2024-05-15T10:47:32.306+0000] {logging_mixin.py:188} INFO - [2024-05-15T10:47:32.306+0000] {dag.py:3954} INFO - Setting next_dagrun for example_skip_dag to 2024-05-14 00:00:00+00:00, run_after=2024-05-15 00:00:00+00:00
[2024-05-15T10:47:32.325+0000] {processor.py:183} INFO - Processing /home/airflow/.local/lib/python3.12/site-packages/airflow/example_dags/example_skip_dag.py took 0.077 seconds
[2024-05-15T10:48:02.747+0000] {processor.py:161} INFO - Started process (PID=4101) to work on /home/airflow/.local/lib/python3.12/site-packages/airflow/example_dags/example_skip_dag.py
[2024-05-15T10:48:02.748+0000] {processor.py:830} INFO - Processing file /home/airflow/.local/lib/python3.12/site-packages/airflow/example_dags/example_skip_dag.py for tasks to queue
[2024-05-15T10:48:02.750+0000] {logging_mixin.py:188} INFO - [2024-05-15T10:48:02.749+0000] {dagbag.py:540} INFO - Filling up the DagBag from /home/airflow/.local/lib/python3.12/site-packages/airflow/example_dags/example_skip_dag.py
[2024-05-15T10:48:02.755+0000] {processor.py:840} INFO - DAG(s) 'example_skip_dag' retrieved from /home/airflow/.local/lib/python3.12/site-packages/airflow/example_dags/example_skip_dag.py
[2024-05-15T10:48:02.774+0000] {logging_mixin.py:188} INFO - [2024-05-15T10:48:02.774+0000] {dag.py:3096} INFO - Sync 1 DAGs
[2024-05-15T10:48:02.793+0000] {logging_mixin.py:188} INFO - [2024-05-15T10:48:02.793+0000] {dag.py:3954} INFO - Setting next_dagrun for example_skip_dag to 2024-05-14 00:00:00+00:00, run_after=2024-05-15 00:00:00+00:00
[2024-05-15T10:48:02.809+0000] {processor.py:183} INFO - Processing /home/airflow/.local/lib/python3.12/site-packages/airflow/example_dags/example_skip_dag.py took 0.068 seconds
