[2024-05-15T10:12:35.068+0000] {processor.py:161} INFO - Started process (PID=73) to work on /home/airflow/.local/lib/python3.12/site-packages/airflow/example_dags/example_python_decorator.py
[2024-05-15T10:12:35.069+0000] {processor.py:830} INFO - Processing file /home/airflow/.local/lib/python3.12/site-packages/airflow/example_dags/example_python_decorator.py for tasks to queue
[2024-05-15T10:12:35.072+0000] {logging_mixin.py:188} INFO - [2024-05-15T10:12:35.072+0000] {dagbag.py:540} INFO - Filling up the DagBag from /home/airflow/.local/lib/python3.12/site-packages/airflow/example_dags/example_python_decorator.py
[2024-05-15T10:12:35.090+0000] {processor.py:840} INFO - DAG(s) 'example_python_decorator' retrieved from /home/airflow/.local/lib/python3.12/site-packages/airflow/example_dags/example_python_decorator.py
[2024-05-15T10:12:35.255+0000] {logging_mixin.py:188} INFO - [2024-05-15T10:12:35.255+0000] {dag.py:3096} INFO - Sync 1 DAGs
[2024-05-15T10:12:35.276+0000] {logging_mixin.py:188} INFO - [2024-05-15T10:12:35.275+0000] {dag.py:3954} INFO - Setting next_dagrun for example_python_decorator to None, run_after=None
[2024-05-15T10:12:35.314+0000] {processor.py:183} INFO - Processing /home/airflow/.local/lib/python3.12/site-packages/airflow/example_dags/example_python_decorator.py took 0.252 seconds
[2024-05-15T10:13:06.158+0000] {processor.py:161} INFO - Started process (PID=132) to work on /home/airflow/.local/lib/python3.12/site-packages/airflow/example_dags/example_python_decorator.py
[2024-05-15T10:13:06.160+0000] {processor.py:830} INFO - Processing file /home/airflow/.local/lib/python3.12/site-packages/airflow/example_dags/example_python_decorator.py for tasks to queue
[2024-05-15T10:13:06.161+0000] {logging_mixin.py:188} INFO - [2024-05-15T10:13:06.161+0000] {dagbag.py:540} INFO - Filling up the DagBag from /home/airflow/.local/lib/python3.12/site-packages/airflow/example_dags/example_python_decorator.py
[2024-05-15T10:13:06.181+0000] {processor.py:840} INFO - DAG(s) 'example_python_decorator' retrieved from /home/airflow/.local/lib/python3.12/site-packages/airflow/example_dags/example_python_decorator.py
[2024-05-15T10:13:06.205+0000] {logging_mixin.py:188} INFO - [2024-05-15T10:13:06.205+0000] {dag.py:3096} INFO - Sync 1 DAGs
[2024-05-15T10:13:06.219+0000] {logging_mixin.py:188} INFO - [2024-05-15T10:13:06.219+0000] {dag.py:3954} INFO - Setting next_dagrun for example_python_decorator to None, run_after=None
[2024-05-15T10:13:06.240+0000] {processor.py:183} INFO - Processing /home/airflow/.local/lib/python3.12/site-packages/airflow/example_dags/example_python_decorator.py took 0.086 seconds
[2024-05-15T10:13:36.440+0000] {processor.py:161} INFO - Started process (PID=191) to work on /home/airflow/.local/lib/python3.12/site-packages/airflow/example_dags/example_python_decorator.py
[2024-05-15T10:13:36.441+0000] {processor.py:830} INFO - Processing file /home/airflow/.local/lib/python3.12/site-packages/airflow/example_dags/example_python_decorator.py for tasks to queue
[2024-05-15T10:13:36.442+0000] {logging_mixin.py:188} INFO - [2024-05-15T10:13:36.442+0000] {dagbag.py:540} INFO - Filling up the DagBag from /home/airflow/.local/lib/python3.12/site-packages/airflow/example_dags/example_python_decorator.py
[2024-05-15T10:13:36.453+0000] {processor.py:840} INFO - DAG(s) 'example_python_decorator' retrieved from /home/airflow/.local/lib/python3.12/site-packages/airflow/example_dags/example_python_decorator.py
[2024-05-15T10:13:36.476+0000] {logging_mixin.py:188} INFO - [2024-05-15T10:13:36.476+0000] {dag.py:3096} INFO - Sync 1 DAGs
[2024-05-15T10:13:36.488+0000] {logging_mixin.py:188} INFO - [2024-05-15T10:13:36.487+0000] {dag.py:3954} INFO - Setting next_dagrun for example_python_decorator to None, run_after=None
[2024-05-15T10:13:36.510+0000] {processor.py:183} INFO - Processing /home/airflow/.local/lib/python3.12/site-packages/airflow/example_dags/example_python_decorator.py took 0.078 seconds
[2024-05-15T10:14:06.558+0000] {processor.py:161} INFO - Started process (PID=249) to work on /home/airflow/.local/lib/python3.12/site-packages/airflow/example_dags/example_python_decorator.py
[2024-05-15T10:14:06.558+0000] {processor.py:830} INFO - Processing file /home/airflow/.local/lib/python3.12/site-packages/airflow/example_dags/example_python_decorator.py for tasks to queue
[2024-05-15T10:14:06.560+0000] {logging_mixin.py:188} INFO - [2024-05-15T10:14:06.560+0000] {dagbag.py:540} INFO - Filling up the DagBag from /home/airflow/.local/lib/python3.12/site-packages/airflow/example_dags/example_python_decorator.py
[2024-05-15T10:14:06.570+0000] {processor.py:840} INFO - DAG(s) 'example_python_decorator' retrieved from /home/airflow/.local/lib/python3.12/site-packages/airflow/example_dags/example_python_decorator.py
[2024-05-15T10:14:06.590+0000] {logging_mixin.py:188} INFO - [2024-05-15T10:14:06.590+0000] {dag.py:3096} INFO - Sync 1 DAGs
[2024-05-15T10:14:06.602+0000] {logging_mixin.py:188} INFO - [2024-05-15T10:14:06.602+0000] {dag.py:3954} INFO - Setting next_dagrun for example_python_decorator to None, run_after=None
[2024-05-15T10:14:06.624+0000] {processor.py:183} INFO - Processing /home/airflow/.local/lib/python3.12/site-packages/airflow/example_dags/example_python_decorator.py took 0.071 seconds
[2024-05-15T10:14:36.943+0000] {processor.py:161} INFO - Started process (PID=310) to work on /home/airflow/.local/lib/python3.12/site-packages/airflow/example_dags/example_python_decorator.py
[2024-05-15T10:14:36.944+0000] {processor.py:830} INFO - Processing file /home/airflow/.local/lib/python3.12/site-packages/airflow/example_dags/example_python_decorator.py for tasks to queue
[2024-05-15T10:14:36.946+0000] {logging_mixin.py:188} INFO - [2024-05-15T10:14:36.945+0000] {dagbag.py:540} INFO - Filling up the DagBag from /home/airflow/.local/lib/python3.12/site-packages/airflow/example_dags/example_python_decorator.py
[2024-05-15T10:14:36.958+0000] {processor.py:840} INFO - DAG(s) 'example_python_decorator' retrieved from /home/airflow/.local/lib/python3.12/site-packages/airflow/example_dags/example_python_decorator.py
[2024-05-15T10:14:36.981+0000] {logging_mixin.py:188} INFO - [2024-05-15T10:14:36.980+0000] {dag.py:3096} INFO - Sync 1 DAGs
[2024-05-15T10:14:36.993+0000] {logging_mixin.py:188} INFO - [2024-05-15T10:14:36.993+0000] {dag.py:3954} INFO - Setting next_dagrun for example_python_decorator to None, run_after=None
[2024-05-15T10:14:37.012+0000] {processor.py:183} INFO - Processing /home/airflow/.local/lib/python3.12/site-packages/airflow/example_dags/example_python_decorator.py took 0.075 seconds
[2024-05-15T10:15:07.204+0000] {processor.py:161} INFO - Started process (PID=369) to work on /home/airflow/.local/lib/python3.12/site-packages/airflow/example_dags/example_python_decorator.py
[2024-05-15T10:15:07.206+0000] {processor.py:830} INFO - Processing file /home/airflow/.local/lib/python3.12/site-packages/airflow/example_dags/example_python_decorator.py for tasks to queue
[2024-05-15T10:15:07.207+0000] {logging_mixin.py:188} INFO - [2024-05-15T10:15:07.207+0000] {dagbag.py:540} INFO - Filling up the DagBag from /home/airflow/.local/lib/python3.12/site-packages/airflow/example_dags/example_python_decorator.py
[2024-05-15T10:15:07.217+0000] {processor.py:840} INFO - DAG(s) 'example_python_decorator' retrieved from /home/airflow/.local/lib/python3.12/site-packages/airflow/example_dags/example_python_decorator.py
[2024-05-15T10:15:07.235+0000] {logging_mixin.py:188} INFO - [2024-05-15T10:15:07.234+0000] {dag.py:3096} INFO - Sync 1 DAGs
[2024-05-15T10:15:07.244+0000] {logging_mixin.py:188} INFO - [2024-05-15T10:15:07.244+0000] {dag.py:3954} INFO - Setting next_dagrun for example_python_decorator to None, run_after=None
[2024-05-15T10:15:07.262+0000] {processor.py:183} INFO - Processing /home/airflow/.local/lib/python3.12/site-packages/airflow/example_dags/example_python_decorator.py took 0.062 seconds
[2024-05-15T10:15:37.760+0000] {processor.py:161} INFO - Started process (PID=428) to work on /home/airflow/.local/lib/python3.12/site-packages/airflow/example_dags/example_python_decorator.py
[2024-05-15T10:15:37.762+0000] {processor.py:830} INFO - Processing file /home/airflow/.local/lib/python3.12/site-packages/airflow/example_dags/example_python_decorator.py for tasks to queue
[2024-05-15T10:15:37.763+0000] {logging_mixin.py:188} INFO - [2024-05-15T10:15:37.763+0000] {dagbag.py:540} INFO - Filling up the DagBag from /home/airflow/.local/lib/python3.12/site-packages/airflow/example_dags/example_python_decorator.py
[2024-05-15T10:15:37.772+0000] {processor.py:840} INFO - DAG(s) 'example_python_decorator' retrieved from /home/airflow/.local/lib/python3.12/site-packages/airflow/example_dags/example_python_decorator.py
[2024-05-15T10:15:37.791+0000] {logging_mixin.py:188} INFO - [2024-05-15T10:15:37.791+0000] {dag.py:3096} INFO - Sync 1 DAGs
[2024-05-15T10:15:37.801+0000] {logging_mixin.py:188} INFO - [2024-05-15T10:15:37.801+0000] {dag.py:3954} INFO - Setting next_dagrun for example_python_decorator to None, run_after=None
[2024-05-15T10:15:37.818+0000] {processor.py:183} INFO - Processing /home/airflow/.local/lib/python3.12/site-packages/airflow/example_dags/example_python_decorator.py took 0.063 seconds
[2024-05-15T10:16:08.303+0000] {processor.py:161} INFO - Started process (PID=487) to work on /home/airflow/.local/lib/python3.12/site-packages/airflow/example_dags/example_python_decorator.py
[2024-05-15T10:16:08.304+0000] {processor.py:830} INFO - Processing file /home/airflow/.local/lib/python3.12/site-packages/airflow/example_dags/example_python_decorator.py for tasks to queue
[2024-05-15T10:16:08.306+0000] {logging_mixin.py:188} INFO - [2024-05-15T10:16:08.306+0000] {dagbag.py:540} INFO - Filling up the DagBag from /home/airflow/.local/lib/python3.12/site-packages/airflow/example_dags/example_python_decorator.py
[2024-05-15T10:16:08.321+0000] {processor.py:840} INFO - DAG(s) 'example_python_decorator' retrieved from /home/airflow/.local/lib/python3.12/site-packages/airflow/example_dags/example_python_decorator.py
[2024-05-15T10:16:08.342+0000] {logging_mixin.py:188} INFO - [2024-05-15T10:16:08.342+0000] {dag.py:3096} INFO - Sync 1 DAGs
[2024-05-15T10:16:08.356+0000] {logging_mixin.py:188} INFO - [2024-05-15T10:16:08.355+0000] {dag.py:3954} INFO - Setting next_dagrun for example_python_decorator to None, run_after=None
[2024-05-15T10:16:08.375+0000] {processor.py:183} INFO - Processing /home/airflow/.local/lib/python3.12/site-packages/airflow/example_dags/example_python_decorator.py took 0.077 seconds
[2024-05-15T10:16:38.549+0000] {processor.py:161} INFO - Started process (PID=546) to work on /home/airflow/.local/lib/python3.12/site-packages/airflow/example_dags/example_python_decorator.py
[2024-05-15T10:16:38.551+0000] {processor.py:830} INFO - Processing file /home/airflow/.local/lib/python3.12/site-packages/airflow/example_dags/example_python_decorator.py for tasks to queue
[2024-05-15T10:16:38.553+0000] {logging_mixin.py:188} INFO - [2024-05-15T10:16:38.552+0000] {dagbag.py:540} INFO - Filling up the DagBag from /home/airflow/.local/lib/python3.12/site-packages/airflow/example_dags/example_python_decorator.py
[2024-05-15T10:16:38.567+0000] {processor.py:840} INFO - DAG(s) 'example_python_decorator' retrieved from /home/airflow/.local/lib/python3.12/site-packages/airflow/example_dags/example_python_decorator.py
[2024-05-15T10:16:38.591+0000] {logging_mixin.py:188} INFO - [2024-05-15T10:16:38.591+0000] {dag.py:3096} INFO - Sync 1 DAGs
[2024-05-15T10:16:38.603+0000] {logging_mixin.py:188} INFO - [2024-05-15T10:16:38.602+0000] {dag.py:3954} INFO - Setting next_dagrun for example_python_decorator to None, run_after=None
[2024-05-15T10:16:38.626+0000] {processor.py:183} INFO - Processing /home/airflow/.local/lib/python3.12/site-packages/airflow/example_dags/example_python_decorator.py took 0.085 seconds
[2024-05-15T10:17:09.015+0000] {processor.py:161} INFO - Started process (PID=605) to work on /home/airflow/.local/lib/python3.12/site-packages/airflow/example_dags/example_python_decorator.py
[2024-05-15T10:17:09.017+0000] {processor.py:830} INFO - Processing file /home/airflow/.local/lib/python3.12/site-packages/airflow/example_dags/example_python_decorator.py for tasks to queue
[2024-05-15T10:17:09.019+0000] {logging_mixin.py:188} INFO - [2024-05-15T10:17:09.018+0000] {dagbag.py:540} INFO - Filling up the DagBag from /home/airflow/.local/lib/python3.12/site-packages/airflow/example_dags/example_python_decorator.py
[2024-05-15T10:17:09.029+0000] {processor.py:840} INFO - DAG(s) 'example_python_decorator' retrieved from /home/airflow/.local/lib/python3.12/site-packages/airflow/example_dags/example_python_decorator.py
[2024-05-15T10:17:09.049+0000] {logging_mixin.py:188} INFO - [2024-05-15T10:17:09.048+0000] {dag.py:3096} INFO - Sync 1 DAGs
[2024-05-15T10:17:09.062+0000] {logging_mixin.py:188} INFO - [2024-05-15T10:17:09.062+0000] {dag.py:3954} INFO - Setting next_dagrun for example_python_decorator to None, run_after=None
[2024-05-15T10:17:09.082+0000] {processor.py:183} INFO - Processing /home/airflow/.local/lib/python3.12/site-packages/airflow/example_dags/example_python_decorator.py took 0.074 seconds
[2024-05-15T10:17:39.180+0000] {processor.py:161} INFO - Started process (PID=663) to work on /home/airflow/.local/lib/python3.12/site-packages/airflow/example_dags/example_python_decorator.py
[2024-05-15T10:17:39.188+0000] {processor.py:830} INFO - Processing file /home/airflow/.local/lib/python3.12/site-packages/airflow/example_dags/example_python_decorator.py for tasks to queue
[2024-05-15T10:17:39.190+0000] {logging_mixin.py:188} INFO - [2024-05-15T10:17:39.190+0000] {dagbag.py:540} INFO - Filling up the DagBag from /home/airflow/.local/lib/python3.12/site-packages/airflow/example_dags/example_python_decorator.py
[2024-05-15T10:17:39.200+0000] {processor.py:840} INFO - DAG(s) 'example_python_decorator' retrieved from /home/airflow/.local/lib/python3.12/site-packages/airflow/example_dags/example_python_decorator.py
[2024-05-15T10:17:39.220+0000] {logging_mixin.py:188} INFO - [2024-05-15T10:17:39.220+0000] {dag.py:3096} INFO - Sync 1 DAGs
[2024-05-15T10:17:39.230+0000] {logging_mixin.py:188} INFO - [2024-05-15T10:17:39.230+0000] {dag.py:3954} INFO - Setting next_dagrun for example_python_decorator to None, run_after=None
[2024-05-15T10:17:39.246+0000] {processor.py:183} INFO - Processing /home/airflow/.local/lib/python3.12/site-packages/airflow/example_dags/example_python_decorator.py took 0.070 seconds
[2024-05-15T10:18:09.347+0000] {processor.py:161} INFO - Started process (PID=722) to work on /home/airflow/.local/lib/python3.12/site-packages/airflow/example_dags/example_python_decorator.py
[2024-05-15T10:18:09.356+0000] {processor.py:830} INFO - Processing file /home/airflow/.local/lib/python3.12/site-packages/airflow/example_dags/example_python_decorator.py for tasks to queue
[2024-05-15T10:18:09.358+0000] {logging_mixin.py:188} INFO - [2024-05-15T10:18:09.357+0000] {dagbag.py:540} INFO - Filling up the DagBag from /home/airflow/.local/lib/python3.12/site-packages/airflow/example_dags/example_python_decorator.py
[2024-05-15T10:18:09.371+0000] {processor.py:840} INFO - DAG(s) 'example_python_decorator' retrieved from /home/airflow/.local/lib/python3.12/site-packages/airflow/example_dags/example_python_decorator.py
[2024-05-15T10:18:09.397+0000] {logging_mixin.py:188} INFO - [2024-05-15T10:18:09.397+0000] {dag.py:3096} INFO - Sync 1 DAGs
[2024-05-15T10:18:09.407+0000] {logging_mixin.py:188} INFO - [2024-05-15T10:18:09.407+0000] {dag.py:3954} INFO - Setting next_dagrun for example_python_decorator to None, run_after=None
[2024-05-15T10:18:09.429+0000] {processor.py:183} INFO - Processing /home/airflow/.local/lib/python3.12/site-packages/airflow/example_dags/example_python_decorator.py took 0.088 seconds
[2024-05-15T10:18:40.282+0000] {processor.py:161} INFO - Started process (PID=781) to work on /home/airflow/.local/lib/python3.12/site-packages/airflow/example_dags/example_python_decorator.py
[2024-05-15T10:18:40.291+0000] {processor.py:830} INFO - Processing file /home/airflow/.local/lib/python3.12/site-packages/airflow/example_dags/example_python_decorator.py for tasks to queue
[2024-05-15T10:18:40.292+0000] {logging_mixin.py:188} INFO - [2024-05-15T10:18:40.292+0000] {dagbag.py:540} INFO - Filling up the DagBag from /home/airflow/.local/lib/python3.12/site-packages/airflow/example_dags/example_python_decorator.py
[2024-05-15T10:18:40.304+0000] {processor.py:840} INFO - DAG(s) 'example_python_decorator' retrieved from /home/airflow/.local/lib/python3.12/site-packages/airflow/example_dags/example_python_decorator.py
[2024-05-15T10:18:40.322+0000] {logging_mixin.py:188} INFO - [2024-05-15T10:18:40.322+0000] {dag.py:3096} INFO - Sync 1 DAGs
[2024-05-15T10:18:40.333+0000] {logging_mixin.py:188} INFO - [2024-05-15T10:18:40.333+0000] {dag.py:3954} INFO - Setting next_dagrun for example_python_decorator to None, run_after=None
[2024-05-15T10:18:40.354+0000] {processor.py:183} INFO - Processing /home/airflow/.local/lib/python3.12/site-packages/airflow/example_dags/example_python_decorator.py took 0.078 seconds
[2024-05-15T10:19:10.795+0000] {processor.py:161} INFO - Started process (PID=840) to work on /home/airflow/.local/lib/python3.12/site-packages/airflow/example_dags/example_python_decorator.py
[2024-05-15T10:19:10.797+0000] {processor.py:830} INFO - Processing file /home/airflow/.local/lib/python3.12/site-packages/airflow/example_dags/example_python_decorator.py for tasks to queue
[2024-05-15T10:19:10.799+0000] {logging_mixin.py:188} INFO - [2024-05-15T10:19:10.798+0000] {dagbag.py:540} INFO - Filling up the DagBag from /home/airflow/.local/lib/python3.12/site-packages/airflow/example_dags/example_python_decorator.py
[2024-05-15T10:19:10.811+0000] {processor.py:840} INFO - DAG(s) 'example_python_decorator' retrieved from /home/airflow/.local/lib/python3.12/site-packages/airflow/example_dags/example_python_decorator.py
[2024-05-15T10:19:10.832+0000] {logging_mixin.py:188} INFO - [2024-05-15T10:19:10.831+0000] {dag.py:3096} INFO - Sync 1 DAGs
[2024-05-15T10:19:10.843+0000] {logging_mixin.py:188} INFO - [2024-05-15T10:19:10.843+0000] {dag.py:3954} INFO - Setting next_dagrun for example_python_decorator to None, run_after=None
[2024-05-15T10:19:10.863+0000] {processor.py:183} INFO - Processing /home/airflow/.local/lib/python3.12/site-packages/airflow/example_dags/example_python_decorator.py took 0.073 seconds
[2024-05-15T10:19:41.640+0000] {processor.py:161} INFO - Started process (PID=899) to work on /home/airflow/.local/lib/python3.12/site-packages/airflow/example_dags/example_python_decorator.py
[2024-05-15T10:19:41.642+0000] {processor.py:830} INFO - Processing file /home/airflow/.local/lib/python3.12/site-packages/airflow/example_dags/example_python_decorator.py for tasks to queue
[2024-05-15T10:19:41.644+0000] {logging_mixin.py:188} INFO - [2024-05-15T10:19:41.644+0000] {dagbag.py:540} INFO - Filling up the DagBag from /home/airflow/.local/lib/python3.12/site-packages/airflow/example_dags/example_python_decorator.py
[2024-05-15T10:19:41.655+0000] {processor.py:840} INFO - DAG(s) 'example_python_decorator' retrieved from /home/airflow/.local/lib/python3.12/site-packages/airflow/example_dags/example_python_decorator.py
[2024-05-15T10:19:41.683+0000] {logging_mixin.py:188} INFO - [2024-05-15T10:19:41.683+0000] {dag.py:3096} INFO - Sync 1 DAGs
[2024-05-15T10:19:41.697+0000] {logging_mixin.py:188} INFO - [2024-05-15T10:19:41.697+0000] {dag.py:3954} INFO - Setting next_dagrun for example_python_decorator to None, run_after=None
[2024-05-15T10:19:41.722+0000] {processor.py:183} INFO - Processing /home/airflow/.local/lib/python3.12/site-packages/airflow/example_dags/example_python_decorator.py took 0.088 seconds
[2024-05-15T10:20:11.873+0000] {processor.py:161} INFO - Started process (PID=958) to work on /home/airflow/.local/lib/python3.12/site-packages/airflow/example_dags/example_python_decorator.py
[2024-05-15T10:20:11.874+0000] {processor.py:830} INFO - Processing file /home/airflow/.local/lib/python3.12/site-packages/airflow/example_dags/example_python_decorator.py for tasks to queue
[2024-05-15T10:20:11.875+0000] {logging_mixin.py:188} INFO - [2024-05-15T10:20:11.875+0000] {dagbag.py:540} INFO - Filling up the DagBag from /home/airflow/.local/lib/python3.12/site-packages/airflow/example_dags/example_python_decorator.py
[2024-05-15T10:20:11.886+0000] {processor.py:840} INFO - DAG(s) 'example_python_decorator' retrieved from /home/airflow/.local/lib/python3.12/site-packages/airflow/example_dags/example_python_decorator.py
[2024-05-15T10:20:11.906+0000] {logging_mixin.py:188} INFO - [2024-05-15T10:20:11.906+0000] {dag.py:3096} INFO - Sync 1 DAGs
[2024-05-15T10:20:12.047+0000] {logging_mixin.py:188} INFO - [2024-05-15T10:20:12.047+0000] {dag.py:3954} INFO - Setting next_dagrun for example_python_decorator to None, run_after=None
[2024-05-15T10:20:12.062+0000] {processor.py:183} INFO - Processing /home/airflow/.local/lib/python3.12/site-packages/airflow/example_dags/example_python_decorator.py took 0.195 seconds
[2024-05-15T10:20:42.351+0000] {processor.py:161} INFO - Started process (PID=1017) to work on /home/airflow/.local/lib/python3.12/site-packages/airflow/example_dags/example_python_decorator.py
[2024-05-15T10:20:42.353+0000] {processor.py:830} INFO - Processing file /home/airflow/.local/lib/python3.12/site-packages/airflow/example_dags/example_python_decorator.py for tasks to queue
[2024-05-15T10:20:42.354+0000] {logging_mixin.py:188} INFO - [2024-05-15T10:20:42.354+0000] {dagbag.py:540} INFO - Filling up the DagBag from /home/airflow/.local/lib/python3.12/site-packages/airflow/example_dags/example_python_decorator.py
[2024-05-15T10:20:42.366+0000] {processor.py:840} INFO - DAG(s) 'example_python_decorator' retrieved from /home/airflow/.local/lib/python3.12/site-packages/airflow/example_dags/example_python_decorator.py
[2024-05-15T10:20:42.385+0000] {logging_mixin.py:188} INFO - [2024-05-15T10:20:42.384+0000] {dag.py:3096} INFO - Sync 1 DAGs
[2024-05-15T10:20:42.498+0000] {logging_mixin.py:188} INFO - [2024-05-15T10:20:42.498+0000] {dag.py:3954} INFO - Setting next_dagrun for example_python_decorator to None, run_after=None
[2024-05-15T10:20:42.516+0000] {processor.py:183} INFO - Processing /home/airflow/.local/lib/python3.12/site-packages/airflow/example_dags/example_python_decorator.py took 0.172 seconds
[2024-05-15T10:21:12.659+0000] {processor.py:161} INFO - Started process (PID=1076) to work on /home/airflow/.local/lib/python3.12/site-packages/airflow/example_dags/example_python_decorator.py
[2024-05-15T10:21:12.660+0000] {processor.py:830} INFO - Processing file /home/airflow/.local/lib/python3.12/site-packages/airflow/example_dags/example_python_decorator.py for tasks to queue
[2024-05-15T10:21:12.662+0000] {logging_mixin.py:188} INFO - [2024-05-15T10:21:12.662+0000] {dagbag.py:540} INFO - Filling up the DagBag from /home/airflow/.local/lib/python3.12/site-packages/airflow/example_dags/example_python_decorator.py
[2024-05-15T10:21:12.672+0000] {processor.py:840} INFO - DAG(s) 'example_python_decorator' retrieved from /home/airflow/.local/lib/python3.12/site-packages/airflow/example_dags/example_python_decorator.py
[2024-05-15T10:21:12.690+0000] {logging_mixin.py:188} INFO - [2024-05-15T10:21:12.690+0000] {dag.py:3096} INFO - Sync 1 DAGs
[2024-05-15T10:21:12.703+0000] {logging_mixin.py:188} INFO - [2024-05-15T10:21:12.703+0000] {dag.py:3954} INFO - Setting next_dagrun for example_python_decorator to None, run_after=None
[2024-05-15T10:21:12.720+0000] {processor.py:183} INFO - Processing /home/airflow/.local/lib/python3.12/site-packages/airflow/example_dags/example_python_decorator.py took 0.065 seconds
[2024-05-15T10:21:42.831+0000] {processor.py:161} INFO - Started process (PID=1135) to work on /home/airflow/.local/lib/python3.12/site-packages/airflow/example_dags/example_python_decorator.py
[2024-05-15T10:21:42.832+0000] {processor.py:830} INFO - Processing file /home/airflow/.local/lib/python3.12/site-packages/airflow/example_dags/example_python_decorator.py for tasks to queue
[2024-05-15T10:21:42.834+0000] {logging_mixin.py:188} INFO - [2024-05-15T10:21:42.834+0000] {dagbag.py:540} INFO - Filling up the DagBag from /home/airflow/.local/lib/python3.12/site-packages/airflow/example_dags/example_python_decorator.py
[2024-05-15T10:21:42.848+0000] {processor.py:840} INFO - DAG(s) 'example_python_decorator' retrieved from /home/airflow/.local/lib/python3.12/site-packages/airflow/example_dags/example_python_decorator.py
[2024-05-15T10:21:42.871+0000] {logging_mixin.py:188} INFO - [2024-05-15T10:21:42.871+0000] {dag.py:3096} INFO - Sync 1 DAGs
[2024-05-15T10:21:42.884+0000] {logging_mixin.py:188} INFO - [2024-05-15T10:21:42.884+0000] {dag.py:3954} INFO - Setting next_dagrun for example_python_decorator to None, run_after=None
[2024-05-15T10:21:42.900+0000] {processor.py:183} INFO - Processing /home/airflow/.local/lib/python3.12/site-packages/airflow/example_dags/example_python_decorator.py took 0.074 seconds
[2024-05-15T10:22:13.148+0000] {processor.py:161} INFO - Started process (PID=1194) to work on /home/airflow/.local/lib/python3.12/site-packages/airflow/example_dags/example_python_decorator.py
[2024-05-15T10:22:13.149+0000] {processor.py:830} INFO - Processing file /home/airflow/.local/lib/python3.12/site-packages/airflow/example_dags/example_python_decorator.py for tasks to queue
[2024-05-15T10:22:13.151+0000] {logging_mixin.py:188} INFO - [2024-05-15T10:22:13.151+0000] {dagbag.py:540} INFO - Filling up the DagBag from /home/airflow/.local/lib/python3.12/site-packages/airflow/example_dags/example_python_decorator.py
[2024-05-15T10:22:13.164+0000] {processor.py:840} INFO - DAG(s) 'example_python_decorator' retrieved from /home/airflow/.local/lib/python3.12/site-packages/airflow/example_dags/example_python_decorator.py
[2024-05-15T10:22:13.182+0000] {logging_mixin.py:188} INFO - [2024-05-15T10:22:13.181+0000] {dag.py:3096} INFO - Sync 1 DAGs
[2024-05-15T10:22:13.192+0000] {logging_mixin.py:188} INFO - [2024-05-15T10:22:13.192+0000] {dag.py:3954} INFO - Setting next_dagrun for example_python_decorator to None, run_after=None
[2024-05-15T10:22:13.209+0000] {processor.py:183} INFO - Processing /home/airflow/.local/lib/python3.12/site-packages/airflow/example_dags/example_python_decorator.py took 0.067 seconds
[2024-05-15T10:22:44.029+0000] {processor.py:161} INFO - Started process (PID=1259) to work on /home/airflow/.local/lib/python3.12/site-packages/airflow/example_dags/example_python_decorator.py
[2024-05-15T10:22:44.030+0000] {processor.py:830} INFO - Processing file /home/airflow/.local/lib/python3.12/site-packages/airflow/example_dags/example_python_decorator.py for tasks to queue
[2024-05-15T10:22:44.032+0000] {logging_mixin.py:188} INFO - [2024-05-15T10:22:44.031+0000] {dagbag.py:540} INFO - Filling up the DagBag from /home/airflow/.local/lib/python3.12/site-packages/airflow/example_dags/example_python_decorator.py
[2024-05-15T10:22:44.042+0000] {processor.py:840} INFO - DAG(s) 'example_python_decorator' retrieved from /home/airflow/.local/lib/python3.12/site-packages/airflow/example_dags/example_python_decorator.py
[2024-05-15T10:22:44.063+0000] {logging_mixin.py:188} INFO - [2024-05-15T10:22:44.062+0000] {dag.py:3096} INFO - Sync 1 DAGs
[2024-05-15T10:22:44.074+0000] {logging_mixin.py:188} INFO - [2024-05-15T10:22:44.074+0000] {dag.py:3954} INFO - Setting next_dagrun for example_python_decorator to None, run_after=None
[2024-05-15T10:22:44.089+0000] {processor.py:183} INFO - Processing /home/airflow/.local/lib/python3.12/site-packages/airflow/example_dags/example_python_decorator.py took 0.066 seconds
[2024-05-15T10:23:14.947+0000] {processor.py:161} INFO - Started process (PID=1318) to work on /home/airflow/.local/lib/python3.12/site-packages/airflow/example_dags/example_python_decorator.py
[2024-05-15T10:23:14.949+0000] {processor.py:830} INFO - Processing file /home/airflow/.local/lib/python3.12/site-packages/airflow/example_dags/example_python_decorator.py for tasks to queue
[2024-05-15T10:23:14.952+0000] {logging_mixin.py:188} INFO - [2024-05-15T10:23:14.951+0000] {dagbag.py:540} INFO - Filling up the DagBag from /home/airflow/.local/lib/python3.12/site-packages/airflow/example_dags/example_python_decorator.py
[2024-05-15T10:23:14.979+0000] {processor.py:840} INFO - DAG(s) 'example_python_decorator' retrieved from /home/airflow/.local/lib/python3.12/site-packages/airflow/example_dags/example_python_decorator.py
[2024-05-15T10:23:15.005+0000] {logging_mixin.py:188} INFO - [2024-05-15T10:23:15.005+0000] {dag.py:3096} INFO - Sync 1 DAGs
[2024-05-15T10:23:15.019+0000] {logging_mixin.py:188} INFO - [2024-05-15T10:23:15.018+0000] {dag.py:3954} INFO - Setting next_dagrun for example_python_decorator to None, run_after=None
[2024-05-15T10:23:15.040+0000] {processor.py:183} INFO - Processing /home/airflow/.local/lib/python3.12/site-packages/airflow/example_dags/example_python_decorator.py took 0.104 seconds
[2024-05-15T10:23:45.885+0000] {processor.py:161} INFO - Started process (PID=1377) to work on /home/airflow/.local/lib/python3.12/site-packages/airflow/example_dags/example_python_decorator.py
[2024-05-15T10:23:45.886+0000] {processor.py:830} INFO - Processing file /home/airflow/.local/lib/python3.12/site-packages/airflow/example_dags/example_python_decorator.py for tasks to queue
[2024-05-15T10:23:45.887+0000] {logging_mixin.py:188} INFO - [2024-05-15T10:23:45.887+0000] {dagbag.py:540} INFO - Filling up the DagBag from /home/airflow/.local/lib/python3.12/site-packages/airflow/example_dags/example_python_decorator.py
[2024-05-15T10:23:45.901+0000] {processor.py:840} INFO - DAG(s) 'example_python_decorator' retrieved from /home/airflow/.local/lib/python3.12/site-packages/airflow/example_dags/example_python_decorator.py
[2024-05-15T10:23:45.920+0000] {logging_mixin.py:188} INFO - [2024-05-15T10:23:45.920+0000] {dag.py:3096} INFO - Sync 1 DAGs
[2024-05-15T10:23:45.931+0000] {logging_mixin.py:188} INFO - [2024-05-15T10:23:45.930+0000] {dag.py:3954} INFO - Setting next_dagrun for example_python_decorator to None, run_after=None
[2024-05-15T10:23:45.947+0000] {processor.py:183} INFO - Processing /home/airflow/.local/lib/python3.12/site-packages/airflow/example_dags/example_python_decorator.py took 0.069 seconds
[2024-05-15T10:24:15.999+0000] {processor.py:161} INFO - Started process (PID=1436) to work on /home/airflow/.local/lib/python3.12/site-packages/airflow/example_dags/example_python_decorator.py
[2024-05-15T10:24:16.000+0000] {processor.py:830} INFO - Processing file /home/airflow/.local/lib/python3.12/site-packages/airflow/example_dags/example_python_decorator.py for tasks to queue
[2024-05-15T10:24:16.002+0000] {logging_mixin.py:188} INFO - [2024-05-15T10:24:16.001+0000] {dagbag.py:540} INFO - Filling up the DagBag from /home/airflow/.local/lib/python3.12/site-packages/airflow/example_dags/example_python_decorator.py
[2024-05-15T10:24:16.014+0000] {processor.py:840} INFO - DAG(s) 'example_python_decorator' retrieved from /home/airflow/.local/lib/python3.12/site-packages/airflow/example_dags/example_python_decorator.py
[2024-05-15T10:24:16.033+0000] {logging_mixin.py:188} INFO - [2024-05-15T10:24:16.033+0000] {dag.py:3096} INFO - Sync 1 DAGs
[2024-05-15T10:24:16.044+0000] {logging_mixin.py:188} INFO - [2024-05-15T10:24:16.044+0000] {dag.py:3954} INFO - Setting next_dagrun for example_python_decorator to None, run_after=None
[2024-05-15T10:24:16.059+0000] {processor.py:183} INFO - Processing /home/airflow/.local/lib/python3.12/site-packages/airflow/example_dags/example_python_decorator.py took 0.066 seconds
[2024-05-15T10:24:46.292+0000] {processor.py:161} INFO - Started process (PID=1495) to work on /home/airflow/.local/lib/python3.12/site-packages/airflow/example_dags/example_python_decorator.py
[2024-05-15T10:24:46.294+0000] {processor.py:830} INFO - Processing file /home/airflow/.local/lib/python3.12/site-packages/airflow/example_dags/example_python_decorator.py for tasks to queue
[2024-05-15T10:24:46.296+0000] {logging_mixin.py:188} INFO - [2024-05-15T10:24:46.296+0000] {dagbag.py:540} INFO - Filling up the DagBag from /home/airflow/.local/lib/python3.12/site-packages/airflow/example_dags/example_python_decorator.py
[2024-05-15T10:24:46.319+0000] {processor.py:840} INFO - DAG(s) 'example_python_decorator' retrieved from /home/airflow/.local/lib/python3.12/site-packages/airflow/example_dags/example_python_decorator.py
[2024-05-15T10:24:46.347+0000] {logging_mixin.py:188} INFO - [2024-05-15T10:24:46.346+0000] {dag.py:3096} INFO - Sync 1 DAGs
[2024-05-15T10:24:46.363+0000] {logging_mixin.py:188} INFO - [2024-05-15T10:24:46.363+0000] {dag.py:3954} INFO - Setting next_dagrun for example_python_decorator to None, run_after=None
[2024-05-15T10:24:46.390+0000] {processor.py:183} INFO - Processing /home/airflow/.local/lib/python3.12/site-packages/airflow/example_dags/example_python_decorator.py took 0.110 seconds
[2024-05-15T10:25:16.552+0000] {processor.py:161} INFO - Started process (PID=1554) to work on /home/airflow/.local/lib/python3.12/site-packages/airflow/example_dags/example_python_decorator.py
[2024-05-15T10:25:16.553+0000] {processor.py:830} INFO - Processing file /home/airflow/.local/lib/python3.12/site-packages/airflow/example_dags/example_python_decorator.py for tasks to queue
[2024-05-15T10:25:16.555+0000] {logging_mixin.py:188} INFO - [2024-05-15T10:25:16.555+0000] {dagbag.py:540} INFO - Filling up the DagBag from /home/airflow/.local/lib/python3.12/site-packages/airflow/example_dags/example_python_decorator.py
[2024-05-15T10:25:16.566+0000] {processor.py:840} INFO - DAG(s) 'example_python_decorator' retrieved from /home/airflow/.local/lib/python3.12/site-packages/airflow/example_dags/example_python_decorator.py
[2024-05-15T10:25:16.584+0000] {logging_mixin.py:188} INFO - [2024-05-15T10:25:16.584+0000] {dag.py:3096} INFO - Sync 1 DAGs
[2024-05-15T10:25:16.596+0000] {logging_mixin.py:188} INFO - [2024-05-15T10:25:16.596+0000] {dag.py:3954} INFO - Setting next_dagrun for example_python_decorator to None, run_after=None
[2024-05-15T10:25:16.612+0000] {processor.py:183} INFO - Processing /home/airflow/.local/lib/python3.12/site-packages/airflow/example_dags/example_python_decorator.py took 0.066 seconds
[2024-05-15T10:25:46.752+0000] {processor.py:161} INFO - Started process (PID=1613) to work on /home/airflow/.local/lib/python3.12/site-packages/airflow/example_dags/example_python_decorator.py
[2024-05-15T10:25:46.753+0000] {processor.py:830} INFO - Processing file /home/airflow/.local/lib/python3.12/site-packages/airflow/example_dags/example_python_decorator.py for tasks to queue
[2024-05-15T10:25:46.755+0000] {logging_mixin.py:188} INFO - [2024-05-15T10:25:46.754+0000] {dagbag.py:540} INFO - Filling up the DagBag from /home/airflow/.local/lib/python3.12/site-packages/airflow/example_dags/example_python_decorator.py
[2024-05-15T10:25:46.767+0000] {processor.py:840} INFO - DAG(s) 'example_python_decorator' retrieved from /home/airflow/.local/lib/python3.12/site-packages/airflow/example_dags/example_python_decorator.py
[2024-05-15T10:25:46.788+0000] {logging_mixin.py:188} INFO - [2024-05-15T10:25:46.788+0000] {dag.py:3096} INFO - Sync 1 DAGs
[2024-05-15T10:25:46.800+0000] {logging_mixin.py:188} INFO - [2024-05-15T10:25:46.800+0000] {dag.py:3954} INFO - Setting next_dagrun for example_python_decorator to None, run_after=None
[2024-05-15T10:25:46.820+0000] {processor.py:183} INFO - Processing /home/airflow/.local/lib/python3.12/site-packages/airflow/example_dags/example_python_decorator.py took 0.074 seconds
[2024-05-15T10:26:16.975+0000] {processor.py:161} INFO - Started process (PID=1672) to work on /home/airflow/.local/lib/python3.12/site-packages/airflow/example_dags/example_python_decorator.py
[2024-05-15T10:26:16.976+0000] {processor.py:830} INFO - Processing file /home/airflow/.local/lib/python3.12/site-packages/airflow/example_dags/example_python_decorator.py for tasks to queue
[2024-05-15T10:26:16.978+0000] {logging_mixin.py:188} INFO - [2024-05-15T10:26:16.977+0000] {dagbag.py:540} INFO - Filling up the DagBag from /home/airflow/.local/lib/python3.12/site-packages/airflow/example_dags/example_python_decorator.py
[2024-05-15T10:26:16.992+0000] {processor.py:840} INFO - DAG(s) 'example_python_decorator' retrieved from /home/airflow/.local/lib/python3.12/site-packages/airflow/example_dags/example_python_decorator.py
[2024-05-15T10:26:17.015+0000] {logging_mixin.py:188} INFO - [2024-05-15T10:26:17.015+0000] {dag.py:3096} INFO - Sync 1 DAGs
[2024-05-15T10:26:17.028+0000] {logging_mixin.py:188} INFO - [2024-05-15T10:26:17.028+0000] {dag.py:3954} INFO - Setting next_dagrun for example_python_decorator to None, run_after=None
[2024-05-15T10:26:17.047+0000] {processor.py:183} INFO - Processing /home/airflow/.local/lib/python3.12/site-packages/airflow/example_dags/example_python_decorator.py took 0.078 seconds
[2024-05-15T10:26:48.045+0000] {processor.py:161} INFO - Started process (PID=1731) to work on /home/airflow/.local/lib/python3.12/site-packages/airflow/example_dags/example_python_decorator.py
[2024-05-15T10:26:48.046+0000] {processor.py:830} INFO - Processing file /home/airflow/.local/lib/python3.12/site-packages/airflow/example_dags/example_python_decorator.py for tasks to queue
[2024-05-15T10:26:48.047+0000] {logging_mixin.py:188} INFO - [2024-05-15T10:26:48.047+0000] {dagbag.py:540} INFO - Filling up the DagBag from /home/airflow/.local/lib/python3.12/site-packages/airflow/example_dags/example_python_decorator.py
[2024-05-15T10:26:48.062+0000] {processor.py:840} INFO - DAG(s) 'example_python_decorator' retrieved from /home/airflow/.local/lib/python3.12/site-packages/airflow/example_dags/example_python_decorator.py
[2024-05-15T10:26:48.089+0000] {logging_mixin.py:188} INFO - [2024-05-15T10:26:48.088+0000] {dag.py:3096} INFO - Sync 1 DAGs
[2024-05-15T10:26:48.103+0000] {logging_mixin.py:188} INFO - [2024-05-15T10:26:48.102+0000] {dag.py:3954} INFO - Setting next_dagrun for example_python_decorator to None, run_after=None
[2024-05-15T10:26:48.122+0000] {processor.py:183} INFO - Processing /home/airflow/.local/lib/python3.12/site-packages/airflow/example_dags/example_python_decorator.py took 0.085 seconds
[2024-05-15T10:27:18.309+0000] {processor.py:161} INFO - Started process (PID=1790) to work on /home/airflow/.local/lib/python3.12/site-packages/airflow/example_dags/example_python_decorator.py
[2024-05-15T10:27:18.310+0000] {processor.py:830} INFO - Processing file /home/airflow/.local/lib/python3.12/site-packages/airflow/example_dags/example_python_decorator.py for tasks to queue
[2024-05-15T10:27:18.312+0000] {logging_mixin.py:188} INFO - [2024-05-15T10:27:18.311+0000] {dagbag.py:540} INFO - Filling up the DagBag from /home/airflow/.local/lib/python3.12/site-packages/airflow/example_dags/example_python_decorator.py
[2024-05-15T10:27:18.324+0000] {processor.py:840} INFO - DAG(s) 'example_python_decorator' retrieved from /home/airflow/.local/lib/python3.12/site-packages/airflow/example_dags/example_python_decorator.py
[2024-05-15T10:27:18.349+0000] {logging_mixin.py:188} INFO - [2024-05-15T10:27:18.348+0000] {dag.py:3096} INFO - Sync 1 DAGs
[2024-05-15T10:27:18.361+0000] {logging_mixin.py:188} INFO - [2024-05-15T10:27:18.361+0000] {dag.py:3954} INFO - Setting next_dagrun for example_python_decorator to None, run_after=None
[2024-05-15T10:27:18.384+0000] {processor.py:183} INFO - Processing /home/airflow/.local/lib/python3.12/site-packages/airflow/example_dags/example_python_decorator.py took 0.080 seconds
[2024-05-15T10:27:49.472+0000] {processor.py:161} INFO - Started process (PID=1850) to work on /home/airflow/.local/lib/python3.12/site-packages/airflow/example_dags/example_python_decorator.py
[2024-05-15T10:27:49.473+0000] {processor.py:830} INFO - Processing file /home/airflow/.local/lib/python3.12/site-packages/airflow/example_dags/example_python_decorator.py for tasks to queue
[2024-05-15T10:27:49.475+0000] {logging_mixin.py:188} INFO - [2024-05-15T10:27:49.475+0000] {dagbag.py:540} INFO - Filling up the DagBag from /home/airflow/.local/lib/python3.12/site-packages/airflow/example_dags/example_python_decorator.py
[2024-05-15T10:27:49.490+0000] {processor.py:840} INFO - DAG(s) 'example_python_decorator' retrieved from /home/airflow/.local/lib/python3.12/site-packages/airflow/example_dags/example_python_decorator.py
[2024-05-15T10:27:49.509+0000] {logging_mixin.py:188} INFO - [2024-05-15T10:27:49.509+0000] {dag.py:3096} INFO - Sync 1 DAGs
[2024-05-15T10:27:49.519+0000] {logging_mixin.py:188} INFO - [2024-05-15T10:27:49.519+0000] {dag.py:3954} INFO - Setting next_dagrun for example_python_decorator to None, run_after=None
[2024-05-15T10:27:49.538+0000] {processor.py:183} INFO - Processing /home/airflow/.local/lib/python3.12/site-packages/airflow/example_dags/example_python_decorator.py took 0.072 seconds
[2024-05-15T10:28:19.683+0000] {processor.py:161} INFO - Started process (PID=1909) to work on /home/airflow/.local/lib/python3.12/site-packages/airflow/example_dags/example_python_decorator.py
[2024-05-15T10:28:19.684+0000] {processor.py:830} INFO - Processing file /home/airflow/.local/lib/python3.12/site-packages/airflow/example_dags/example_python_decorator.py for tasks to queue
[2024-05-15T10:28:19.686+0000] {logging_mixin.py:188} INFO - [2024-05-15T10:28:19.685+0000] {dagbag.py:540} INFO - Filling up the DagBag from /home/airflow/.local/lib/python3.12/site-packages/airflow/example_dags/example_python_decorator.py
[2024-05-15T10:28:19.701+0000] {processor.py:840} INFO - DAG(s) 'example_python_decorator' retrieved from /home/airflow/.local/lib/python3.12/site-packages/airflow/example_dags/example_python_decorator.py
[2024-05-15T10:28:19.722+0000] {logging_mixin.py:188} INFO - [2024-05-15T10:28:19.722+0000] {dag.py:3096} INFO - Sync 1 DAGs
[2024-05-15T10:28:19.735+0000] {logging_mixin.py:188} INFO - [2024-05-15T10:28:19.735+0000] {dag.py:3954} INFO - Setting next_dagrun for example_python_decorator to None, run_after=None
[2024-05-15T10:28:19.756+0000] {processor.py:183} INFO - Processing /home/airflow/.local/lib/python3.12/site-packages/airflow/example_dags/example_python_decorator.py took 0.080 seconds
[2024-05-15T10:29:40.305+0000] {processor.py:161} INFO - Started process (PID=1960) to work on /home/airflow/.local/lib/python3.12/site-packages/airflow/example_dags/example_python_decorator.py
[2024-05-15T10:29:40.315+0000] {processor.py:830} INFO - Processing file /home/airflow/.local/lib/python3.12/site-packages/airflow/example_dags/example_python_decorator.py for tasks to queue
[2024-05-15T10:29:40.320+0000] {logging_mixin.py:188} INFO - [2024-05-15T10:29:40.319+0000] {dagbag.py:540} INFO - Filling up the DagBag from /home/airflow/.local/lib/python3.12/site-packages/airflow/example_dags/example_python_decorator.py
[2024-05-15T10:29:40.379+0000] {processor.py:840} INFO - DAG(s) 'example_python_decorator' retrieved from /home/airflow/.local/lib/python3.12/site-packages/airflow/example_dags/example_python_decorator.py
[2024-05-15T10:29:40.475+0000] {logging_mixin.py:188} INFO - [2024-05-15T10:29:40.475+0000] {dag.py:3096} INFO - Sync 1 DAGs
[2024-05-15T10:29:40.533+0000] {logging_mixin.py:188} INFO - [2024-05-15T10:29:40.533+0000] {dag.py:3954} INFO - Setting next_dagrun for example_python_decorator to None, run_after=None
[2024-05-15T10:29:40.620+0000] {processor.py:183} INFO - Processing /home/airflow/.local/lib/python3.12/site-packages/airflow/example_dags/example_python_decorator.py took 0.350 seconds
[2024-05-15T10:30:11.117+0000] {processor.py:161} INFO - Started process (PID=2019) to work on /home/airflow/.local/lib/python3.12/site-packages/airflow/example_dags/example_python_decorator.py
[2024-05-15T10:30:11.118+0000] {processor.py:830} INFO - Processing file /home/airflow/.local/lib/python3.12/site-packages/airflow/example_dags/example_python_decorator.py for tasks to queue
[2024-05-15T10:30:11.119+0000] {logging_mixin.py:188} INFO - [2024-05-15T10:30:11.119+0000] {dagbag.py:540} INFO - Filling up the DagBag from /home/airflow/.local/lib/python3.12/site-packages/airflow/example_dags/example_python_decorator.py
[2024-05-15T10:30:11.130+0000] {processor.py:840} INFO - DAG(s) 'example_python_decorator' retrieved from /home/airflow/.local/lib/python3.12/site-packages/airflow/example_dags/example_python_decorator.py
[2024-05-15T10:30:11.152+0000] {logging_mixin.py:188} INFO - [2024-05-15T10:30:11.151+0000] {dag.py:3096} INFO - Sync 1 DAGs
[2024-05-15T10:30:11.163+0000] {logging_mixin.py:188} INFO - [2024-05-15T10:30:11.162+0000] {dag.py:3954} INFO - Setting next_dagrun for example_python_decorator to None, run_after=None
[2024-05-15T10:30:11.181+0000] {processor.py:183} INFO - Processing /home/airflow/.local/lib/python3.12/site-packages/airflow/example_dags/example_python_decorator.py took 0.070 seconds
[2024-05-15T10:30:41.356+0000] {processor.py:161} INFO - Started process (PID=2078) to work on /home/airflow/.local/lib/python3.12/site-packages/airflow/example_dags/example_python_decorator.py
[2024-05-15T10:30:41.357+0000] {processor.py:830} INFO - Processing file /home/airflow/.local/lib/python3.12/site-packages/airflow/example_dags/example_python_decorator.py for tasks to queue
[2024-05-15T10:30:41.358+0000] {logging_mixin.py:188} INFO - [2024-05-15T10:30:41.358+0000] {dagbag.py:540} INFO - Filling up the DagBag from /home/airflow/.local/lib/python3.12/site-packages/airflow/example_dags/example_python_decorator.py
[2024-05-15T10:30:41.371+0000] {processor.py:840} INFO - DAG(s) 'example_python_decorator' retrieved from /home/airflow/.local/lib/python3.12/site-packages/airflow/example_dags/example_python_decorator.py
[2024-05-15T10:30:41.396+0000] {logging_mixin.py:188} INFO - [2024-05-15T10:30:41.395+0000] {dag.py:3096} INFO - Sync 1 DAGs
[2024-05-15T10:30:41.408+0000] {logging_mixin.py:188} INFO - [2024-05-15T10:30:41.408+0000] {dag.py:3954} INFO - Setting next_dagrun for example_python_decorator to None, run_after=None
[2024-05-15T10:30:41.427+0000] {processor.py:183} INFO - Processing /home/airflow/.local/lib/python3.12/site-packages/airflow/example_dags/example_python_decorator.py took 0.076 seconds
[2024-05-15T10:31:11.879+0000] {processor.py:161} INFO - Started process (PID=2137) to work on /home/airflow/.local/lib/python3.12/site-packages/airflow/example_dags/example_python_decorator.py
[2024-05-15T10:31:11.880+0000] {processor.py:830} INFO - Processing file /home/airflow/.local/lib/python3.12/site-packages/airflow/example_dags/example_python_decorator.py for tasks to queue
[2024-05-15T10:31:11.881+0000] {logging_mixin.py:188} INFO - [2024-05-15T10:31:11.881+0000] {dagbag.py:540} INFO - Filling up the DagBag from /home/airflow/.local/lib/python3.12/site-packages/airflow/example_dags/example_python_decorator.py
[2024-05-15T10:31:11.892+0000] {processor.py:840} INFO - DAG(s) 'example_python_decorator' retrieved from /home/airflow/.local/lib/python3.12/site-packages/airflow/example_dags/example_python_decorator.py
[2024-05-15T10:31:11.913+0000] {logging_mixin.py:188} INFO - [2024-05-15T10:31:11.913+0000] {dag.py:3096} INFO - Sync 1 DAGs
[2024-05-15T10:31:11.925+0000] {logging_mixin.py:188} INFO - [2024-05-15T10:31:11.924+0000] {dag.py:3954} INFO - Setting next_dagrun for example_python_decorator to None, run_after=None
[2024-05-15T10:31:11.942+0000] {processor.py:183} INFO - Processing /home/airflow/.local/lib/python3.12/site-packages/airflow/example_dags/example_python_decorator.py took 0.069 seconds
[2024-05-15T10:31:42.344+0000] {processor.py:161} INFO - Started process (PID=2196) to work on /home/airflow/.local/lib/python3.12/site-packages/airflow/example_dags/example_python_decorator.py
[2024-05-15T10:31:42.345+0000] {processor.py:830} INFO - Processing file /home/airflow/.local/lib/python3.12/site-packages/airflow/example_dags/example_python_decorator.py for tasks to queue
[2024-05-15T10:31:42.347+0000] {logging_mixin.py:188} INFO - [2024-05-15T10:31:42.346+0000] {dagbag.py:540} INFO - Filling up the DagBag from /home/airflow/.local/lib/python3.12/site-packages/airflow/example_dags/example_python_decorator.py
[2024-05-15T10:31:42.361+0000] {processor.py:840} INFO - DAG(s) 'example_python_decorator' retrieved from /home/airflow/.local/lib/python3.12/site-packages/airflow/example_dags/example_python_decorator.py
[2024-05-15T10:31:42.383+0000] {logging_mixin.py:188} INFO - [2024-05-15T10:31:42.382+0000] {dag.py:3096} INFO - Sync 1 DAGs
[2024-05-15T10:31:42.397+0000] {logging_mixin.py:188} INFO - [2024-05-15T10:31:42.397+0000] {dag.py:3954} INFO - Setting next_dagrun for example_python_decorator to None, run_after=None
[2024-05-15T10:31:42.412+0000] {processor.py:183} INFO - Processing /home/airflow/.local/lib/python3.12/site-packages/airflow/example_dags/example_python_decorator.py took 0.073 seconds
[2024-05-15T10:32:12.693+0000] {processor.py:161} INFO - Started process (PID=2255) to work on /home/airflow/.local/lib/python3.12/site-packages/airflow/example_dags/example_python_decorator.py
[2024-05-15T10:32:12.694+0000] {processor.py:830} INFO - Processing file /home/airflow/.local/lib/python3.12/site-packages/airflow/example_dags/example_python_decorator.py for tasks to queue
[2024-05-15T10:32:12.696+0000] {logging_mixin.py:188} INFO - [2024-05-15T10:32:12.696+0000] {dagbag.py:540} INFO - Filling up the DagBag from /home/airflow/.local/lib/python3.12/site-packages/airflow/example_dags/example_python_decorator.py
[2024-05-15T10:32:12.708+0000] {processor.py:840} INFO - DAG(s) 'example_python_decorator' retrieved from /home/airflow/.local/lib/python3.12/site-packages/airflow/example_dags/example_python_decorator.py
[2024-05-15T10:32:12.728+0000] {logging_mixin.py:188} INFO - [2024-05-15T10:32:12.728+0000] {dag.py:3096} INFO - Sync 1 DAGs
[2024-05-15T10:32:12.741+0000] {logging_mixin.py:188} INFO - [2024-05-15T10:32:12.741+0000] {dag.py:3954} INFO - Setting next_dagrun for example_python_decorator to None, run_after=None
[2024-05-15T10:32:12.764+0000] {processor.py:183} INFO - Processing /home/airflow/.local/lib/python3.12/site-packages/airflow/example_dags/example_python_decorator.py took 0.078 seconds
[2024-05-15T10:32:43.203+0000] {processor.py:161} INFO - Started process (PID=2314) to work on /home/airflow/.local/lib/python3.12/site-packages/airflow/example_dags/example_python_decorator.py
[2024-05-15T10:32:43.204+0000] {processor.py:830} INFO - Processing file /home/airflow/.local/lib/python3.12/site-packages/airflow/example_dags/example_python_decorator.py for tasks to queue
[2024-05-15T10:32:43.207+0000] {logging_mixin.py:188} INFO - [2024-05-15T10:32:43.207+0000] {dagbag.py:540} INFO - Filling up the DagBag from /home/airflow/.local/lib/python3.12/site-packages/airflow/example_dags/example_python_decorator.py
[2024-05-15T10:32:43.219+0000] {processor.py:840} INFO - DAG(s) 'example_python_decorator' retrieved from /home/airflow/.local/lib/python3.12/site-packages/airflow/example_dags/example_python_decorator.py
[2024-05-15T10:32:43.247+0000] {logging_mixin.py:188} INFO - [2024-05-15T10:32:43.247+0000] {dag.py:3096} INFO - Sync 1 DAGs
[2024-05-15T10:32:43.267+0000] {logging_mixin.py:188} INFO - [2024-05-15T10:32:43.267+0000] {dag.py:3954} INFO - Setting next_dagrun for example_python_decorator to None, run_after=None
[2024-05-15T10:32:43.285+0000] {processor.py:183} INFO - Processing /home/airflow/.local/lib/python3.12/site-packages/airflow/example_dags/example_python_decorator.py took 0.087 seconds
[2024-05-15T10:33:14.016+0000] {processor.py:161} INFO - Started process (PID=2373) to work on /home/airflow/.local/lib/python3.12/site-packages/airflow/example_dags/example_python_decorator.py
[2024-05-15T10:33:14.017+0000] {processor.py:830} INFO - Processing file /home/airflow/.local/lib/python3.12/site-packages/airflow/example_dags/example_python_decorator.py for tasks to queue
[2024-05-15T10:33:14.020+0000] {logging_mixin.py:188} INFO - [2024-05-15T10:33:14.019+0000] {dagbag.py:540} INFO - Filling up the DagBag from /home/airflow/.local/lib/python3.12/site-packages/airflow/example_dags/example_python_decorator.py
[2024-05-15T10:33:14.051+0000] {processor.py:840} INFO - DAG(s) 'example_python_decorator' retrieved from /home/airflow/.local/lib/python3.12/site-packages/airflow/example_dags/example_python_decorator.py
[2024-05-15T10:33:14.100+0000] {logging_mixin.py:188} INFO - [2024-05-15T10:33:14.100+0000] {dag.py:3096} INFO - Sync 1 DAGs
[2024-05-15T10:33:14.121+0000] {logging_mixin.py:188} INFO - [2024-05-15T10:33:14.121+0000] {dag.py:3954} INFO - Setting next_dagrun for example_python_decorator to None, run_after=None
[2024-05-15T10:33:14.176+0000] {processor.py:183} INFO - Processing /home/airflow/.local/lib/python3.12/site-packages/airflow/example_dags/example_python_decorator.py took 0.178 seconds
[2024-05-15T10:33:45.009+0000] {processor.py:161} INFO - Started process (PID=2438) to work on /home/airflow/.local/lib/python3.12/site-packages/airflow/example_dags/example_python_decorator.py
[2024-05-15T10:33:45.014+0000] {processor.py:830} INFO - Processing file /home/airflow/.local/lib/python3.12/site-packages/airflow/example_dags/example_python_decorator.py for tasks to queue
[2024-05-15T10:33:45.016+0000] {logging_mixin.py:188} INFO - [2024-05-15T10:33:45.016+0000] {dagbag.py:540} INFO - Filling up the DagBag from /home/airflow/.local/lib/python3.12/site-packages/airflow/example_dags/example_python_decorator.py
[2024-05-15T10:33:45.028+0000] {processor.py:840} INFO - DAG(s) 'example_python_decorator' retrieved from /home/airflow/.local/lib/python3.12/site-packages/airflow/example_dags/example_python_decorator.py
[2024-05-15T10:33:45.048+0000] {logging_mixin.py:188} INFO - [2024-05-15T10:33:45.048+0000] {dag.py:3096} INFO - Sync 1 DAGs
[2024-05-15T10:33:45.061+0000] {logging_mixin.py:188} INFO - [2024-05-15T10:33:45.061+0000] {dag.py:3954} INFO - Setting next_dagrun for example_python_decorator to None, run_after=None
[2024-05-15T10:33:45.080+0000] {processor.py:183} INFO - Processing /home/airflow/.local/lib/python3.12/site-packages/airflow/example_dags/example_python_decorator.py took 0.076 seconds
[2024-05-15T10:34:15.879+0000] {processor.py:161} INFO - Started process (PID=2496) to work on /home/airflow/.local/lib/python3.12/site-packages/airflow/example_dags/example_python_decorator.py
[2024-05-15T10:34:15.881+0000] {processor.py:830} INFO - Processing file /home/airflow/.local/lib/python3.12/site-packages/airflow/example_dags/example_python_decorator.py for tasks to queue
[2024-05-15T10:34:15.883+0000] {logging_mixin.py:188} INFO - [2024-05-15T10:34:15.882+0000] {dagbag.py:540} INFO - Filling up the DagBag from /home/airflow/.local/lib/python3.12/site-packages/airflow/example_dags/example_python_decorator.py
[2024-05-15T10:34:15.895+0000] {processor.py:840} INFO - DAG(s) 'example_python_decorator' retrieved from /home/airflow/.local/lib/python3.12/site-packages/airflow/example_dags/example_python_decorator.py
[2024-05-15T10:34:15.916+0000] {logging_mixin.py:188} INFO - [2024-05-15T10:34:15.916+0000] {dag.py:3096} INFO - Sync 1 DAGs
[2024-05-15T10:34:15.929+0000] {logging_mixin.py:188} INFO - [2024-05-15T10:34:15.929+0000] {dag.py:3954} INFO - Setting next_dagrun for example_python_decorator to None, run_after=None
[2024-05-15T10:34:15.948+0000] {processor.py:183} INFO - Processing /home/airflow/.local/lib/python3.12/site-packages/airflow/example_dags/example_python_decorator.py took 0.074 seconds
[2024-05-15T10:34:46.522+0000] {processor.py:161} INFO - Started process (PID=2555) to work on /home/airflow/.local/lib/python3.12/site-packages/airflow/example_dags/example_python_decorator.py
[2024-05-15T10:34:46.523+0000] {processor.py:830} INFO - Processing file /home/airflow/.local/lib/python3.12/site-packages/airflow/example_dags/example_python_decorator.py for tasks to queue
[2024-05-15T10:34:46.525+0000] {logging_mixin.py:188} INFO - [2024-05-15T10:34:46.525+0000] {dagbag.py:540} INFO - Filling up the DagBag from /home/airflow/.local/lib/python3.12/site-packages/airflow/example_dags/example_python_decorator.py
[2024-05-15T10:34:46.536+0000] {processor.py:840} INFO - DAG(s) 'example_python_decorator' retrieved from /home/airflow/.local/lib/python3.12/site-packages/airflow/example_dags/example_python_decorator.py
[2024-05-15T10:34:46.557+0000] {logging_mixin.py:188} INFO - [2024-05-15T10:34:46.556+0000] {dag.py:3096} INFO - Sync 1 DAGs
[2024-05-15T10:34:46.569+0000] {logging_mixin.py:188} INFO - [2024-05-15T10:34:46.569+0000] {dag.py:3954} INFO - Setting next_dagrun for example_python_decorator to None, run_after=None
[2024-05-15T10:34:46.590+0000] {processor.py:183} INFO - Processing /home/airflow/.local/lib/python3.12/site-packages/airflow/example_dags/example_python_decorator.py took 0.076 seconds
[2024-05-15T10:35:17.272+0000] {processor.py:161} INFO - Started process (PID=2614) to work on /home/airflow/.local/lib/python3.12/site-packages/airflow/example_dags/example_python_decorator.py
[2024-05-15T10:35:17.273+0000] {processor.py:830} INFO - Processing file /home/airflow/.local/lib/python3.12/site-packages/airflow/example_dags/example_python_decorator.py for tasks to queue
[2024-05-15T10:35:17.275+0000] {logging_mixin.py:188} INFO - [2024-05-15T10:35:17.275+0000] {dagbag.py:540} INFO - Filling up the DagBag from /home/airflow/.local/lib/python3.12/site-packages/airflow/example_dags/example_python_decorator.py
[2024-05-15T10:35:17.290+0000] {processor.py:840} INFO - DAG(s) 'example_python_decorator' retrieved from /home/airflow/.local/lib/python3.12/site-packages/airflow/example_dags/example_python_decorator.py
[2024-05-15T10:35:17.315+0000] {logging_mixin.py:188} INFO - [2024-05-15T10:35:17.314+0000] {dag.py:3096} INFO - Sync 1 DAGs
[2024-05-15T10:35:17.329+0000] {logging_mixin.py:188} INFO - [2024-05-15T10:35:17.328+0000] {dag.py:3954} INFO - Setting next_dagrun for example_python_decorator to None, run_after=None
[2024-05-15T10:35:17.353+0000] {processor.py:183} INFO - Processing /home/airflow/.local/lib/python3.12/site-packages/airflow/example_dags/example_python_decorator.py took 0.088 seconds
[2024-05-15T10:35:48.206+0000] {processor.py:161} INFO - Started process (PID=2673) to work on /home/airflow/.local/lib/python3.12/site-packages/airflow/example_dags/example_python_decorator.py
[2024-05-15T10:35:48.208+0000] {processor.py:830} INFO - Processing file /home/airflow/.local/lib/python3.12/site-packages/airflow/example_dags/example_python_decorator.py for tasks to queue
[2024-05-15T10:35:48.210+0000] {logging_mixin.py:188} INFO - [2024-05-15T10:35:48.210+0000] {dagbag.py:540} INFO - Filling up the DagBag from /home/airflow/.local/lib/python3.12/site-packages/airflow/example_dags/example_python_decorator.py
[2024-05-15T10:35:48.234+0000] {processor.py:840} INFO - DAG(s) 'example_python_decorator' retrieved from /home/airflow/.local/lib/python3.12/site-packages/airflow/example_dags/example_python_decorator.py
[2024-05-15T10:35:48.257+0000] {logging_mixin.py:188} INFO - [2024-05-15T10:35:48.257+0000] {dag.py:3096} INFO - Sync 1 DAGs
[2024-05-15T10:35:48.271+0000] {logging_mixin.py:188} INFO - [2024-05-15T10:35:48.271+0000] {dag.py:3954} INFO - Setting next_dagrun for example_python_decorator to None, run_after=None
[2024-05-15T10:35:48.297+0000] {processor.py:183} INFO - Processing /home/airflow/.local/lib/python3.12/site-packages/airflow/example_dags/example_python_decorator.py took 0.099 seconds
[2024-05-15T10:36:19.057+0000] {processor.py:161} INFO - Started process (PID=2732) to work on /home/airflow/.local/lib/python3.12/site-packages/airflow/example_dags/example_python_decorator.py
[2024-05-15T10:36:19.062+0000] {processor.py:830} INFO - Processing file /home/airflow/.local/lib/python3.12/site-packages/airflow/example_dags/example_python_decorator.py for tasks to queue
[2024-05-15T10:36:19.064+0000] {logging_mixin.py:188} INFO - [2024-05-15T10:36:19.063+0000] {dagbag.py:540} INFO - Filling up the DagBag from /home/airflow/.local/lib/python3.12/site-packages/airflow/example_dags/example_python_decorator.py
[2024-05-15T10:36:19.080+0000] {processor.py:840} INFO - DAG(s) 'example_python_decorator' retrieved from /home/airflow/.local/lib/python3.12/site-packages/airflow/example_dags/example_python_decorator.py
[2024-05-15T10:36:19.102+0000] {logging_mixin.py:188} INFO - [2024-05-15T10:36:19.102+0000] {dag.py:3096} INFO - Sync 1 DAGs
[2024-05-15T10:36:19.113+0000] {logging_mixin.py:188} INFO - [2024-05-15T10:36:19.112+0000] {dag.py:3954} INFO - Setting next_dagrun for example_python_decorator to None, run_after=None
[2024-05-15T10:36:19.135+0000] {processor.py:183} INFO - Processing /home/airflow/.local/lib/python3.12/site-packages/airflow/example_dags/example_python_decorator.py took 0.084 seconds
[2024-05-15T10:36:49.563+0000] {processor.py:161} INFO - Started process (PID=2791) to work on /home/airflow/.local/lib/python3.12/site-packages/airflow/example_dags/example_python_decorator.py
[2024-05-15T10:36:49.564+0000] {processor.py:830} INFO - Processing file /home/airflow/.local/lib/python3.12/site-packages/airflow/example_dags/example_python_decorator.py for tasks to queue
[2024-05-15T10:36:49.565+0000] {logging_mixin.py:188} INFO - [2024-05-15T10:36:49.565+0000] {dagbag.py:540} INFO - Filling up the DagBag from /home/airflow/.local/lib/python3.12/site-packages/airflow/example_dags/example_python_decorator.py
[2024-05-15T10:36:49.577+0000] {processor.py:840} INFO - DAG(s) 'example_python_decorator' retrieved from /home/airflow/.local/lib/python3.12/site-packages/airflow/example_dags/example_python_decorator.py
[2024-05-15T10:36:49.596+0000] {logging_mixin.py:188} INFO - [2024-05-15T10:36:49.596+0000] {dag.py:3096} INFO - Sync 1 DAGs
[2024-05-15T10:36:49.609+0000] {logging_mixin.py:188} INFO - [2024-05-15T10:36:49.609+0000] {dag.py:3954} INFO - Setting next_dagrun for example_python_decorator to None, run_after=None
[2024-05-15T10:36:49.627+0000] {processor.py:183} INFO - Processing /home/airflow/.local/lib/python3.12/site-packages/airflow/example_dags/example_python_decorator.py took 0.069 seconds
[2024-05-15T10:37:20.240+0000] {processor.py:161} INFO - Started process (PID=2850) to work on /home/airflow/.local/lib/python3.12/site-packages/airflow/example_dags/example_python_decorator.py
[2024-05-15T10:37:20.241+0000] {processor.py:830} INFO - Processing file /home/airflow/.local/lib/python3.12/site-packages/airflow/example_dags/example_python_decorator.py for tasks to queue
[2024-05-15T10:37:20.243+0000] {logging_mixin.py:188} INFO - [2024-05-15T10:37:20.243+0000] {dagbag.py:540} INFO - Filling up the DagBag from /home/airflow/.local/lib/python3.12/site-packages/airflow/example_dags/example_python_decorator.py
[2024-05-15T10:37:20.256+0000] {processor.py:840} INFO - DAG(s) 'example_python_decorator' retrieved from /home/airflow/.local/lib/python3.12/site-packages/airflow/example_dags/example_python_decorator.py
[2024-05-15T10:37:20.278+0000] {logging_mixin.py:188} INFO - [2024-05-15T10:37:20.278+0000] {dag.py:3096} INFO - Sync 1 DAGs
[2024-05-15T10:37:20.288+0000] {logging_mixin.py:188} INFO - [2024-05-15T10:37:20.288+0000] {dag.py:3954} INFO - Setting next_dagrun for example_python_decorator to None, run_after=None
[2024-05-15T10:37:20.307+0000] {processor.py:183} INFO - Processing /home/airflow/.local/lib/python3.12/site-packages/airflow/example_dags/example_python_decorator.py took 0.072 seconds
[2024-05-15T10:37:50.811+0000] {processor.py:161} INFO - Started process (PID=2909) to work on /home/airflow/.local/lib/python3.12/site-packages/airflow/example_dags/example_python_decorator.py
[2024-05-15T10:37:50.813+0000] {processor.py:830} INFO - Processing file /home/airflow/.local/lib/python3.12/site-packages/airflow/example_dags/example_python_decorator.py for tasks to queue
[2024-05-15T10:37:50.815+0000] {logging_mixin.py:188} INFO - [2024-05-15T10:37:50.815+0000] {dagbag.py:540} INFO - Filling up the DagBag from /home/airflow/.local/lib/python3.12/site-packages/airflow/example_dags/example_python_decorator.py
[2024-05-15T10:37:50.831+0000] {processor.py:840} INFO - DAG(s) 'example_python_decorator' retrieved from /home/airflow/.local/lib/python3.12/site-packages/airflow/example_dags/example_python_decorator.py
[2024-05-15T10:37:50.854+0000] {logging_mixin.py:188} INFO - [2024-05-15T10:37:50.854+0000] {dag.py:3096} INFO - Sync 1 DAGs
[2024-05-15T10:37:50.866+0000] {logging_mixin.py:188} INFO - [2024-05-15T10:37:50.866+0000] {dag.py:3954} INFO - Setting next_dagrun for example_python_decorator to None, run_after=None
[2024-05-15T10:37:50.905+0000] {processor.py:183} INFO - Processing /home/airflow/.local/lib/python3.12/site-packages/airflow/example_dags/example_python_decorator.py took 0.108 seconds
[2024-05-15T10:38:21.430+0000] {processor.py:161} INFO - Started process (PID=2968) to work on /home/airflow/.local/lib/python3.12/site-packages/airflow/example_dags/example_python_decorator.py
[2024-05-15T10:38:21.432+0000] {processor.py:830} INFO - Processing file /home/airflow/.local/lib/python3.12/site-packages/airflow/example_dags/example_python_decorator.py for tasks to queue
[2024-05-15T10:38:21.434+0000] {logging_mixin.py:188} INFO - [2024-05-15T10:38:21.433+0000] {dagbag.py:540} INFO - Filling up the DagBag from /home/airflow/.local/lib/python3.12/site-packages/airflow/example_dags/example_python_decorator.py
[2024-05-15T10:38:21.448+0000] {processor.py:840} INFO - DAG(s) 'example_python_decorator' retrieved from /home/airflow/.local/lib/python3.12/site-packages/airflow/example_dags/example_python_decorator.py
[2024-05-15T10:38:21.473+0000] {logging_mixin.py:188} INFO - [2024-05-15T10:38:21.473+0000] {dag.py:3096} INFO - Sync 1 DAGs
[2024-05-15T10:38:21.486+0000] {logging_mixin.py:188} INFO - [2024-05-15T10:38:21.486+0000] {dag.py:3954} INFO - Setting next_dagrun for example_python_decorator to None, run_after=None
[2024-05-15T10:38:21.509+0000] {processor.py:183} INFO - Processing /home/airflow/.local/lib/python3.12/site-packages/airflow/example_dags/example_python_decorator.py took 0.089 seconds
[2024-05-15T10:38:51.872+0000] {processor.py:161} INFO - Started process (PID=3027) to work on /home/airflow/.local/lib/python3.12/site-packages/airflow/example_dags/example_python_decorator.py
[2024-05-15T10:38:51.873+0000] {processor.py:830} INFO - Processing file /home/airflow/.local/lib/python3.12/site-packages/airflow/example_dags/example_python_decorator.py for tasks to queue
[2024-05-15T10:38:51.876+0000] {logging_mixin.py:188} INFO - [2024-05-15T10:38:51.875+0000] {dagbag.py:540} INFO - Filling up the DagBag from /home/airflow/.local/lib/python3.12/site-packages/airflow/example_dags/example_python_decorator.py
[2024-05-15T10:38:51.890+0000] {processor.py:840} INFO - DAG(s) 'example_python_decorator' retrieved from /home/airflow/.local/lib/python3.12/site-packages/airflow/example_dags/example_python_decorator.py
[2024-05-15T10:38:51.911+0000] {logging_mixin.py:188} INFO - [2024-05-15T10:38:51.910+0000] {dag.py:3096} INFO - Sync 1 DAGs
[2024-05-15T10:38:51.922+0000] {logging_mixin.py:188} INFO - [2024-05-15T10:38:51.921+0000] {dag.py:3954} INFO - Setting next_dagrun for example_python_decorator to None, run_after=None
[2024-05-15T10:38:51.943+0000] {processor.py:183} INFO - Processing /home/airflow/.local/lib/python3.12/site-packages/airflow/example_dags/example_python_decorator.py took 0.081 seconds
[2024-05-15T10:39:22.299+0000] {processor.py:161} INFO - Started process (PID=3086) to work on /home/airflow/.local/lib/python3.12/site-packages/airflow/example_dags/example_python_decorator.py
[2024-05-15T10:39:22.301+0000] {processor.py:830} INFO - Processing file /home/airflow/.local/lib/python3.12/site-packages/airflow/example_dags/example_python_decorator.py for tasks to queue
[2024-05-15T10:39:22.303+0000] {logging_mixin.py:188} INFO - [2024-05-15T10:39:22.303+0000] {dagbag.py:540} INFO - Filling up the DagBag from /home/airflow/.local/lib/python3.12/site-packages/airflow/example_dags/example_python_decorator.py
[2024-05-15T10:39:22.315+0000] {processor.py:840} INFO - DAG(s) 'example_python_decorator' retrieved from /home/airflow/.local/lib/python3.12/site-packages/airflow/example_dags/example_python_decorator.py
[2024-05-15T10:39:22.335+0000] {logging_mixin.py:188} INFO - [2024-05-15T10:39:22.334+0000] {dag.py:3096} INFO - Sync 1 DAGs
[2024-05-15T10:39:22.349+0000] {logging_mixin.py:188} INFO - [2024-05-15T10:39:22.348+0000] {dag.py:3954} INFO - Setting next_dagrun for example_python_decorator to None, run_after=None
[2024-05-15T10:39:22.367+0000] {processor.py:183} INFO - Processing /home/airflow/.local/lib/python3.12/site-packages/airflow/example_dags/example_python_decorator.py took 0.074 seconds
[2024-05-15T10:39:52.624+0000] {processor.py:161} INFO - Started process (PID=3145) to work on /home/airflow/.local/lib/python3.12/site-packages/airflow/example_dags/example_python_decorator.py
[2024-05-15T10:39:52.626+0000] {processor.py:830} INFO - Processing file /home/airflow/.local/lib/python3.12/site-packages/airflow/example_dags/example_python_decorator.py for tasks to queue
[2024-05-15T10:39:52.629+0000] {logging_mixin.py:188} INFO - [2024-05-15T10:39:52.628+0000] {dagbag.py:540} INFO - Filling up the DagBag from /home/airflow/.local/lib/python3.12/site-packages/airflow/example_dags/example_python_decorator.py
[2024-05-15T10:39:52.643+0000] {processor.py:840} INFO - DAG(s) 'example_python_decorator' retrieved from /home/airflow/.local/lib/python3.12/site-packages/airflow/example_dags/example_python_decorator.py
[2024-05-15T10:39:52.669+0000] {logging_mixin.py:188} INFO - [2024-05-15T10:39:52.669+0000] {dag.py:3096} INFO - Sync 1 DAGs
[2024-05-15T10:39:52.681+0000] {logging_mixin.py:188} INFO - [2024-05-15T10:39:52.681+0000] {dag.py:3954} INFO - Setting next_dagrun for example_python_decorator to None, run_after=None
[2024-05-15T10:39:52.704+0000] {processor.py:183} INFO - Processing /home/airflow/.local/lib/python3.12/site-packages/airflow/example_dags/example_python_decorator.py took 0.089 seconds
[2024-05-15T10:40:23.015+0000] {processor.py:161} INFO - Started process (PID=3204) to work on /home/airflow/.local/lib/python3.12/site-packages/airflow/example_dags/example_python_decorator.py
[2024-05-15T10:40:23.016+0000] {processor.py:830} INFO - Processing file /home/airflow/.local/lib/python3.12/site-packages/airflow/example_dags/example_python_decorator.py for tasks to queue
[2024-05-15T10:40:23.019+0000] {logging_mixin.py:188} INFO - [2024-05-15T10:40:23.018+0000] {dagbag.py:540} INFO - Filling up the DagBag from /home/airflow/.local/lib/python3.12/site-packages/airflow/example_dags/example_python_decorator.py
[2024-05-15T10:40:23.032+0000] {processor.py:840} INFO - DAG(s) 'example_python_decorator' retrieved from /home/airflow/.local/lib/python3.12/site-packages/airflow/example_dags/example_python_decorator.py
[2024-05-15T10:40:23.052+0000] {logging_mixin.py:188} INFO - [2024-05-15T10:40:23.052+0000] {dag.py:3096} INFO - Sync 1 DAGs
[2024-05-15T10:40:23.064+0000] {logging_mixin.py:188} INFO - [2024-05-15T10:40:23.064+0000] {dag.py:3954} INFO - Setting next_dagrun for example_python_decorator to None, run_after=None
[2024-05-15T10:40:23.081+0000] {processor.py:183} INFO - Processing /home/airflow/.local/lib/python3.12/site-packages/airflow/example_dags/example_python_decorator.py took 0.075 seconds
[2024-05-15T10:40:53.326+0000] {processor.py:161} INFO - Started process (PID=3263) to work on /home/airflow/.local/lib/python3.12/site-packages/airflow/example_dags/example_python_decorator.py
[2024-05-15T10:40:53.327+0000] {processor.py:830} INFO - Processing file /home/airflow/.local/lib/python3.12/site-packages/airflow/example_dags/example_python_decorator.py for tasks to queue
[2024-05-15T10:40:53.329+0000] {logging_mixin.py:188} INFO - [2024-05-15T10:40:53.329+0000] {dagbag.py:540} INFO - Filling up the DagBag from /home/airflow/.local/lib/python3.12/site-packages/airflow/example_dags/example_python_decorator.py
[2024-05-15T10:40:53.344+0000] {processor.py:840} INFO - DAG(s) 'example_python_decorator' retrieved from /home/airflow/.local/lib/python3.12/site-packages/airflow/example_dags/example_python_decorator.py
[2024-05-15T10:40:53.369+0000] {logging_mixin.py:188} INFO - [2024-05-15T10:40:53.369+0000] {dag.py:3096} INFO - Sync 1 DAGs
[2024-05-15T10:40:53.380+0000] {logging_mixin.py:188} INFO - [2024-05-15T10:40:53.380+0000] {dag.py:3954} INFO - Setting next_dagrun for example_python_decorator to None, run_after=None
[2024-05-15T10:40:53.398+0000] {processor.py:183} INFO - Processing /home/airflow/.local/lib/python3.12/site-packages/airflow/example_dags/example_python_decorator.py took 0.080 seconds
[2024-05-15T10:41:23.854+0000] {processor.py:161} INFO - Started process (PID=3322) to work on /home/airflow/.local/lib/python3.12/site-packages/airflow/example_dags/example_python_decorator.py
[2024-05-15T10:41:23.854+0000] {processor.py:830} INFO - Processing file /home/airflow/.local/lib/python3.12/site-packages/airflow/example_dags/example_python_decorator.py for tasks to queue
[2024-05-15T10:41:23.856+0000] {logging_mixin.py:188} INFO - [2024-05-15T10:41:23.856+0000] {dagbag.py:540} INFO - Filling up the DagBag from /home/airflow/.local/lib/python3.12/site-packages/airflow/example_dags/example_python_decorator.py
[2024-05-15T10:41:23.869+0000] {processor.py:840} INFO - DAG(s) 'example_python_decorator' retrieved from /home/airflow/.local/lib/python3.12/site-packages/airflow/example_dags/example_python_decorator.py
[2024-05-15T10:41:23.890+0000] {logging_mixin.py:188} INFO - [2024-05-15T10:41:23.890+0000] {dag.py:3096} INFO - Sync 1 DAGs
[2024-05-15T10:41:23.904+0000] {logging_mixin.py:188} INFO - [2024-05-15T10:41:23.903+0000] {dag.py:3954} INFO - Setting next_dagrun for example_python_decorator to None, run_after=None
[2024-05-15T10:41:23.929+0000] {processor.py:183} INFO - Processing /home/airflow/.local/lib/python3.12/site-packages/airflow/example_dags/example_python_decorator.py took 0.081 seconds
[2024-05-15T10:41:54.401+0000] {processor.py:161} INFO - Started process (PID=3381) to work on /home/airflow/.local/lib/python3.12/site-packages/airflow/example_dags/example_python_decorator.py
[2024-05-15T10:41:54.402+0000] {processor.py:830} INFO - Processing file /home/airflow/.local/lib/python3.12/site-packages/airflow/example_dags/example_python_decorator.py for tasks to queue
[2024-05-15T10:41:54.403+0000] {logging_mixin.py:188} INFO - [2024-05-15T10:41:54.403+0000] {dagbag.py:540} INFO - Filling up the DagBag from /home/airflow/.local/lib/python3.12/site-packages/airflow/example_dags/example_python_decorator.py
[2024-05-15T10:41:54.414+0000] {processor.py:840} INFO - DAG(s) 'example_python_decorator' retrieved from /home/airflow/.local/lib/python3.12/site-packages/airflow/example_dags/example_python_decorator.py
[2024-05-15T10:41:54.434+0000] {logging_mixin.py:188} INFO - [2024-05-15T10:41:54.434+0000] {dag.py:3096} INFO - Sync 1 DAGs
[2024-05-15T10:41:54.447+0000] {logging_mixin.py:188} INFO - [2024-05-15T10:41:54.447+0000] {dag.py:3954} INFO - Setting next_dagrun for example_python_decorator to None, run_after=None
[2024-05-15T10:41:54.466+0000] {processor.py:183} INFO - Processing /home/airflow/.local/lib/python3.12/site-packages/airflow/example_dags/example_python_decorator.py took 0.072 seconds
[2024-05-15T10:42:24.817+0000] {processor.py:161} INFO - Started process (PID=3440) to work on /home/airflow/.local/lib/python3.12/site-packages/airflow/example_dags/example_python_decorator.py
[2024-05-15T10:42:24.819+0000] {processor.py:830} INFO - Processing file /home/airflow/.local/lib/python3.12/site-packages/airflow/example_dags/example_python_decorator.py for tasks to queue
[2024-05-15T10:42:24.822+0000] {logging_mixin.py:188} INFO - [2024-05-15T10:42:24.821+0000] {dagbag.py:540} INFO - Filling up the DagBag from /home/airflow/.local/lib/python3.12/site-packages/airflow/example_dags/example_python_decorator.py
[2024-05-15T10:42:24.840+0000] {processor.py:840} INFO - DAG(s) 'example_python_decorator' retrieved from /home/airflow/.local/lib/python3.12/site-packages/airflow/example_dags/example_python_decorator.py
[2024-05-15T10:42:24.872+0000] {logging_mixin.py:188} INFO - [2024-05-15T10:42:24.871+0000] {dag.py:3096} INFO - Sync 1 DAGs
[2024-05-15T10:42:24.886+0000] {logging_mixin.py:188} INFO - [2024-05-15T10:42:24.885+0000] {dag.py:3954} INFO - Setting next_dagrun for example_python_decorator to None, run_after=None
[2024-05-15T10:42:24.910+0000] {processor.py:183} INFO - Processing /home/airflow/.local/lib/python3.12/site-packages/airflow/example_dags/example_python_decorator.py took 0.106 seconds
[2024-05-15T10:42:55.296+0000] {processor.py:161} INFO - Started process (PID=3500) to work on /home/airflow/.local/lib/python3.12/site-packages/airflow/example_dags/example_python_decorator.py
[2024-05-15T10:42:55.297+0000] {processor.py:830} INFO - Processing file /home/airflow/.local/lib/python3.12/site-packages/airflow/example_dags/example_python_decorator.py for tasks to queue
[2024-05-15T10:42:55.299+0000] {logging_mixin.py:188} INFO - [2024-05-15T10:42:55.299+0000] {dagbag.py:540} INFO - Filling up the DagBag from /home/airflow/.local/lib/python3.12/site-packages/airflow/example_dags/example_python_decorator.py
[2024-05-15T10:42:55.315+0000] {processor.py:840} INFO - DAG(s) 'example_python_decorator' retrieved from /home/airflow/.local/lib/python3.12/site-packages/airflow/example_dags/example_python_decorator.py
[2024-05-15T10:42:55.342+0000] {logging_mixin.py:188} INFO - [2024-05-15T10:42:55.342+0000] {dag.py:3096} INFO - Sync 1 DAGs
[2024-05-15T10:42:55.354+0000] {logging_mixin.py:188} INFO - [2024-05-15T10:42:55.354+0000] {dag.py:3954} INFO - Setting next_dagrun for example_python_decorator to None, run_after=None
[2024-05-15T10:42:55.375+0000] {processor.py:183} INFO - Processing /home/airflow/.local/lib/python3.12/site-packages/airflow/example_dags/example_python_decorator.py took 0.087 seconds
[2024-05-15T10:43:25.755+0000] {processor.py:161} INFO - Started process (PID=3559) to work on /home/airflow/.local/lib/python3.12/site-packages/airflow/example_dags/example_python_decorator.py
[2024-05-15T10:43:25.756+0000] {processor.py:830} INFO - Processing file /home/airflow/.local/lib/python3.12/site-packages/airflow/example_dags/example_python_decorator.py for tasks to queue
[2024-05-15T10:43:25.758+0000] {logging_mixin.py:188} INFO - [2024-05-15T10:43:25.757+0000] {dagbag.py:540} INFO - Filling up the DagBag from /home/airflow/.local/lib/python3.12/site-packages/airflow/example_dags/example_python_decorator.py
[2024-05-15T10:43:25.768+0000] {processor.py:840} INFO - DAG(s) 'example_python_decorator' retrieved from /home/airflow/.local/lib/python3.12/site-packages/airflow/example_dags/example_python_decorator.py
[2024-05-15T10:43:25.790+0000] {logging_mixin.py:188} INFO - [2024-05-15T10:43:25.790+0000] {dag.py:3096} INFO - Sync 1 DAGs
[2024-05-15T10:43:25.803+0000] {logging_mixin.py:188} INFO - [2024-05-15T10:43:25.803+0000] {dag.py:3954} INFO - Setting next_dagrun for example_python_decorator to None, run_after=None
[2024-05-15T10:43:25.824+0000] {processor.py:183} INFO - Processing /home/airflow/.local/lib/python3.12/site-packages/airflow/example_dags/example_python_decorator.py took 0.077 seconds
[2024-05-15T10:43:56.281+0000] {processor.py:161} INFO - Started process (PID=3618) to work on /home/airflow/.local/lib/python3.12/site-packages/airflow/example_dags/example_python_decorator.py
[2024-05-15T10:43:56.282+0000] {processor.py:830} INFO - Processing file /home/airflow/.local/lib/python3.12/site-packages/airflow/example_dags/example_python_decorator.py for tasks to queue
[2024-05-15T10:43:56.284+0000] {logging_mixin.py:188} INFO - [2024-05-15T10:43:56.284+0000] {dagbag.py:540} INFO - Filling up the DagBag from /home/airflow/.local/lib/python3.12/site-packages/airflow/example_dags/example_python_decorator.py
[2024-05-15T10:43:56.295+0000] {processor.py:840} INFO - DAG(s) 'example_python_decorator' retrieved from /home/airflow/.local/lib/python3.12/site-packages/airflow/example_dags/example_python_decorator.py
[2024-05-15T10:43:56.320+0000] {logging_mixin.py:188} INFO - [2024-05-15T10:43:56.320+0000] {dag.py:3096} INFO - Sync 1 DAGs
[2024-05-15T10:43:56.332+0000] {logging_mixin.py:188} INFO - [2024-05-15T10:43:56.332+0000] {dag.py:3954} INFO - Setting next_dagrun for example_python_decorator to None, run_after=None
[2024-05-15T10:43:56.355+0000] {processor.py:183} INFO - Processing /home/airflow/.local/lib/python3.12/site-packages/airflow/example_dags/example_python_decorator.py took 0.081 seconds
[2024-05-15T10:44:26.863+0000] {processor.py:161} INFO - Started process (PID=3677) to work on /home/airflow/.local/lib/python3.12/site-packages/airflow/example_dags/example_python_decorator.py
[2024-05-15T10:44:26.867+0000] {processor.py:830} INFO - Processing file /home/airflow/.local/lib/python3.12/site-packages/airflow/example_dags/example_python_decorator.py for tasks to queue
[2024-05-15T10:44:26.869+0000] {logging_mixin.py:188} INFO - [2024-05-15T10:44:26.869+0000] {dagbag.py:540} INFO - Filling up the DagBag from /home/airflow/.local/lib/python3.12/site-packages/airflow/example_dags/example_python_decorator.py
[2024-05-15T10:44:26.885+0000] {processor.py:840} INFO - DAG(s) 'example_python_decorator' retrieved from /home/airflow/.local/lib/python3.12/site-packages/airflow/example_dags/example_python_decorator.py
[2024-05-15T10:44:26.907+0000] {logging_mixin.py:188} INFO - [2024-05-15T10:44:26.907+0000] {dag.py:3096} INFO - Sync 1 DAGs
[2024-05-15T10:44:26.920+0000] {logging_mixin.py:188} INFO - [2024-05-15T10:44:26.920+0000] {dag.py:3954} INFO - Setting next_dagrun for example_python_decorator to None, run_after=None
[2024-05-15T10:44:26.944+0000] {processor.py:183} INFO - Processing /home/airflow/.local/lib/python3.12/site-packages/airflow/example_dags/example_python_decorator.py took 0.086 seconds
[2024-05-15T10:44:57.452+0000] {processor.py:161} INFO - Started process (PID=3736) to work on /home/airflow/.local/lib/python3.12/site-packages/airflow/example_dags/example_python_decorator.py
[2024-05-15T10:44:57.453+0000] {processor.py:830} INFO - Processing file /home/airflow/.local/lib/python3.12/site-packages/airflow/example_dags/example_python_decorator.py for tasks to queue
[2024-05-15T10:44:57.454+0000] {logging_mixin.py:188} INFO - [2024-05-15T10:44:57.454+0000] {dagbag.py:540} INFO - Filling up the DagBag from /home/airflow/.local/lib/python3.12/site-packages/airflow/example_dags/example_python_decorator.py
[2024-05-15T10:44:57.465+0000] {processor.py:840} INFO - DAG(s) 'example_python_decorator' retrieved from /home/airflow/.local/lib/python3.12/site-packages/airflow/example_dags/example_python_decorator.py
[2024-05-15T10:44:57.484+0000] {logging_mixin.py:188} INFO - [2024-05-15T10:44:57.483+0000] {dag.py:3096} INFO - Sync 1 DAGs
[2024-05-15T10:44:57.496+0000] {logging_mixin.py:188} INFO - [2024-05-15T10:44:57.496+0000] {dag.py:3954} INFO - Setting next_dagrun for example_python_decorator to None, run_after=None
[2024-05-15T10:44:57.516+0000] {processor.py:183} INFO - Processing /home/airflow/.local/lib/python3.12/site-packages/airflow/example_dags/example_python_decorator.py took 0.071 seconds
[2024-05-15T10:45:27.938+0000] {processor.py:161} INFO - Started process (PID=3795) to work on /home/airflow/.local/lib/python3.12/site-packages/airflow/example_dags/example_python_decorator.py
[2024-05-15T10:45:27.939+0000] {processor.py:830} INFO - Processing file /home/airflow/.local/lib/python3.12/site-packages/airflow/example_dags/example_python_decorator.py for tasks to queue
[2024-05-15T10:45:27.941+0000] {logging_mixin.py:188} INFO - [2024-05-15T10:45:27.941+0000] {dagbag.py:540} INFO - Filling up the DagBag from /home/airflow/.local/lib/python3.12/site-packages/airflow/example_dags/example_python_decorator.py
[2024-05-15T10:45:27.956+0000] {processor.py:840} INFO - DAG(s) 'example_python_decorator' retrieved from /home/airflow/.local/lib/python3.12/site-packages/airflow/example_dags/example_python_decorator.py
[2024-05-15T10:45:27.980+0000] {logging_mixin.py:188} INFO - [2024-05-15T10:45:27.980+0000] {dag.py:3096} INFO - Sync 1 DAGs
[2024-05-15T10:45:27.990+0000] {logging_mixin.py:188} INFO - [2024-05-15T10:45:27.990+0000] {dag.py:3954} INFO - Setting next_dagrun for example_python_decorator to None, run_after=None
[2024-05-15T10:45:28.012+0000] {processor.py:183} INFO - Processing /home/airflow/.local/lib/python3.12/site-packages/airflow/example_dags/example_python_decorator.py took 0.082 seconds
[2024-05-15T10:45:58.433+0000] {processor.py:161} INFO - Started process (PID=3854) to work on /home/airflow/.local/lib/python3.12/site-packages/airflow/example_dags/example_python_decorator.py
[2024-05-15T10:45:58.434+0000] {processor.py:830} INFO - Processing file /home/airflow/.local/lib/python3.12/site-packages/airflow/example_dags/example_python_decorator.py for tasks to queue
[2024-05-15T10:45:58.437+0000] {logging_mixin.py:188} INFO - [2024-05-15T10:45:58.436+0000] {dagbag.py:540} INFO - Filling up the DagBag from /home/airflow/.local/lib/python3.12/site-packages/airflow/example_dags/example_python_decorator.py
[2024-05-15T10:45:58.454+0000] {processor.py:840} INFO - DAG(s) 'example_python_decorator' retrieved from /home/airflow/.local/lib/python3.12/site-packages/airflow/example_dags/example_python_decorator.py
[2024-05-15T10:45:58.484+0000] {logging_mixin.py:188} INFO - [2024-05-15T10:45:58.484+0000] {dag.py:3096} INFO - Sync 1 DAGs
[2024-05-15T10:45:58.503+0000] {logging_mixin.py:188} INFO - [2024-05-15T10:45:58.502+0000] {dag.py:3954} INFO - Setting next_dagrun for example_python_decorator to None, run_after=None
[2024-05-15T10:45:58.525+0000] {processor.py:183} INFO - Processing /home/airflow/.local/lib/python3.12/site-packages/airflow/example_dags/example_python_decorator.py took 0.103 seconds
[2024-05-15T10:46:28.994+0000] {processor.py:161} INFO - Started process (PID=3913) to work on /home/airflow/.local/lib/python3.12/site-packages/airflow/example_dags/example_python_decorator.py
[2024-05-15T10:46:28.995+0000] {processor.py:830} INFO - Processing file /home/airflow/.local/lib/python3.12/site-packages/airflow/example_dags/example_python_decorator.py for tasks to queue
[2024-05-15T10:46:28.996+0000] {logging_mixin.py:188} INFO - [2024-05-15T10:46:28.996+0000] {dagbag.py:540} INFO - Filling up the DagBag from /home/airflow/.local/lib/python3.12/site-packages/airflow/example_dags/example_python_decorator.py
[2024-05-15T10:46:29.009+0000] {processor.py:840} INFO - DAG(s) 'example_python_decorator' retrieved from /home/airflow/.local/lib/python3.12/site-packages/airflow/example_dags/example_python_decorator.py
[2024-05-15T10:46:29.032+0000] {logging_mixin.py:188} INFO - [2024-05-15T10:46:29.032+0000] {dag.py:3096} INFO - Sync 1 DAGs
[2024-05-15T10:46:29.043+0000] {logging_mixin.py:188} INFO - [2024-05-15T10:46:29.043+0000] {dag.py:3954} INFO - Setting next_dagrun for example_python_decorator to None, run_after=None
[2024-05-15T10:46:29.064+0000] {processor.py:183} INFO - Processing /home/airflow/.local/lib/python3.12/site-packages/airflow/example_dags/example_python_decorator.py took 0.076 seconds
[2024-05-15T10:46:59.343+0000] {processor.py:161} INFO - Started process (PID=3972) to work on /home/airflow/.local/lib/python3.12/site-packages/airflow/example_dags/example_python_decorator.py
[2024-05-15T10:46:59.344+0000] {processor.py:830} INFO - Processing file /home/airflow/.local/lib/python3.12/site-packages/airflow/example_dags/example_python_decorator.py for tasks to queue
[2024-05-15T10:46:59.347+0000] {logging_mixin.py:188} INFO - [2024-05-15T10:46:59.347+0000] {dagbag.py:540} INFO - Filling up the DagBag from /home/airflow/.local/lib/python3.12/site-packages/airflow/example_dags/example_python_decorator.py
[2024-05-15T10:46:59.361+0000] {processor.py:840} INFO - DAG(s) 'example_python_decorator' retrieved from /home/airflow/.local/lib/python3.12/site-packages/airflow/example_dags/example_python_decorator.py
[2024-05-15T10:46:59.382+0000] {logging_mixin.py:188} INFO - [2024-05-15T10:46:59.382+0000] {dag.py:3096} INFO - Sync 1 DAGs
[2024-05-15T10:46:59.395+0000] {logging_mixin.py:188} INFO - [2024-05-15T10:46:59.395+0000] {dag.py:3954} INFO - Setting next_dagrun for example_python_decorator to None, run_after=None
[2024-05-15T10:46:59.413+0000] {processor.py:183} INFO - Processing /home/airflow/.local/lib/python3.12/site-packages/airflow/example_dags/example_python_decorator.py took 0.075 seconds
[2024-05-15T10:47:29.629+0000] {processor.py:161} INFO - Started process (PID=4031) to work on /home/airflow/.local/lib/python3.12/site-packages/airflow/example_dags/example_python_decorator.py
[2024-05-15T10:47:29.630+0000] {processor.py:830} INFO - Processing file /home/airflow/.local/lib/python3.12/site-packages/airflow/example_dags/example_python_decorator.py for tasks to queue
[2024-05-15T10:47:29.632+0000] {logging_mixin.py:188} INFO - [2024-05-15T10:47:29.632+0000] {dagbag.py:540} INFO - Filling up the DagBag from /home/airflow/.local/lib/python3.12/site-packages/airflow/example_dags/example_python_decorator.py
[2024-05-15T10:47:29.642+0000] {processor.py:840} INFO - DAG(s) 'example_python_decorator' retrieved from /home/airflow/.local/lib/python3.12/site-packages/airflow/example_dags/example_python_decorator.py
[2024-05-15T10:47:29.663+0000] {logging_mixin.py:188} INFO - [2024-05-15T10:47:29.663+0000] {dag.py:3096} INFO - Sync 1 DAGs
[2024-05-15T10:47:29.673+0000] {logging_mixin.py:188} INFO - [2024-05-15T10:47:29.673+0000] {dag.py:3954} INFO - Setting next_dagrun for example_python_decorator to None, run_after=None
[2024-05-15T10:47:29.692+0000] {processor.py:183} INFO - Processing /home/airflow/.local/lib/python3.12/site-packages/airflow/example_dags/example_python_decorator.py took 0.069 seconds
[2024-05-15T10:48:00.123+0000] {processor.py:161} INFO - Started process (PID=4090) to work on /home/airflow/.local/lib/python3.12/site-packages/airflow/example_dags/example_python_decorator.py
[2024-05-15T10:48:00.124+0000] {processor.py:830} INFO - Processing file /home/airflow/.local/lib/python3.12/site-packages/airflow/example_dags/example_python_decorator.py for tasks to queue
[2024-05-15T10:48:00.126+0000] {logging_mixin.py:188} INFO - [2024-05-15T10:48:00.125+0000] {dagbag.py:540} INFO - Filling up the DagBag from /home/airflow/.local/lib/python3.12/site-packages/airflow/example_dags/example_python_decorator.py
[2024-05-15T10:48:00.136+0000] {processor.py:840} INFO - DAG(s) 'example_python_decorator' retrieved from /home/airflow/.local/lib/python3.12/site-packages/airflow/example_dags/example_python_decorator.py
[2024-05-15T10:48:00.160+0000] {logging_mixin.py:188} INFO - [2024-05-15T10:48:00.160+0000] {dag.py:3096} INFO - Sync 1 DAGs
[2024-05-15T10:48:00.172+0000] {logging_mixin.py:188} INFO - [2024-05-15T10:48:00.172+0000] {dag.py:3954} INFO - Setting next_dagrun for example_python_decorator to None, run_after=None
[2024-05-15T10:48:00.194+0000] {processor.py:183} INFO - Processing /home/airflow/.local/lib/python3.12/site-packages/airflow/example_dags/example_python_decorator.py took 0.078 seconds
