[2024-05-15T10:12:34.699+0000] {processor.py:161} INFO - Started process (PID=68) to work on /home/airflow/.local/lib/python3.12/site-packages/airflow/example_dags/tutorial.py
[2024-05-15T10:12:34.700+0000] {processor.py:830} INFO - Processing file /home/airflow/.local/lib/python3.12/site-packages/airflow/example_dags/tutorial.py for tasks to queue
[2024-05-15T10:12:34.702+0000] {logging_mixin.py:188} INFO - [2024-05-15T10:12:34.702+0000] {dagbag.py:540} INFO - Filling up the DagBag from /home/airflow/.local/lib/python3.12/site-packages/airflow/example_dags/tutorial.py
[2024-05-15T10:12:34.713+0000] {processor.py:840} INFO - DAG(s) 'tutorial' retrieved from /home/airflow/.local/lib/python3.12/site-packages/airflow/example_dags/tutorial.py
[2024-05-15T10:12:34.740+0000] {logging_mixin.py:188} INFO - [2024-05-15T10:12:34.740+0000] {dag.py:3096} INFO - Sync 1 DAGs
[2024-05-15T10:12:34.778+0000] {logging_mixin.py:188} INFO - [2024-05-15T10:12:34.778+0000] {dag.py:3954} INFO - Setting next_dagrun for tutorial to 2024-05-14 00:00:00+00:00, run_after=2024-05-15 00:00:00+00:00
[2024-05-15T10:12:34.809+0000] {processor.py:183} INFO - Processing /home/airflow/.local/lib/python3.12/site-packages/airflow/example_dags/tutorial.py took 0.116 seconds
[2024-05-15T10:13:04.916+0000] {processor.py:161} INFO - Started process (PID=127) to work on /home/airflow/.local/lib/python3.12/site-packages/airflow/example_dags/tutorial.py
[2024-05-15T10:13:04.917+0000] {processor.py:830} INFO - Processing file /home/airflow/.local/lib/python3.12/site-packages/airflow/example_dags/tutorial.py for tasks to queue
[2024-05-15T10:13:04.920+0000] {logging_mixin.py:188} INFO - [2024-05-15T10:13:04.919+0000] {dagbag.py:540} INFO - Filling up the DagBag from /home/airflow/.local/lib/python3.12/site-packages/airflow/example_dags/tutorial.py
[2024-05-15T10:13:04.925+0000] {processor.py:840} INFO - DAG(s) 'tutorial' retrieved from /home/airflow/.local/lib/python3.12/site-packages/airflow/example_dags/tutorial.py
[2024-05-15T10:13:04.949+0000] {logging_mixin.py:188} INFO - [2024-05-15T10:13:04.949+0000] {dag.py:3096} INFO - Sync 1 DAGs
[2024-05-15T10:13:04.970+0000] {logging_mixin.py:188} INFO - [2024-05-15T10:13:04.970+0000] {dag.py:3954} INFO - Setting next_dagrun for tutorial to 2024-05-14 00:00:00+00:00, run_after=2024-05-15 00:00:00+00:00
[2024-05-15T10:13:04.991+0000] {processor.py:183} INFO - Processing /home/airflow/.local/lib/python3.12/site-packages/airflow/example_dags/tutorial.py took 0.080 seconds
[2024-05-15T10:13:35.238+0000] {processor.py:161} INFO - Started process (PID=186) to work on /home/airflow/.local/lib/python3.12/site-packages/airflow/example_dags/tutorial.py
[2024-05-15T10:13:35.239+0000] {processor.py:830} INFO - Processing file /home/airflow/.local/lib/python3.12/site-packages/airflow/example_dags/tutorial.py for tasks to queue
[2024-05-15T10:13:35.241+0000] {logging_mixin.py:188} INFO - [2024-05-15T10:13:35.240+0000] {dagbag.py:540} INFO - Filling up the DagBag from /home/airflow/.local/lib/python3.12/site-packages/airflow/example_dags/tutorial.py
[2024-05-15T10:13:35.248+0000] {processor.py:840} INFO - DAG(s) 'tutorial' retrieved from /home/airflow/.local/lib/python3.12/site-packages/airflow/example_dags/tutorial.py
[2024-05-15T10:13:35.271+0000] {logging_mixin.py:188} INFO - [2024-05-15T10:13:35.271+0000] {dag.py:3096} INFO - Sync 1 DAGs
[2024-05-15T10:13:35.296+0000] {logging_mixin.py:188} INFO - [2024-05-15T10:13:35.296+0000] {dag.py:3954} INFO - Setting next_dagrun for tutorial to 2024-05-14 00:00:00+00:00, run_after=2024-05-15 00:00:00+00:00
[2024-05-15T10:13:35.317+0000] {processor.py:183} INFO - Processing /home/airflow/.local/lib/python3.12/site-packages/airflow/example_dags/tutorial.py took 0.085 seconds
[2024-05-15T10:14:05.372+0000] {processor.py:161} INFO - Started process (PID=245) to work on /home/airflow/.local/lib/python3.12/site-packages/airflow/example_dags/tutorial.py
[2024-05-15T10:14:05.372+0000] {processor.py:830} INFO - Processing file /home/airflow/.local/lib/python3.12/site-packages/airflow/example_dags/tutorial.py for tasks to queue
[2024-05-15T10:14:05.374+0000] {logging_mixin.py:188} INFO - [2024-05-15T10:14:05.373+0000] {dagbag.py:540} INFO - Filling up the DagBag from /home/airflow/.local/lib/python3.12/site-packages/airflow/example_dags/tutorial.py
[2024-05-15T10:14:05.380+0000] {processor.py:840} INFO - DAG(s) 'tutorial' retrieved from /home/airflow/.local/lib/python3.12/site-packages/airflow/example_dags/tutorial.py
[2024-05-15T10:14:05.401+0000] {logging_mixin.py:188} INFO - [2024-05-15T10:14:05.401+0000] {dag.py:3096} INFO - Sync 1 DAGs
[2024-05-15T10:14:05.422+0000] {logging_mixin.py:188} INFO - [2024-05-15T10:14:05.422+0000] {dag.py:3954} INFO - Setting next_dagrun for tutorial to 2024-05-14 00:00:00+00:00, run_after=2024-05-15 00:00:00+00:00
[2024-05-15T10:14:05.445+0000] {processor.py:183} INFO - Processing /home/airflow/.local/lib/python3.12/site-packages/airflow/example_dags/tutorial.py took 0.079 seconds
[2024-05-15T10:14:35.751+0000] {processor.py:161} INFO - Started process (PID=305) to work on /home/airflow/.local/lib/python3.12/site-packages/airflow/example_dags/tutorial.py
[2024-05-15T10:14:35.752+0000] {processor.py:830} INFO - Processing file /home/airflow/.local/lib/python3.12/site-packages/airflow/example_dags/tutorial.py for tasks to queue
[2024-05-15T10:14:35.754+0000] {logging_mixin.py:188} INFO - [2024-05-15T10:14:35.754+0000] {dagbag.py:540} INFO - Filling up the DagBag from /home/airflow/.local/lib/python3.12/site-packages/airflow/example_dags/tutorial.py
[2024-05-15T10:14:35.759+0000] {processor.py:840} INFO - DAG(s) 'tutorial' retrieved from /home/airflow/.local/lib/python3.12/site-packages/airflow/example_dags/tutorial.py
[2024-05-15T10:14:35.779+0000] {logging_mixin.py:188} INFO - [2024-05-15T10:14:35.779+0000] {dag.py:3096} INFO - Sync 1 DAGs
[2024-05-15T10:14:35.798+0000] {logging_mixin.py:188} INFO - [2024-05-15T10:14:35.798+0000] {dag.py:3954} INFO - Setting next_dagrun for tutorial to 2024-05-14 00:00:00+00:00, run_after=2024-05-15 00:00:00+00:00
[2024-05-15T10:14:35.817+0000] {processor.py:183} INFO - Processing /home/airflow/.local/lib/python3.12/site-packages/airflow/example_dags/tutorial.py took 0.071 seconds
[2024-05-15T10:15:06.034+0000] {processor.py:161} INFO - Started process (PID=364) to work on /home/airflow/.local/lib/python3.12/site-packages/airflow/example_dags/tutorial.py
[2024-05-15T10:15:06.035+0000] {processor.py:830} INFO - Processing file /home/airflow/.local/lib/python3.12/site-packages/airflow/example_dags/tutorial.py for tasks to queue
[2024-05-15T10:15:06.037+0000] {logging_mixin.py:188} INFO - [2024-05-15T10:15:06.036+0000] {dagbag.py:540} INFO - Filling up the DagBag from /home/airflow/.local/lib/python3.12/site-packages/airflow/example_dags/tutorial.py
[2024-05-15T10:15:06.041+0000] {processor.py:840} INFO - DAG(s) 'tutorial' retrieved from /home/airflow/.local/lib/python3.12/site-packages/airflow/example_dags/tutorial.py
[2024-05-15T10:15:06.058+0000] {logging_mixin.py:188} INFO - [2024-05-15T10:15:06.058+0000] {dag.py:3096} INFO - Sync 1 DAGs
[2024-05-15T10:15:06.076+0000] {logging_mixin.py:188} INFO - [2024-05-15T10:15:06.076+0000] {dag.py:3954} INFO - Setting next_dagrun for tutorial to 2024-05-14 00:00:00+00:00, run_after=2024-05-15 00:00:00+00:00
[2024-05-15T10:15:06.093+0000] {processor.py:183} INFO - Processing /home/airflow/.local/lib/python3.12/site-packages/airflow/example_dags/tutorial.py took 0.064 seconds
[2024-05-15T10:15:36.511+0000] {processor.py:161} INFO - Started process (PID=423) to work on /home/airflow/.local/lib/python3.12/site-packages/airflow/example_dags/tutorial.py
[2024-05-15T10:15:36.512+0000] {processor.py:830} INFO - Processing file /home/airflow/.local/lib/python3.12/site-packages/airflow/example_dags/tutorial.py for tasks to queue
[2024-05-15T10:15:36.514+0000] {logging_mixin.py:188} INFO - [2024-05-15T10:15:36.513+0000] {dagbag.py:540} INFO - Filling up the DagBag from /home/airflow/.local/lib/python3.12/site-packages/airflow/example_dags/tutorial.py
[2024-05-15T10:15:36.518+0000] {processor.py:840} INFO - DAG(s) 'tutorial' retrieved from /home/airflow/.local/lib/python3.12/site-packages/airflow/example_dags/tutorial.py
[2024-05-15T10:15:36.536+0000] {logging_mixin.py:188} INFO - [2024-05-15T10:15:36.536+0000] {dag.py:3096} INFO - Sync 1 DAGs
[2024-05-15T10:15:36.552+0000] {logging_mixin.py:188} INFO - [2024-05-15T10:15:36.552+0000] {dag.py:3954} INFO - Setting next_dagrun for tutorial to 2024-05-14 00:00:00+00:00, run_after=2024-05-15 00:00:00+00:00
[2024-05-15T10:15:36.570+0000] {processor.py:183} INFO - Processing /home/airflow/.local/lib/python3.12/site-packages/airflow/example_dags/tutorial.py took 0.063 seconds
[2024-05-15T10:16:07.107+0000] {processor.py:161} INFO - Started process (PID=482) to work on /home/airflow/.local/lib/python3.12/site-packages/airflow/example_dags/tutorial.py
[2024-05-15T10:16:07.108+0000] {processor.py:830} INFO - Processing file /home/airflow/.local/lib/python3.12/site-packages/airflow/example_dags/tutorial.py for tasks to queue
[2024-05-15T10:16:07.110+0000] {logging_mixin.py:188} INFO - [2024-05-15T10:16:07.109+0000] {dagbag.py:540} INFO - Filling up the DagBag from /home/airflow/.local/lib/python3.12/site-packages/airflow/example_dags/tutorial.py
[2024-05-15T10:16:07.116+0000] {processor.py:840} INFO - DAG(s) 'tutorial' retrieved from /home/airflow/.local/lib/python3.12/site-packages/airflow/example_dags/tutorial.py
[2024-05-15T10:16:07.144+0000] {logging_mixin.py:188} INFO - [2024-05-15T10:16:07.143+0000] {dag.py:3096} INFO - Sync 1 DAGs
[2024-05-15T10:16:07.171+0000] {logging_mixin.py:188} INFO - [2024-05-15T10:16:07.171+0000] {dag.py:3954} INFO - Setting next_dagrun for tutorial to 2024-05-14 00:00:00+00:00, run_after=2024-05-15 00:00:00+00:00
[2024-05-15T10:16:07.189+0000] {processor.py:183} INFO - Processing /home/airflow/.local/lib/python3.12/site-packages/airflow/example_dags/tutorial.py took 0.087 seconds
[2024-05-15T10:16:37.367+0000] {processor.py:161} INFO - Started process (PID=541) to work on /home/airflow/.local/lib/python3.12/site-packages/airflow/example_dags/tutorial.py
[2024-05-15T10:16:37.369+0000] {processor.py:830} INFO - Processing file /home/airflow/.local/lib/python3.12/site-packages/airflow/example_dags/tutorial.py for tasks to queue
[2024-05-15T10:16:37.371+0000] {logging_mixin.py:188} INFO - [2024-05-15T10:16:37.370+0000] {dagbag.py:540} INFO - Filling up the DagBag from /home/airflow/.local/lib/python3.12/site-packages/airflow/example_dags/tutorial.py
[2024-05-15T10:16:37.376+0000] {processor.py:840} INFO - DAG(s) 'tutorial' retrieved from /home/airflow/.local/lib/python3.12/site-packages/airflow/example_dags/tutorial.py
[2024-05-15T10:16:37.394+0000] {logging_mixin.py:188} INFO - [2024-05-15T10:16:37.394+0000] {dag.py:3096} INFO - Sync 1 DAGs
[2024-05-15T10:16:37.412+0000] {logging_mixin.py:188} INFO - [2024-05-15T10:16:37.412+0000] {dag.py:3954} INFO - Setting next_dagrun for tutorial to 2024-05-14 00:00:00+00:00, run_after=2024-05-15 00:00:00+00:00
[2024-05-15T10:16:37.429+0000] {processor.py:183} INFO - Processing /home/airflow/.local/lib/python3.12/site-packages/airflow/example_dags/tutorial.py took 0.066 seconds
[2024-05-15T10:17:07.824+0000] {processor.py:161} INFO - Started process (PID=600) to work on /home/airflow/.local/lib/python3.12/site-packages/airflow/example_dags/tutorial.py
[2024-05-15T10:17:07.825+0000] {processor.py:830} INFO - Processing file /home/airflow/.local/lib/python3.12/site-packages/airflow/example_dags/tutorial.py for tasks to queue
[2024-05-15T10:17:07.826+0000] {logging_mixin.py:188} INFO - [2024-05-15T10:17:07.826+0000] {dagbag.py:540} INFO - Filling up the DagBag from /home/airflow/.local/lib/python3.12/site-packages/airflow/example_dags/tutorial.py
[2024-05-15T10:17:07.831+0000] {processor.py:840} INFO - DAG(s) 'tutorial' retrieved from /home/airflow/.local/lib/python3.12/site-packages/airflow/example_dags/tutorial.py
[2024-05-15T10:17:07.847+0000] {logging_mixin.py:188} INFO - [2024-05-15T10:17:07.847+0000] {dag.py:3096} INFO - Sync 1 DAGs
[2024-05-15T10:17:07.864+0000] {logging_mixin.py:188} INFO - [2024-05-15T10:17:07.864+0000] {dag.py:3954} INFO - Setting next_dagrun for tutorial to 2024-05-14 00:00:00+00:00, run_after=2024-05-15 00:00:00+00:00
[2024-05-15T10:17:07.880+0000] {processor.py:183} INFO - Processing /home/airflow/.local/lib/python3.12/site-packages/airflow/example_dags/tutorial.py took 0.062 seconds
[2024-05-15T10:17:37.991+0000] {processor.py:161} INFO - Started process (PID=659) to work on /home/airflow/.local/lib/python3.12/site-packages/airflow/example_dags/tutorial.py
[2024-05-15T10:17:37.992+0000] {processor.py:830} INFO - Processing file /home/airflow/.local/lib/python3.12/site-packages/airflow/example_dags/tutorial.py for tasks to queue
[2024-05-15T10:17:37.994+0000] {logging_mixin.py:188} INFO - [2024-05-15T10:17:37.994+0000] {dagbag.py:540} INFO - Filling up the DagBag from /home/airflow/.local/lib/python3.12/site-packages/airflow/example_dags/tutorial.py
[2024-05-15T10:17:37.999+0000] {processor.py:840} INFO - DAG(s) 'tutorial' retrieved from /home/airflow/.local/lib/python3.12/site-packages/airflow/example_dags/tutorial.py
[2024-05-15T10:17:38.019+0000] {logging_mixin.py:188} INFO - [2024-05-15T10:17:38.018+0000] {dag.py:3096} INFO - Sync 1 DAGs
[2024-05-15T10:17:38.043+0000] {logging_mixin.py:188} INFO - [2024-05-15T10:17:38.042+0000] {dag.py:3954} INFO - Setting next_dagrun for tutorial to 2024-05-14 00:00:00+00:00, run_after=2024-05-15 00:00:00+00:00
[2024-05-15T10:17:38.063+0000] {processor.py:183} INFO - Processing /home/airflow/.local/lib/python3.12/site-packages/airflow/example_dags/tutorial.py took 0.077 seconds
[2024-05-15T10:18:08.113+0000] {processor.py:161} INFO - Started process (PID=718) to work on /home/airflow/.local/lib/python3.12/site-packages/airflow/example_dags/tutorial.py
[2024-05-15T10:18:08.114+0000] {processor.py:830} INFO - Processing file /home/airflow/.local/lib/python3.12/site-packages/airflow/example_dags/tutorial.py for tasks to queue
[2024-05-15T10:18:08.116+0000] {logging_mixin.py:188} INFO - [2024-05-15T10:18:08.116+0000] {dagbag.py:540} INFO - Filling up the DagBag from /home/airflow/.local/lib/python3.12/site-packages/airflow/example_dags/tutorial.py
[2024-05-15T10:18:08.120+0000] {processor.py:840} INFO - DAG(s) 'tutorial' retrieved from /home/airflow/.local/lib/python3.12/site-packages/airflow/example_dags/tutorial.py
[2024-05-15T10:18:08.136+0000] {logging_mixin.py:188} INFO - [2024-05-15T10:18:08.136+0000] {dag.py:3096} INFO - Sync 1 DAGs
[2024-05-15T10:18:08.153+0000] {logging_mixin.py:188} INFO - [2024-05-15T10:18:08.153+0000] {dag.py:3954} INFO - Setting next_dagrun for tutorial to 2024-05-14 00:00:00+00:00, run_after=2024-05-15 00:00:00+00:00
[2024-05-15T10:18:08.168+0000] {processor.py:183} INFO - Processing /home/airflow/.local/lib/python3.12/site-packages/airflow/example_dags/tutorial.py took 0.059 seconds
[2024-05-15T10:18:39.048+0000] {processor.py:161} INFO - Started process (PID=777) to work on /home/airflow/.local/lib/python3.12/site-packages/airflow/example_dags/tutorial.py
[2024-05-15T10:18:39.049+0000] {processor.py:830} INFO - Processing file /home/airflow/.local/lib/python3.12/site-packages/airflow/example_dags/tutorial.py for tasks to queue
[2024-05-15T10:18:39.050+0000] {logging_mixin.py:188} INFO - [2024-05-15T10:18:39.050+0000] {dagbag.py:540} INFO - Filling up the DagBag from /home/airflow/.local/lib/python3.12/site-packages/airflow/example_dags/tutorial.py
[2024-05-15T10:18:39.055+0000] {processor.py:840} INFO - DAG(s) 'tutorial' retrieved from /home/airflow/.local/lib/python3.12/site-packages/airflow/example_dags/tutorial.py
[2024-05-15T10:18:39.072+0000] {logging_mixin.py:188} INFO - [2024-05-15T10:18:39.071+0000] {dag.py:3096} INFO - Sync 1 DAGs
[2024-05-15T10:18:39.088+0000] {logging_mixin.py:188} INFO - [2024-05-15T10:18:39.088+0000] {dag.py:3954} INFO - Setting next_dagrun for tutorial to 2024-05-14 00:00:00+00:00, run_after=2024-05-15 00:00:00+00:00
[2024-05-15T10:18:39.105+0000] {processor.py:183} INFO - Processing /home/airflow/.local/lib/python3.12/site-packages/airflow/example_dags/tutorial.py took 0.062 seconds
[2024-05-15T10:19:09.628+0000] {processor.py:161} INFO - Started process (PID=836) to work on /home/airflow/.local/lib/python3.12/site-packages/airflow/example_dags/tutorial.py
[2024-05-15T10:19:09.629+0000] {processor.py:830} INFO - Processing file /home/airflow/.local/lib/python3.12/site-packages/airflow/example_dags/tutorial.py for tasks to queue
[2024-05-15T10:19:09.631+0000] {logging_mixin.py:188} INFO - [2024-05-15T10:19:09.631+0000] {dagbag.py:540} INFO - Filling up the DagBag from /home/airflow/.local/lib/python3.12/site-packages/airflow/example_dags/tutorial.py
[2024-05-15T10:19:09.636+0000] {processor.py:840} INFO - DAG(s) 'tutorial' retrieved from /home/airflow/.local/lib/python3.12/site-packages/airflow/example_dags/tutorial.py
[2024-05-15T10:19:09.653+0000] {logging_mixin.py:188} INFO - [2024-05-15T10:19:09.653+0000] {dag.py:3096} INFO - Sync 1 DAGs
[2024-05-15T10:19:09.672+0000] {logging_mixin.py:188} INFO - [2024-05-15T10:19:09.672+0000] {dag.py:3954} INFO - Setting next_dagrun for tutorial to 2024-05-14 00:00:00+00:00, run_after=2024-05-15 00:00:00+00:00
[2024-05-15T10:19:09.689+0000] {processor.py:183} INFO - Processing /home/airflow/.local/lib/python3.12/site-packages/airflow/example_dags/tutorial.py took 0.065 seconds
[2024-05-15T10:19:40.464+0000] {processor.py:161} INFO - Started process (PID=895) to work on /home/airflow/.local/lib/python3.12/site-packages/airflow/example_dags/tutorial.py
[2024-05-15T10:19:40.465+0000] {processor.py:830} INFO - Processing file /home/airflow/.local/lib/python3.12/site-packages/airflow/example_dags/tutorial.py for tasks to queue
[2024-05-15T10:19:40.467+0000] {logging_mixin.py:188} INFO - [2024-05-15T10:19:40.467+0000] {dagbag.py:540} INFO - Filling up the DagBag from /home/airflow/.local/lib/python3.12/site-packages/airflow/example_dags/tutorial.py
[2024-05-15T10:19:40.472+0000] {processor.py:840} INFO - DAG(s) 'tutorial' retrieved from /home/airflow/.local/lib/python3.12/site-packages/airflow/example_dags/tutorial.py
[2024-05-15T10:19:40.491+0000] {logging_mixin.py:188} INFO - [2024-05-15T10:19:40.491+0000] {dag.py:3096} INFO - Sync 1 DAGs
[2024-05-15T10:19:40.511+0000] {logging_mixin.py:188} INFO - [2024-05-15T10:19:40.511+0000] {dag.py:3954} INFO - Setting next_dagrun for tutorial to 2024-05-14 00:00:00+00:00, run_after=2024-05-15 00:00:00+00:00
[2024-05-15T10:19:40.527+0000] {processor.py:183} INFO - Processing /home/airflow/.local/lib/python3.12/site-packages/airflow/example_dags/tutorial.py took 0.069 seconds
[2024-05-15T10:20:11.479+0000] {processor.py:161} INFO - Started process (PID=954) to work on /home/airflow/.local/lib/python3.12/site-packages/airflow/example_dags/tutorial.py
[2024-05-15T10:20:11.480+0000] {processor.py:830} INFO - Processing file /home/airflow/.local/lib/python3.12/site-packages/airflow/example_dags/tutorial.py for tasks to queue
[2024-05-15T10:20:11.481+0000] {logging_mixin.py:188} INFO - [2024-05-15T10:20:11.481+0000] {dagbag.py:540} INFO - Filling up the DagBag from /home/airflow/.local/lib/python3.12/site-packages/airflow/example_dags/tutorial.py
[2024-05-15T10:20:11.486+0000] {processor.py:840} INFO - DAG(s) 'tutorial' retrieved from /home/airflow/.local/lib/python3.12/site-packages/airflow/example_dags/tutorial.py
[2024-05-15T10:20:11.504+0000] {logging_mixin.py:188} INFO - [2024-05-15T10:20:11.503+0000] {dag.py:3096} INFO - Sync 1 DAGs
[2024-05-15T10:20:11.618+0000] {logging_mixin.py:188} INFO - [2024-05-15T10:20:11.618+0000] {dag.py:3954} INFO - Setting next_dagrun for tutorial to 2024-05-14 00:00:00+00:00, run_after=2024-05-15 00:00:00+00:00
[2024-05-15T10:20:11.638+0000] {processor.py:183} INFO - Processing /home/airflow/.local/lib/python3.12/site-packages/airflow/example_dags/tutorial.py took 0.164 seconds
[2024-05-15T10:20:41.738+0000] {processor.py:161} INFO - Started process (PID=1013) to work on /home/airflow/.local/lib/python3.12/site-packages/airflow/example_dags/tutorial.py
[2024-05-15T10:20:41.739+0000] {processor.py:830} INFO - Processing file /home/airflow/.local/lib/python3.12/site-packages/airflow/example_dags/tutorial.py for tasks to queue
[2024-05-15T10:20:41.741+0000] {logging_mixin.py:188} INFO - [2024-05-15T10:20:41.740+0000] {dagbag.py:540} INFO - Filling up the DagBag from /home/airflow/.local/lib/python3.12/site-packages/airflow/example_dags/tutorial.py
[2024-05-15T10:20:41.746+0000] {processor.py:840} INFO - DAG(s) 'tutorial' retrieved from /home/airflow/.local/lib/python3.12/site-packages/airflow/example_dags/tutorial.py
[2024-05-15T10:20:41.763+0000] {logging_mixin.py:188} INFO - [2024-05-15T10:20:41.763+0000] {dag.py:3096} INFO - Sync 1 DAGs
[2024-05-15T10:20:41.890+0000] {logging_mixin.py:188} INFO - [2024-05-15T10:20:41.890+0000] {dag.py:3954} INFO - Setting next_dagrun for tutorial to 2024-05-14 00:00:00+00:00, run_after=2024-05-15 00:00:00+00:00
[2024-05-15T10:20:41.907+0000] {processor.py:183} INFO - Processing /home/airflow/.local/lib/python3.12/site-packages/airflow/example_dags/tutorial.py took 0.174 seconds
[2024-05-15T10:21:12.412+0000] {processor.py:161} INFO - Started process (PID=1072) to work on /home/airflow/.local/lib/python3.12/site-packages/airflow/example_dags/tutorial.py
[2024-05-15T10:21:12.413+0000] {processor.py:830} INFO - Processing file /home/airflow/.local/lib/python3.12/site-packages/airflow/example_dags/tutorial.py for tasks to queue
[2024-05-15T10:21:12.414+0000] {logging_mixin.py:188} INFO - [2024-05-15T10:21:12.414+0000] {dagbag.py:540} INFO - Filling up the DagBag from /home/airflow/.local/lib/python3.12/site-packages/airflow/example_dags/tutorial.py
[2024-05-15T10:21:12.419+0000] {processor.py:840} INFO - DAG(s) 'tutorial' retrieved from /home/airflow/.local/lib/python3.12/site-packages/airflow/example_dags/tutorial.py
[2024-05-15T10:21:12.435+0000] {logging_mixin.py:188} INFO - [2024-05-15T10:21:12.435+0000] {dag.py:3096} INFO - Sync 1 DAGs
[2024-05-15T10:21:12.460+0000] {logging_mixin.py:188} INFO - [2024-05-15T10:21:12.460+0000] {dag.py:3954} INFO - Setting next_dagrun for tutorial to 2024-05-14 00:00:00+00:00, run_after=2024-05-15 00:00:00+00:00
[2024-05-15T10:21:12.483+0000] {processor.py:183} INFO - Processing /home/airflow/.local/lib/python3.12/site-packages/airflow/example_dags/tutorial.py took 0.076 seconds
[2024-05-15T10:21:42.666+0000] {processor.py:161} INFO - Started process (PID=1131) to work on /home/airflow/.local/lib/python3.12/site-packages/airflow/example_dags/tutorial.py
[2024-05-15T10:21:42.667+0000] {processor.py:830} INFO - Processing file /home/airflow/.local/lib/python3.12/site-packages/airflow/example_dags/tutorial.py for tasks to queue
[2024-05-15T10:21:42.669+0000] {logging_mixin.py:188} INFO - [2024-05-15T10:21:42.669+0000] {dagbag.py:540} INFO - Filling up the DagBag from /home/airflow/.local/lib/python3.12/site-packages/airflow/example_dags/tutorial.py
[2024-05-15T10:21:42.675+0000] {processor.py:840} INFO - DAG(s) 'tutorial' retrieved from /home/airflow/.local/lib/python3.12/site-packages/airflow/example_dags/tutorial.py
[2024-05-15T10:21:42.691+0000] {logging_mixin.py:188} INFO - [2024-05-15T10:21:42.691+0000] {dag.py:3096} INFO - Sync 1 DAGs
[2024-05-15T10:21:42.710+0000] {logging_mixin.py:188} INFO - [2024-05-15T10:21:42.709+0000] {dag.py:3954} INFO - Setting next_dagrun for tutorial to 2024-05-14 00:00:00+00:00, run_after=2024-05-15 00:00:00+00:00
[2024-05-15T10:21:42.728+0000] {processor.py:183} INFO - Processing /home/airflow/.local/lib/python3.12/site-packages/airflow/example_dags/tutorial.py took 0.067 seconds
[2024-05-15T10:22:12.975+0000] {processor.py:161} INFO - Started process (PID=1190) to work on /home/airflow/.local/lib/python3.12/site-packages/airflow/example_dags/tutorial.py
[2024-05-15T10:22:12.976+0000] {processor.py:830} INFO - Processing file /home/airflow/.local/lib/python3.12/site-packages/airflow/example_dags/tutorial.py for tasks to queue
[2024-05-15T10:22:12.978+0000] {logging_mixin.py:188} INFO - [2024-05-15T10:22:12.977+0000] {dagbag.py:540} INFO - Filling up the DagBag from /home/airflow/.local/lib/python3.12/site-packages/airflow/example_dags/tutorial.py
[2024-05-15T10:22:12.982+0000] {processor.py:840} INFO - DAG(s) 'tutorial' retrieved from /home/airflow/.local/lib/python3.12/site-packages/airflow/example_dags/tutorial.py
[2024-05-15T10:22:13.001+0000] {logging_mixin.py:188} INFO - [2024-05-15T10:22:13.001+0000] {dag.py:3096} INFO - Sync 1 DAGs
[2024-05-15T10:22:13.024+0000] {logging_mixin.py:188} INFO - [2024-05-15T10:22:13.024+0000] {dag.py:3954} INFO - Setting next_dagrun for tutorial to 2024-05-14 00:00:00+00:00, run_after=2024-05-15 00:00:00+00:00
[2024-05-15T10:22:13.042+0000] {processor.py:183} INFO - Processing /home/airflow/.local/lib/python3.12/site-packages/airflow/example_dags/tutorial.py took 0.071 seconds
[2024-05-15T10:22:43.867+0000] {processor.py:161} INFO - Started process (PID=1255) to work on /home/airflow/.local/lib/python3.12/site-packages/airflow/example_dags/tutorial.py
[2024-05-15T10:22:43.868+0000] {processor.py:830} INFO - Processing file /home/airflow/.local/lib/python3.12/site-packages/airflow/example_dags/tutorial.py for tasks to queue
[2024-05-15T10:22:43.870+0000] {logging_mixin.py:188} INFO - [2024-05-15T10:22:43.870+0000] {dagbag.py:540} INFO - Filling up the DagBag from /home/airflow/.local/lib/python3.12/site-packages/airflow/example_dags/tutorial.py
[2024-05-15T10:22:43.876+0000] {processor.py:840} INFO - DAG(s) 'tutorial' retrieved from /home/airflow/.local/lib/python3.12/site-packages/airflow/example_dags/tutorial.py
[2024-05-15T10:22:43.893+0000] {logging_mixin.py:188} INFO - [2024-05-15T10:22:43.893+0000] {dag.py:3096} INFO - Sync 1 DAGs
[2024-05-15T10:22:43.914+0000] {logging_mixin.py:188} INFO - [2024-05-15T10:22:43.913+0000] {dag.py:3954} INFO - Setting next_dagrun for tutorial to 2024-05-14 00:00:00+00:00, run_after=2024-05-15 00:00:00+00:00
[2024-05-15T10:22:43.929+0000] {processor.py:183} INFO - Processing /home/airflow/.local/lib/python3.12/site-packages/airflow/example_dags/tutorial.py took 0.067 seconds
[2024-05-15T10:23:14.737+0000] {processor.py:161} INFO - Started process (PID=1314) to work on /home/airflow/.local/lib/python3.12/site-packages/airflow/example_dags/tutorial.py
[2024-05-15T10:23:14.738+0000] {processor.py:830} INFO - Processing file /home/airflow/.local/lib/python3.12/site-packages/airflow/example_dags/tutorial.py for tasks to queue
[2024-05-15T10:23:14.740+0000] {logging_mixin.py:188} INFO - [2024-05-15T10:23:14.740+0000] {dagbag.py:540} INFO - Filling up the DagBag from /home/airflow/.local/lib/python3.12/site-packages/airflow/example_dags/tutorial.py
[2024-05-15T10:23:14.745+0000] {processor.py:840} INFO - DAG(s) 'tutorial' retrieved from /home/airflow/.local/lib/python3.12/site-packages/airflow/example_dags/tutorial.py
[2024-05-15T10:23:14.762+0000] {logging_mixin.py:188} INFO - [2024-05-15T10:23:14.762+0000] {dag.py:3096} INFO - Sync 1 DAGs
[2024-05-15T10:23:14.788+0000] {logging_mixin.py:188} INFO - [2024-05-15T10:23:14.787+0000] {dag.py:3954} INFO - Setting next_dagrun for tutorial to 2024-05-14 00:00:00+00:00, run_after=2024-05-15 00:00:00+00:00
[2024-05-15T10:23:14.810+0000] {processor.py:183} INFO - Processing /home/airflow/.local/lib/python3.12/site-packages/airflow/example_dags/tutorial.py took 0.079 seconds
[2024-05-15T10:23:45.682+0000] {processor.py:161} INFO - Started process (PID=1373) to work on /home/airflow/.local/lib/python3.12/site-packages/airflow/example_dags/tutorial.py
[2024-05-15T10:23:45.683+0000] {processor.py:830} INFO - Processing file /home/airflow/.local/lib/python3.12/site-packages/airflow/example_dags/tutorial.py for tasks to queue
[2024-05-15T10:23:45.686+0000] {logging_mixin.py:188} INFO - [2024-05-15T10:23:45.686+0000] {dagbag.py:540} INFO - Filling up the DagBag from /home/airflow/.local/lib/python3.12/site-packages/airflow/example_dags/tutorial.py
[2024-05-15T10:23:45.692+0000] {processor.py:840} INFO - DAG(s) 'tutorial' retrieved from /home/airflow/.local/lib/python3.12/site-packages/airflow/example_dags/tutorial.py
[2024-05-15T10:23:45.713+0000] {logging_mixin.py:188} INFO - [2024-05-15T10:23:45.712+0000] {dag.py:3096} INFO - Sync 1 DAGs
[2024-05-15T10:23:45.738+0000] {logging_mixin.py:188} INFO - [2024-05-15T10:23:45.738+0000] {dag.py:3954} INFO - Setting next_dagrun for tutorial to 2024-05-14 00:00:00+00:00, run_after=2024-05-15 00:00:00+00:00
[2024-05-15T10:23:45.761+0000] {processor.py:183} INFO - Processing /home/airflow/.local/lib/python3.12/site-packages/airflow/example_dags/tutorial.py took 0.086 seconds
[2024-05-15T10:24:15.841+0000] {processor.py:161} INFO - Started process (PID=1432) to work on /home/airflow/.local/lib/python3.12/site-packages/airflow/example_dags/tutorial.py
[2024-05-15T10:24:15.842+0000] {processor.py:830} INFO - Processing file /home/airflow/.local/lib/python3.12/site-packages/airflow/example_dags/tutorial.py for tasks to queue
[2024-05-15T10:24:15.844+0000] {logging_mixin.py:188} INFO - [2024-05-15T10:24:15.844+0000] {dagbag.py:540} INFO - Filling up the DagBag from /home/airflow/.local/lib/python3.12/site-packages/airflow/example_dags/tutorial.py
[2024-05-15T10:24:15.849+0000] {processor.py:840} INFO - DAG(s) 'tutorial' retrieved from /home/airflow/.local/lib/python3.12/site-packages/airflow/example_dags/tutorial.py
[2024-05-15T10:24:15.867+0000] {logging_mixin.py:188} INFO - [2024-05-15T10:24:15.867+0000] {dag.py:3096} INFO - Sync 1 DAGs
[2024-05-15T10:24:15.886+0000] {logging_mixin.py:188} INFO - [2024-05-15T10:24:15.885+0000] {dag.py:3954} INFO - Setting next_dagrun for tutorial to 2024-05-14 00:00:00+00:00, run_after=2024-05-15 00:00:00+00:00
[2024-05-15T10:24:15.902+0000] {processor.py:183} INFO - Processing /home/airflow/.local/lib/python3.12/site-packages/airflow/example_dags/tutorial.py took 0.066 seconds
[2024-05-15T10:24:45.968+0000] {processor.py:161} INFO - Started process (PID=1491) to work on /home/airflow/.local/lib/python3.12/site-packages/airflow/example_dags/tutorial.py
[2024-05-15T10:24:45.970+0000] {processor.py:830} INFO - Processing file /home/airflow/.local/lib/python3.12/site-packages/airflow/example_dags/tutorial.py for tasks to queue
[2024-05-15T10:24:45.971+0000] {logging_mixin.py:188} INFO - [2024-05-15T10:24:45.971+0000] {dagbag.py:540} INFO - Filling up the DagBag from /home/airflow/.local/lib/python3.12/site-packages/airflow/example_dags/tutorial.py
[2024-05-15T10:24:45.977+0000] {processor.py:840} INFO - DAG(s) 'tutorial' retrieved from /home/airflow/.local/lib/python3.12/site-packages/airflow/example_dags/tutorial.py
[2024-05-15T10:24:45.998+0000] {logging_mixin.py:188} INFO - [2024-05-15T10:24:45.998+0000] {dag.py:3096} INFO - Sync 1 DAGs
[2024-05-15T10:24:46.024+0000] {logging_mixin.py:188} INFO - [2024-05-15T10:24:46.024+0000] {dag.py:3954} INFO - Setting next_dagrun for tutorial to 2024-05-14 00:00:00+00:00, run_after=2024-05-15 00:00:00+00:00
[2024-05-15T10:24:46.048+0000] {processor.py:183} INFO - Processing /home/airflow/.local/lib/python3.12/site-packages/airflow/example_dags/tutorial.py took 0.087 seconds
[2024-05-15T10:25:16.291+0000] {processor.py:161} INFO - Started process (PID=1550) to work on /home/airflow/.local/lib/python3.12/site-packages/airflow/example_dags/tutorial.py
[2024-05-15T10:25:16.292+0000] {processor.py:830} INFO - Processing file /home/airflow/.local/lib/python3.12/site-packages/airflow/example_dags/tutorial.py for tasks to queue
[2024-05-15T10:25:16.294+0000] {logging_mixin.py:188} INFO - [2024-05-15T10:25:16.293+0000] {dagbag.py:540} INFO - Filling up the DagBag from /home/airflow/.local/lib/python3.12/site-packages/airflow/example_dags/tutorial.py
[2024-05-15T10:25:16.298+0000] {processor.py:840} INFO - DAG(s) 'tutorial' retrieved from /home/airflow/.local/lib/python3.12/site-packages/airflow/example_dags/tutorial.py
[2024-05-15T10:25:16.315+0000] {logging_mixin.py:188} INFO - [2024-05-15T10:25:16.315+0000] {dag.py:3096} INFO - Sync 1 DAGs
[2024-05-15T10:25:16.334+0000] {logging_mixin.py:188} INFO - [2024-05-15T10:25:16.334+0000] {dag.py:3954} INFO - Setting next_dagrun for tutorial to 2024-05-14 00:00:00+00:00, run_after=2024-05-15 00:00:00+00:00
[2024-05-15T10:25:16.349+0000] {processor.py:183} INFO - Processing /home/airflow/.local/lib/python3.12/site-packages/airflow/example_dags/tutorial.py took 0.063 seconds
[2024-05-15T10:25:46.542+0000] {processor.py:161} INFO - Started process (PID=1609) to work on /home/airflow/.local/lib/python3.12/site-packages/airflow/example_dags/tutorial.py
[2024-05-15T10:25:46.543+0000] {processor.py:830} INFO - Processing file /home/airflow/.local/lib/python3.12/site-packages/airflow/example_dags/tutorial.py for tasks to queue
[2024-05-15T10:25:46.545+0000] {logging_mixin.py:188} INFO - [2024-05-15T10:25:46.545+0000] {dagbag.py:540} INFO - Filling up the DagBag from /home/airflow/.local/lib/python3.12/site-packages/airflow/example_dags/tutorial.py
[2024-05-15T10:25:46.551+0000] {processor.py:840} INFO - DAG(s) 'tutorial' retrieved from /home/airflow/.local/lib/python3.12/site-packages/airflow/example_dags/tutorial.py
[2024-05-15T10:25:46.571+0000] {logging_mixin.py:188} INFO - [2024-05-15T10:25:46.570+0000] {dag.py:3096} INFO - Sync 1 DAGs
[2024-05-15T10:25:46.595+0000] {logging_mixin.py:188} INFO - [2024-05-15T10:25:46.595+0000] {dag.py:3954} INFO - Setting next_dagrun for tutorial to 2024-05-14 00:00:00+00:00, run_after=2024-05-15 00:00:00+00:00
[2024-05-15T10:25:46.612+0000] {processor.py:183} INFO - Processing /home/airflow/.local/lib/python3.12/site-packages/airflow/example_dags/tutorial.py took 0.076 seconds
[2024-05-15T10:26:16.691+0000] {processor.py:161} INFO - Started process (PID=1668) to work on /home/airflow/.local/lib/python3.12/site-packages/airflow/example_dags/tutorial.py
[2024-05-15T10:26:16.692+0000] {processor.py:830} INFO - Processing file /home/airflow/.local/lib/python3.12/site-packages/airflow/example_dags/tutorial.py for tasks to queue
[2024-05-15T10:26:16.694+0000] {logging_mixin.py:188} INFO - [2024-05-15T10:26:16.694+0000] {dagbag.py:540} INFO - Filling up the DagBag from /home/airflow/.local/lib/python3.12/site-packages/airflow/example_dags/tutorial.py
[2024-05-15T10:26:16.700+0000] {processor.py:840} INFO - DAG(s) 'tutorial' retrieved from /home/airflow/.local/lib/python3.12/site-packages/airflow/example_dags/tutorial.py
[2024-05-15T10:26:16.720+0000] {logging_mixin.py:188} INFO - [2024-05-15T10:26:16.720+0000] {dag.py:3096} INFO - Sync 1 DAGs
[2024-05-15T10:26:16.738+0000] {logging_mixin.py:188} INFO - [2024-05-15T10:26:16.738+0000] {dag.py:3954} INFO - Setting next_dagrun for tutorial to 2024-05-14 00:00:00+00:00, run_after=2024-05-15 00:00:00+00:00
[2024-05-15T10:26:16.758+0000] {processor.py:183} INFO - Processing /home/airflow/.local/lib/python3.12/site-packages/airflow/example_dags/tutorial.py took 0.073 seconds
[2024-05-15T10:26:47.805+0000] {processor.py:161} INFO - Started process (PID=1727) to work on /home/airflow/.local/lib/python3.12/site-packages/airflow/example_dags/tutorial.py
[2024-05-15T10:26:47.808+0000] {processor.py:830} INFO - Processing file /home/airflow/.local/lib/python3.12/site-packages/airflow/example_dags/tutorial.py for tasks to queue
[2024-05-15T10:26:47.817+0000] {logging_mixin.py:188} INFO - [2024-05-15T10:26:47.817+0000] {dagbag.py:540} INFO - Filling up the DagBag from /home/airflow/.local/lib/python3.12/site-packages/airflow/example_dags/tutorial.py
[2024-05-15T10:26:47.830+0000] {processor.py:840} INFO - DAG(s) 'tutorial' retrieved from /home/airflow/.local/lib/python3.12/site-packages/airflow/example_dags/tutorial.py
[2024-05-15T10:26:47.861+0000] {logging_mixin.py:188} INFO - [2024-05-15T10:26:47.861+0000] {dag.py:3096} INFO - Sync 1 DAGs
[2024-05-15T10:26:47.893+0000] {logging_mixin.py:188} INFO - [2024-05-15T10:26:47.893+0000] {dag.py:3954} INFO - Setting next_dagrun for tutorial to 2024-05-14 00:00:00+00:00, run_after=2024-05-15 00:00:00+00:00
[2024-05-15T10:26:47.917+0000] {processor.py:183} INFO - Processing /home/airflow/.local/lib/python3.12/site-packages/airflow/example_dags/tutorial.py took 0.124 seconds
[2024-05-15T10:27:18.143+0000] {processor.py:161} INFO - Started process (PID=1786) to work on /home/airflow/.local/lib/python3.12/site-packages/airflow/example_dags/tutorial.py
[2024-05-15T10:27:18.144+0000] {processor.py:830} INFO - Processing file /home/airflow/.local/lib/python3.12/site-packages/airflow/example_dags/tutorial.py for tasks to queue
[2024-05-15T10:27:18.146+0000] {logging_mixin.py:188} INFO - [2024-05-15T10:27:18.146+0000] {dagbag.py:540} INFO - Filling up the DagBag from /home/airflow/.local/lib/python3.12/site-packages/airflow/example_dags/tutorial.py
[2024-05-15T10:27:18.151+0000] {processor.py:840} INFO - DAG(s) 'tutorial' retrieved from /home/airflow/.local/lib/python3.12/site-packages/airflow/example_dags/tutorial.py
[2024-05-15T10:27:18.167+0000] {logging_mixin.py:188} INFO - [2024-05-15T10:27:18.167+0000] {dag.py:3096} INFO - Sync 1 DAGs
[2024-05-15T10:27:18.184+0000] {logging_mixin.py:188} INFO - [2024-05-15T10:27:18.183+0000] {dag.py:3954} INFO - Setting next_dagrun for tutorial to 2024-05-14 00:00:00+00:00, run_after=2024-05-15 00:00:00+00:00
[2024-05-15T10:27:18.197+0000] {processor.py:183} INFO - Processing /home/airflow/.local/lib/python3.12/site-packages/airflow/example_dags/tutorial.py took 0.058 seconds
[2024-05-15T10:27:49.194+0000] {processor.py:161} INFO - Started process (PID=1845) to work on /home/airflow/.local/lib/python3.12/site-packages/airflow/example_dags/tutorial.py
[2024-05-15T10:27:49.195+0000] {processor.py:830} INFO - Processing file /home/airflow/.local/lib/python3.12/site-packages/airflow/example_dags/tutorial.py for tasks to queue
[2024-05-15T10:27:49.196+0000] {logging_mixin.py:188} INFO - [2024-05-15T10:27:49.196+0000] {dagbag.py:540} INFO - Filling up the DagBag from /home/airflow/.local/lib/python3.12/site-packages/airflow/example_dags/tutorial.py
[2024-05-15T10:27:49.201+0000] {processor.py:840} INFO - DAG(s) 'tutorial' retrieved from /home/airflow/.local/lib/python3.12/site-packages/airflow/example_dags/tutorial.py
[2024-05-15T10:27:49.217+0000] {logging_mixin.py:188} INFO - [2024-05-15T10:27:49.217+0000] {dag.py:3096} INFO - Sync 1 DAGs
[2024-05-15T10:27:49.237+0000] {logging_mixin.py:188} INFO - [2024-05-15T10:27:49.237+0000] {dag.py:3954} INFO - Setting next_dagrun for tutorial to 2024-05-14 00:00:00+00:00, run_after=2024-05-15 00:00:00+00:00
[2024-05-15T10:27:49.250+0000] {processor.py:183} INFO - Processing /home/airflow/.local/lib/python3.12/site-packages/airflow/example_dags/tutorial.py took 0.061 seconds
[2024-05-15T10:28:19.486+0000] {processor.py:161} INFO - Started process (PID=1905) to work on /home/airflow/.local/lib/python3.12/site-packages/airflow/example_dags/tutorial.py
[2024-05-15T10:28:19.487+0000] {processor.py:830} INFO - Processing file /home/airflow/.local/lib/python3.12/site-packages/airflow/example_dags/tutorial.py for tasks to queue
[2024-05-15T10:28:19.489+0000] {logging_mixin.py:188} INFO - [2024-05-15T10:28:19.489+0000] {dagbag.py:540} INFO - Filling up the DagBag from /home/airflow/.local/lib/python3.12/site-packages/airflow/example_dags/tutorial.py
[2024-05-15T10:28:19.494+0000] {processor.py:840} INFO - DAG(s) 'tutorial' retrieved from /home/airflow/.local/lib/python3.12/site-packages/airflow/example_dags/tutorial.py
[2024-05-15T10:28:19.515+0000] {logging_mixin.py:188} INFO - [2024-05-15T10:28:19.515+0000] {dag.py:3096} INFO - Sync 1 DAGs
[2024-05-15T10:28:19.536+0000] {logging_mixin.py:188} INFO - [2024-05-15T10:28:19.536+0000] {dag.py:3954} INFO - Setting next_dagrun for tutorial to 2024-05-14 00:00:00+00:00, run_after=2024-05-15 00:00:00+00:00
[2024-05-15T10:28:19.553+0000] {processor.py:183} INFO - Processing /home/airflow/.local/lib/python3.12/site-packages/airflow/example_dags/tutorial.py took 0.074 seconds
[2024-05-15T10:29:38.902+0000] {processor.py:161} INFO - Started process (PID=1955) to work on /home/airflow/.local/lib/python3.12/site-packages/airflow/example_dags/tutorial.py
[2024-05-15T10:29:38.916+0000] {processor.py:830} INFO - Processing file /home/airflow/.local/lib/python3.12/site-packages/airflow/example_dags/tutorial.py for tasks to queue
[2024-05-15T10:29:38.930+0000] {logging_mixin.py:188} INFO - [2024-05-15T10:29:38.920+0000] {dagbag.py:540} INFO - Filling up the DagBag from /home/airflow/.local/lib/python3.12/site-packages/airflow/example_dags/tutorial.py
[2024-05-15T10:29:38.994+0000] {processor.py:840} INFO - DAG(s) 'tutorial' retrieved from /home/airflow/.local/lib/python3.12/site-packages/airflow/example_dags/tutorial.py
[2024-05-15T10:29:39.162+0000] {logging_mixin.py:188} INFO - [2024-05-15T10:29:39.162+0000] {dag.py:3096} INFO - Sync 1 DAGs
[2024-05-15T10:29:39.360+0000] {logging_mixin.py:188} INFO - [2024-05-15T10:29:39.359+0000] {dag.py:3954} INFO - Setting next_dagrun for tutorial to 2024-05-14 00:00:00+00:00, run_after=2024-05-15 00:00:00+00:00
[2024-05-15T10:29:39.448+0000] {processor.py:183} INFO - Processing /home/airflow/.local/lib/python3.12/site-packages/airflow/example_dags/tutorial.py took 0.608 seconds
[2024-05-15T10:30:09.812+0000] {processor.py:161} INFO - Started process (PID=2014) to work on /home/airflow/.local/lib/python3.12/site-packages/airflow/example_dags/tutorial.py
[2024-05-15T10:30:09.813+0000] {processor.py:830} INFO - Processing file /home/airflow/.local/lib/python3.12/site-packages/airflow/example_dags/tutorial.py for tasks to queue
[2024-05-15T10:30:09.815+0000] {logging_mixin.py:188} INFO - [2024-05-15T10:30:09.815+0000] {dagbag.py:540} INFO - Filling up the DagBag from /home/airflow/.local/lib/python3.12/site-packages/airflow/example_dags/tutorial.py
[2024-05-15T10:30:09.821+0000] {processor.py:840} INFO - DAG(s) 'tutorial' retrieved from /home/airflow/.local/lib/python3.12/site-packages/airflow/example_dags/tutorial.py
[2024-05-15T10:30:09.845+0000] {logging_mixin.py:188} INFO - [2024-05-15T10:30:09.845+0000] {dag.py:3096} INFO - Sync 1 DAGs
[2024-05-15T10:30:09.868+0000] {logging_mixin.py:188} INFO - [2024-05-15T10:30:09.868+0000] {dag.py:3954} INFO - Setting next_dagrun for tutorial to 2024-05-14 00:00:00+00:00, run_after=2024-05-15 00:00:00+00:00
[2024-05-15T10:30:09.890+0000] {processor.py:183} INFO - Processing /home/airflow/.local/lib/python3.12/site-packages/airflow/example_dags/tutorial.py took 0.086 seconds
[2024-05-15T10:30:40.068+0000] {processor.py:161} INFO - Started process (PID=2073) to work on /home/airflow/.local/lib/python3.12/site-packages/airflow/example_dags/tutorial.py
[2024-05-15T10:30:40.069+0000] {processor.py:830} INFO - Processing file /home/airflow/.local/lib/python3.12/site-packages/airflow/example_dags/tutorial.py for tasks to queue
[2024-05-15T10:30:40.071+0000] {logging_mixin.py:188} INFO - [2024-05-15T10:30:40.070+0000] {dagbag.py:540} INFO - Filling up the DagBag from /home/airflow/.local/lib/python3.12/site-packages/airflow/example_dags/tutorial.py
[2024-05-15T10:30:40.076+0000] {processor.py:840} INFO - DAG(s) 'tutorial' retrieved from /home/airflow/.local/lib/python3.12/site-packages/airflow/example_dags/tutorial.py
[2024-05-15T10:30:40.095+0000] {logging_mixin.py:188} INFO - [2024-05-15T10:30:40.095+0000] {dag.py:3096} INFO - Sync 1 DAGs
[2024-05-15T10:30:40.114+0000] {logging_mixin.py:188} INFO - [2024-05-15T10:30:40.114+0000] {dag.py:3954} INFO - Setting next_dagrun for tutorial to 2024-05-14 00:00:00+00:00, run_after=2024-05-15 00:00:00+00:00
[2024-05-15T10:30:40.135+0000] {processor.py:183} INFO - Processing /home/airflow/.local/lib/python3.12/site-packages/airflow/example_dags/tutorial.py took 0.072 seconds
[2024-05-15T10:31:10.601+0000] {processor.py:161} INFO - Started process (PID=2132) to work on /home/airflow/.local/lib/python3.12/site-packages/airflow/example_dags/tutorial.py
[2024-05-15T10:31:10.602+0000] {processor.py:830} INFO - Processing file /home/airflow/.local/lib/python3.12/site-packages/airflow/example_dags/tutorial.py for tasks to queue
[2024-05-15T10:31:10.605+0000] {logging_mixin.py:188} INFO - [2024-05-15T10:31:10.604+0000] {dagbag.py:540} INFO - Filling up the DagBag from /home/airflow/.local/lib/python3.12/site-packages/airflow/example_dags/tutorial.py
[2024-05-15T10:31:10.610+0000] {processor.py:840} INFO - DAG(s) 'tutorial' retrieved from /home/airflow/.local/lib/python3.12/site-packages/airflow/example_dags/tutorial.py
[2024-05-15T10:31:10.634+0000] {logging_mixin.py:188} INFO - [2024-05-15T10:31:10.634+0000] {dag.py:3096} INFO - Sync 1 DAGs
[2024-05-15T10:31:10.655+0000] {logging_mixin.py:188} INFO - [2024-05-15T10:31:10.655+0000] {dag.py:3954} INFO - Setting next_dagrun for tutorial to 2024-05-14 00:00:00+00:00, run_after=2024-05-15 00:00:00+00:00
[2024-05-15T10:31:10.672+0000] {processor.py:183} INFO - Processing /home/airflow/.local/lib/python3.12/site-packages/airflow/example_dags/tutorial.py took 0.076 seconds
[2024-05-15T10:31:41.072+0000] {processor.py:161} INFO - Started process (PID=2191) to work on /home/airflow/.local/lib/python3.12/site-packages/airflow/example_dags/tutorial.py
[2024-05-15T10:31:41.074+0000] {processor.py:830} INFO - Processing file /home/airflow/.local/lib/python3.12/site-packages/airflow/example_dags/tutorial.py for tasks to queue
[2024-05-15T10:31:41.075+0000] {logging_mixin.py:188} INFO - [2024-05-15T10:31:41.075+0000] {dagbag.py:540} INFO - Filling up the DagBag from /home/airflow/.local/lib/python3.12/site-packages/airflow/example_dags/tutorial.py
[2024-05-15T10:31:41.080+0000] {processor.py:840} INFO - DAG(s) 'tutorial' retrieved from /home/airflow/.local/lib/python3.12/site-packages/airflow/example_dags/tutorial.py
[2024-05-15T10:31:41.101+0000] {logging_mixin.py:188} INFO - [2024-05-15T10:31:41.100+0000] {dag.py:3096} INFO - Sync 1 DAGs
[2024-05-15T10:31:41.120+0000] {logging_mixin.py:188} INFO - [2024-05-15T10:31:41.120+0000] {dag.py:3954} INFO - Setting next_dagrun for tutorial to 2024-05-14 00:00:00+00:00, run_after=2024-05-15 00:00:00+00:00
[2024-05-15T10:31:41.139+0000] {processor.py:183} INFO - Processing /home/airflow/.local/lib/python3.12/site-packages/airflow/example_dags/tutorial.py took 0.073 seconds
[2024-05-15T10:32:11.433+0000] {processor.py:161} INFO - Started process (PID=2250) to work on /home/airflow/.local/lib/python3.12/site-packages/airflow/example_dags/tutorial.py
[2024-05-15T10:32:11.435+0000] {processor.py:830} INFO - Processing file /home/airflow/.local/lib/python3.12/site-packages/airflow/example_dags/tutorial.py for tasks to queue
[2024-05-15T10:32:11.438+0000] {logging_mixin.py:188} INFO - [2024-05-15T10:32:11.437+0000] {dagbag.py:540} INFO - Filling up the DagBag from /home/airflow/.local/lib/python3.12/site-packages/airflow/example_dags/tutorial.py
[2024-05-15T10:32:11.444+0000] {processor.py:840} INFO - DAG(s) 'tutorial' retrieved from /home/airflow/.local/lib/python3.12/site-packages/airflow/example_dags/tutorial.py
[2024-05-15T10:32:11.464+0000] {logging_mixin.py:188} INFO - [2024-05-15T10:32:11.463+0000] {dag.py:3096} INFO - Sync 1 DAGs
[2024-05-15T10:32:11.487+0000] {logging_mixin.py:188} INFO - [2024-05-15T10:32:11.487+0000] {dag.py:3954} INFO - Setting next_dagrun for tutorial to 2024-05-14 00:00:00+00:00, run_after=2024-05-15 00:00:00+00:00
[2024-05-15T10:32:11.504+0000] {processor.py:183} INFO - Processing /home/airflow/.local/lib/python3.12/site-packages/airflow/example_dags/tutorial.py took 0.078 seconds
[2024-05-15T10:32:41.926+0000] {processor.py:161} INFO - Started process (PID=2309) to work on /home/airflow/.local/lib/python3.12/site-packages/airflow/example_dags/tutorial.py
[2024-05-15T10:32:41.927+0000] {processor.py:830} INFO - Processing file /home/airflow/.local/lib/python3.12/site-packages/airflow/example_dags/tutorial.py for tasks to queue
[2024-05-15T10:32:41.929+0000] {logging_mixin.py:188} INFO - [2024-05-15T10:32:41.929+0000] {dagbag.py:540} INFO - Filling up the DagBag from /home/airflow/.local/lib/python3.12/site-packages/airflow/example_dags/tutorial.py
[2024-05-15T10:32:41.934+0000] {processor.py:840} INFO - DAG(s) 'tutorial' retrieved from /home/airflow/.local/lib/python3.12/site-packages/airflow/example_dags/tutorial.py
[2024-05-15T10:32:41.953+0000] {logging_mixin.py:188} INFO - [2024-05-15T10:32:41.953+0000] {dag.py:3096} INFO - Sync 1 DAGs
[2024-05-15T10:32:41.972+0000] {logging_mixin.py:188} INFO - [2024-05-15T10:32:41.971+0000] {dag.py:3954} INFO - Setting next_dagrun for tutorial to 2024-05-14 00:00:00+00:00, run_after=2024-05-15 00:00:00+00:00
[2024-05-15T10:32:41.988+0000] {processor.py:183} INFO - Processing /home/airflow/.local/lib/python3.12/site-packages/airflow/example_dags/tutorial.py took 0.069 seconds
[2024-05-15T10:33:12.431+0000] {processor.py:161} INFO - Started process (PID=2368) to work on /home/airflow/.local/lib/python3.12/site-packages/airflow/example_dags/tutorial.py
[2024-05-15T10:33:12.432+0000] {processor.py:830} INFO - Processing file /home/airflow/.local/lib/python3.12/site-packages/airflow/example_dags/tutorial.py for tasks to queue
[2024-05-15T10:33:12.434+0000] {logging_mixin.py:188} INFO - [2024-05-15T10:33:12.434+0000] {dagbag.py:540} INFO - Filling up the DagBag from /home/airflow/.local/lib/python3.12/site-packages/airflow/example_dags/tutorial.py
[2024-05-15T10:33:12.441+0000] {processor.py:840} INFO - DAG(s) 'tutorial' retrieved from /home/airflow/.local/lib/python3.12/site-packages/airflow/example_dags/tutorial.py
[2024-05-15T10:33:12.460+0000] {logging_mixin.py:188} INFO - [2024-05-15T10:33:12.460+0000] {dag.py:3096} INFO - Sync 1 DAGs
[2024-05-15T10:33:12.486+0000] {logging_mixin.py:188} INFO - [2024-05-15T10:33:12.485+0000] {dag.py:3954} INFO - Setting next_dagrun for tutorial to 2024-05-14 00:00:00+00:00, run_after=2024-05-15 00:00:00+00:00
[2024-05-15T10:33:12.505+0000] {processor.py:183} INFO - Processing /home/airflow/.local/lib/python3.12/site-packages/airflow/example_dags/tutorial.py took 0.079 seconds
[2024-05-15T10:33:42.746+0000] {processor.py:161} INFO - Started process (PID=2427) to work on /home/airflow/.local/lib/python3.12/site-packages/airflow/example_dags/tutorial.py
[2024-05-15T10:33:42.749+0000] {processor.py:830} INFO - Processing file /home/airflow/.local/lib/python3.12/site-packages/airflow/example_dags/tutorial.py for tasks to queue
[2024-05-15T10:33:42.753+0000] {logging_mixin.py:188} INFO - [2024-05-15T10:33:42.752+0000] {dagbag.py:540} INFO - Filling up the DagBag from /home/airflow/.local/lib/python3.12/site-packages/airflow/example_dags/tutorial.py
[2024-05-15T10:33:42.763+0000] {processor.py:840} INFO - DAG(s) 'tutorial' retrieved from /home/airflow/.local/lib/python3.12/site-packages/airflow/example_dags/tutorial.py
[2024-05-15T10:33:42.789+0000] {logging_mixin.py:188} INFO - [2024-05-15T10:33:42.789+0000] {dag.py:3096} INFO - Sync 1 DAGs
[2024-05-15T10:33:42.816+0000] {logging_mixin.py:188} INFO - [2024-05-15T10:33:42.816+0000] {dag.py:3954} INFO - Setting next_dagrun for tutorial to 2024-05-14 00:00:00+00:00, run_after=2024-05-15 00:00:00+00:00
[2024-05-15T10:33:42.840+0000] {processor.py:183} INFO - Processing /home/airflow/.local/lib/python3.12/site-packages/airflow/example_dags/tutorial.py took 0.103 seconds
[2024-05-15T10:34:13.653+0000] {processor.py:161} INFO - Started process (PID=2486) to work on /home/airflow/.local/lib/python3.12/site-packages/airflow/example_dags/tutorial.py
[2024-05-15T10:34:13.654+0000] {processor.py:830} INFO - Processing file /home/airflow/.local/lib/python3.12/site-packages/airflow/example_dags/tutorial.py for tasks to queue
[2024-05-15T10:34:13.656+0000] {logging_mixin.py:188} INFO - [2024-05-15T10:34:13.655+0000] {dagbag.py:540} INFO - Filling up the DagBag from /home/airflow/.local/lib/python3.12/site-packages/airflow/example_dags/tutorial.py
[2024-05-15T10:34:13.663+0000] {processor.py:840} INFO - DAG(s) 'tutorial' retrieved from /home/airflow/.local/lib/python3.12/site-packages/airflow/example_dags/tutorial.py
[2024-05-15T10:34:13.684+0000] {logging_mixin.py:188} INFO - [2024-05-15T10:34:13.683+0000] {dag.py:3096} INFO - Sync 1 DAGs
[2024-05-15T10:34:13.713+0000] {logging_mixin.py:188} INFO - [2024-05-15T10:34:13.713+0000] {dag.py:3954} INFO - Setting next_dagrun for tutorial to 2024-05-14 00:00:00+00:00, run_after=2024-05-15 00:00:00+00:00
[2024-05-15T10:34:13.735+0000] {processor.py:183} INFO - Processing /home/airflow/.local/lib/python3.12/site-packages/airflow/example_dags/tutorial.py took 0.088 seconds
[2024-05-15T10:34:44.309+0000] {processor.py:161} INFO - Started process (PID=2544) to work on /home/airflow/.local/lib/python3.12/site-packages/airflow/example_dags/tutorial.py
[2024-05-15T10:34:44.312+0000] {processor.py:830} INFO - Processing file /home/airflow/.local/lib/python3.12/site-packages/airflow/example_dags/tutorial.py for tasks to queue
[2024-05-15T10:34:44.314+0000] {logging_mixin.py:188} INFO - [2024-05-15T10:34:44.313+0000] {dagbag.py:540} INFO - Filling up the DagBag from /home/airflow/.local/lib/python3.12/site-packages/airflow/example_dags/tutorial.py
[2024-05-15T10:34:44.320+0000] {processor.py:840} INFO - DAG(s) 'tutorial' retrieved from /home/airflow/.local/lib/python3.12/site-packages/airflow/example_dags/tutorial.py
[2024-05-15T10:34:44.342+0000] {logging_mixin.py:188} INFO - [2024-05-15T10:34:44.342+0000] {dag.py:3096} INFO - Sync 1 DAGs
[2024-05-15T10:34:44.366+0000] {logging_mixin.py:188} INFO - [2024-05-15T10:34:44.366+0000] {dag.py:3954} INFO - Setting next_dagrun for tutorial to 2024-05-14 00:00:00+00:00, run_after=2024-05-15 00:00:00+00:00
[2024-05-15T10:34:44.385+0000] {processor.py:183} INFO - Processing /home/airflow/.local/lib/python3.12/site-packages/airflow/example_dags/tutorial.py took 0.084 seconds
[2024-05-15T10:35:15.059+0000] {processor.py:161} INFO - Started process (PID=2609) to work on /home/airflow/.local/lib/python3.12/site-packages/airflow/example_dags/tutorial.py
[2024-05-15T10:35:15.060+0000] {processor.py:830} INFO - Processing file /home/airflow/.local/lib/python3.12/site-packages/airflow/example_dags/tutorial.py for tasks to queue
[2024-05-15T10:35:15.061+0000] {logging_mixin.py:188} INFO - [2024-05-15T10:35:15.061+0000] {dagbag.py:540} INFO - Filling up the DagBag from /home/airflow/.local/lib/python3.12/site-packages/airflow/example_dags/tutorial.py
[2024-05-15T10:35:15.066+0000] {processor.py:840} INFO - DAG(s) 'tutorial' retrieved from /home/airflow/.local/lib/python3.12/site-packages/airflow/example_dags/tutorial.py
[2024-05-15T10:35:15.086+0000] {logging_mixin.py:188} INFO - [2024-05-15T10:35:15.086+0000] {dag.py:3096} INFO - Sync 1 DAGs
[2024-05-15T10:35:15.107+0000] {logging_mixin.py:188} INFO - [2024-05-15T10:35:15.107+0000] {dag.py:3954} INFO - Setting next_dagrun for tutorial to 2024-05-14 00:00:00+00:00, run_after=2024-05-15 00:00:00+00:00
[2024-05-15T10:35:15.127+0000] {processor.py:183} INFO - Processing /home/airflow/.local/lib/python3.12/site-packages/airflow/example_dags/tutorial.py took 0.073 seconds
[2024-05-15T10:35:46.007+0000] {processor.py:161} INFO - Started process (PID=2668) to work on /home/airflow/.local/lib/python3.12/site-packages/airflow/example_dags/tutorial.py
[2024-05-15T10:35:46.008+0000] {processor.py:830} INFO - Processing file /home/airflow/.local/lib/python3.12/site-packages/airflow/example_dags/tutorial.py for tasks to queue
[2024-05-15T10:35:46.009+0000] {logging_mixin.py:188} INFO - [2024-05-15T10:35:46.009+0000] {dagbag.py:540} INFO - Filling up the DagBag from /home/airflow/.local/lib/python3.12/site-packages/airflow/example_dags/tutorial.py
[2024-05-15T10:35:46.015+0000] {processor.py:840} INFO - DAG(s) 'tutorial' retrieved from /home/airflow/.local/lib/python3.12/site-packages/airflow/example_dags/tutorial.py
[2024-05-15T10:35:46.033+0000] {logging_mixin.py:188} INFO - [2024-05-15T10:35:46.032+0000] {dag.py:3096} INFO - Sync 1 DAGs
[2024-05-15T10:35:46.055+0000] {logging_mixin.py:188} INFO - [2024-05-15T10:35:46.055+0000] {dag.py:3954} INFO - Setting next_dagrun for tutorial to 2024-05-14 00:00:00+00:00, run_after=2024-05-15 00:00:00+00:00
[2024-05-15T10:35:46.071+0000] {processor.py:183} INFO - Processing /home/airflow/.local/lib/python3.12/site-packages/airflow/example_dags/tutorial.py took 0.069 seconds
[2024-05-15T10:36:16.863+0000] {processor.py:161} INFO - Started process (PID=2727) to work on /home/airflow/.local/lib/python3.12/site-packages/airflow/example_dags/tutorial.py
[2024-05-15T10:36:16.865+0000] {processor.py:830} INFO - Processing file /home/airflow/.local/lib/python3.12/site-packages/airflow/example_dags/tutorial.py for tasks to queue
[2024-05-15T10:36:16.866+0000] {logging_mixin.py:188} INFO - [2024-05-15T10:36:16.866+0000] {dagbag.py:540} INFO - Filling up the DagBag from /home/airflow/.local/lib/python3.12/site-packages/airflow/example_dags/tutorial.py
[2024-05-15T10:36:16.871+0000] {processor.py:840} INFO - DAG(s) 'tutorial' retrieved from /home/airflow/.local/lib/python3.12/site-packages/airflow/example_dags/tutorial.py
[2024-05-15T10:36:16.891+0000] {logging_mixin.py:188} INFO - [2024-05-15T10:36:16.891+0000] {dag.py:3096} INFO - Sync 1 DAGs
[2024-05-15T10:36:16.910+0000] {logging_mixin.py:188} INFO - [2024-05-15T10:36:16.909+0000] {dag.py:3954} INFO - Setting next_dagrun for tutorial to 2024-05-14 00:00:00+00:00, run_after=2024-05-15 00:00:00+00:00
[2024-05-15T10:36:16.932+0000] {processor.py:183} INFO - Processing /home/airflow/.local/lib/python3.12/site-packages/airflow/example_dags/tutorial.py took 0.073 seconds
[2024-05-15T10:36:47.357+0000] {processor.py:161} INFO - Started process (PID=2786) to work on /home/airflow/.local/lib/python3.12/site-packages/airflow/example_dags/tutorial.py
[2024-05-15T10:36:47.358+0000] {processor.py:830} INFO - Processing file /home/airflow/.local/lib/python3.12/site-packages/airflow/example_dags/tutorial.py for tasks to queue
[2024-05-15T10:36:47.360+0000] {logging_mixin.py:188} INFO - [2024-05-15T10:36:47.359+0000] {dagbag.py:540} INFO - Filling up the DagBag from /home/airflow/.local/lib/python3.12/site-packages/airflow/example_dags/tutorial.py
[2024-05-15T10:36:47.364+0000] {processor.py:840} INFO - DAG(s) 'tutorial' retrieved from /home/airflow/.local/lib/python3.12/site-packages/airflow/example_dags/tutorial.py
[2024-05-15T10:36:47.383+0000] {logging_mixin.py:188} INFO - [2024-05-15T10:36:47.382+0000] {dag.py:3096} INFO - Sync 1 DAGs
[2024-05-15T10:36:47.405+0000] {logging_mixin.py:188} INFO - [2024-05-15T10:36:47.405+0000] {dag.py:3954} INFO - Setting next_dagrun for tutorial to 2024-05-14 00:00:00+00:00, run_after=2024-05-15 00:00:00+00:00
[2024-05-15T10:36:47.422+0000] {processor.py:183} INFO - Processing /home/airflow/.local/lib/python3.12/site-packages/airflow/example_dags/tutorial.py took 0.071 seconds
[2024-05-15T10:37:17.946+0000] {processor.py:161} INFO - Started process (PID=2845) to work on /home/airflow/.local/lib/python3.12/site-packages/airflow/example_dags/tutorial.py
[2024-05-15T10:37:17.947+0000] {processor.py:830} INFO - Processing file /home/airflow/.local/lib/python3.12/site-packages/airflow/example_dags/tutorial.py for tasks to queue
[2024-05-15T10:37:17.953+0000] {logging_mixin.py:188} INFO - [2024-05-15T10:37:17.949+0000] {dagbag.py:540} INFO - Filling up the DagBag from /home/airflow/.local/lib/python3.12/site-packages/airflow/example_dags/tutorial.py
[2024-05-15T10:37:17.982+0000] {processor.py:840} INFO - DAG(s) 'tutorial' retrieved from /home/airflow/.local/lib/python3.12/site-packages/airflow/example_dags/tutorial.py
[2024-05-15T10:37:18.010+0000] {logging_mixin.py:188} INFO - [2024-05-15T10:37:18.010+0000] {dag.py:3096} INFO - Sync 1 DAGs
[2024-05-15T10:37:18.040+0000] {logging_mixin.py:188} INFO - [2024-05-15T10:37:18.040+0000] {dag.py:3954} INFO - Setting next_dagrun for tutorial to 2024-05-14 00:00:00+00:00, run_after=2024-05-15 00:00:00+00:00
[2024-05-15T10:37:18.068+0000] {processor.py:183} INFO - Processing /home/airflow/.local/lib/python3.12/site-packages/airflow/example_dags/tutorial.py took 0.130 seconds
[2024-05-15T10:37:48.582+0000] {processor.py:161} INFO - Started process (PID=2904) to work on /home/airflow/.local/lib/python3.12/site-packages/airflow/example_dags/tutorial.py
[2024-05-15T10:37:48.583+0000] {processor.py:830} INFO - Processing file /home/airflow/.local/lib/python3.12/site-packages/airflow/example_dags/tutorial.py for tasks to queue
[2024-05-15T10:37:48.589+0000] {logging_mixin.py:188} INFO - [2024-05-15T10:37:48.588+0000] {dagbag.py:540} INFO - Filling up the DagBag from /home/airflow/.local/lib/python3.12/site-packages/airflow/example_dags/tutorial.py
[2024-05-15T10:37:48.594+0000] {processor.py:840} INFO - DAG(s) 'tutorial' retrieved from /home/airflow/.local/lib/python3.12/site-packages/airflow/example_dags/tutorial.py
[2024-05-15T10:37:48.618+0000] {logging_mixin.py:188} INFO - [2024-05-15T10:37:48.617+0000] {dag.py:3096} INFO - Sync 1 DAGs
[2024-05-15T10:37:48.644+0000] {logging_mixin.py:188} INFO - [2024-05-15T10:37:48.643+0000] {dag.py:3954} INFO - Setting next_dagrun for tutorial to 2024-05-14 00:00:00+00:00, run_after=2024-05-15 00:00:00+00:00
[2024-05-15T10:37:48.663+0000] {processor.py:183} INFO - Processing /home/airflow/.local/lib/python3.12/site-packages/airflow/example_dags/tutorial.py took 0.087 seconds
[2024-05-15T10:38:19.236+0000] {processor.py:161} INFO - Started process (PID=2963) to work on /home/airflow/.local/lib/python3.12/site-packages/airflow/example_dags/tutorial.py
[2024-05-15T10:38:19.237+0000] {processor.py:830} INFO - Processing file /home/airflow/.local/lib/python3.12/site-packages/airflow/example_dags/tutorial.py for tasks to queue
[2024-05-15T10:38:19.239+0000] {logging_mixin.py:188} INFO - [2024-05-15T10:38:19.239+0000] {dagbag.py:540} INFO - Filling up the DagBag from /home/airflow/.local/lib/python3.12/site-packages/airflow/example_dags/tutorial.py
[2024-05-15T10:38:19.244+0000] {processor.py:840} INFO - DAG(s) 'tutorial' retrieved from /home/airflow/.local/lib/python3.12/site-packages/airflow/example_dags/tutorial.py
[2024-05-15T10:38:19.263+0000] {logging_mixin.py:188} INFO - [2024-05-15T10:38:19.262+0000] {dag.py:3096} INFO - Sync 1 DAGs
[2024-05-15T10:38:19.280+0000] {logging_mixin.py:188} INFO - [2024-05-15T10:38:19.280+0000] {dag.py:3954} INFO - Setting next_dagrun for tutorial to 2024-05-14 00:00:00+00:00, run_after=2024-05-15 00:00:00+00:00
[2024-05-15T10:38:19.297+0000] {processor.py:183} INFO - Processing /home/airflow/.local/lib/python3.12/site-packages/airflow/example_dags/tutorial.py took 0.066 seconds
[2024-05-15T10:38:49.674+0000] {processor.py:161} INFO - Started process (PID=3022) to work on /home/airflow/.local/lib/python3.12/site-packages/airflow/example_dags/tutorial.py
[2024-05-15T10:38:49.675+0000] {processor.py:830} INFO - Processing file /home/airflow/.local/lib/python3.12/site-packages/airflow/example_dags/tutorial.py for tasks to queue
[2024-05-15T10:38:49.676+0000] {logging_mixin.py:188} INFO - [2024-05-15T10:38:49.676+0000] {dagbag.py:540} INFO - Filling up the DagBag from /home/airflow/.local/lib/python3.12/site-packages/airflow/example_dags/tutorial.py
[2024-05-15T10:38:49.681+0000] {processor.py:840} INFO - DAG(s) 'tutorial' retrieved from /home/airflow/.local/lib/python3.12/site-packages/airflow/example_dags/tutorial.py
[2024-05-15T10:38:49.699+0000] {logging_mixin.py:188} INFO - [2024-05-15T10:38:49.698+0000] {dag.py:3096} INFO - Sync 1 DAGs
[2024-05-15T10:38:49.719+0000] {logging_mixin.py:188} INFO - [2024-05-15T10:38:49.719+0000] {dag.py:3954} INFO - Setting next_dagrun for tutorial to 2024-05-14 00:00:00+00:00, run_after=2024-05-15 00:00:00+00:00
[2024-05-15T10:38:49.735+0000] {processor.py:183} INFO - Processing /home/airflow/.local/lib/python3.12/site-packages/airflow/example_dags/tutorial.py took 0.067 seconds
[2024-05-15T10:39:20.064+0000] {processor.py:161} INFO - Started process (PID=3081) to work on /home/airflow/.local/lib/python3.12/site-packages/airflow/example_dags/tutorial.py
[2024-05-15T10:39:20.065+0000] {processor.py:830} INFO - Processing file /home/airflow/.local/lib/python3.12/site-packages/airflow/example_dags/tutorial.py for tasks to queue
[2024-05-15T10:39:20.067+0000] {logging_mixin.py:188} INFO - [2024-05-15T10:39:20.066+0000] {dagbag.py:540} INFO - Filling up the DagBag from /home/airflow/.local/lib/python3.12/site-packages/airflow/example_dags/tutorial.py
[2024-05-15T10:39:20.072+0000] {processor.py:840} INFO - DAG(s) 'tutorial' retrieved from /home/airflow/.local/lib/python3.12/site-packages/airflow/example_dags/tutorial.py
[2024-05-15T10:39:20.096+0000] {logging_mixin.py:188} INFO - [2024-05-15T10:39:20.095+0000] {dag.py:3096} INFO - Sync 1 DAGs
[2024-05-15T10:39:20.121+0000] {logging_mixin.py:188} INFO - [2024-05-15T10:39:20.121+0000] {dag.py:3954} INFO - Setting next_dagrun for tutorial to 2024-05-14 00:00:00+00:00, run_after=2024-05-15 00:00:00+00:00
[2024-05-15T10:39:20.142+0000] {processor.py:183} INFO - Processing /home/airflow/.local/lib/python3.12/site-packages/airflow/example_dags/tutorial.py took 0.084 seconds
[2024-05-15T10:39:50.409+0000] {processor.py:161} INFO - Started process (PID=3140) to work on /home/airflow/.local/lib/python3.12/site-packages/airflow/example_dags/tutorial.py
[2024-05-15T10:39:50.410+0000] {processor.py:830} INFO - Processing file /home/airflow/.local/lib/python3.12/site-packages/airflow/example_dags/tutorial.py for tasks to queue
[2024-05-15T10:39:50.412+0000] {logging_mixin.py:188} INFO - [2024-05-15T10:39:50.411+0000] {dagbag.py:540} INFO - Filling up the DagBag from /home/airflow/.local/lib/python3.12/site-packages/airflow/example_dags/tutorial.py
[2024-05-15T10:39:50.419+0000] {processor.py:840} INFO - DAG(s) 'tutorial' retrieved from /home/airflow/.local/lib/python3.12/site-packages/airflow/example_dags/tutorial.py
[2024-05-15T10:39:50.438+0000] {logging_mixin.py:188} INFO - [2024-05-15T10:39:50.438+0000] {dag.py:3096} INFO - Sync 1 DAGs
[2024-05-15T10:39:50.460+0000] {logging_mixin.py:188} INFO - [2024-05-15T10:39:50.460+0000] {dag.py:3954} INFO - Setting next_dagrun for tutorial to 2024-05-14 00:00:00+00:00, run_after=2024-05-15 00:00:00+00:00
[2024-05-15T10:39:50.478+0000] {processor.py:183} INFO - Processing /home/airflow/.local/lib/python3.12/site-packages/airflow/example_dags/tutorial.py took 0.077 seconds
[2024-05-15T10:40:20.786+0000] {processor.py:161} INFO - Started process (PID=3199) to work on /home/airflow/.local/lib/python3.12/site-packages/airflow/example_dags/tutorial.py
[2024-05-15T10:40:20.787+0000] {processor.py:830} INFO - Processing file /home/airflow/.local/lib/python3.12/site-packages/airflow/example_dags/tutorial.py for tasks to queue
[2024-05-15T10:40:20.789+0000] {logging_mixin.py:188} INFO - [2024-05-15T10:40:20.788+0000] {dagbag.py:540} INFO - Filling up the DagBag from /home/airflow/.local/lib/python3.12/site-packages/airflow/example_dags/tutorial.py
[2024-05-15T10:40:20.794+0000] {processor.py:840} INFO - DAG(s) 'tutorial' retrieved from /home/airflow/.local/lib/python3.12/site-packages/airflow/example_dags/tutorial.py
[2024-05-15T10:40:20.814+0000] {logging_mixin.py:188} INFO - [2024-05-15T10:40:20.814+0000] {dag.py:3096} INFO - Sync 1 DAGs
[2024-05-15T10:40:20.832+0000] {logging_mixin.py:188} INFO - [2024-05-15T10:40:20.832+0000] {dag.py:3954} INFO - Setting next_dagrun for tutorial to 2024-05-14 00:00:00+00:00, run_after=2024-05-15 00:00:00+00:00
[2024-05-15T10:40:20.850+0000] {processor.py:183} INFO - Processing /home/airflow/.local/lib/python3.12/site-packages/airflow/example_dags/tutorial.py took 0.071 seconds
[2024-05-15T10:40:51.127+0000] {processor.py:161} INFO - Started process (PID=3258) to work on /home/airflow/.local/lib/python3.12/site-packages/airflow/example_dags/tutorial.py
[2024-05-15T10:40:51.128+0000] {processor.py:830} INFO - Processing file /home/airflow/.local/lib/python3.12/site-packages/airflow/example_dags/tutorial.py for tasks to queue
[2024-05-15T10:40:51.131+0000] {logging_mixin.py:188} INFO - [2024-05-15T10:40:51.130+0000] {dagbag.py:540} INFO - Filling up the DagBag from /home/airflow/.local/lib/python3.12/site-packages/airflow/example_dags/tutorial.py
[2024-05-15T10:40:51.137+0000] {processor.py:840} INFO - DAG(s) 'tutorial' retrieved from /home/airflow/.local/lib/python3.12/site-packages/airflow/example_dags/tutorial.py
[2024-05-15T10:40:51.159+0000] {logging_mixin.py:188} INFO - [2024-05-15T10:40:51.158+0000] {dag.py:3096} INFO - Sync 1 DAGs
[2024-05-15T10:40:51.181+0000] {logging_mixin.py:188} INFO - [2024-05-15T10:40:51.181+0000] {dag.py:3954} INFO - Setting next_dagrun for tutorial to 2024-05-14 00:00:00+00:00, run_after=2024-05-15 00:00:00+00:00
[2024-05-15T10:40:51.200+0000] {processor.py:183} INFO - Processing /home/airflow/.local/lib/python3.12/site-packages/airflow/example_dags/tutorial.py took 0.077 seconds
[2024-05-15T10:41:21.649+0000] {processor.py:161} INFO - Started process (PID=3317) to work on /home/airflow/.local/lib/python3.12/site-packages/airflow/example_dags/tutorial.py
[2024-05-15T10:41:21.650+0000] {processor.py:830} INFO - Processing file /home/airflow/.local/lib/python3.12/site-packages/airflow/example_dags/tutorial.py for tasks to queue
[2024-05-15T10:41:21.653+0000] {logging_mixin.py:188} INFO - [2024-05-15T10:41:21.653+0000] {dagbag.py:540} INFO - Filling up the DagBag from /home/airflow/.local/lib/python3.12/site-packages/airflow/example_dags/tutorial.py
[2024-05-15T10:41:21.661+0000] {processor.py:840} INFO - DAG(s) 'tutorial' retrieved from /home/airflow/.local/lib/python3.12/site-packages/airflow/example_dags/tutorial.py
[2024-05-15T10:41:21.688+0000] {logging_mixin.py:188} INFO - [2024-05-15T10:41:21.687+0000] {dag.py:3096} INFO - Sync 1 DAGs
[2024-05-15T10:41:21.714+0000] {logging_mixin.py:188} INFO - [2024-05-15T10:41:21.713+0000] {dag.py:3954} INFO - Setting next_dagrun for tutorial to 2024-05-14 00:00:00+00:00, run_after=2024-05-15 00:00:00+00:00
[2024-05-15T10:41:21.732+0000] {processor.py:183} INFO - Processing /home/airflow/.local/lib/python3.12/site-packages/airflow/example_dags/tutorial.py took 0.093 seconds
[2024-05-15T10:41:52.198+0000] {processor.py:161} INFO - Started process (PID=3376) to work on /home/airflow/.local/lib/python3.12/site-packages/airflow/example_dags/tutorial.py
[2024-05-15T10:41:52.199+0000] {processor.py:830} INFO - Processing file /home/airflow/.local/lib/python3.12/site-packages/airflow/example_dags/tutorial.py for tasks to queue
[2024-05-15T10:41:52.201+0000] {logging_mixin.py:188} INFO - [2024-05-15T10:41:52.201+0000] {dagbag.py:540} INFO - Filling up the DagBag from /home/airflow/.local/lib/python3.12/site-packages/airflow/example_dags/tutorial.py
[2024-05-15T10:41:52.207+0000] {processor.py:840} INFO - DAG(s) 'tutorial' retrieved from /home/airflow/.local/lib/python3.12/site-packages/airflow/example_dags/tutorial.py
[2024-05-15T10:41:52.227+0000] {logging_mixin.py:188} INFO - [2024-05-15T10:41:52.226+0000] {dag.py:3096} INFO - Sync 1 DAGs
[2024-05-15T10:41:52.248+0000] {logging_mixin.py:188} INFO - [2024-05-15T10:41:52.248+0000] {dag.py:3954} INFO - Setting next_dagrun for tutorial to 2024-05-14 00:00:00+00:00, run_after=2024-05-15 00:00:00+00:00
[2024-05-15T10:41:52.264+0000] {processor.py:183} INFO - Processing /home/airflow/.local/lib/python3.12/site-packages/airflow/example_dags/tutorial.py took 0.070 seconds
[2024-05-15T10:42:22.587+0000] {processor.py:161} INFO - Started process (PID=3435) to work on /home/airflow/.local/lib/python3.12/site-packages/airflow/example_dags/tutorial.py
[2024-05-15T10:42:22.589+0000] {processor.py:830} INFO - Processing file /home/airflow/.local/lib/python3.12/site-packages/airflow/example_dags/tutorial.py for tasks to queue
[2024-05-15T10:42:22.591+0000] {logging_mixin.py:188} INFO - [2024-05-15T10:42:22.590+0000] {dagbag.py:540} INFO - Filling up the DagBag from /home/airflow/.local/lib/python3.12/site-packages/airflow/example_dags/tutorial.py
[2024-05-15T10:42:22.598+0000] {processor.py:840} INFO - DAG(s) 'tutorial' retrieved from /home/airflow/.local/lib/python3.12/site-packages/airflow/example_dags/tutorial.py
[2024-05-15T10:42:22.619+0000] {logging_mixin.py:188} INFO - [2024-05-15T10:42:22.619+0000] {dag.py:3096} INFO - Sync 1 DAGs
[2024-05-15T10:42:22.643+0000] {logging_mixin.py:188} INFO - [2024-05-15T10:42:22.643+0000] {dag.py:3954} INFO - Setting next_dagrun for tutorial to 2024-05-14 00:00:00+00:00, run_after=2024-05-15 00:00:00+00:00
[2024-05-15T10:42:22.667+0000] {processor.py:183} INFO - Processing /home/airflow/.local/lib/python3.12/site-packages/airflow/example_dags/tutorial.py took 0.086 seconds
[2024-05-15T10:42:53.100+0000] {processor.py:161} INFO - Started process (PID=3495) to work on /home/airflow/.local/lib/python3.12/site-packages/airflow/example_dags/tutorial.py
[2024-05-15T10:42:53.101+0000] {processor.py:830} INFO - Processing file /home/airflow/.local/lib/python3.12/site-packages/airflow/example_dags/tutorial.py for tasks to queue
[2024-05-15T10:42:53.103+0000] {logging_mixin.py:188} INFO - [2024-05-15T10:42:53.103+0000] {dagbag.py:540} INFO - Filling up the DagBag from /home/airflow/.local/lib/python3.12/site-packages/airflow/example_dags/tutorial.py
[2024-05-15T10:42:53.108+0000] {processor.py:840} INFO - DAG(s) 'tutorial' retrieved from /home/airflow/.local/lib/python3.12/site-packages/airflow/example_dags/tutorial.py
[2024-05-15T10:42:53.128+0000] {logging_mixin.py:188} INFO - [2024-05-15T10:42:53.128+0000] {dag.py:3096} INFO - Sync 1 DAGs
[2024-05-15T10:42:53.150+0000] {logging_mixin.py:188} INFO - [2024-05-15T10:42:53.149+0000] {dag.py:3954} INFO - Setting next_dagrun for tutorial to 2024-05-14 00:00:00+00:00, run_after=2024-05-15 00:00:00+00:00
[2024-05-15T10:42:53.167+0000] {processor.py:183} INFO - Processing /home/airflow/.local/lib/python3.12/site-packages/airflow/example_dags/tutorial.py took 0.072 seconds
[2024-05-15T10:43:23.553+0000] {processor.py:161} INFO - Started process (PID=3554) to work on /home/airflow/.local/lib/python3.12/site-packages/airflow/example_dags/tutorial.py
[2024-05-15T10:43:23.554+0000] {processor.py:830} INFO - Processing file /home/airflow/.local/lib/python3.12/site-packages/airflow/example_dags/tutorial.py for tasks to queue
[2024-05-15T10:43:23.556+0000] {logging_mixin.py:188} INFO - [2024-05-15T10:43:23.555+0000] {dagbag.py:540} INFO - Filling up the DagBag from /home/airflow/.local/lib/python3.12/site-packages/airflow/example_dags/tutorial.py
[2024-05-15T10:43:23.562+0000] {processor.py:840} INFO - DAG(s) 'tutorial' retrieved from /home/airflow/.local/lib/python3.12/site-packages/airflow/example_dags/tutorial.py
[2024-05-15T10:43:23.581+0000] {logging_mixin.py:188} INFO - [2024-05-15T10:43:23.581+0000] {dag.py:3096} INFO - Sync 1 DAGs
[2024-05-15T10:43:23.599+0000] {logging_mixin.py:188} INFO - [2024-05-15T10:43:23.599+0000] {dag.py:3954} INFO - Setting next_dagrun for tutorial to 2024-05-14 00:00:00+00:00, run_after=2024-05-15 00:00:00+00:00
[2024-05-15T10:43:23.615+0000] {processor.py:183} INFO - Processing /home/airflow/.local/lib/python3.12/site-packages/airflow/example_dags/tutorial.py took 0.068 seconds
[2024-05-15T10:43:54.094+0000] {processor.py:161} INFO - Started process (PID=3613) to work on /home/airflow/.local/lib/python3.12/site-packages/airflow/example_dags/tutorial.py
[2024-05-15T10:43:54.096+0000] {processor.py:830} INFO - Processing file /home/airflow/.local/lib/python3.12/site-packages/airflow/example_dags/tutorial.py for tasks to queue
[2024-05-15T10:43:54.097+0000] {logging_mixin.py:188} INFO - [2024-05-15T10:43:54.097+0000] {dagbag.py:540} INFO - Filling up the DagBag from /home/airflow/.local/lib/python3.12/site-packages/airflow/example_dags/tutorial.py
[2024-05-15T10:43:54.102+0000] {processor.py:840} INFO - DAG(s) 'tutorial' retrieved from /home/airflow/.local/lib/python3.12/site-packages/airflow/example_dags/tutorial.py
[2024-05-15T10:43:54.121+0000] {logging_mixin.py:188} INFO - [2024-05-15T10:43:54.120+0000] {dag.py:3096} INFO - Sync 1 DAGs
[2024-05-15T10:43:54.140+0000] {logging_mixin.py:188} INFO - [2024-05-15T10:43:54.140+0000] {dag.py:3954} INFO - Setting next_dagrun for tutorial to 2024-05-14 00:00:00+00:00, run_after=2024-05-15 00:00:00+00:00
[2024-05-15T10:43:54.156+0000] {processor.py:183} INFO - Processing /home/airflow/.local/lib/python3.12/site-packages/airflow/example_dags/tutorial.py took 0.067 seconds
[2024-05-15T10:44:24.644+0000] {processor.py:161} INFO - Started process (PID=3672) to work on /home/airflow/.local/lib/python3.12/site-packages/airflow/example_dags/tutorial.py
[2024-05-15T10:44:24.645+0000] {processor.py:830} INFO - Processing file /home/airflow/.local/lib/python3.12/site-packages/airflow/example_dags/tutorial.py for tasks to queue
[2024-05-15T10:44:24.647+0000] {logging_mixin.py:188} INFO - [2024-05-15T10:44:24.646+0000] {dagbag.py:540} INFO - Filling up the DagBag from /home/airflow/.local/lib/python3.12/site-packages/airflow/example_dags/tutorial.py
[2024-05-15T10:44:24.652+0000] {processor.py:840} INFO - DAG(s) 'tutorial' retrieved from /home/airflow/.local/lib/python3.12/site-packages/airflow/example_dags/tutorial.py
[2024-05-15T10:44:24.671+0000] {logging_mixin.py:188} INFO - [2024-05-15T10:44:24.670+0000] {dag.py:3096} INFO - Sync 1 DAGs
[2024-05-15T10:44:24.691+0000] {logging_mixin.py:188} INFO - [2024-05-15T10:44:24.690+0000] {dag.py:3954} INFO - Setting next_dagrun for tutorial to 2024-05-14 00:00:00+00:00, run_after=2024-05-15 00:00:00+00:00
[2024-05-15T10:44:24.712+0000] {processor.py:183} INFO - Processing /home/airflow/.local/lib/python3.12/site-packages/airflow/example_dags/tutorial.py took 0.073 seconds
[2024-05-15T10:44:55.236+0000] {processor.py:161} INFO - Started process (PID=3731) to work on /home/airflow/.local/lib/python3.12/site-packages/airflow/example_dags/tutorial.py
[2024-05-15T10:44:55.237+0000] {processor.py:830} INFO - Processing file /home/airflow/.local/lib/python3.12/site-packages/airflow/example_dags/tutorial.py for tasks to queue
[2024-05-15T10:44:55.238+0000] {logging_mixin.py:188} INFO - [2024-05-15T10:44:55.238+0000] {dagbag.py:540} INFO - Filling up the DagBag from /home/airflow/.local/lib/python3.12/site-packages/airflow/example_dags/tutorial.py
[2024-05-15T10:44:55.243+0000] {processor.py:840} INFO - DAG(s) 'tutorial' retrieved from /home/airflow/.local/lib/python3.12/site-packages/airflow/example_dags/tutorial.py
[2024-05-15T10:44:55.265+0000] {logging_mixin.py:188} INFO - [2024-05-15T10:44:55.265+0000] {dag.py:3096} INFO - Sync 1 DAGs
[2024-05-15T10:44:55.289+0000] {logging_mixin.py:188} INFO - [2024-05-15T10:44:55.289+0000] {dag.py:3954} INFO - Setting next_dagrun for tutorial to 2024-05-14 00:00:00+00:00, run_after=2024-05-15 00:00:00+00:00
[2024-05-15T10:44:55.306+0000] {processor.py:183} INFO - Processing /home/airflow/.local/lib/python3.12/site-packages/airflow/example_dags/tutorial.py took 0.076 seconds
[2024-05-15T10:45:25.731+0000] {processor.py:161} INFO - Started process (PID=3790) to work on /home/airflow/.local/lib/python3.12/site-packages/airflow/example_dags/tutorial.py
[2024-05-15T10:45:25.733+0000] {processor.py:830} INFO - Processing file /home/airflow/.local/lib/python3.12/site-packages/airflow/example_dags/tutorial.py for tasks to queue
[2024-05-15T10:45:25.734+0000] {logging_mixin.py:188} INFO - [2024-05-15T10:45:25.734+0000] {dagbag.py:540} INFO - Filling up the DagBag from /home/airflow/.local/lib/python3.12/site-packages/airflow/example_dags/tutorial.py
[2024-05-15T10:45:25.741+0000] {processor.py:840} INFO - DAG(s) 'tutorial' retrieved from /home/airflow/.local/lib/python3.12/site-packages/airflow/example_dags/tutorial.py
[2024-05-15T10:45:25.765+0000] {logging_mixin.py:188} INFO - [2024-05-15T10:45:25.765+0000] {dag.py:3096} INFO - Sync 1 DAGs
[2024-05-15T10:45:25.785+0000] {logging_mixin.py:188} INFO - [2024-05-15T10:45:25.785+0000] {dag.py:3954} INFO - Setting next_dagrun for tutorial to 2024-05-14 00:00:00+00:00, run_after=2024-05-15 00:00:00+00:00
[2024-05-15T10:45:25.802+0000] {processor.py:183} INFO - Processing /home/airflow/.local/lib/python3.12/site-packages/airflow/example_dags/tutorial.py took 0.079 seconds
[2024-05-15T10:45:56.233+0000] {processor.py:161} INFO - Started process (PID=3849) to work on /home/airflow/.local/lib/python3.12/site-packages/airflow/example_dags/tutorial.py
[2024-05-15T10:45:56.234+0000] {processor.py:830} INFO - Processing file /home/airflow/.local/lib/python3.12/site-packages/airflow/example_dags/tutorial.py for tasks to queue
[2024-05-15T10:45:56.235+0000] {logging_mixin.py:188} INFO - [2024-05-15T10:45:56.235+0000] {dagbag.py:540} INFO - Filling up the DagBag from /home/airflow/.local/lib/python3.12/site-packages/airflow/example_dags/tutorial.py
[2024-05-15T10:45:56.240+0000] {processor.py:840} INFO - DAG(s) 'tutorial' retrieved from /home/airflow/.local/lib/python3.12/site-packages/airflow/example_dags/tutorial.py
[2024-05-15T10:45:56.260+0000] {logging_mixin.py:188} INFO - [2024-05-15T10:45:56.260+0000] {dag.py:3096} INFO - Sync 1 DAGs
[2024-05-15T10:45:56.278+0000] {logging_mixin.py:188} INFO - [2024-05-15T10:45:56.278+0000] {dag.py:3954} INFO - Setting next_dagrun for tutorial to 2024-05-14 00:00:00+00:00, run_after=2024-05-15 00:00:00+00:00
[2024-05-15T10:45:56.295+0000] {processor.py:183} INFO - Processing /home/airflow/.local/lib/python3.12/site-packages/airflow/example_dags/tutorial.py took 0.068 seconds
[2024-05-15T10:46:26.802+0000] {processor.py:161} INFO - Started process (PID=3908) to work on /home/airflow/.local/lib/python3.12/site-packages/airflow/example_dags/tutorial.py
[2024-05-15T10:46:26.804+0000] {processor.py:830} INFO - Processing file /home/airflow/.local/lib/python3.12/site-packages/airflow/example_dags/tutorial.py for tasks to queue
[2024-05-15T10:46:26.805+0000] {logging_mixin.py:188} INFO - [2024-05-15T10:46:26.805+0000] {dagbag.py:540} INFO - Filling up the DagBag from /home/airflow/.local/lib/python3.12/site-packages/airflow/example_dags/tutorial.py
[2024-05-15T10:46:26.811+0000] {processor.py:840} INFO - DAG(s) 'tutorial' retrieved from /home/airflow/.local/lib/python3.12/site-packages/airflow/example_dags/tutorial.py
[2024-05-15T10:46:26.830+0000] {logging_mixin.py:188} INFO - [2024-05-15T10:46:26.830+0000] {dag.py:3096} INFO - Sync 1 DAGs
[2024-05-15T10:46:26.849+0000] {logging_mixin.py:188} INFO - [2024-05-15T10:46:26.849+0000] {dag.py:3954} INFO - Setting next_dagrun for tutorial to 2024-05-14 00:00:00+00:00, run_after=2024-05-15 00:00:00+00:00
[2024-05-15T10:46:26.865+0000] {processor.py:183} INFO - Processing /home/airflow/.local/lib/python3.12/site-packages/airflow/example_dags/tutorial.py took 0.068 seconds
[2024-05-15T10:46:57.112+0000] {processor.py:161} INFO - Started process (PID=3967) to work on /home/airflow/.local/lib/python3.12/site-packages/airflow/example_dags/tutorial.py
[2024-05-15T10:46:57.114+0000] {processor.py:830} INFO - Processing file /home/airflow/.local/lib/python3.12/site-packages/airflow/example_dags/tutorial.py for tasks to queue
[2024-05-15T10:46:57.115+0000] {logging_mixin.py:188} INFO - [2024-05-15T10:46:57.115+0000] {dagbag.py:540} INFO - Filling up the DagBag from /home/airflow/.local/lib/python3.12/site-packages/airflow/example_dags/tutorial.py
[2024-05-15T10:46:57.122+0000] {processor.py:840} INFO - DAG(s) 'tutorial' retrieved from /home/airflow/.local/lib/python3.12/site-packages/airflow/example_dags/tutorial.py
[2024-05-15T10:46:57.147+0000] {logging_mixin.py:188} INFO - [2024-05-15T10:46:57.147+0000] {dag.py:3096} INFO - Sync 1 DAGs
[2024-05-15T10:46:57.177+0000] {logging_mixin.py:188} INFO - [2024-05-15T10:46:57.177+0000] {dag.py:3954} INFO - Setting next_dagrun for tutorial to 2024-05-14 00:00:00+00:00, run_after=2024-05-15 00:00:00+00:00
[2024-05-15T10:46:57.200+0000] {processor.py:183} INFO - Processing /home/airflow/.local/lib/python3.12/site-packages/airflow/example_dags/tutorial.py took 0.095 seconds
[2024-05-15T10:47:27.433+0000] {processor.py:161} INFO - Started process (PID=4026) to work on /home/airflow/.local/lib/python3.12/site-packages/airflow/example_dags/tutorial.py
[2024-05-15T10:47:27.434+0000] {processor.py:830} INFO - Processing file /home/airflow/.local/lib/python3.12/site-packages/airflow/example_dags/tutorial.py for tasks to queue
[2024-05-15T10:47:27.435+0000] {logging_mixin.py:188} INFO - [2024-05-15T10:47:27.435+0000] {dagbag.py:540} INFO - Filling up the DagBag from /home/airflow/.local/lib/python3.12/site-packages/airflow/example_dags/tutorial.py
[2024-05-15T10:47:27.440+0000] {processor.py:840} INFO - DAG(s) 'tutorial' retrieved from /home/airflow/.local/lib/python3.12/site-packages/airflow/example_dags/tutorial.py
[2024-05-15T10:47:27.457+0000] {logging_mixin.py:188} INFO - [2024-05-15T10:47:27.457+0000] {dag.py:3096} INFO - Sync 1 DAGs
[2024-05-15T10:47:27.478+0000] {logging_mixin.py:188} INFO - [2024-05-15T10:47:27.477+0000] {dag.py:3954} INFO - Setting next_dagrun for tutorial to 2024-05-14 00:00:00+00:00, run_after=2024-05-15 00:00:00+00:00
[2024-05-15T10:47:27.496+0000] {processor.py:183} INFO - Processing /home/airflow/.local/lib/python3.12/site-packages/airflow/example_dags/tutorial.py took 0.070 seconds
[2024-05-15T10:47:57.926+0000] {processor.py:161} INFO - Started process (PID=4085) to work on /home/airflow/.local/lib/python3.12/site-packages/airflow/example_dags/tutorial.py
[2024-05-15T10:47:57.927+0000] {processor.py:830} INFO - Processing file /home/airflow/.local/lib/python3.12/site-packages/airflow/example_dags/tutorial.py for tasks to queue
[2024-05-15T10:47:57.929+0000] {logging_mixin.py:188} INFO - [2024-05-15T10:47:57.928+0000] {dagbag.py:540} INFO - Filling up the DagBag from /home/airflow/.local/lib/python3.12/site-packages/airflow/example_dags/tutorial.py
[2024-05-15T10:47:57.933+0000] {processor.py:840} INFO - DAG(s) 'tutorial' retrieved from /home/airflow/.local/lib/python3.12/site-packages/airflow/example_dags/tutorial.py
[2024-05-15T10:47:57.954+0000] {logging_mixin.py:188} INFO - [2024-05-15T10:47:57.954+0000] {dag.py:3096} INFO - Sync 1 DAGs
[2024-05-15T10:47:57.976+0000] {logging_mixin.py:188} INFO - [2024-05-15T10:47:57.976+0000] {dag.py:3954} INFO - Setting next_dagrun for tutorial to 2024-05-14 00:00:00+00:00, run_after=2024-05-15 00:00:00+00:00
[2024-05-15T10:47:57.999+0000] {processor.py:183} INFO - Processing /home/airflow/.local/lib/python3.12/site-packages/airflow/example_dags/tutorial.py took 0.078 seconds
