[2024-04-16T07:49:08.348+0000] {local_task_job_runner.py:120} INFO - ::group::Pre task execution logs
[2024-04-16T07:49:08.387+0000] {taskinstance.py:2073} INFO - Dependencies all met for dep_context=non-requeueable deps ti=<TaskInstance: trigger_airbyte_job_example.airbyte_trigger_sync3 manual__2024-04-16T07:49:04.006077+00:00 [queued]>
[2024-04-16T07:49:08.404+0000] {taskinstance.py:2073} INFO - Dependencies all met for dep_context=requeueable deps ti=<TaskInstance: trigger_airbyte_job_example.airbyte_trigger_sync3 manual__2024-04-16T07:49:04.006077+00:00 [queued]>
[2024-04-16T07:49:08.404+0000] {taskinstance.py:2303} INFO - Starting attempt 1 of 1
[2024-04-16T07:49:08.434+0000] {taskinstance.py:2327} INFO - Executing <Task(AirbyteTriggerSyncOperator): airbyte_trigger_sync3> on 2024-04-16 07:49:04.006077+00:00
[2024-04-16T07:49:08.446+0000] {warnings.py:110} WARNING - /home/***/.local/lib/python3.12/site-packages/***/task/task_runner/standard_task_runner.py:61: DeprecationWarning: This process (pid=645) is multi-threaded, use of fork() may lead to deadlocks in the child.
  pid = os.fork()

[2024-04-16T07:49:08.450+0000] {standard_task_runner.py:63} INFO - Started process 649 to run task
[2024-04-16T07:49:08.451+0000] {standard_task_runner.py:90} INFO - Running: ['***', 'tasks', 'run', 'trigger_airbyte_job_example', 'airbyte_trigger_sync3', 'manual__2024-04-16T07:49:04.006077+00:00', '--job-id', '48', '--raw', '--subdir', 'DAGS_FOLDER/dag_aribyte_ex.py', '--cfg-path', '/tmp/tmpeiyo4538']
[2024-04-16T07:49:08.456+0000] {standard_task_runner.py:91} INFO - Job 48: Subtask airbyte_trigger_sync3
[2024-04-16T07:49:08.554+0000] {task_command.py:426} INFO - Running <TaskInstance: trigger_airbyte_job_example.airbyte_trigger_sync3 manual__2024-04-16T07:49:04.006077+00:00 [running]> on host ff62e46d2b31
[2024-04-16T07:49:08.757+0000] {taskinstance.py:2644} INFO - Exporting env vars: AIRFLOW_CTX_DAG_OWNER='***' AIRFLOW_CTX_DAG_ID='trigger_airbyte_job_example' AIRFLOW_CTX_TASK_ID='airbyte_trigger_sync3' AIRFLOW_CTX_EXECUTION_DATE='2024-04-16T07:49:04.006077+00:00' AIRFLOW_CTX_TRY_NUMBER='1' AIRFLOW_CTX_DAG_RUN_ID='manual__2024-04-16T07:49:04.006077+00:00'
[2024-04-16T07:49:08.760+0000] {taskinstance.py:430} INFO - ::endgroup::
[2024-04-16T07:49:08.775+0000] {base.py:84} INFO - Using connection ID '***_call_airbyte' for task execution.
[2024-04-16T07:49:10.215+0000] {airbyte.py:86} INFO - Job 169 was submitted to Airbyte Server
[2024-04-16T07:49:10.217+0000] {taskinstance.py:441} INFO - ::group::Post task execution logs
[2024-04-16T07:49:10.339+0000] {taskinstance.py:1205} INFO - Marking task as SUCCESS. dag_id=trigger_airbyte_job_example, task_id=airbyte_trigger_sync3, execution_date=20240416T074904, start_date=20240416T074908, end_date=20240416T074910
[2024-04-16T07:49:10.455+0000] {local_task_job_runner.py:240} INFO - Task exited with return code 0
[2024-04-16T07:49:10.620+0000] {taskinstance.py:3482} INFO - 0 downstream tasks scheduled from follow-on schedule check
[2024-04-16T07:49:10.625+0000] {local_task_job_runner.py:222} INFO - ::endgroup::
