[2024-04-15T07:57:26.755+0000] {processor.py:161} INFO - Started process (PID=40) to work on /opt/airflow/dags/dag_google_shet_ex.py
[2024-04-15T07:57:26.757+0000] {processor.py:830} INFO - Processing file /opt/airflow/dags/dag_google_shet_ex.py for tasks to queue
[2024-04-15T07:57:26.865+0000] {logging_mixin.py:188} INFO - [2024-04-15T07:57:26.763+0000] {dagbag.py:540} INFO - Filling up the DagBag from /opt/airflow/dags/dag_google_shet_ex.py
[2024-04-15T07:57:26.884+0000] {processor.py:842} WARNING - No viable dags retrieved from /opt/airflow/dags/dag_google_shet_ex.py
[2024-04-15T07:57:27.110+0000] {processor.py:183} INFO - Processing /opt/airflow/dags/dag_google_shet_ex.py took 0.527 seconds
[2024-04-15T07:58:37.503+0000] {processor.py:161} INFO - Started process (PID=116) to work on /opt/airflow/dags/dag_google_shet_ex.py
[2024-04-15T07:58:37.538+0000] {processor.py:830} INFO - Processing file /opt/airflow/dags/dag_google_shet_ex.py for tasks to queue
[2024-04-15T07:58:37.547+0000] {logging_mixin.py:188} INFO - [2024-04-15T07:58:37.542+0000] {dagbag.py:540} INFO - Filling up the DagBag from /opt/airflow/dags/dag_google_shet_ex.py
[2024-04-15T07:58:37.562+0000] {processor.py:842} WARNING - No viable dags retrieved from /opt/airflow/dags/dag_google_shet_ex.py
[2024-04-15T07:58:37.658+0000] {processor.py:183} INFO - Processing /opt/airflow/dags/dag_google_shet_ex.py took 0.223 seconds
[2024-04-15T07:59:08.500+0000] {processor.py:161} INFO - Started process (PID=174) to work on /opt/airflow/dags/dag_google_shet_ex.py
[2024-04-15T07:59:08.501+0000] {processor.py:830} INFO - Processing file /opt/airflow/dags/dag_google_shet_ex.py for tasks to queue
[2024-04-15T07:59:08.502+0000] {logging_mixin.py:188} INFO - [2024-04-15T07:59:08.502+0000] {dagbag.py:540} INFO - Filling up the DagBag from /opt/airflow/dags/dag_google_shet_ex.py
[2024-04-15T07:59:08.504+0000] {processor.py:842} WARNING - No viable dags retrieved from /opt/airflow/dags/dag_google_shet_ex.py
[2024-04-15T07:59:08.515+0000] {processor.py:183} INFO - Processing /opt/airflow/dags/dag_google_shet_ex.py took 0.021 seconds
[2024-04-15T07:59:39.401+0000] {processor.py:161} INFO - Started process (PID=234) to work on /opt/airflow/dags/dag_google_shet_ex.py
[2024-04-15T07:59:39.402+0000] {processor.py:830} INFO - Processing file /opt/airflow/dags/dag_google_shet_ex.py for tasks to queue
[2024-04-15T07:59:39.404+0000] {logging_mixin.py:188} INFO - [2024-04-15T07:59:39.403+0000] {dagbag.py:540} INFO - Filling up the DagBag from /opt/airflow/dags/dag_google_shet_ex.py
[2024-04-15T07:59:39.405+0000] {processor.py:842} WARNING - No viable dags retrieved from /opt/airflow/dags/dag_google_shet_ex.py
[2024-04-15T07:59:39.419+0000] {processor.py:183} INFO - Processing /opt/airflow/dags/dag_google_shet_ex.py took 0.024 seconds
[2024-04-15T08:00:09.917+0000] {processor.py:161} INFO - Started process (PID=294) to work on /opt/airflow/dags/dag_google_shet_ex.py
[2024-04-15T08:00:09.918+0000] {processor.py:830} INFO - Processing file /opt/airflow/dags/dag_google_shet_ex.py for tasks to queue
[2024-04-15T08:00:09.920+0000] {logging_mixin.py:188} INFO - [2024-04-15T08:00:09.919+0000] {dagbag.py:540} INFO - Filling up the DagBag from /opt/airflow/dags/dag_google_shet_ex.py
[2024-04-15T08:00:09.922+0000] {processor.py:842} WARNING - No viable dags retrieved from /opt/airflow/dags/dag_google_shet_ex.py
[2024-04-15T08:00:09.936+0000] {processor.py:183} INFO - Processing /opt/airflow/dags/dag_google_shet_ex.py took 0.026 seconds
[2024-04-15T08:00:40.406+0000] {processor.py:161} INFO - Started process (PID=360) to work on /opt/airflow/dags/dag_google_shet_ex.py
[2024-04-15T08:00:40.407+0000] {processor.py:830} INFO - Processing file /opt/airflow/dags/dag_google_shet_ex.py for tasks to queue
[2024-04-15T08:00:40.409+0000] {logging_mixin.py:188} INFO - [2024-04-15T08:00:40.408+0000] {dagbag.py:540} INFO - Filling up the DagBag from /opt/airflow/dags/dag_google_shet_ex.py
[2024-04-15T08:00:40.410+0000] {processor.py:842} WARNING - No viable dags retrieved from /opt/airflow/dags/dag_google_shet_ex.py
[2024-04-15T08:00:40.423+0000] {processor.py:183} INFO - Processing /opt/airflow/dags/dag_google_shet_ex.py took 0.022 seconds
[2024-04-15T08:01:10.808+0000] {processor.py:161} INFO - Started process (PID=420) to work on /opt/airflow/dags/dag_google_shet_ex.py
[2024-04-15T08:01:10.810+0000] {processor.py:830} INFO - Processing file /opt/airflow/dags/dag_google_shet_ex.py for tasks to queue
[2024-04-15T08:01:10.811+0000] {logging_mixin.py:188} INFO - [2024-04-15T08:01:10.811+0000] {dagbag.py:540} INFO - Filling up the DagBag from /opt/airflow/dags/dag_google_shet_ex.py
[2024-04-15T08:01:10.813+0000] {processor.py:842} WARNING - No viable dags retrieved from /opt/airflow/dags/dag_google_shet_ex.py
[2024-04-15T08:01:10.827+0000] {processor.py:183} INFO - Processing /opt/airflow/dags/dag_google_shet_ex.py took 0.024 seconds
[2024-04-15T08:01:41.388+0000] {processor.py:161} INFO - Started process (PID=480) to work on /opt/airflow/dags/dag_google_shet_ex.py
[2024-04-15T08:01:41.397+0000] {processor.py:830} INFO - Processing file /opt/airflow/dags/dag_google_shet_ex.py for tasks to queue
[2024-04-15T08:01:41.399+0000] {logging_mixin.py:188} INFO - [2024-04-15T08:01:41.399+0000] {dagbag.py:540} INFO - Filling up the DagBag from /opt/airflow/dags/dag_google_shet_ex.py
[2024-04-15T08:01:41.401+0000] {processor.py:842} WARNING - No viable dags retrieved from /opt/airflow/dags/dag_google_shet_ex.py
[2024-04-15T08:01:41.417+0000] {processor.py:183} INFO - Processing /opt/airflow/dags/dag_google_shet_ex.py took 0.036 seconds
[2024-04-15T08:02:11.807+0000] {processor.py:161} INFO - Started process (PID=540) to work on /opt/airflow/dags/dag_google_shet_ex.py
[2024-04-15T08:02:11.809+0000] {processor.py:830} INFO - Processing file /opt/airflow/dags/dag_google_shet_ex.py for tasks to queue
[2024-04-15T08:02:11.811+0000] {logging_mixin.py:188} INFO - [2024-04-15T08:02:11.811+0000] {dagbag.py:540} INFO - Filling up the DagBag from /opt/airflow/dags/dag_google_shet_ex.py
[2024-04-15T08:02:11.812+0000] {processor.py:842} WARNING - No viable dags retrieved from /opt/airflow/dags/dag_google_shet_ex.py
[2024-04-15T08:02:11.826+0000] {processor.py:183} INFO - Processing /opt/airflow/dags/dag_google_shet_ex.py took 0.024 seconds
[2024-04-15T08:02:42.241+0000] {processor.py:161} INFO - Started process (PID=599) to work on /opt/airflow/dags/dag_google_shet_ex.py
[2024-04-15T08:02:42.242+0000] {processor.py:830} INFO - Processing file /opt/airflow/dags/dag_google_shet_ex.py for tasks to queue
[2024-04-15T08:02:42.245+0000] {logging_mixin.py:188} INFO - [2024-04-15T08:02:42.245+0000] {dagbag.py:540} INFO - Filling up the DagBag from /opt/airflow/dags/dag_google_shet_ex.py
[2024-04-15T08:02:42.247+0000] {processor.py:842} WARNING - No viable dags retrieved from /opt/airflow/dags/dag_google_shet_ex.py
[2024-04-15T08:02:42.261+0000] {processor.py:183} INFO - Processing /opt/airflow/dags/dag_google_shet_ex.py took 0.028 seconds
[2024-04-15T08:03:12.535+0000] {processor.py:161} INFO - Started process (PID=659) to work on /opt/airflow/dags/dag_google_shet_ex.py
[2024-04-15T08:03:12.539+0000] {processor.py:830} INFO - Processing file /opt/airflow/dags/dag_google_shet_ex.py for tasks to queue
[2024-04-15T08:03:12.542+0000] {logging_mixin.py:188} INFO - [2024-04-15T08:03:12.541+0000] {dagbag.py:540} INFO - Filling up the DagBag from /opt/airflow/dags/dag_google_shet_ex.py
[2024-04-15T08:03:12.544+0000] {processor.py:842} WARNING - No viable dags retrieved from /opt/airflow/dags/dag_google_shet_ex.py
[2024-04-15T08:03:12.559+0000] {processor.py:183} INFO - Processing /opt/airflow/dags/dag_google_shet_ex.py took 0.030 seconds
[2024-04-15T08:03:43.017+0000] {processor.py:161} INFO - Started process (PID=719) to work on /opt/airflow/dags/dag_google_shet_ex.py
[2024-04-15T08:03:43.018+0000] {processor.py:830} INFO - Processing file /opt/airflow/dags/dag_google_shet_ex.py for tasks to queue
[2024-04-15T08:03:43.020+0000] {logging_mixin.py:188} INFO - [2024-04-15T08:03:43.019+0000] {dagbag.py:540} INFO - Filling up the DagBag from /opt/airflow/dags/dag_google_shet_ex.py
[2024-04-15T08:03:43.021+0000] {processor.py:842} WARNING - No viable dags retrieved from /opt/airflow/dags/dag_google_shet_ex.py
[2024-04-15T08:03:43.036+0000] {processor.py:183} INFO - Processing /opt/airflow/dags/dag_google_shet_ex.py took 0.025 seconds
[2024-04-15T08:04:13.621+0000] {processor.py:161} INFO - Started process (PID=779) to work on /opt/airflow/dags/dag_google_shet_ex.py
[2024-04-15T08:04:13.629+0000] {processor.py:830} INFO - Processing file /opt/airflow/dags/dag_google_shet_ex.py for tasks to queue
[2024-04-15T08:04:13.631+0000] {logging_mixin.py:188} INFO - [2024-04-15T08:04:13.630+0000] {dagbag.py:540} INFO - Filling up the DagBag from /opt/airflow/dags/dag_google_shet_ex.py
[2024-04-15T08:04:13.633+0000] {processor.py:842} WARNING - No viable dags retrieved from /opt/airflow/dags/dag_google_shet_ex.py
[2024-04-15T08:04:13.648+0000] {processor.py:183} INFO - Processing /opt/airflow/dags/dag_google_shet_ex.py took 0.032 seconds
[2024-04-15T08:04:44.565+0000] {processor.py:161} INFO - Started process (PID=839) to work on /opt/airflow/dags/dag_google_shet_ex.py
[2024-04-15T08:04:44.566+0000] {processor.py:830} INFO - Processing file /opt/airflow/dags/dag_google_shet_ex.py for tasks to queue
[2024-04-15T08:04:44.568+0000] {logging_mixin.py:188} INFO - [2024-04-15T08:04:44.567+0000] {dagbag.py:540} INFO - Filling up the DagBag from /opt/airflow/dags/dag_google_shet_ex.py
[2024-04-15T08:04:44.570+0000] {processor.py:842} WARNING - No viable dags retrieved from /opt/airflow/dags/dag_google_shet_ex.py
[2024-04-15T08:04:44.583+0000] {processor.py:183} INFO - Processing /opt/airflow/dags/dag_google_shet_ex.py took 0.028 seconds
[2024-04-15T08:05:15.515+0000] {processor.py:161} INFO - Started process (PID=899) to work on /opt/airflow/dags/dag_google_shet_ex.py
[2024-04-15T08:05:15.517+0000] {processor.py:830} INFO - Processing file /opt/airflow/dags/dag_google_shet_ex.py for tasks to queue
[2024-04-15T08:05:15.521+0000] {logging_mixin.py:188} INFO - [2024-04-15T08:05:15.520+0000] {dagbag.py:540} INFO - Filling up the DagBag from /opt/airflow/dags/dag_google_shet_ex.py
[2024-04-15T08:05:15.523+0000] {processor.py:842} WARNING - No viable dags retrieved from /opt/airflow/dags/dag_google_shet_ex.py
[2024-04-15T08:05:15.536+0000] {processor.py:183} INFO - Processing /opt/airflow/dags/dag_google_shet_ex.py took 0.027 seconds
[2024-04-15T08:05:45.741+0000] {processor.py:161} INFO - Started process (PID=959) to work on /opt/airflow/dags/dag_google_shet_ex.py
[2024-04-15T08:05:45.742+0000] {processor.py:830} INFO - Processing file /opt/airflow/dags/dag_google_shet_ex.py for tasks to queue
[2024-04-15T08:05:45.744+0000] {logging_mixin.py:188} INFO - [2024-04-15T08:05:45.744+0000] {dagbag.py:540} INFO - Filling up the DagBag from /opt/airflow/dags/dag_google_shet_ex.py
[2024-04-15T08:05:45.746+0000] {processor.py:842} WARNING - No viable dags retrieved from /opt/airflow/dags/dag_google_shet_ex.py
[2024-04-15T08:05:45.762+0000] {processor.py:183} INFO - Processing /opt/airflow/dags/dag_google_shet_ex.py took 0.030 seconds
[2024-04-15T08:06:15.882+0000] {processor.py:161} INFO - Started process (PID=1019) to work on /opt/airflow/dags/dag_google_shet_ex.py
[2024-04-15T08:06:15.884+0000] {processor.py:830} INFO - Processing file /opt/airflow/dags/dag_google_shet_ex.py for tasks to queue
[2024-04-15T08:06:15.887+0000] {logging_mixin.py:188} INFO - [2024-04-15T08:06:15.886+0000] {dagbag.py:540} INFO - Filling up the DagBag from /opt/airflow/dags/dag_google_shet_ex.py
[2024-04-15T08:06:15.889+0000] {processor.py:842} WARNING - No viable dags retrieved from /opt/airflow/dags/dag_google_shet_ex.py
[2024-04-15T08:06:15.904+0000] {processor.py:183} INFO - Processing /opt/airflow/dags/dag_google_shet_ex.py took 0.029 seconds
[2024-04-15T08:06:46.368+0000] {processor.py:161} INFO - Started process (PID=1079) to work on /opt/airflow/dags/dag_google_shet_ex.py
[2024-04-15T08:06:46.370+0000] {processor.py:830} INFO - Processing file /opt/airflow/dags/dag_google_shet_ex.py for tasks to queue
[2024-04-15T08:06:46.371+0000] {logging_mixin.py:188} INFO - [2024-04-15T08:06:46.371+0000] {dagbag.py:540} INFO - Filling up the DagBag from /opt/airflow/dags/dag_google_shet_ex.py
[2024-04-15T08:06:46.373+0000] {processor.py:842} WARNING - No viable dags retrieved from /opt/airflow/dags/dag_google_shet_ex.py
[2024-04-15T08:06:46.389+0000] {processor.py:183} INFO - Processing /opt/airflow/dags/dag_google_shet_ex.py took 0.026 seconds
[2024-04-15T08:07:16.763+0000] {processor.py:161} INFO - Started process (PID=1138) to work on /opt/airflow/dags/dag_google_shet_ex.py
[2024-04-15T08:07:16.772+0000] {processor.py:830} INFO - Processing file /opt/airflow/dags/dag_google_shet_ex.py for tasks to queue
[2024-04-15T08:07:16.774+0000] {logging_mixin.py:188} INFO - [2024-04-15T08:07:16.774+0000] {dagbag.py:540} INFO - Filling up the DagBag from /opt/airflow/dags/dag_google_shet_ex.py
[2024-04-15T08:07:16.776+0000] {processor.py:842} WARNING - No viable dags retrieved from /opt/airflow/dags/dag_google_shet_ex.py
[2024-04-15T08:07:16.794+0000] {processor.py:183} INFO - Processing /opt/airflow/dags/dag_google_shet_ex.py took 0.037 seconds
[2024-04-15T08:07:46.974+0000] {processor.py:161} INFO - Started process (PID=1198) to work on /opt/airflow/dags/dag_google_shet_ex.py
[2024-04-15T08:07:46.975+0000] {processor.py:830} INFO - Processing file /opt/airflow/dags/dag_google_shet_ex.py for tasks to queue
[2024-04-15T08:07:46.977+0000] {logging_mixin.py:188} INFO - [2024-04-15T08:07:46.976+0000] {dagbag.py:540} INFO - Filling up the DagBag from /opt/airflow/dags/dag_google_shet_ex.py
[2024-04-15T08:07:46.979+0000] {processor.py:842} WARNING - No viable dags retrieved from /opt/airflow/dags/dag_google_shet_ex.py
[2024-04-15T08:07:46.991+0000] {processor.py:183} INFO - Processing /opt/airflow/dags/dag_google_shet_ex.py took 0.026 seconds
[2024-04-15T08:08:17.483+0000] {processor.py:161} INFO - Started process (PID=1258) to work on /opt/airflow/dags/dag_google_shet_ex.py
[2024-04-15T08:08:17.492+0000] {processor.py:830} INFO - Processing file /opt/airflow/dags/dag_google_shet_ex.py for tasks to queue
[2024-04-15T08:08:17.494+0000] {logging_mixin.py:188} INFO - [2024-04-15T08:08:17.494+0000] {dagbag.py:540} INFO - Filling up the DagBag from /opt/airflow/dags/dag_google_shet_ex.py
[2024-04-15T08:08:17.496+0000] {processor.py:842} WARNING - No viable dags retrieved from /opt/airflow/dags/dag_google_shet_ex.py
[2024-04-15T08:08:17.507+0000] {processor.py:183} INFO - Processing /opt/airflow/dags/dag_google_shet_ex.py took 0.029 seconds
[2024-04-15T08:08:48.054+0000] {processor.py:161} INFO - Started process (PID=1318) to work on /opt/airflow/dags/dag_google_shet_ex.py
[2024-04-15T08:08:48.055+0000] {processor.py:830} INFO - Processing file /opt/airflow/dags/dag_google_shet_ex.py for tasks to queue
[2024-04-15T08:08:48.057+0000] {logging_mixin.py:188} INFO - [2024-04-15T08:08:48.056+0000] {dagbag.py:540} INFO - Filling up the DagBag from /opt/airflow/dags/dag_google_shet_ex.py
[2024-04-15T08:08:48.058+0000] {processor.py:842} WARNING - No viable dags retrieved from /opt/airflow/dags/dag_google_shet_ex.py
[2024-04-15T08:08:48.071+0000] {processor.py:183} INFO - Processing /opt/airflow/dags/dag_google_shet_ex.py took 0.023 seconds
[2024-04-15T08:09:18.693+0000] {processor.py:161} INFO - Started process (PID=1378) to work on /opt/airflow/dags/dag_google_shet_ex.py
[2024-04-15T08:09:18.701+0000] {processor.py:830} INFO - Processing file /opt/airflow/dags/dag_google_shet_ex.py for tasks to queue
[2024-04-15T08:09:18.703+0000] {logging_mixin.py:188} INFO - [2024-04-15T08:09:18.703+0000] {dagbag.py:540} INFO - Filling up the DagBag from /opt/airflow/dags/dag_google_shet_ex.py
[2024-04-15T08:09:18.704+0000] {processor.py:842} WARNING - No viable dags retrieved from /opt/airflow/dags/dag_google_shet_ex.py
[2024-04-15T08:09:18.717+0000] {processor.py:183} INFO - Processing /opt/airflow/dags/dag_google_shet_ex.py took 0.029 seconds
[2024-04-15T08:09:49.517+0000] {processor.py:161} INFO - Started process (PID=1439) to work on /opt/airflow/dags/dag_google_shet_ex.py
[2024-04-15T08:09:49.526+0000] {processor.py:830} INFO - Processing file /opt/airflow/dags/dag_google_shet_ex.py for tasks to queue
[2024-04-15T08:09:49.528+0000] {logging_mixin.py:188} INFO - [2024-04-15T08:09:49.528+0000] {dagbag.py:540} INFO - Filling up the DagBag from /opt/airflow/dags/dag_google_shet_ex.py
[2024-04-15T08:09:49.529+0000] {processor.py:842} WARNING - No viable dags retrieved from /opt/airflow/dags/dag_google_shet_ex.py
[2024-04-15T08:09:49.542+0000] {processor.py:183} INFO - Processing /opt/airflow/dags/dag_google_shet_ex.py took 0.031 seconds
[2024-04-15T08:10:20.057+0000] {processor.py:161} INFO - Started process (PID=1499) to work on /opt/airflow/dags/dag_google_shet_ex.py
[2024-04-15T08:10:20.066+0000] {processor.py:830} INFO - Processing file /opt/airflow/dags/dag_google_shet_ex.py for tasks to queue
[2024-04-15T08:10:20.068+0000] {logging_mixin.py:188} INFO - [2024-04-15T08:10:20.067+0000] {dagbag.py:540} INFO - Filling up the DagBag from /opt/airflow/dags/dag_google_shet_ex.py
[2024-04-15T08:10:20.069+0000] {processor.py:842} WARNING - No viable dags retrieved from /opt/airflow/dags/dag_google_shet_ex.py
[2024-04-15T08:10:20.082+0000] {processor.py:183} INFO - Processing /opt/airflow/dags/dag_google_shet_ex.py took 0.031 seconds
[2024-04-15T08:10:50.631+0000] {processor.py:161} INFO - Started process (PID=1559) to work on /opt/airflow/dags/dag_google_shet_ex.py
[2024-04-15T08:10:50.632+0000] {processor.py:830} INFO - Processing file /opt/airflow/dags/dag_google_shet_ex.py for tasks to queue
[2024-04-15T08:10:50.634+0000] {logging_mixin.py:188} INFO - [2024-04-15T08:10:50.633+0000] {dagbag.py:540} INFO - Filling up the DagBag from /opt/airflow/dags/dag_google_shet_ex.py
[2024-04-15T08:10:50.635+0000] {processor.py:842} WARNING - No viable dags retrieved from /opt/airflow/dags/dag_google_shet_ex.py
[2024-04-15T08:10:50.650+0000] {processor.py:183} INFO - Processing /opt/airflow/dags/dag_google_shet_ex.py took 0.027 seconds
[2024-04-15T08:11:21.212+0000] {processor.py:161} INFO - Started process (PID=1619) to work on /opt/airflow/dags/dag_google_shet_ex.py
[2024-04-15T08:11:21.216+0000] {processor.py:830} INFO - Processing file /opt/airflow/dags/dag_google_shet_ex.py for tasks to queue
[2024-04-15T08:11:21.219+0000] {logging_mixin.py:188} INFO - [2024-04-15T08:11:21.219+0000] {dagbag.py:540} INFO - Filling up the DagBag from /opt/airflow/dags/dag_google_shet_ex.py
[2024-04-15T08:11:21.221+0000] {processor.py:842} WARNING - No viable dags retrieved from /opt/airflow/dags/dag_google_shet_ex.py
[2024-04-15T08:11:21.234+0000] {processor.py:183} INFO - Processing /opt/airflow/dags/dag_google_shet_ex.py took 0.026 seconds
[2024-04-15T08:11:51.900+0000] {processor.py:161} INFO - Started process (PID=1678) to work on /opt/airflow/dags/dag_google_shet_ex.py
[2024-04-15T08:11:51.901+0000] {processor.py:830} INFO - Processing file /opt/airflow/dags/dag_google_shet_ex.py for tasks to queue
[2024-04-15T08:11:51.903+0000] {logging_mixin.py:188} INFO - [2024-04-15T08:11:51.903+0000] {dagbag.py:540} INFO - Filling up the DagBag from /opt/airflow/dags/dag_google_shet_ex.py
[2024-04-15T08:11:51.905+0000] {processor.py:842} WARNING - No viable dags retrieved from /opt/airflow/dags/dag_google_shet_ex.py
[2024-04-15T08:11:51.919+0000] {processor.py:183} INFO - Processing /opt/airflow/dags/dag_google_shet_ex.py took 0.024 seconds
[2024-04-15T08:12:22.748+0000] {processor.py:161} INFO - Started process (PID=1738) to work on /opt/airflow/dags/dag_google_shet_ex.py
[2024-04-15T08:12:22.753+0000] {processor.py:830} INFO - Processing file /opt/airflow/dags/dag_google_shet_ex.py for tasks to queue
[2024-04-15T08:12:22.755+0000] {logging_mixin.py:188} INFO - [2024-04-15T08:12:22.754+0000] {dagbag.py:540} INFO - Filling up the DagBag from /opt/airflow/dags/dag_google_shet_ex.py
[2024-04-15T08:12:22.756+0000] {processor.py:842} WARNING - No viable dags retrieved from /opt/airflow/dags/dag_google_shet_ex.py
[2024-04-15T08:12:22.768+0000] {processor.py:183} INFO - Processing /opt/airflow/dags/dag_google_shet_ex.py took 0.027 seconds
[2024-04-15T08:12:53.468+0000] {processor.py:161} INFO - Started process (PID=1798) to work on /opt/airflow/dags/dag_google_shet_ex.py
[2024-04-15T08:12:53.470+0000] {processor.py:830} INFO - Processing file /opt/airflow/dags/dag_google_shet_ex.py for tasks to queue
[2024-04-15T08:12:53.471+0000] {logging_mixin.py:188} INFO - [2024-04-15T08:12:53.471+0000] {dagbag.py:540} INFO - Filling up the DagBag from /opt/airflow/dags/dag_google_shet_ex.py
[2024-04-15T08:12:53.473+0000] {processor.py:842} WARNING - No viable dags retrieved from /opt/airflow/dags/dag_google_shet_ex.py
[2024-04-15T08:12:53.487+0000] {processor.py:183} INFO - Processing /opt/airflow/dags/dag_google_shet_ex.py took 0.027 seconds
[2024-04-15T08:13:24.367+0000] {processor.py:161} INFO - Started process (PID=1859) to work on /opt/airflow/dags/dag_google_shet_ex.py
[2024-04-15T08:13:24.368+0000] {processor.py:830} INFO - Processing file /opt/airflow/dags/dag_google_shet_ex.py for tasks to queue
[2024-04-15T08:13:24.370+0000] {logging_mixin.py:188} INFO - [2024-04-15T08:13:24.369+0000] {dagbag.py:540} INFO - Filling up the DagBag from /opt/airflow/dags/dag_google_shet_ex.py
[2024-04-15T08:13:24.371+0000] {processor.py:842} WARNING - No viable dags retrieved from /opt/airflow/dags/dag_google_shet_ex.py
[2024-04-15T08:13:24.384+0000] {processor.py:183} INFO - Processing /opt/airflow/dags/dag_google_shet_ex.py took 0.027 seconds
[2024-04-15T08:13:54.954+0000] {processor.py:161} INFO - Started process (PID=1919) to work on /opt/airflow/dags/dag_google_shet_ex.py
[2024-04-15T08:13:54.963+0000] {processor.py:830} INFO - Processing file /opt/airflow/dags/dag_google_shet_ex.py for tasks to queue
[2024-04-15T08:13:54.966+0000] {logging_mixin.py:188} INFO - [2024-04-15T08:13:54.966+0000] {dagbag.py:540} INFO - Filling up the DagBag from /opt/airflow/dags/dag_google_shet_ex.py
[2024-04-15T08:13:54.969+0000] {processor.py:842} WARNING - No viable dags retrieved from /opt/airflow/dags/dag_google_shet_ex.py
[2024-04-15T08:13:54.982+0000] {processor.py:183} INFO - Processing /opt/airflow/dags/dag_google_shet_ex.py took 0.035 seconds
[2024-04-15T08:14:25.727+0000] {processor.py:161} INFO - Started process (PID=1979) to work on /opt/airflow/dags/dag_google_shet_ex.py
[2024-04-15T08:14:25.728+0000] {processor.py:830} INFO - Processing file /opt/airflow/dags/dag_google_shet_ex.py for tasks to queue
[2024-04-15T08:14:25.729+0000] {logging_mixin.py:188} INFO - [2024-04-15T08:14:25.729+0000] {dagbag.py:540} INFO - Filling up the DagBag from /opt/airflow/dags/dag_google_shet_ex.py
[2024-04-15T08:14:25.731+0000] {processor.py:842} WARNING - No viable dags retrieved from /opt/airflow/dags/dag_google_shet_ex.py
[2024-04-15T08:14:25.743+0000] {processor.py:183} INFO - Processing /opt/airflow/dags/dag_google_shet_ex.py took 0.023 seconds
[2024-04-15T08:14:56.273+0000] {processor.py:161} INFO - Started process (PID=2039) to work on /opt/airflow/dags/dag_google_shet_ex.py
[2024-04-15T08:14:56.274+0000] {processor.py:830} INFO - Processing file /opt/airflow/dags/dag_google_shet_ex.py for tasks to queue
[2024-04-15T08:14:56.276+0000] {logging_mixin.py:188} INFO - [2024-04-15T08:14:56.276+0000] {dagbag.py:540} INFO - Filling up the DagBag from /opt/airflow/dags/dag_google_shet_ex.py
[2024-04-15T08:14:56.278+0000] {processor.py:842} WARNING - No viable dags retrieved from /opt/airflow/dags/dag_google_shet_ex.py
[2024-04-15T08:14:56.292+0000] {processor.py:183} INFO - Processing /opt/airflow/dags/dag_google_shet_ex.py took 0.025 seconds
[2024-04-15T08:15:26.817+0000] {processor.py:161} INFO - Started process (PID=2099) to work on /opt/airflow/dags/dag_google_shet_ex.py
[2024-04-15T08:15:26.818+0000] {processor.py:830} INFO - Processing file /opt/airflow/dags/dag_google_shet_ex.py for tasks to queue
[2024-04-15T08:15:26.819+0000] {logging_mixin.py:188} INFO - [2024-04-15T08:15:26.819+0000] {dagbag.py:540} INFO - Filling up the DagBag from /opt/airflow/dags/dag_google_shet_ex.py
[2024-04-15T08:15:26.821+0000] {processor.py:842} WARNING - No viable dags retrieved from /opt/airflow/dags/dag_google_shet_ex.py
[2024-04-15T08:15:26.834+0000] {processor.py:183} INFO - Processing /opt/airflow/dags/dag_google_shet_ex.py took 0.022 seconds
[2024-04-15T08:15:57.381+0000] {processor.py:161} INFO - Started process (PID=2159) to work on /opt/airflow/dags/dag_google_shet_ex.py
[2024-04-15T08:15:57.390+0000] {processor.py:830} INFO - Processing file /opt/airflow/dags/dag_google_shet_ex.py for tasks to queue
[2024-04-15T08:15:57.392+0000] {logging_mixin.py:188} INFO - [2024-04-15T08:15:57.392+0000] {dagbag.py:540} INFO - Filling up the DagBag from /opt/airflow/dags/dag_google_shet_ex.py
[2024-04-15T08:15:57.394+0000] {processor.py:842} WARNING - No viable dags retrieved from /opt/airflow/dags/dag_google_shet_ex.py
[2024-04-15T08:15:57.408+0000] {processor.py:183} INFO - Processing /opt/airflow/dags/dag_google_shet_ex.py took 0.034 seconds
[2024-04-15T08:16:27.913+0000] {processor.py:161} INFO - Started process (PID=2218) to work on /opt/airflow/dags/dag_google_shet_ex.py
[2024-04-15T08:16:27.913+0000] {processor.py:830} INFO - Processing file /opt/airflow/dags/dag_google_shet_ex.py for tasks to queue
[2024-04-15T08:16:27.915+0000] {logging_mixin.py:188} INFO - [2024-04-15T08:16:27.915+0000] {dagbag.py:540} INFO - Filling up the DagBag from /opt/airflow/dags/dag_google_shet_ex.py
[2024-04-15T08:16:27.917+0000] {processor.py:842} WARNING - No viable dags retrieved from /opt/airflow/dags/dag_google_shet_ex.py
[2024-04-15T08:16:27.931+0000] {processor.py:183} INFO - Processing /opt/airflow/dags/dag_google_shet_ex.py took 0.024 seconds
[2024-04-15T08:16:58.632+0000] {processor.py:161} INFO - Started process (PID=2279) to work on /opt/airflow/dags/dag_google_shet_ex.py
[2024-04-15T08:16:58.640+0000] {processor.py:830} INFO - Processing file /opt/airflow/dags/dag_google_shet_ex.py for tasks to queue
[2024-04-15T08:16:58.642+0000] {logging_mixin.py:188} INFO - [2024-04-15T08:16:58.642+0000] {dagbag.py:540} INFO - Filling up the DagBag from /opt/airflow/dags/dag_google_shet_ex.py
[2024-04-15T08:16:58.644+0000] {processor.py:842} WARNING - No viable dags retrieved from /opt/airflow/dags/dag_google_shet_ex.py
[2024-04-15T08:16:58.656+0000] {processor.py:183} INFO - Processing /opt/airflow/dags/dag_google_shet_ex.py took 0.030 seconds
[2024-04-15T08:17:29.279+0000] {processor.py:161} INFO - Started process (PID=2339) to work on /opt/airflow/dags/dag_google_shet_ex.py
[2024-04-15T08:17:29.288+0000] {processor.py:830} INFO - Processing file /opt/airflow/dags/dag_google_shet_ex.py for tasks to queue
[2024-04-15T08:17:29.290+0000] {logging_mixin.py:188} INFO - [2024-04-15T08:17:29.289+0000] {dagbag.py:540} INFO - Filling up the DagBag from /opt/airflow/dags/dag_google_shet_ex.py
[2024-04-15T08:17:29.291+0000] {processor.py:842} WARNING - No viable dags retrieved from /opt/airflow/dags/dag_google_shet_ex.py
[2024-04-15T08:17:29.304+0000] {processor.py:183} INFO - Processing /opt/airflow/dags/dag_google_shet_ex.py took 0.030 seconds
[2024-04-15T08:17:59.996+0000] {processor.py:161} INFO - Started process (PID=2399) to work on /opt/airflow/dags/dag_google_shet_ex.py
[2024-04-15T08:17:59.997+0000] {processor.py:830} INFO - Processing file /opt/airflow/dags/dag_google_shet_ex.py for tasks to queue
[2024-04-15T08:17:59.999+0000] {logging_mixin.py:188} INFO - [2024-04-15T08:17:59.998+0000] {dagbag.py:540} INFO - Filling up the DagBag from /opt/airflow/dags/dag_google_shet_ex.py
[2024-04-15T08:18:00.000+0000] {processor.py:842} WARNING - No viable dags retrieved from /opt/airflow/dags/dag_google_shet_ex.py
[2024-04-15T08:18:00.034+0000] {processor.py:183} INFO - Processing /opt/airflow/dags/dag_google_shet_ex.py took 0.043 seconds
[2024-04-15T08:18:30.613+0000] {processor.py:161} INFO - Started process (PID=2459) to work on /opt/airflow/dags/dag_google_shet_ex.py
[2024-04-15T08:18:30.621+0000] {processor.py:830} INFO - Processing file /opt/airflow/dags/dag_google_shet_ex.py for tasks to queue
[2024-04-15T08:18:30.623+0000] {logging_mixin.py:188} INFO - [2024-04-15T08:18:30.623+0000] {dagbag.py:540} INFO - Filling up the DagBag from /opt/airflow/dags/dag_google_shet_ex.py
[2024-04-15T08:18:30.625+0000] {processor.py:842} WARNING - No viable dags retrieved from /opt/airflow/dags/dag_google_shet_ex.py
[2024-04-15T08:18:30.635+0000] {processor.py:183} INFO - Processing /opt/airflow/dags/dag_google_shet_ex.py took 0.027 seconds
[2024-04-15T08:19:01.194+0000] {processor.py:161} INFO - Started process (PID=2519) to work on /opt/airflow/dags/dag_google_shet_ex.py
[2024-04-15T08:19:01.202+0000] {processor.py:830} INFO - Processing file /opt/airflow/dags/dag_google_shet_ex.py for tasks to queue
[2024-04-15T08:19:01.204+0000] {logging_mixin.py:188} INFO - [2024-04-15T08:19:01.204+0000] {dagbag.py:540} INFO - Filling up the DagBag from /opt/airflow/dags/dag_google_shet_ex.py
[2024-04-15T08:19:01.206+0000] {processor.py:842} WARNING - No viable dags retrieved from /opt/airflow/dags/dag_google_shet_ex.py
[2024-04-15T08:19:01.218+0000] {processor.py:183} INFO - Processing /opt/airflow/dags/dag_google_shet_ex.py took 0.030 seconds
[2024-04-15T08:19:31.775+0000] {processor.py:161} INFO - Started process (PID=2580) to work on /opt/airflow/dags/dag_google_shet_ex.py
[2024-04-15T08:19:31.783+0000] {processor.py:830} INFO - Processing file /opt/airflow/dags/dag_google_shet_ex.py for tasks to queue
[2024-04-15T08:19:31.786+0000] {logging_mixin.py:188} INFO - [2024-04-15T08:19:31.785+0000] {dagbag.py:540} INFO - Filling up the DagBag from /opt/airflow/dags/dag_google_shet_ex.py
[2024-04-15T08:19:31.789+0000] {processor.py:842} WARNING - No viable dags retrieved from /opt/airflow/dags/dag_google_shet_ex.py
[2024-04-15T08:19:31.805+0000] {processor.py:183} INFO - Processing /opt/airflow/dags/dag_google_shet_ex.py took 0.035 seconds
[2024-04-15T08:20:02.334+0000] {processor.py:161} INFO - Started process (PID=2641) to work on /opt/airflow/dags/dag_google_shet_ex.py
[2024-04-15T08:20:02.336+0000] {processor.py:830} INFO - Processing file /opt/airflow/dags/dag_google_shet_ex.py for tasks to queue
[2024-04-15T08:20:02.338+0000] {logging_mixin.py:188} INFO - [2024-04-15T08:20:02.338+0000] {dagbag.py:540} INFO - Filling up the DagBag from /opt/airflow/dags/dag_google_shet_ex.py
[2024-04-15T08:20:02.341+0000] {processor.py:842} WARNING - No viable dags retrieved from /opt/airflow/dags/dag_google_shet_ex.py
[2024-04-15T08:20:02.354+0000] {processor.py:183} INFO - Processing /opt/airflow/dags/dag_google_shet_ex.py took 0.026 seconds
[2024-04-15T08:20:32.877+0000] {processor.py:161} INFO - Started process (PID=2701) to work on /opt/airflow/dags/dag_google_shet_ex.py
[2024-04-15T08:20:32.886+0000] {processor.py:830} INFO - Processing file /opt/airflow/dags/dag_google_shet_ex.py for tasks to queue
[2024-04-15T08:20:32.888+0000] {logging_mixin.py:188} INFO - [2024-04-15T08:20:32.887+0000] {dagbag.py:540} INFO - Filling up the DagBag from /opt/airflow/dags/dag_google_shet_ex.py
[2024-04-15T08:20:32.890+0000] {processor.py:842} WARNING - No viable dags retrieved from /opt/airflow/dags/dag_google_shet_ex.py
[2024-04-15T08:20:32.903+0000] {processor.py:183} INFO - Processing /opt/airflow/dags/dag_google_shet_ex.py took 0.032 seconds
[2024-04-15T08:21:03.470+0000] {processor.py:161} INFO - Started process (PID=2761) to work on /opt/airflow/dags/dag_google_shet_ex.py
[2024-04-15T08:21:03.471+0000] {processor.py:830} INFO - Processing file /opt/airflow/dags/dag_google_shet_ex.py for tasks to queue
[2024-04-15T08:21:03.473+0000] {logging_mixin.py:188} INFO - [2024-04-15T08:21:03.473+0000] {dagbag.py:540} INFO - Filling up the DagBag from /opt/airflow/dags/dag_google_shet_ex.py
[2024-04-15T08:21:03.474+0000] {processor.py:842} WARNING - No viable dags retrieved from /opt/airflow/dags/dag_google_shet_ex.py
[2024-04-15T08:21:03.487+0000] {processor.py:183} INFO - Processing /opt/airflow/dags/dag_google_shet_ex.py took 0.022 seconds
[2024-04-15T08:21:34.081+0000] {processor.py:161} INFO - Started process (PID=2822) to work on /opt/airflow/dags/dag_google_shet_ex.py
[2024-04-15T08:21:34.091+0000] {processor.py:830} INFO - Processing file /opt/airflow/dags/dag_google_shet_ex.py for tasks to queue
[2024-04-15T08:21:34.093+0000] {logging_mixin.py:188} INFO - [2024-04-15T08:21:34.093+0000] {dagbag.py:540} INFO - Filling up the DagBag from /opt/airflow/dags/dag_google_shet_ex.py
[2024-04-15T08:21:34.096+0000] {processor.py:842} WARNING - No viable dags retrieved from /opt/airflow/dags/dag_google_shet_ex.py
[2024-04-15T08:21:34.114+0000] {processor.py:183} INFO - Processing /opt/airflow/dags/dag_google_shet_ex.py took 0.041 seconds
[2024-04-15T08:22:04.965+0000] {processor.py:161} INFO - Started process (PID=2882) to work on /opt/airflow/dags/dag_google_shet_ex.py
[2024-04-15T08:22:04.974+0000] {processor.py:830} INFO - Processing file /opt/airflow/dags/dag_google_shet_ex.py for tasks to queue
[2024-04-15T08:22:04.976+0000] {logging_mixin.py:188} INFO - [2024-04-15T08:22:04.976+0000] {dagbag.py:540} INFO - Filling up the DagBag from /opt/airflow/dags/dag_google_shet_ex.py
[2024-04-15T08:22:04.978+0000] {processor.py:842} WARNING - No viable dags retrieved from /opt/airflow/dags/dag_google_shet_ex.py
[2024-04-15T08:22:04.993+0000] {processor.py:183} INFO - Processing /opt/airflow/dags/dag_google_shet_ex.py took 0.035 seconds
[2024-04-15T08:22:35.629+0000] {processor.py:161} INFO - Started process (PID=2942) to work on /opt/airflow/dags/dag_google_shet_ex.py
[2024-04-15T08:22:35.630+0000] {processor.py:830} INFO - Processing file /opt/airflow/dags/dag_google_shet_ex.py for tasks to queue
[2024-04-15T08:22:35.631+0000] {logging_mixin.py:188} INFO - [2024-04-15T08:22:35.631+0000] {dagbag.py:540} INFO - Filling up the DagBag from /opt/airflow/dags/dag_google_shet_ex.py
[2024-04-15T08:22:35.633+0000] {processor.py:842} WARNING - No viable dags retrieved from /opt/airflow/dags/dag_google_shet_ex.py
[2024-04-15T08:22:35.647+0000] {processor.py:183} INFO - Processing /opt/airflow/dags/dag_google_shet_ex.py took 0.025 seconds
[2024-04-15T08:23:06.263+0000] {processor.py:161} INFO - Started process (PID=3002) to work on /opt/airflow/dags/dag_google_shet_ex.py
[2024-04-15T08:23:06.272+0000] {processor.py:830} INFO - Processing file /opt/airflow/dags/dag_google_shet_ex.py for tasks to queue
[2024-04-15T08:23:06.275+0000] {logging_mixin.py:188} INFO - [2024-04-15T08:23:06.275+0000] {dagbag.py:540} INFO - Filling up the DagBag from /opt/airflow/dags/dag_google_shet_ex.py
[2024-04-15T08:23:06.277+0000] {processor.py:842} WARNING - No viable dags retrieved from /opt/airflow/dags/dag_google_shet_ex.py
[2024-04-15T08:23:06.291+0000] {processor.py:183} INFO - Processing /opt/airflow/dags/dag_google_shet_ex.py took 0.034 seconds
