[2024-05-03T08:06:53.857+0000] {local_task_job_runner.py:120} INFO - ::group::Pre task execution logs
[2024-05-03T08:06:53.871+0000] {taskinstance.py:2073} INFO - Dependencies all met for dep_context=non-requeueable deps ti=<TaskInstance: trigger_airbyte_job_example.airbyte_trigger_file_feather_sync scheduled__2024-05-02T00:00:00+00:00 [queued]>
[2024-05-03T08:06:53.878+0000] {taskinstance.py:2073} INFO - Dependencies all met for dep_context=requeueable deps ti=<TaskInstance: trigger_airbyte_job_example.airbyte_trigger_file_feather_sync scheduled__2024-05-02T00:00:00+00:00 [queued]>
[2024-05-03T08:06:53.879+0000] {taskinstance.py:2303} INFO - Starting attempt 1 of 1
[2024-05-03T08:06:53.891+0000] {taskinstance.py:2327} INFO - Executing <Task(AirbyteTriggerSyncOperator): airbyte_trigger_file_feather_sync> on 2024-05-02 00:00:00+00:00
[2024-05-03T08:06:53.896+0000] {warnings.py:110} WARNING - /home/***/.local/lib/python3.12/site-packages/***/task/task_runner/standard_task_runner.py:61: DeprecationWarning: This process (pid=51) is multi-threaded, use of fork() may lead to deadlocks in the child.
  pid = os.fork()

[2024-05-03T08:06:53.898+0000] {standard_task_runner.py:63} INFO - Started process 56 to run task
[2024-05-03T08:06:53.898+0000] {standard_task_runner.py:90} INFO - Running: ['***', 'tasks', 'run', 'trigger_airbyte_job_example', 'airbyte_trigger_file_feather_sync', 'scheduled__2024-05-02T00:00:00+00:00', '--job-id', '137', '--raw', '--subdir', 'DAGS_FOLDER/dag_aribyte_ex.py', '--cfg-path', '/tmp/tmpbumsfw6g']
[2024-05-03T08:06:53.900+0000] {standard_task_runner.py:91} INFO - Job 137: Subtask airbyte_trigger_file_feather_sync
[2024-05-03T08:06:53.941+0000] {task_command.py:426} INFO - Running <TaskInstance: trigger_airbyte_job_example.airbyte_trigger_file_feather_sync scheduled__2024-05-02T00:00:00+00:00 [running]> on host c811ecd915dc
[2024-05-03T08:06:54.026+0000] {taskinstance.py:2644} INFO - Exporting env vars: AIRFLOW_CTX_DAG_OWNER='***' AIRFLOW_CTX_DAG_ID='trigger_airbyte_job_example' AIRFLOW_CTX_TASK_ID='airbyte_trigger_file_feather_sync' AIRFLOW_CTX_EXECUTION_DATE='2024-05-02T00:00:00+00:00' AIRFLOW_CTX_TRY_NUMBER='1' AIRFLOW_CTX_DAG_RUN_ID='scheduled__2024-05-02T00:00:00+00:00'
[2024-05-03T08:06:54.028+0000] {taskinstance.py:430} INFO - ::endgroup::
[2024-05-03T08:06:54.035+0000] {base.py:84} INFO - Using connection ID '***_call_airbyte' for task execution.
[2024-05-03T08:06:55.092+0000] {airbyte.py:86} INFO - Job 249 was submitted to Airbyte Server
[2024-05-03T08:06:55.092+0000] {taskinstance.py:441} INFO - ::group::Post task execution logs
[2024-05-03T08:06:55.127+0000] {taskinstance.py:1205} INFO - Marking task as SUCCESS. dag_id=trigger_airbyte_job_example, task_id=airbyte_trigger_file_feather_sync, execution_date=20240502T000000, start_date=20240503T080653, end_date=20240503T080655
[2024-05-03T08:06:55.159+0000] {local_task_job_runner.py:240} INFO - Task exited with return code 0
[2024-05-03T08:06:55.191+0000] {taskinstance.py:3482} INFO - 0 downstream tasks scheduled from follow-on schedule check
[2024-05-03T08:06:55.200+0000] {local_task_job_runner.py:222} INFO - ::endgroup::
