[2024-04-10T09:56:33.580+0000] {local_task_job_runner.py:120} INFO - ::group::Pre task execution logs
[2024-04-10T09:56:33.623+0000] {taskinstance.py:2073} INFO - Dependencies all met for dep_context=non-requeueable deps ti=<TaskInstance: trigger_airbyte_job_example_sheet.airbyte_trigger_sync scheduled__2024-04-09T00:00:00+00:00 [queued]>
[2024-04-10T09:56:33.641+0000] {taskinstance.py:2073} INFO - Dependencies all met for dep_context=requeueable deps ti=<TaskInstance: trigger_airbyte_job_example_sheet.airbyte_trigger_sync scheduled__2024-04-09T00:00:00+00:00 [queued]>
[2024-04-10T09:56:33.642+0000] {taskinstance.py:2303} INFO - Starting attempt 1 of 1
[2024-04-10T09:56:33.668+0000] {taskinstance.py:2327} INFO - Executing <Task(AirbyteTriggerSyncOperator): airbyte_trigger_sync> on 2024-04-09 00:00:00+00:00
[2024-04-10T09:56:33.680+0000] {warnings.py:110} WARNING - /home/***/.local/lib/python3.12/site-packages/***/task/task_runner/standard_task_runner.py:61: DeprecationWarning: This process (pid=1017) is multi-threaded, use of fork() may lead to deadlocks in the child.
  pid = os.fork()

[2024-04-10T09:56:33.683+0000] {standard_task_runner.py:63} INFO - Started process 1019 to run task
[2024-04-10T09:56:33.684+0000] {standard_task_runner.py:90} INFO - Running: ['***', 'tasks', 'run', 'trigger_airbyte_job_example_sheet', 'airbyte_trigger_sync', 'scheduled__2024-04-09T00:00:00+00:00', '--job-id', '21', '--raw', '--subdir', 'DAGS_FOLDER/dag_google_shet_ex.py', '--cfg-path', '/tmp/tmp4zfg2764']
[2024-04-10T09:56:33.690+0000] {standard_task_runner.py:91} INFO - Job 21: Subtask airbyte_trigger_sync
[2024-04-10T09:56:33.780+0000] {task_command.py:426} INFO - Running <TaskInstance: trigger_airbyte_job_example_sheet.airbyte_trigger_sync scheduled__2024-04-09T00:00:00+00:00 [running]> on host ff62e46d2b31
[2024-04-10T09:56:34.023+0000] {taskinstance.py:2644} INFO - Exporting env vars: AIRFLOW_CTX_DAG_OWNER='***' AIRFLOW_CTX_DAG_ID='trigger_airbyte_job_example_sheet' AIRFLOW_CTX_TASK_ID='airbyte_trigger_sync' AIRFLOW_CTX_EXECUTION_DATE='2024-04-09T00:00:00+00:00' AIRFLOW_CTX_TRY_NUMBER='1' AIRFLOW_CTX_DAG_RUN_ID='scheduled__2024-04-09T00:00:00+00:00'
[2024-04-10T09:56:34.027+0000] {taskinstance.py:430} INFO - ::endgroup::
[2024-04-10T09:56:34.045+0000] {base.py:84} INFO - Using connection ID '***_call_airbyte' for task execution.
[2024-04-10T09:56:34.808+0000] {airbyte.py:86} INFO - Job 140 was submitted to Airbyte Server
[2024-04-10T09:56:34.811+0000] {taskinstance.py:441} INFO - ::group::Post task execution logs
[2024-04-10T09:56:34.850+0000] {taskinstance.py:1205} INFO - Marking task as SUCCESS. dag_id=trigger_airbyte_job_example_sheet, task_id=airbyte_trigger_sync, execution_date=20240409T000000, start_date=20240410T095633, end_date=20240410T095634
[2024-04-10T09:56:34.905+0000] {local_task_job_runner.py:240} INFO - Task exited with return code 0
[2024-04-10T09:56:34.944+0000] {taskinstance.py:3482} INFO - 1 downstream tasks scheduled from follow-on schedule check
[2024-04-10T09:56:34.947+0000] {local_task_job_runner.py:222} INFO - ::endgroup::
