[2024-04-24T08:58:21.452+0000] {local_task_job_runner.py:120} INFO - ::group::Pre task execution logs
[2024-04-24T08:58:21.570+0000] {taskinstance.py:2073} INFO - Dependencies all met for dep_context=non-requeueable deps ti=<TaskInstance: trigger_airbyte_job_example.airbyte_trigger_google_sheets_sync scheduled__2024-04-23T00:00:00+00:00 [queued]>
[2024-04-24T08:58:21.632+0000] {taskinstance.py:2073} INFO - Dependencies all met for dep_context=requeueable deps ti=<TaskInstance: trigger_airbyte_job_example.airbyte_trigger_google_sheets_sync scheduled__2024-04-23T00:00:00+00:00 [queued]>
[2024-04-24T08:58:21.632+0000] {taskinstance.py:2303} INFO - Starting attempt 1 of 1
[2024-04-24T08:58:21.710+0000] {taskinstance.py:2327} INFO - Executing <Task(AirbyteTriggerSyncOperator): airbyte_trigger_google_sheets_sync> on 2024-04-23 00:00:00+00:00
[2024-04-24T08:58:21.753+0000] {warnings.py:110} WARNING - /home/***/.local/lib/python3.12/site-packages/***/task/task_runner/standard_task_runner.py:61: DeprecationWarning: This process (pid=70) is multi-threaded, use of fork() may lead to deadlocks in the child.
  pid = os.fork()

[2024-04-24T08:58:21.765+0000] {standard_task_runner.py:63} INFO - Started process 88 to run task
[2024-04-24T08:58:21.834+0000] {standard_task_runner.py:90} INFO - Running: ['***', 'tasks', 'run', 'trigger_airbyte_job_example', 'airbyte_trigger_google_sheets_sync', 'scheduled__2024-04-23T00:00:00+00:00', '--job-id', '93', '--raw', '--subdir', 'DAGS_FOLDER/dag_aribyte_ex.py', '--cfg-path', '/tmp/tmpicw21336']
[2024-04-24T08:58:21.839+0000] {standard_task_runner.py:91} INFO - Job 93: Subtask airbyte_trigger_google_sheets_sync
[2024-04-24T08:58:22.174+0000] {task_command.py:426} INFO - Running <TaskInstance: trigger_airbyte_job_example.airbyte_trigger_google_sheets_sync scheduled__2024-04-23T00:00:00+00:00 [running]> on host ff62e46d2b31
[2024-04-24T08:58:22.660+0000] {taskinstance.py:2644} INFO - Exporting env vars: AIRFLOW_CTX_DAG_OWNER='***' AIRFLOW_CTX_DAG_ID='trigger_airbyte_job_example' AIRFLOW_CTX_TASK_ID='airbyte_trigger_google_sheets_sync' AIRFLOW_CTX_EXECUTION_DATE='2024-04-23T00:00:00+00:00' AIRFLOW_CTX_TRY_NUMBER='1' AIRFLOW_CTX_DAG_RUN_ID='scheduled__2024-04-23T00:00:00+00:00'
[2024-04-24T08:58:22.695+0000] {taskinstance.py:430} INFO - ::endgroup::
[2024-04-24T08:58:22.745+0000] {base.py:84} INFO - Using connection ID '***_call_airbyte' for task execution.
[2024-04-24T08:58:25.062+0000] {airbyte.py:86} INFO - Job 216 was submitted to Airbyte Server
[2024-04-24T08:58:25.064+0000] {taskinstance.py:441} INFO - ::group::Post task execution logs
[2024-04-24T08:58:25.147+0000] {taskinstance.py:1205} INFO - Marking task as SUCCESS. dag_id=trigger_airbyte_job_example, task_id=airbyte_trigger_google_sheets_sync, execution_date=20240423T000000, start_date=20240424T085821, end_date=20240424T085825
[2024-04-24T08:58:25.241+0000] {local_task_job_runner.py:240} INFO - Task exited with return code 0
[2024-04-24T08:58:25.314+0000] {taskinstance.py:3482} INFO - 0 downstream tasks scheduled from follow-on schedule check
[2024-04-24T08:58:25.332+0000] {local_task_job_runner.py:222} INFO - ::endgroup::
