[2024-04-16T07:41:19.266+0000] {local_task_job_runner.py:120} INFO - ::group::Pre task execution logs
[2024-04-16T07:41:19.316+0000] {taskinstance.py:2073} INFO - Dependencies all met for dep_context=non-requeueable deps ti=<TaskInstance: trigger_airbyte_job_example.airbyte_trigger_sync manual__2024-04-16T07:41:14.114059+00:00 [queued]>
[2024-04-16T07:41:19.332+0000] {taskinstance.py:2073} INFO - Dependencies all met for dep_context=requeueable deps ti=<TaskInstance: trigger_airbyte_job_example.airbyte_trigger_sync manual__2024-04-16T07:41:14.114059+00:00 [queued]>
[2024-04-16T07:41:19.333+0000] {taskinstance.py:2303} INFO - Starting attempt 1 of 1
[2024-04-16T07:41:19.356+0000] {taskinstance.py:2327} INFO - Executing <Task(AirbyteTriggerSyncOperator): airbyte_trigger_sync> on 2024-04-16 07:41:14.114059+00:00
[2024-04-16T07:41:19.367+0000] {warnings.py:110} WARNING - /home/***/.local/lib/python3.12/site-packages/***/task/task_runner/standard_task_runner.py:61: DeprecationWarning: This process (pid=527) is multi-threaded, use of fork() may lead to deadlocks in the child.
  pid = os.fork()

[2024-04-16T07:41:19.370+0000] {standard_task_runner.py:63} INFO - Started process 533 to run task
[2024-04-16T07:41:19.370+0000] {standard_task_runner.py:90} INFO - Running: ['***', 'tasks', 'run', 'trigger_airbyte_job_example', 'airbyte_trigger_sync', 'manual__2024-04-16T07:41:14.114059+00:00', '--job-id', '40', '--raw', '--subdir', 'DAGS_FOLDER/dag_aribyte_ex.py', '--cfg-path', '/tmp/tmpq75on30f']
[2024-04-16T07:41:19.374+0000] {standard_task_runner.py:91} INFO - Job 40: Subtask airbyte_trigger_sync
[2024-04-16T07:41:19.463+0000] {task_command.py:426} INFO - Running <TaskInstance: trigger_airbyte_job_example.airbyte_trigger_sync manual__2024-04-16T07:41:14.114059+00:00 [running]> on host ff62e46d2b31
[2024-04-16T07:41:19.620+0000] {taskinstance.py:2644} INFO - Exporting env vars: AIRFLOW_CTX_DAG_OWNER='***' AIRFLOW_CTX_DAG_ID='trigger_airbyte_job_example' AIRFLOW_CTX_TASK_ID='airbyte_trigger_sync' AIRFLOW_CTX_EXECUTION_DATE='2024-04-16T07:41:14.114059+00:00' AIRFLOW_CTX_TRY_NUMBER='1' AIRFLOW_CTX_DAG_RUN_ID='manual__2024-04-16T07:41:14.114059+00:00'
[2024-04-16T07:41:19.625+0000] {taskinstance.py:430} INFO - ::endgroup::
[2024-04-16T07:41:19.638+0000] {base.py:84} INFO - Using connection ID '***_call_airbyte' for task execution.
[2024-04-16T07:41:21.152+0000] {airbyte.py:86} INFO - Job 165 was submitted to Airbyte Server
[2024-04-16T07:41:21.154+0000] {taskinstance.py:441} INFO - ::group::Post task execution logs
[2024-04-16T07:41:21.273+0000] {taskinstance.py:1205} INFO - Marking task as SUCCESS. dag_id=trigger_airbyte_job_example, task_id=airbyte_trigger_sync, execution_date=20240416T074114, start_date=20240416T074119, end_date=20240416T074121
[2024-04-16T07:41:21.336+0000] {local_task_job_runner.py:240} INFO - Task exited with return code 0
[2024-04-16T07:41:21.410+0000] {taskinstance.py:3482} INFO - 1 downstream tasks scheduled from follow-on schedule check
[2024-04-16T07:41:21.415+0000] {local_task_job_runner.py:222} INFO - ::endgroup::
